[2024-05-03T17:28:04.002+0000] {processor.py:161} INFO - Started process (PID=258) to work on /home/airflow/.local/lib/python3.12/site-packages/airflow/example_dags/example_datasets.py
[2024-05-03T17:28:04.003+0000] {processor.py:830} INFO - Processing file /home/airflow/.local/lib/python3.12/site-packages/airflow/example_dags/example_datasets.py for tasks to queue
[2024-05-03T17:28:04.006+0000] {logging_mixin.py:188} INFO - [2024-05-03T17:28:04.005+0000] {dagbag.py:540} INFO - Filling up the DagBag from /home/airflow/.local/lib/python3.12/site-packages/airflow/example_dags/example_datasets.py
[2024-05-03T17:28:04.030+0000] {processor.py:840} INFO - DAG(s) 'dataset_produces_2', 'consume_1_or_both_2_and_3_with_dataset_expressions', 'consume_1_and_2_with_dataset_expressions', 'consume_1_or_2_with_dataset_expressions', 'dataset_produces_1', 'conditional_dataset_and_time_based_timetable', 'dataset_consumes_1_and_2', 'dataset_consumes_1', 'dataset_consumes_unknown_never_scheduled', 'dataset_consumes_1_never_scheduled' retrieved from /home/airflow/.local/lib/python3.12/site-packages/airflow/example_dags/example_datasets.py
[2024-05-03T17:28:04.049+0000] {logging_mixin.py:188} INFO - [2024-05-03T17:28:04.049+0000] {dag.py:3096} INFO - Sync 10 DAGs
[2024-05-03T17:28:04.080+0000] {logging_mixin.py:188} INFO - [2024-05-03T17:28:04.080+0000] {dag.py:3954} INFO - Setting next_dagrun for conditional_dataset_and_time_based_timetable to 2024-05-01 01:00:00+00:00, run_after=2024-05-01 01:00:00+00:00
[2024-05-03T17:28:04.084+0000] {logging_mixin.py:188} INFO - [2024-05-03T17:28:04.084+0000] {dag.py:3954} INFO - Setting next_dagrun for consume_1_and_2_with_dataset_expressions to None, run_after=None
[2024-05-03T17:28:04.086+0000] {logging_mixin.py:188} INFO - [2024-05-03T17:28:04.086+0000] {dag.py:3954} INFO - Setting next_dagrun for consume_1_or_2_with_dataset_expressions to None, run_after=None
[2024-05-03T17:28:04.088+0000] {logging_mixin.py:188} INFO - [2024-05-03T17:28:04.087+0000] {dag.py:3954} INFO - Setting next_dagrun for consume_1_or_both_2_and_3_with_dataset_expressions to None, run_after=None
[2024-05-03T17:28:04.089+0000] {logging_mixin.py:188} INFO - [2024-05-03T17:28:04.089+0000] {dag.py:3954} INFO - Setting next_dagrun for dataset_consumes_1 to None, run_after=None
[2024-05-03T17:28:04.090+0000] {logging_mixin.py:188} INFO - [2024-05-03T17:28:04.090+0000] {dag.py:3954} INFO - Setting next_dagrun for dataset_consumes_1_and_2 to None, run_after=None
[2024-05-03T17:28:04.092+0000] {logging_mixin.py:188} INFO - [2024-05-03T17:28:04.092+0000] {dag.py:3954} INFO - Setting next_dagrun for dataset_consumes_1_never_scheduled to None, run_after=None
[2024-05-03T17:28:04.094+0000] {logging_mixin.py:188} INFO - [2024-05-03T17:28:04.093+0000] {dag.py:3954} INFO - Setting next_dagrun for dataset_consumes_unknown_never_scheduled to None, run_after=None
[2024-05-03T17:28:04.097+0000] {logging_mixin.py:188} INFO - [2024-05-03T17:28:04.097+0000] {dag.py:3954} INFO - Setting next_dagrun for dataset_produces_1 to 2024-05-02 00:00:00+00:00, run_after=2024-05-03 00:00:00+00:00
[2024-05-03T17:28:04.098+0000] {logging_mixin.py:188} INFO - [2024-05-03T17:28:04.098+0000] {dag.py:3954} INFO - Setting next_dagrun for dataset_produces_2 to None, run_after=None
[2024-05-03T17:28:04.140+0000] {processor.py:183} INFO - Processing /home/airflow/.local/lib/python3.12/site-packages/airflow/example_dags/example_datasets.py took 0.144 seconds
[2024-05-03T17:28:35.381+0000] {processor.py:161} INFO - Started process (PID=520) to work on /home/airflow/.local/lib/python3.12/site-packages/airflow/example_dags/example_datasets.py
[2024-05-03T17:28:35.382+0000] {processor.py:830} INFO - Processing file /home/airflow/.local/lib/python3.12/site-packages/airflow/example_dags/example_datasets.py for tasks to queue
[2024-05-03T17:28:35.384+0000] {logging_mixin.py:188} INFO - [2024-05-03T17:28:35.384+0000] {dagbag.py:540} INFO - Filling up the DagBag from /home/airflow/.local/lib/python3.12/site-packages/airflow/example_dags/example_datasets.py
[2024-05-03T17:28:35.401+0000] {processor.py:840} INFO - DAG(s) 'dataset_consumes_unknown_never_scheduled', 'dataset_consumes_1_never_scheduled', 'dataset_consumes_1_and_2', 'dataset_consumes_1', 'consume_1_or_both_2_and_3_with_dataset_expressions', 'dataset_produces_2', 'consume_1_or_2_with_dataset_expressions', 'consume_1_and_2_with_dataset_expressions', 'conditional_dataset_and_time_based_timetable', 'dataset_produces_1' retrieved from /home/airflow/.local/lib/python3.12/site-packages/airflow/example_dags/example_datasets.py
[2024-05-03T17:28:35.722+0000] {logging_mixin.py:188} INFO - [2024-05-03T17:28:35.722+0000] {dag.py:3096} INFO - Sync 10 DAGs
[2024-05-03T17:28:35.787+0000] {logging_mixin.py:188} INFO - [2024-05-03T17:28:35.787+0000] {dag.py:3954} INFO - Setting next_dagrun for conditional_dataset_and_time_based_timetable to 2024-05-01 01:00:00+00:00, run_after=2024-05-01 01:00:00+00:00
[2024-05-03T17:28:35.794+0000] {logging_mixin.py:188} INFO - [2024-05-03T17:28:35.794+0000] {dag.py:3954} INFO - Setting next_dagrun for consume_1_and_2_with_dataset_expressions to None, run_after=None
[2024-05-03T17:28:35.797+0000] {logging_mixin.py:188} INFO - [2024-05-03T17:28:35.796+0000] {dag.py:3954} INFO - Setting next_dagrun for consume_1_or_2_with_dataset_expressions to None, run_after=None
[2024-05-03T17:28:35.800+0000] {logging_mixin.py:188} INFO - [2024-05-03T17:28:35.799+0000] {dag.py:3954} INFO - Setting next_dagrun for consume_1_or_both_2_and_3_with_dataset_expressions to None, run_after=None
[2024-05-03T17:28:35.801+0000] {logging_mixin.py:188} INFO - [2024-05-03T17:28:35.801+0000] {dag.py:3954} INFO - Setting next_dagrun for dataset_consumes_1 to None, run_after=None
[2024-05-03T17:28:35.803+0000] {logging_mixin.py:188} INFO - [2024-05-03T17:28:35.803+0000] {dag.py:3954} INFO - Setting next_dagrun for dataset_consumes_1_and_2 to None, run_after=None
[2024-05-03T17:28:35.804+0000] {logging_mixin.py:188} INFO - [2024-05-03T17:28:35.804+0000] {dag.py:3954} INFO - Setting next_dagrun for dataset_consumes_1_never_scheduled to None, run_after=None
[2024-05-03T17:28:35.806+0000] {logging_mixin.py:188} INFO - [2024-05-03T17:28:35.806+0000] {dag.py:3954} INFO - Setting next_dagrun for dataset_consumes_unknown_never_scheduled to None, run_after=None
[2024-05-03T17:28:35.810+0000] {logging_mixin.py:188} INFO - [2024-05-03T17:28:35.809+0000] {dag.py:3954} INFO - Setting next_dagrun for dataset_produces_1 to 2024-05-02 00:00:00+00:00, run_after=2024-05-03 00:00:00+00:00
[2024-05-03T17:28:35.813+0000] {logging_mixin.py:188} INFO - [2024-05-03T17:28:35.811+0000] {dag.py:3954} INFO - Setting next_dagrun for dataset_produces_2 to None, run_after=None
[2024-05-03T17:28:35.859+0000] {processor.py:183} INFO - Processing /home/airflow/.local/lib/python3.12/site-packages/airflow/example_dags/example_datasets.py took 0.485 seconds
