[2024-05-03T17:28:05.158+0000] {processor.py:161} INFO - Started process (PID=333) to work on /home/airflow/.local/lib/python3.12/site-packages/airflow/example_dags/example_subdag_operator.py
[2024-05-03T17:28:05.159+0000] {processor.py:830} INFO - Processing file /home/airflow/.local/lib/python3.12/site-packages/airflow/example_dags/example_subdag_operator.py for tasks to queue
[2024-05-03T17:28:05.160+0000] {logging_mixin.py:188} INFO - [2024-05-03T17:28:05.160+0000] {dagbag.py:540} INFO - Filling up the DagBag from /home/airflow/.local/lib/python3.12/site-packages/airflow/example_dags/example_subdag_operator.py
[2024-05-03T17:28:05.186+0000] {processor.py:840} INFO - DAG(s) 'example_subdag_operator.section-1', 'example_subdag_operator.section-2', 'example_subdag_operator' retrieved from /home/airflow/.local/lib/python3.12/site-packages/airflow/example_dags/example_subdag_operator.py
[2024-05-03T17:28:05.189+0000] {logging_mixin.py:188} INFO - [2024-05-03T17:28:05.189+0000] {dag.py:3096} INFO - Sync 3 DAGs
[2024-05-03T17:28:05.218+0000] {logging_mixin.py:188} INFO - [2024-05-03T17:28:05.218+0000] {dag.py:3954} INFO - Setting next_dagrun for example_subdag_operator to 2022-01-01 00:00:00+00:00, run_after=2022-01-01 00:00:00+00:00
[2024-05-03T17:28:05.222+0000] {logging_mixin.py:188} INFO - [2024-05-03T17:28:05.222+0000] {dag.py:3954} INFO - Setting next_dagrun for example_subdag_operator.section-1 to None, run_after=None
[2024-05-03T17:28:05.224+0000] {logging_mixin.py:188} INFO - [2024-05-03T17:28:05.224+0000] {dag.py:3954} INFO - Setting next_dagrun for example_subdag_operator.section-2 to None, run_after=None
[2024-05-03T17:28:05.231+0000] {logging_mixin.py:188} INFO - [2024-05-03T17:28:05.231+0000] {dag.py:3096} INFO - Sync 2 DAGs
[2024-05-03T17:28:05.237+0000] {logging_mixin.py:188} INFO - [2024-05-03T17:28:05.236+0000] {dag.py:3954} INFO - Setting next_dagrun for example_subdag_operator.section-1 to None, run_after=None
[2024-05-03T17:28:05.237+0000] {logging_mixin.py:188} INFO - [2024-05-03T17:28:05.237+0000] {dag.py:3954} INFO - Setting next_dagrun for example_subdag_operator.section-2 to None, run_after=None
[2024-05-03T17:28:05.254+0000] {processor.py:183} INFO - Processing /home/airflow/.local/lib/python3.12/site-packages/airflow/example_dags/example_subdag_operator.py took 0.104 seconds
[2024-05-03T17:28:38.489+0000] {processor.py:161} INFO - Started process (PID=597) to work on /home/airflow/.local/lib/python3.12/site-packages/airflow/example_dags/example_subdag_operator.py
[2024-05-03T17:28:38.492+0000] {processor.py:830} INFO - Processing file /home/airflow/.local/lib/python3.12/site-packages/airflow/example_dags/example_subdag_operator.py for tasks to queue
[2024-05-03T17:28:38.494+0000] {logging_mixin.py:188} INFO - [2024-05-03T17:28:38.494+0000] {dagbag.py:540} INFO - Filling up the DagBag from /home/airflow/.local/lib/python3.12/site-packages/airflow/example_dags/example_subdag_operator.py
[2024-05-03T17:28:38.524+0000] {processor.py:840} INFO - DAG(s) 'example_subdag_operator.section-1', 'example_subdag_operator.section-2', 'example_subdag_operator' retrieved from /home/airflow/.local/lib/python3.12/site-packages/airflow/example_dags/example_subdag_operator.py
[2024-05-03T17:28:38.656+0000] {logging_mixin.py:188} INFO - [2024-05-03T17:28:38.655+0000] {dag.py:3096} INFO - Sync 3 DAGs
[2024-05-03T17:28:38.683+0000] {logging_mixin.py:188} INFO - [2024-05-03T17:28:38.683+0000] {dag.py:3954} INFO - Setting next_dagrun for example_subdag_operator to 2022-01-01 00:00:00+00:00, run_after=2022-01-01 00:00:00+00:00
[2024-05-03T17:28:38.687+0000] {logging_mixin.py:188} INFO - [2024-05-03T17:28:38.686+0000] {dag.py:3954} INFO - Setting next_dagrun for example_subdag_operator.section-1 to None, run_after=None
[2024-05-03T17:28:38.690+0000] {logging_mixin.py:188} INFO - [2024-05-03T17:28:38.690+0000] {dag.py:3954} INFO - Setting next_dagrun for example_subdag_operator.section-2 to None, run_after=None
[2024-05-03T17:28:38.698+0000] {logging_mixin.py:188} INFO - [2024-05-03T17:28:38.698+0000] {dag.py:3096} INFO - Sync 2 DAGs
[2024-05-03T17:28:38.703+0000] {logging_mixin.py:188} INFO - [2024-05-03T17:28:38.702+0000] {dag.py:3954} INFO - Setting next_dagrun for example_subdag_operator.section-1 to None, run_after=None
[2024-05-03T17:28:38.703+0000] {logging_mixin.py:188} INFO - [2024-05-03T17:28:38.703+0000] {dag.py:3954} INFO - Setting next_dagrun for example_subdag_operator.section-2 to None, run_after=None
[2024-05-03T17:28:38.719+0000] {processor.py:183} INFO - Processing /home/airflow/.local/lib/python3.12/site-packages/airflow/example_dags/example_subdag_operator.py took 0.236 seconds
