[2024-05-03T15:36:34.043+0000] {processor.py:161} INFO - Started process (PID=54) to work on /home/airflow/.local/lib/python3.12/site-packages/airflow/example_dags/example_kubernetes_executor.py
[2024-05-03T15:36:34.047+0000] {processor.py:830} INFO - Processing file /home/airflow/.local/lib/python3.12/site-packages/airflow/example_dags/example_kubernetes_executor.py for tasks to queue
[2024-05-03T15:36:34.052+0000] {logging_mixin.py:188} INFO - [2024-05-03T15:36:34.050+0000] {dagbag.py:540} INFO - Filling up the DagBag from /home/airflow/.local/lib/python3.12/site-packages/airflow/example_dags/example_kubernetes_executor.py
[2024-05-03T15:36:34.093+0000] {processor.py:840} INFO - DAG(s) 'example_kubernetes_executor' retrieved from /home/airflow/.local/lib/python3.12/site-packages/airflow/example_dags/example_kubernetes_executor.py
[2024-05-03T15:36:34.212+0000] {logging_mixin.py:188} INFO - [2024-05-03T15:36:34.211+0000] {dag.py:3096} INFO - Sync 1 DAGs
[2024-05-03T15:36:34.251+0000] {logging_mixin.py:188} INFO - [2024-05-03T15:36:34.251+0000] {dag.py:3954} INFO - Setting next_dagrun for example_kubernetes_executor to None, run_after=None
[2024-05-03T15:36:34.313+0000] {processor.py:183} INFO - Processing /home/airflow/.local/lib/python3.12/site-packages/airflow/example_dags/example_kubernetes_executor.py took 0.282 seconds
[2024-05-03T15:37:05.473+0000] {processor.py:161} INFO - Started process (PID=115) to work on /home/airflow/.local/lib/python3.12/site-packages/airflow/example_dags/example_kubernetes_executor.py
[2024-05-03T15:37:05.480+0000] {processor.py:830} INFO - Processing file /home/airflow/.local/lib/python3.12/site-packages/airflow/example_dags/example_kubernetes_executor.py for tasks to queue
[2024-05-03T15:37:05.483+0000] {logging_mixin.py:188} INFO - [2024-05-03T15:37:05.483+0000] {dagbag.py:540} INFO - Filling up the DagBag from /home/airflow/.local/lib/python3.12/site-packages/airflow/example_dags/example_kubernetes_executor.py
[2024-05-03T15:37:05.505+0000] {processor.py:840} INFO - DAG(s) 'example_kubernetes_executor' retrieved from /home/airflow/.local/lib/python3.12/site-packages/airflow/example_dags/example_kubernetes_executor.py
[2024-05-03T15:37:05.646+0000] {logging_mixin.py:188} INFO - [2024-05-03T15:37:05.646+0000] {dag.py:3096} INFO - Sync 1 DAGs
[2024-05-03T15:37:05.689+0000] {logging_mixin.py:188} INFO - [2024-05-03T15:37:05.688+0000] {dag.py:3954} INFO - Setting next_dagrun for example_kubernetes_executor to None, run_after=None
[2024-05-03T15:37:05.724+0000] {processor.py:183} INFO - Processing /home/airflow/.local/lib/python3.12/site-packages/airflow/example_dags/example_kubernetes_executor.py took 0.277 seconds
[2024-05-03T15:37:40.626+0000] {processor.py:161} INFO - Started process (PID=176) to work on /home/airflow/.local/lib/python3.12/site-packages/airflow/example_dags/example_kubernetes_executor.py
[2024-05-03T15:37:40.632+0000] {processor.py:830} INFO - Processing file /home/airflow/.local/lib/python3.12/site-packages/airflow/example_dags/example_kubernetes_executor.py for tasks to queue
[2024-05-03T15:37:40.636+0000] {logging_mixin.py:188} INFO - [2024-05-03T15:37:40.635+0000] {dagbag.py:540} INFO - Filling up the DagBag from /home/airflow/.local/lib/python3.12/site-packages/airflow/example_dags/example_kubernetes_executor.py
[2024-05-03T15:37:40.690+0000] {processor.py:840} INFO - DAG(s) 'example_kubernetes_executor' retrieved from /home/airflow/.local/lib/python3.12/site-packages/airflow/example_dags/example_kubernetes_executor.py
[2024-05-03T15:37:40.918+0000] {logging_mixin.py:188} INFO - [2024-05-03T15:37:40.918+0000] {dag.py:3096} INFO - Sync 1 DAGs
[2024-05-03T15:37:40.976+0000] {logging_mixin.py:188} INFO - [2024-05-03T15:37:40.976+0000] {dag.py:3954} INFO - Setting next_dagrun for example_kubernetes_executor to None, run_after=None
[2024-05-03T15:37:41.069+0000] {processor.py:183} INFO - Processing /home/airflow/.local/lib/python3.12/site-packages/airflow/example_dags/example_kubernetes_executor.py took 0.460 seconds
[2024-05-03T15:38:11.876+0000] {processor.py:161} INFO - Started process (PID=236) to work on /home/airflow/.local/lib/python3.12/site-packages/airflow/example_dags/example_kubernetes_executor.py
[2024-05-03T15:38:11.877+0000] {processor.py:830} INFO - Processing file /home/airflow/.local/lib/python3.12/site-packages/airflow/example_dags/example_kubernetes_executor.py for tasks to queue
[2024-05-03T15:38:11.879+0000] {logging_mixin.py:188} INFO - [2024-05-03T15:38:11.879+0000] {dagbag.py:540} INFO - Filling up the DagBag from /home/airflow/.local/lib/python3.12/site-packages/airflow/example_dags/example_kubernetes_executor.py
[2024-05-03T15:38:11.897+0000] {processor.py:840} INFO - DAG(s) 'example_kubernetes_executor' retrieved from /home/airflow/.local/lib/python3.12/site-packages/airflow/example_dags/example_kubernetes_executor.py
[2024-05-03T15:38:11.946+0000] {logging_mixin.py:188} INFO - [2024-05-03T15:38:11.945+0000] {dag.py:3096} INFO - Sync 1 DAGs
[2024-05-03T15:38:11.962+0000] {logging_mixin.py:188} INFO - [2024-05-03T15:38:11.962+0000] {dag.py:3954} INFO - Setting next_dagrun for example_kubernetes_executor to None, run_after=None
[2024-05-03T15:38:11.988+0000] {processor.py:183} INFO - Processing /home/airflow/.local/lib/python3.12/site-packages/airflow/example_dags/example_kubernetes_executor.py took 0.120 seconds
[2024-05-03T15:38:42.822+0000] {processor.py:161} INFO - Started process (PID=297) to work on /home/airflow/.local/lib/python3.12/site-packages/airflow/example_dags/example_kubernetes_executor.py
[2024-05-03T15:38:42.823+0000] {processor.py:830} INFO - Processing file /home/airflow/.local/lib/python3.12/site-packages/airflow/example_dags/example_kubernetes_executor.py for tasks to queue
[2024-05-03T15:38:42.825+0000] {logging_mixin.py:188} INFO - [2024-05-03T15:38:42.825+0000] {dagbag.py:540} INFO - Filling up the DagBag from /home/airflow/.local/lib/python3.12/site-packages/airflow/example_dags/example_kubernetes_executor.py
[2024-05-03T15:38:42.841+0000] {processor.py:840} INFO - DAG(s) 'example_kubernetes_executor' retrieved from /home/airflow/.local/lib/python3.12/site-packages/airflow/example_dags/example_kubernetes_executor.py
[2024-05-03T15:38:42.900+0000] {logging_mixin.py:188} INFO - [2024-05-03T15:38:42.899+0000] {dag.py:3096} INFO - Sync 1 DAGs
[2024-05-03T15:38:42.917+0000] {logging_mixin.py:188} INFO - [2024-05-03T15:38:42.916+0000] {dag.py:3954} INFO - Setting next_dagrun for example_kubernetes_executor to None, run_after=None
[2024-05-03T15:38:42.942+0000] {processor.py:183} INFO - Processing /home/airflow/.local/lib/python3.12/site-packages/airflow/example_dags/example_kubernetes_executor.py took 0.127 seconds
[2024-05-03T15:39:13.502+0000] {processor.py:161} INFO - Started process (PID=359) to work on /home/airflow/.local/lib/python3.12/site-packages/airflow/example_dags/example_kubernetes_executor.py
[2024-05-03T15:39:13.503+0000] {processor.py:830} INFO - Processing file /home/airflow/.local/lib/python3.12/site-packages/airflow/example_dags/example_kubernetes_executor.py for tasks to queue
[2024-05-03T15:39:13.505+0000] {logging_mixin.py:188} INFO - [2024-05-03T15:39:13.505+0000] {dagbag.py:540} INFO - Filling up the DagBag from /home/airflow/.local/lib/python3.12/site-packages/airflow/example_dags/example_kubernetes_executor.py
[2024-05-03T15:39:13.521+0000] {processor.py:840} INFO - DAG(s) 'example_kubernetes_executor' retrieved from /home/airflow/.local/lib/python3.12/site-packages/airflow/example_dags/example_kubernetes_executor.py
[2024-05-03T15:39:13.566+0000] {logging_mixin.py:188} INFO - [2024-05-03T15:39:13.564+0000] {dag.py:3096} INFO - Sync 1 DAGs
[2024-05-03T15:39:13.581+0000] {logging_mixin.py:188} INFO - [2024-05-03T15:39:13.581+0000] {dag.py:3954} INFO - Setting next_dagrun for example_kubernetes_executor to None, run_after=None
[2024-05-03T15:39:13.612+0000] {processor.py:183} INFO - Processing /home/airflow/.local/lib/python3.12/site-packages/airflow/example_dags/example_kubernetes_executor.py took 0.117 seconds
[2024-05-03T15:39:44.396+0000] {processor.py:161} INFO - Started process (PID=420) to work on /home/airflow/.local/lib/python3.12/site-packages/airflow/example_dags/example_kubernetes_executor.py
[2024-05-03T15:39:44.404+0000] {processor.py:830} INFO - Processing file /home/airflow/.local/lib/python3.12/site-packages/airflow/example_dags/example_kubernetes_executor.py for tasks to queue
[2024-05-03T15:39:44.407+0000] {logging_mixin.py:188} INFO - [2024-05-03T15:39:44.406+0000] {dagbag.py:540} INFO - Filling up the DagBag from /home/airflow/.local/lib/python3.12/site-packages/airflow/example_dags/example_kubernetes_executor.py
[2024-05-03T15:39:44.422+0000] {processor.py:840} INFO - DAG(s) 'example_kubernetes_executor' retrieved from /home/airflow/.local/lib/python3.12/site-packages/airflow/example_dags/example_kubernetes_executor.py
[2024-05-03T15:39:44.524+0000] {logging_mixin.py:188} INFO - [2024-05-03T15:39:44.524+0000] {dag.py:3096} INFO - Sync 1 DAGs
[2024-05-03T15:39:44.565+0000] {logging_mixin.py:188} INFO - [2024-05-03T15:39:44.564+0000] {dag.py:3954} INFO - Setting next_dagrun for example_kubernetes_executor to None, run_after=None
[2024-05-03T15:39:44.609+0000] {processor.py:183} INFO - Processing /home/airflow/.local/lib/python3.12/site-packages/airflow/example_dags/example_kubernetes_executor.py took 0.256 seconds
[2024-05-03T15:40:15.003+0000] {processor.py:161} INFO - Started process (PID=481) to work on /home/airflow/.local/lib/python3.12/site-packages/airflow/example_dags/example_kubernetes_executor.py
[2024-05-03T15:40:15.004+0000] {processor.py:830} INFO - Processing file /home/airflow/.local/lib/python3.12/site-packages/airflow/example_dags/example_kubernetes_executor.py for tasks to queue
[2024-05-03T15:40:15.007+0000] {logging_mixin.py:188} INFO - [2024-05-03T15:40:15.006+0000] {dagbag.py:540} INFO - Filling up the DagBag from /home/airflow/.local/lib/python3.12/site-packages/airflow/example_dags/example_kubernetes_executor.py
[2024-05-03T15:40:15.024+0000] {processor.py:840} INFO - DAG(s) 'example_kubernetes_executor' retrieved from /home/airflow/.local/lib/python3.12/site-packages/airflow/example_dags/example_kubernetes_executor.py
[2024-05-03T15:40:15.124+0000] {logging_mixin.py:188} INFO - [2024-05-03T15:40:15.124+0000] {dag.py:3096} INFO - Sync 1 DAGs
[2024-05-03T15:40:15.181+0000] {logging_mixin.py:188} INFO - [2024-05-03T15:40:15.181+0000] {dag.py:3954} INFO - Setting next_dagrun for example_kubernetes_executor to None, run_after=None
[2024-05-03T15:40:15.251+0000] {processor.py:183} INFO - Processing /home/airflow/.local/lib/python3.12/site-packages/airflow/example_dags/example_kubernetes_executor.py took 0.255 seconds
[2024-05-03T15:40:45.915+0000] {processor.py:161} INFO - Started process (PID=543) to work on /home/airflow/.local/lib/python3.12/site-packages/airflow/example_dags/example_kubernetes_executor.py
[2024-05-03T15:40:45.916+0000] {processor.py:830} INFO - Processing file /home/airflow/.local/lib/python3.12/site-packages/airflow/example_dags/example_kubernetes_executor.py for tasks to queue
[2024-05-03T15:40:45.918+0000] {logging_mixin.py:188} INFO - [2024-05-03T15:40:45.918+0000] {dagbag.py:540} INFO - Filling up the DagBag from /home/airflow/.local/lib/python3.12/site-packages/airflow/example_dags/example_kubernetes_executor.py
[2024-05-03T15:40:45.948+0000] {processor.py:840} INFO - DAG(s) 'example_kubernetes_executor' retrieved from /home/airflow/.local/lib/python3.12/site-packages/airflow/example_dags/example_kubernetes_executor.py
[2024-05-03T15:40:46.033+0000] {logging_mixin.py:188} INFO - [2024-05-03T15:40:46.032+0000] {dag.py:3096} INFO - Sync 1 DAGs
[2024-05-03T15:40:46.070+0000] {logging_mixin.py:188} INFO - [2024-05-03T15:40:46.070+0000] {dag.py:3954} INFO - Setting next_dagrun for example_kubernetes_executor to None, run_after=None
[2024-05-03T15:40:46.095+0000] {processor.py:183} INFO - Processing /home/airflow/.local/lib/python3.12/site-packages/airflow/example_dags/example_kubernetes_executor.py took 0.186 seconds
[2024-05-03T15:41:17.023+0000] {processor.py:161} INFO - Started process (PID=604) to work on /home/airflow/.local/lib/python3.12/site-packages/airflow/example_dags/example_kubernetes_executor.py
[2024-05-03T15:41:17.024+0000] {processor.py:830} INFO - Processing file /home/airflow/.local/lib/python3.12/site-packages/airflow/example_dags/example_kubernetes_executor.py for tasks to queue
[2024-05-03T15:41:17.036+0000] {logging_mixin.py:188} INFO - [2024-05-03T15:41:17.035+0000] {dagbag.py:540} INFO - Filling up the DagBag from /home/airflow/.local/lib/python3.12/site-packages/airflow/example_dags/example_kubernetes_executor.py
[2024-05-03T15:41:17.101+0000] {processor.py:840} INFO - DAG(s) 'example_kubernetes_executor' retrieved from /home/airflow/.local/lib/python3.12/site-packages/airflow/example_dags/example_kubernetes_executor.py
[2024-05-03T15:41:17.270+0000] {logging_mixin.py:188} INFO - [2024-05-03T15:41:17.270+0000] {dag.py:3096} INFO - Sync 1 DAGs
[2024-05-03T15:41:17.314+0000] {logging_mixin.py:188} INFO - [2024-05-03T15:41:17.314+0000] {dag.py:3954} INFO - Setting next_dagrun for example_kubernetes_executor to None, run_after=None
[2024-05-03T15:41:17.374+0000] {processor.py:183} INFO - Processing /home/airflow/.local/lib/python3.12/site-packages/airflow/example_dags/example_kubernetes_executor.py took 0.373 seconds
[2024-05-03T15:41:47.968+0000] {processor.py:161} INFO - Started process (PID=665) to work on /home/airflow/.local/lib/python3.12/site-packages/airflow/example_dags/example_kubernetes_executor.py
[2024-05-03T15:41:47.970+0000] {processor.py:830} INFO - Processing file /home/airflow/.local/lib/python3.12/site-packages/airflow/example_dags/example_kubernetes_executor.py for tasks to queue
[2024-05-03T15:41:47.972+0000] {logging_mixin.py:188} INFO - [2024-05-03T15:41:47.972+0000] {dagbag.py:540} INFO - Filling up the DagBag from /home/airflow/.local/lib/python3.12/site-packages/airflow/example_dags/example_kubernetes_executor.py
[2024-05-03T15:41:47.991+0000] {processor.py:840} INFO - DAG(s) 'example_kubernetes_executor' retrieved from /home/airflow/.local/lib/python3.12/site-packages/airflow/example_dags/example_kubernetes_executor.py
[2024-05-03T15:41:48.067+0000] {logging_mixin.py:188} INFO - [2024-05-03T15:41:48.066+0000] {dag.py:3096} INFO - Sync 1 DAGs
[2024-05-03T15:41:48.089+0000] {logging_mixin.py:188} INFO - [2024-05-03T15:41:48.089+0000] {dag.py:3954} INFO - Setting next_dagrun for example_kubernetes_executor to None, run_after=None
[2024-05-03T15:41:48.118+0000] {processor.py:183} INFO - Processing /home/airflow/.local/lib/python3.12/site-packages/airflow/example_dags/example_kubernetes_executor.py took 0.164 seconds
[2024-05-03T15:42:18.419+0000] {processor.py:161} INFO - Started process (PID=726) to work on /home/airflow/.local/lib/python3.12/site-packages/airflow/example_dags/example_kubernetes_executor.py
[2024-05-03T15:42:18.420+0000] {processor.py:830} INFO - Processing file /home/airflow/.local/lib/python3.12/site-packages/airflow/example_dags/example_kubernetes_executor.py for tasks to queue
[2024-05-03T15:42:18.423+0000] {logging_mixin.py:188} INFO - [2024-05-03T15:42:18.422+0000] {dagbag.py:540} INFO - Filling up the DagBag from /home/airflow/.local/lib/python3.12/site-packages/airflow/example_dags/example_kubernetes_executor.py
[2024-05-03T15:42:18.437+0000] {processor.py:840} INFO - DAG(s) 'example_kubernetes_executor' retrieved from /home/airflow/.local/lib/python3.12/site-packages/airflow/example_dags/example_kubernetes_executor.py
[2024-05-03T15:42:18.483+0000] {logging_mixin.py:188} INFO - [2024-05-03T15:42:18.482+0000] {dag.py:3096} INFO - Sync 1 DAGs
[2024-05-03T15:42:18.502+0000] {logging_mixin.py:188} INFO - [2024-05-03T15:42:18.502+0000] {dag.py:3954} INFO - Setting next_dagrun for example_kubernetes_executor to None, run_after=None
[2024-05-03T15:42:18.550+0000] {processor.py:183} INFO - Processing /home/airflow/.local/lib/python3.12/site-packages/airflow/example_dags/example_kubernetes_executor.py took 0.139 seconds
[2024-05-03T15:42:48.745+0000] {processor.py:161} INFO - Started process (PID=788) to work on /home/airflow/.local/lib/python3.12/site-packages/airflow/example_dags/example_kubernetes_executor.py
[2024-05-03T15:42:48.746+0000] {processor.py:830} INFO - Processing file /home/airflow/.local/lib/python3.12/site-packages/airflow/example_dags/example_kubernetes_executor.py for tasks to queue
[2024-05-03T15:42:48.747+0000] {logging_mixin.py:188} INFO - [2024-05-03T15:42:48.747+0000] {dagbag.py:540} INFO - Filling up the DagBag from /home/airflow/.local/lib/python3.12/site-packages/airflow/example_dags/example_kubernetes_executor.py
[2024-05-03T15:42:48.757+0000] {processor.py:840} INFO - DAG(s) 'example_kubernetes_executor' retrieved from /home/airflow/.local/lib/python3.12/site-packages/airflow/example_dags/example_kubernetes_executor.py
[2024-05-03T15:42:48.787+0000] {logging_mixin.py:188} INFO - [2024-05-03T15:42:48.787+0000] {dag.py:3096} INFO - Sync 1 DAGs
[2024-05-03T15:42:48.797+0000] {logging_mixin.py:188} INFO - [2024-05-03T15:42:48.797+0000] {dag.py:3954} INFO - Setting next_dagrun for example_kubernetes_executor to None, run_after=None
[2024-05-03T15:42:48.819+0000] {processor.py:183} INFO - Processing /home/airflow/.local/lib/python3.12/site-packages/airflow/example_dags/example_kubernetes_executor.py took 0.078 seconds
[2024-05-03T15:43:19.505+0000] {processor.py:161} INFO - Started process (PID=849) to work on /home/airflow/.local/lib/python3.12/site-packages/airflow/example_dags/example_kubernetes_executor.py
[2024-05-03T15:43:19.507+0000] {processor.py:830} INFO - Processing file /home/airflow/.local/lib/python3.12/site-packages/airflow/example_dags/example_kubernetes_executor.py for tasks to queue
[2024-05-03T15:43:19.509+0000] {logging_mixin.py:188} INFO - [2024-05-03T15:43:19.509+0000] {dagbag.py:540} INFO - Filling up the DagBag from /home/airflow/.local/lib/python3.12/site-packages/airflow/example_dags/example_kubernetes_executor.py
[2024-05-03T15:43:19.538+0000] {processor.py:840} INFO - DAG(s) 'example_kubernetes_executor' retrieved from /home/airflow/.local/lib/python3.12/site-packages/airflow/example_dags/example_kubernetes_executor.py
[2024-05-03T15:43:19.586+0000] {logging_mixin.py:188} INFO - [2024-05-03T15:43:19.585+0000] {dag.py:3096} INFO - Sync 1 DAGs
[2024-05-03T15:43:19.617+0000] {logging_mixin.py:188} INFO - [2024-05-03T15:43:19.617+0000] {dag.py:3954} INFO - Setting next_dagrun for example_kubernetes_executor to None, run_after=None
[2024-05-03T15:43:19.642+0000] {processor.py:183} INFO - Processing /home/airflow/.local/lib/python3.12/site-packages/airflow/example_dags/example_kubernetes_executor.py took 0.144 seconds
[2024-05-03T15:43:49.749+0000] {processor.py:161} INFO - Started process (PID=910) to work on /home/airflow/.local/lib/python3.12/site-packages/airflow/example_dags/example_kubernetes_executor.py
[2024-05-03T15:43:49.750+0000] {processor.py:830} INFO - Processing file /home/airflow/.local/lib/python3.12/site-packages/airflow/example_dags/example_kubernetes_executor.py for tasks to queue
[2024-05-03T15:43:49.752+0000] {logging_mixin.py:188} INFO - [2024-05-03T15:43:49.752+0000] {dagbag.py:540} INFO - Filling up the DagBag from /home/airflow/.local/lib/python3.12/site-packages/airflow/example_dags/example_kubernetes_executor.py
[2024-05-03T15:43:49.768+0000] {processor.py:840} INFO - DAG(s) 'example_kubernetes_executor' retrieved from /home/airflow/.local/lib/python3.12/site-packages/airflow/example_dags/example_kubernetes_executor.py
[2024-05-03T15:43:49.813+0000] {logging_mixin.py:188} INFO - [2024-05-03T15:43:49.812+0000] {dag.py:3096} INFO - Sync 1 DAGs
[2024-05-03T15:43:49.830+0000] {logging_mixin.py:188} INFO - [2024-05-03T15:43:49.830+0000] {dag.py:3954} INFO - Setting next_dagrun for example_kubernetes_executor to None, run_after=None
[2024-05-03T15:43:49.853+0000] {processor.py:183} INFO - Processing /home/airflow/.local/lib/python3.12/site-packages/airflow/example_dags/example_kubernetes_executor.py took 0.110 seconds
[2024-05-03T15:44:19.946+0000] {processor.py:161} INFO - Started process (PID=971) to work on /home/airflow/.local/lib/python3.12/site-packages/airflow/example_dags/example_kubernetes_executor.py
[2024-05-03T15:44:19.946+0000] {processor.py:830} INFO - Processing file /home/airflow/.local/lib/python3.12/site-packages/airflow/example_dags/example_kubernetes_executor.py for tasks to queue
[2024-05-03T15:44:19.948+0000] {logging_mixin.py:188} INFO - [2024-05-03T15:44:19.948+0000] {dagbag.py:540} INFO - Filling up the DagBag from /home/airflow/.local/lib/python3.12/site-packages/airflow/example_dags/example_kubernetes_executor.py
[2024-05-03T15:44:19.963+0000] {processor.py:840} INFO - DAG(s) 'example_kubernetes_executor' retrieved from /home/airflow/.local/lib/python3.12/site-packages/airflow/example_dags/example_kubernetes_executor.py
[2024-05-03T15:44:20.055+0000] {logging_mixin.py:188} INFO - [2024-05-03T15:44:20.054+0000] {dag.py:3096} INFO - Sync 1 DAGs
[2024-05-03T15:44:20.073+0000] {logging_mixin.py:188} INFO - [2024-05-03T15:44:20.073+0000] {dag.py:3954} INFO - Setting next_dagrun for example_kubernetes_executor to None, run_after=None
[2024-05-03T15:44:20.096+0000] {processor.py:183} INFO - Processing /home/airflow/.local/lib/python3.12/site-packages/airflow/example_dags/example_kubernetes_executor.py took 0.157 seconds
[2024-05-03T15:44:52.804+0000] {processor.py:161} INFO - Started process (PID=1039) to work on /home/airflow/.local/lib/python3.12/site-packages/airflow/example_dags/example_kubernetes_executor.py
[2024-05-03T15:44:52.813+0000] {processor.py:830} INFO - Processing file /home/airflow/.local/lib/python3.12/site-packages/airflow/example_dags/example_kubernetes_executor.py for tasks to queue
[2024-05-03T15:44:52.815+0000] {logging_mixin.py:188} INFO - [2024-05-03T15:44:52.815+0000] {dagbag.py:540} INFO - Filling up the DagBag from /home/airflow/.local/lib/python3.12/site-packages/airflow/example_dags/example_kubernetes_executor.py
[2024-05-03T15:44:52.890+0000] {processor.py:840} INFO - DAG(s) 'example_kubernetes_executor' retrieved from /home/airflow/.local/lib/python3.12/site-packages/airflow/example_dags/example_kubernetes_executor.py
[2024-05-03T15:44:53.059+0000] {logging_mixin.py:188} INFO - [2024-05-03T15:44:53.058+0000] {dag.py:3096} INFO - Sync 1 DAGs
[2024-05-03T15:44:53.096+0000] {logging_mixin.py:188} INFO - [2024-05-03T15:44:53.096+0000] {dag.py:3954} INFO - Setting next_dagrun for example_kubernetes_executor to None, run_after=None
[2024-05-03T15:44:53.202+0000] {processor.py:183} INFO - Processing /home/airflow/.local/lib/python3.12/site-packages/airflow/example_dags/example_kubernetes_executor.py took 0.441 seconds
[2024-05-03T15:45:23.267+0000] {processor.py:161} INFO - Started process (PID=1100) to work on /home/airflow/.local/lib/python3.12/site-packages/airflow/example_dags/example_kubernetes_executor.py
[2024-05-03T15:45:23.267+0000] {processor.py:830} INFO - Processing file /home/airflow/.local/lib/python3.12/site-packages/airflow/example_dags/example_kubernetes_executor.py for tasks to queue
[2024-05-03T15:45:23.269+0000] {logging_mixin.py:188} INFO - [2024-05-03T15:45:23.269+0000] {dagbag.py:540} INFO - Filling up the DagBag from /home/airflow/.local/lib/python3.12/site-packages/airflow/example_dags/example_kubernetes_executor.py
[2024-05-03T15:45:23.279+0000] {processor.py:840} INFO - DAG(s) 'example_kubernetes_executor' retrieved from /home/airflow/.local/lib/python3.12/site-packages/airflow/example_dags/example_kubernetes_executor.py
[2024-05-03T15:45:23.309+0000] {logging_mixin.py:188} INFO - [2024-05-03T15:45:23.308+0000] {dag.py:3096} INFO - Sync 1 DAGs
[2024-05-03T15:45:23.319+0000] {logging_mixin.py:188} INFO - [2024-05-03T15:45:23.319+0000] {dag.py:3954} INFO - Setting next_dagrun for example_kubernetes_executor to None, run_after=None
[2024-05-03T15:45:23.339+0000] {processor.py:183} INFO - Processing /home/airflow/.local/lib/python3.12/site-packages/airflow/example_dags/example_kubernetes_executor.py took 0.077 seconds
[2024-05-03T15:45:54.113+0000] {processor.py:161} INFO - Started process (PID=1161) to work on /home/airflow/.local/lib/python3.12/site-packages/airflow/example_dags/example_kubernetes_executor.py
[2024-05-03T15:45:54.117+0000] {processor.py:830} INFO - Processing file /home/airflow/.local/lib/python3.12/site-packages/airflow/example_dags/example_kubernetes_executor.py for tasks to queue
[2024-05-03T15:45:54.123+0000] {logging_mixin.py:188} INFO - [2024-05-03T15:45:54.123+0000] {dagbag.py:540} INFO - Filling up the DagBag from /home/airflow/.local/lib/python3.12/site-packages/airflow/example_dags/example_kubernetes_executor.py
[2024-05-03T15:45:54.166+0000] {processor.py:840} INFO - DAG(s) 'example_kubernetes_executor' retrieved from /home/airflow/.local/lib/python3.12/site-packages/airflow/example_dags/example_kubernetes_executor.py
[2024-05-03T15:45:54.226+0000] {logging_mixin.py:188} INFO - [2024-05-03T15:45:54.225+0000] {dag.py:3096} INFO - Sync 1 DAGs
[2024-05-03T15:45:54.241+0000] {logging_mixin.py:188} INFO - [2024-05-03T15:45:54.241+0000] {dag.py:3954} INFO - Setting next_dagrun for example_kubernetes_executor to None, run_after=None
[2024-05-03T15:45:54.266+0000] {processor.py:183} INFO - Processing /home/airflow/.local/lib/python3.12/site-packages/airflow/example_dags/example_kubernetes_executor.py took 0.201 seconds
[2024-05-03T15:46:24.630+0000] {processor.py:161} INFO - Started process (PID=1222) to work on /home/airflow/.local/lib/python3.12/site-packages/airflow/example_dags/example_kubernetes_executor.py
[2024-05-03T15:46:24.631+0000] {processor.py:830} INFO - Processing file /home/airflow/.local/lib/python3.12/site-packages/airflow/example_dags/example_kubernetes_executor.py for tasks to queue
[2024-05-03T15:46:24.634+0000] {logging_mixin.py:188} INFO - [2024-05-03T15:46:24.633+0000] {dagbag.py:540} INFO - Filling up the DagBag from /home/airflow/.local/lib/python3.12/site-packages/airflow/example_dags/example_kubernetes_executor.py
[2024-05-03T15:46:24.651+0000] {processor.py:840} INFO - DAG(s) 'example_kubernetes_executor' retrieved from /home/airflow/.local/lib/python3.12/site-packages/airflow/example_dags/example_kubernetes_executor.py
[2024-05-03T15:46:24.698+0000] {logging_mixin.py:188} INFO - [2024-05-03T15:46:24.697+0000] {dag.py:3096} INFO - Sync 1 DAGs
[2024-05-03T15:46:24.714+0000] {logging_mixin.py:188} INFO - [2024-05-03T15:46:24.714+0000] {dag.py:3954} INFO - Setting next_dagrun for example_kubernetes_executor to None, run_after=None
[2024-05-03T15:46:24.739+0000] {processor.py:183} INFO - Processing /home/airflow/.local/lib/python3.12/site-packages/airflow/example_dags/example_kubernetes_executor.py took 0.115 seconds
[2024-05-03T15:46:54.907+0000] {processor.py:161} INFO - Started process (PID=1284) to work on /home/airflow/.local/lib/python3.12/site-packages/airflow/example_dags/example_kubernetes_executor.py
[2024-05-03T15:46:54.908+0000] {processor.py:830} INFO - Processing file /home/airflow/.local/lib/python3.12/site-packages/airflow/example_dags/example_kubernetes_executor.py for tasks to queue
[2024-05-03T15:46:54.910+0000] {logging_mixin.py:188} INFO - [2024-05-03T15:46:54.910+0000] {dagbag.py:540} INFO - Filling up the DagBag from /home/airflow/.local/lib/python3.12/site-packages/airflow/example_dags/example_kubernetes_executor.py
[2024-05-03T15:46:54.925+0000] {processor.py:840} INFO - DAG(s) 'example_kubernetes_executor' retrieved from /home/airflow/.local/lib/python3.12/site-packages/airflow/example_dags/example_kubernetes_executor.py
[2024-05-03T15:46:54.994+0000] {logging_mixin.py:188} INFO - [2024-05-03T15:46:54.994+0000] {dag.py:3096} INFO - Sync 1 DAGs
[2024-05-03T15:46:55.005+0000] {logging_mixin.py:188} INFO - [2024-05-03T15:46:55.004+0000] {dag.py:3954} INFO - Setting next_dagrun for example_kubernetes_executor to None, run_after=None
[2024-05-03T15:46:55.024+0000] {processor.py:183} INFO - Processing /home/airflow/.local/lib/python3.12/site-packages/airflow/example_dags/example_kubernetes_executor.py took 0.138 seconds
[2024-05-03T15:47:25.151+0000] {processor.py:161} INFO - Started process (PID=1345) to work on /home/airflow/.local/lib/python3.12/site-packages/airflow/example_dags/example_kubernetes_executor.py
[2024-05-03T15:47:25.152+0000] {processor.py:830} INFO - Processing file /home/airflow/.local/lib/python3.12/site-packages/airflow/example_dags/example_kubernetes_executor.py for tasks to queue
[2024-05-03T15:47:25.154+0000] {logging_mixin.py:188} INFO - [2024-05-03T15:47:25.153+0000] {dagbag.py:540} INFO - Filling up the DagBag from /home/airflow/.local/lib/python3.12/site-packages/airflow/example_dags/example_kubernetes_executor.py
[2024-05-03T15:47:25.172+0000] {processor.py:840} INFO - DAG(s) 'example_kubernetes_executor' retrieved from /home/airflow/.local/lib/python3.12/site-packages/airflow/example_dags/example_kubernetes_executor.py
[2024-05-03T15:47:25.209+0000] {logging_mixin.py:188} INFO - [2024-05-03T15:47:25.208+0000] {dag.py:3096} INFO - Sync 1 DAGs
[2024-05-03T15:47:25.220+0000] {logging_mixin.py:188} INFO - [2024-05-03T15:47:25.220+0000] {dag.py:3954} INFO - Setting next_dagrun for example_kubernetes_executor to None, run_after=None
[2024-05-03T15:47:25.240+0000] {processor.py:183} INFO - Processing /home/airflow/.local/lib/python3.12/site-packages/airflow/example_dags/example_kubernetes_executor.py took 0.096 seconds
