[2024-05-03T15:36:34.317+0000] {processor.py:161} INFO - Started process (PID=56) to work on /home/airflow/.local/lib/python3.12/site-packages/airflow/example_dags/example_branch_python_dop_operator_3.py
[2024-05-03T15:36:34.318+0000] {processor.py:830} INFO - Processing file /home/airflow/.local/lib/python3.12/site-packages/airflow/example_dags/example_branch_python_dop_operator_3.py for tasks to queue
[2024-05-03T15:36:34.320+0000] {logging_mixin.py:188} INFO - [2024-05-03T15:36:34.320+0000] {dagbag.py:540} INFO - Filling up the DagBag from /home/airflow/.local/lib/python3.12/site-packages/airflow/example_dags/example_branch_python_dop_operator_3.py
[2024-05-03T15:36:34.361+0000] {processor.py:840} INFO - DAG(s) 'example_branch_dop_operator_v3' retrieved from /home/airflow/.local/lib/python3.12/site-packages/airflow/example_dags/example_branch_python_dop_operator_3.py
[2024-05-03T15:36:34.394+0000] {logging_mixin.py:188} INFO - [2024-05-03T15:36:34.393+0000] {dag.py:3096} INFO - Sync 1 DAGs
[2024-05-03T15:36:34.479+0000] {logging_mixin.py:188} INFO - [2024-05-03T15:36:34.479+0000] {dag.py:3954} INFO - Setting next_dagrun for example_branch_dop_operator_v3 to 2024-05-03 15:35:00+00:00, run_after=2024-05-03 15:36:00+00:00
[2024-05-03T15:36:34.532+0000] {processor.py:183} INFO - Processing /home/airflow/.local/lib/python3.12/site-packages/airflow/example_dags/example_branch_python_dop_operator_3.py took 0.224 seconds
[2024-05-03T15:37:05.785+0000] {processor.py:161} INFO - Started process (PID=117) to work on /home/airflow/.local/lib/python3.12/site-packages/airflow/example_dags/example_branch_python_dop_operator_3.py
[2024-05-03T15:37:05.788+0000] {processor.py:830} INFO - Processing file /home/airflow/.local/lib/python3.12/site-packages/airflow/example_dags/example_branch_python_dop_operator_3.py for tasks to queue
[2024-05-03T15:37:05.806+0000] {logging_mixin.py:188} INFO - [2024-05-03T15:37:05.806+0000] {dagbag.py:540} INFO - Filling up the DagBag from /home/airflow/.local/lib/python3.12/site-packages/airflow/example_dags/example_branch_python_dop_operator_3.py
[2024-05-03T15:37:05.837+0000] {processor.py:840} INFO - DAG(s) 'example_branch_dop_operator_v3' retrieved from /home/airflow/.local/lib/python3.12/site-packages/airflow/example_dags/example_branch_python_dop_operator_3.py
[2024-05-03T15:37:05.917+0000] {logging_mixin.py:188} INFO - [2024-05-03T15:37:05.917+0000] {dag.py:3096} INFO - Sync 1 DAGs
[2024-05-03T15:37:06.159+0000] {logging_mixin.py:188} INFO - [2024-05-03T15:37:06.159+0000] {dag.py:3954} INFO - Setting next_dagrun for example_branch_dop_operator_v3 to 2024-05-03 15:36:00+00:00, run_after=2024-05-03 15:37:00+00:00
[2024-05-03T15:37:06.385+0000] {processor.py:183} INFO - Processing /home/airflow/.local/lib/python3.12/site-packages/airflow/example_dags/example_branch_python_dop_operator_3.py took 0.613 seconds
[2024-05-03T15:37:41.392+0000] {processor.py:161} INFO - Started process (PID=178) to work on /home/airflow/.local/lib/python3.12/site-packages/airflow/example_dags/example_branch_python_dop_operator_3.py
[2024-05-03T15:37:41.399+0000] {processor.py:830} INFO - Processing file /home/airflow/.local/lib/python3.12/site-packages/airflow/example_dags/example_branch_python_dop_operator_3.py for tasks to queue
[2024-05-03T15:37:41.401+0000] {logging_mixin.py:188} INFO - [2024-05-03T15:37:41.400+0000] {dagbag.py:540} INFO - Filling up the DagBag from /home/airflow/.local/lib/python3.12/site-packages/airflow/example_dags/example_branch_python_dop_operator_3.py
[2024-05-03T15:37:41.430+0000] {processor.py:840} INFO - DAG(s) 'example_branch_dop_operator_v3' retrieved from /home/airflow/.local/lib/python3.12/site-packages/airflow/example_dags/example_branch_python_dop_operator_3.py
[2024-05-03T15:37:41.530+0000] {logging_mixin.py:188} INFO - [2024-05-03T15:37:41.526+0000] {dag.py:3096} INFO - Sync 1 DAGs
[2024-05-03T15:37:41.660+0000] {logging_mixin.py:188} INFO - [2024-05-03T15:37:41.660+0000] {dag.py:3954} INFO - Setting next_dagrun for example_branch_dop_operator_v3 to 2024-05-03 15:36:00+00:00, run_after=2024-05-03 15:37:00+00:00
[2024-05-03T15:37:41.737+0000] {processor.py:183} INFO - Processing /home/airflow/.local/lib/python3.12/site-packages/airflow/example_dags/example_branch_python_dop_operator_3.py took 0.351 seconds
[2024-05-03T15:38:12.120+0000] {processor.py:161} INFO - Started process (PID=238) to work on /home/airflow/.local/lib/python3.12/site-packages/airflow/example_dags/example_branch_python_dop_operator_3.py
[2024-05-03T15:38:12.121+0000] {processor.py:830} INFO - Processing file /home/airflow/.local/lib/python3.12/site-packages/airflow/example_dags/example_branch_python_dop_operator_3.py for tasks to queue
[2024-05-03T15:38:12.123+0000] {logging_mixin.py:188} INFO - [2024-05-03T15:38:12.123+0000] {dagbag.py:540} INFO - Filling up the DagBag from /home/airflow/.local/lib/python3.12/site-packages/airflow/example_dags/example_branch_python_dop_operator_3.py
[2024-05-03T15:38:12.134+0000] {processor.py:840} INFO - DAG(s) 'example_branch_dop_operator_v3' retrieved from /home/airflow/.local/lib/python3.12/site-packages/airflow/example_dags/example_branch_python_dop_operator_3.py
[2024-05-03T15:38:12.157+0000] {logging_mixin.py:188} INFO - [2024-05-03T15:38:12.156+0000] {dag.py:3096} INFO - Sync 1 DAGs
[2024-05-03T15:38:12.189+0000] {logging_mixin.py:188} INFO - [2024-05-03T15:38:12.189+0000] {dag.py:3954} INFO - Setting next_dagrun for example_branch_dop_operator_v3 to 2024-05-03 15:37:00+00:00, run_after=2024-05-03 15:38:00+00:00
[2024-05-03T15:38:12.218+0000] {processor.py:183} INFO - Processing /home/airflow/.local/lib/python3.12/site-packages/airflow/example_dags/example_branch_python_dop_operator_3.py took 0.105 seconds
[2024-05-03T15:38:42.979+0000] {processor.py:161} INFO - Started process (PID=299) to work on /home/airflow/.local/lib/python3.12/site-packages/airflow/example_dags/example_branch_python_dop_operator_3.py
[2024-05-03T15:38:42.979+0000] {processor.py:830} INFO - Processing file /home/airflow/.local/lib/python3.12/site-packages/airflow/example_dags/example_branch_python_dop_operator_3.py for tasks to queue
[2024-05-03T15:38:42.981+0000] {logging_mixin.py:188} INFO - [2024-05-03T15:38:42.981+0000] {dagbag.py:540} INFO - Filling up the DagBag from /home/airflow/.local/lib/python3.12/site-packages/airflow/example_dags/example_branch_python_dop_operator_3.py
[2024-05-03T15:38:42.991+0000] {processor.py:840} INFO - DAG(s) 'example_branch_dop_operator_v3' retrieved from /home/airflow/.local/lib/python3.12/site-packages/airflow/example_dags/example_branch_python_dop_operator_3.py
[2024-05-03T15:38:43.017+0000] {logging_mixin.py:188} INFO - [2024-05-03T15:38:43.017+0000] {dag.py:3096} INFO - Sync 1 DAGs
[2024-05-03T15:38:43.054+0000] {logging_mixin.py:188} INFO - [2024-05-03T15:38:43.054+0000] {dag.py:3954} INFO - Setting next_dagrun for example_branch_dop_operator_v3 to 2024-05-03 15:37:00+00:00, run_after=2024-05-03 15:38:00+00:00
[2024-05-03T15:38:43.080+0000] {processor.py:183} INFO - Processing /home/airflow/.local/lib/python3.12/site-packages/airflow/example_dags/example_branch_python_dop_operator_3.py took 0.108 seconds
[2024-05-03T15:39:13.723+0000] {processor.py:161} INFO - Started process (PID=361) to work on /home/airflow/.local/lib/python3.12/site-packages/airflow/example_dags/example_branch_python_dop_operator_3.py
[2024-05-03T15:39:13.724+0000] {processor.py:830} INFO - Processing file /home/airflow/.local/lib/python3.12/site-packages/airflow/example_dags/example_branch_python_dop_operator_3.py for tasks to queue
[2024-05-03T15:39:13.726+0000] {logging_mixin.py:188} INFO - [2024-05-03T15:39:13.726+0000] {dagbag.py:540} INFO - Filling up the DagBag from /home/airflow/.local/lib/python3.12/site-packages/airflow/example_dags/example_branch_python_dop_operator_3.py
[2024-05-03T15:39:13.736+0000] {processor.py:840} INFO - DAG(s) 'example_branch_dop_operator_v3' retrieved from /home/airflow/.local/lib/python3.12/site-packages/airflow/example_dags/example_branch_python_dop_operator_3.py
[2024-05-03T15:39:13.761+0000] {logging_mixin.py:188} INFO - [2024-05-03T15:39:13.760+0000] {dag.py:3096} INFO - Sync 1 DAGs
[2024-05-03T15:39:13.792+0000] {logging_mixin.py:188} INFO - [2024-05-03T15:39:13.792+0000] {dag.py:3954} INFO - Setting next_dagrun for example_branch_dop_operator_v3 to 2024-05-03 15:38:00+00:00, run_after=2024-05-03 15:39:00+00:00
[2024-05-03T15:39:13.823+0000] {processor.py:183} INFO - Processing /home/airflow/.local/lib/python3.12/site-packages/airflow/example_dags/example_branch_python_dop_operator_3.py took 0.107 seconds
[2024-05-03T15:39:44.663+0000] {processor.py:161} INFO - Started process (PID=422) to work on /home/airflow/.local/lib/python3.12/site-packages/airflow/example_dags/example_branch_python_dop_operator_3.py
[2024-05-03T15:39:44.664+0000] {processor.py:830} INFO - Processing file /home/airflow/.local/lib/python3.12/site-packages/airflow/example_dags/example_branch_python_dop_operator_3.py for tasks to queue
[2024-05-03T15:39:44.666+0000] {logging_mixin.py:188} INFO - [2024-05-03T15:39:44.666+0000] {dagbag.py:540} INFO - Filling up the DagBag from /home/airflow/.local/lib/python3.12/site-packages/airflow/example_dags/example_branch_python_dop_operator_3.py
[2024-05-03T15:39:44.678+0000] {processor.py:840} INFO - DAG(s) 'example_branch_dop_operator_v3' retrieved from /home/airflow/.local/lib/python3.12/site-packages/airflow/example_dags/example_branch_python_dop_operator_3.py
[2024-05-03T15:39:44.729+0000] {logging_mixin.py:188} INFO - [2024-05-03T15:39:44.729+0000] {dag.py:3096} INFO - Sync 1 DAGs
[2024-05-03T15:39:44.790+0000] {logging_mixin.py:188} INFO - [2024-05-03T15:39:44.789+0000] {dag.py:3954} INFO - Setting next_dagrun for example_branch_dop_operator_v3 to 2024-05-03 15:38:00+00:00, run_after=2024-05-03 15:39:00+00:00
[2024-05-03T15:39:44.851+0000] {processor.py:183} INFO - Processing /home/airflow/.local/lib/python3.12/site-packages/airflow/example_dags/example_branch_python_dop_operator_3.py took 0.197 seconds
[2024-05-03T15:40:15.305+0000] {processor.py:161} INFO - Started process (PID=483) to work on /home/airflow/.local/lib/python3.12/site-packages/airflow/example_dags/example_branch_python_dop_operator_3.py
[2024-05-03T15:40:15.306+0000] {processor.py:830} INFO - Processing file /home/airflow/.local/lib/python3.12/site-packages/airflow/example_dags/example_branch_python_dop_operator_3.py for tasks to queue
[2024-05-03T15:40:15.308+0000] {logging_mixin.py:188} INFO - [2024-05-03T15:40:15.308+0000] {dagbag.py:540} INFO - Filling up the DagBag from /home/airflow/.local/lib/python3.12/site-packages/airflow/example_dags/example_branch_python_dop_operator_3.py
[2024-05-03T15:40:15.318+0000] {processor.py:840} INFO - DAG(s) 'example_branch_dop_operator_v3' retrieved from /home/airflow/.local/lib/python3.12/site-packages/airflow/example_dags/example_branch_python_dop_operator_3.py
[2024-05-03T15:40:15.355+0000] {logging_mixin.py:188} INFO - [2024-05-03T15:40:15.354+0000] {dag.py:3096} INFO - Sync 1 DAGs
[2024-05-03T15:40:15.391+0000] {logging_mixin.py:188} INFO - [2024-05-03T15:40:15.390+0000] {dag.py:3954} INFO - Setting next_dagrun for example_branch_dop_operator_v3 to 2024-05-03 15:39:00+00:00, run_after=2024-05-03 15:40:00+00:00
[2024-05-03T15:40:15.417+0000] {processor.py:183} INFO - Processing /home/airflow/.local/lib/python3.12/site-packages/airflow/example_dags/example_branch_python_dop_operator_3.py took 0.119 seconds
[2024-05-03T15:40:46.127+0000] {processor.py:161} INFO - Started process (PID=545) to work on /home/airflow/.local/lib/python3.12/site-packages/airflow/example_dags/example_branch_python_dop_operator_3.py
[2024-05-03T15:40:46.128+0000] {processor.py:830} INFO - Processing file /home/airflow/.local/lib/python3.12/site-packages/airflow/example_dags/example_branch_python_dop_operator_3.py for tasks to queue
[2024-05-03T15:40:46.130+0000] {logging_mixin.py:188} INFO - [2024-05-03T15:40:46.130+0000] {dagbag.py:540} INFO - Filling up the DagBag from /home/airflow/.local/lib/python3.12/site-packages/airflow/example_dags/example_branch_python_dop_operator_3.py
[2024-05-03T15:40:46.140+0000] {processor.py:840} INFO - DAG(s) 'example_branch_dop_operator_v3' retrieved from /home/airflow/.local/lib/python3.12/site-packages/airflow/example_dags/example_branch_python_dop_operator_3.py
[2024-05-03T15:40:46.165+0000] {logging_mixin.py:188} INFO - [2024-05-03T15:40:46.165+0000] {dag.py:3096} INFO - Sync 1 DAGs
[2024-05-03T15:40:46.196+0000] {logging_mixin.py:188} INFO - [2024-05-03T15:40:46.196+0000] {dag.py:3954} INFO - Setting next_dagrun for example_branch_dop_operator_v3 to 2024-05-03 15:39:00+00:00, run_after=2024-05-03 15:40:00+00:00
[2024-05-03T15:40:46.223+0000] {processor.py:183} INFO - Processing /home/airflow/.local/lib/python3.12/site-packages/airflow/example_dags/example_branch_python_dop_operator_3.py took 0.103 seconds
[2024-05-03T15:41:17.459+0000] {processor.py:161} INFO - Started process (PID=606) to work on /home/airflow/.local/lib/python3.12/site-packages/airflow/example_dags/example_branch_python_dop_operator_3.py
[2024-05-03T15:41:17.460+0000] {processor.py:830} INFO - Processing file /home/airflow/.local/lib/python3.12/site-packages/airflow/example_dags/example_branch_python_dop_operator_3.py for tasks to queue
[2024-05-03T15:41:17.471+0000] {logging_mixin.py:188} INFO - [2024-05-03T15:41:17.471+0000] {dagbag.py:540} INFO - Filling up the DagBag from /home/airflow/.local/lib/python3.12/site-packages/airflow/example_dags/example_branch_python_dop_operator_3.py
[2024-05-03T15:41:17.506+0000] {processor.py:840} INFO - DAG(s) 'example_branch_dop_operator_v3' retrieved from /home/airflow/.local/lib/python3.12/site-packages/airflow/example_dags/example_branch_python_dop_operator_3.py
[2024-05-03T15:41:17.561+0000] {logging_mixin.py:188} INFO - [2024-05-03T15:41:17.561+0000] {dag.py:3096} INFO - Sync 1 DAGs
[2024-05-03T15:41:17.648+0000] {logging_mixin.py:188} INFO - [2024-05-03T15:41:17.647+0000] {dag.py:3954} INFO - Setting next_dagrun for example_branch_dop_operator_v3 to 2024-05-03 15:40:00+00:00, run_after=2024-05-03 15:41:00+00:00
[2024-05-03T15:41:17.721+0000] {processor.py:183} INFO - Processing /home/airflow/.local/lib/python3.12/site-packages/airflow/example_dags/example_branch_python_dop_operator_3.py took 0.286 seconds
[2024-05-03T15:41:48.206+0000] {processor.py:161} INFO - Started process (PID=667) to work on /home/airflow/.local/lib/python3.12/site-packages/airflow/example_dags/example_branch_python_dop_operator_3.py
[2024-05-03T15:41:48.211+0000] {processor.py:830} INFO - Processing file /home/airflow/.local/lib/python3.12/site-packages/airflow/example_dags/example_branch_python_dop_operator_3.py for tasks to queue
[2024-05-03T15:41:48.219+0000] {logging_mixin.py:188} INFO - [2024-05-03T15:41:48.219+0000] {dagbag.py:540} INFO - Filling up the DagBag from /home/airflow/.local/lib/python3.12/site-packages/airflow/example_dags/example_branch_python_dop_operator_3.py
[2024-05-03T15:41:48.240+0000] {processor.py:840} INFO - DAG(s) 'example_branch_dop_operator_v3' retrieved from /home/airflow/.local/lib/python3.12/site-packages/airflow/example_dags/example_branch_python_dop_operator_3.py
[2024-05-03T15:41:48.305+0000] {logging_mixin.py:188} INFO - [2024-05-03T15:41:48.303+0000] {dag.py:3096} INFO - Sync 1 DAGs
[2024-05-03T15:41:48.423+0000] {logging_mixin.py:188} INFO - [2024-05-03T15:41:48.423+0000] {dag.py:3954} INFO - Setting next_dagrun for example_branch_dop_operator_v3 to 2024-05-03 15:40:00+00:00, run_after=2024-05-03 15:41:00+00:00
[2024-05-03T15:41:48.498+0000] {processor.py:183} INFO - Processing /home/airflow/.local/lib/python3.12/site-packages/airflow/example_dags/example_branch_python_dop_operator_3.py took 0.315 seconds
[2024-05-03T15:42:18.620+0000] {processor.py:161} INFO - Started process (PID=728) to work on /home/airflow/.local/lib/python3.12/site-packages/airflow/example_dags/example_branch_python_dop_operator_3.py
[2024-05-03T15:42:18.621+0000] {processor.py:830} INFO - Processing file /home/airflow/.local/lib/python3.12/site-packages/airflow/example_dags/example_branch_python_dop_operator_3.py for tasks to queue
[2024-05-03T15:42:18.625+0000] {logging_mixin.py:188} INFO - [2024-05-03T15:42:18.625+0000] {dagbag.py:540} INFO - Filling up the DagBag from /home/airflow/.local/lib/python3.12/site-packages/airflow/example_dags/example_branch_python_dop_operator_3.py
[2024-05-03T15:42:18.635+0000] {processor.py:840} INFO - DAG(s) 'example_branch_dop_operator_v3' retrieved from /home/airflow/.local/lib/python3.12/site-packages/airflow/example_dags/example_branch_python_dop_operator_3.py
[2024-05-03T15:42:18.657+0000] {logging_mixin.py:188} INFO - [2024-05-03T15:42:18.657+0000] {dag.py:3096} INFO - Sync 1 DAGs
[2024-05-03T15:42:18.678+0000] {logging_mixin.py:188} INFO - [2024-05-03T15:42:18.678+0000] {dag.py:3954} INFO - Setting next_dagrun for example_branch_dop_operator_v3 to 2024-05-03 15:41:00+00:00, run_after=2024-05-03 15:42:00+00:00
[2024-05-03T15:42:18.698+0000] {processor.py:183} INFO - Processing /home/airflow/.local/lib/python3.12/site-packages/airflow/example_dags/example_branch_python_dop_operator_3.py took 0.085 seconds
[2024-05-03T15:42:48.851+0000] {processor.py:161} INFO - Started process (PID=790) to work on /home/airflow/.local/lib/python3.12/site-packages/airflow/example_dags/example_branch_python_dop_operator_3.py
[2024-05-03T15:42:48.852+0000] {processor.py:830} INFO - Processing file /home/airflow/.local/lib/python3.12/site-packages/airflow/example_dags/example_branch_python_dop_operator_3.py for tasks to queue
[2024-05-03T15:42:48.854+0000] {logging_mixin.py:188} INFO - [2024-05-03T15:42:48.853+0000] {dagbag.py:540} INFO - Filling up the DagBag from /home/airflow/.local/lib/python3.12/site-packages/airflow/example_dags/example_branch_python_dop_operator_3.py
[2024-05-03T15:42:48.864+0000] {processor.py:840} INFO - DAG(s) 'example_branch_dop_operator_v3' retrieved from /home/airflow/.local/lib/python3.12/site-packages/airflow/example_dags/example_branch_python_dop_operator_3.py
[2024-05-03T15:42:48.887+0000] {logging_mixin.py:188} INFO - [2024-05-03T15:42:48.886+0000] {dag.py:3096} INFO - Sync 1 DAGs
[2024-05-03T15:42:48.934+0000] {logging_mixin.py:188} INFO - [2024-05-03T15:42:48.934+0000] {dag.py:3954} INFO - Setting next_dagrun for example_branch_dop_operator_v3 to 2024-05-03 15:41:00+00:00, run_after=2024-05-03 15:42:00+00:00
[2024-05-03T15:42:48.962+0000] {processor.py:183} INFO - Processing /home/airflow/.local/lib/python3.12/site-packages/airflow/example_dags/example_branch_python_dop_operator_3.py took 0.118 seconds
[2024-05-03T15:43:19.673+0000] {processor.py:161} INFO - Started process (PID=851) to work on /home/airflow/.local/lib/python3.12/site-packages/airflow/example_dags/example_branch_python_dop_operator_3.py
[2024-05-03T15:43:19.673+0000] {processor.py:830} INFO - Processing file /home/airflow/.local/lib/python3.12/site-packages/airflow/example_dags/example_branch_python_dop_operator_3.py for tasks to queue
[2024-05-03T15:43:19.675+0000] {logging_mixin.py:188} INFO - [2024-05-03T15:43:19.675+0000] {dagbag.py:540} INFO - Filling up the DagBag from /home/airflow/.local/lib/python3.12/site-packages/airflow/example_dags/example_branch_python_dop_operator_3.py
[2024-05-03T15:43:19.687+0000] {processor.py:840} INFO - DAG(s) 'example_branch_dop_operator_v3' retrieved from /home/airflow/.local/lib/python3.12/site-packages/airflow/example_dags/example_branch_python_dop_operator_3.py
[2024-05-03T15:43:19.702+0000] {logging_mixin.py:188} INFO - [2024-05-03T15:43:19.702+0000] {dag.py:3096} INFO - Sync 1 DAGs
[2024-05-03T15:43:19.730+0000] {logging_mixin.py:188} INFO - [2024-05-03T15:43:19.729+0000] {dag.py:3954} INFO - Setting next_dagrun for example_branch_dop_operator_v3 to 2024-05-03 15:42:00+00:00, run_after=2024-05-03 15:43:00+00:00
[2024-05-03T15:43:19.754+0000] {processor.py:183} INFO - Processing /home/airflow/.local/lib/python3.12/site-packages/airflow/example_dags/example_branch_python_dop_operator_3.py took 0.087 seconds
[2024-05-03T15:43:49.873+0000] {processor.py:161} INFO - Started process (PID=912) to work on /home/airflow/.local/lib/python3.12/site-packages/airflow/example_dags/example_branch_python_dop_operator_3.py
[2024-05-03T15:43:49.874+0000] {processor.py:830} INFO - Processing file /home/airflow/.local/lib/python3.12/site-packages/airflow/example_dags/example_branch_python_dop_operator_3.py for tasks to queue
[2024-05-03T15:43:49.875+0000] {logging_mixin.py:188} INFO - [2024-05-03T15:43:49.875+0000] {dagbag.py:540} INFO - Filling up the DagBag from /home/airflow/.local/lib/python3.12/site-packages/airflow/example_dags/example_branch_python_dop_operator_3.py
[2024-05-03T15:43:49.885+0000] {processor.py:840} INFO - DAG(s) 'example_branch_dop_operator_v3' retrieved from /home/airflow/.local/lib/python3.12/site-packages/airflow/example_dags/example_branch_python_dop_operator_3.py
[2024-05-03T15:43:49.906+0000] {logging_mixin.py:188} INFO - [2024-05-03T15:43:49.906+0000] {dag.py:3096} INFO - Sync 1 DAGs
[2024-05-03T15:43:49.927+0000] {logging_mixin.py:188} INFO - [2024-05-03T15:43:49.926+0000] {dag.py:3954} INFO - Setting next_dagrun for example_branch_dop_operator_v3 to 2024-05-03 15:42:00+00:00, run_after=2024-05-03 15:43:00+00:00
[2024-05-03T15:43:49.948+0000] {processor.py:183} INFO - Processing /home/airflow/.local/lib/python3.12/site-packages/airflow/example_dags/example_branch_python_dop_operator_3.py took 0.079 seconds
[2024-05-03T15:44:20.107+0000] {processor.py:161} INFO - Started process (PID=973) to work on /home/airflow/.local/lib/python3.12/site-packages/airflow/example_dags/example_branch_python_dop_operator_3.py
[2024-05-03T15:44:20.108+0000] {processor.py:830} INFO - Processing file /home/airflow/.local/lib/python3.12/site-packages/airflow/example_dags/example_branch_python_dop_operator_3.py for tasks to queue
[2024-05-03T15:44:20.111+0000] {logging_mixin.py:188} INFO - [2024-05-03T15:44:20.110+0000] {dagbag.py:540} INFO - Filling up the DagBag from /home/airflow/.local/lib/python3.12/site-packages/airflow/example_dags/example_branch_python_dop_operator_3.py
[2024-05-03T15:44:20.121+0000] {processor.py:840} INFO - DAG(s) 'example_branch_dop_operator_v3' retrieved from /home/airflow/.local/lib/python3.12/site-packages/airflow/example_dags/example_branch_python_dop_operator_3.py
[2024-05-03T15:44:20.137+0000] {logging_mixin.py:188} INFO - [2024-05-03T15:44:20.137+0000] {dag.py:3096} INFO - Sync 1 DAGs
[2024-05-03T15:44:20.158+0000] {logging_mixin.py:188} INFO - [2024-05-03T15:44:20.158+0000] {dag.py:3954} INFO - Setting next_dagrun for example_branch_dop_operator_v3 to 2024-05-03 15:43:00+00:00, run_after=2024-05-03 15:44:00+00:00
[2024-05-03T15:44:20.178+0000] {processor.py:183} INFO - Processing /home/airflow/.local/lib/python3.12/site-packages/airflow/example_dags/example_branch_python_dop_operator_3.py took 0.077 seconds
[2024-05-03T15:44:53.354+0000] {processor.py:161} INFO - Started process (PID=1041) to work on /home/airflow/.local/lib/python3.12/site-packages/airflow/example_dags/example_branch_python_dop_operator_3.py
[2024-05-03T15:44:53.355+0000] {processor.py:830} INFO - Processing file /home/airflow/.local/lib/python3.12/site-packages/airflow/example_dags/example_branch_python_dop_operator_3.py for tasks to queue
[2024-05-03T15:44:53.359+0000] {logging_mixin.py:188} INFO - [2024-05-03T15:44:53.359+0000] {dagbag.py:540} INFO - Filling up the DagBag from /home/airflow/.local/lib/python3.12/site-packages/airflow/example_dags/example_branch_python_dop_operator_3.py
[2024-05-03T15:44:53.393+0000] {processor.py:840} INFO - DAG(s) 'example_branch_dop_operator_v3' retrieved from /home/airflow/.local/lib/python3.12/site-packages/airflow/example_dags/example_branch_python_dop_operator_3.py
[2024-05-03T15:44:53.478+0000] {logging_mixin.py:188} INFO - [2024-05-03T15:44:53.477+0000] {dag.py:3096} INFO - Sync 1 DAGs
[2024-05-03T15:44:53.604+0000] {logging_mixin.py:188} INFO - [2024-05-03T15:44:53.604+0000] {dag.py:3954} INFO - Setting next_dagrun for example_branch_dop_operator_v3 to 2024-05-03 15:43:00+00:00, run_after=2024-05-03 15:44:00+00:00
[2024-05-03T15:44:53.684+0000] {processor.py:183} INFO - Processing /home/airflow/.local/lib/python3.12/site-packages/airflow/example_dags/example_branch_python_dop_operator_3.py took 0.383 seconds
[2024-05-03T15:45:24.313+0000] {processor.py:161} INFO - Started process (PID=1102) to work on /home/airflow/.local/lib/python3.12/site-packages/airflow/example_dags/example_branch_python_dop_operator_3.py
[2024-05-03T15:45:24.315+0000] {processor.py:830} INFO - Processing file /home/airflow/.local/lib/python3.12/site-packages/airflow/example_dags/example_branch_python_dop_operator_3.py for tasks to queue
[2024-05-03T15:45:24.319+0000] {logging_mixin.py:188} INFO - [2024-05-03T15:45:24.319+0000] {dagbag.py:540} INFO - Filling up the DagBag from /home/airflow/.local/lib/python3.12/site-packages/airflow/example_dags/example_branch_python_dop_operator_3.py
[2024-05-03T15:45:24.350+0000] {processor.py:840} INFO - DAG(s) 'example_branch_dop_operator_v3' retrieved from /home/airflow/.local/lib/python3.12/site-packages/airflow/example_dags/example_branch_python_dop_operator_3.py
[2024-05-03T15:45:24.431+0000] {logging_mixin.py:188} INFO - [2024-05-03T15:45:24.430+0000] {dag.py:3096} INFO - Sync 1 DAGs
[2024-05-03T15:45:24.501+0000] {logging_mixin.py:188} INFO - [2024-05-03T15:45:24.500+0000] {dag.py:3954} INFO - Setting next_dagrun for example_branch_dop_operator_v3 to 2024-05-03 15:44:00+00:00, run_after=2024-05-03 15:45:00+00:00
[2024-05-03T15:45:24.570+0000] {processor.py:183} INFO - Processing /home/airflow/.local/lib/python3.12/site-packages/airflow/example_dags/example_branch_python_dop_operator_3.py took 0.274 seconds
[2024-05-03T15:45:55.238+0000] {processor.py:161} INFO - Started process (PID=1163) to work on /home/airflow/.local/lib/python3.12/site-packages/airflow/example_dags/example_branch_python_dop_operator_3.py
[2024-05-03T15:45:55.245+0000] {processor.py:830} INFO - Processing file /home/airflow/.local/lib/python3.12/site-packages/airflow/example_dags/example_branch_python_dop_operator_3.py for tasks to queue
[2024-05-03T15:45:55.247+0000] {logging_mixin.py:188} INFO - [2024-05-03T15:45:55.247+0000] {dagbag.py:540} INFO - Filling up the DagBag from /home/airflow/.local/lib/python3.12/site-packages/airflow/example_dags/example_branch_python_dop_operator_3.py
[2024-05-03T15:45:55.269+0000] {processor.py:840} INFO - DAG(s) 'example_branch_dop_operator_v3' retrieved from /home/airflow/.local/lib/python3.12/site-packages/airflow/example_dags/example_branch_python_dop_operator_3.py
[2024-05-03T15:45:55.340+0000] {logging_mixin.py:188} INFO - [2024-05-03T15:45:55.333+0000] {dag.py:3096} INFO - Sync 1 DAGs
[2024-05-03T15:45:55.431+0000] {logging_mixin.py:188} INFO - [2024-05-03T15:45:55.431+0000] {dag.py:3954} INFO - Setting next_dagrun for example_branch_dop_operator_v3 to 2024-05-03 15:44:00+00:00, run_after=2024-05-03 15:45:00+00:00
[2024-05-03T15:45:55.471+0000] {processor.py:183} INFO - Processing /home/airflow/.local/lib/python3.12/site-packages/airflow/example_dags/example_branch_python_dop_operator_3.py took 0.262 seconds
[2024-05-03T15:46:25.690+0000] {processor.py:161} INFO - Started process (PID=1224) to work on /home/airflow/.local/lib/python3.12/site-packages/airflow/example_dags/example_branch_python_dop_operator_3.py
[2024-05-03T15:46:25.698+0000] {processor.py:830} INFO - Processing file /home/airflow/.local/lib/python3.12/site-packages/airflow/example_dags/example_branch_python_dop_operator_3.py for tasks to queue
[2024-05-03T15:46:25.700+0000] {logging_mixin.py:188} INFO - [2024-05-03T15:46:25.699+0000] {dagbag.py:540} INFO - Filling up the DagBag from /home/airflow/.local/lib/python3.12/site-packages/airflow/example_dags/example_branch_python_dop_operator_3.py
[2024-05-03T15:46:25.725+0000] {processor.py:840} INFO - DAG(s) 'example_branch_dop_operator_v3' retrieved from /home/airflow/.local/lib/python3.12/site-packages/airflow/example_dags/example_branch_python_dop_operator_3.py
[2024-05-03T15:46:25.838+0000] {logging_mixin.py:188} INFO - [2024-05-03T15:46:25.837+0000] {dag.py:3096} INFO - Sync 1 DAGs
[2024-05-03T15:46:25.893+0000] {logging_mixin.py:188} INFO - [2024-05-03T15:46:25.893+0000] {dag.py:3954} INFO - Setting next_dagrun for example_branch_dop_operator_v3 to 2024-05-03 15:45:00+00:00, run_after=2024-05-03 15:46:00+00:00
[2024-05-03T15:46:25.963+0000] {processor.py:183} INFO - Processing /home/airflow/.local/lib/python3.12/site-packages/airflow/example_dags/example_branch_python_dop_operator_3.py took 0.292 seconds
[2024-05-03T15:46:56.058+0000] {processor.py:161} INFO - Started process (PID=1286) to work on /home/airflow/.local/lib/python3.12/site-packages/airflow/example_dags/example_branch_python_dop_operator_3.py
[2024-05-03T15:46:56.058+0000] {processor.py:830} INFO - Processing file /home/airflow/.local/lib/python3.12/site-packages/airflow/example_dags/example_branch_python_dop_operator_3.py for tasks to queue
[2024-05-03T15:46:56.060+0000] {logging_mixin.py:188} INFO - [2024-05-03T15:46:56.060+0000] {dagbag.py:540} INFO - Filling up the DagBag from /home/airflow/.local/lib/python3.12/site-packages/airflow/example_dags/example_branch_python_dop_operator_3.py
[2024-05-03T15:46:56.071+0000] {processor.py:840} INFO - DAG(s) 'example_branch_dop_operator_v3' retrieved from /home/airflow/.local/lib/python3.12/site-packages/airflow/example_dags/example_branch_python_dop_operator_3.py
[2024-05-03T15:46:56.086+0000] {logging_mixin.py:188} INFO - [2024-05-03T15:46:56.086+0000] {dag.py:3096} INFO - Sync 1 DAGs
[2024-05-03T15:46:56.109+0000] {logging_mixin.py:188} INFO - [2024-05-03T15:46:56.108+0000] {dag.py:3954} INFO - Setting next_dagrun for example_branch_dop_operator_v3 to 2024-05-03 15:45:00+00:00, run_after=2024-05-03 15:46:00+00:00
[2024-05-03T15:46:56.128+0000] {processor.py:183} INFO - Processing /home/airflow/.local/lib/python3.12/site-packages/airflow/example_dags/example_branch_python_dop_operator_3.py took 0.076 seconds
[2024-05-03T15:47:26.219+0000] {processor.py:161} INFO - Started process (PID=1347) to work on /home/airflow/.local/lib/python3.12/site-packages/airflow/example_dags/example_branch_python_dop_operator_3.py
[2024-05-03T15:47:26.220+0000] {processor.py:830} INFO - Processing file /home/airflow/.local/lib/python3.12/site-packages/airflow/example_dags/example_branch_python_dop_operator_3.py for tasks to queue
[2024-05-03T15:47:26.222+0000] {logging_mixin.py:188} INFO - [2024-05-03T15:47:26.222+0000] {dagbag.py:540} INFO - Filling up the DagBag from /home/airflow/.local/lib/python3.12/site-packages/airflow/example_dags/example_branch_python_dop_operator_3.py
[2024-05-03T15:47:26.232+0000] {processor.py:840} INFO - DAG(s) 'example_branch_dop_operator_v3' retrieved from /home/airflow/.local/lib/python3.12/site-packages/airflow/example_dags/example_branch_python_dop_operator_3.py
[2024-05-03T15:47:26.259+0000] {logging_mixin.py:188} INFO - [2024-05-03T15:47:26.258+0000] {dag.py:3096} INFO - Sync 1 DAGs
[2024-05-03T15:47:26.291+0000] {logging_mixin.py:188} INFO - [2024-05-03T15:47:26.291+0000] {dag.py:3954} INFO - Setting next_dagrun for example_branch_dop_operator_v3 to 2024-05-03 15:46:00+00:00, run_after=2024-05-03 15:47:00+00:00
[2024-05-03T15:47:26.318+0000] {processor.py:183} INFO - Processing /home/airflow/.local/lib/python3.12/site-packages/airflow/example_dags/example_branch_python_dop_operator_3.py took 0.105 seconds
