[2024-05-03T15:36:33.380+0000] {processor.py:161} INFO - Started process (PID=52) to work on /home/airflow/.local/lib/python3.12/site-packages/airflow/example_dags/example_datasets.py
[2024-05-03T15:36:33.380+0000] {processor.py:830} INFO - Processing file /home/airflow/.local/lib/python3.12/site-packages/airflow/example_dags/example_datasets.py for tasks to queue
[2024-05-03T15:36:33.386+0000] {logging_mixin.py:188} INFO - [2024-05-03T15:36:33.386+0000] {dagbag.py:540} INFO - Filling up the DagBag from /home/airflow/.local/lib/python3.12/site-packages/airflow/example_dags/example_datasets.py
[2024-05-03T15:36:33.489+0000] {processor.py:840} INFO - DAG(s) 'dataset_consumes_1', 'dataset_consumes_unknown_never_scheduled', 'dataset_consumes_1_and_2', 'consume_1_or_2_with_dataset_expressions', 'dataset_produces_2', 'conditional_dataset_and_time_based_timetable', 'dataset_consumes_1_never_scheduled', 'dataset_produces_1', 'consume_1_or_both_2_and_3_with_dataset_expressions', 'consume_1_and_2_with_dataset_expressions' retrieved from /home/airflow/.local/lib/python3.12/site-packages/airflow/example_dags/example_datasets.py
[2024-05-03T15:36:33.754+0000] {logging_mixin.py:188} INFO - [2024-05-03T15:36:33.753+0000] {dag.py:3096} INFO - Sync 10 DAGs
[2024-05-03T15:36:33.836+0000] {logging_mixin.py:188} INFO - [2024-05-03T15:36:33.836+0000] {dag.py:3954} INFO - Setting next_dagrun for conditional_dataset_and_time_based_timetable to 2024-05-01 01:00:00+00:00, run_after=2024-05-01 01:00:00+00:00
[2024-05-03T15:36:33.843+0000] {logging_mixin.py:188} INFO - [2024-05-03T15:36:33.843+0000] {dag.py:3954} INFO - Setting next_dagrun for consume_1_and_2_with_dataset_expressions to None, run_after=None
[2024-05-03T15:36:33.850+0000] {logging_mixin.py:188} INFO - [2024-05-03T15:36:33.850+0000] {dag.py:3954} INFO - Setting next_dagrun for consume_1_or_2_with_dataset_expressions to None, run_after=None
[2024-05-03T15:36:33.851+0000] {logging_mixin.py:188} INFO - [2024-05-03T15:36:33.851+0000] {dag.py:3954} INFO - Setting next_dagrun for consume_1_or_both_2_and_3_with_dataset_expressions to None, run_after=None
[2024-05-03T15:36:33.854+0000] {logging_mixin.py:188} INFO - [2024-05-03T15:36:33.854+0000] {dag.py:3954} INFO - Setting next_dagrun for dataset_consumes_1 to None, run_after=None
[2024-05-03T15:36:33.858+0000] {logging_mixin.py:188} INFO - [2024-05-03T15:36:33.858+0000] {dag.py:3954} INFO - Setting next_dagrun for dataset_consumes_1_and_2 to None, run_after=None
[2024-05-03T15:36:33.859+0000] {logging_mixin.py:188} INFO - [2024-05-03T15:36:33.859+0000] {dag.py:3954} INFO - Setting next_dagrun for dataset_consumes_1_never_scheduled to None, run_after=None
[2024-05-03T15:36:33.862+0000] {logging_mixin.py:188} INFO - [2024-05-03T15:36:33.862+0000] {dag.py:3954} INFO - Setting next_dagrun for dataset_consumes_unknown_never_scheduled to None, run_after=None
[2024-05-03T15:36:33.872+0000] {logging_mixin.py:188} INFO - [2024-05-03T15:36:33.872+0000] {dag.py:3954} INFO - Setting next_dagrun for dataset_produces_1 to 2024-05-02 00:00:00+00:00, run_after=2024-05-03 00:00:00+00:00
[2024-05-03T15:36:33.898+0000] {logging_mixin.py:188} INFO - [2024-05-03T15:36:33.897+0000] {dag.py:3954} INFO - Setting next_dagrun for dataset_produces_2 to None, run_after=None
[2024-05-03T15:36:33.986+0000] {processor.py:183} INFO - Processing /home/airflow/.local/lib/python3.12/site-packages/airflow/example_dags/example_datasets.py took 0.635 seconds
[2024-05-03T15:37:05.041+0000] {processor.py:161} INFO - Started process (PID=113) to work on /home/airflow/.local/lib/python3.12/site-packages/airflow/example_dags/example_datasets.py
[2024-05-03T15:37:05.046+0000] {processor.py:830} INFO - Processing file /home/airflow/.local/lib/python3.12/site-packages/airflow/example_dags/example_datasets.py for tasks to queue
[2024-05-03T15:37:05.050+0000] {logging_mixin.py:188} INFO - [2024-05-03T15:37:05.049+0000] {dagbag.py:540} INFO - Filling up the DagBag from /home/airflow/.local/lib/python3.12/site-packages/airflow/example_dags/example_datasets.py
[2024-05-03T15:37:05.148+0000] {processor.py:840} INFO - DAG(s) 'consume_1_and_2_with_dataset_expressions', 'dataset_produces_1', 'dataset_consumes_1_never_scheduled', 'consume_1_or_2_with_dataset_expressions', 'dataset_consumes_1', 'consume_1_or_both_2_and_3_with_dataset_expressions', 'dataset_produces_2', 'dataset_consumes_unknown_never_scheduled', 'conditional_dataset_and_time_based_timetable', 'dataset_consumes_1_and_2' retrieved from /home/airflow/.local/lib/python3.12/site-packages/airflow/example_dags/example_datasets.py
[2024-05-03T15:37:05.332+0000] {logging_mixin.py:188} INFO - [2024-05-03T15:37:05.331+0000] {dag.py:3096} INFO - Sync 10 DAGs
[2024-05-03T15:37:05.427+0000] {logging_mixin.py:188} INFO - [2024-05-03T15:37:05.427+0000] {dag.py:3954} INFO - Setting next_dagrun for conditional_dataset_and_time_based_timetable to 2024-05-01 01:00:00+00:00, run_after=2024-05-01 01:00:00+00:00
[2024-05-03T15:37:05.437+0000] {logging_mixin.py:188} INFO - [2024-05-03T15:37:05.436+0000] {dag.py:3954} INFO - Setting next_dagrun for consume_1_and_2_with_dataset_expressions to None, run_after=None
[2024-05-03T15:37:05.441+0000] {logging_mixin.py:188} INFO - [2024-05-03T15:37:05.441+0000] {dag.py:3954} INFO - Setting next_dagrun for consume_1_or_2_with_dataset_expressions to None, run_after=None
[2024-05-03T15:37:05.443+0000] {logging_mixin.py:188} INFO - [2024-05-03T15:37:05.443+0000] {dag.py:3954} INFO - Setting next_dagrun for consume_1_or_both_2_and_3_with_dataset_expressions to None, run_after=None
[2024-05-03T15:37:05.447+0000] {logging_mixin.py:188} INFO - [2024-05-03T15:37:05.446+0000] {dag.py:3954} INFO - Setting next_dagrun for dataset_consumes_1 to None, run_after=None
[2024-05-03T15:37:05.452+0000] {logging_mixin.py:188} INFO - [2024-05-03T15:37:05.451+0000] {dag.py:3954} INFO - Setting next_dagrun for dataset_consumes_1_and_2 to None, run_after=None
[2024-05-03T15:37:05.454+0000] {logging_mixin.py:188} INFO - [2024-05-03T15:37:05.454+0000] {dag.py:3954} INFO - Setting next_dagrun for dataset_consumes_1_never_scheduled to None, run_after=None
[2024-05-03T15:37:05.457+0000] {logging_mixin.py:188} INFO - [2024-05-03T15:37:05.456+0000] {dag.py:3954} INFO - Setting next_dagrun for dataset_consumes_unknown_never_scheduled to None, run_after=None
[2024-05-03T15:37:05.464+0000] {logging_mixin.py:188} INFO - [2024-05-03T15:37:05.464+0000] {dag.py:3954} INFO - Setting next_dagrun for dataset_produces_1 to 2024-05-02 00:00:00+00:00, run_after=2024-05-03 00:00:00+00:00
[2024-05-03T15:37:05.466+0000] {logging_mixin.py:188} INFO - [2024-05-03T15:37:05.466+0000] {dag.py:3954} INFO - Setting next_dagrun for dataset_produces_2 to None, run_after=None
[2024-05-03T15:37:05.561+0000] {processor.py:183} INFO - Processing /home/airflow/.local/lib/python3.12/site-packages/airflow/example_dags/example_datasets.py took 0.533 seconds
[2024-05-03T15:37:39.856+0000] {processor.py:161} INFO - Started process (PID=174) to work on /home/airflow/.local/lib/python3.12/site-packages/airflow/example_dags/example_datasets.py
[2024-05-03T15:37:39.861+0000] {processor.py:830} INFO - Processing file /home/airflow/.local/lib/python3.12/site-packages/airflow/example_dags/example_datasets.py for tasks to queue
[2024-05-03T15:37:39.863+0000] {logging_mixin.py:188} INFO - [2024-05-03T15:37:39.863+0000] {dagbag.py:540} INFO - Filling up the DagBag from /home/airflow/.local/lib/python3.12/site-packages/airflow/example_dags/example_datasets.py
[2024-05-03T15:37:39.957+0000] {processor.py:840} INFO - DAG(s) 'consume_1_or_2_with_dataset_expressions', 'dataset_consumes_1_and_2', 'dataset_consumes_1_never_scheduled', 'conditional_dataset_and_time_based_timetable', 'dataset_consumes_unknown_never_scheduled', 'dataset_consumes_1', 'consume_1_or_both_2_and_3_with_dataset_expressions', 'dataset_produces_1', 'dataset_produces_2', 'consume_1_and_2_with_dataset_expressions' retrieved from /home/airflow/.local/lib/python3.12/site-packages/airflow/example_dags/example_datasets.py
[2024-05-03T15:37:40.113+0000] {logging_mixin.py:188} INFO - [2024-05-03T15:37:40.112+0000] {dag.py:3096} INFO - Sync 10 DAGs
[2024-05-03T15:37:40.219+0000] {logging_mixin.py:188} INFO - [2024-05-03T15:37:40.217+0000] {dag.py:3954} INFO - Setting next_dagrun for conditional_dataset_and_time_based_timetable to 2024-05-01 01:00:00+00:00, run_after=2024-05-01 01:00:00+00:00
[2024-05-03T15:37:40.231+0000] {logging_mixin.py:188} INFO - [2024-05-03T15:37:40.231+0000] {dag.py:3954} INFO - Setting next_dagrun for consume_1_and_2_with_dataset_expressions to None, run_after=None
[2024-05-03T15:37:40.236+0000] {logging_mixin.py:188} INFO - [2024-05-03T15:37:40.236+0000] {dag.py:3954} INFO - Setting next_dagrun for consume_1_or_2_with_dataset_expressions to None, run_after=None
[2024-05-03T15:37:40.240+0000] {logging_mixin.py:188} INFO - [2024-05-03T15:37:40.240+0000] {dag.py:3954} INFO - Setting next_dagrun for consume_1_or_both_2_and_3_with_dataset_expressions to None, run_after=None
[2024-05-03T15:37:40.246+0000] {logging_mixin.py:188} INFO - [2024-05-03T15:37:40.246+0000] {dag.py:3954} INFO - Setting next_dagrun for dataset_consumes_1 to None, run_after=None
[2024-05-03T15:37:40.250+0000] {logging_mixin.py:188} INFO - [2024-05-03T15:37:40.249+0000] {dag.py:3954} INFO - Setting next_dagrun for dataset_consumes_1_and_2 to None, run_after=None
[2024-05-03T15:37:40.252+0000] {logging_mixin.py:188} INFO - [2024-05-03T15:37:40.252+0000] {dag.py:3954} INFO - Setting next_dagrun for dataset_consumes_1_never_scheduled to None, run_after=None
[2024-05-03T15:37:40.256+0000] {logging_mixin.py:188} INFO - [2024-05-03T15:37:40.256+0000] {dag.py:3954} INFO - Setting next_dagrun for dataset_consumes_unknown_never_scheduled to None, run_after=None
[2024-05-03T15:37:40.269+0000] {logging_mixin.py:188} INFO - [2024-05-03T15:37:40.266+0000] {dag.py:3954} INFO - Setting next_dagrun for dataset_produces_1 to 2024-05-02 00:00:00+00:00, run_after=2024-05-03 00:00:00+00:00
[2024-05-03T15:37:40.270+0000] {logging_mixin.py:188} INFO - [2024-05-03T15:37:40.270+0000] {dag.py:3954} INFO - Setting next_dagrun for dataset_produces_2 to None, run_after=None
[2024-05-03T15:37:40.407+0000] {processor.py:183} INFO - Processing /home/airflow/.local/lib/python3.12/site-packages/airflow/example_dags/example_datasets.py took 0.562 seconds
[2024-05-03T15:38:10.849+0000] {processor.py:161} INFO - Started process (PID=234) to work on /home/airflow/.local/lib/python3.12/site-packages/airflow/example_dags/example_datasets.py
[2024-05-03T15:38:10.850+0000] {processor.py:830} INFO - Processing file /home/airflow/.local/lib/python3.12/site-packages/airflow/example_dags/example_datasets.py for tasks to queue
[2024-05-03T15:38:10.851+0000] {logging_mixin.py:188} INFO - [2024-05-03T15:38:10.851+0000] {dagbag.py:540} INFO - Filling up the DagBag from /home/airflow/.local/lib/python3.12/site-packages/airflow/example_dags/example_datasets.py
[2024-05-03T15:38:10.865+0000] {processor.py:840} INFO - DAG(s) 'consume_1_or_both_2_and_3_with_dataset_expressions', 'dataset_consumes_1_never_scheduled', 'dataset_consumes_unknown_never_scheduled', 'dataset_produces_1', 'dataset_consumes_1', 'conditional_dataset_and_time_based_timetable', 'dataset_produces_2', 'consume_1_or_2_with_dataset_expressions', 'dataset_consumes_1_and_2', 'consume_1_and_2_with_dataset_expressions' retrieved from /home/airflow/.local/lib/python3.12/site-packages/airflow/example_dags/example_datasets.py
[2024-05-03T15:38:10.903+0000] {logging_mixin.py:188} INFO - [2024-05-03T15:38:10.903+0000] {dag.py:3096} INFO - Sync 10 DAGs
[2024-05-03T15:38:10.923+0000] {logging_mixin.py:188} INFO - [2024-05-03T15:38:10.923+0000] {dag.py:3954} INFO - Setting next_dagrun for conditional_dataset_and_time_based_timetable to 2024-05-01 01:00:00+00:00, run_after=2024-05-01 01:00:00+00:00
[2024-05-03T15:38:10.926+0000] {logging_mixin.py:188} INFO - [2024-05-03T15:38:10.926+0000] {dag.py:3954} INFO - Setting next_dagrun for consume_1_and_2_with_dataset_expressions to None, run_after=None
[2024-05-03T15:38:10.927+0000] {logging_mixin.py:188} INFO - [2024-05-03T15:38:10.927+0000] {dag.py:3954} INFO - Setting next_dagrun for consume_1_or_2_with_dataset_expressions to None, run_after=None
[2024-05-03T15:38:10.928+0000] {logging_mixin.py:188} INFO - [2024-05-03T15:38:10.928+0000] {dag.py:3954} INFO - Setting next_dagrun for consume_1_or_both_2_and_3_with_dataset_expressions to None, run_after=None
[2024-05-03T15:38:10.929+0000] {logging_mixin.py:188} INFO - [2024-05-03T15:38:10.929+0000] {dag.py:3954} INFO - Setting next_dagrun for dataset_consumes_1 to None, run_after=None
[2024-05-03T15:38:10.930+0000] {logging_mixin.py:188} INFO - [2024-05-03T15:38:10.930+0000] {dag.py:3954} INFO - Setting next_dagrun for dataset_consumes_1_and_2 to None, run_after=None
[2024-05-03T15:38:10.931+0000] {logging_mixin.py:188} INFO - [2024-05-03T15:38:10.931+0000] {dag.py:3954} INFO - Setting next_dagrun for dataset_consumes_1_never_scheduled to None, run_after=None
[2024-05-03T15:38:10.932+0000] {logging_mixin.py:188} INFO - [2024-05-03T15:38:10.932+0000] {dag.py:3954} INFO - Setting next_dagrun for dataset_consumes_unknown_never_scheduled to None, run_after=None
[2024-05-03T15:38:10.935+0000] {logging_mixin.py:188} INFO - [2024-05-03T15:38:10.935+0000] {dag.py:3954} INFO - Setting next_dagrun for dataset_produces_1 to 2024-05-02 00:00:00+00:00, run_after=2024-05-03 00:00:00+00:00
[2024-05-03T15:38:10.937+0000] {logging_mixin.py:188} INFO - [2024-05-03T15:38:10.936+0000] {dag.py:3954} INFO - Setting next_dagrun for dataset_produces_2 to None, run_after=None
[2024-05-03T15:38:10.980+0000] {processor.py:183} INFO - Processing /home/airflow/.local/lib/python3.12/site-packages/airflow/example_dags/example_datasets.py took 0.136 seconds
[2024-05-03T15:38:41.797+0000] {processor.py:161} INFO - Started process (PID=295) to work on /home/airflow/.local/lib/python3.12/site-packages/airflow/example_dags/example_datasets.py
[2024-05-03T15:38:41.797+0000] {processor.py:830} INFO - Processing file /home/airflow/.local/lib/python3.12/site-packages/airflow/example_dags/example_datasets.py for tasks to queue
[2024-05-03T15:38:41.799+0000] {logging_mixin.py:188} INFO - [2024-05-03T15:38:41.799+0000] {dagbag.py:540} INFO - Filling up the DagBag from /home/airflow/.local/lib/python3.12/site-packages/airflow/example_dags/example_datasets.py
[2024-05-03T15:38:41.811+0000] {processor.py:840} INFO - DAG(s) 'dataset_consumes_1_never_scheduled', 'dataset_consumes_1', 'consume_1_or_both_2_and_3_with_dataset_expressions', 'conditional_dataset_and_time_based_timetable', 'dataset_consumes_1_and_2', 'dataset_produces_2', 'consume_1_or_2_with_dataset_expressions', 'consume_1_and_2_with_dataset_expressions', 'dataset_produces_1', 'dataset_consumes_unknown_never_scheduled' retrieved from /home/airflow/.local/lib/python3.12/site-packages/airflow/example_dags/example_datasets.py
[2024-05-03T15:38:41.861+0000] {logging_mixin.py:188} INFO - [2024-05-03T15:38:41.860+0000] {dag.py:3096} INFO - Sync 10 DAGs
[2024-05-03T15:38:41.881+0000] {logging_mixin.py:188} INFO - [2024-05-03T15:38:41.881+0000] {dag.py:3954} INFO - Setting next_dagrun for conditional_dataset_and_time_based_timetable to 2024-05-01 01:00:00+00:00, run_after=2024-05-01 01:00:00+00:00
[2024-05-03T15:38:41.885+0000] {logging_mixin.py:188} INFO - [2024-05-03T15:38:41.885+0000] {dag.py:3954} INFO - Setting next_dagrun for consume_1_and_2_with_dataset_expressions to None, run_after=None
[2024-05-03T15:38:41.886+0000] {logging_mixin.py:188} INFO - [2024-05-03T15:38:41.886+0000] {dag.py:3954} INFO - Setting next_dagrun for consume_1_or_2_with_dataset_expressions to None, run_after=None
[2024-05-03T15:38:41.887+0000] {logging_mixin.py:188} INFO - [2024-05-03T15:38:41.887+0000] {dag.py:3954} INFO - Setting next_dagrun for consume_1_or_both_2_and_3_with_dataset_expressions to None, run_after=None
[2024-05-03T15:38:41.888+0000] {logging_mixin.py:188} INFO - [2024-05-03T15:38:41.888+0000] {dag.py:3954} INFO - Setting next_dagrun for dataset_consumes_1 to None, run_after=None
[2024-05-03T15:38:41.889+0000] {logging_mixin.py:188} INFO - [2024-05-03T15:38:41.889+0000] {dag.py:3954} INFO - Setting next_dagrun for dataset_consumes_1_and_2 to None, run_after=None
[2024-05-03T15:38:41.890+0000] {logging_mixin.py:188} INFO - [2024-05-03T15:38:41.890+0000] {dag.py:3954} INFO - Setting next_dagrun for dataset_consumes_1_never_scheduled to None, run_after=None
[2024-05-03T15:38:41.891+0000] {logging_mixin.py:188} INFO - [2024-05-03T15:38:41.891+0000] {dag.py:3954} INFO - Setting next_dagrun for dataset_consumes_unknown_never_scheduled to None, run_after=None
[2024-05-03T15:38:41.893+0000] {logging_mixin.py:188} INFO - [2024-05-03T15:38:41.893+0000] {dag.py:3954} INFO - Setting next_dagrun for dataset_produces_1 to 2024-05-02 00:00:00+00:00, run_after=2024-05-03 00:00:00+00:00
[2024-05-03T15:38:41.894+0000] {logging_mixin.py:188} INFO - [2024-05-03T15:38:41.894+0000] {dag.py:3954} INFO - Setting next_dagrun for dataset_produces_2 to None, run_after=None
[2024-05-03T15:38:41.929+0000] {processor.py:183} INFO - Processing /home/airflow/.local/lib/python3.12/site-packages/airflow/example_dags/example_datasets.py took 0.137 seconds
[2024-05-03T15:39:12.451+0000] {processor.py:161} INFO - Started process (PID=357) to work on /home/airflow/.local/lib/python3.12/site-packages/airflow/example_dags/example_datasets.py
[2024-05-03T15:39:12.452+0000] {processor.py:830} INFO - Processing file /home/airflow/.local/lib/python3.12/site-packages/airflow/example_dags/example_datasets.py for tasks to queue
[2024-05-03T15:39:12.455+0000] {logging_mixin.py:188} INFO - [2024-05-03T15:39:12.454+0000] {dagbag.py:540} INFO - Filling up the DagBag from /home/airflow/.local/lib/python3.12/site-packages/airflow/example_dags/example_datasets.py
[2024-05-03T15:39:12.471+0000] {processor.py:840} INFO - DAG(s) 'consume_1_or_both_2_and_3_with_dataset_expressions', 'dataset_consumes_1_and_2', 'dataset_produces_2', 'consume_1_or_2_with_dataset_expressions', 'conditional_dataset_and_time_based_timetable', 'dataset_produces_1', 'consume_1_and_2_with_dataset_expressions', 'dataset_consumes_unknown_never_scheduled', 'dataset_consumes_1', 'dataset_consumes_1_never_scheduled' retrieved from /home/airflow/.local/lib/python3.12/site-packages/airflow/example_dags/example_datasets.py
[2024-05-03T15:39:12.510+0000] {logging_mixin.py:188} INFO - [2024-05-03T15:39:12.510+0000] {dag.py:3096} INFO - Sync 10 DAGs
[2024-05-03T15:39:12.531+0000] {logging_mixin.py:188} INFO - [2024-05-03T15:39:12.530+0000] {dag.py:3954} INFO - Setting next_dagrun for conditional_dataset_and_time_based_timetable to 2024-05-01 01:00:00+00:00, run_after=2024-05-01 01:00:00+00:00
[2024-05-03T15:39:12.534+0000] {logging_mixin.py:188} INFO - [2024-05-03T15:39:12.533+0000] {dag.py:3954} INFO - Setting next_dagrun for consume_1_and_2_with_dataset_expressions to None, run_after=None
[2024-05-03T15:39:12.535+0000] {logging_mixin.py:188} INFO - [2024-05-03T15:39:12.534+0000] {dag.py:3954} INFO - Setting next_dagrun for consume_1_or_2_with_dataset_expressions to None, run_after=None
[2024-05-03T15:39:12.536+0000] {logging_mixin.py:188} INFO - [2024-05-03T15:39:12.535+0000] {dag.py:3954} INFO - Setting next_dagrun for consume_1_or_both_2_and_3_with_dataset_expressions to None, run_after=None
[2024-05-03T15:39:12.537+0000] {logging_mixin.py:188} INFO - [2024-05-03T15:39:12.536+0000] {dag.py:3954} INFO - Setting next_dagrun for dataset_consumes_1 to None, run_after=None
[2024-05-03T15:39:12.538+0000] {logging_mixin.py:188} INFO - [2024-05-03T15:39:12.537+0000] {dag.py:3954} INFO - Setting next_dagrun for dataset_consumes_1_and_2 to None, run_after=None
[2024-05-03T15:39:12.539+0000] {logging_mixin.py:188} INFO - [2024-05-03T15:39:12.538+0000] {dag.py:3954} INFO - Setting next_dagrun for dataset_consumes_1_never_scheduled to None, run_after=None
[2024-05-03T15:39:12.539+0000] {logging_mixin.py:188} INFO - [2024-05-03T15:39:12.539+0000] {dag.py:3954} INFO - Setting next_dagrun for dataset_consumes_unknown_never_scheduled to None, run_after=None
[2024-05-03T15:39:12.542+0000] {logging_mixin.py:188} INFO - [2024-05-03T15:39:12.542+0000] {dag.py:3954} INFO - Setting next_dagrun for dataset_produces_1 to 2024-05-02 00:00:00+00:00, run_after=2024-05-03 00:00:00+00:00
[2024-05-03T15:39:12.543+0000] {logging_mixin.py:188} INFO - [2024-05-03T15:39:12.543+0000] {dag.py:3954} INFO - Setting next_dagrun for dataset_produces_2 to None, run_after=None
[2024-05-03T15:39:12.576+0000] {processor.py:183} INFO - Processing /home/airflow/.local/lib/python3.12/site-packages/airflow/example_dags/example_datasets.py took 0.141 seconds
[2024-05-03T15:39:43.318+0000] {processor.py:161} INFO - Started process (PID=418) to work on /home/airflow/.local/lib/python3.12/site-packages/airflow/example_dags/example_datasets.py
[2024-05-03T15:39:43.319+0000] {processor.py:830} INFO - Processing file /home/airflow/.local/lib/python3.12/site-packages/airflow/example_dags/example_datasets.py for tasks to queue
[2024-05-03T15:39:43.321+0000] {logging_mixin.py:188} INFO - [2024-05-03T15:39:43.320+0000] {dagbag.py:540} INFO - Filling up the DagBag from /home/airflow/.local/lib/python3.12/site-packages/airflow/example_dags/example_datasets.py
[2024-05-03T15:39:43.339+0000] {processor.py:840} INFO - DAG(s) 'dataset_consumes_unknown_never_scheduled', 'dataset_consumes_1', 'dataset_consumes_1_and_2', 'conditional_dataset_and_time_based_timetable', 'dataset_consumes_1_never_scheduled', 'consume_1_and_2_with_dataset_expressions', 'dataset_produces_2', 'consume_1_or_both_2_and_3_with_dataset_expressions', 'consume_1_or_2_with_dataset_expressions', 'dataset_produces_1' retrieved from /home/airflow/.local/lib/python3.12/site-packages/airflow/example_dags/example_datasets.py
[2024-05-03T15:39:43.393+0000] {logging_mixin.py:188} INFO - [2024-05-03T15:39:43.393+0000] {dag.py:3096} INFO - Sync 10 DAGs
[2024-05-03T15:39:43.421+0000] {logging_mixin.py:188} INFO - [2024-05-03T15:39:43.421+0000] {dag.py:3954} INFO - Setting next_dagrun for conditional_dataset_and_time_based_timetable to 2024-05-01 01:00:00+00:00, run_after=2024-05-01 01:00:00+00:00
[2024-05-03T15:39:43.426+0000] {logging_mixin.py:188} INFO - [2024-05-03T15:39:43.425+0000] {dag.py:3954} INFO - Setting next_dagrun for consume_1_and_2_with_dataset_expressions to None, run_after=None
[2024-05-03T15:39:43.427+0000] {logging_mixin.py:188} INFO - [2024-05-03T15:39:43.427+0000] {dag.py:3954} INFO - Setting next_dagrun for consume_1_or_2_with_dataset_expressions to None, run_after=None
[2024-05-03T15:39:43.428+0000] {logging_mixin.py:188} INFO - [2024-05-03T15:39:43.428+0000] {dag.py:3954} INFO - Setting next_dagrun for consume_1_or_both_2_and_3_with_dataset_expressions to None, run_after=None
[2024-05-03T15:39:43.430+0000] {logging_mixin.py:188} INFO - [2024-05-03T15:39:43.429+0000] {dag.py:3954} INFO - Setting next_dagrun for dataset_consumes_1 to None, run_after=None
[2024-05-03T15:39:43.431+0000] {logging_mixin.py:188} INFO - [2024-05-03T15:39:43.431+0000] {dag.py:3954} INFO - Setting next_dagrun for dataset_consumes_1_and_2 to None, run_after=None
[2024-05-03T15:39:43.432+0000] {logging_mixin.py:188} INFO - [2024-05-03T15:39:43.432+0000] {dag.py:3954} INFO - Setting next_dagrun for dataset_consumes_1_never_scheduled to None, run_after=None
[2024-05-03T15:39:43.434+0000] {logging_mixin.py:188} INFO - [2024-05-03T15:39:43.434+0000] {dag.py:3954} INFO - Setting next_dagrun for dataset_consumes_unknown_never_scheduled to None, run_after=None
[2024-05-03T15:39:43.437+0000] {logging_mixin.py:188} INFO - [2024-05-03T15:39:43.437+0000] {dag.py:3954} INFO - Setting next_dagrun for dataset_produces_1 to 2024-05-02 00:00:00+00:00, run_after=2024-05-03 00:00:00+00:00
[2024-05-03T15:39:43.438+0000] {logging_mixin.py:188} INFO - [2024-05-03T15:39:43.438+0000] {dag.py:3954} INFO - Setting next_dagrun for dataset_produces_2 to None, run_after=None
[2024-05-03T15:39:43.483+0000] {processor.py:183} INFO - Processing /home/airflow/.local/lib/python3.12/site-packages/airflow/example_dags/example_datasets.py took 0.186 seconds
[2024-05-03T15:40:13.977+0000] {processor.py:161} INFO - Started process (PID=479) to work on /home/airflow/.local/lib/python3.12/site-packages/airflow/example_dags/example_datasets.py
[2024-05-03T15:40:13.978+0000] {processor.py:830} INFO - Processing file /home/airflow/.local/lib/python3.12/site-packages/airflow/example_dags/example_datasets.py for tasks to queue
[2024-05-03T15:40:13.979+0000] {logging_mixin.py:188} INFO - [2024-05-03T15:40:13.979+0000] {dagbag.py:540} INFO - Filling up the DagBag from /home/airflow/.local/lib/python3.12/site-packages/airflow/example_dags/example_datasets.py
[2024-05-03T15:40:13.991+0000] {processor.py:840} INFO - DAG(s) 'dataset_consumes_1_and_2', 'dataset_consumes_1', 'conditional_dataset_and_time_based_timetable', 'consume_1_or_both_2_and_3_with_dataset_expressions', 'dataset_consumes_1_never_scheduled', 'consume_1_and_2_with_dataset_expressions', 'dataset_produces_1', 'consume_1_or_2_with_dataset_expressions', 'dataset_produces_2', 'dataset_consumes_unknown_never_scheduled' retrieved from /home/airflow/.local/lib/python3.12/site-packages/airflow/example_dags/example_datasets.py
[2024-05-03T15:40:14.030+0000] {logging_mixin.py:188} INFO - [2024-05-03T15:40:14.030+0000] {dag.py:3096} INFO - Sync 10 DAGs
[2024-05-03T15:40:14.050+0000] {logging_mixin.py:188} INFO - [2024-05-03T15:40:14.050+0000] {dag.py:3954} INFO - Setting next_dagrun for conditional_dataset_and_time_based_timetable to 2024-05-01 01:00:00+00:00, run_after=2024-05-01 01:00:00+00:00
[2024-05-03T15:40:14.053+0000] {logging_mixin.py:188} INFO - [2024-05-03T15:40:14.053+0000] {dag.py:3954} INFO - Setting next_dagrun for consume_1_and_2_with_dataset_expressions to None, run_after=None
[2024-05-03T15:40:14.054+0000] {logging_mixin.py:188} INFO - [2024-05-03T15:40:14.054+0000] {dag.py:3954} INFO - Setting next_dagrun for consume_1_or_2_with_dataset_expressions to None, run_after=None
[2024-05-03T15:40:14.055+0000] {logging_mixin.py:188} INFO - [2024-05-03T15:40:14.055+0000] {dag.py:3954} INFO - Setting next_dagrun for consume_1_or_both_2_and_3_with_dataset_expressions to None, run_after=None
[2024-05-03T15:40:14.056+0000] {logging_mixin.py:188} INFO - [2024-05-03T15:40:14.056+0000] {dag.py:3954} INFO - Setting next_dagrun for dataset_consumes_1 to None, run_after=None
[2024-05-03T15:40:14.057+0000] {logging_mixin.py:188} INFO - [2024-05-03T15:40:14.057+0000] {dag.py:3954} INFO - Setting next_dagrun for dataset_consumes_1_and_2 to None, run_after=None
[2024-05-03T15:40:14.058+0000] {logging_mixin.py:188} INFO - [2024-05-03T15:40:14.058+0000] {dag.py:3954} INFO - Setting next_dagrun for dataset_consumes_1_never_scheduled to None, run_after=None
[2024-05-03T15:40:14.059+0000] {logging_mixin.py:188} INFO - [2024-05-03T15:40:14.059+0000] {dag.py:3954} INFO - Setting next_dagrun for dataset_consumes_unknown_never_scheduled to None, run_after=None
[2024-05-03T15:40:14.061+0000] {logging_mixin.py:188} INFO - [2024-05-03T15:40:14.061+0000] {dag.py:3954} INFO - Setting next_dagrun for dataset_produces_1 to 2024-05-02 00:00:00+00:00, run_after=2024-05-03 00:00:00+00:00
[2024-05-03T15:40:14.062+0000] {logging_mixin.py:188} INFO - [2024-05-03T15:40:14.062+0000] {dag.py:3954} INFO - Setting next_dagrun for dataset_produces_2 to None, run_after=None
[2024-05-03T15:40:14.096+0000] {processor.py:183} INFO - Processing /home/airflow/.local/lib/python3.12/site-packages/airflow/example_dags/example_datasets.py took 0.123 seconds
[2024-05-03T15:40:44.888+0000] {processor.py:161} INFO - Started process (PID=541) to work on /home/airflow/.local/lib/python3.12/site-packages/airflow/example_dags/example_datasets.py
[2024-05-03T15:40:44.889+0000] {processor.py:830} INFO - Processing file /home/airflow/.local/lib/python3.12/site-packages/airflow/example_dags/example_datasets.py for tasks to queue
[2024-05-03T15:40:44.890+0000] {logging_mixin.py:188} INFO - [2024-05-03T15:40:44.890+0000] {dagbag.py:540} INFO - Filling up the DagBag from /home/airflow/.local/lib/python3.12/site-packages/airflow/example_dags/example_datasets.py
[2024-05-03T15:40:44.903+0000] {processor.py:840} INFO - DAG(s) 'dataset_produces_1', 'conditional_dataset_and_time_based_timetable', 'consume_1_or_both_2_and_3_with_dataset_expressions', 'dataset_consumes_1', 'consume_1_or_2_with_dataset_expressions', 'dataset_produces_2', 'consume_1_and_2_with_dataset_expressions', 'dataset_consumes_1_and_2', 'dataset_consumes_1_never_scheduled', 'dataset_consumes_unknown_never_scheduled' retrieved from /home/airflow/.local/lib/python3.12/site-packages/airflow/example_dags/example_datasets.py
[2024-05-03T15:40:44.941+0000] {logging_mixin.py:188} INFO - [2024-05-03T15:40:44.941+0000] {dag.py:3096} INFO - Sync 10 DAGs
[2024-05-03T15:40:44.961+0000] {logging_mixin.py:188} INFO - [2024-05-03T15:40:44.961+0000] {dag.py:3954} INFO - Setting next_dagrun for conditional_dataset_and_time_based_timetable to 2024-05-01 01:00:00+00:00, run_after=2024-05-01 01:00:00+00:00
[2024-05-03T15:40:44.964+0000] {logging_mixin.py:188} INFO - [2024-05-03T15:40:44.964+0000] {dag.py:3954} INFO - Setting next_dagrun for consume_1_and_2_with_dataset_expressions to None, run_after=None
[2024-05-03T15:40:44.965+0000] {logging_mixin.py:188} INFO - [2024-05-03T15:40:44.965+0000] {dag.py:3954} INFO - Setting next_dagrun for consume_1_or_2_with_dataset_expressions to None, run_after=None
[2024-05-03T15:40:44.966+0000] {logging_mixin.py:188} INFO - [2024-05-03T15:40:44.966+0000] {dag.py:3954} INFO - Setting next_dagrun for consume_1_or_both_2_and_3_with_dataset_expressions to None, run_after=None
[2024-05-03T15:40:44.967+0000] {logging_mixin.py:188} INFO - [2024-05-03T15:40:44.967+0000] {dag.py:3954} INFO - Setting next_dagrun for dataset_consumes_1 to None, run_after=None
[2024-05-03T15:40:44.968+0000] {logging_mixin.py:188} INFO - [2024-05-03T15:40:44.968+0000] {dag.py:3954} INFO - Setting next_dagrun for dataset_consumes_1_and_2 to None, run_after=None
[2024-05-03T15:40:44.969+0000] {logging_mixin.py:188} INFO - [2024-05-03T15:40:44.969+0000] {dag.py:3954} INFO - Setting next_dagrun for dataset_consumes_1_never_scheduled to None, run_after=None
[2024-05-03T15:40:44.970+0000] {logging_mixin.py:188} INFO - [2024-05-03T15:40:44.970+0000] {dag.py:3954} INFO - Setting next_dagrun for dataset_consumes_unknown_never_scheduled to None, run_after=None
[2024-05-03T15:40:44.972+0000] {logging_mixin.py:188} INFO - [2024-05-03T15:40:44.972+0000] {dag.py:3954} INFO - Setting next_dagrun for dataset_produces_1 to 2024-05-02 00:00:00+00:00, run_after=2024-05-03 00:00:00+00:00
[2024-05-03T15:40:44.973+0000] {logging_mixin.py:188} INFO - [2024-05-03T15:40:44.973+0000] {dag.py:3954} INFO - Setting next_dagrun for dataset_produces_2 to None, run_after=None
[2024-05-03T15:40:45.005+0000] {processor.py:183} INFO - Processing /home/airflow/.local/lib/python3.12/site-packages/airflow/example_dags/example_datasets.py took 0.122 seconds
[2024-05-03T15:41:16.293+0000] {processor.py:161} INFO - Started process (PID=602) to work on /home/airflow/.local/lib/python3.12/site-packages/airflow/example_dags/example_datasets.py
[2024-05-03T15:41:16.302+0000] {processor.py:830} INFO - Processing file /home/airflow/.local/lib/python3.12/site-packages/airflow/example_dags/example_datasets.py for tasks to queue
[2024-05-03T15:41:16.304+0000] {logging_mixin.py:188} INFO - [2024-05-03T15:41:16.303+0000] {dagbag.py:540} INFO - Filling up the DagBag from /home/airflow/.local/lib/python3.12/site-packages/airflow/example_dags/example_datasets.py
[2024-05-03T15:41:16.337+0000] {processor.py:840} INFO - DAG(s) 'dataset_consumes_1_and_2', 'conditional_dataset_and_time_based_timetable', 'consume_1_or_both_2_and_3_with_dataset_expressions', 'dataset_consumes_unknown_never_scheduled', 'dataset_consumes_1', 'dataset_consumes_1_never_scheduled', 'consume_1_and_2_with_dataset_expressions', 'consume_1_or_2_with_dataset_expressions', 'dataset_produces_1', 'dataset_produces_2' retrieved from /home/airflow/.local/lib/python3.12/site-packages/airflow/example_dags/example_datasets.py
[2024-05-03T15:41:16.595+0000] {logging_mixin.py:188} INFO - [2024-05-03T15:41:16.594+0000] {dag.py:3096} INFO - Sync 10 DAGs
[2024-05-03T15:41:16.721+0000] {logging_mixin.py:188} INFO - [2024-05-03T15:41:16.720+0000] {dag.py:3954} INFO - Setting next_dagrun for conditional_dataset_and_time_based_timetable to 2024-05-01 01:00:00+00:00, run_after=2024-05-01 01:00:00+00:00
[2024-05-03T15:41:16.750+0000] {logging_mixin.py:188} INFO - [2024-05-03T15:41:16.750+0000] {dag.py:3954} INFO - Setting next_dagrun for consume_1_and_2_with_dataset_expressions to None, run_after=None
[2024-05-03T15:41:16.752+0000] {logging_mixin.py:188} INFO - [2024-05-03T15:41:16.751+0000] {dag.py:3954} INFO - Setting next_dagrun for consume_1_or_2_with_dataset_expressions to None, run_after=None
[2024-05-03T15:41:16.757+0000] {logging_mixin.py:188} INFO - [2024-05-03T15:41:16.753+0000] {dag.py:3954} INFO - Setting next_dagrun for consume_1_or_both_2_and_3_with_dataset_expressions to None, run_after=None
[2024-05-03T15:41:16.760+0000] {logging_mixin.py:188} INFO - [2024-05-03T15:41:16.759+0000] {dag.py:3954} INFO - Setting next_dagrun for dataset_consumes_1 to None, run_after=None
[2024-05-03T15:41:16.761+0000] {logging_mixin.py:188} INFO - [2024-05-03T15:41:16.761+0000] {dag.py:3954} INFO - Setting next_dagrun for dataset_consumes_1_and_2 to None, run_after=None
[2024-05-03T15:41:16.766+0000] {logging_mixin.py:188} INFO - [2024-05-03T15:41:16.766+0000] {dag.py:3954} INFO - Setting next_dagrun for dataset_consumes_1_never_scheduled to None, run_after=None
[2024-05-03T15:41:16.774+0000] {logging_mixin.py:188} INFO - [2024-05-03T15:41:16.774+0000] {dag.py:3954} INFO - Setting next_dagrun for dataset_consumes_unknown_never_scheduled to None, run_after=None
[2024-05-03T15:41:16.781+0000] {logging_mixin.py:188} INFO - [2024-05-03T15:41:16.777+0000] {dag.py:3954} INFO - Setting next_dagrun for dataset_produces_1 to 2024-05-02 00:00:00+00:00, run_after=2024-05-03 00:00:00+00:00
[2024-05-03T15:41:16.783+0000] {logging_mixin.py:188} INFO - [2024-05-03T15:41:16.783+0000] {dag.py:3954} INFO - Setting next_dagrun for dataset_produces_2 to None, run_after=None
[2024-05-03T15:41:16.915+0000] {processor.py:183} INFO - Processing /home/airflow/.local/lib/python3.12/site-packages/airflow/example_dags/example_datasets.py took 0.638 seconds
[2024-05-03T15:41:47.373+0000] {processor.py:161} INFO - Started process (PID=663) to work on /home/airflow/.local/lib/python3.12/site-packages/airflow/example_dags/example_datasets.py
[2024-05-03T15:41:47.374+0000] {processor.py:830} INFO - Processing file /home/airflow/.local/lib/python3.12/site-packages/airflow/example_dags/example_datasets.py for tasks to queue
[2024-05-03T15:41:47.376+0000] {logging_mixin.py:188} INFO - [2024-05-03T15:41:47.375+0000] {dagbag.py:540} INFO - Filling up the DagBag from /home/airflow/.local/lib/python3.12/site-packages/airflow/example_dags/example_datasets.py
[2024-05-03T15:41:47.435+0000] {processor.py:840} INFO - DAG(s) 'consume_1_and_2_with_dataset_expressions', 'consume_1_or_2_with_dataset_expressions', 'dataset_consumes_1_and_2', 'dataset_consumes_1_never_scheduled', 'conditional_dataset_and_time_based_timetable', 'dataset_consumes_unknown_never_scheduled', 'dataset_produces_1', 'consume_1_or_both_2_and_3_with_dataset_expressions', 'dataset_produces_2', 'dataset_consumes_1' retrieved from /home/airflow/.local/lib/python3.12/site-packages/airflow/example_dags/example_datasets.py
[2024-05-03T15:41:47.574+0000] {logging_mixin.py:188} INFO - [2024-05-03T15:41:47.574+0000] {dag.py:3096} INFO - Sync 10 DAGs
[2024-05-03T15:41:47.680+0000] {logging_mixin.py:188} INFO - [2024-05-03T15:41:47.679+0000] {dag.py:3954} INFO - Setting next_dagrun for conditional_dataset_and_time_based_timetable to 2024-05-01 01:00:00+00:00, run_after=2024-05-01 01:00:00+00:00
[2024-05-03T15:41:47.702+0000] {logging_mixin.py:188} INFO - [2024-05-03T15:41:47.702+0000] {dag.py:3954} INFO - Setting next_dagrun for consume_1_and_2_with_dataset_expressions to None, run_after=None
[2024-05-03T15:41:47.707+0000] {logging_mixin.py:188} INFO - [2024-05-03T15:41:47.707+0000] {dag.py:3954} INFO - Setting next_dagrun for consume_1_or_2_with_dataset_expressions to None, run_after=None
[2024-05-03T15:41:47.721+0000] {logging_mixin.py:188} INFO - [2024-05-03T15:41:47.721+0000] {dag.py:3954} INFO - Setting next_dagrun for consume_1_or_both_2_and_3_with_dataset_expressions to None, run_after=None
[2024-05-03T15:41:47.724+0000] {logging_mixin.py:188} INFO - [2024-05-03T15:41:47.724+0000] {dag.py:3954} INFO - Setting next_dagrun for dataset_consumes_1 to None, run_after=None
[2024-05-03T15:41:47.730+0000] {logging_mixin.py:188} INFO - [2024-05-03T15:41:47.730+0000] {dag.py:3954} INFO - Setting next_dagrun for dataset_consumes_1_and_2 to None, run_after=None
[2024-05-03T15:41:47.737+0000] {logging_mixin.py:188} INFO - [2024-05-03T15:41:47.737+0000] {dag.py:3954} INFO - Setting next_dagrun for dataset_consumes_1_never_scheduled to None, run_after=None
[2024-05-03T15:41:47.742+0000] {logging_mixin.py:188} INFO - [2024-05-03T15:41:47.741+0000] {dag.py:3954} INFO - Setting next_dagrun for dataset_consumes_unknown_never_scheduled to None, run_after=None
[2024-05-03T15:41:47.754+0000] {logging_mixin.py:188} INFO - [2024-05-03T15:41:47.754+0000] {dag.py:3954} INFO - Setting next_dagrun for dataset_produces_1 to 2024-05-02 00:00:00+00:00, run_after=2024-05-03 00:00:00+00:00
[2024-05-03T15:41:47.758+0000] {logging_mixin.py:188} INFO - [2024-05-03T15:41:47.758+0000] {dag.py:3954} INFO - Setting next_dagrun for dataset_produces_2 to None, run_after=None
[2024-05-03T15:41:47.861+0000] {processor.py:183} INFO - Processing /home/airflow/.local/lib/python3.12/site-packages/airflow/example_dags/example_datasets.py took 0.499 seconds
[2024-05-03T15:42:18.206+0000] {processor.py:161} INFO - Started process (PID=724) to work on /home/airflow/.local/lib/python3.12/site-packages/airflow/example_dags/example_datasets.py
[2024-05-03T15:42:18.207+0000] {processor.py:830} INFO - Processing file /home/airflow/.local/lib/python3.12/site-packages/airflow/example_dags/example_datasets.py for tasks to queue
[2024-05-03T15:42:18.210+0000] {logging_mixin.py:188} INFO - [2024-05-03T15:42:18.209+0000] {dagbag.py:540} INFO - Filling up the DagBag from /home/airflow/.local/lib/python3.12/site-packages/airflow/example_dags/example_datasets.py
[2024-05-03T15:42:18.229+0000] {processor.py:840} INFO - DAG(s) 'conditional_dataset_and_time_based_timetable', 'consume_1_or_both_2_and_3_with_dataset_expressions', 'dataset_consumes_1_never_scheduled', 'consume_1_and_2_with_dataset_expressions', 'consume_1_or_2_with_dataset_expressions', 'dataset_consumes_1_and_2', 'dataset_consumes_unknown_never_scheduled', 'dataset_produces_1', 'dataset_produces_2', 'dataset_consumes_1' retrieved from /home/airflow/.local/lib/python3.12/site-packages/airflow/example_dags/example_datasets.py
[2024-05-03T15:42:18.289+0000] {logging_mixin.py:188} INFO - [2024-05-03T15:42:18.289+0000] {dag.py:3096} INFO - Sync 10 DAGs
[2024-05-03T15:42:18.321+0000] {logging_mixin.py:188} INFO - [2024-05-03T15:42:18.321+0000] {dag.py:3954} INFO - Setting next_dagrun for conditional_dataset_and_time_based_timetable to 2024-05-01 01:00:00+00:00, run_after=2024-05-01 01:00:00+00:00
[2024-05-03T15:42:18.326+0000] {logging_mixin.py:188} INFO - [2024-05-03T15:42:18.325+0000] {dag.py:3954} INFO - Setting next_dagrun for consume_1_and_2_with_dataset_expressions to None, run_after=None
[2024-05-03T15:42:18.327+0000] {logging_mixin.py:188} INFO - [2024-05-03T15:42:18.327+0000] {dag.py:3954} INFO - Setting next_dagrun for consume_1_or_2_with_dataset_expressions to None, run_after=None
[2024-05-03T15:42:18.328+0000] {logging_mixin.py:188} INFO - [2024-05-03T15:42:18.328+0000] {dag.py:3954} INFO - Setting next_dagrun for consume_1_or_both_2_and_3_with_dataset_expressions to None, run_after=None
[2024-05-03T15:42:18.330+0000] {logging_mixin.py:188} INFO - [2024-05-03T15:42:18.329+0000] {dag.py:3954} INFO - Setting next_dagrun for dataset_consumes_1 to None, run_after=None
[2024-05-03T15:42:18.331+0000] {logging_mixin.py:188} INFO - [2024-05-03T15:42:18.331+0000] {dag.py:3954} INFO - Setting next_dagrun for dataset_consumes_1_and_2 to None, run_after=None
[2024-05-03T15:42:18.332+0000] {logging_mixin.py:188} INFO - [2024-05-03T15:42:18.332+0000] {dag.py:3954} INFO - Setting next_dagrun for dataset_consumes_1_never_scheduled to None, run_after=None
[2024-05-03T15:42:18.334+0000] {logging_mixin.py:188} INFO - [2024-05-03T15:42:18.333+0000] {dag.py:3954} INFO - Setting next_dagrun for dataset_consumes_unknown_never_scheduled to None, run_after=None
[2024-05-03T15:42:18.337+0000] {logging_mixin.py:188} INFO - [2024-05-03T15:42:18.336+0000] {dag.py:3954} INFO - Setting next_dagrun for dataset_produces_1 to 2024-05-02 00:00:00+00:00, run_after=2024-05-03 00:00:00+00:00
[2024-05-03T15:42:18.338+0000] {logging_mixin.py:188} INFO - [2024-05-03T15:42:18.338+0000] {dag.py:3954} INFO - Setting next_dagrun for dataset_produces_2 to None, run_after=None
[2024-05-03T15:42:18.381+0000] {processor.py:183} INFO - Processing /home/airflow/.local/lib/python3.12/site-packages/airflow/example_dags/example_datasets.py took 0.182 seconds
[2024-05-03T15:42:48.517+0000] {processor.py:161} INFO - Started process (PID=786) to work on /home/airflow/.local/lib/python3.12/site-packages/airflow/example_dags/example_datasets.py
[2024-05-03T15:42:48.518+0000] {processor.py:830} INFO - Processing file /home/airflow/.local/lib/python3.12/site-packages/airflow/example_dags/example_datasets.py for tasks to queue
[2024-05-03T15:42:48.520+0000] {logging_mixin.py:188} INFO - [2024-05-03T15:42:48.519+0000] {dagbag.py:540} INFO - Filling up the DagBag from /home/airflow/.local/lib/python3.12/site-packages/airflow/example_dags/example_datasets.py
[2024-05-03T15:42:48.562+0000] {processor.py:840} INFO - DAG(s) 'consume_1_or_both_2_and_3_with_dataset_expressions', 'dataset_consumes_1', 'dataset_produces_1', 'consume_1_and_2_with_dataset_expressions', 'dataset_consumes_unknown_never_scheduled', 'conditional_dataset_and_time_based_timetable', 'consume_1_or_2_with_dataset_expressions', 'dataset_consumes_1_never_scheduled', 'dataset_consumes_1_and_2', 'dataset_produces_2' retrieved from /home/airflow/.local/lib/python3.12/site-packages/airflow/example_dags/example_datasets.py
[2024-05-03T15:42:48.620+0000] {logging_mixin.py:188} INFO - [2024-05-03T15:42:48.620+0000] {dag.py:3096} INFO - Sync 10 DAGs
[2024-05-03T15:42:48.654+0000] {logging_mixin.py:188} INFO - [2024-05-03T15:42:48.653+0000] {dag.py:3954} INFO - Setting next_dagrun for conditional_dataset_and_time_based_timetable to 2024-05-01 01:00:00+00:00, run_after=2024-05-01 01:00:00+00:00
[2024-05-03T15:42:48.658+0000] {logging_mixin.py:188} INFO - [2024-05-03T15:42:48.658+0000] {dag.py:3954} INFO - Setting next_dagrun for consume_1_and_2_with_dataset_expressions to None, run_after=None
[2024-05-03T15:42:48.659+0000] {logging_mixin.py:188} INFO - [2024-05-03T15:42:48.659+0000] {dag.py:3954} INFO - Setting next_dagrun for consume_1_or_2_with_dataset_expressions to None, run_after=None
[2024-05-03T15:42:48.660+0000] {logging_mixin.py:188} INFO - [2024-05-03T15:42:48.660+0000] {dag.py:3954} INFO - Setting next_dagrun for consume_1_or_both_2_and_3_with_dataset_expressions to None, run_after=None
[2024-05-03T15:42:48.662+0000] {logging_mixin.py:188} INFO - [2024-05-03T15:42:48.662+0000] {dag.py:3954} INFO - Setting next_dagrun for dataset_consumes_1 to None, run_after=None
[2024-05-03T15:42:48.663+0000] {logging_mixin.py:188} INFO - [2024-05-03T15:42:48.663+0000] {dag.py:3954} INFO - Setting next_dagrun for dataset_consumes_1_and_2 to None, run_after=None
[2024-05-03T15:42:48.664+0000] {logging_mixin.py:188} INFO - [2024-05-03T15:42:48.664+0000] {dag.py:3954} INFO - Setting next_dagrun for dataset_consumes_1_never_scheduled to None, run_after=None
[2024-05-03T15:42:48.666+0000] {logging_mixin.py:188} INFO - [2024-05-03T15:42:48.665+0000] {dag.py:3954} INFO - Setting next_dagrun for dataset_consumes_unknown_never_scheduled to None, run_after=None
[2024-05-03T15:42:48.669+0000] {logging_mixin.py:188} INFO - [2024-05-03T15:42:48.669+0000] {dag.py:3954} INFO - Setting next_dagrun for dataset_produces_1 to 2024-05-02 00:00:00+00:00, run_after=2024-05-03 00:00:00+00:00
[2024-05-03T15:42:48.670+0000] {logging_mixin.py:188} INFO - [2024-05-03T15:42:48.670+0000] {dag.py:3954} INFO - Setting next_dagrun for dataset_produces_2 to None, run_after=None
[2024-05-03T15:42:48.714+0000] {processor.py:183} INFO - Processing /home/airflow/.local/lib/python3.12/site-packages/airflow/example_dags/example_datasets.py took 0.205 seconds
[2024-05-03T15:43:19.246+0000] {processor.py:161} INFO - Started process (PID=847) to work on /home/airflow/.local/lib/python3.12/site-packages/airflow/example_dags/example_datasets.py
[2024-05-03T15:43:19.246+0000] {processor.py:830} INFO - Processing file /home/airflow/.local/lib/python3.12/site-packages/airflow/example_dags/example_datasets.py for tasks to queue
[2024-05-03T15:43:19.248+0000] {logging_mixin.py:188} INFO - [2024-05-03T15:43:19.248+0000] {dagbag.py:540} INFO - Filling up the DagBag from /home/airflow/.local/lib/python3.12/site-packages/airflow/example_dags/example_datasets.py
[2024-05-03T15:43:19.278+0000] {processor.py:840} INFO - DAG(s) 'dataset_consumes_1', 'dataset_produces_1', 'consume_1_or_2_with_dataset_expressions', 'dataset_consumes_1_never_scheduled', 'conditional_dataset_and_time_based_timetable', 'dataset_produces_2', 'dataset_consumes_1_and_2', 'dataset_consumes_unknown_never_scheduled', 'consume_1_and_2_with_dataset_expressions', 'consume_1_or_both_2_and_3_with_dataset_expressions' retrieved from /home/airflow/.local/lib/python3.12/site-packages/airflow/example_dags/example_datasets.py
[2024-05-03T15:43:19.349+0000] {logging_mixin.py:188} INFO - [2024-05-03T15:43:19.348+0000] {dag.py:3096} INFO - Sync 10 DAGs
[2024-05-03T15:43:19.385+0000] {logging_mixin.py:188} INFO - [2024-05-03T15:43:19.385+0000] {dag.py:3954} INFO - Setting next_dagrun for conditional_dataset_and_time_based_timetable to 2024-05-01 01:00:00+00:00, run_after=2024-05-01 01:00:00+00:00
[2024-05-03T15:43:19.390+0000] {logging_mixin.py:188} INFO - [2024-05-03T15:43:19.390+0000] {dag.py:3954} INFO - Setting next_dagrun for consume_1_and_2_with_dataset_expressions to None, run_after=None
[2024-05-03T15:43:19.392+0000] {logging_mixin.py:188} INFO - [2024-05-03T15:43:19.392+0000] {dag.py:3954} INFO - Setting next_dagrun for consume_1_or_2_with_dataset_expressions to None, run_after=None
[2024-05-03T15:43:19.394+0000] {logging_mixin.py:188} INFO - [2024-05-03T15:43:19.393+0000] {dag.py:3954} INFO - Setting next_dagrun for consume_1_or_both_2_and_3_with_dataset_expressions to None, run_after=None
[2024-05-03T15:43:19.395+0000] {logging_mixin.py:188} INFO - [2024-05-03T15:43:19.395+0000] {dag.py:3954} INFO - Setting next_dagrun for dataset_consumes_1 to None, run_after=None
[2024-05-03T15:43:19.397+0000] {logging_mixin.py:188} INFO - [2024-05-03T15:43:19.397+0000] {dag.py:3954} INFO - Setting next_dagrun for dataset_consumes_1_and_2 to None, run_after=None
[2024-05-03T15:43:19.399+0000] {logging_mixin.py:188} INFO - [2024-05-03T15:43:19.398+0000] {dag.py:3954} INFO - Setting next_dagrun for dataset_consumes_1_never_scheduled to None, run_after=None
[2024-05-03T15:43:19.400+0000] {logging_mixin.py:188} INFO - [2024-05-03T15:43:19.400+0000] {dag.py:3954} INFO - Setting next_dagrun for dataset_consumes_unknown_never_scheduled to None, run_after=None
[2024-05-03T15:43:19.404+0000] {logging_mixin.py:188} INFO - [2024-05-03T15:43:19.404+0000] {dag.py:3954} INFO - Setting next_dagrun for dataset_produces_1 to 2024-05-02 00:00:00+00:00, run_after=2024-05-03 00:00:00+00:00
[2024-05-03T15:43:19.406+0000] {logging_mixin.py:188} INFO - [2024-05-03T15:43:19.405+0000] {dag.py:3954} INFO - Setting next_dagrun for dataset_produces_2 to None, run_after=None
[2024-05-03T15:43:19.451+0000] {processor.py:183} INFO - Processing /home/airflow/.local/lib/python3.12/site-packages/airflow/example_dags/example_datasets.py took 0.213 seconds
[2024-05-03T15:43:49.492+0000] {processor.py:161} INFO - Started process (PID=908) to work on /home/airflow/.local/lib/python3.12/site-packages/airflow/example_dags/example_datasets.py
[2024-05-03T15:43:49.493+0000] {processor.py:830} INFO - Processing file /home/airflow/.local/lib/python3.12/site-packages/airflow/example_dags/example_datasets.py for tasks to queue
[2024-05-03T15:43:49.495+0000] {logging_mixin.py:188} INFO - [2024-05-03T15:43:49.494+0000] {dagbag.py:540} INFO - Filling up the DagBag from /home/airflow/.local/lib/python3.12/site-packages/airflow/example_dags/example_datasets.py
[2024-05-03T15:43:49.507+0000] {processor.py:840} INFO - DAG(s) 'dataset_consumes_1_never_scheduled', 'dataset_consumes_1_and_2', 'dataset_consumes_1', 'consume_1_or_2_with_dataset_expressions', 'dataset_produces_2', 'consume_1_and_2_with_dataset_expressions', 'dataset_consumes_unknown_never_scheduled', 'consume_1_or_both_2_and_3_with_dataset_expressions', 'conditional_dataset_and_time_based_timetable', 'dataset_produces_1' retrieved from /home/airflow/.local/lib/python3.12/site-packages/airflow/example_dags/example_datasets.py
[2024-05-03T15:43:49.546+0000] {logging_mixin.py:188} INFO - [2024-05-03T15:43:49.546+0000] {dag.py:3096} INFO - Sync 10 DAGs
[2024-05-03T15:43:49.567+0000] {logging_mixin.py:188} INFO - [2024-05-03T15:43:49.567+0000] {dag.py:3954} INFO - Setting next_dagrun for conditional_dataset_and_time_based_timetable to 2024-05-01 01:00:00+00:00, run_after=2024-05-01 01:00:00+00:00
[2024-05-03T15:43:49.570+0000] {logging_mixin.py:188} INFO - [2024-05-03T15:43:49.570+0000] {dag.py:3954} INFO - Setting next_dagrun for consume_1_and_2_with_dataset_expressions to None, run_after=None
[2024-05-03T15:43:49.571+0000] {logging_mixin.py:188} INFO - [2024-05-03T15:43:49.571+0000] {dag.py:3954} INFO - Setting next_dagrun for consume_1_or_2_with_dataset_expressions to None, run_after=None
[2024-05-03T15:43:49.573+0000] {logging_mixin.py:188} INFO - [2024-05-03T15:43:49.572+0000] {dag.py:3954} INFO - Setting next_dagrun for consume_1_or_both_2_and_3_with_dataset_expressions to None, run_after=None
[2024-05-03T15:43:49.574+0000] {logging_mixin.py:188} INFO - [2024-05-03T15:43:49.574+0000] {dag.py:3954} INFO - Setting next_dagrun for dataset_consumes_1 to None, run_after=None
[2024-05-03T15:43:49.575+0000] {logging_mixin.py:188} INFO - [2024-05-03T15:43:49.575+0000] {dag.py:3954} INFO - Setting next_dagrun for dataset_consumes_1_and_2 to None, run_after=None
[2024-05-03T15:43:49.576+0000] {logging_mixin.py:188} INFO - [2024-05-03T15:43:49.576+0000] {dag.py:3954} INFO - Setting next_dagrun for dataset_consumes_1_never_scheduled to None, run_after=None
[2024-05-03T15:43:49.577+0000] {logging_mixin.py:188} INFO - [2024-05-03T15:43:49.577+0000] {dag.py:3954} INFO - Setting next_dagrun for dataset_consumes_unknown_never_scheduled to None, run_after=None
[2024-05-03T15:43:49.579+0000] {logging_mixin.py:188} INFO - [2024-05-03T15:43:49.579+0000] {dag.py:3954} INFO - Setting next_dagrun for dataset_produces_1 to 2024-05-02 00:00:00+00:00, run_after=2024-05-03 00:00:00+00:00
[2024-05-03T15:43:49.580+0000] {logging_mixin.py:188} INFO - [2024-05-03T15:43:49.580+0000] {dag.py:3954} INFO - Setting next_dagrun for dataset_produces_2 to None, run_after=None
[2024-05-03T15:43:49.623+0000] {processor.py:183} INFO - Processing /home/airflow/.local/lib/python3.12/site-packages/airflow/example_dags/example_datasets.py took 0.136 seconds
[2024-05-03T15:44:19.730+0000] {processor.py:161} INFO - Started process (PID=969) to work on /home/airflow/.local/lib/python3.12/site-packages/airflow/example_dags/example_datasets.py
[2024-05-03T15:44:19.731+0000] {processor.py:830} INFO - Processing file /home/airflow/.local/lib/python3.12/site-packages/airflow/example_dags/example_datasets.py for tasks to queue
[2024-05-03T15:44:19.733+0000] {logging_mixin.py:188} INFO - [2024-05-03T15:44:19.733+0000] {dagbag.py:540} INFO - Filling up the DagBag from /home/airflow/.local/lib/python3.12/site-packages/airflow/example_dags/example_datasets.py
[2024-05-03T15:44:19.757+0000] {processor.py:840} INFO - DAG(s) 'dataset_consumes_1_and_2', 'dataset_produces_2', 'dataset_consumes_1_never_scheduled', 'dataset_consumes_unknown_never_scheduled', 'dataset_consumes_1', 'consume_1_and_2_with_dataset_expressions', 'consume_1_or_both_2_and_3_with_dataset_expressions', 'dataset_produces_1', 'consume_1_or_2_with_dataset_expressions', 'conditional_dataset_and_time_based_timetable' retrieved from /home/airflow/.local/lib/python3.12/site-packages/airflow/example_dags/example_datasets.py
[2024-05-03T15:44:19.813+0000] {logging_mixin.py:188} INFO - [2024-05-03T15:44:19.813+0000] {dag.py:3096} INFO - Sync 10 DAGs
[2024-05-03T15:44:19.846+0000] {logging_mixin.py:188} INFO - [2024-05-03T15:44:19.846+0000] {dag.py:3954} INFO - Setting next_dagrun for conditional_dataset_and_time_based_timetable to 2024-05-01 01:00:00+00:00, run_after=2024-05-01 01:00:00+00:00
[2024-05-03T15:44:19.852+0000] {logging_mixin.py:188} INFO - [2024-05-03T15:44:19.851+0000] {dag.py:3954} INFO - Setting next_dagrun for consume_1_and_2_with_dataset_expressions to None, run_after=None
[2024-05-03T15:44:19.853+0000] {logging_mixin.py:188} INFO - [2024-05-03T15:44:19.853+0000] {dag.py:3954} INFO - Setting next_dagrun for consume_1_or_2_with_dataset_expressions to None, run_after=None
[2024-05-03T15:44:19.855+0000] {logging_mixin.py:188} INFO - [2024-05-03T15:44:19.855+0000] {dag.py:3954} INFO - Setting next_dagrun for consume_1_or_both_2_and_3_with_dataset_expressions to None, run_after=None
[2024-05-03T15:44:19.857+0000] {logging_mixin.py:188} INFO - [2024-05-03T15:44:19.857+0000] {dag.py:3954} INFO - Setting next_dagrun for dataset_consumes_1 to None, run_after=None
[2024-05-03T15:44:19.858+0000] {logging_mixin.py:188} INFO - [2024-05-03T15:44:19.858+0000] {dag.py:3954} INFO - Setting next_dagrun for dataset_consumes_1_and_2 to None, run_after=None
[2024-05-03T15:44:19.860+0000] {logging_mixin.py:188} INFO - [2024-05-03T15:44:19.860+0000] {dag.py:3954} INFO - Setting next_dagrun for dataset_consumes_1_never_scheduled to None, run_after=None
[2024-05-03T15:44:19.862+0000] {logging_mixin.py:188} INFO - [2024-05-03T15:44:19.862+0000] {dag.py:3954} INFO - Setting next_dagrun for dataset_consumes_unknown_never_scheduled to None, run_after=None
[2024-05-03T15:44:19.865+0000] {logging_mixin.py:188} INFO - [2024-05-03T15:44:19.865+0000] {dag.py:3954} INFO - Setting next_dagrun for dataset_produces_1 to 2024-05-02 00:00:00+00:00, run_after=2024-05-03 00:00:00+00:00
[2024-05-03T15:44:19.867+0000] {logging_mixin.py:188} INFO - [2024-05-03T15:44:19.867+0000] {dag.py:3954} INFO - Setting next_dagrun for dataset_produces_2 to None, run_after=None
[2024-05-03T15:44:19.911+0000] {processor.py:183} INFO - Processing /home/airflow/.local/lib/python3.12/site-packages/airflow/example_dags/example_datasets.py took 0.188 seconds
[2024-05-03T15:44:51.797+0000] {processor.py:161} INFO - Started process (PID=1037) to work on /home/airflow/.local/lib/python3.12/site-packages/airflow/example_dags/example_datasets.py
[2024-05-03T15:44:51.798+0000] {processor.py:830} INFO - Processing file /home/airflow/.local/lib/python3.12/site-packages/airflow/example_dags/example_datasets.py for tasks to queue
[2024-05-03T15:44:51.803+0000] {logging_mixin.py:188} INFO - [2024-05-03T15:44:51.803+0000] {dagbag.py:540} INFO - Filling up the DagBag from /home/airflow/.local/lib/python3.12/site-packages/airflow/example_dags/example_datasets.py
[2024-05-03T15:44:51.866+0000] {processor.py:840} INFO - DAG(s) 'consume_1_or_2_with_dataset_expressions', 'dataset_produces_1', 'consume_1_and_2_with_dataset_expressions', 'dataset_consumes_1', 'conditional_dataset_and_time_based_timetable', 'dataset_consumes_1_never_scheduled', 'dataset_consumes_unknown_never_scheduled', 'consume_1_or_both_2_and_3_with_dataset_expressions', 'dataset_produces_2', 'dataset_consumes_1_and_2' retrieved from /home/airflow/.local/lib/python3.12/site-packages/airflow/example_dags/example_datasets.py
[2024-05-03T15:44:52.173+0000] {logging_mixin.py:188} INFO - [2024-05-03T15:44:52.173+0000] {dag.py:3096} INFO - Sync 10 DAGs
[2024-05-03T15:44:52.303+0000] {logging_mixin.py:188} INFO - [2024-05-03T15:44:52.302+0000] {dag.py:3954} INFO - Setting next_dagrun for conditional_dataset_and_time_based_timetable to 2024-05-01 01:00:00+00:00, run_after=2024-05-01 01:00:00+00:00
[2024-05-03T15:44:52.322+0000] {logging_mixin.py:188} INFO - [2024-05-03T15:44:52.322+0000] {dag.py:3954} INFO - Setting next_dagrun for consume_1_and_2_with_dataset_expressions to None, run_after=None
[2024-05-03T15:44:52.324+0000] {logging_mixin.py:188} INFO - [2024-05-03T15:44:52.323+0000] {dag.py:3954} INFO - Setting next_dagrun for consume_1_or_2_with_dataset_expressions to None, run_after=None
[2024-05-03T15:44:52.384+0000] {logging_mixin.py:188} INFO - [2024-05-03T15:44:52.384+0000] {dag.py:3954} INFO - Setting next_dagrun for consume_1_or_both_2_and_3_with_dataset_expressions to None, run_after=None
[2024-05-03T15:44:52.436+0000] {logging_mixin.py:188} INFO - [2024-05-03T15:44:52.433+0000] {dag.py:3954} INFO - Setting next_dagrun for dataset_consumes_1 to None, run_after=None
[2024-05-03T15:44:52.438+0000] {logging_mixin.py:188} INFO - [2024-05-03T15:44:52.437+0000] {dag.py:3954} INFO - Setting next_dagrun for dataset_consumes_1_and_2 to None, run_after=None
[2024-05-03T15:44:52.449+0000] {logging_mixin.py:188} INFO - [2024-05-03T15:44:52.449+0000] {dag.py:3954} INFO - Setting next_dagrun for dataset_consumes_1_never_scheduled to None, run_after=None
[2024-05-03T15:44:52.454+0000] {logging_mixin.py:188} INFO - [2024-05-03T15:44:52.454+0000] {dag.py:3954} INFO - Setting next_dagrun for dataset_consumes_unknown_never_scheduled to None, run_after=None
[2024-05-03T15:44:52.476+0000] {logging_mixin.py:188} INFO - [2024-05-03T15:44:52.475+0000] {dag.py:3954} INFO - Setting next_dagrun for dataset_produces_1 to 2024-05-02 00:00:00+00:00, run_after=2024-05-03 00:00:00+00:00
[2024-05-03T15:44:52.484+0000] {logging_mixin.py:188} INFO - [2024-05-03T15:44:52.484+0000] {dag.py:3954} INFO - Setting next_dagrun for dataset_produces_2 to None, run_after=None
[2024-05-03T15:44:52.731+0000] {processor.py:183} INFO - Processing /home/airflow/.local/lib/python3.12/site-packages/airflow/example_dags/example_datasets.py took 0.978 seconds
[2024-05-03T15:45:23.028+0000] {processor.py:161} INFO - Started process (PID=1098) to work on /home/airflow/.local/lib/python3.12/site-packages/airflow/example_dags/example_datasets.py
[2024-05-03T15:45:23.029+0000] {processor.py:830} INFO - Processing file /home/airflow/.local/lib/python3.12/site-packages/airflow/example_dags/example_datasets.py for tasks to queue
[2024-05-03T15:45:23.031+0000] {logging_mixin.py:188} INFO - [2024-05-03T15:45:23.031+0000] {dagbag.py:540} INFO - Filling up the DagBag from /home/airflow/.local/lib/python3.12/site-packages/airflow/example_dags/example_datasets.py
[2024-05-03T15:45:23.054+0000] {processor.py:840} INFO - DAG(s) 'consume_1_or_2_with_dataset_expressions', 'consume_1_or_both_2_and_3_with_dataset_expressions', 'dataset_produces_2', 'dataset_produces_1', 'conditional_dataset_and_time_based_timetable', 'consume_1_and_2_with_dataset_expressions', 'dataset_consumes_1', 'dataset_consumes_1_never_scheduled', 'dataset_consumes_unknown_never_scheduled', 'dataset_consumes_1_and_2' retrieved from /home/airflow/.local/lib/python3.12/site-packages/airflow/example_dags/example_datasets.py
[2024-05-03T15:45:23.120+0000] {logging_mixin.py:188} INFO - [2024-05-03T15:45:23.120+0000] {dag.py:3096} INFO - Sync 10 DAGs
[2024-05-03T15:45:23.184+0000] {logging_mixin.py:188} INFO - [2024-05-03T15:45:23.184+0000] {dag.py:3954} INFO - Setting next_dagrun for conditional_dataset_and_time_based_timetable to 2024-05-01 01:00:00+00:00, run_after=2024-05-01 01:00:00+00:00
[2024-05-03T15:45:23.195+0000] {logging_mixin.py:188} INFO - [2024-05-03T15:45:23.195+0000] {dag.py:3954} INFO - Setting next_dagrun for consume_1_and_2_with_dataset_expressions to None, run_after=None
[2024-05-03T15:45:23.198+0000] {logging_mixin.py:188} INFO - [2024-05-03T15:45:23.198+0000] {dag.py:3954} INFO - Setting next_dagrun for consume_1_or_2_with_dataset_expressions to None, run_after=None
[2024-05-03T15:45:23.201+0000] {logging_mixin.py:188} INFO - [2024-05-03T15:45:23.201+0000] {dag.py:3954} INFO - Setting next_dagrun for consume_1_or_both_2_and_3_with_dataset_expressions to None, run_after=None
[2024-05-03T15:45:23.203+0000] {logging_mixin.py:188} INFO - [2024-05-03T15:45:23.202+0000] {dag.py:3954} INFO - Setting next_dagrun for dataset_consumes_1 to None, run_after=None
[2024-05-03T15:45:23.204+0000] {logging_mixin.py:188} INFO - [2024-05-03T15:45:23.204+0000] {dag.py:3954} INFO - Setting next_dagrun for dataset_consumes_1_and_2 to None, run_after=None
[2024-05-03T15:45:23.205+0000] {logging_mixin.py:188} INFO - [2024-05-03T15:45:23.205+0000] {dag.py:3954} INFO - Setting next_dagrun for dataset_consumes_1_never_scheduled to None, run_after=None
[2024-05-03T15:45:23.206+0000] {logging_mixin.py:188} INFO - [2024-05-03T15:45:23.206+0000] {dag.py:3954} INFO - Setting next_dagrun for dataset_consumes_unknown_never_scheduled to None, run_after=None
[2024-05-03T15:45:23.209+0000] {logging_mixin.py:188} INFO - [2024-05-03T15:45:23.209+0000] {dag.py:3954} INFO - Setting next_dagrun for dataset_produces_1 to 2024-05-02 00:00:00+00:00, run_after=2024-05-03 00:00:00+00:00
[2024-05-03T15:45:23.210+0000] {logging_mixin.py:188} INFO - [2024-05-03T15:45:23.210+0000] {dag.py:3954} INFO - Setting next_dagrun for dataset_produces_2 to None, run_after=None
[2024-05-03T15:45:23.245+0000] {processor.py:183} INFO - Processing /home/airflow/.local/lib/python3.12/site-packages/airflow/example_dags/example_datasets.py took 0.224 seconds
[2024-05-03T15:45:53.683+0000] {processor.py:161} INFO - Started process (PID=1159) to work on /home/airflow/.local/lib/python3.12/site-packages/airflow/example_dags/example_datasets.py
[2024-05-03T15:45:53.690+0000] {processor.py:830} INFO - Processing file /home/airflow/.local/lib/python3.12/site-packages/airflow/example_dags/example_datasets.py for tasks to queue
[2024-05-03T15:45:53.692+0000] {logging_mixin.py:188} INFO - [2024-05-03T15:45:53.692+0000] {dagbag.py:540} INFO - Filling up the DagBag from /home/airflow/.local/lib/python3.12/site-packages/airflow/example_dags/example_datasets.py
[2024-05-03T15:45:53.767+0000] {processor.py:840} INFO - DAG(s) 'dataset_consumes_1_and_2', 'consume_1_and_2_with_dataset_expressions', 'consume_1_or_both_2_and_3_with_dataset_expressions', 'conditional_dataset_and_time_based_timetable', 'dataset_consumes_1_never_scheduled', 'dataset_consumes_1', 'dataset_produces_1', 'dataset_produces_2', 'consume_1_or_2_with_dataset_expressions', 'dataset_consumes_unknown_never_scheduled' retrieved from /home/airflow/.local/lib/python3.12/site-packages/airflow/example_dags/example_datasets.py
[2024-05-03T15:45:53.898+0000] {logging_mixin.py:188} INFO - [2024-05-03T15:45:53.897+0000] {dag.py:3096} INFO - Sync 10 DAGs
[2024-05-03T15:45:53.959+0000] {logging_mixin.py:188} INFO - [2024-05-03T15:45:53.959+0000] {dag.py:3954} INFO - Setting next_dagrun for conditional_dataset_and_time_based_timetable to 2024-05-01 01:00:00+00:00, run_after=2024-05-01 01:00:00+00:00
[2024-05-03T15:45:53.972+0000] {logging_mixin.py:188} INFO - [2024-05-03T15:45:53.972+0000] {dag.py:3954} INFO - Setting next_dagrun for consume_1_and_2_with_dataset_expressions to None, run_after=None
[2024-05-03T15:45:53.982+0000] {logging_mixin.py:188} INFO - [2024-05-03T15:45:53.982+0000] {dag.py:3954} INFO - Setting next_dagrun for consume_1_or_2_with_dataset_expressions to None, run_after=None
[2024-05-03T15:45:53.983+0000] {logging_mixin.py:188} INFO - [2024-05-03T15:45:53.983+0000] {dag.py:3954} INFO - Setting next_dagrun for consume_1_or_both_2_and_3_with_dataset_expressions to None, run_after=None
[2024-05-03T15:45:53.985+0000] {logging_mixin.py:188} INFO - [2024-05-03T15:45:53.985+0000] {dag.py:3954} INFO - Setting next_dagrun for dataset_consumes_1 to None, run_after=None
[2024-05-03T15:45:53.990+0000] {logging_mixin.py:188} INFO - [2024-05-03T15:45:53.990+0000] {dag.py:3954} INFO - Setting next_dagrun for dataset_consumes_1_and_2 to None, run_after=None
[2024-05-03T15:45:53.991+0000] {logging_mixin.py:188} INFO - [2024-05-03T15:45:53.991+0000] {dag.py:3954} INFO - Setting next_dagrun for dataset_consumes_1_never_scheduled to None, run_after=None
[2024-05-03T15:45:53.993+0000] {logging_mixin.py:188} INFO - [2024-05-03T15:45:53.993+0000] {dag.py:3954} INFO - Setting next_dagrun for dataset_consumes_unknown_never_scheduled to None, run_after=None
[2024-05-03T15:45:53.999+0000] {logging_mixin.py:188} INFO - [2024-05-03T15:45:53.999+0000] {dag.py:3954} INFO - Setting next_dagrun for dataset_produces_1 to 2024-05-02 00:00:00+00:00, run_after=2024-05-03 00:00:00+00:00
[2024-05-03T15:45:54.026+0000] {logging_mixin.py:188} INFO - [2024-05-03T15:45:54.025+0000] {dag.py:3954} INFO - Setting next_dagrun for dataset_produces_2 to None, run_after=None
[2024-05-03T15:45:54.154+0000] {processor.py:183} INFO - Processing /home/airflow/.local/lib/python3.12/site-packages/airflow/example_dags/example_datasets.py took 0.486 seconds
