[2024-05-03T15:36:31.343+0000] {processor.py:161} INFO - Started process (PID=44) to work on /home/airflow/.local/lib/python3.12/site-packages/airflow/example_dags/example_sla_dag.py
[2024-05-03T15:36:31.344+0000] {processor.py:830} INFO - Processing file /home/airflow/.local/lib/python3.12/site-packages/airflow/example_dags/example_sla_dag.py for tasks to queue
[2024-05-03T15:36:31.346+0000] {logging_mixin.py:188} INFO - [2024-05-03T15:36:31.346+0000] {dagbag.py:540} INFO - Filling up the DagBag from /home/airflow/.local/lib/python3.12/site-packages/airflow/example_dags/example_sla_dag.py
[2024-05-03T15:36:31.382+0000] {processor.py:840} INFO - DAG(s) 'example_sla_dag' retrieved from /home/airflow/.local/lib/python3.12/site-packages/airflow/example_dags/example_sla_dag.py
[2024-05-03T15:36:31.472+0000] {logging_mixin.py:188} INFO - [2024-05-03T15:36:31.469+0000] {dag.py:3096} INFO - Sync 1 DAGs
[2024-05-03T15:36:31.634+0000] {logging_mixin.py:188} INFO - [2024-05-03T15:36:31.613+0000] {dag.py:3954} INFO - Setting next_dagrun for example_sla_dag to 2024-05-03 15:34:00+00:00, run_after=2024-05-03 15:36:00+00:00
[2024-05-03T15:36:31.768+0000] {processor.py:183} INFO - Processing /home/airflow/.local/lib/python3.12/site-packages/airflow/example_dags/example_sla_dag.py took 0.432 seconds
[2024-05-03T15:37:02.927+0000] {processor.py:161} INFO - Started process (PID=105) to work on /home/airflow/.local/lib/python3.12/site-packages/airflow/example_dags/example_sla_dag.py
[2024-05-03T15:37:02.930+0000] {processor.py:830} INFO - Processing file /home/airflow/.local/lib/python3.12/site-packages/airflow/example_dags/example_sla_dag.py for tasks to queue
[2024-05-03T15:37:02.932+0000] {logging_mixin.py:188} INFO - [2024-05-03T15:37:02.932+0000] {dagbag.py:540} INFO - Filling up the DagBag from /home/airflow/.local/lib/python3.12/site-packages/airflow/example_dags/example_sla_dag.py
[2024-05-03T15:37:02.960+0000] {processor.py:840} INFO - DAG(s) 'example_sla_dag' retrieved from /home/airflow/.local/lib/python3.12/site-packages/airflow/example_dags/example_sla_dag.py
[2024-05-03T15:37:02.989+0000] {logging_mixin.py:188} INFO - [2024-05-03T15:37:02.989+0000] {dag.py:3096} INFO - Sync 1 DAGs
[2024-05-03T15:37:03.110+0000] {logging_mixin.py:188} INFO - [2024-05-03T15:37:03.096+0000] {dag.py:3954} INFO - Setting next_dagrun for example_sla_dag to 2024-05-03 15:34:00+00:00, run_after=2024-05-03 15:36:00+00:00
[2024-05-03T15:37:03.149+0000] {processor.py:183} INFO - Processing /home/airflow/.local/lib/python3.12/site-packages/airflow/example_dags/example_sla_dag.py took 0.238 seconds
[2024-05-03T15:37:37.515+0000] {processor.py:161} INFO - Started process (PID=166) to work on /home/airflow/.local/lib/python3.12/site-packages/airflow/example_dags/example_sla_dag.py
[2024-05-03T15:37:37.517+0000] {processor.py:830} INFO - Processing file /home/airflow/.local/lib/python3.12/site-packages/airflow/example_dags/example_sla_dag.py for tasks to queue
[2024-05-03T15:37:37.519+0000] {logging_mixin.py:188} INFO - [2024-05-03T15:37:37.519+0000] {dagbag.py:540} INFO - Filling up the DagBag from /home/airflow/.local/lib/python3.12/site-packages/airflow/example_dags/example_sla_dag.py
[2024-05-03T15:37:37.536+0000] {processor.py:840} INFO - DAG(s) 'example_sla_dag' retrieved from /home/airflow/.local/lib/python3.12/site-packages/airflow/example_dags/example_sla_dag.py
[2024-05-03T15:37:37.568+0000] {logging_mixin.py:188} INFO - [2024-05-03T15:37:37.568+0000] {dag.py:3096} INFO - Sync 1 DAGs
[2024-05-03T15:37:37.622+0000] {logging_mixin.py:188} INFO - [2024-05-03T15:37:37.622+0000] {dag.py:3954} INFO - Setting next_dagrun for example_sla_dag to 2024-05-03 15:34:00+00:00, run_after=2024-05-03 15:36:00+00:00
[2024-05-03T15:37:37.654+0000] {processor.py:183} INFO - Processing /home/airflow/.local/lib/python3.12/site-packages/airflow/example_dags/example_sla_dag.py took 0.149 seconds
[2024-05-03T15:38:07.964+0000] {processor.py:161} INFO - Started process (PID=226) to work on /home/airflow/.local/lib/python3.12/site-packages/airflow/example_dags/example_sla_dag.py
[2024-05-03T15:38:07.978+0000] {processor.py:830} INFO - Processing file /home/airflow/.local/lib/python3.12/site-packages/airflow/example_dags/example_sla_dag.py for tasks to queue
[2024-05-03T15:38:07.980+0000] {logging_mixin.py:188} INFO - [2024-05-03T15:38:07.980+0000] {dagbag.py:540} INFO - Filling up the DagBag from /home/airflow/.local/lib/python3.12/site-packages/airflow/example_dags/example_sla_dag.py
[2024-05-03T15:38:08.012+0000] {processor.py:840} INFO - DAG(s) 'example_sla_dag' retrieved from /home/airflow/.local/lib/python3.12/site-packages/airflow/example_dags/example_sla_dag.py
[2024-05-03T15:38:08.073+0000] {logging_mixin.py:188} INFO - [2024-05-03T15:38:08.062+0000] {dag.py:3096} INFO - Sync 1 DAGs
[2024-05-03T15:38:08.147+0000] {logging_mixin.py:188} INFO - [2024-05-03T15:38:08.147+0000] {dag.py:3954} INFO - Setting next_dagrun for example_sla_dag to 2024-05-03 15:36:00+00:00, run_after=2024-05-03 15:38:00+00:00
[2024-05-03T15:38:08.189+0000] {processor.py:183} INFO - Processing /home/airflow/.local/lib/python3.12/site-packages/airflow/example_dags/example_sla_dag.py took 0.234 seconds
[2024-05-03T15:38:39.005+0000] {processor.py:161} INFO - Started process (PID=287) to work on /home/airflow/.local/lib/python3.12/site-packages/airflow/example_dags/example_sla_dag.py
[2024-05-03T15:38:39.008+0000] {processor.py:830} INFO - Processing file /home/airflow/.local/lib/python3.12/site-packages/airflow/example_dags/example_sla_dag.py for tasks to queue
[2024-05-03T15:38:39.009+0000] {logging_mixin.py:188} INFO - [2024-05-03T15:38:39.009+0000] {dagbag.py:540} INFO - Filling up the DagBag from /home/airflow/.local/lib/python3.12/site-packages/airflow/example_dags/example_sla_dag.py
[2024-05-03T15:38:39.038+0000] {processor.py:840} INFO - DAG(s) 'example_sla_dag' retrieved from /home/airflow/.local/lib/python3.12/site-packages/airflow/example_dags/example_sla_dag.py
[2024-05-03T15:38:39.075+0000] {logging_mixin.py:188} INFO - [2024-05-03T15:38:39.074+0000] {dag.py:3096} INFO - Sync 1 DAGs
[2024-05-03T15:38:39.124+0000] {logging_mixin.py:188} INFO - [2024-05-03T15:38:39.123+0000] {dag.py:3954} INFO - Setting next_dagrun for example_sla_dag to 2024-05-03 15:36:00+00:00, run_after=2024-05-03 15:38:00+00:00
[2024-05-03T15:38:39.172+0000] {processor.py:183} INFO - Processing /home/airflow/.local/lib/python3.12/site-packages/airflow/example_dags/example_sla_dag.py took 0.181 seconds
[2024-05-03T15:39:09.906+0000] {processor.py:161} INFO - Started process (PID=349) to work on /home/airflow/.local/lib/python3.12/site-packages/airflow/example_dags/example_sla_dag.py
[2024-05-03T15:39:09.906+0000] {processor.py:830} INFO - Processing file /home/airflow/.local/lib/python3.12/site-packages/airflow/example_dags/example_sla_dag.py for tasks to queue
[2024-05-03T15:39:09.908+0000] {logging_mixin.py:188} INFO - [2024-05-03T15:39:09.907+0000] {dagbag.py:540} INFO - Filling up the DagBag from /home/airflow/.local/lib/python3.12/site-packages/airflow/example_dags/example_sla_dag.py
[2024-05-03T15:39:09.918+0000] {processor.py:840} INFO - DAG(s) 'example_sla_dag' retrieved from /home/airflow/.local/lib/python3.12/site-packages/airflow/example_dags/example_sla_dag.py
[2024-05-03T15:39:09.938+0000] {logging_mixin.py:188} INFO - [2024-05-03T15:39:09.937+0000] {dag.py:3096} INFO - Sync 1 DAGs
[2024-05-03T15:39:09.970+0000] {logging_mixin.py:188} INFO - [2024-05-03T15:39:09.970+0000] {dag.py:3954} INFO - Setting next_dagrun for example_sla_dag to 2024-05-03 15:36:00+00:00, run_after=2024-05-03 15:38:00+00:00
[2024-05-03T15:39:09.995+0000] {processor.py:183} INFO - Processing /home/airflow/.local/lib/python3.12/site-packages/airflow/example_dags/example_sla_dag.py took 0.095 seconds
[2024-05-03T15:39:41.247+0000] {processor.py:161} INFO - Started process (PID=410) to work on /home/airflow/.local/lib/python3.12/site-packages/airflow/example_dags/example_sla_dag.py
[2024-05-03T15:39:41.255+0000] {processor.py:830} INFO - Processing file /home/airflow/.local/lib/python3.12/site-packages/airflow/example_dags/example_sla_dag.py for tasks to queue
[2024-05-03T15:39:41.257+0000] {logging_mixin.py:188} INFO - [2024-05-03T15:39:41.257+0000] {dagbag.py:540} INFO - Filling up the DagBag from /home/airflow/.local/lib/python3.12/site-packages/airflow/example_dags/example_sla_dag.py
[2024-05-03T15:39:41.275+0000] {processor.py:840} INFO - DAG(s) 'example_sla_dag' retrieved from /home/airflow/.local/lib/python3.12/site-packages/airflow/example_dags/example_sla_dag.py
[2024-05-03T15:39:41.314+0000] {logging_mixin.py:188} INFO - [2024-05-03T15:39:41.313+0000] {dag.py:3096} INFO - Sync 1 DAGs
[2024-05-03T15:39:41.407+0000] {logging_mixin.py:188} INFO - [2024-05-03T15:39:41.407+0000] {dag.py:3954} INFO - Setting next_dagrun for example_sla_dag to 2024-05-03 15:36:00+00:00, run_after=2024-05-03 15:38:00+00:00
[2024-05-03T15:39:41.507+0000] {processor.py:183} INFO - Processing /home/airflow/.local/lib/python3.12/site-packages/airflow/example_dags/example_sla_dag.py took 0.274 seconds
[2024-05-03T15:40:12.498+0000] {processor.py:161} INFO - Started process (PID=471) to work on /home/airflow/.local/lib/python3.12/site-packages/airflow/example_dags/example_sla_dag.py
[2024-05-03T15:40:12.499+0000] {processor.py:830} INFO - Processing file /home/airflow/.local/lib/python3.12/site-packages/airflow/example_dags/example_sla_dag.py for tasks to queue
[2024-05-03T15:40:12.501+0000] {logging_mixin.py:188} INFO - [2024-05-03T15:40:12.500+0000] {dagbag.py:540} INFO - Filling up the DagBag from /home/airflow/.local/lib/python3.12/site-packages/airflow/example_dags/example_sla_dag.py
[2024-05-03T15:40:12.511+0000] {processor.py:840} INFO - DAG(s) 'example_sla_dag' retrieved from /home/airflow/.local/lib/python3.12/site-packages/airflow/example_dags/example_sla_dag.py
[2024-05-03T15:40:12.536+0000] {logging_mixin.py:188} INFO - [2024-05-03T15:40:12.536+0000] {dag.py:3096} INFO - Sync 1 DAGs
[2024-05-03T15:40:12.566+0000] {logging_mixin.py:188} INFO - [2024-05-03T15:40:12.566+0000] {dag.py:3954} INFO - Setting next_dagrun for example_sla_dag to 2024-05-03 15:38:00+00:00, run_after=2024-05-03 15:40:00+00:00
[2024-05-03T15:40:12.589+0000] {processor.py:183} INFO - Processing /home/airflow/.local/lib/python3.12/site-packages/airflow/example_dags/example_sla_dag.py took 0.098 seconds
[2024-05-03T15:40:43.197+0000] {processor.py:161} INFO - Started process (PID=533) to work on /home/airflow/.local/lib/python3.12/site-packages/airflow/example_dags/example_sla_dag.py
[2024-05-03T15:40:43.210+0000] {processor.py:830} INFO - Processing file /home/airflow/.local/lib/python3.12/site-packages/airflow/example_dags/example_sla_dag.py for tasks to queue
[2024-05-03T15:40:43.212+0000] {logging_mixin.py:188} INFO - [2024-05-03T15:40:43.212+0000] {dagbag.py:540} INFO - Filling up the DagBag from /home/airflow/.local/lib/python3.12/site-packages/airflow/example_dags/example_sla_dag.py
[2024-05-03T15:40:43.240+0000] {processor.py:840} INFO - DAG(s) 'example_sla_dag' retrieved from /home/airflow/.local/lib/python3.12/site-packages/airflow/example_dags/example_sla_dag.py
[2024-05-03T15:40:43.290+0000] {logging_mixin.py:188} INFO - [2024-05-03T15:40:43.290+0000] {dag.py:3096} INFO - Sync 1 DAGs
[2024-05-03T15:40:43.327+0000] {logging_mixin.py:188} INFO - [2024-05-03T15:40:43.327+0000] {dag.py:3954} INFO - Setting next_dagrun for example_sla_dag to 2024-05-03 15:38:00+00:00, run_after=2024-05-03 15:40:00+00:00
[2024-05-03T15:40:43.351+0000] {processor.py:183} INFO - Processing /home/airflow/.local/lib/python3.12/site-packages/airflow/example_dags/example_sla_dag.py took 0.169 seconds
[2024-05-03T15:41:14.644+0000] {processor.py:161} INFO - Started process (PID=594) to work on /home/airflow/.local/lib/python3.12/site-packages/airflow/example_dags/example_sla_dag.py
[2024-05-03T15:41:14.649+0000] {processor.py:830} INFO - Processing file /home/airflow/.local/lib/python3.12/site-packages/airflow/example_dags/example_sla_dag.py for tasks to queue
[2024-05-03T15:41:14.652+0000] {logging_mixin.py:188} INFO - [2024-05-03T15:41:14.651+0000] {dagbag.py:540} INFO - Filling up the DagBag from /home/airflow/.local/lib/python3.12/site-packages/airflow/example_dags/example_sla_dag.py
[2024-05-03T15:41:14.694+0000] {processor.py:840} INFO - DAG(s) 'example_sla_dag' retrieved from /home/airflow/.local/lib/python3.12/site-packages/airflow/example_dags/example_sla_dag.py
[2024-05-03T15:41:14.767+0000] {logging_mixin.py:188} INFO - [2024-05-03T15:41:14.766+0000] {dag.py:3096} INFO - Sync 1 DAGs
[2024-05-03T15:41:14.919+0000] {logging_mixin.py:188} INFO - [2024-05-03T15:41:14.918+0000] {dag.py:3954} INFO - Setting next_dagrun for example_sla_dag to 2024-05-03 15:38:00+00:00, run_after=2024-05-03 15:40:00+00:00
[2024-05-03T15:41:14.978+0000] {processor.py:183} INFO - Processing /home/airflow/.local/lib/python3.12/site-packages/airflow/example_dags/example_sla_dag.py took 0.354 seconds
[2024-05-03T15:41:45.803+0000] {processor.py:161} INFO - Started process (PID=655) to work on /home/airflow/.local/lib/python3.12/site-packages/airflow/example_dags/example_sla_dag.py
[2024-05-03T15:41:45.804+0000] {processor.py:830} INFO - Processing file /home/airflow/.local/lib/python3.12/site-packages/airflow/example_dags/example_sla_dag.py for tasks to queue
[2024-05-03T15:41:45.807+0000] {logging_mixin.py:188} INFO - [2024-05-03T15:41:45.806+0000] {dagbag.py:540} INFO - Filling up the DagBag from /home/airflow/.local/lib/python3.12/site-packages/airflow/example_dags/example_sla_dag.py
[2024-05-03T15:41:45.819+0000] {processor.py:840} INFO - DAG(s) 'example_sla_dag' retrieved from /home/airflow/.local/lib/python3.12/site-packages/airflow/example_dags/example_sla_dag.py
[2024-05-03T15:41:45.838+0000] {logging_mixin.py:188} INFO - [2024-05-03T15:41:45.838+0000] {dag.py:3096} INFO - Sync 1 DAGs
[2024-05-03T15:41:45.869+0000] {logging_mixin.py:188} INFO - [2024-05-03T15:41:45.869+0000] {dag.py:3954} INFO - Setting next_dagrun for example_sla_dag to 2024-05-03 15:38:00+00:00, run_after=2024-05-03 15:40:00+00:00
[2024-05-03T15:41:45.902+0000] {processor.py:183} INFO - Processing /home/airflow/.local/lib/python3.12/site-packages/airflow/example_dags/example_sla_dag.py took 0.106 seconds
[2024-05-03T15:42:16.659+0000] {processor.py:161} INFO - Started process (PID=716) to work on /home/airflow/.local/lib/python3.12/site-packages/airflow/example_dags/example_sla_dag.py
[2024-05-03T15:42:16.660+0000] {processor.py:830} INFO - Processing file /home/airflow/.local/lib/python3.12/site-packages/airflow/example_dags/example_sla_dag.py for tasks to queue
[2024-05-03T15:42:16.661+0000] {logging_mixin.py:188} INFO - [2024-05-03T15:42:16.661+0000] {dagbag.py:540} INFO - Filling up the DagBag from /home/airflow/.local/lib/python3.12/site-packages/airflow/example_dags/example_sla_dag.py
[2024-05-03T15:42:16.672+0000] {processor.py:840} INFO - DAG(s) 'example_sla_dag' retrieved from /home/airflow/.local/lib/python3.12/site-packages/airflow/example_dags/example_sla_dag.py
[2024-05-03T15:42:16.691+0000] {logging_mixin.py:188} INFO - [2024-05-03T15:42:16.691+0000] {dag.py:3096} INFO - Sync 1 DAGs
[2024-05-03T15:42:16.721+0000] {logging_mixin.py:188} INFO - [2024-05-03T15:42:16.721+0000] {dag.py:3954} INFO - Setting next_dagrun for example_sla_dag to 2024-05-03 15:40:00+00:00, run_after=2024-05-03 15:42:00+00:00
[2024-05-03T15:42:16.751+0000] {processor.py:183} INFO - Processing /home/airflow/.local/lib/python3.12/site-packages/airflow/example_dags/example_sla_dag.py took 0.098 seconds
[2024-05-03T15:42:47.105+0000] {processor.py:161} INFO - Started process (PID=778) to work on /home/airflow/.local/lib/python3.12/site-packages/airflow/example_dags/example_sla_dag.py
[2024-05-03T15:42:47.106+0000] {processor.py:830} INFO - Processing file /home/airflow/.local/lib/python3.12/site-packages/airflow/example_dags/example_sla_dag.py for tasks to queue
[2024-05-03T15:42:47.108+0000] {logging_mixin.py:188} INFO - [2024-05-03T15:42:47.108+0000] {dagbag.py:540} INFO - Filling up the DagBag from /home/airflow/.local/lib/python3.12/site-packages/airflow/example_dags/example_sla_dag.py
[2024-05-03T15:42:47.118+0000] {processor.py:840} INFO - DAG(s) 'example_sla_dag' retrieved from /home/airflow/.local/lib/python3.12/site-packages/airflow/example_dags/example_sla_dag.py
[2024-05-03T15:42:47.141+0000] {logging_mixin.py:188} INFO - [2024-05-03T15:42:47.141+0000] {dag.py:3096} INFO - Sync 1 DAGs
[2024-05-03T15:42:47.175+0000] {logging_mixin.py:188} INFO - [2024-05-03T15:42:47.175+0000] {dag.py:3954} INFO - Setting next_dagrun for example_sla_dag to 2024-05-03 15:40:00+00:00, run_after=2024-05-03 15:42:00+00:00
[2024-05-03T15:42:47.205+0000] {processor.py:183} INFO - Processing /home/airflow/.local/lib/python3.12/site-packages/airflow/example_dags/example_sla_dag.py took 0.106 seconds
[2024-05-03T15:43:17.670+0000] {processor.py:161} INFO - Started process (PID=839) to work on /home/airflow/.local/lib/python3.12/site-packages/airflow/example_dags/example_sla_dag.py
[2024-05-03T15:43:17.671+0000] {processor.py:830} INFO - Processing file /home/airflow/.local/lib/python3.12/site-packages/airflow/example_dags/example_sla_dag.py for tasks to queue
[2024-05-03T15:43:17.673+0000] {logging_mixin.py:188} INFO - [2024-05-03T15:43:17.672+0000] {dagbag.py:540} INFO - Filling up the DagBag from /home/airflow/.local/lib/python3.12/site-packages/airflow/example_dags/example_sla_dag.py
[2024-05-03T15:43:17.682+0000] {processor.py:840} INFO - DAG(s) 'example_sla_dag' retrieved from /home/airflow/.local/lib/python3.12/site-packages/airflow/example_dags/example_sla_dag.py
[2024-05-03T15:43:17.704+0000] {logging_mixin.py:188} INFO - [2024-05-03T15:43:17.704+0000] {dag.py:3096} INFO - Sync 1 DAGs
[2024-05-03T15:43:17.735+0000] {logging_mixin.py:188} INFO - [2024-05-03T15:43:17.735+0000] {dag.py:3954} INFO - Setting next_dagrun for example_sla_dag to 2024-05-03 15:40:00+00:00, run_after=2024-05-03 15:42:00+00:00
[2024-05-03T15:43:17.759+0000] {processor.py:183} INFO - Processing /home/airflow/.local/lib/python3.12/site-packages/airflow/example_dags/example_sla_dag.py took 0.104 seconds
[2024-05-03T15:43:47.844+0000] {processor.py:161} INFO - Started process (PID=900) to work on /home/airflow/.local/lib/python3.12/site-packages/airflow/example_dags/example_sla_dag.py
[2024-05-03T15:43:47.850+0000] {processor.py:830} INFO - Processing file /home/airflow/.local/lib/python3.12/site-packages/airflow/example_dags/example_sla_dag.py for tasks to queue
[2024-05-03T15:43:47.857+0000] {logging_mixin.py:188} INFO - [2024-05-03T15:43:47.857+0000] {dagbag.py:540} INFO - Filling up the DagBag from /home/airflow/.local/lib/python3.12/site-packages/airflow/example_dags/example_sla_dag.py
[2024-05-03T15:43:47.867+0000] {processor.py:840} INFO - DAG(s) 'example_sla_dag' retrieved from /home/airflow/.local/lib/python3.12/site-packages/airflow/example_dags/example_sla_dag.py
[2024-05-03T15:43:47.889+0000] {logging_mixin.py:188} INFO - [2024-05-03T15:43:47.889+0000] {dag.py:3096} INFO - Sync 1 DAGs
[2024-05-03T15:43:47.919+0000] {logging_mixin.py:188} INFO - [2024-05-03T15:43:47.919+0000] {dag.py:3954} INFO - Setting next_dagrun for example_sla_dag to 2024-05-03 15:40:00+00:00, run_after=2024-05-03 15:42:00+00:00
[2024-05-03T15:43:47.950+0000] {processor.py:183} INFO - Processing /home/airflow/.local/lib/python3.12/site-packages/airflow/example_dags/example_sla_dag.py took 0.114 seconds
[2024-05-03T15:44:18.106+0000] {processor.py:161} INFO - Started process (PID=961) to work on /home/airflow/.local/lib/python3.12/site-packages/airflow/example_dags/example_sla_dag.py
[2024-05-03T15:44:18.106+0000] {processor.py:830} INFO - Processing file /home/airflow/.local/lib/python3.12/site-packages/airflow/example_dags/example_sla_dag.py for tasks to queue
[2024-05-03T15:44:18.108+0000] {logging_mixin.py:188} INFO - [2024-05-03T15:44:18.108+0000] {dagbag.py:540} INFO - Filling up the DagBag from /home/airflow/.local/lib/python3.12/site-packages/airflow/example_dags/example_sla_dag.py
[2024-05-03T15:44:18.117+0000] {processor.py:840} INFO - DAG(s) 'example_sla_dag' retrieved from /home/airflow/.local/lib/python3.12/site-packages/airflow/example_dags/example_sla_dag.py
[2024-05-03T15:44:18.139+0000] {logging_mixin.py:188} INFO - [2024-05-03T15:44:18.139+0000] {dag.py:3096} INFO - Sync 1 DAGs
[2024-05-03T15:44:18.168+0000] {logging_mixin.py:188} INFO - [2024-05-03T15:44:18.168+0000] {dag.py:3954} INFO - Setting next_dagrun for example_sla_dag to 2024-05-03 15:42:00+00:00, run_after=2024-05-03 15:44:00+00:00
[2024-05-03T15:44:18.194+0000] {processor.py:183} INFO - Processing /home/airflow/.local/lib/python3.12/site-packages/airflow/example_dags/example_sla_dag.py took 0.095 seconds
[2024-05-03T15:44:49.107+0000] {processor.py:161} INFO - Started process (PID=1023) to work on /home/airflow/.local/lib/python3.12/site-packages/airflow/example_dags/example_sla_dag.py
[2024-05-03T15:44:49.121+0000] {processor.py:830} INFO - Processing file /home/airflow/.local/lib/python3.12/site-packages/airflow/example_dags/example_sla_dag.py for tasks to queue
[2024-05-03T15:44:49.138+0000] {logging_mixin.py:188} INFO - [2024-05-03T15:44:49.138+0000] {dagbag.py:540} INFO - Filling up the DagBag from /home/airflow/.local/lib/python3.12/site-packages/airflow/example_dags/example_sla_dag.py
[2024-05-03T15:44:49.169+0000] {processor.py:840} INFO - DAG(s) 'example_sla_dag' retrieved from /home/airflow/.local/lib/python3.12/site-packages/airflow/example_dags/example_sla_dag.py
[2024-05-03T15:44:49.359+0000] {logging_mixin.py:188} INFO - [2024-05-03T15:44:49.358+0000] {dag.py:3096} INFO - Sync 1 DAGs
[2024-05-03T15:44:49.455+0000] {logging_mixin.py:188} INFO - [2024-05-03T15:44:49.454+0000] {dag.py:3954} INFO - Setting next_dagrun for example_sla_dag to 2024-05-03 15:42:00+00:00, run_after=2024-05-03 15:44:00+00:00
[2024-05-03T15:44:49.514+0000] {processor.py:183} INFO - Processing /home/airflow/.local/lib/python3.12/site-packages/airflow/example_dags/example_sla_dag.py took 0.457 seconds
[2024-05-03T15:45:19.743+0000] {processor.py:161} INFO - Started process (PID=1083) to work on /home/airflow/.local/lib/python3.12/site-packages/airflow/example_dags/example_sla_dag.py
[2024-05-03T15:45:19.750+0000] {processor.py:830} INFO - Processing file /home/airflow/.local/lib/python3.12/site-packages/airflow/example_dags/example_sla_dag.py for tasks to queue
[2024-05-03T15:45:19.753+0000] {logging_mixin.py:188} INFO - [2024-05-03T15:45:19.753+0000] {dagbag.py:540} INFO - Filling up the DagBag from /home/airflow/.local/lib/python3.12/site-packages/airflow/example_dags/example_sla_dag.py
[2024-05-03T15:45:19.791+0000] {processor.py:840} INFO - DAG(s) 'example_sla_dag' retrieved from /home/airflow/.local/lib/python3.12/site-packages/airflow/example_dags/example_sla_dag.py
[2024-05-03T15:45:19.871+0000] {logging_mixin.py:188} INFO - [2024-05-03T15:45:19.870+0000] {dag.py:3096} INFO - Sync 1 DAGs
[2024-05-03T15:45:19.924+0000] {logging_mixin.py:188} INFO - [2024-05-03T15:45:19.924+0000] {dag.py:3954} INFO - Setting next_dagrun for example_sla_dag to 2024-05-03 15:42:00+00:00, run_after=2024-05-03 15:44:00+00:00
[2024-05-03T15:45:19.980+0000] {processor.py:183} INFO - Processing /home/airflow/.local/lib/python3.12/site-packages/airflow/example_dags/example_sla_dag.py took 0.252 seconds
[2024-05-03T15:45:50.935+0000] {processor.py:161} INFO - Started process (PID=1144) to work on /home/airflow/.local/lib/python3.12/site-packages/airflow/example_dags/example_sla_dag.py
[2024-05-03T15:45:50.937+0000] {processor.py:830} INFO - Processing file /home/airflow/.local/lib/python3.12/site-packages/airflow/example_dags/example_sla_dag.py for tasks to queue
[2024-05-03T15:45:50.939+0000] {logging_mixin.py:188} INFO - [2024-05-03T15:45:50.939+0000] {dagbag.py:540} INFO - Filling up the DagBag from /home/airflow/.local/lib/python3.12/site-packages/airflow/example_dags/example_sla_dag.py
[2024-05-03T15:45:50.955+0000] {processor.py:840} INFO - DAG(s) 'example_sla_dag' retrieved from /home/airflow/.local/lib/python3.12/site-packages/airflow/example_dags/example_sla_dag.py
[2024-05-03T15:45:50.997+0000] {logging_mixin.py:188} INFO - [2024-05-03T15:45:50.996+0000] {dag.py:3096} INFO - Sync 1 DAGs
[2024-05-03T15:45:51.032+0000] {logging_mixin.py:188} INFO - [2024-05-03T15:45:51.032+0000] {dag.py:3954} INFO - Setting next_dagrun for example_sla_dag to 2024-05-03 15:42:00+00:00, run_after=2024-05-03 15:44:00+00:00
[2024-05-03T15:45:51.066+0000] {processor.py:183} INFO - Processing /home/airflow/.local/lib/python3.12/site-packages/airflow/example_dags/example_sla_dag.py took 0.138 seconds
[2024-05-03T15:46:21.552+0000] {processor.py:161} INFO - Started process (PID=1211) to work on /home/airflow/.local/lib/python3.12/site-packages/airflow/example_dags/example_sla_dag.py
[2024-05-03T15:46:21.553+0000] {processor.py:830} INFO - Processing file /home/airflow/.local/lib/python3.12/site-packages/airflow/example_dags/example_sla_dag.py for tasks to queue
[2024-05-03T15:46:21.555+0000] {logging_mixin.py:188} INFO - [2024-05-03T15:46:21.554+0000] {dagbag.py:540} INFO - Filling up the DagBag from /home/airflow/.local/lib/python3.12/site-packages/airflow/example_dags/example_sla_dag.py
[2024-05-03T15:46:21.564+0000] {processor.py:840} INFO - DAG(s) 'example_sla_dag' retrieved from /home/airflow/.local/lib/python3.12/site-packages/airflow/example_dags/example_sla_dag.py
[2024-05-03T15:46:21.588+0000] {logging_mixin.py:188} INFO - [2024-05-03T15:46:21.588+0000] {dag.py:3096} INFO - Sync 1 DAGs
[2024-05-03T15:46:21.620+0000] {logging_mixin.py:188} INFO - [2024-05-03T15:46:21.620+0000] {dag.py:3954} INFO - Setting next_dagrun for example_sla_dag to 2024-05-03 15:44:00+00:00, run_after=2024-05-03 15:46:00+00:00
[2024-05-03T15:46:21.645+0000] {processor.py:183} INFO - Processing /home/airflow/.local/lib/python3.12/site-packages/airflow/example_dags/example_sla_dag.py took 0.099 seconds
[2024-05-03T15:46:51.752+0000] {processor.py:161} INFO - Started process (PID=1273) to work on /home/airflow/.local/lib/python3.12/site-packages/airflow/example_dags/example_sla_dag.py
[2024-05-03T15:46:51.753+0000] {processor.py:830} INFO - Processing file /home/airflow/.local/lib/python3.12/site-packages/airflow/example_dags/example_sla_dag.py for tasks to queue
[2024-05-03T15:46:51.756+0000] {logging_mixin.py:188} INFO - [2024-05-03T15:46:51.755+0000] {dagbag.py:540} INFO - Filling up the DagBag from /home/airflow/.local/lib/python3.12/site-packages/airflow/example_dags/example_sla_dag.py
[2024-05-03T15:46:51.766+0000] {processor.py:840} INFO - DAG(s) 'example_sla_dag' retrieved from /home/airflow/.local/lib/python3.12/site-packages/airflow/example_dags/example_sla_dag.py
[2024-05-03T15:46:51.789+0000] {logging_mixin.py:188} INFO - [2024-05-03T15:46:51.788+0000] {dag.py:3096} INFO - Sync 1 DAGs
[2024-05-03T15:46:51.834+0000] {logging_mixin.py:188} INFO - [2024-05-03T15:46:51.833+0000] {dag.py:3954} INFO - Setting next_dagrun for example_sla_dag to 2024-05-03 15:44:00+00:00, run_after=2024-05-03 15:46:00+00:00
[2024-05-03T15:46:51.882+0000] {processor.py:183} INFO - Processing /home/airflow/.local/lib/python3.12/site-packages/airflow/example_dags/example_sla_dag.py took 0.137 seconds
[2024-05-03T15:47:22.221+0000] {processor.py:161} INFO - Started process (PID=1334) to work on /home/airflow/.local/lib/python3.12/site-packages/airflow/example_dags/example_sla_dag.py
[2024-05-03T15:47:22.222+0000] {processor.py:830} INFO - Processing file /home/airflow/.local/lib/python3.12/site-packages/airflow/example_dags/example_sla_dag.py for tasks to queue
[2024-05-03T15:47:22.224+0000] {logging_mixin.py:188} INFO - [2024-05-03T15:47:22.224+0000] {dagbag.py:540} INFO - Filling up the DagBag from /home/airflow/.local/lib/python3.12/site-packages/airflow/example_dags/example_sla_dag.py
[2024-05-03T15:47:22.236+0000] {processor.py:840} INFO - DAG(s) 'example_sla_dag' retrieved from /home/airflow/.local/lib/python3.12/site-packages/airflow/example_dags/example_sla_dag.py
[2024-05-03T15:47:22.257+0000] {logging_mixin.py:188} INFO - [2024-05-03T15:47:22.257+0000] {dag.py:3096} INFO - Sync 1 DAGs
[2024-05-03T15:47:22.301+0000] {logging_mixin.py:188} INFO - [2024-05-03T15:47:22.301+0000] {dag.py:3954} INFO - Setting next_dagrun for example_sla_dag to 2024-05-03 15:44:00+00:00, run_after=2024-05-03 15:46:00+00:00
[2024-05-03T15:47:22.362+0000] {processor.py:183} INFO - Processing /home/airflow/.local/lib/python3.12/site-packages/airflow/example_dags/example_sla_dag.py took 0.152 seconds
