[2024-05-03T15:36:29.521+0000] {processor.py:161} INFO - Started process (PID=39) to work on /home/airflow/.local/lib/python3.12/site-packages/airflow/example_dags/example_dag_decorator.py
[2024-05-03T15:36:29.545+0000] {processor.py:830} INFO - Processing file /home/airflow/.local/lib/python3.12/site-packages/airflow/example_dags/example_dag_decorator.py for tasks to queue
[2024-05-03T15:36:29.548+0000] {logging_mixin.py:188} INFO - [2024-05-03T15:36:29.547+0000] {dagbag.py:540} INFO - Filling up the DagBag from /home/airflow/.local/lib/python3.12/site-packages/airflow/example_dags/example_dag_decorator.py
[2024-05-03T15:36:30.290+0000] {processor.py:840} INFO - DAG(s) 'example_dag_decorator' retrieved from /home/airflow/.local/lib/python3.12/site-packages/airflow/example_dags/example_dag_decorator.py
[2024-05-03T15:36:30.767+0000] {logging_mixin.py:188} INFO - [2024-05-03T15:36:30.766+0000] {dag.py:3096} INFO - Sync 1 DAGs
[2024-05-03T15:36:30.799+0000] {logging_mixin.py:188} INFO - [2024-05-03T15:36:30.799+0000] {dag.py:3954} INFO - Setting next_dagrun for example_dag_decorator to None, run_after=None
[2024-05-03T15:36:30.856+0000] {processor.py:183} INFO - Processing /home/airflow/.local/lib/python3.12/site-packages/airflow/example_dags/example_dag_decorator.py took 1.345 seconds
[2024-05-03T15:37:01.472+0000] {processor.py:161} INFO - Started process (PID=100) to work on /home/airflow/.local/lib/python3.12/site-packages/airflow/example_dags/example_dag_decorator.py
[2024-05-03T15:37:01.475+0000] {processor.py:830} INFO - Processing file /home/airflow/.local/lib/python3.12/site-packages/airflow/example_dags/example_dag_decorator.py for tasks to queue
[2024-05-03T15:37:01.477+0000] {logging_mixin.py:188} INFO - [2024-05-03T15:37:01.477+0000] {dagbag.py:540} INFO - Filling up the DagBag from /home/airflow/.local/lib/python3.12/site-packages/airflow/example_dags/example_dag_decorator.py
[2024-05-03T15:37:02.218+0000] {processor.py:840} INFO - DAG(s) 'example_dag_decorator' retrieved from /home/airflow/.local/lib/python3.12/site-packages/airflow/example_dags/example_dag_decorator.py
[2024-05-03T15:37:03.324+0000] {logging_mixin.py:188} INFO - [2024-05-03T15:37:03.322+0000] {dag.py:3096} INFO - Sync 1 DAGs
[2024-05-03T15:37:03.362+0000] {logging_mixin.py:188} INFO - [2024-05-03T15:37:03.357+0000] {dag.py:3954} INFO - Setting next_dagrun for example_dag_decorator to None, run_after=None
[2024-05-03T15:37:03.397+0000] {processor.py:183} INFO - Processing /home/airflow/.local/lib/python3.12/site-packages/airflow/example_dags/example_dag_decorator.py took 1.940 seconds
[2024-05-03T15:37:35.778+0000] {processor.py:161} INFO - Started process (PID=161) to work on /home/airflow/.local/lib/python3.12/site-packages/airflow/example_dags/example_dag_decorator.py
[2024-05-03T15:37:35.782+0000] {processor.py:830} INFO - Processing file /home/airflow/.local/lib/python3.12/site-packages/airflow/example_dags/example_dag_decorator.py for tasks to queue
[2024-05-03T15:37:35.798+0000] {logging_mixin.py:188} INFO - [2024-05-03T15:37:35.798+0000] {dagbag.py:540} INFO - Filling up the DagBag from /home/airflow/.local/lib/python3.12/site-packages/airflow/example_dags/example_dag_decorator.py
[2024-05-03T15:37:36.573+0000] {processor.py:840} INFO - DAG(s) 'example_dag_decorator' retrieved from /home/airflow/.local/lib/python3.12/site-packages/airflow/example_dags/example_dag_decorator.py
[2024-05-03T15:37:37.641+0000] {logging_mixin.py:188} INFO - [2024-05-03T15:37:37.641+0000] {dag.py:3096} INFO - Sync 1 DAGs
[2024-05-03T15:37:37.673+0000] {logging_mixin.py:188} INFO - [2024-05-03T15:37:37.673+0000] {dag.py:3954} INFO - Setting next_dagrun for example_dag_decorator to None, run_after=None
[2024-05-03T15:37:37.718+0000] {processor.py:183} INFO - Processing /home/airflow/.local/lib/python3.12/site-packages/airflow/example_dags/example_dag_decorator.py took 1.947 seconds
[2024-05-03T15:38:07.948+0000] {processor.py:161} INFO - Started process (PID=225) to work on /home/airflow/.local/lib/python3.12/site-packages/airflow/example_dags/example_dag_decorator.py
[2024-05-03T15:38:07.949+0000] {processor.py:830} INFO - Processing file /home/airflow/.local/lib/python3.12/site-packages/airflow/example_dags/example_dag_decorator.py for tasks to queue
[2024-05-03T15:38:07.953+0000] {logging_mixin.py:188} INFO - [2024-05-03T15:38:07.951+0000] {dagbag.py:540} INFO - Filling up the DagBag from /home/airflow/.local/lib/python3.12/site-packages/airflow/example_dags/example_dag_decorator.py
[2024-05-03T15:38:08.188+0000] {processor.py:840} INFO - DAG(s) 'example_dag_decorator' retrieved from /home/airflow/.local/lib/python3.12/site-packages/airflow/example_dags/example_dag_decorator.py
[2024-05-03T15:38:08.332+0000] {logging_mixin.py:188} INFO - [2024-05-03T15:38:08.332+0000] {dag.py:3096} INFO - Sync 1 DAGs
[2024-05-03T15:38:08.342+0000] {logging_mixin.py:188} INFO - [2024-05-03T15:38:08.342+0000] {dag.py:3954} INFO - Setting next_dagrun for example_dag_decorator to None, run_after=None
[2024-05-03T15:38:08.363+0000] {processor.py:183} INFO - Processing /home/airflow/.local/lib/python3.12/site-packages/airflow/example_dags/example_dag_decorator.py took 0.431 seconds
[2024-05-03T15:38:38.901+0000] {processor.py:161} INFO - Started process (PID=286) to work on /home/airflow/.local/lib/python3.12/site-packages/airflow/example_dags/example_dag_decorator.py
[2024-05-03T15:38:38.904+0000] {processor.py:830} INFO - Processing file /home/airflow/.local/lib/python3.12/site-packages/airflow/example_dags/example_dag_decorator.py for tasks to queue
[2024-05-03T15:38:38.906+0000] {logging_mixin.py:188} INFO - [2024-05-03T15:38:38.906+0000] {dagbag.py:540} INFO - Filling up the DagBag from /home/airflow/.local/lib/python3.12/site-packages/airflow/example_dags/example_dag_decorator.py
[2024-05-03T15:38:39.205+0000] {processor.py:840} INFO - DAG(s) 'example_dag_decorator' retrieved from /home/airflow/.local/lib/python3.12/site-packages/airflow/example_dags/example_dag_decorator.py
[2024-05-03T15:38:39.273+0000] {logging_mixin.py:188} INFO - [2024-05-03T15:38:39.273+0000] {dag.py:3096} INFO - Sync 1 DAGs
[2024-05-03T15:38:39.327+0000] {logging_mixin.py:188} INFO - [2024-05-03T15:38:39.318+0000] {dag.py:3954} INFO - Setting next_dagrun for example_dag_decorator to None, run_after=None
[2024-05-03T15:38:39.379+0000] {processor.py:183} INFO - Processing /home/airflow/.local/lib/python3.12/site-packages/airflow/example_dags/example_dag_decorator.py took 0.496 seconds
[2024-05-03T15:39:09.468+0000] {processor.py:161} INFO - Started process (PID=344) to work on /home/airflow/.local/lib/python3.12/site-packages/airflow/example_dags/example_dag_decorator.py
[2024-05-03T15:39:09.469+0000] {processor.py:830} INFO - Processing file /home/airflow/.local/lib/python3.12/site-packages/airflow/example_dags/example_dag_decorator.py for tasks to queue
[2024-05-03T15:39:09.471+0000] {logging_mixin.py:188} INFO - [2024-05-03T15:39:09.470+0000] {dagbag.py:540} INFO - Filling up the DagBag from /home/airflow/.local/lib/python3.12/site-packages/airflow/example_dags/example_dag_decorator.py
[2024-05-03T15:39:09.614+0000] {processor.py:840} INFO - DAG(s) 'example_dag_decorator' retrieved from /home/airflow/.local/lib/python3.12/site-packages/airflow/example_dags/example_dag_decorator.py
[2024-05-03T15:39:09.753+0000] {logging_mixin.py:188} INFO - [2024-05-03T15:39:09.753+0000] {dag.py:3096} INFO - Sync 1 DAGs
[2024-05-03T15:39:09.766+0000] {logging_mixin.py:188} INFO - [2024-05-03T15:39:09.766+0000] {dag.py:3954} INFO - Setting next_dagrun for example_dag_decorator to None, run_after=None
[2024-05-03T15:39:09.792+0000] {processor.py:183} INFO - Processing /home/airflow/.local/lib/python3.12/site-packages/airflow/example_dags/example_dag_decorator.py took 0.330 seconds
[2024-05-03T15:39:40.527+0000] {processor.py:161} INFO - Started process (PID=405) to work on /home/airflow/.local/lib/python3.12/site-packages/airflow/example_dags/example_dag_decorator.py
[2024-05-03T15:39:40.529+0000] {processor.py:830} INFO - Processing file /home/airflow/.local/lib/python3.12/site-packages/airflow/example_dags/example_dag_decorator.py for tasks to queue
[2024-05-03T15:39:40.531+0000] {logging_mixin.py:188} INFO - [2024-05-03T15:39:40.531+0000] {dagbag.py:540} INFO - Filling up the DagBag from /home/airflow/.local/lib/python3.12/site-packages/airflow/example_dags/example_dag_decorator.py
[2024-05-03T15:39:40.721+0000] {processor.py:840} INFO - DAG(s) 'example_dag_decorator' retrieved from /home/airflow/.local/lib/python3.12/site-packages/airflow/example_dags/example_dag_decorator.py
[2024-05-03T15:39:40.931+0000] {logging_mixin.py:188} INFO - [2024-05-03T15:39:40.930+0000] {dag.py:3096} INFO - Sync 1 DAGs
[2024-05-03T15:39:40.961+0000] {logging_mixin.py:188} INFO - [2024-05-03T15:39:40.961+0000] {dag.py:3954} INFO - Setting next_dagrun for example_dag_decorator to None, run_after=None
[2024-05-03T15:39:41.028+0000] {processor.py:183} INFO - Processing /home/airflow/.local/lib/python3.12/site-packages/airflow/example_dags/example_dag_decorator.py took 0.572 seconds
[2024-05-03T15:40:11.139+0000] {processor.py:161} INFO - Started process (PID=467) to work on /home/airflow/.local/lib/python3.12/site-packages/airflow/example_dags/example_dag_decorator.py
[2024-05-03T15:40:11.140+0000] {processor.py:830} INFO - Processing file /home/airflow/.local/lib/python3.12/site-packages/airflow/example_dags/example_dag_decorator.py for tasks to queue
[2024-05-03T15:40:11.142+0000] {logging_mixin.py:188} INFO - [2024-05-03T15:40:11.142+0000] {dagbag.py:540} INFO - Filling up the DagBag from /home/airflow/.local/lib/python3.12/site-packages/airflow/example_dags/example_dag_decorator.py
[2024-05-03T15:40:11.272+0000] {processor.py:840} INFO - DAG(s) 'example_dag_decorator' retrieved from /home/airflow/.local/lib/python3.12/site-packages/airflow/example_dags/example_dag_decorator.py
[2024-05-03T15:40:11.411+0000] {logging_mixin.py:188} INFO - [2024-05-03T15:40:11.411+0000] {dag.py:3096} INFO - Sync 1 DAGs
[2024-05-03T15:40:11.428+0000] {logging_mixin.py:188} INFO - [2024-05-03T15:40:11.427+0000] {dag.py:3954} INFO - Setting next_dagrun for example_dag_decorator to None, run_after=None
[2024-05-03T15:40:11.459+0000] {processor.py:183} INFO - Processing /home/airflow/.local/lib/python3.12/site-packages/airflow/example_dags/example_dag_decorator.py took 0.326 seconds
[2024-05-03T15:40:41.705+0000] {processor.py:161} INFO - Started process (PID=528) to work on /home/airflow/.local/lib/python3.12/site-packages/airflow/example_dags/example_dag_decorator.py
[2024-05-03T15:40:41.710+0000] {processor.py:830} INFO - Processing file /home/airflow/.local/lib/python3.12/site-packages/airflow/example_dags/example_dag_decorator.py for tasks to queue
[2024-05-03T15:40:41.718+0000] {logging_mixin.py:188} INFO - [2024-05-03T15:40:41.717+0000] {dagbag.py:540} INFO - Filling up the DagBag from /home/airflow/.local/lib/python3.12/site-packages/airflow/example_dags/example_dag_decorator.py
[2024-05-03T15:40:42.171+0000] {processor.py:840} INFO - DAG(s) 'example_dag_decorator' retrieved from /home/airflow/.local/lib/python3.12/site-packages/airflow/example_dags/example_dag_decorator.py
[2024-05-03T15:40:42.771+0000] {logging_mixin.py:188} INFO - [2024-05-03T15:40:42.770+0000] {dag.py:3096} INFO - Sync 1 DAGs
[2024-05-03T15:40:42.846+0000] {logging_mixin.py:188} INFO - [2024-05-03T15:40:42.846+0000] {dag.py:3954} INFO - Setting next_dagrun for example_dag_decorator to None, run_after=None
[2024-05-03T15:40:42.918+0000] {processor.py:183} INFO - Processing /home/airflow/.local/lib/python3.12/site-packages/airflow/example_dags/example_dag_decorator.py took 1.224 seconds
[2024-05-03T15:41:13.192+0000] {processor.py:161} INFO - Started process (PID=589) to work on /home/airflow/.local/lib/python3.12/site-packages/airflow/example_dags/example_dag_decorator.py
[2024-05-03T15:41:13.198+0000] {processor.py:830} INFO - Processing file /home/airflow/.local/lib/python3.12/site-packages/airflow/example_dags/example_dag_decorator.py for tasks to queue
[2024-05-03T15:41:13.204+0000] {logging_mixin.py:188} INFO - [2024-05-03T15:41:13.204+0000] {dagbag.py:540} INFO - Filling up the DagBag from /home/airflow/.local/lib/python3.12/site-packages/airflow/example_dags/example_dag_decorator.py
[2024-05-03T15:41:13.600+0000] {processor.py:840} INFO - DAG(s) 'example_dag_decorator' retrieved from /home/airflow/.local/lib/python3.12/site-packages/airflow/example_dags/example_dag_decorator.py
[2024-05-03T15:41:14.156+0000] {logging_mixin.py:188} INFO - [2024-05-03T15:41:14.155+0000] {dag.py:3096} INFO - Sync 1 DAGs
[2024-05-03T15:41:14.211+0000] {logging_mixin.py:188} INFO - [2024-05-03T15:41:14.211+0000] {dag.py:3954} INFO - Setting next_dagrun for example_dag_decorator to None, run_after=None
[2024-05-03T15:41:14.307+0000] {processor.py:183} INFO - Processing /home/airflow/.local/lib/python3.12/site-packages/airflow/example_dags/example_dag_decorator.py took 1.122 seconds
[2024-05-03T15:41:45.179+0000] {processor.py:161} INFO - Started process (PID=651) to work on /home/airflow/.local/lib/python3.12/site-packages/airflow/example_dags/example_dag_decorator.py
[2024-05-03T15:41:45.180+0000] {processor.py:830} INFO - Processing file /home/airflow/.local/lib/python3.12/site-packages/airflow/example_dags/example_dag_decorator.py for tasks to queue
[2024-05-03T15:41:45.182+0000] {logging_mixin.py:188} INFO - [2024-05-03T15:41:45.182+0000] {dagbag.py:540} INFO - Filling up the DagBag from /home/airflow/.local/lib/python3.12/site-packages/airflow/example_dags/example_dag_decorator.py
[2024-05-03T15:41:45.385+0000] {processor.py:840} INFO - DAG(s) 'example_dag_decorator' retrieved from /home/airflow/.local/lib/python3.12/site-packages/airflow/example_dags/example_dag_decorator.py
[2024-05-03T15:41:45.699+0000] {logging_mixin.py:188} INFO - [2024-05-03T15:41:45.699+0000] {dag.py:3096} INFO - Sync 1 DAGs
[2024-05-03T15:41:45.728+0000] {logging_mixin.py:188} INFO - [2024-05-03T15:41:45.728+0000] {dag.py:3954} INFO - Setting next_dagrun for example_dag_decorator to None, run_after=None
[2024-05-03T15:41:45.765+0000] {processor.py:183} INFO - Processing /home/airflow/.local/lib/python3.12/site-packages/airflow/example_dags/example_dag_decorator.py took 0.597 seconds
[2024-05-03T15:42:16.302+0000] {processor.py:161} INFO - Started process (PID=712) to work on /home/airflow/.local/lib/python3.12/site-packages/airflow/example_dags/example_dag_decorator.py
[2024-05-03T15:42:16.303+0000] {processor.py:830} INFO - Processing file /home/airflow/.local/lib/python3.12/site-packages/airflow/example_dags/example_dag_decorator.py for tasks to queue
[2024-05-03T15:42:16.305+0000] {logging_mixin.py:188} INFO - [2024-05-03T15:42:16.305+0000] {dagbag.py:540} INFO - Filling up the DagBag from /home/airflow/.local/lib/python3.12/site-packages/airflow/example_dags/example_dag_decorator.py
[2024-05-03T15:42:16.443+0000] {processor.py:840} INFO - DAG(s) 'example_dag_decorator' retrieved from /home/airflow/.local/lib/python3.12/site-packages/airflow/example_dags/example_dag_decorator.py
[2024-05-03T15:42:16.585+0000] {logging_mixin.py:188} INFO - [2024-05-03T15:42:16.584+0000] {dag.py:3096} INFO - Sync 1 DAGs
[2024-05-03T15:42:16.598+0000] {logging_mixin.py:188} INFO - [2024-05-03T15:42:16.598+0000] {dag.py:3954} INFO - Setting next_dagrun for example_dag_decorator to None, run_after=None
[2024-05-03T15:42:16.624+0000] {processor.py:183} INFO - Processing /home/airflow/.local/lib/python3.12/site-packages/airflow/example_dags/example_dag_decorator.py took 0.328 seconds
[2024-05-03T15:42:46.768+0000] {processor.py:161} INFO - Started process (PID=776) to work on /home/airflow/.local/lib/python3.12/site-packages/airflow/example_dags/example_dag_decorator.py
[2024-05-03T15:42:46.768+0000] {processor.py:830} INFO - Processing file /home/airflow/.local/lib/python3.12/site-packages/airflow/example_dags/example_dag_decorator.py for tasks to queue
[2024-05-03T15:42:46.770+0000] {logging_mixin.py:188} INFO - [2024-05-03T15:42:46.769+0000] {dagbag.py:540} INFO - Filling up the DagBag from /home/airflow/.local/lib/python3.12/site-packages/airflow/example_dags/example_dag_decorator.py
[2024-05-03T15:42:46.863+0000] {processor.py:840} INFO - DAG(s) 'example_dag_decorator' retrieved from /home/airflow/.local/lib/python3.12/site-packages/airflow/example_dags/example_dag_decorator.py
[2024-05-03T15:42:46.968+0000] {logging_mixin.py:188} INFO - [2024-05-03T15:42:46.968+0000] {dag.py:3096} INFO - Sync 1 DAGs
[2024-05-03T15:42:46.977+0000] {logging_mixin.py:188} INFO - [2024-05-03T15:42:46.977+0000] {dag.py:3954} INFO - Setting next_dagrun for example_dag_decorator to None, run_after=None
[2024-05-03T15:42:46.997+0000] {processor.py:183} INFO - Processing /home/airflow/.local/lib/python3.12/site-packages/airflow/example_dags/example_dag_decorator.py took 0.233 seconds
[2024-05-03T15:43:17.266+0000] {processor.py:161} INFO - Started process (PID=835) to work on /home/airflow/.local/lib/python3.12/site-packages/airflow/example_dags/example_dag_decorator.py
[2024-05-03T15:43:17.268+0000] {processor.py:830} INFO - Processing file /home/airflow/.local/lib/python3.12/site-packages/airflow/example_dags/example_dag_decorator.py for tasks to queue
[2024-05-03T15:43:17.271+0000] {logging_mixin.py:188} INFO - [2024-05-03T15:43:17.271+0000] {dagbag.py:540} INFO - Filling up the DagBag from /home/airflow/.local/lib/python3.12/site-packages/airflow/example_dags/example_dag_decorator.py
[2024-05-03T15:43:17.410+0000] {processor.py:840} INFO - DAG(s) 'example_dag_decorator' retrieved from /home/airflow/.local/lib/python3.12/site-packages/airflow/example_dags/example_dag_decorator.py
[2024-05-03T15:43:17.565+0000] {logging_mixin.py:188} INFO - [2024-05-03T15:43:17.564+0000] {dag.py:3096} INFO - Sync 1 DAGs
[2024-05-03T15:43:17.581+0000] {logging_mixin.py:188} INFO - [2024-05-03T15:43:17.581+0000] {dag.py:3954} INFO - Setting next_dagrun for example_dag_decorator to None, run_after=None
[2024-05-03T15:43:17.621+0000] {processor.py:183} INFO - Processing /home/airflow/.local/lib/python3.12/site-packages/airflow/example_dags/example_dag_decorator.py took 0.363 seconds
[2024-05-03T15:43:47.699+0000] {processor.py:161} INFO - Started process (PID=898) to work on /home/airflow/.local/lib/python3.12/site-packages/airflow/example_dags/example_dag_decorator.py
[2024-05-03T15:43:47.700+0000] {processor.py:830} INFO - Processing file /home/airflow/.local/lib/python3.12/site-packages/airflow/example_dags/example_dag_decorator.py for tasks to queue
[2024-05-03T15:43:47.703+0000] {logging_mixin.py:188} INFO - [2024-05-03T15:43:47.703+0000] {dagbag.py:540} INFO - Filling up the DagBag from /home/airflow/.local/lib/python3.12/site-packages/airflow/example_dags/example_dag_decorator.py
[2024-05-03T15:43:47.831+0000] {processor.py:840} INFO - DAG(s) 'example_dag_decorator' retrieved from /home/airflow/.local/lib/python3.12/site-packages/airflow/example_dags/example_dag_decorator.py
[2024-05-03T15:43:47.986+0000] {logging_mixin.py:188} INFO - [2024-05-03T15:43:47.985+0000] {dag.py:3096} INFO - Sync 1 DAGs
[2024-05-03T15:43:48.000+0000] {logging_mixin.py:188} INFO - [2024-05-03T15:43:48.000+0000] {dag.py:3954} INFO - Setting next_dagrun for example_dag_decorator to None, run_after=None
[2024-05-03T15:43:48.026+0000] {processor.py:183} INFO - Processing /home/airflow/.local/lib/python3.12/site-packages/airflow/example_dags/example_dag_decorator.py took 0.333 seconds
[2024-05-03T15:44:18.097+0000] {processor.py:161} INFO - Started process (PID=960) to work on /home/airflow/.local/lib/python3.12/site-packages/airflow/example_dags/example_dag_decorator.py
[2024-05-03T15:44:18.098+0000] {processor.py:830} INFO - Processing file /home/airflow/.local/lib/python3.12/site-packages/airflow/example_dags/example_dag_decorator.py for tasks to queue
[2024-05-03T15:44:18.101+0000] {logging_mixin.py:188} INFO - [2024-05-03T15:44:18.100+0000] {dagbag.py:540} INFO - Filling up the DagBag from /home/airflow/.local/lib/python3.12/site-packages/airflow/example_dags/example_dag_decorator.py
[2024-05-03T15:44:18.235+0000] {processor.py:840} INFO - DAG(s) 'example_dag_decorator' retrieved from /home/airflow/.local/lib/python3.12/site-packages/airflow/example_dags/example_dag_decorator.py
[2024-05-03T15:44:18.389+0000] {logging_mixin.py:188} INFO - [2024-05-03T15:44:18.388+0000] {dag.py:3096} INFO - Sync 1 DAGs
[2024-05-03T15:44:18.403+0000] {logging_mixin.py:188} INFO - [2024-05-03T15:44:18.403+0000] {dag.py:3954} INFO - Setting next_dagrun for example_dag_decorator to None, run_after=None
[2024-05-03T15:44:18.431+0000] {processor.py:183} INFO - Processing /home/airflow/.local/lib/python3.12/site-packages/airflow/example_dags/example_dag_decorator.py took 0.340 seconds
[2024-05-03T15:44:49.098+0000] {processor.py:161} INFO - Started process (PID=1022) to work on /home/airflow/.local/lib/python3.12/site-packages/airflow/example_dags/example_dag_decorator.py
[2024-05-03T15:44:49.105+0000] {processor.py:830} INFO - Processing file /home/airflow/.local/lib/python3.12/site-packages/airflow/example_dags/example_dag_decorator.py for tasks to queue
[2024-05-03T15:44:49.110+0000] {logging_mixin.py:188} INFO - [2024-05-03T15:44:49.109+0000] {dagbag.py:540} INFO - Filling up the DagBag from /home/airflow/.local/lib/python3.12/site-packages/airflow/example_dags/example_dag_decorator.py
[2024-05-03T15:44:49.531+0000] {processor.py:840} INFO - DAG(s) 'example_dag_decorator' retrieved from /home/airflow/.local/lib/python3.12/site-packages/airflow/example_dags/example_dag_decorator.py
[2024-05-03T15:44:49.969+0000] {logging_mixin.py:188} INFO - [2024-05-03T15:44:49.968+0000] {dag.py:3096} INFO - Sync 1 DAGs
[2024-05-03T15:44:50.019+0000] {logging_mixin.py:188} INFO - [2024-05-03T15:44:50.019+0000] {dag.py:3954} INFO - Setting next_dagrun for example_dag_decorator to None, run_after=None
[2024-05-03T15:44:50.110+0000] {processor.py:183} INFO - Processing /home/airflow/.local/lib/python3.12/site-packages/airflow/example_dags/example_dag_decorator.py took 1.080 seconds
[2024-05-03T15:45:21.074+0000] {processor.py:161} INFO - Started process (PID=1091) to work on /home/airflow/.local/lib/python3.12/site-packages/airflow/example_dags/example_dag_decorator.py
[2024-05-03T15:45:21.084+0000] {processor.py:830} INFO - Processing file /home/airflow/.local/lib/python3.12/site-packages/airflow/example_dags/example_dag_decorator.py for tasks to queue
[2024-05-03T15:45:21.092+0000] {logging_mixin.py:188} INFO - [2024-05-03T15:45:21.091+0000] {dagbag.py:540} INFO - Filling up the DagBag from /home/airflow/.local/lib/python3.12/site-packages/airflow/example_dags/example_dag_decorator.py
[2024-05-03T15:45:21.439+0000] {processor.py:840} INFO - DAG(s) 'example_dag_decorator' retrieved from /home/airflow/.local/lib/python3.12/site-packages/airflow/example_dags/example_dag_decorator.py
[2024-05-03T15:45:21.679+0000] {logging_mixin.py:188} INFO - [2024-05-03T15:45:21.679+0000] {dag.py:3096} INFO - Sync 1 DAGs
[2024-05-03T15:45:21.694+0000] {logging_mixin.py:188} INFO - [2024-05-03T15:45:21.694+0000] {dag.py:3954} INFO - Setting next_dagrun for example_dag_decorator to None, run_after=None
[2024-05-03T15:45:21.741+0000] {processor.py:183} INFO - Processing /home/airflow/.local/lib/python3.12/site-packages/airflow/example_dags/example_dag_decorator.py took 0.693 seconds
[2024-05-03T15:45:52.119+0000] {processor.py:161} INFO - Started process (PID=1152) to work on /home/airflow/.local/lib/python3.12/site-packages/airflow/example_dags/example_dag_decorator.py
[2024-05-03T15:45:52.121+0000] {processor.py:830} INFO - Processing file /home/airflow/.local/lib/python3.12/site-packages/airflow/example_dags/example_dag_decorator.py for tasks to queue
[2024-05-03T15:45:52.123+0000] {logging_mixin.py:188} INFO - [2024-05-03T15:45:52.122+0000] {dagbag.py:540} INFO - Filling up the DagBag from /home/airflow/.local/lib/python3.12/site-packages/airflow/example_dags/example_dag_decorator.py
[2024-05-03T15:45:52.255+0000] {processor.py:840} INFO - DAG(s) 'example_dag_decorator' retrieved from /home/airflow/.local/lib/python3.12/site-packages/airflow/example_dags/example_dag_decorator.py
[2024-05-03T15:45:52.410+0000] {logging_mixin.py:188} INFO - [2024-05-03T15:45:52.410+0000] {dag.py:3096} INFO - Sync 1 DAGs
[2024-05-03T15:45:52.432+0000] {logging_mixin.py:188} INFO - [2024-05-03T15:45:52.432+0000] {dag.py:3954} INFO - Setting next_dagrun for example_dag_decorator to None, run_after=None
[2024-05-03T15:45:52.460+0000] {processor.py:183} INFO - Processing /home/airflow/.local/lib/python3.12/site-packages/airflow/example_dags/example_dag_decorator.py took 0.347 seconds
