[2024-05-03T15:36:31.312+0000] {processor.py:161} INFO - Started process (PID=43) to work on /home/airflow/.local/lib/python3.12/site-packages/airflow/example_dags/example_setup_teardown.py
[2024-05-03T15:36:31.313+0000] {processor.py:830} INFO - Processing file /home/airflow/.local/lib/python3.12/site-packages/airflow/example_dags/example_setup_teardown.py for tasks to queue
[2024-05-03T15:36:31.316+0000] {logging_mixin.py:188} INFO - [2024-05-03T15:36:31.316+0000] {dagbag.py:540} INFO - Filling up the DagBag from /home/airflow/.local/lib/python3.12/site-packages/airflow/example_dags/example_setup_teardown.py
[2024-05-03T15:36:31.342+0000] {processor.py:840} INFO - DAG(s) 'example_setup_teardown' retrieved from /home/airflow/.local/lib/python3.12/site-packages/airflow/example_dags/example_setup_teardown.py
[2024-05-03T15:36:31.420+0000] {logging_mixin.py:188} INFO - [2024-05-03T15:36:31.420+0000] {dag.py:3096} INFO - Sync 1 DAGs
[2024-05-03T15:36:31.535+0000] {logging_mixin.py:188} INFO - [2024-05-03T15:36:31.534+0000] {dag.py:3954} INFO - Setting next_dagrun for example_setup_teardown to 2024-05-02 00:00:00+00:00, run_after=2024-05-03 00:00:00+00:00
[2024-05-03T15:36:31.661+0000] {processor.py:183} INFO - Processing /home/airflow/.local/lib/python3.12/site-packages/airflow/example_dags/example_setup_teardown.py took 0.376 seconds
[2024-05-03T15:37:02.618+0000] {processor.py:161} INFO - Started process (PID=104) to work on /home/airflow/.local/lib/python3.12/site-packages/airflow/example_dags/example_setup_teardown.py
[2024-05-03T15:37:02.676+0000] {processor.py:830} INFO - Processing file /home/airflow/.local/lib/python3.12/site-packages/airflow/example_dags/example_setup_teardown.py for tasks to queue
[2024-05-03T15:37:02.678+0000] {logging_mixin.py:188} INFO - [2024-05-03T15:37:02.678+0000] {dagbag.py:540} INFO - Filling up the DagBag from /home/airflow/.local/lib/python3.12/site-packages/airflow/example_dags/example_setup_teardown.py
[2024-05-03T15:37:02.712+0000] {processor.py:840} INFO - DAG(s) 'example_setup_teardown' retrieved from /home/airflow/.local/lib/python3.12/site-packages/airflow/example_dags/example_setup_teardown.py
[2024-05-03T15:37:02.755+0000] {logging_mixin.py:188} INFO - [2024-05-03T15:37:02.754+0000] {dag.py:3096} INFO - Sync 1 DAGs
[2024-05-03T15:37:02.803+0000] {logging_mixin.py:188} INFO - [2024-05-03T15:37:02.802+0000] {dag.py:3954} INFO - Setting next_dagrun for example_setup_teardown to 2024-05-02 00:00:00+00:00, run_after=2024-05-03 00:00:00+00:00
[2024-05-03T15:37:02.846+0000] {processor.py:183} INFO - Processing /home/airflow/.local/lib/python3.12/site-packages/airflow/example_dags/example_setup_teardown.py took 0.244 seconds
[2024-05-03T15:37:37.292+0000] {processor.py:161} INFO - Started process (PID=165) to work on /home/airflow/.local/lib/python3.12/site-packages/airflow/example_dags/example_setup_teardown.py
[2024-05-03T15:37:37.295+0000] {processor.py:830} INFO - Processing file /home/airflow/.local/lib/python3.12/site-packages/airflow/example_dags/example_setup_teardown.py for tasks to queue
[2024-05-03T15:37:37.300+0000] {logging_mixin.py:188} INFO - [2024-05-03T15:37:37.300+0000] {dagbag.py:540} INFO - Filling up the DagBag from /home/airflow/.local/lib/python3.12/site-packages/airflow/example_dags/example_setup_teardown.py
[2024-05-03T15:37:37.314+0000] {processor.py:840} INFO - DAG(s) 'example_setup_teardown' retrieved from /home/airflow/.local/lib/python3.12/site-packages/airflow/example_dags/example_setup_teardown.py
[2024-05-03T15:37:37.361+0000] {logging_mixin.py:188} INFO - [2024-05-03T15:37:37.360+0000] {dag.py:3096} INFO - Sync 1 DAGs
[2024-05-03T15:37:37.418+0000] {logging_mixin.py:188} INFO - [2024-05-03T15:37:37.414+0000] {dag.py:3954} INFO - Setting next_dagrun for example_setup_teardown to 2024-05-02 00:00:00+00:00, run_after=2024-05-03 00:00:00+00:00
[2024-05-03T15:37:37.469+0000] {processor.py:183} INFO - Processing /home/airflow/.local/lib/python3.12/site-packages/airflow/example_dags/example_setup_teardown.py took 0.191 seconds
[2024-05-03T15:38:07.729+0000] {processor.py:161} INFO - Started process (PID=224) to work on /home/airflow/.local/lib/python3.12/site-packages/airflow/example_dags/example_setup_teardown.py
[2024-05-03T15:38:07.730+0000] {processor.py:830} INFO - Processing file /home/airflow/.local/lib/python3.12/site-packages/airflow/example_dags/example_setup_teardown.py for tasks to queue
[2024-05-03T15:38:07.732+0000] {logging_mixin.py:188} INFO - [2024-05-03T15:38:07.732+0000] {dagbag.py:540} INFO - Filling up the DagBag from /home/airflow/.local/lib/python3.12/site-packages/airflow/example_dags/example_setup_teardown.py
[2024-05-03T15:38:07.741+0000] {processor.py:840} INFO - DAG(s) 'example_setup_teardown' retrieved from /home/airflow/.local/lib/python3.12/site-packages/airflow/example_dags/example_setup_teardown.py
[2024-05-03T15:38:07.779+0000] {logging_mixin.py:188} INFO - [2024-05-03T15:38:07.779+0000] {dag.py:3096} INFO - Sync 1 DAGs
[2024-05-03T15:38:07.814+0000] {logging_mixin.py:188} INFO - [2024-05-03T15:38:07.813+0000] {dag.py:3954} INFO - Setting next_dagrun for example_setup_teardown to 2024-05-02 00:00:00+00:00, run_after=2024-05-03 00:00:00+00:00
[2024-05-03T15:38:07.893+0000] {processor.py:183} INFO - Processing /home/airflow/.local/lib/python3.12/site-packages/airflow/example_dags/example_setup_teardown.py took 0.172 seconds
[2024-05-03T15:38:38.743+0000] {processor.py:161} INFO - Started process (PID=285) to work on /home/airflow/.local/lib/python3.12/site-packages/airflow/example_dags/example_setup_teardown.py
[2024-05-03T15:38:38.745+0000] {processor.py:830} INFO - Processing file /home/airflow/.local/lib/python3.12/site-packages/airflow/example_dags/example_setup_teardown.py for tasks to queue
[2024-05-03T15:38:38.751+0000] {logging_mixin.py:188} INFO - [2024-05-03T15:38:38.747+0000] {dagbag.py:540} INFO - Filling up the DagBag from /home/airflow/.local/lib/python3.12/site-packages/airflow/example_dags/example_setup_teardown.py
[2024-05-03T15:38:38.760+0000] {processor.py:840} INFO - DAG(s) 'example_setup_teardown' retrieved from /home/airflow/.local/lib/python3.12/site-packages/airflow/example_dags/example_setup_teardown.py
[2024-05-03T15:38:38.836+0000] {logging_mixin.py:188} INFO - [2024-05-03T15:38:38.836+0000] {dag.py:3096} INFO - Sync 1 DAGs
[2024-05-03T15:38:38.893+0000] {logging_mixin.py:188} INFO - [2024-05-03T15:38:38.892+0000] {dag.py:3954} INFO - Setting next_dagrun for example_setup_teardown to 2024-05-02 00:00:00+00:00, run_after=2024-05-03 00:00:00+00:00
[2024-05-03T15:38:38.938+0000] {processor.py:183} INFO - Processing /home/airflow/.local/lib/python3.12/site-packages/airflow/example_dags/example_setup_teardown.py took 0.211 seconds
[2024-05-03T15:39:09.832+0000] {processor.py:161} INFO - Started process (PID=348) to work on /home/airflow/.local/lib/python3.12/site-packages/airflow/example_dags/example_setup_teardown.py
[2024-05-03T15:39:09.833+0000] {processor.py:830} INFO - Processing file /home/airflow/.local/lib/python3.12/site-packages/airflow/example_dags/example_setup_teardown.py for tasks to queue
[2024-05-03T15:39:09.835+0000] {logging_mixin.py:188} INFO - [2024-05-03T15:39:09.835+0000] {dagbag.py:540} INFO - Filling up the DagBag from /home/airflow/.local/lib/python3.12/site-packages/airflow/example_dags/example_setup_teardown.py
[2024-05-03T15:39:09.844+0000] {processor.py:840} INFO - DAG(s) 'example_setup_teardown' retrieved from /home/airflow/.local/lib/python3.12/site-packages/airflow/example_dags/example_setup_teardown.py
[2024-05-03T15:39:09.866+0000] {logging_mixin.py:188} INFO - [2024-05-03T15:39:09.866+0000] {dag.py:3096} INFO - Sync 1 DAGs
[2024-05-03T15:39:09.891+0000] {logging_mixin.py:188} INFO - [2024-05-03T15:39:09.891+0000] {dag.py:3954} INFO - Setting next_dagrun for example_setup_teardown to 2024-05-02 00:00:00+00:00, run_after=2024-05-03 00:00:00+00:00
[2024-05-03T15:39:09.916+0000] {processor.py:183} INFO - Processing /home/airflow/.local/lib/python3.12/site-packages/airflow/example_dags/example_setup_teardown.py took 0.091 seconds
[2024-05-03T15:39:41.156+0000] {processor.py:161} INFO - Started process (PID=409) to work on /home/airflow/.local/lib/python3.12/site-packages/airflow/example_dags/example_setup_teardown.py
[2024-05-03T15:39:41.162+0000] {processor.py:830} INFO - Processing file /home/airflow/.local/lib/python3.12/site-packages/airflow/example_dags/example_setup_teardown.py for tasks to queue
[2024-05-03T15:39:41.164+0000] {logging_mixin.py:188} INFO - [2024-05-03T15:39:41.164+0000] {dagbag.py:540} INFO - Filling up the DagBag from /home/airflow/.local/lib/python3.12/site-packages/airflow/example_dags/example_setup_teardown.py
[2024-05-03T15:39:41.185+0000] {processor.py:840} INFO - DAG(s) 'example_setup_teardown' retrieved from /home/airflow/.local/lib/python3.12/site-packages/airflow/example_dags/example_setup_teardown.py
[2024-05-03T15:39:41.233+0000] {logging_mixin.py:188} INFO - [2024-05-03T15:39:41.233+0000] {dag.py:3096} INFO - Sync 1 DAGs
[2024-05-03T15:39:41.285+0000] {logging_mixin.py:188} INFO - [2024-05-03T15:39:41.284+0000] {dag.py:3954} INFO - Setting next_dagrun for example_setup_teardown to 2024-05-02 00:00:00+00:00, run_after=2024-05-03 00:00:00+00:00
[2024-05-03T15:39:41.356+0000] {processor.py:183} INFO - Processing /home/airflow/.local/lib/python3.12/site-packages/airflow/example_dags/example_setup_teardown.py took 0.219 seconds
[2024-05-03T15:40:11.427+0000] {processor.py:161} INFO - Started process (PID=470) to work on /home/airflow/.local/lib/python3.12/site-packages/airflow/example_dags/example_setup_teardown.py
[2024-05-03T15:40:11.427+0000] {processor.py:830} INFO - Processing file /home/airflow/.local/lib/python3.12/site-packages/airflow/example_dags/example_setup_teardown.py for tasks to queue
[2024-05-03T15:40:11.429+0000] {logging_mixin.py:188} INFO - [2024-05-03T15:40:11.429+0000] {dagbag.py:540} INFO - Filling up the DagBag from /home/airflow/.local/lib/python3.12/site-packages/airflow/example_dags/example_setup_teardown.py
[2024-05-03T15:40:11.437+0000] {processor.py:840} INFO - DAG(s) 'example_setup_teardown' retrieved from /home/airflow/.local/lib/python3.12/site-packages/airflow/example_dags/example_setup_teardown.py
[2024-05-03T15:40:11.457+0000] {logging_mixin.py:188} INFO - [2024-05-03T15:40:11.457+0000] {dag.py:3096} INFO - Sync 1 DAGs
[2024-05-03T15:40:11.484+0000] {logging_mixin.py:188} INFO - [2024-05-03T15:40:11.484+0000] {dag.py:3954} INFO - Setting next_dagrun for example_setup_teardown to 2024-05-02 00:00:00+00:00, run_after=2024-05-03 00:00:00+00:00
[2024-05-03T15:40:11.504+0000] {processor.py:183} INFO - Processing /home/airflow/.local/lib/python3.12/site-packages/airflow/example_dags/example_setup_teardown.py took 0.084 seconds
[2024-05-03T15:40:43.066+0000] {processor.py:161} INFO - Started process (PID=532) to work on /home/airflow/.local/lib/python3.12/site-packages/airflow/example_dags/example_setup_teardown.py
[2024-05-03T15:40:43.070+0000] {processor.py:830} INFO - Processing file /home/airflow/.local/lib/python3.12/site-packages/airflow/example_dags/example_setup_teardown.py for tasks to queue
[2024-05-03T15:40:43.072+0000] {logging_mixin.py:188} INFO - [2024-05-03T15:40:43.071+0000] {dagbag.py:540} INFO - Filling up the DagBag from /home/airflow/.local/lib/python3.12/site-packages/airflow/example_dags/example_setup_teardown.py
[2024-05-03T15:40:43.088+0000] {processor.py:840} INFO - DAG(s) 'example_setup_teardown' retrieved from /home/airflow/.local/lib/python3.12/site-packages/airflow/example_dags/example_setup_teardown.py
[2024-05-03T15:40:43.119+0000] {logging_mixin.py:188} INFO - [2024-05-03T15:40:43.119+0000] {dag.py:3096} INFO - Sync 1 DAGs
[2024-05-03T15:40:43.151+0000] {logging_mixin.py:188} INFO - [2024-05-03T15:40:43.151+0000] {dag.py:3954} INFO - Setting next_dagrun for example_setup_teardown to 2024-05-02 00:00:00+00:00, run_after=2024-05-03 00:00:00+00:00
[2024-05-03T15:40:43.182+0000] {processor.py:183} INFO - Processing /home/airflow/.local/lib/python3.12/site-packages/airflow/example_dags/example_setup_teardown.py took 0.154 seconds
[2024-05-03T15:41:14.413+0000] {processor.py:161} INFO - Started process (PID=593) to work on /home/airflow/.local/lib/python3.12/site-packages/airflow/example_dags/example_setup_teardown.py
[2024-05-03T15:41:14.426+0000] {processor.py:830} INFO - Processing file /home/airflow/.local/lib/python3.12/site-packages/airflow/example_dags/example_setup_teardown.py for tasks to queue
[2024-05-03T15:41:14.428+0000] {logging_mixin.py:188} INFO - [2024-05-03T15:41:14.427+0000] {dagbag.py:540} INFO - Filling up the DagBag from /home/airflow/.local/lib/python3.12/site-packages/airflow/example_dags/example_setup_teardown.py
[2024-05-03T15:41:14.452+0000] {processor.py:840} INFO - DAG(s) 'example_setup_teardown' retrieved from /home/airflow/.local/lib/python3.12/site-packages/airflow/example_dags/example_setup_teardown.py
[2024-05-03T15:41:14.514+0000] {logging_mixin.py:188} INFO - [2024-05-03T15:41:14.514+0000] {dag.py:3096} INFO - Sync 1 DAGs
[2024-05-03T15:41:14.583+0000] {logging_mixin.py:188} INFO - [2024-05-03T15:41:14.582+0000] {dag.py:3954} INFO - Setting next_dagrun for example_setup_teardown to 2024-05-02 00:00:00+00:00, run_after=2024-05-03 00:00:00+00:00
[2024-05-03T15:41:14.627+0000] {processor.py:183} INFO - Processing /home/airflow/.local/lib/python3.12/site-packages/airflow/example_dags/example_setup_teardown.py took 0.223 seconds
[2024-05-03T15:41:45.739+0000] {processor.py:161} INFO - Started process (PID=654) to work on /home/airflow/.local/lib/python3.12/site-packages/airflow/example_dags/example_setup_teardown.py
[2024-05-03T15:41:45.745+0000] {processor.py:830} INFO - Processing file /home/airflow/.local/lib/python3.12/site-packages/airflow/example_dags/example_setup_teardown.py for tasks to queue
[2024-05-03T15:41:45.748+0000] {logging_mixin.py:188} INFO - [2024-05-03T15:41:45.748+0000] {dagbag.py:540} INFO - Filling up the DagBag from /home/airflow/.local/lib/python3.12/site-packages/airflow/example_dags/example_setup_teardown.py
[2024-05-03T15:41:45.764+0000] {processor.py:840} INFO - DAG(s) 'example_setup_teardown' retrieved from /home/airflow/.local/lib/python3.12/site-packages/airflow/example_dags/example_setup_teardown.py
[2024-05-03T15:41:45.794+0000] {logging_mixin.py:188} INFO - [2024-05-03T15:41:45.794+0000] {dag.py:3096} INFO - Sync 1 DAGs
[2024-05-03T15:41:45.821+0000] {logging_mixin.py:188} INFO - [2024-05-03T15:41:45.821+0000] {dag.py:3954} INFO - Setting next_dagrun for example_setup_teardown to 2024-05-02 00:00:00+00:00, run_after=2024-05-03 00:00:00+00:00
[2024-05-03T15:41:45.848+0000] {processor.py:183} INFO - Processing /home/airflow/.local/lib/python3.12/site-packages/airflow/example_dags/example_setup_teardown.py took 0.120 seconds
[2024-05-03T15:42:16.585+0000] {processor.py:161} INFO - Started process (PID=715) to work on /home/airflow/.local/lib/python3.12/site-packages/airflow/example_dags/example_setup_teardown.py
[2024-05-03T15:42:16.587+0000] {processor.py:830} INFO - Processing file /home/airflow/.local/lib/python3.12/site-packages/airflow/example_dags/example_setup_teardown.py for tasks to queue
[2024-05-03T15:42:16.589+0000] {logging_mixin.py:188} INFO - [2024-05-03T15:42:16.589+0000] {dagbag.py:540} INFO - Filling up the DagBag from /home/airflow/.local/lib/python3.12/site-packages/airflow/example_dags/example_setup_teardown.py
[2024-05-03T15:42:16.597+0000] {processor.py:840} INFO - DAG(s) 'example_setup_teardown' retrieved from /home/airflow/.local/lib/python3.12/site-packages/airflow/example_dags/example_setup_teardown.py
[2024-05-03T15:42:16.621+0000] {logging_mixin.py:188} INFO - [2024-05-03T15:42:16.620+0000] {dag.py:3096} INFO - Sync 1 DAGs
[2024-05-03T15:42:16.646+0000] {logging_mixin.py:188} INFO - [2024-05-03T15:42:16.646+0000] {dag.py:3954} INFO - Setting next_dagrun for example_setup_teardown to 2024-05-02 00:00:00+00:00, run_after=2024-05-03 00:00:00+00:00
[2024-05-03T15:42:16.670+0000] {processor.py:183} INFO - Processing /home/airflow/.local/lib/python3.12/site-packages/airflow/example_dags/example_setup_teardown.py took 0.092 seconds
[2024-05-03T15:42:47.020+0000] {processor.py:161} INFO - Started process (PID=777) to work on /home/airflow/.local/lib/python3.12/site-packages/airflow/example_dags/example_setup_teardown.py
[2024-05-03T15:42:47.020+0000] {processor.py:830} INFO - Processing file /home/airflow/.local/lib/python3.12/site-packages/airflow/example_dags/example_setup_teardown.py for tasks to queue
[2024-05-03T15:42:47.022+0000] {logging_mixin.py:188} INFO - [2024-05-03T15:42:47.022+0000] {dagbag.py:540} INFO - Filling up the DagBag from /home/airflow/.local/lib/python3.12/site-packages/airflow/example_dags/example_setup_teardown.py
[2024-05-03T15:42:47.027+0000] {processor.py:840} INFO - DAG(s) 'example_setup_teardown' retrieved from /home/airflow/.local/lib/python3.12/site-packages/airflow/example_dags/example_setup_teardown.py
[2024-05-03T15:42:47.044+0000] {logging_mixin.py:188} INFO - [2024-05-03T15:42:47.044+0000] {dag.py:3096} INFO - Sync 1 DAGs
[2024-05-03T15:42:47.062+0000] {logging_mixin.py:188} INFO - [2024-05-03T15:42:47.061+0000] {dag.py:3954} INFO - Setting next_dagrun for example_setup_teardown to 2024-05-02 00:00:00+00:00, run_after=2024-05-03 00:00:00+00:00
[2024-05-03T15:42:47.081+0000] {processor.py:183} INFO - Processing /home/airflow/.local/lib/python3.12/site-packages/airflow/example_dags/example_setup_teardown.py took 0.066 seconds
[2024-05-03T15:43:17.533+0000] {processor.py:161} INFO - Started process (PID=838) to work on /home/airflow/.local/lib/python3.12/site-packages/airflow/example_dags/example_setup_teardown.py
[2024-05-03T15:43:17.534+0000] {processor.py:830} INFO - Processing file /home/airflow/.local/lib/python3.12/site-packages/airflow/example_dags/example_setup_teardown.py for tasks to queue
[2024-05-03T15:43:17.537+0000] {logging_mixin.py:188} INFO - [2024-05-03T15:43:17.536+0000] {dagbag.py:540} INFO - Filling up the DagBag from /home/airflow/.local/lib/python3.12/site-packages/airflow/example_dags/example_setup_teardown.py
[2024-05-03T15:43:17.545+0000] {processor.py:840} INFO - DAG(s) 'example_setup_teardown' retrieved from /home/airflow/.local/lib/python3.12/site-packages/airflow/example_dags/example_setup_teardown.py
[2024-05-03T15:43:17.569+0000] {logging_mixin.py:188} INFO - [2024-05-03T15:43:17.569+0000] {dag.py:3096} INFO - Sync 1 DAGs
[2024-05-03T15:43:17.614+0000] {logging_mixin.py:188} INFO - [2024-05-03T15:43:17.613+0000] {dag.py:3954} INFO - Setting next_dagrun for example_setup_teardown to 2024-05-02 00:00:00+00:00, run_after=2024-05-03 00:00:00+00:00
[2024-05-03T15:43:17.657+0000] {processor.py:183} INFO - Processing /home/airflow/.local/lib/python3.12/site-packages/airflow/example_dags/example_setup_teardown.py took 0.131 seconds
[2024-05-03T15:43:47.708+0000] {processor.py:161} INFO - Started process (PID=899) to work on /home/airflow/.local/lib/python3.12/site-packages/airflow/example_dags/example_setup_teardown.py
[2024-05-03T15:43:47.710+0000] {processor.py:830} INFO - Processing file /home/airflow/.local/lib/python3.12/site-packages/airflow/example_dags/example_setup_teardown.py for tasks to queue
[2024-05-03T15:43:47.712+0000] {logging_mixin.py:188} INFO - [2024-05-03T15:43:47.711+0000] {dagbag.py:540} INFO - Filling up the DagBag from /home/airflow/.local/lib/python3.12/site-packages/airflow/example_dags/example_setup_teardown.py
[2024-05-03T15:43:47.720+0000] {processor.py:840} INFO - DAG(s) 'example_setup_teardown' retrieved from /home/airflow/.local/lib/python3.12/site-packages/airflow/example_dags/example_setup_teardown.py
[2024-05-03T15:43:47.745+0000] {logging_mixin.py:188} INFO - [2024-05-03T15:43:47.745+0000] {dag.py:3096} INFO - Sync 1 DAGs
[2024-05-03T15:43:47.770+0000] {logging_mixin.py:188} INFO - [2024-05-03T15:43:47.769+0000] {dag.py:3954} INFO - Setting next_dagrun for example_setup_teardown to 2024-05-02 00:00:00+00:00, run_after=2024-05-03 00:00:00+00:00
[2024-05-03T15:43:47.795+0000] {processor.py:183} INFO - Processing /home/airflow/.local/lib/python3.12/site-packages/airflow/example_dags/example_setup_teardown.py took 0.093 seconds
[2024-05-03T15:44:18.005+0000] {processor.py:161} INFO - Started process (PID=959) to work on /home/airflow/.local/lib/python3.12/site-packages/airflow/example_dags/example_setup_teardown.py
[2024-05-03T15:44:18.006+0000] {processor.py:830} INFO - Processing file /home/airflow/.local/lib/python3.12/site-packages/airflow/example_dags/example_setup_teardown.py for tasks to queue
[2024-05-03T15:44:18.008+0000] {logging_mixin.py:188} INFO - [2024-05-03T15:44:18.008+0000] {dagbag.py:540} INFO - Filling up the DagBag from /home/airflow/.local/lib/python3.12/site-packages/airflow/example_dags/example_setup_teardown.py
[2024-05-03T15:44:18.014+0000] {processor.py:840} INFO - DAG(s) 'example_setup_teardown' retrieved from /home/airflow/.local/lib/python3.12/site-packages/airflow/example_dags/example_setup_teardown.py
[2024-05-03T15:44:18.033+0000] {logging_mixin.py:188} INFO - [2024-05-03T15:44:18.033+0000] {dag.py:3096} INFO - Sync 1 DAGs
[2024-05-03T15:44:18.052+0000] {logging_mixin.py:188} INFO - [2024-05-03T15:44:18.052+0000] {dag.py:3954} INFO - Setting next_dagrun for example_setup_teardown to 2024-05-02 00:00:00+00:00, run_after=2024-05-03 00:00:00+00:00
[2024-05-03T15:44:18.072+0000] {processor.py:183} INFO - Processing /home/airflow/.local/lib/python3.12/site-packages/airflow/example_dags/example_setup_teardown.py took 0.071 seconds
[2024-05-03T15:44:48.768+0000] {processor.py:161} INFO - Started process (PID=1021) to work on /home/airflow/.local/lib/python3.12/site-packages/airflow/example_dags/example_setup_teardown.py
[2024-05-03T15:44:48.773+0000] {processor.py:830} INFO - Processing file /home/airflow/.local/lib/python3.12/site-packages/airflow/example_dags/example_setup_teardown.py for tasks to queue
[2024-05-03T15:44:48.781+0000] {logging_mixin.py:188} INFO - [2024-05-03T15:44:48.780+0000] {dagbag.py:540} INFO - Filling up the DagBag from /home/airflow/.local/lib/python3.12/site-packages/airflow/example_dags/example_setup_teardown.py
[2024-05-03T15:44:48.800+0000] {processor.py:840} INFO - DAG(s) 'example_setup_teardown' retrieved from /home/airflow/.local/lib/python3.12/site-packages/airflow/example_dags/example_setup_teardown.py
[2024-05-03T15:44:48.859+0000] {logging_mixin.py:188} INFO - [2024-05-03T15:44:48.859+0000] {dag.py:3096} INFO - Sync 1 DAGs
[2024-05-03T15:44:48.908+0000] {logging_mixin.py:188} INFO - [2024-05-03T15:44:48.908+0000] {dag.py:3954} INFO - Setting next_dagrun for example_setup_teardown to 2024-05-02 00:00:00+00:00, run_after=2024-05-03 00:00:00+00:00
[2024-05-03T15:44:48.950+0000] {processor.py:183} INFO - Processing /home/airflow/.local/lib/python3.12/site-packages/airflow/example_dags/example_setup_teardown.py took 0.202 seconds
[2024-05-03T15:45:19.696+0000] {processor.py:161} INFO - Started process (PID=1082) to work on /home/airflow/.local/lib/python3.12/site-packages/airflow/example_dags/example_setup_teardown.py
[2024-05-03T15:45:19.697+0000] {processor.py:830} INFO - Processing file /home/airflow/.local/lib/python3.12/site-packages/airflow/example_dags/example_setup_teardown.py for tasks to queue
[2024-05-03T15:45:19.699+0000] {logging_mixin.py:188} INFO - [2024-05-03T15:45:19.699+0000] {dagbag.py:540} INFO - Filling up the DagBag from /home/airflow/.local/lib/python3.12/site-packages/airflow/example_dags/example_setup_teardown.py
[2024-05-03T15:45:19.708+0000] {processor.py:840} INFO - DAG(s) 'example_setup_teardown' retrieved from /home/airflow/.local/lib/python3.12/site-packages/airflow/example_dags/example_setup_teardown.py
[2024-05-03T15:45:19.754+0000] {logging_mixin.py:188} INFO - [2024-05-03T15:45:19.754+0000] {dag.py:3096} INFO - Sync 1 DAGs
[2024-05-03T15:45:19.850+0000] {logging_mixin.py:188} INFO - [2024-05-03T15:45:19.849+0000] {dag.py:3954} INFO - Setting next_dagrun for example_setup_teardown to 2024-05-02 00:00:00+00:00, run_after=2024-05-03 00:00:00+00:00
[2024-05-03T15:45:19.894+0000] {processor.py:183} INFO - Processing /home/airflow/.local/lib/python3.12/site-packages/airflow/example_dags/example_setup_teardown.py took 0.204 seconds
[2024-05-03T15:45:50.933+0000] {processor.py:161} INFO - Started process (PID=1143) to work on /home/airflow/.local/lib/python3.12/site-packages/airflow/example_dags/example_setup_teardown.py
[2024-05-03T15:45:50.935+0000] {processor.py:830} INFO - Processing file /home/airflow/.local/lib/python3.12/site-packages/airflow/example_dags/example_setup_teardown.py for tasks to queue
[2024-05-03T15:45:50.937+0000] {logging_mixin.py:188} INFO - [2024-05-03T15:45:50.936+0000] {dagbag.py:540} INFO - Filling up the DagBag from /home/airflow/.local/lib/python3.12/site-packages/airflow/example_dags/example_setup_teardown.py
[2024-05-03T15:45:50.946+0000] {processor.py:840} INFO - DAG(s) 'example_setup_teardown' retrieved from /home/airflow/.local/lib/python3.12/site-packages/airflow/example_dags/example_setup_teardown.py
[2024-05-03T15:45:50.982+0000] {logging_mixin.py:188} INFO - [2024-05-03T15:45:50.982+0000] {dag.py:3096} INFO - Sync 1 DAGs
[2024-05-03T15:45:51.029+0000] {logging_mixin.py:188} INFO - [2024-05-03T15:45:51.029+0000] {dag.py:3954} INFO - Setting next_dagrun for example_setup_teardown to 2024-05-02 00:00:00+00:00, run_after=2024-05-03 00:00:00+00:00
[2024-05-03T15:45:51.084+0000] {processor.py:183} INFO - Processing /home/airflow/.local/lib/python3.12/site-packages/airflow/example_dags/example_setup_teardown.py took 0.161 seconds
[2024-05-03T15:46:21.552+0000] {processor.py:161} INFO - Started process (PID=1210) to work on /home/airflow/.local/lib/python3.12/site-packages/airflow/example_dags/example_setup_teardown.py
[2024-05-03T15:46:21.554+0000] {processor.py:830} INFO - Processing file /home/airflow/.local/lib/python3.12/site-packages/airflow/example_dags/example_setup_teardown.py for tasks to queue
[2024-05-03T15:46:21.558+0000] {logging_mixin.py:188} INFO - [2024-05-03T15:46:21.557+0000] {dagbag.py:540} INFO - Filling up the DagBag from /home/airflow/.local/lib/python3.12/site-packages/airflow/example_dags/example_setup_teardown.py
[2024-05-03T15:46:21.571+0000] {processor.py:840} INFO - DAG(s) 'example_setup_teardown' retrieved from /home/airflow/.local/lib/python3.12/site-packages/airflow/example_dags/example_setup_teardown.py
[2024-05-03T15:46:21.592+0000] {logging_mixin.py:188} INFO - [2024-05-03T15:46:21.592+0000] {dag.py:3096} INFO - Sync 1 DAGs
[2024-05-03T15:46:21.624+0000] {logging_mixin.py:188} INFO - [2024-05-03T15:46:21.624+0000] {dag.py:3954} INFO - Setting next_dagrun for example_setup_teardown to 2024-05-02 00:00:00+00:00, run_after=2024-05-03 00:00:00+00:00
[2024-05-03T15:46:21.671+0000] {processor.py:183} INFO - Processing /home/airflow/.local/lib/python3.12/site-packages/airflow/example_dags/example_setup_teardown.py took 0.126 seconds
