[2024-05-03T15:36:35.542+0000] {processor.py:161} INFO - Started process (PID=65) to work on /home/airflow/.local/lib/python3.12/site-packages/airflow/example_dags/example_python_operator.py
[2024-05-03T15:36:35.543+0000] {processor.py:830} INFO - Processing file /home/airflow/.local/lib/python3.12/site-packages/airflow/example_dags/example_python_operator.py for tasks to queue
[2024-05-03T15:36:35.545+0000] {logging_mixin.py:188} INFO - [2024-05-03T15:36:35.545+0000] {dagbag.py:540} INFO - Filling up the DagBag from /home/airflow/.local/lib/python3.12/site-packages/airflow/example_dags/example_python_operator.py
[2024-05-03T15:36:35.569+0000] {processor.py:840} INFO - DAG(s) 'example_python_operator' retrieved from /home/airflow/.local/lib/python3.12/site-packages/airflow/example_dags/example_python_operator.py
[2024-05-03T15:36:35.773+0000] {logging_mixin.py:188} INFO - [2024-05-03T15:36:35.772+0000] {dag.py:3096} INFO - Sync 1 DAGs
[2024-05-03T15:36:35.785+0000] {logging_mixin.py:188} INFO - [2024-05-03T15:36:35.784+0000] {dag.py:3954} INFO - Setting next_dagrun for example_python_operator to None, run_after=None
[2024-05-03T15:36:35.822+0000] {processor.py:183} INFO - Processing /home/airflow/.local/lib/python3.12/site-packages/airflow/example_dags/example_python_operator.py took 0.287 seconds
[2024-05-03T15:37:07.981+0000] {processor.py:161} INFO - Started process (PID=126) to work on /home/airflow/.local/lib/python3.12/site-packages/airflow/example_dags/example_python_operator.py
[2024-05-03T15:37:07.984+0000] {processor.py:830} INFO - Processing file /home/airflow/.local/lib/python3.12/site-packages/airflow/example_dags/example_python_operator.py for tasks to queue
[2024-05-03T15:37:07.995+0000] {logging_mixin.py:188} INFO - [2024-05-03T15:37:07.995+0000] {dagbag.py:540} INFO - Filling up the DagBag from /home/airflow/.local/lib/python3.12/site-packages/airflow/example_dags/example_python_operator.py
[2024-05-03T15:37:08.051+0000] {processor.py:840} INFO - DAG(s) 'example_python_operator' retrieved from /home/airflow/.local/lib/python3.12/site-packages/airflow/example_dags/example_python_operator.py
[2024-05-03T15:37:08.283+0000] {logging_mixin.py:188} INFO - [2024-05-03T15:37:08.270+0000] {dag.py:3096} INFO - Sync 1 DAGs
[2024-05-03T15:37:08.367+0000] {logging_mixin.py:188} INFO - [2024-05-03T15:37:08.367+0000] {dag.py:3954} INFO - Setting next_dagrun for example_python_operator to None, run_after=None
[2024-05-03T15:37:08.447+0000] {processor.py:183} INFO - Processing /home/airflow/.local/lib/python3.12/site-packages/airflow/example_dags/example_python_operator.py took 0.529 seconds
[2024-05-03T15:37:43.322+0000] {processor.py:161} INFO - Started process (PID=187) to work on /home/airflow/.local/lib/python3.12/site-packages/airflow/example_dags/example_python_operator.py
[2024-05-03T15:37:43.322+0000] {processor.py:830} INFO - Processing file /home/airflow/.local/lib/python3.12/site-packages/airflow/example_dags/example_python_operator.py for tasks to queue
[2024-05-03T15:37:43.332+0000] {logging_mixin.py:188} INFO - [2024-05-03T15:37:43.331+0000] {dagbag.py:540} INFO - Filling up the DagBag from /home/airflow/.local/lib/python3.12/site-packages/airflow/example_dags/example_python_operator.py
[2024-05-03T15:37:43.398+0000] {processor.py:840} INFO - DAG(s) 'example_python_operator' retrieved from /home/airflow/.local/lib/python3.12/site-packages/airflow/example_dags/example_python_operator.py
[2024-05-03T15:37:43.515+0000] {logging_mixin.py:188} INFO - [2024-05-03T15:37:43.515+0000] {dag.py:3096} INFO - Sync 1 DAGs
[2024-05-03T15:37:43.570+0000] {logging_mixin.py:188} INFO - [2024-05-03T15:37:43.570+0000] {dag.py:3954} INFO - Setting next_dagrun for example_python_operator to None, run_after=None
[2024-05-03T15:37:43.694+0000] {processor.py:183} INFO - Processing /home/airflow/.local/lib/python3.12/site-packages/airflow/example_dags/example_python_operator.py took 0.402 seconds
[2024-05-03T15:38:13.801+0000] {processor.py:161} INFO - Started process (PID=247) to work on /home/airflow/.local/lib/python3.12/site-packages/airflow/example_dags/example_python_operator.py
[2024-05-03T15:38:13.802+0000] {processor.py:830} INFO - Processing file /home/airflow/.local/lib/python3.12/site-packages/airflow/example_dags/example_python_operator.py for tasks to queue
[2024-05-03T15:38:13.807+0000] {logging_mixin.py:188} INFO - [2024-05-03T15:38:13.807+0000] {dagbag.py:540} INFO - Filling up the DagBag from /home/airflow/.local/lib/python3.12/site-packages/airflow/example_dags/example_python_operator.py
[2024-05-03T15:38:13.829+0000] {processor.py:840} INFO - DAG(s) 'example_python_operator' retrieved from /home/airflow/.local/lib/python3.12/site-packages/airflow/example_dags/example_python_operator.py
[2024-05-03T15:38:13.856+0000] {logging_mixin.py:188} INFO - [2024-05-03T15:38:13.855+0000] {dag.py:3096} INFO - Sync 1 DAGs
[2024-05-03T15:38:13.872+0000] {logging_mixin.py:188} INFO - [2024-05-03T15:38:13.872+0000] {dag.py:3954} INFO - Setting next_dagrun for example_python_operator to None, run_after=None
[2024-05-03T15:38:13.900+0000] {processor.py:183} INFO - Processing /home/airflow/.local/lib/python3.12/site-packages/airflow/example_dags/example_python_operator.py took 0.113 seconds
[2024-05-03T15:38:44.559+0000] {processor.py:161} INFO - Started process (PID=308) to work on /home/airflow/.local/lib/python3.12/site-packages/airflow/example_dags/example_python_operator.py
[2024-05-03T15:38:44.560+0000] {processor.py:830} INFO - Processing file /home/airflow/.local/lib/python3.12/site-packages/airflow/example_dags/example_python_operator.py for tasks to queue
[2024-05-03T15:38:44.562+0000] {logging_mixin.py:188} INFO - [2024-05-03T15:38:44.562+0000] {dagbag.py:540} INFO - Filling up the DagBag from /home/airflow/.local/lib/python3.12/site-packages/airflow/example_dags/example_python_operator.py
[2024-05-03T15:38:44.574+0000] {processor.py:840} INFO - DAG(s) 'example_python_operator' retrieved from /home/airflow/.local/lib/python3.12/site-packages/airflow/example_dags/example_python_operator.py
[2024-05-03T15:38:44.602+0000] {logging_mixin.py:188} INFO - [2024-05-03T15:38:44.601+0000] {dag.py:3096} INFO - Sync 1 DAGs
[2024-05-03T15:38:44.620+0000] {logging_mixin.py:188} INFO - [2024-05-03T15:38:44.620+0000] {dag.py:3954} INFO - Setting next_dagrun for example_python_operator to None, run_after=None
[2024-05-03T15:38:44.645+0000] {processor.py:183} INFO - Processing /home/airflow/.local/lib/python3.12/site-packages/airflow/example_dags/example_python_operator.py took 0.092 seconds
[2024-05-03T15:39:15.220+0000] {processor.py:161} INFO - Started process (PID=370) to work on /home/airflow/.local/lib/python3.12/site-packages/airflow/example_dags/example_python_operator.py
[2024-05-03T15:39:15.221+0000] {processor.py:830} INFO - Processing file /home/airflow/.local/lib/python3.12/site-packages/airflow/example_dags/example_python_operator.py for tasks to queue
[2024-05-03T15:39:15.223+0000] {logging_mixin.py:188} INFO - [2024-05-03T15:39:15.223+0000] {dagbag.py:540} INFO - Filling up the DagBag from /home/airflow/.local/lib/python3.12/site-packages/airflow/example_dags/example_python_operator.py
[2024-05-03T15:39:15.235+0000] {processor.py:840} INFO - DAG(s) 'example_python_operator' retrieved from /home/airflow/.local/lib/python3.12/site-packages/airflow/example_dags/example_python_operator.py
[2024-05-03T15:39:15.264+0000] {logging_mixin.py:188} INFO - [2024-05-03T15:39:15.263+0000] {dag.py:3096} INFO - Sync 1 DAGs
[2024-05-03T15:39:15.276+0000] {logging_mixin.py:188} INFO - [2024-05-03T15:39:15.276+0000] {dag.py:3954} INFO - Setting next_dagrun for example_python_operator to None, run_after=None
[2024-05-03T15:39:15.301+0000] {processor.py:183} INFO - Processing /home/airflow/.local/lib/python3.12/site-packages/airflow/example_dags/example_python_operator.py took 0.089 seconds
[2024-05-03T15:39:45.497+0000] {processor.py:161} INFO - Started process (PID=431) to work on /home/airflow/.local/lib/python3.12/site-packages/airflow/example_dags/example_python_operator.py
[2024-05-03T15:39:45.501+0000] {processor.py:830} INFO - Processing file /home/airflow/.local/lib/python3.12/site-packages/airflow/example_dags/example_python_operator.py for tasks to queue
[2024-05-03T15:39:45.503+0000] {logging_mixin.py:188} INFO - [2024-05-03T15:39:45.502+0000] {dagbag.py:540} INFO - Filling up the DagBag from /home/airflow/.local/lib/python3.12/site-packages/airflow/example_dags/example_python_operator.py
[2024-05-03T15:39:45.517+0000] {processor.py:840} INFO - DAG(s) 'example_python_operator' retrieved from /home/airflow/.local/lib/python3.12/site-packages/airflow/example_dags/example_python_operator.py
[2024-05-03T15:39:45.566+0000] {logging_mixin.py:188} INFO - [2024-05-03T15:39:45.566+0000] {dag.py:3096} INFO - Sync 1 DAGs
[2024-05-03T15:39:45.588+0000] {logging_mixin.py:188} INFO - [2024-05-03T15:39:45.588+0000] {dag.py:3954} INFO - Setting next_dagrun for example_python_operator to None, run_after=None
[2024-05-03T15:39:45.613+0000] {processor.py:183} INFO - Processing /home/airflow/.local/lib/python3.12/site-packages/airflow/example_dags/example_python_operator.py took 0.123 seconds
[2024-05-03T15:40:16.066+0000] {processor.py:161} INFO - Started process (PID=492) to work on /home/airflow/.local/lib/python3.12/site-packages/airflow/example_dags/example_python_operator.py
[2024-05-03T15:40:16.067+0000] {processor.py:830} INFO - Processing file /home/airflow/.local/lib/python3.12/site-packages/airflow/example_dags/example_python_operator.py for tasks to queue
[2024-05-03T15:40:16.069+0000] {logging_mixin.py:188} INFO - [2024-05-03T15:40:16.068+0000] {dagbag.py:540} INFO - Filling up the DagBag from /home/airflow/.local/lib/python3.12/site-packages/airflow/example_dags/example_python_operator.py
[2024-05-03T15:40:16.080+0000] {processor.py:840} INFO - DAG(s) 'example_python_operator' retrieved from /home/airflow/.local/lib/python3.12/site-packages/airflow/example_dags/example_python_operator.py
[2024-05-03T15:40:16.109+0000] {logging_mixin.py:188} INFO - [2024-05-03T15:40:16.109+0000] {dag.py:3096} INFO - Sync 1 DAGs
[2024-05-03T15:40:16.121+0000] {logging_mixin.py:188} INFO - [2024-05-03T15:40:16.121+0000] {dag.py:3954} INFO - Setting next_dagrun for example_python_operator to None, run_after=None
[2024-05-03T15:40:16.147+0000] {processor.py:183} INFO - Processing /home/airflow/.local/lib/python3.12/site-packages/airflow/example_dags/example_python_operator.py took 0.089 seconds
[2024-05-03T15:40:46.726+0000] {processor.py:161} INFO - Started process (PID=554) to work on /home/airflow/.local/lib/python3.12/site-packages/airflow/example_dags/example_python_operator.py
[2024-05-03T15:40:46.727+0000] {processor.py:830} INFO - Processing file /home/airflow/.local/lib/python3.12/site-packages/airflow/example_dags/example_python_operator.py for tasks to queue
[2024-05-03T15:40:46.729+0000] {logging_mixin.py:188} INFO - [2024-05-03T15:40:46.728+0000] {dagbag.py:540} INFO - Filling up the DagBag from /home/airflow/.local/lib/python3.12/site-packages/airflow/example_dags/example_python_operator.py
[2024-05-03T15:40:46.741+0000] {processor.py:840} INFO - DAG(s) 'example_python_operator' retrieved from /home/airflow/.local/lib/python3.12/site-packages/airflow/example_dags/example_python_operator.py
[2024-05-03T15:40:46.767+0000] {logging_mixin.py:188} INFO - [2024-05-03T15:40:46.766+0000] {dag.py:3096} INFO - Sync 1 DAGs
[2024-05-03T15:40:46.784+0000] {logging_mixin.py:188} INFO - [2024-05-03T15:40:46.784+0000] {dag.py:3954} INFO - Setting next_dagrun for example_python_operator to None, run_after=None
[2024-05-03T15:40:46.808+0000] {processor.py:183} INFO - Processing /home/airflow/.local/lib/python3.12/site-packages/airflow/example_dags/example_python_operator.py took 0.086 seconds
[2024-05-03T15:41:18.597+0000] {processor.py:161} INFO - Started process (PID=615) to work on /home/airflow/.local/lib/python3.12/site-packages/airflow/example_dags/example_python_operator.py
[2024-05-03T15:41:18.598+0000] {processor.py:830} INFO - Processing file /home/airflow/.local/lib/python3.12/site-packages/airflow/example_dags/example_python_operator.py for tasks to queue
[2024-05-03T15:41:18.608+0000] {logging_mixin.py:188} INFO - [2024-05-03T15:41:18.608+0000] {dagbag.py:540} INFO - Filling up the DagBag from /home/airflow/.local/lib/python3.12/site-packages/airflow/example_dags/example_python_operator.py
[2024-05-03T15:41:18.634+0000] {processor.py:840} INFO - DAG(s) 'example_python_operator' retrieved from /home/airflow/.local/lib/python3.12/site-packages/airflow/example_dags/example_python_operator.py
[2024-05-03T15:41:18.690+0000] {logging_mixin.py:188} INFO - [2024-05-03T15:41:18.690+0000] {dag.py:3096} INFO - Sync 1 DAGs
[2024-05-03T15:41:18.728+0000] {logging_mixin.py:188} INFO - [2024-05-03T15:41:18.727+0000] {dag.py:3954} INFO - Setting next_dagrun for example_python_operator to None, run_after=None
[2024-05-03T15:41:18.767+0000] {processor.py:183} INFO - Processing /home/airflow/.local/lib/python3.12/site-packages/airflow/example_dags/example_python_operator.py took 0.185 seconds
[2024-05-03T15:41:51.008+0000] {processor.py:161} INFO - Started process (PID=682) to work on /home/airflow/.local/lib/python3.12/site-packages/airflow/example_dags/example_python_operator.py
[2024-05-03T15:41:51.010+0000] {processor.py:830} INFO - Processing file /home/airflow/.local/lib/python3.12/site-packages/airflow/example_dags/example_python_operator.py for tasks to queue
[2024-05-03T15:41:51.018+0000] {logging_mixin.py:188} INFO - [2024-05-03T15:41:51.018+0000] {dagbag.py:540} INFO - Filling up the DagBag from /home/airflow/.local/lib/python3.12/site-packages/airflow/example_dags/example_python_operator.py
[2024-05-03T15:41:51.070+0000] {processor.py:840} INFO - DAG(s) 'example_python_operator' retrieved from /home/airflow/.local/lib/python3.12/site-packages/airflow/example_dags/example_python_operator.py
[2024-05-03T15:41:51.202+0000] {logging_mixin.py:188} INFO - [2024-05-03T15:41:51.202+0000] {dag.py:3096} INFO - Sync 1 DAGs
[2024-05-03T15:41:51.238+0000] {logging_mixin.py:188} INFO - [2024-05-03T15:41:51.238+0000] {dag.py:3954} INFO - Setting next_dagrun for example_python_operator to None, run_after=None
[2024-05-03T15:41:51.308+0000] {processor.py:183} INFO - Processing /home/airflow/.local/lib/python3.12/site-packages/airflow/example_dags/example_python_operator.py took 0.325 seconds
[2024-05-03T15:42:22.026+0000] {processor.py:161} INFO - Started process (PID=744) to work on /home/airflow/.local/lib/python3.12/site-packages/airflow/example_dags/example_python_operator.py
[2024-05-03T15:42:22.027+0000] {processor.py:830} INFO - Processing file /home/airflow/.local/lib/python3.12/site-packages/airflow/example_dags/example_python_operator.py for tasks to queue
[2024-05-03T15:42:22.029+0000] {logging_mixin.py:188} INFO - [2024-05-03T15:42:22.029+0000] {dagbag.py:540} INFO - Filling up the DagBag from /home/airflow/.local/lib/python3.12/site-packages/airflow/example_dags/example_python_operator.py
[2024-05-03T15:42:22.041+0000] {processor.py:840} INFO - DAG(s) 'example_python_operator' retrieved from /home/airflow/.local/lib/python3.12/site-packages/airflow/example_dags/example_python_operator.py
[2024-05-03T15:42:22.067+0000] {logging_mixin.py:188} INFO - [2024-05-03T15:42:22.067+0000] {dag.py:3096} INFO - Sync 1 DAGs
[2024-05-03T15:42:22.085+0000] {logging_mixin.py:188} INFO - [2024-05-03T15:42:22.084+0000] {dag.py:3954} INFO - Setting next_dagrun for example_python_operator to None, run_after=None
[2024-05-03T15:42:22.118+0000] {processor.py:183} INFO - Processing /home/airflow/.local/lib/python3.12/site-packages/airflow/example_dags/example_python_operator.py took 0.099 seconds
[2024-05-03T15:42:52.476+0000] {processor.py:161} INFO - Started process (PID=805) to work on /home/airflow/.local/lib/python3.12/site-packages/airflow/example_dags/example_python_operator.py
[2024-05-03T15:42:52.477+0000] {processor.py:830} INFO - Processing file /home/airflow/.local/lib/python3.12/site-packages/airflow/example_dags/example_python_operator.py for tasks to queue
[2024-05-03T15:42:52.480+0000] {logging_mixin.py:188} INFO - [2024-05-03T15:42:52.480+0000] {dagbag.py:540} INFO - Filling up the DagBag from /home/airflow/.local/lib/python3.12/site-packages/airflow/example_dags/example_python_operator.py
[2024-05-03T15:42:52.493+0000] {processor.py:840} INFO - DAG(s) 'example_python_operator' retrieved from /home/airflow/.local/lib/python3.12/site-packages/airflow/example_dags/example_python_operator.py
[2024-05-03T15:42:52.527+0000] {logging_mixin.py:188} INFO - [2024-05-03T15:42:52.527+0000] {dag.py:3096} INFO - Sync 1 DAGs
[2024-05-03T15:42:52.545+0000] {logging_mixin.py:188} INFO - [2024-05-03T15:42:52.545+0000] {dag.py:3954} INFO - Setting next_dagrun for example_python_operator to None, run_after=None
[2024-05-03T15:42:52.585+0000] {processor.py:183} INFO - Processing /home/airflow/.local/lib/python3.12/site-packages/airflow/example_dags/example_python_operator.py took 0.117 seconds
[2024-05-03T15:43:23.175+0000] {processor.py:161} INFO - Started process (PID=866) to work on /home/airflow/.local/lib/python3.12/site-packages/airflow/example_dags/example_python_operator.py
[2024-05-03T15:43:23.176+0000] {processor.py:830} INFO - Processing file /home/airflow/.local/lib/python3.12/site-packages/airflow/example_dags/example_python_operator.py for tasks to queue
[2024-05-03T15:43:23.179+0000] {logging_mixin.py:188} INFO - [2024-05-03T15:43:23.178+0000] {dagbag.py:540} INFO - Filling up the DagBag from /home/airflow/.local/lib/python3.12/site-packages/airflow/example_dags/example_python_operator.py
[2024-05-03T15:43:23.198+0000] {processor.py:840} INFO - DAG(s) 'example_python_operator' retrieved from /home/airflow/.local/lib/python3.12/site-packages/airflow/example_dags/example_python_operator.py
[2024-05-03T15:43:23.261+0000] {logging_mixin.py:188} INFO - [2024-05-03T15:43:23.260+0000] {dag.py:3096} INFO - Sync 1 DAGs
[2024-05-03T15:43:23.278+0000] {logging_mixin.py:188} INFO - [2024-05-03T15:43:23.278+0000] {dag.py:3954} INFO - Setting next_dagrun for example_python_operator to None, run_after=None
[2024-05-03T15:43:23.331+0000] {processor.py:183} INFO - Processing /home/airflow/.local/lib/python3.12/site-packages/airflow/example_dags/example_python_operator.py took 0.164 seconds
[2024-05-03T15:43:53.490+0000] {processor.py:161} INFO - Started process (PID=927) to work on /home/airflow/.local/lib/python3.12/site-packages/airflow/example_dags/example_python_operator.py
[2024-05-03T15:43:53.491+0000] {processor.py:830} INFO - Processing file /home/airflow/.local/lib/python3.12/site-packages/airflow/example_dags/example_python_operator.py for tasks to queue
[2024-05-03T15:43:53.493+0000] {logging_mixin.py:188} INFO - [2024-05-03T15:43:53.493+0000] {dagbag.py:540} INFO - Filling up the DagBag from /home/airflow/.local/lib/python3.12/site-packages/airflow/example_dags/example_python_operator.py
[2024-05-03T15:43:53.505+0000] {processor.py:840} INFO - DAG(s) 'example_python_operator' retrieved from /home/airflow/.local/lib/python3.12/site-packages/airflow/example_dags/example_python_operator.py
[2024-05-03T15:43:53.533+0000] {logging_mixin.py:188} INFO - [2024-05-03T15:43:53.532+0000] {dag.py:3096} INFO - Sync 1 DAGs
[2024-05-03T15:43:53.546+0000] {logging_mixin.py:188} INFO - [2024-05-03T15:43:53.546+0000] {dag.py:3954} INFO - Setting next_dagrun for example_python_operator to None, run_after=None
[2024-05-03T15:43:53.579+0000] {processor.py:183} INFO - Processing /home/airflow/.local/lib/python3.12/site-packages/airflow/example_dags/example_python_operator.py took 0.098 seconds
[2024-05-03T15:44:23.696+0000] {processor.py:161} INFO - Started process (PID=989) to work on /home/airflow/.local/lib/python3.12/site-packages/airflow/example_dags/example_python_operator.py
[2024-05-03T15:44:23.697+0000] {processor.py:830} INFO - Processing file /home/airflow/.local/lib/python3.12/site-packages/airflow/example_dags/example_python_operator.py for tasks to queue
[2024-05-03T15:44:23.699+0000] {logging_mixin.py:188} INFO - [2024-05-03T15:44:23.699+0000] {dagbag.py:540} INFO - Filling up the DagBag from /home/airflow/.local/lib/python3.12/site-packages/airflow/example_dags/example_python_operator.py
[2024-05-03T15:44:23.712+0000] {processor.py:840} INFO - DAG(s) 'example_python_operator' retrieved from /home/airflow/.local/lib/python3.12/site-packages/airflow/example_dags/example_python_operator.py
[2024-05-03T15:44:23.740+0000] {logging_mixin.py:188} INFO - [2024-05-03T15:44:23.739+0000] {dag.py:3096} INFO - Sync 1 DAGs
[2024-05-03T15:44:23.756+0000] {logging_mixin.py:188} INFO - [2024-05-03T15:44:23.755+0000] {dag.py:3954} INFO - Setting next_dagrun for example_python_operator to None, run_after=None
[2024-05-03T15:44:23.785+0000] {processor.py:183} INFO - Processing /home/airflow/.local/lib/python3.12/site-packages/airflow/example_dags/example_python_operator.py took 0.095 seconds
[2024-05-03T15:44:54.747+0000] {processor.py:161} INFO - Started process (PID=1050) to work on /home/airflow/.local/lib/python3.12/site-packages/airflow/example_dags/example_python_operator.py
[2024-05-03T15:44:54.752+0000] {processor.py:830} INFO - Processing file /home/airflow/.local/lib/python3.12/site-packages/airflow/example_dags/example_python_operator.py for tasks to queue
[2024-05-03T15:44:54.762+0000] {logging_mixin.py:188} INFO - [2024-05-03T15:44:54.762+0000] {dagbag.py:540} INFO - Filling up the DagBag from /home/airflow/.local/lib/python3.12/site-packages/airflow/example_dags/example_python_operator.py
[2024-05-03T15:44:54.814+0000] {processor.py:840} INFO - DAG(s) 'example_python_operator' retrieved from /home/airflow/.local/lib/python3.12/site-packages/airflow/example_dags/example_python_operator.py
[2024-05-03T15:44:54.874+0000] {logging_mixin.py:188} INFO - [2024-05-03T15:44:54.874+0000] {dag.py:3096} INFO - Sync 1 DAGs
[2024-05-03T15:44:54.899+0000] {logging_mixin.py:188} INFO - [2024-05-03T15:44:54.899+0000] {dag.py:3954} INFO - Setting next_dagrun for example_python_operator to None, run_after=None
[2024-05-03T15:44:54.967+0000] {processor.py:183} INFO - Processing /home/airflow/.local/lib/python3.12/site-packages/airflow/example_dags/example_python_operator.py took 0.243 seconds
[2024-05-03T15:45:25.584+0000] {processor.py:161} INFO - Started process (PID=1111) to work on /home/airflow/.local/lib/python3.12/site-packages/airflow/example_dags/example_python_operator.py
[2024-05-03T15:45:25.590+0000] {processor.py:830} INFO - Processing file /home/airflow/.local/lib/python3.12/site-packages/airflow/example_dags/example_python_operator.py for tasks to queue
[2024-05-03T15:45:25.592+0000] {logging_mixin.py:188} INFO - [2024-05-03T15:45:25.592+0000] {dagbag.py:540} INFO - Filling up the DagBag from /home/airflow/.local/lib/python3.12/site-packages/airflow/example_dags/example_python_operator.py
[2024-05-03T15:45:25.617+0000] {processor.py:840} INFO - DAG(s) 'example_python_operator' retrieved from /home/airflow/.local/lib/python3.12/site-packages/airflow/example_dags/example_python_operator.py
[2024-05-03T15:45:25.693+0000] {logging_mixin.py:188} INFO - [2024-05-03T15:45:25.693+0000] {dag.py:3096} INFO - Sync 1 DAGs
[2024-05-03T15:45:25.723+0000] {logging_mixin.py:188} INFO - [2024-05-03T15:45:25.722+0000] {dag.py:3954} INFO - Setting next_dagrun for example_python_operator to None, run_after=None
[2024-05-03T15:45:25.812+0000] {processor.py:183} INFO - Processing /home/airflow/.local/lib/python3.12/site-packages/airflow/example_dags/example_python_operator.py took 0.239 seconds
[2024-05-03T15:45:56.468+0000] {processor.py:161} INFO - Started process (PID=1173) to work on /home/airflow/.local/lib/python3.12/site-packages/airflow/example_dags/example_python_operator.py
[2024-05-03T15:45:56.473+0000] {processor.py:830} INFO - Processing file /home/airflow/.local/lib/python3.12/site-packages/airflow/example_dags/example_python_operator.py for tasks to queue
[2024-05-03T15:45:56.475+0000] {logging_mixin.py:188} INFO - [2024-05-03T15:45:56.475+0000] {dagbag.py:540} INFO - Filling up the DagBag from /home/airflow/.local/lib/python3.12/site-packages/airflow/example_dags/example_python_operator.py
[2024-05-03T15:45:56.495+0000] {processor.py:840} INFO - DAG(s) 'example_python_operator' retrieved from /home/airflow/.local/lib/python3.12/site-packages/airflow/example_dags/example_python_operator.py
[2024-05-03T15:45:56.540+0000] {logging_mixin.py:188} INFO - [2024-05-03T15:45:56.540+0000] {dag.py:3096} INFO - Sync 1 DAGs
[2024-05-03T15:45:56.565+0000] {logging_mixin.py:188} INFO - [2024-05-03T15:45:56.565+0000] {dag.py:3954} INFO - Setting next_dagrun for example_python_operator to None, run_after=None
[2024-05-03T15:45:56.623+0000] {processor.py:183} INFO - Processing /home/airflow/.local/lib/python3.12/site-packages/airflow/example_dags/example_python_operator.py took 0.168 seconds
[2024-05-03T15:46:26.705+0000] {processor.py:161} INFO - Started process (PID=1234) to work on /home/airflow/.local/lib/python3.12/site-packages/airflow/example_dags/example_python_operator.py
[2024-05-03T15:46:26.706+0000] {processor.py:830} INFO - Processing file /home/airflow/.local/lib/python3.12/site-packages/airflow/example_dags/example_python_operator.py for tasks to queue
[2024-05-03T15:46:26.708+0000] {logging_mixin.py:188} INFO - [2024-05-03T15:46:26.708+0000] {dagbag.py:540} INFO - Filling up the DagBag from /home/airflow/.local/lib/python3.12/site-packages/airflow/example_dags/example_python_operator.py
[2024-05-03T15:46:26.721+0000] {processor.py:840} INFO - DAG(s) 'example_python_operator' retrieved from /home/airflow/.local/lib/python3.12/site-packages/airflow/example_dags/example_python_operator.py
[2024-05-03T15:46:26.768+0000] {logging_mixin.py:188} INFO - [2024-05-03T15:46:26.767+0000] {dag.py:3096} INFO - Sync 1 DAGs
[2024-05-03T15:46:26.819+0000] {logging_mixin.py:188} INFO - [2024-05-03T15:46:26.819+0000] {dag.py:3954} INFO - Setting next_dagrun for example_python_operator to None, run_after=None
[2024-05-03T15:46:26.853+0000] {processor.py:183} INFO - Processing /home/airflow/.local/lib/python3.12/site-packages/airflow/example_dags/example_python_operator.py took 0.155 seconds
[2024-05-03T15:46:57.630+0000] {processor.py:161} INFO - Started process (PID=1295) to work on /home/airflow/.local/lib/python3.12/site-packages/airflow/example_dags/example_python_operator.py
[2024-05-03T15:46:57.630+0000] {processor.py:830} INFO - Processing file /home/airflow/.local/lib/python3.12/site-packages/airflow/example_dags/example_python_operator.py for tasks to queue
[2024-05-03T15:46:57.632+0000] {logging_mixin.py:188} INFO - [2024-05-03T15:46:57.632+0000] {dagbag.py:540} INFO - Filling up the DagBag from /home/airflow/.local/lib/python3.12/site-packages/airflow/example_dags/example_python_operator.py
[2024-05-03T15:46:57.647+0000] {processor.py:840} INFO - DAG(s) 'example_python_operator' retrieved from /home/airflow/.local/lib/python3.12/site-packages/airflow/example_dags/example_python_operator.py
[2024-05-03T15:46:57.673+0000] {logging_mixin.py:188} INFO - [2024-05-03T15:46:57.672+0000] {dag.py:3096} INFO - Sync 1 DAGs
[2024-05-03T15:46:57.690+0000] {logging_mixin.py:188} INFO - [2024-05-03T15:46:57.690+0000] {dag.py:3954} INFO - Setting next_dagrun for example_python_operator to None, run_after=None
[2024-05-03T15:46:57.716+0000] {processor.py:183} INFO - Processing /home/airflow/.local/lib/python3.12/site-packages/airflow/example_dags/example_python_operator.py took 0.091 seconds
[2024-05-03T15:47:27.872+0000] {processor.py:161} INFO - Started process (PID=1356) to work on /home/airflow/.local/lib/python3.12/site-packages/airflow/example_dags/example_python_operator.py
[2024-05-03T15:47:27.873+0000] {processor.py:830} INFO - Processing file /home/airflow/.local/lib/python3.12/site-packages/airflow/example_dags/example_python_operator.py for tasks to queue
[2024-05-03T15:47:27.875+0000] {logging_mixin.py:188} INFO - [2024-05-03T15:47:27.875+0000] {dagbag.py:540} INFO - Filling up the DagBag from /home/airflow/.local/lib/python3.12/site-packages/airflow/example_dags/example_python_operator.py
[2024-05-03T15:47:27.888+0000] {processor.py:840} INFO - DAG(s) 'example_python_operator' retrieved from /home/airflow/.local/lib/python3.12/site-packages/airflow/example_dags/example_python_operator.py
[2024-05-03T15:47:27.917+0000] {logging_mixin.py:188} INFO - [2024-05-03T15:47:27.916+0000] {dag.py:3096} INFO - Sync 1 DAGs
[2024-05-03T15:47:27.932+0000] {logging_mixin.py:188} INFO - [2024-05-03T15:47:27.931+0000] {dag.py:3954} INFO - Setting next_dagrun for example_python_operator to None, run_after=None
[2024-05-03T15:47:27.954+0000] {processor.py:183} INFO - Processing /home/airflow/.local/lib/python3.12/site-packages/airflow/example_dags/example_python_operator.py took 0.089 seconds
