[2024-05-03T15:36:35.376+0000] {processor.py:161} INFO - Started process (PID=63) to work on /home/airflow/.local/lib/python3.12/site-packages/airflow/example_dags/example_display_name.py
[2024-05-03T15:36:35.377+0000] {processor.py:830} INFO - Processing file /home/airflow/.local/lib/python3.12/site-packages/airflow/example_dags/example_display_name.py for tasks to queue
[2024-05-03T15:36:35.383+0000] {logging_mixin.py:188} INFO - [2024-05-03T15:36:35.383+0000] {dagbag.py:540} INFO - Filling up the DagBag from /home/airflow/.local/lib/python3.12/site-packages/airflow/example_dags/example_display_name.py
[2024-05-03T15:36:35.411+0000] {processor.py:840} INFO - DAG(s) 'example_display_name' retrieved from /home/airflow/.local/lib/python3.12/site-packages/airflow/example_dags/example_display_name.py
[2024-05-03T15:36:35.433+0000] {logging_mixin.py:188} INFO - [2024-05-03T15:36:35.433+0000] {dag.py:3096} INFO - Sync 1 DAGs
[2024-05-03T15:36:35.449+0000] {logging_mixin.py:188} INFO - [2024-05-03T15:36:35.449+0000] {dag.py:3954} INFO - Setting next_dagrun for example_display_name to None, run_after=None
[2024-05-03T15:36:35.494+0000] {processor.py:183} INFO - Processing /home/airflow/.local/lib/python3.12/site-packages/airflow/example_dags/example_display_name.py took 0.134 seconds
[2024-05-03T15:37:07.396+0000] {processor.py:161} INFO - Started process (PID=124) to work on /home/airflow/.local/lib/python3.12/site-packages/airflow/example_dags/example_display_name.py
[2024-05-03T15:37:07.400+0000] {processor.py:830} INFO - Processing file /home/airflow/.local/lib/python3.12/site-packages/airflow/example_dags/example_display_name.py for tasks to queue
[2024-05-03T15:37:07.412+0000] {logging_mixin.py:188} INFO - [2024-05-03T15:37:07.412+0000] {dagbag.py:540} INFO - Filling up the DagBag from /home/airflow/.local/lib/python3.12/site-packages/airflow/example_dags/example_display_name.py
[2024-05-03T15:37:07.472+0000] {processor.py:840} INFO - DAG(s) 'example_display_name' retrieved from /home/airflow/.local/lib/python3.12/site-packages/airflow/example_dags/example_display_name.py
[2024-05-03T15:37:07.563+0000] {logging_mixin.py:188} INFO - [2024-05-03T15:37:07.562+0000] {dag.py:3096} INFO - Sync 1 DAGs
[2024-05-03T15:37:07.596+0000] {logging_mixin.py:188} INFO - [2024-05-03T15:37:07.596+0000] {dag.py:3954} INFO - Setting next_dagrun for example_display_name to None, run_after=None
[2024-05-03T15:37:07.763+0000] {processor.py:183} INFO - Processing /home/airflow/.local/lib/python3.12/site-packages/airflow/example_dags/example_display_name.py took 0.402 seconds
[2024-05-03T15:37:42.885+0000] {processor.py:161} INFO - Started process (PID=185) to work on /home/airflow/.local/lib/python3.12/site-packages/airflow/example_dags/example_display_name.py
[2024-05-03T15:37:42.896+0000] {processor.py:830} INFO - Processing file /home/airflow/.local/lib/python3.12/site-packages/airflow/example_dags/example_display_name.py for tasks to queue
[2024-05-03T15:37:42.898+0000] {logging_mixin.py:188} INFO - [2024-05-03T15:37:42.898+0000] {dagbag.py:540} INFO - Filling up the DagBag from /home/airflow/.local/lib/python3.12/site-packages/airflow/example_dags/example_display_name.py
[2024-05-03T15:37:42.920+0000] {processor.py:840} INFO - DAG(s) 'example_display_name' retrieved from /home/airflow/.local/lib/python3.12/site-packages/airflow/example_dags/example_display_name.py
[2024-05-03T15:37:42.983+0000] {logging_mixin.py:188} INFO - [2024-05-03T15:37:42.980+0000] {dag.py:3096} INFO - Sync 1 DAGs
[2024-05-03T15:37:43.010+0000] {logging_mixin.py:188} INFO - [2024-05-03T15:37:43.010+0000] {dag.py:3954} INFO - Setting next_dagrun for example_display_name to None, run_after=None
[2024-05-03T15:37:43.080+0000] {processor.py:183} INFO - Processing /home/airflow/.local/lib/python3.12/site-packages/airflow/example_dags/example_display_name.py took 0.219 seconds
[2024-05-03T15:38:13.656+0000] {processor.py:161} INFO - Started process (PID=245) to work on /home/airflow/.local/lib/python3.12/site-packages/airflow/example_dags/example_display_name.py
[2024-05-03T15:38:13.657+0000] {processor.py:830} INFO - Processing file /home/airflow/.local/lib/python3.12/site-packages/airflow/example_dags/example_display_name.py for tasks to queue
[2024-05-03T15:38:13.659+0000] {logging_mixin.py:188} INFO - [2024-05-03T15:38:13.659+0000] {dagbag.py:540} INFO - Filling up the DagBag from /home/airflow/.local/lib/python3.12/site-packages/airflow/example_dags/example_display_name.py
[2024-05-03T15:38:13.665+0000] {processor.py:840} INFO - DAG(s) 'example_display_name' retrieved from /home/airflow/.local/lib/python3.12/site-packages/airflow/example_dags/example_display_name.py
[2024-05-03T15:38:13.691+0000] {logging_mixin.py:188} INFO - [2024-05-03T15:38:13.690+0000] {dag.py:3096} INFO - Sync 1 DAGs
[2024-05-03T15:38:13.707+0000] {logging_mixin.py:188} INFO - [2024-05-03T15:38:13.707+0000] {dag.py:3954} INFO - Setting next_dagrun for example_display_name to None, run_after=None
[2024-05-03T15:38:13.737+0000] {processor.py:183} INFO - Processing /home/airflow/.local/lib/python3.12/site-packages/airflow/example_dags/example_display_name.py took 0.085 seconds
[2024-05-03T15:38:44.457+0000] {processor.py:161} INFO - Started process (PID=306) to work on /home/airflow/.local/lib/python3.12/site-packages/airflow/example_dags/example_display_name.py
[2024-05-03T15:38:44.457+0000] {processor.py:830} INFO - Processing file /home/airflow/.local/lib/python3.12/site-packages/airflow/example_dags/example_display_name.py for tasks to queue
[2024-05-03T15:38:44.459+0000] {logging_mixin.py:188} INFO - [2024-05-03T15:38:44.459+0000] {dagbag.py:540} INFO - Filling up the DagBag from /home/airflow/.local/lib/python3.12/site-packages/airflow/example_dags/example_display_name.py
[2024-05-03T15:38:44.465+0000] {processor.py:840} INFO - DAG(s) 'example_display_name' retrieved from /home/airflow/.local/lib/python3.12/site-packages/airflow/example_dags/example_display_name.py
[2024-05-03T15:38:44.488+0000] {logging_mixin.py:188} INFO - [2024-05-03T15:38:44.488+0000] {dag.py:3096} INFO - Sync 1 DAGs
[2024-05-03T15:38:44.503+0000] {logging_mixin.py:188} INFO - [2024-05-03T15:38:44.503+0000] {dag.py:3954} INFO - Setting next_dagrun for example_display_name to None, run_after=None
[2024-05-03T15:38:44.528+0000] {processor.py:183} INFO - Processing /home/airflow/.local/lib/python3.12/site-packages/airflow/example_dags/example_display_name.py took 0.077 seconds
[2024-05-03T15:39:15.104+0000] {processor.py:161} INFO - Started process (PID=368) to work on /home/airflow/.local/lib/python3.12/site-packages/airflow/example_dags/example_display_name.py
[2024-05-03T15:39:15.105+0000] {processor.py:830} INFO - Processing file /home/airflow/.local/lib/python3.12/site-packages/airflow/example_dags/example_display_name.py for tasks to queue
[2024-05-03T15:39:15.107+0000] {logging_mixin.py:188} INFO - [2024-05-03T15:39:15.107+0000] {dagbag.py:540} INFO - Filling up the DagBag from /home/airflow/.local/lib/python3.12/site-packages/airflow/example_dags/example_display_name.py
[2024-05-03T15:39:15.113+0000] {processor.py:840} INFO - DAG(s) 'example_display_name' retrieved from /home/airflow/.local/lib/python3.12/site-packages/airflow/example_dags/example_display_name.py
[2024-05-03T15:39:15.147+0000] {logging_mixin.py:188} INFO - [2024-05-03T15:39:15.147+0000] {dag.py:3096} INFO - Sync 1 DAGs
[2024-05-03T15:39:15.161+0000] {logging_mixin.py:188} INFO - [2024-05-03T15:39:15.160+0000] {dag.py:3954} INFO - Setting next_dagrun for example_display_name to None, run_after=None
[2024-05-03T15:39:15.185+0000] {processor.py:183} INFO - Processing /home/airflow/.local/lib/python3.12/site-packages/airflow/example_dags/example_display_name.py took 0.092 seconds
[2024-05-03T15:39:45.356+0000] {processor.py:161} INFO - Started process (PID=429) to work on /home/airflow/.local/lib/python3.12/site-packages/airflow/example_dags/example_display_name.py
[2024-05-03T15:39:45.361+0000] {processor.py:830} INFO - Processing file /home/airflow/.local/lib/python3.12/site-packages/airflow/example_dags/example_display_name.py for tasks to queue
[2024-05-03T15:39:45.364+0000] {logging_mixin.py:188} INFO - [2024-05-03T15:39:45.364+0000] {dagbag.py:540} INFO - Filling up the DagBag from /home/airflow/.local/lib/python3.12/site-packages/airflow/example_dags/example_display_name.py
[2024-05-03T15:39:45.378+0000] {processor.py:840} INFO - DAG(s) 'example_display_name' retrieved from /home/airflow/.local/lib/python3.12/site-packages/airflow/example_dags/example_display_name.py
[2024-05-03T15:39:45.409+0000] {logging_mixin.py:188} INFO - [2024-05-03T15:39:45.408+0000] {dag.py:3096} INFO - Sync 1 DAGs
[2024-05-03T15:39:45.429+0000] {logging_mixin.py:188} INFO - [2024-05-03T15:39:45.429+0000] {dag.py:3954} INFO - Setting next_dagrun for example_display_name to None, run_after=None
[2024-05-03T15:39:45.462+0000] {processor.py:183} INFO - Processing /home/airflow/.local/lib/python3.12/site-packages/airflow/example_dags/example_display_name.py took 0.118 seconds
[2024-05-03T15:40:15.851+0000] {processor.py:161} INFO - Started process (PID=490) to work on /home/airflow/.local/lib/python3.12/site-packages/airflow/example_dags/example_display_name.py
[2024-05-03T15:40:15.852+0000] {processor.py:830} INFO - Processing file /home/airflow/.local/lib/python3.12/site-packages/airflow/example_dags/example_display_name.py for tasks to queue
[2024-05-03T15:40:15.855+0000] {logging_mixin.py:188} INFO - [2024-05-03T15:40:15.855+0000] {dagbag.py:540} INFO - Filling up the DagBag from /home/airflow/.local/lib/python3.12/site-packages/airflow/example_dags/example_display_name.py
[2024-05-03T15:40:15.862+0000] {processor.py:840} INFO - DAG(s) 'example_display_name' retrieved from /home/airflow/.local/lib/python3.12/site-packages/airflow/example_dags/example_display_name.py
[2024-05-03T15:40:15.920+0000] {logging_mixin.py:188} INFO - [2024-05-03T15:40:15.919+0000] {dag.py:3096} INFO - Sync 1 DAGs
[2024-05-03T15:40:15.973+0000] {logging_mixin.py:188} INFO - [2024-05-03T15:40:15.973+0000] {dag.py:3954} INFO - Setting next_dagrun for example_display_name to None, run_after=None
[2024-05-03T15:40:16.017+0000] {processor.py:183} INFO - Processing /home/airflow/.local/lib/python3.12/site-packages/airflow/example_dags/example_display_name.py took 0.184 seconds
[2024-05-03T15:40:46.602+0000] {processor.py:161} INFO - Started process (PID=552) to work on /home/airflow/.local/lib/python3.12/site-packages/airflow/example_dags/example_display_name.py
[2024-05-03T15:40:46.603+0000] {processor.py:830} INFO - Processing file /home/airflow/.local/lib/python3.12/site-packages/airflow/example_dags/example_display_name.py for tasks to queue
[2024-05-03T15:40:46.618+0000] {logging_mixin.py:188} INFO - [2024-05-03T15:40:46.618+0000] {dagbag.py:540} INFO - Filling up the DagBag from /home/airflow/.local/lib/python3.12/site-packages/airflow/example_dags/example_display_name.py
[2024-05-03T15:40:46.631+0000] {processor.py:840} INFO - DAG(s) 'example_display_name' retrieved from /home/airflow/.local/lib/python3.12/site-packages/airflow/example_dags/example_display_name.py
[2024-05-03T15:40:46.654+0000] {logging_mixin.py:188} INFO - [2024-05-03T15:40:46.654+0000] {dag.py:3096} INFO - Sync 1 DAGs
[2024-05-03T15:40:46.671+0000] {logging_mixin.py:188} INFO - [2024-05-03T15:40:46.670+0000] {dag.py:3954} INFO - Setting next_dagrun for example_display_name to None, run_after=None
[2024-05-03T15:40:46.695+0000] {processor.py:183} INFO - Processing /home/airflow/.local/lib/python3.12/site-packages/airflow/example_dags/example_display_name.py took 0.098 seconds
[2024-05-03T15:41:18.367+0000] {processor.py:161} INFO - Started process (PID=613) to work on /home/airflow/.local/lib/python3.12/site-packages/airflow/example_dags/example_display_name.py
[2024-05-03T15:41:18.371+0000] {processor.py:830} INFO - Processing file /home/airflow/.local/lib/python3.12/site-packages/airflow/example_dags/example_display_name.py for tasks to queue
[2024-05-03T15:41:18.374+0000] {logging_mixin.py:188} INFO - [2024-05-03T15:41:18.372+0000] {dagbag.py:540} INFO - Filling up the DagBag from /home/airflow/.local/lib/python3.12/site-packages/airflow/example_dags/example_display_name.py
[2024-05-03T15:41:18.381+0000] {processor.py:840} INFO - DAG(s) 'example_display_name' retrieved from /home/airflow/.local/lib/python3.12/site-packages/airflow/example_dags/example_display_name.py
[2024-05-03T15:41:18.420+0000] {logging_mixin.py:188} INFO - [2024-05-03T15:41:18.419+0000] {dag.py:3096} INFO - Sync 1 DAGs
[2024-05-03T15:41:18.447+0000] {logging_mixin.py:188} INFO - [2024-05-03T15:41:18.447+0000] {dag.py:3954} INFO - Setting next_dagrun for example_display_name to None, run_after=None
[2024-05-03T15:41:18.478+0000] {processor.py:183} INFO - Processing /home/airflow/.local/lib/python3.12/site-packages/airflow/example_dags/example_display_name.py took 0.125 seconds
[2024-05-03T15:41:50.192+0000] {processor.py:161} INFO - Started process (PID=679) to work on /home/airflow/.local/lib/python3.12/site-packages/airflow/example_dags/example_display_name.py
[2024-05-03T15:41:50.196+0000] {processor.py:830} INFO - Processing file /home/airflow/.local/lib/python3.12/site-packages/airflow/example_dags/example_display_name.py for tasks to queue
[2024-05-03T15:41:50.214+0000] {logging_mixin.py:188} INFO - [2024-05-03T15:41:50.214+0000] {dagbag.py:540} INFO - Filling up the DagBag from /home/airflow/.local/lib/python3.12/site-packages/airflow/example_dags/example_display_name.py
[2024-05-03T15:41:50.273+0000] {processor.py:840} INFO - DAG(s) 'example_display_name' retrieved from /home/airflow/.local/lib/python3.12/site-packages/airflow/example_dags/example_display_name.py
[2024-05-03T15:41:50.384+0000] {logging_mixin.py:188} INFO - [2024-05-03T15:41:50.384+0000] {dag.py:3096} INFO - Sync 1 DAGs
[2024-05-03T15:41:50.466+0000] {logging_mixin.py:188} INFO - [2024-05-03T15:41:50.466+0000] {dag.py:3954} INFO - Setting next_dagrun for example_display_name to None, run_after=None
[2024-05-03T15:41:50.572+0000] {processor.py:183} INFO - Processing /home/airflow/.local/lib/python3.12/site-packages/airflow/example_dags/example_display_name.py took 0.437 seconds
[2024-05-03T15:42:20.926+0000] {processor.py:161} INFO - Started process (PID=741) to work on /home/airflow/.local/lib/python3.12/site-packages/airflow/example_dags/example_display_name.py
[2024-05-03T15:42:20.927+0000] {processor.py:830} INFO - Processing file /home/airflow/.local/lib/python3.12/site-packages/airflow/example_dags/example_display_name.py for tasks to queue
[2024-05-03T15:42:20.929+0000] {logging_mixin.py:188} INFO - [2024-05-03T15:42:20.928+0000] {dagbag.py:540} INFO - Filling up the DagBag from /home/airflow/.local/lib/python3.12/site-packages/airflow/example_dags/example_display_name.py
[2024-05-03T15:42:20.933+0000] {processor.py:840} INFO - DAG(s) 'example_display_name' retrieved from /home/airflow/.local/lib/python3.12/site-packages/airflow/example_dags/example_display_name.py
[2024-05-03T15:42:20.950+0000] {logging_mixin.py:188} INFO - [2024-05-03T15:42:20.950+0000] {dag.py:3096} INFO - Sync 1 DAGs
[2024-05-03T15:42:20.960+0000] {logging_mixin.py:188} INFO - [2024-05-03T15:42:20.960+0000] {dag.py:3954} INFO - Setting next_dagrun for example_display_name to None, run_after=None
[2024-05-03T15:42:20.980+0000] {processor.py:183} INFO - Processing /home/airflow/.local/lib/python3.12/site-packages/airflow/example_dags/example_display_name.py took 0.060 seconds
[2024-05-03T15:42:51.356+0000] {processor.py:161} INFO - Started process (PID=803) to work on /home/airflow/.local/lib/python3.12/site-packages/airflow/example_dags/example_display_name.py
[2024-05-03T15:42:51.357+0000] {processor.py:830} INFO - Processing file /home/airflow/.local/lib/python3.12/site-packages/airflow/example_dags/example_display_name.py for tasks to queue
[2024-05-03T15:42:51.359+0000] {logging_mixin.py:188} INFO - [2024-05-03T15:42:51.359+0000] {dagbag.py:540} INFO - Filling up the DagBag from /home/airflow/.local/lib/python3.12/site-packages/airflow/example_dags/example_display_name.py
[2024-05-03T15:42:51.366+0000] {processor.py:840} INFO - DAG(s) 'example_display_name' retrieved from /home/airflow/.local/lib/python3.12/site-packages/airflow/example_dags/example_display_name.py
[2024-05-03T15:42:51.388+0000] {logging_mixin.py:188} INFO - [2024-05-03T15:42:51.388+0000] {dag.py:3096} INFO - Sync 1 DAGs
[2024-05-03T15:42:51.403+0000] {logging_mixin.py:188} INFO - [2024-05-03T15:42:51.403+0000] {dag.py:3954} INFO - Setting next_dagrun for example_display_name to None, run_after=None
[2024-05-03T15:42:51.426+0000] {processor.py:183} INFO - Processing /home/airflow/.local/lib/python3.12/site-packages/airflow/example_dags/example_display_name.py took 0.077 seconds
[2024-05-03T15:43:22.053+0000] {processor.py:161} INFO - Started process (PID=864) to work on /home/airflow/.local/lib/python3.12/site-packages/airflow/example_dags/example_display_name.py
[2024-05-03T15:43:22.054+0000] {processor.py:830} INFO - Processing file /home/airflow/.local/lib/python3.12/site-packages/airflow/example_dags/example_display_name.py for tasks to queue
[2024-05-03T15:43:22.057+0000] {logging_mixin.py:188} INFO - [2024-05-03T15:43:22.056+0000] {dagbag.py:540} INFO - Filling up the DagBag from /home/airflow/.local/lib/python3.12/site-packages/airflow/example_dags/example_display_name.py
[2024-05-03T15:43:22.063+0000] {processor.py:840} INFO - DAG(s) 'example_display_name' retrieved from /home/airflow/.local/lib/python3.12/site-packages/airflow/example_dags/example_display_name.py
[2024-05-03T15:43:22.085+0000] {logging_mixin.py:188} INFO - [2024-05-03T15:43:22.084+0000] {dag.py:3096} INFO - Sync 1 DAGs
[2024-05-03T15:43:22.099+0000] {logging_mixin.py:188} INFO - [2024-05-03T15:43:22.099+0000] {dag.py:3954} INFO - Setting next_dagrun for example_display_name to None, run_after=None
[2024-05-03T15:43:22.123+0000] {processor.py:183} INFO - Processing /home/airflow/.local/lib/python3.12/site-packages/airflow/example_dags/example_display_name.py took 0.076 seconds
[2024-05-03T15:43:52.365+0000] {processor.py:161} INFO - Started process (PID=925) to work on /home/airflow/.local/lib/python3.12/site-packages/airflow/example_dags/example_display_name.py
[2024-05-03T15:43:52.367+0000] {processor.py:830} INFO - Processing file /home/airflow/.local/lib/python3.12/site-packages/airflow/example_dags/example_display_name.py for tasks to queue
[2024-05-03T15:43:52.368+0000] {logging_mixin.py:188} INFO - [2024-05-03T15:43:52.368+0000] {dagbag.py:540} INFO - Filling up the DagBag from /home/airflow/.local/lib/python3.12/site-packages/airflow/example_dags/example_display_name.py
[2024-05-03T15:43:52.374+0000] {processor.py:840} INFO - DAG(s) 'example_display_name' retrieved from /home/airflow/.local/lib/python3.12/site-packages/airflow/example_dags/example_display_name.py
[2024-05-03T15:43:52.396+0000] {logging_mixin.py:188} INFO - [2024-05-03T15:43:52.396+0000] {dag.py:3096} INFO - Sync 1 DAGs
[2024-05-03T15:43:52.412+0000] {logging_mixin.py:188} INFO - [2024-05-03T15:43:52.412+0000] {dag.py:3954} INFO - Setting next_dagrun for example_display_name to None, run_after=None
[2024-05-03T15:43:52.436+0000] {processor.py:183} INFO - Processing /home/airflow/.local/lib/python3.12/site-packages/airflow/example_dags/example_display_name.py took 0.078 seconds
[2024-05-03T15:44:22.512+0000] {processor.py:161} INFO - Started process (PID=986) to work on /home/airflow/.local/lib/python3.12/site-packages/airflow/example_dags/example_display_name.py
[2024-05-03T15:44:22.513+0000] {processor.py:830} INFO - Processing file /home/airflow/.local/lib/python3.12/site-packages/airflow/example_dags/example_display_name.py for tasks to queue
[2024-05-03T15:44:22.515+0000] {logging_mixin.py:188} INFO - [2024-05-03T15:44:22.514+0000] {dagbag.py:540} INFO - Filling up the DagBag from /home/airflow/.local/lib/python3.12/site-packages/airflow/example_dags/example_display_name.py
[2024-05-03T15:44:22.519+0000] {processor.py:840} INFO - DAG(s) 'example_display_name' retrieved from /home/airflow/.local/lib/python3.12/site-packages/airflow/example_dags/example_display_name.py
[2024-05-03T15:44:22.535+0000] {logging_mixin.py:188} INFO - [2024-05-03T15:44:22.534+0000] {dag.py:3096} INFO - Sync 1 DAGs
[2024-05-03T15:44:22.545+0000] {logging_mixin.py:188} INFO - [2024-05-03T15:44:22.545+0000] {dag.py:3954} INFO - Setting next_dagrun for example_display_name to None, run_after=None
[2024-05-03T15:44:22.566+0000] {processor.py:183} INFO - Processing /home/airflow/.local/lib/python3.12/site-packages/airflow/example_dags/example_display_name.py took 0.059 seconds
[2024-05-03T15:44:54.527+0000] {processor.py:161} INFO - Started process (PID=1048) to work on /home/airflow/.local/lib/python3.12/site-packages/airflow/example_dags/example_display_name.py
[2024-05-03T15:44:54.528+0000] {processor.py:830} INFO - Processing file /home/airflow/.local/lib/python3.12/site-packages/airflow/example_dags/example_display_name.py for tasks to queue
[2024-05-03T15:44:54.530+0000] {logging_mixin.py:188} INFO - [2024-05-03T15:44:54.530+0000] {dagbag.py:540} INFO - Filling up the DagBag from /home/airflow/.local/lib/python3.12/site-packages/airflow/example_dags/example_display_name.py
[2024-05-03T15:44:54.538+0000] {processor.py:840} INFO - DAG(s) 'example_display_name' retrieved from /home/airflow/.local/lib/python3.12/site-packages/airflow/example_dags/example_display_name.py
[2024-05-03T15:44:54.608+0000] {logging_mixin.py:188} INFO - [2024-05-03T15:44:54.608+0000] {dag.py:3096} INFO - Sync 1 DAGs
[2024-05-03T15:44:54.640+0000] {logging_mixin.py:188} INFO - [2024-05-03T15:44:54.640+0000] {dag.py:3954} INFO - Setting next_dagrun for example_display_name to None, run_after=None
[2024-05-03T15:44:54.685+0000] {processor.py:183} INFO - Processing /home/airflow/.local/lib/python3.12/site-packages/airflow/example_dags/example_display_name.py took 0.181 seconds
[2024-05-03T15:45:25.282+0000] {processor.py:161} INFO - Started process (PID=1109) to work on /home/airflow/.local/lib/python3.12/site-packages/airflow/example_dags/example_display_name.py
[2024-05-03T15:45:25.285+0000] {processor.py:830} INFO - Processing file /home/airflow/.local/lib/python3.12/site-packages/airflow/example_dags/example_display_name.py for tasks to queue
[2024-05-03T15:45:25.287+0000] {logging_mixin.py:188} INFO - [2024-05-03T15:45:25.287+0000] {dagbag.py:540} INFO - Filling up the DagBag from /home/airflow/.local/lib/python3.12/site-packages/airflow/example_dags/example_display_name.py
[2024-05-03T15:45:25.300+0000] {processor.py:840} INFO - DAG(s) 'example_display_name' retrieved from /home/airflow/.local/lib/python3.12/site-packages/airflow/example_dags/example_display_name.py
[2024-05-03T15:45:25.335+0000] {logging_mixin.py:188} INFO - [2024-05-03T15:45:25.335+0000] {dag.py:3096} INFO - Sync 1 DAGs
[2024-05-03T15:45:25.356+0000] {logging_mixin.py:188} INFO - [2024-05-03T15:45:25.355+0000] {dag.py:3954} INFO - Setting next_dagrun for example_display_name to None, run_after=None
[2024-05-03T15:45:25.386+0000] {processor.py:183} INFO - Processing /home/airflow/.local/lib/python3.12/site-packages/airflow/example_dags/example_display_name.py took 0.111 seconds
[2024-05-03T15:45:56.143+0000] {processor.py:161} INFO - Started process (PID=1170) to work on /home/airflow/.local/lib/python3.12/site-packages/airflow/example_dags/example_display_name.py
[2024-05-03T15:45:56.153+0000] {processor.py:830} INFO - Processing file /home/airflow/.local/lib/python3.12/site-packages/airflow/example_dags/example_display_name.py for tasks to queue
[2024-05-03T15:45:56.156+0000] {logging_mixin.py:188} INFO - [2024-05-03T15:45:56.155+0000] {dagbag.py:540} INFO - Filling up the DagBag from /home/airflow/.local/lib/python3.12/site-packages/airflow/example_dags/example_display_name.py
[2024-05-03T15:45:56.174+0000] {processor.py:840} INFO - DAG(s) 'example_display_name' retrieved from /home/airflow/.local/lib/python3.12/site-packages/airflow/example_dags/example_display_name.py
[2024-05-03T15:45:56.221+0000] {logging_mixin.py:188} INFO - [2024-05-03T15:45:56.221+0000] {dag.py:3096} INFO - Sync 1 DAGs
[2024-05-03T15:45:56.248+0000] {logging_mixin.py:188} INFO - [2024-05-03T15:45:56.247+0000] {dag.py:3954} INFO - Setting next_dagrun for example_display_name to None, run_after=None
[2024-05-03T15:45:56.330+0000] {processor.py:183} INFO - Processing /home/airflow/.local/lib/python3.12/site-packages/airflow/example_dags/example_display_name.py took 0.208 seconds
[2024-05-03T15:46:26.572+0000] {processor.py:161} INFO - Started process (PID=1231) to work on /home/airflow/.local/lib/python3.12/site-packages/airflow/example_dags/example_display_name.py
[2024-05-03T15:46:26.573+0000] {processor.py:830} INFO - Processing file /home/airflow/.local/lib/python3.12/site-packages/airflow/example_dags/example_display_name.py for tasks to queue
[2024-05-03T15:46:26.574+0000] {logging_mixin.py:188} INFO - [2024-05-03T15:46:26.574+0000] {dagbag.py:540} INFO - Filling up the DagBag from /home/airflow/.local/lib/python3.12/site-packages/airflow/example_dags/example_display_name.py
[2024-05-03T15:46:26.581+0000] {processor.py:840} INFO - DAG(s) 'example_display_name' retrieved from /home/airflow/.local/lib/python3.12/site-packages/airflow/example_dags/example_display_name.py
[2024-05-03T15:46:26.605+0000] {logging_mixin.py:188} INFO - [2024-05-03T15:46:26.604+0000] {dag.py:3096} INFO - Sync 1 DAGs
[2024-05-03T15:46:26.623+0000] {logging_mixin.py:188} INFO - [2024-05-03T15:46:26.623+0000] {dag.py:3954} INFO - Setting next_dagrun for example_display_name to None, run_after=None
[2024-05-03T15:46:26.649+0000] {processor.py:183} INFO - Processing /home/airflow/.local/lib/python3.12/site-packages/airflow/example_dags/example_display_name.py took 0.083 seconds
