[2024-05-03T15:36:32.939+0000] {processor.py:161} INFO - Started process (PID=50) to work on /home/airflow/.local/lib/python3.12/site-packages/airflow/example_dags/example_sensors.py
[2024-05-03T15:36:32.945+0000] {processor.py:830} INFO - Processing file /home/airflow/.local/lib/python3.12/site-packages/airflow/example_dags/example_sensors.py for tasks to queue
[2024-05-03T15:36:32.949+0000] {logging_mixin.py:188} INFO - [2024-05-03T15:36:32.949+0000] {dagbag.py:540} INFO - Filling up the DagBag from /home/airflow/.local/lib/python3.12/site-packages/airflow/example_dags/example_sensors.py
[2024-05-03T15:36:33.003+0000] {processor.py:840} INFO - DAG(s) 'example_sensors' retrieved from /home/airflow/.local/lib/python3.12/site-packages/airflow/example_dags/example_sensors.py
[2024-05-03T15:36:33.092+0000] {logging_mixin.py:188} INFO - [2024-05-03T15:36:33.092+0000] {dag.py:3096} INFO - Sync 1 DAGs
[2024-05-03T15:36:33.143+0000] {logging_mixin.py:188} INFO - [2024-05-03T15:36:33.143+0000] {dag.py:3954} INFO - Setting next_dagrun for example_sensors to None, run_after=None
[2024-05-03T15:36:33.235+0000] {processor.py:183} INFO - Processing /home/airflow/.local/lib/python3.12/site-packages/airflow/example_dags/example_sensors.py took 0.319 seconds
[2024-05-03T15:37:04.517+0000] {processor.py:161} INFO - Started process (PID=111) to work on /home/airflow/.local/lib/python3.12/site-packages/airflow/example_dags/example_sensors.py
[2024-05-03T15:37:04.530+0000] {processor.py:830} INFO - Processing file /home/airflow/.local/lib/python3.12/site-packages/airflow/example_dags/example_sensors.py for tasks to queue
[2024-05-03T15:37:04.538+0000] {logging_mixin.py:188} INFO - [2024-05-03T15:37:04.532+0000] {dagbag.py:540} INFO - Filling up the DagBag from /home/airflow/.local/lib/python3.12/site-packages/airflow/example_dags/example_sensors.py
[2024-05-03T15:37:04.588+0000] {processor.py:840} INFO - DAG(s) 'example_sensors' retrieved from /home/airflow/.local/lib/python3.12/site-packages/airflow/example_dags/example_sensors.py
[2024-05-03T15:37:04.710+0000] {logging_mixin.py:188} INFO - [2024-05-03T15:37:04.710+0000] {dag.py:3096} INFO - Sync 1 DAGs
[2024-05-03T15:37:04.781+0000] {logging_mixin.py:188} INFO - [2024-05-03T15:37:04.781+0000] {dag.py:3954} INFO - Setting next_dagrun for example_sensors to None, run_after=None
[2024-05-03T15:37:04.894+0000] {processor.py:183} INFO - Processing /home/airflow/.local/lib/python3.12/site-packages/airflow/example_dags/example_sensors.py took 0.384 seconds
[2024-05-03T15:37:39.405+0000] {processor.py:161} INFO - Started process (PID=172) to work on /home/airflow/.local/lib/python3.12/site-packages/airflow/example_dags/example_sensors.py
[2024-05-03T15:37:39.413+0000] {processor.py:830} INFO - Processing file /home/airflow/.local/lib/python3.12/site-packages/airflow/example_dags/example_sensors.py for tasks to queue
[2024-05-03T15:37:39.426+0000] {logging_mixin.py:188} INFO - [2024-05-03T15:37:39.424+0000] {dagbag.py:540} INFO - Filling up the DagBag from /home/airflow/.local/lib/python3.12/site-packages/airflow/example_dags/example_sensors.py
[2024-05-03T15:37:39.457+0000] {processor.py:840} INFO - DAG(s) 'example_sensors' retrieved from /home/airflow/.local/lib/python3.12/site-packages/airflow/example_dags/example_sensors.py
[2024-05-03T15:37:39.531+0000] {logging_mixin.py:188} INFO - [2024-05-03T15:37:39.531+0000] {dag.py:3096} INFO - Sync 1 DAGs
[2024-05-03T15:37:39.550+0000] {logging_mixin.py:188} INFO - [2024-05-03T15:37:39.550+0000] {dag.py:3954} INFO - Setting next_dagrun for example_sensors to None, run_after=None
[2024-05-03T15:37:39.733+0000] {processor.py:183} INFO - Processing /home/airflow/.local/lib/python3.12/site-packages/airflow/example_dags/example_sensors.py took 0.403 seconds
[2024-05-03T15:38:10.738+0000] {processor.py:161} INFO - Started process (PID=232) to work on /home/airflow/.local/lib/python3.12/site-packages/airflow/example_dags/example_sensors.py
[2024-05-03T15:38:10.739+0000] {processor.py:830} INFO - Processing file /home/airflow/.local/lib/python3.12/site-packages/airflow/example_dags/example_sensors.py for tasks to queue
[2024-05-03T15:38:10.741+0000] {logging_mixin.py:188} INFO - [2024-05-03T15:38:10.741+0000] {dagbag.py:540} INFO - Filling up the DagBag from /home/airflow/.local/lib/python3.12/site-packages/airflow/example_dags/example_sensors.py
[2024-05-03T15:38:10.753+0000] {processor.py:840} INFO - DAG(s) 'example_sensors' retrieved from /home/airflow/.local/lib/python3.12/site-packages/airflow/example_dags/example_sensors.py
[2024-05-03T15:38:10.786+0000] {logging_mixin.py:188} INFO - [2024-05-03T15:38:10.786+0000] {dag.py:3096} INFO - Sync 1 DAGs
[2024-05-03T15:38:10.803+0000] {logging_mixin.py:188} INFO - [2024-05-03T15:38:10.803+0000] {dag.py:3954} INFO - Setting next_dagrun for example_sensors to None, run_after=None
[2024-05-03T15:38:10.828+0000] {processor.py:183} INFO - Processing /home/airflow/.local/lib/python3.12/site-packages/airflow/example_dags/example_sensors.py took 0.096 seconds
[2024-05-03T15:38:41.682+0000] {processor.py:161} INFO - Started process (PID=293) to work on /home/airflow/.local/lib/python3.12/site-packages/airflow/example_dags/example_sensors.py
[2024-05-03T15:38:41.683+0000] {processor.py:830} INFO - Processing file /home/airflow/.local/lib/python3.12/site-packages/airflow/example_dags/example_sensors.py for tasks to queue
[2024-05-03T15:38:41.685+0000] {logging_mixin.py:188} INFO - [2024-05-03T15:38:41.685+0000] {dagbag.py:540} INFO - Filling up the DagBag from /home/airflow/.local/lib/python3.12/site-packages/airflow/example_dags/example_sensors.py
[2024-05-03T15:38:41.697+0000] {processor.py:840} INFO - DAG(s) 'example_sensors' retrieved from /home/airflow/.local/lib/python3.12/site-packages/airflow/example_dags/example_sensors.py
[2024-05-03T15:38:41.730+0000] {logging_mixin.py:188} INFO - [2024-05-03T15:38:41.730+0000] {dag.py:3096} INFO - Sync 1 DAGs
[2024-05-03T15:38:41.746+0000] {logging_mixin.py:188} INFO - [2024-05-03T15:38:41.746+0000] {dag.py:3954} INFO - Setting next_dagrun for example_sensors to None, run_after=None
[2024-05-03T15:38:41.778+0000] {processor.py:183} INFO - Processing /home/airflow/.local/lib/python3.12/site-packages/airflow/example_dags/example_sensors.py took 0.102 seconds
[2024-05-03T15:39:12.305+0000] {processor.py:161} INFO - Started process (PID=355) to work on /home/airflow/.local/lib/python3.12/site-packages/airflow/example_dags/example_sensors.py
[2024-05-03T15:39:12.308+0000] {processor.py:830} INFO - Processing file /home/airflow/.local/lib/python3.12/site-packages/airflow/example_dags/example_sensors.py for tasks to queue
[2024-05-03T15:39:12.310+0000] {logging_mixin.py:188} INFO - [2024-05-03T15:39:12.310+0000] {dagbag.py:540} INFO - Filling up the DagBag from /home/airflow/.local/lib/python3.12/site-packages/airflow/example_dags/example_sensors.py
[2024-05-03T15:39:12.332+0000] {processor.py:840} INFO - DAG(s) 'example_sensors' retrieved from /home/airflow/.local/lib/python3.12/site-packages/airflow/example_dags/example_sensors.py
[2024-05-03T15:39:12.395+0000] {logging_mixin.py:188} INFO - [2024-05-03T15:39:12.395+0000] {dag.py:3096} INFO - Sync 1 DAGs
[2024-05-03T15:39:12.418+0000] {logging_mixin.py:188} INFO - [2024-05-03T15:39:12.418+0000] {dag.py:3954} INFO - Setting next_dagrun for example_sensors to None, run_after=None
[2024-05-03T15:39:12.452+0000] {processor.py:183} INFO - Processing /home/airflow/.local/lib/python3.12/site-packages/airflow/example_dags/example_sensors.py took 0.165 seconds
[2024-05-03T15:39:43.109+0000] {processor.py:161} INFO - Started process (PID=416) to work on /home/airflow/.local/lib/python3.12/site-packages/airflow/example_dags/example_sensors.py
[2024-05-03T15:39:43.113+0000] {processor.py:830} INFO - Processing file /home/airflow/.local/lib/python3.12/site-packages/airflow/example_dags/example_sensors.py for tasks to queue
[2024-05-03T15:39:43.118+0000] {logging_mixin.py:188} INFO - [2024-05-03T15:39:43.118+0000] {dagbag.py:540} INFO - Filling up the DagBag from /home/airflow/.local/lib/python3.12/site-packages/airflow/example_dags/example_sensors.py
[2024-05-03T15:39:43.149+0000] {processor.py:840} INFO - DAG(s) 'example_sensors' retrieved from /home/airflow/.local/lib/python3.12/site-packages/airflow/example_dags/example_sensors.py
[2024-05-03T15:39:43.217+0000] {logging_mixin.py:188} INFO - [2024-05-03T15:39:43.217+0000] {dag.py:3096} INFO - Sync 1 DAGs
[2024-05-03T15:39:43.246+0000] {logging_mixin.py:188} INFO - [2024-05-03T15:39:43.246+0000] {dag.py:3954} INFO - Setting next_dagrun for example_sensors to None, run_after=None
[2024-05-03T15:39:43.299+0000] {processor.py:183} INFO - Processing /home/airflow/.local/lib/python3.12/site-packages/airflow/example_dags/example_sensors.py took 0.203 seconds
[2024-05-03T15:40:13.839+0000] {processor.py:161} INFO - Started process (PID=477) to work on /home/airflow/.local/lib/python3.12/site-packages/airflow/example_dags/example_sensors.py
[2024-05-03T15:40:13.840+0000] {processor.py:830} INFO - Processing file /home/airflow/.local/lib/python3.12/site-packages/airflow/example_dags/example_sensors.py for tasks to queue
[2024-05-03T15:40:13.841+0000] {logging_mixin.py:188} INFO - [2024-05-03T15:40:13.841+0000] {dagbag.py:540} INFO - Filling up the DagBag from /home/airflow/.local/lib/python3.12/site-packages/airflow/example_dags/example_sensors.py
[2024-05-03T15:40:13.853+0000] {processor.py:840} INFO - DAG(s) 'example_sensors' retrieved from /home/airflow/.local/lib/python3.12/site-packages/airflow/example_dags/example_sensors.py
[2024-05-03T15:40:13.899+0000] {logging_mixin.py:188} INFO - [2024-05-03T15:40:13.899+0000] {dag.py:3096} INFO - Sync 1 DAGs
[2024-05-03T15:40:13.919+0000] {logging_mixin.py:188} INFO - [2024-05-03T15:40:13.919+0000] {dag.py:3954} INFO - Setting next_dagrun for example_sensors to None, run_after=None
[2024-05-03T15:40:13.953+0000] {processor.py:183} INFO - Processing /home/airflow/.local/lib/python3.12/site-packages/airflow/example_dags/example_sensors.py took 0.121 seconds
[2024-05-03T15:40:44.780+0000] {processor.py:161} INFO - Started process (PID=539) to work on /home/airflow/.local/lib/python3.12/site-packages/airflow/example_dags/example_sensors.py
[2024-05-03T15:40:44.781+0000] {processor.py:830} INFO - Processing file /home/airflow/.local/lib/python3.12/site-packages/airflow/example_dags/example_sensors.py for tasks to queue
[2024-05-03T15:40:44.785+0000] {logging_mixin.py:188} INFO - [2024-05-03T15:40:44.784+0000] {dagbag.py:540} INFO - Filling up the DagBag from /home/airflow/.local/lib/python3.12/site-packages/airflow/example_dags/example_sensors.py
[2024-05-03T15:40:44.798+0000] {processor.py:840} INFO - DAG(s) 'example_sensors' retrieved from /home/airflow/.local/lib/python3.12/site-packages/airflow/example_dags/example_sensors.py
[2024-05-03T15:40:44.829+0000] {logging_mixin.py:188} INFO - [2024-05-03T15:40:44.829+0000] {dag.py:3096} INFO - Sync 1 DAGs
[2024-05-03T15:40:44.844+0000] {logging_mixin.py:188} INFO - [2024-05-03T15:40:44.844+0000] {dag.py:3954} INFO - Setting next_dagrun for example_sensors to None, run_after=None
[2024-05-03T15:40:44.870+0000] {processor.py:183} INFO - Processing /home/airflow/.local/lib/python3.12/site-packages/airflow/example_dags/example_sensors.py took 0.097 seconds
[2024-05-03T15:41:15.847+0000] {processor.py:161} INFO - Started process (PID=600) to work on /home/airflow/.local/lib/python3.12/site-packages/airflow/example_dags/example_sensors.py
[2024-05-03T15:41:15.853+0000] {processor.py:830} INFO - Processing file /home/airflow/.local/lib/python3.12/site-packages/airflow/example_dags/example_sensors.py for tasks to queue
[2024-05-03T15:41:15.854+0000] {logging_mixin.py:188} INFO - [2024-05-03T15:41:15.854+0000] {dagbag.py:540} INFO - Filling up the DagBag from /home/airflow/.local/lib/python3.12/site-packages/airflow/example_dags/example_sensors.py
[2024-05-03T15:41:15.902+0000] {processor.py:840} INFO - DAG(s) 'example_sensors' retrieved from /home/airflow/.local/lib/python3.12/site-packages/airflow/example_dags/example_sensors.py
[2024-05-03T15:41:16.045+0000] {logging_mixin.py:188} INFO - [2024-05-03T15:41:16.044+0000] {dag.py:3096} INFO - Sync 1 DAGs
[2024-05-03T15:41:16.088+0000] {logging_mixin.py:188} INFO - [2024-05-03T15:41:16.087+0000] {dag.py:3954} INFO - Setting next_dagrun for example_sensors to None, run_after=None
[2024-05-03T15:41:16.188+0000] {processor.py:183} INFO - Processing /home/airflow/.local/lib/python3.12/site-packages/airflow/example_dags/example_sensors.py took 0.355 seconds
[2024-05-03T15:41:46.290+0000] {processor.py:161} INFO - Started process (PID=661) to work on /home/airflow/.local/lib/python3.12/site-packages/airflow/example_dags/example_sensors.py
[2024-05-03T15:41:46.291+0000] {processor.py:830} INFO - Processing file /home/airflow/.local/lib/python3.12/site-packages/airflow/example_dags/example_sensors.py for tasks to queue
[2024-05-03T15:41:46.293+0000] {logging_mixin.py:188} INFO - [2024-05-03T15:41:46.293+0000] {dagbag.py:540} INFO - Filling up the DagBag from /home/airflow/.local/lib/python3.12/site-packages/airflow/example_dags/example_sensors.py
[2024-05-03T15:41:46.304+0000] {processor.py:840} INFO - DAG(s) 'example_sensors' retrieved from /home/airflow/.local/lib/python3.12/site-packages/airflow/example_dags/example_sensors.py
[2024-05-03T15:41:46.329+0000] {logging_mixin.py:188} INFO - [2024-05-03T15:41:46.329+0000] {dag.py:3096} INFO - Sync 1 DAGs
[2024-05-03T15:41:46.342+0000] {logging_mixin.py:188} INFO - [2024-05-03T15:41:46.341+0000] {dag.py:3954} INFO - Setting next_dagrun for example_sensors to None, run_after=None
[2024-05-03T15:41:46.373+0000] {processor.py:183} INFO - Processing /home/airflow/.local/lib/python3.12/site-packages/airflow/example_dags/example_sensors.py took 0.089 seconds
[2024-05-03T15:42:17.173+0000] {processor.py:161} INFO - Started process (PID=722) to work on /home/airflow/.local/lib/python3.12/site-packages/airflow/example_dags/example_sensors.py
[2024-05-03T15:42:17.174+0000] {processor.py:830} INFO - Processing file /home/airflow/.local/lib/python3.12/site-packages/airflow/example_dags/example_sensors.py for tasks to queue
[2024-05-03T15:42:17.176+0000] {logging_mixin.py:188} INFO - [2024-05-03T15:42:17.175+0000] {dagbag.py:540} INFO - Filling up the DagBag from /home/airflow/.local/lib/python3.12/site-packages/airflow/example_dags/example_sensors.py
[2024-05-03T15:42:17.183+0000] {processor.py:840} INFO - DAG(s) 'example_sensors' retrieved from /home/airflow/.local/lib/python3.12/site-packages/airflow/example_dags/example_sensors.py
[2024-05-03T15:42:17.208+0000] {logging_mixin.py:188} INFO - [2024-05-03T15:42:17.207+0000] {dag.py:3096} INFO - Sync 1 DAGs
[2024-05-03T15:42:17.222+0000] {logging_mixin.py:188} INFO - [2024-05-03T15:42:17.222+0000] {dag.py:3954} INFO - Setting next_dagrun for example_sensors to None, run_after=None
[2024-05-03T15:42:17.256+0000] {processor.py:183} INFO - Processing /home/airflow/.local/lib/python3.12/site-packages/airflow/example_dags/example_sensors.py took 0.091 seconds
[2024-05-03T15:42:47.477+0000] {processor.py:161} INFO - Started process (PID=784) to work on /home/airflow/.local/lib/python3.12/site-packages/airflow/example_dags/example_sensors.py
[2024-05-03T15:42:47.478+0000] {processor.py:830} INFO - Processing file /home/airflow/.local/lib/python3.12/site-packages/airflow/example_dags/example_sensors.py for tasks to queue
[2024-05-03T15:42:47.480+0000] {logging_mixin.py:188} INFO - [2024-05-03T15:42:47.480+0000] {dagbag.py:540} INFO - Filling up the DagBag from /home/airflow/.local/lib/python3.12/site-packages/airflow/example_dags/example_sensors.py
[2024-05-03T15:42:47.490+0000] {processor.py:840} INFO - DAG(s) 'example_sensors' retrieved from /home/airflow/.local/lib/python3.12/site-packages/airflow/example_dags/example_sensors.py
[2024-05-03T15:42:47.521+0000] {logging_mixin.py:188} INFO - [2024-05-03T15:42:47.521+0000] {dag.py:3096} INFO - Sync 1 DAGs
[2024-05-03T15:42:47.532+0000] {logging_mixin.py:188} INFO - [2024-05-03T15:42:47.532+0000] {dag.py:3954} INFO - Setting next_dagrun for example_sensors to None, run_after=None
[2024-05-03T15:42:47.552+0000] {processor.py:183} INFO - Processing /home/airflow/.local/lib/python3.12/site-packages/airflow/example_dags/example_sensors.py took 0.081 seconds
[2024-05-03T15:43:18.125+0000] {processor.py:161} INFO - Started process (PID=845) to work on /home/airflow/.local/lib/python3.12/site-packages/airflow/example_dags/example_sensors.py
[2024-05-03T15:43:18.139+0000] {processor.py:830} INFO - Processing file /home/airflow/.local/lib/python3.12/site-packages/airflow/example_dags/example_sensors.py for tasks to queue
[2024-05-03T15:43:18.142+0000] {logging_mixin.py:188} INFO - [2024-05-03T15:43:18.142+0000] {dagbag.py:540} INFO - Filling up the DagBag from /home/airflow/.local/lib/python3.12/site-packages/airflow/example_dags/example_sensors.py
[2024-05-03T15:43:18.162+0000] {processor.py:840} INFO - DAG(s) 'example_sensors' retrieved from /home/airflow/.local/lib/python3.12/site-packages/airflow/example_dags/example_sensors.py
[2024-05-03T15:43:18.205+0000] {logging_mixin.py:188} INFO - [2024-05-03T15:43:18.205+0000] {dag.py:3096} INFO - Sync 1 DAGs
[2024-05-03T15:43:18.216+0000] {logging_mixin.py:188} INFO - [2024-05-03T15:43:18.216+0000] {dag.py:3954} INFO - Setting next_dagrun for example_sensors to None, run_after=None
[2024-05-03T15:43:18.236+0000] {processor.py:183} INFO - Processing /home/airflow/.local/lib/python3.12/site-packages/airflow/example_dags/example_sensors.py took 0.136 seconds
[2024-05-03T15:43:48.404+0000] {processor.py:161} INFO - Started process (PID=906) to work on /home/airflow/.local/lib/python3.12/site-packages/airflow/example_dags/example_sensors.py
[2024-05-03T15:43:48.405+0000] {processor.py:830} INFO - Processing file /home/airflow/.local/lib/python3.12/site-packages/airflow/example_dags/example_sensors.py for tasks to queue
[2024-05-03T15:43:48.406+0000] {logging_mixin.py:188} INFO - [2024-05-03T15:43:48.406+0000] {dagbag.py:540} INFO - Filling up the DagBag from /home/airflow/.local/lib/python3.12/site-packages/airflow/example_dags/example_sensors.py
[2024-05-03T15:43:48.415+0000] {processor.py:840} INFO - DAG(s) 'example_sensors' retrieved from /home/airflow/.local/lib/python3.12/site-packages/airflow/example_dags/example_sensors.py
[2024-05-03T15:43:48.436+0000] {logging_mixin.py:188} INFO - [2024-05-03T15:43:48.436+0000] {dag.py:3096} INFO - Sync 1 DAGs
[2024-05-03T15:43:48.447+0000] {logging_mixin.py:188} INFO - [2024-05-03T15:43:48.446+0000] {dag.py:3954} INFO - Setting next_dagrun for example_sensors to None, run_after=None
[2024-05-03T15:43:48.466+0000] {processor.py:183} INFO - Processing /home/airflow/.local/lib/python3.12/site-packages/airflow/example_dags/example_sensors.py took 0.067 seconds
[2024-05-03T15:44:18.649+0000] {processor.py:161} INFO - Started process (PID=967) to work on /home/airflow/.local/lib/python3.12/site-packages/airflow/example_dags/example_sensors.py
[2024-05-03T15:44:18.649+0000] {processor.py:830} INFO - Processing file /home/airflow/.local/lib/python3.12/site-packages/airflow/example_dags/example_sensors.py for tasks to queue
[2024-05-03T15:44:18.651+0000] {logging_mixin.py:188} INFO - [2024-05-03T15:44:18.651+0000] {dagbag.py:540} INFO - Filling up the DagBag from /home/airflow/.local/lib/python3.12/site-packages/airflow/example_dags/example_sensors.py
[2024-05-03T15:44:18.663+0000] {processor.py:840} INFO - DAG(s) 'example_sensors' retrieved from /home/airflow/.local/lib/python3.12/site-packages/airflow/example_dags/example_sensors.py
[2024-05-03T15:44:18.693+0000] {logging_mixin.py:188} INFO - [2024-05-03T15:44:18.693+0000] {dag.py:3096} INFO - Sync 1 DAGs
[2024-05-03T15:44:18.705+0000] {logging_mixin.py:188} INFO - [2024-05-03T15:44:18.705+0000] {dag.py:3954} INFO - Setting next_dagrun for example_sensors to None, run_after=None
[2024-05-03T15:44:18.725+0000] {processor.py:183} INFO - Processing /home/airflow/.local/lib/python3.12/site-packages/airflow/example_dags/example_sensors.py took 0.083 seconds
[2024-05-03T15:44:51.323+0000] {processor.py:161} INFO - Started process (PID=1035) to work on /home/airflow/.local/lib/python3.12/site-packages/airflow/example_dags/example_sensors.py
[2024-05-03T15:44:51.324+0000] {processor.py:830} INFO - Processing file /home/airflow/.local/lib/python3.12/site-packages/airflow/example_dags/example_sensors.py for tasks to queue
[2024-05-03T15:44:51.326+0000] {logging_mixin.py:188} INFO - [2024-05-03T15:44:51.326+0000] {dagbag.py:540} INFO - Filling up the DagBag from /home/airflow/.local/lib/python3.12/site-packages/airflow/example_dags/example_sensors.py
[2024-05-03T15:44:51.356+0000] {processor.py:840} INFO - DAG(s) 'example_sensors' retrieved from /home/airflow/.local/lib/python3.12/site-packages/airflow/example_dags/example_sensors.py
[2024-05-03T15:44:51.474+0000] {logging_mixin.py:188} INFO - [2024-05-03T15:44:51.474+0000] {dag.py:3096} INFO - Sync 1 DAGs
[2024-05-03T15:44:51.550+0000] {logging_mixin.py:188} INFO - [2024-05-03T15:44:51.550+0000] {dag.py:3954} INFO - Setting next_dagrun for example_sensors to None, run_after=None
[2024-05-03T15:44:51.665+0000] {processor.py:183} INFO - Processing /home/airflow/.local/lib/python3.12/site-packages/airflow/example_dags/example_sensors.py took 0.361 seconds
[2024-05-03T15:45:21.875+0000] {processor.py:161} INFO - Started process (PID=1096) to work on /home/airflow/.local/lib/python3.12/site-packages/airflow/example_dags/example_sensors.py
[2024-05-03T15:45:21.876+0000] {processor.py:830} INFO - Processing file /home/airflow/.local/lib/python3.12/site-packages/airflow/example_dags/example_sensors.py for tasks to queue
[2024-05-03T15:45:21.878+0000] {logging_mixin.py:188} INFO - [2024-05-03T15:45:21.878+0000] {dagbag.py:540} INFO - Filling up the DagBag from /home/airflow/.local/lib/python3.12/site-packages/airflow/example_dags/example_sensors.py
[2024-05-03T15:45:21.907+0000] {processor.py:840} INFO - DAG(s) 'example_sensors' retrieved from /home/airflow/.local/lib/python3.12/site-packages/airflow/example_dags/example_sensors.py
[2024-05-03T15:45:21.942+0000] {logging_mixin.py:188} INFO - [2024-05-03T15:45:21.942+0000] {dag.py:3096} INFO - Sync 1 DAGs
[2024-05-03T15:45:21.957+0000] {logging_mixin.py:188} INFO - [2024-05-03T15:45:21.957+0000] {dag.py:3954} INFO - Setting next_dagrun for example_sensors to None, run_after=None
[2024-05-03T15:45:21.986+0000] {processor.py:183} INFO - Processing /home/airflow/.local/lib/python3.12/site-packages/airflow/example_dags/example_sensors.py took 0.132 seconds
[2024-05-03T15:45:52.541+0000] {processor.py:161} INFO - Started process (PID=1157) to work on /home/airflow/.local/lib/python3.12/site-packages/airflow/example_dags/example_sensors.py
[2024-05-03T15:45:52.542+0000] {processor.py:830} INFO - Processing file /home/airflow/.local/lib/python3.12/site-packages/airflow/example_dags/example_sensors.py for tasks to queue
[2024-05-03T15:45:52.544+0000] {logging_mixin.py:188} INFO - [2024-05-03T15:45:52.543+0000] {dagbag.py:540} INFO - Filling up the DagBag from /home/airflow/.local/lib/python3.12/site-packages/airflow/example_dags/example_sensors.py
[2024-05-03T15:45:52.556+0000] {processor.py:840} INFO - DAG(s) 'example_sensors' retrieved from /home/airflow/.local/lib/python3.12/site-packages/airflow/example_dags/example_sensors.py
[2024-05-03T15:45:52.586+0000] {logging_mixin.py:188} INFO - [2024-05-03T15:45:52.585+0000] {dag.py:3096} INFO - Sync 1 DAGs
[2024-05-03T15:45:52.602+0000] {logging_mixin.py:188} INFO - [2024-05-03T15:45:52.602+0000] {dag.py:3954} INFO - Setting next_dagrun for example_sensors to None, run_after=None
[2024-05-03T15:45:52.627+0000] {processor.py:183} INFO - Processing /home/airflow/.local/lib/python3.12/site-packages/airflow/example_dags/example_sensors.py took 0.094 seconds
[2024-05-03T15:46:23.231+0000] {processor.py:161} INFO - Started process (PID=1218) to work on /home/airflow/.local/lib/python3.12/site-packages/airflow/example_dags/example_sensors.py
[2024-05-03T15:46:23.232+0000] {processor.py:830} INFO - Processing file /home/airflow/.local/lib/python3.12/site-packages/airflow/example_dags/example_sensors.py for tasks to queue
[2024-05-03T15:46:23.235+0000] {logging_mixin.py:188} INFO - [2024-05-03T15:46:23.234+0000] {dagbag.py:540} INFO - Filling up the DagBag from /home/airflow/.local/lib/python3.12/site-packages/airflow/example_dags/example_sensors.py
[2024-05-03T15:46:23.249+0000] {processor.py:840} INFO - DAG(s) 'example_sensors' retrieved from /home/airflow/.local/lib/python3.12/site-packages/airflow/example_dags/example_sensors.py
[2024-05-03T15:46:23.283+0000] {logging_mixin.py:188} INFO - [2024-05-03T15:46:23.282+0000] {dag.py:3096} INFO - Sync 1 DAGs
[2024-05-03T15:46:23.300+0000] {logging_mixin.py:188} INFO - [2024-05-03T15:46:23.300+0000] {dag.py:3954} INFO - Setting next_dagrun for example_sensors to None, run_after=None
[2024-05-03T15:46:23.330+0000] {processor.py:183} INFO - Processing /home/airflow/.local/lib/python3.12/site-packages/airflow/example_dags/example_sensors.py took 0.105 seconds
