[2024-05-03T15:36:37.769+0000] {processor.py:161} INFO - Started process (PID=76) to work on /home/airflow/.local/lib/python3.12/site-packages/airflow/example_dags/example_task_group_decorator.py
[2024-05-03T15:36:37.773+0000] {processor.py:830} INFO - Processing file /home/airflow/.local/lib/python3.12/site-packages/airflow/example_dags/example_task_group_decorator.py for tasks to queue
[2024-05-03T15:36:37.775+0000] {logging_mixin.py:188} INFO - [2024-05-03T15:36:37.775+0000] {dagbag.py:540} INFO - Filling up the DagBag from /home/airflow/.local/lib/python3.12/site-packages/airflow/example_dags/example_task_group_decorator.py
[2024-05-03T15:36:37.829+0000] {processor.py:840} INFO - DAG(s) 'example_task_group_decorator' retrieved from /home/airflow/.local/lib/python3.12/site-packages/airflow/example_dags/example_task_group_decorator.py
[2024-05-03T15:36:37.876+0000] {logging_mixin.py:188} INFO - [2024-05-03T15:36:37.875+0000] {dag.py:3096} INFO - Sync 1 DAGs
[2024-05-03T15:36:37.939+0000] {logging_mixin.py:188} INFO - [2024-05-03T15:36:37.939+0000] {dag.py:3954} INFO - Setting next_dagrun for example_task_group_decorator to 2024-05-02 00:00:00+00:00, run_after=2024-05-03 00:00:00+00:00
[2024-05-03T15:36:37.978+0000] {processor.py:183} INFO - Processing /home/airflow/.local/lib/python3.12/site-packages/airflow/example_dags/example_task_group_decorator.py took 0.221 seconds
[2024-05-03T15:37:11.238+0000] {processor.py:161} INFO - Started process (PID=137) to work on /home/airflow/.local/lib/python3.12/site-packages/airflow/example_dags/example_task_group_decorator.py
[2024-05-03T15:37:11.245+0000] {processor.py:830} INFO - Processing file /home/airflow/.local/lib/python3.12/site-packages/airflow/example_dags/example_task_group_decorator.py for tasks to queue
[2024-05-03T15:37:11.247+0000] {logging_mixin.py:188} INFO - [2024-05-03T15:37:11.247+0000] {dagbag.py:540} INFO - Filling up the DagBag from /home/airflow/.local/lib/python3.12/site-packages/airflow/example_dags/example_task_group_decorator.py
[2024-05-03T15:37:11.311+0000] {processor.py:840} INFO - DAG(s) 'example_task_group_decorator' retrieved from /home/airflow/.local/lib/python3.12/site-packages/airflow/example_dags/example_task_group_decorator.py
[2024-05-03T15:37:11.436+0000] {logging_mixin.py:188} INFO - [2024-05-03T15:37:11.435+0000] {dag.py:3096} INFO - Sync 1 DAGs
[2024-05-03T15:37:11.510+0000] {logging_mixin.py:188} INFO - [2024-05-03T15:37:11.510+0000] {dag.py:3954} INFO - Setting next_dagrun for example_task_group_decorator to 2024-05-02 00:00:00+00:00, run_after=2024-05-03 00:00:00+00:00
[2024-05-03T15:37:11.579+0000] {processor.py:183} INFO - Processing /home/airflow/.local/lib/python3.12/site-packages/airflow/example_dags/example_task_group_decorator.py took 0.356 seconds
[2024-05-03T15:37:46.369+0000] {processor.py:161} INFO - Started process (PID=198) to work on /home/airflow/.local/lib/python3.12/site-packages/airflow/example_dags/example_task_group_decorator.py
[2024-05-03T15:37:46.410+0000] {processor.py:830} INFO - Processing file /home/airflow/.local/lib/python3.12/site-packages/airflow/example_dags/example_task_group_decorator.py for tasks to queue
[2024-05-03T15:37:46.426+0000] {logging_mixin.py:188} INFO - [2024-05-03T15:37:46.421+0000] {dagbag.py:540} INFO - Filling up the DagBag from /home/airflow/.local/lib/python3.12/site-packages/airflow/example_dags/example_task_group_decorator.py
[2024-05-03T15:37:46.568+0000] {processor.py:840} INFO - DAG(s) 'example_task_group_decorator' retrieved from /home/airflow/.local/lib/python3.12/site-packages/airflow/example_dags/example_task_group_decorator.py
[2024-05-03T15:37:46.702+0000] {logging_mixin.py:188} INFO - [2024-05-03T15:37:46.701+0000] {dag.py:3096} INFO - Sync 1 DAGs
[2024-05-03T15:37:46.773+0000] {logging_mixin.py:188} INFO - [2024-05-03T15:37:46.773+0000] {dag.py:3954} INFO - Setting next_dagrun for example_task_group_decorator to 2024-05-02 00:00:00+00:00, run_after=2024-05-03 00:00:00+00:00
[2024-05-03T15:37:46.855+0000] {processor.py:183} INFO - Processing /home/airflow/.local/lib/python3.12/site-packages/airflow/example_dags/example_task_group_decorator.py took 0.543 seconds
[2024-05-03T15:38:17.390+0000] {processor.py:161} INFO - Started process (PID=258) to work on /home/airflow/.local/lib/python3.12/site-packages/airflow/example_dags/example_task_group_decorator.py
[2024-05-03T15:38:17.391+0000] {processor.py:830} INFO - Processing file /home/airflow/.local/lib/python3.12/site-packages/airflow/example_dags/example_task_group_decorator.py for tasks to queue
[2024-05-03T15:38:17.393+0000] {logging_mixin.py:188} INFO - [2024-05-03T15:38:17.393+0000] {dagbag.py:540} INFO - Filling up the DagBag from /home/airflow/.local/lib/python3.12/site-packages/airflow/example_dags/example_task_group_decorator.py
[2024-05-03T15:38:17.424+0000] {processor.py:840} INFO - DAG(s) 'example_task_group_decorator' retrieved from /home/airflow/.local/lib/python3.12/site-packages/airflow/example_dags/example_task_group_decorator.py
[2024-05-03T15:38:17.456+0000] {logging_mixin.py:188} INFO - [2024-05-03T15:38:17.456+0000] {dag.py:3096} INFO - Sync 1 DAGs
[2024-05-03T15:38:17.481+0000] {logging_mixin.py:188} INFO - [2024-05-03T15:38:17.481+0000] {dag.py:3954} INFO - Setting next_dagrun for example_task_group_decorator to 2024-05-02 00:00:00+00:00, run_after=2024-05-03 00:00:00+00:00
[2024-05-03T15:38:17.507+0000] {processor.py:183} INFO - Processing /home/airflow/.local/lib/python3.12/site-packages/airflow/example_dags/example_task_group_decorator.py took 0.123 seconds
[2024-05-03T15:38:48.206+0000] {processor.py:161} INFO - Started process (PID=319) to work on /home/airflow/.local/lib/python3.12/site-packages/airflow/example_dags/example_task_group_decorator.py
[2024-05-03T15:38:48.208+0000] {processor.py:830} INFO - Processing file /home/airflow/.local/lib/python3.12/site-packages/airflow/example_dags/example_task_group_decorator.py for tasks to queue
[2024-05-03T15:38:48.210+0000] {logging_mixin.py:188} INFO - [2024-05-03T15:38:48.209+0000] {dagbag.py:540} INFO - Filling up the DagBag from /home/airflow/.local/lib/python3.12/site-packages/airflow/example_dags/example_task_group_decorator.py
[2024-05-03T15:38:48.232+0000] {processor.py:840} INFO - DAG(s) 'example_task_group_decorator' retrieved from /home/airflow/.local/lib/python3.12/site-packages/airflow/example_dags/example_task_group_decorator.py
[2024-05-03T15:38:48.266+0000] {logging_mixin.py:188} INFO - [2024-05-03T15:38:48.264+0000] {dag.py:3096} INFO - Sync 1 DAGs
[2024-05-03T15:38:48.290+0000] {logging_mixin.py:188} INFO - [2024-05-03T15:38:48.290+0000] {dag.py:3954} INFO - Setting next_dagrun for example_task_group_decorator to 2024-05-02 00:00:00+00:00, run_after=2024-05-03 00:00:00+00:00
[2024-05-03T15:38:48.315+0000] {processor.py:183} INFO - Processing /home/airflow/.local/lib/python3.12/site-packages/airflow/example_dags/example_task_group_decorator.py took 0.115 seconds
[2024-05-03T15:39:18.854+0000] {processor.py:161} INFO - Started process (PID=381) to work on /home/airflow/.local/lib/python3.12/site-packages/airflow/example_dags/example_task_group_decorator.py
[2024-05-03T15:39:18.855+0000] {processor.py:830} INFO - Processing file /home/airflow/.local/lib/python3.12/site-packages/airflow/example_dags/example_task_group_decorator.py for tasks to queue
[2024-05-03T15:39:18.864+0000] {logging_mixin.py:188} INFO - [2024-05-03T15:39:18.858+0000] {dagbag.py:540} INFO - Filling up the DagBag from /home/airflow/.local/lib/python3.12/site-packages/airflow/example_dags/example_task_group_decorator.py
[2024-05-03T15:39:18.910+0000] {processor.py:840} INFO - DAG(s) 'example_task_group_decorator' retrieved from /home/airflow/.local/lib/python3.12/site-packages/airflow/example_dags/example_task_group_decorator.py
[2024-05-03T15:39:18.984+0000] {logging_mixin.py:188} INFO - [2024-05-03T15:39:18.984+0000] {dag.py:3096} INFO - Sync 1 DAGs
[2024-05-03T15:39:19.006+0000] {logging_mixin.py:188} INFO - [2024-05-03T15:39:19.006+0000] {dag.py:3954} INFO - Setting next_dagrun for example_task_group_decorator to 2024-05-02 00:00:00+00:00, run_after=2024-05-03 00:00:00+00:00
[2024-05-03T15:39:19.034+0000] {processor.py:183} INFO - Processing /home/airflow/.local/lib/python3.12/site-packages/airflow/example_dags/example_task_group_decorator.py took 0.188 seconds
[2024-05-03T15:39:49.362+0000] {processor.py:161} INFO - Started process (PID=448) to work on /home/airflow/.local/lib/python3.12/site-packages/airflow/example_dags/example_task_group_decorator.py
[2024-05-03T15:39:49.363+0000] {processor.py:830} INFO - Processing file /home/airflow/.local/lib/python3.12/site-packages/airflow/example_dags/example_task_group_decorator.py for tasks to queue
[2024-05-03T15:39:49.365+0000] {logging_mixin.py:188} INFO - [2024-05-03T15:39:49.365+0000] {dagbag.py:540} INFO - Filling up the DagBag from /home/airflow/.local/lib/python3.12/site-packages/airflow/example_dags/example_task_group_decorator.py
[2024-05-03T15:39:49.386+0000] {processor.py:840} INFO - DAG(s) 'example_task_group_decorator' retrieved from /home/airflow/.local/lib/python3.12/site-packages/airflow/example_dags/example_task_group_decorator.py
[2024-05-03T15:39:49.482+0000] {logging_mixin.py:188} INFO - [2024-05-03T15:39:49.482+0000] {dag.py:3096} INFO - Sync 1 DAGs
[2024-05-03T15:39:49.563+0000] {logging_mixin.py:188} INFO - [2024-05-03T15:39:49.562+0000] {dag.py:3954} INFO - Setting next_dagrun for example_task_group_decorator to 2024-05-02 00:00:00+00:00, run_after=2024-05-03 00:00:00+00:00
[2024-05-03T15:39:49.620+0000] {processor.py:183} INFO - Processing /home/airflow/.local/lib/python3.12/site-packages/airflow/example_dags/example_task_group_decorator.py took 0.265 seconds
[2024-05-03T15:40:19.697+0000] {processor.py:161} INFO - Started process (PID=510) to work on /home/airflow/.local/lib/python3.12/site-packages/airflow/example_dags/example_task_group_decorator.py
[2024-05-03T15:40:19.697+0000] {processor.py:830} INFO - Processing file /home/airflow/.local/lib/python3.12/site-packages/airflow/example_dags/example_task_group_decorator.py for tasks to queue
[2024-05-03T15:40:19.699+0000] {logging_mixin.py:188} INFO - [2024-05-03T15:40:19.699+0000] {dagbag.py:540} INFO - Filling up the DagBag from /home/airflow/.local/lib/python3.12/site-packages/airflow/example_dags/example_task_group_decorator.py
[2024-05-03T15:40:19.718+0000] {processor.py:840} INFO - DAG(s) 'example_task_group_decorator' retrieved from /home/airflow/.local/lib/python3.12/site-packages/airflow/example_dags/example_task_group_decorator.py
[2024-05-03T15:40:19.749+0000] {logging_mixin.py:188} INFO - [2024-05-03T15:40:19.748+0000] {dag.py:3096} INFO - Sync 1 DAGs
[2024-05-03T15:40:19.776+0000] {logging_mixin.py:188} INFO - [2024-05-03T15:40:19.776+0000] {dag.py:3954} INFO - Setting next_dagrun for example_task_group_decorator to 2024-05-02 00:00:00+00:00, run_after=2024-05-03 00:00:00+00:00
[2024-05-03T15:40:19.807+0000] {processor.py:183} INFO - Processing /home/airflow/.local/lib/python3.12/site-packages/airflow/example_dags/example_task_group_decorator.py took 0.116 seconds
[2024-05-03T15:40:50.282+0000] {processor.py:161} INFO - Started process (PID=571) to work on /home/airflow/.local/lib/python3.12/site-packages/airflow/example_dags/example_task_group_decorator.py
[2024-05-03T15:40:50.283+0000] {processor.py:830} INFO - Processing file /home/airflow/.local/lib/python3.12/site-packages/airflow/example_dags/example_task_group_decorator.py for tasks to queue
[2024-05-03T15:40:50.285+0000] {logging_mixin.py:188} INFO - [2024-05-03T15:40:50.285+0000] {dagbag.py:540} INFO - Filling up the DagBag from /home/airflow/.local/lib/python3.12/site-packages/airflow/example_dags/example_task_group_decorator.py
[2024-05-03T15:40:50.305+0000] {processor.py:840} INFO - DAG(s) 'example_task_group_decorator' retrieved from /home/airflow/.local/lib/python3.12/site-packages/airflow/example_dags/example_task_group_decorator.py
[2024-05-03T15:40:50.337+0000] {logging_mixin.py:188} INFO - [2024-05-03T15:40:50.337+0000] {dag.py:3096} INFO - Sync 1 DAGs
[2024-05-03T15:40:50.362+0000] {logging_mixin.py:188} INFO - [2024-05-03T15:40:50.362+0000] {dag.py:3954} INFO - Setting next_dagrun for example_task_group_decorator to 2024-05-02 00:00:00+00:00, run_after=2024-05-03 00:00:00+00:00
[2024-05-03T15:40:50.385+0000] {processor.py:183} INFO - Processing /home/airflow/.local/lib/python3.12/site-packages/airflow/example_dags/example_task_group_decorator.py took 0.110 seconds
[2024-05-03T15:41:20.759+0000] {processor.py:161} INFO - Started process (PID=632) to work on /home/airflow/.local/lib/python3.12/site-packages/airflow/example_dags/example_task_group_decorator.py
[2024-05-03T15:41:20.760+0000] {processor.py:830} INFO - Processing file /home/airflow/.local/lib/python3.12/site-packages/airflow/example_dags/example_task_group_decorator.py for tasks to queue
[2024-05-03T15:41:20.762+0000] {logging_mixin.py:188} INFO - [2024-05-03T15:41:20.761+0000] {dagbag.py:540} INFO - Filling up the DagBag from /home/airflow/.local/lib/python3.12/site-packages/airflow/example_dags/example_task_group_decorator.py
[2024-05-03T15:41:20.781+0000] {processor.py:840} INFO - DAG(s) 'example_task_group_decorator' retrieved from /home/airflow/.local/lib/python3.12/site-packages/airflow/example_dags/example_task_group_decorator.py
[2024-05-03T15:41:20.815+0000] {logging_mixin.py:188} INFO - [2024-05-03T15:41:20.813+0000] {dag.py:3096} INFO - Sync 1 DAGs
[2024-05-03T15:41:20.838+0000] {logging_mixin.py:188} INFO - [2024-05-03T15:41:20.838+0000] {dag.py:3954} INFO - Setting next_dagrun for example_task_group_decorator to 2024-05-02 00:00:00+00:00, run_after=2024-05-03 00:00:00+00:00
[2024-05-03T15:41:20.862+0000] {processor.py:183} INFO - Processing /home/airflow/.local/lib/python3.12/site-packages/airflow/example_dags/example_task_group_decorator.py took 0.109 seconds
[2024-05-03T15:41:53.366+0000] {processor.py:161} INFO - Started process (PID=693) to work on /home/airflow/.local/lib/python3.12/site-packages/airflow/example_dags/example_task_group_decorator.py
[2024-05-03T15:41:53.367+0000] {processor.py:830} INFO - Processing file /home/airflow/.local/lib/python3.12/site-packages/airflow/example_dags/example_task_group_decorator.py for tasks to queue
[2024-05-03T15:41:53.374+0000] {logging_mixin.py:188} INFO - [2024-05-03T15:41:53.374+0000] {dagbag.py:540} INFO - Filling up the DagBag from /home/airflow/.local/lib/python3.12/site-packages/airflow/example_dags/example_task_group_decorator.py
[2024-05-03T15:41:53.436+0000] {processor.py:840} INFO - DAG(s) 'example_task_group_decorator' retrieved from /home/airflow/.local/lib/python3.12/site-packages/airflow/example_dags/example_task_group_decorator.py
[2024-05-03T15:41:53.544+0000] {logging_mixin.py:188} INFO - [2024-05-03T15:41:53.543+0000] {dag.py:3096} INFO - Sync 1 DAGs
[2024-05-03T15:41:53.651+0000] {logging_mixin.py:188} INFO - [2024-05-03T15:41:53.650+0000] {dag.py:3954} INFO - Setting next_dagrun for example_task_group_decorator to 2024-05-02 00:00:00+00:00, run_after=2024-05-03 00:00:00+00:00
[2024-05-03T15:41:53.729+0000] {processor.py:183} INFO - Processing /home/airflow/.local/lib/python3.12/site-packages/airflow/example_dags/example_task_group_decorator.py took 0.384 seconds
[2024-05-03T15:42:23.914+0000] {processor.py:161} INFO - Started process (PID=755) to work on /home/airflow/.local/lib/python3.12/site-packages/airflow/example_dags/example_task_group_decorator.py
[2024-05-03T15:42:23.915+0000] {processor.py:830} INFO - Processing file /home/airflow/.local/lib/python3.12/site-packages/airflow/example_dags/example_task_group_decorator.py for tasks to queue
[2024-05-03T15:42:23.917+0000] {logging_mixin.py:188} INFO - [2024-05-03T15:42:23.917+0000] {dagbag.py:540} INFO - Filling up the DagBag from /home/airflow/.local/lib/python3.12/site-packages/airflow/example_dags/example_task_group_decorator.py
[2024-05-03T15:42:23.938+0000] {processor.py:840} INFO - DAG(s) 'example_task_group_decorator' retrieved from /home/airflow/.local/lib/python3.12/site-packages/airflow/example_dags/example_task_group_decorator.py
[2024-05-03T15:42:23.974+0000] {logging_mixin.py:188} INFO - [2024-05-03T15:42:23.973+0000] {dag.py:3096} INFO - Sync 1 DAGs
[2024-05-03T15:42:24.000+0000] {logging_mixin.py:188} INFO - [2024-05-03T15:42:24.000+0000] {dag.py:3954} INFO - Setting next_dagrun for example_task_group_decorator to 2024-05-02 00:00:00+00:00, run_after=2024-05-03 00:00:00+00:00
[2024-05-03T15:42:24.026+0000] {processor.py:183} INFO - Processing /home/airflow/.local/lib/python3.12/site-packages/airflow/example_dags/example_task_group_decorator.py took 0.118 seconds
[2024-05-03T15:42:54.273+0000] {processor.py:161} INFO - Started process (PID=816) to work on /home/airflow/.local/lib/python3.12/site-packages/airflow/example_dags/example_task_group_decorator.py
[2024-05-03T15:42:54.275+0000] {processor.py:830} INFO - Processing file /home/airflow/.local/lib/python3.12/site-packages/airflow/example_dags/example_task_group_decorator.py for tasks to queue
[2024-05-03T15:42:54.277+0000] {logging_mixin.py:188} INFO - [2024-05-03T15:42:54.277+0000] {dagbag.py:540} INFO - Filling up the DagBag from /home/airflow/.local/lib/python3.12/site-packages/airflow/example_dags/example_task_group_decorator.py
[2024-05-03T15:42:54.299+0000] {processor.py:840} INFO - DAG(s) 'example_task_group_decorator' retrieved from /home/airflow/.local/lib/python3.12/site-packages/airflow/example_dags/example_task_group_decorator.py
[2024-05-03T15:42:54.333+0000] {logging_mixin.py:188} INFO - [2024-05-03T15:42:54.332+0000] {dag.py:3096} INFO - Sync 1 DAGs
[2024-05-03T15:42:54.357+0000] {logging_mixin.py:188} INFO - [2024-05-03T15:42:54.357+0000] {dag.py:3954} INFO - Setting next_dagrun for example_task_group_decorator to 2024-05-02 00:00:00+00:00, run_after=2024-05-03 00:00:00+00:00
[2024-05-03T15:42:54.381+0000] {processor.py:183} INFO - Processing /home/airflow/.local/lib/python3.12/site-packages/airflow/example_dags/example_task_group_decorator.py took 0.115 seconds
[2024-05-03T15:43:25.026+0000] {processor.py:161} INFO - Started process (PID=877) to work on /home/airflow/.local/lib/python3.12/site-packages/airflow/example_dags/example_task_group_decorator.py
[2024-05-03T15:43:25.027+0000] {processor.py:830} INFO - Processing file /home/airflow/.local/lib/python3.12/site-packages/airflow/example_dags/example_task_group_decorator.py for tasks to queue
[2024-05-03T15:43:25.029+0000] {logging_mixin.py:188} INFO - [2024-05-03T15:43:25.028+0000] {dagbag.py:540} INFO - Filling up the DagBag from /home/airflow/.local/lib/python3.12/site-packages/airflow/example_dags/example_task_group_decorator.py
[2024-05-03T15:43:25.079+0000] {processor.py:840} INFO - DAG(s) 'example_task_group_decorator' retrieved from /home/airflow/.local/lib/python3.12/site-packages/airflow/example_dags/example_task_group_decorator.py
[2024-05-03T15:43:25.171+0000] {logging_mixin.py:188} INFO - [2024-05-03T15:43:25.169+0000] {dag.py:3096} INFO - Sync 1 DAGs
[2024-05-03T15:43:25.211+0000] {logging_mixin.py:188} INFO - [2024-05-03T15:43:25.211+0000] {dag.py:3954} INFO - Setting next_dagrun for example_task_group_decorator to 2024-05-02 00:00:00+00:00, run_after=2024-05-03 00:00:00+00:00
[2024-05-03T15:43:25.240+0000] {processor.py:183} INFO - Processing /home/airflow/.local/lib/python3.12/site-packages/airflow/example_dags/example_task_group_decorator.py took 0.221 seconds
[2024-05-03T15:43:55.311+0000] {processor.py:161} INFO - Started process (PID=938) to work on /home/airflow/.local/lib/python3.12/site-packages/airflow/example_dags/example_task_group_decorator.py
[2024-05-03T15:43:55.312+0000] {processor.py:830} INFO - Processing file /home/airflow/.local/lib/python3.12/site-packages/airflow/example_dags/example_task_group_decorator.py for tasks to queue
[2024-05-03T15:43:55.313+0000] {logging_mixin.py:188} INFO - [2024-05-03T15:43:55.313+0000] {dagbag.py:540} INFO - Filling up the DagBag from /home/airflow/.local/lib/python3.12/site-packages/airflow/example_dags/example_task_group_decorator.py
[2024-05-03T15:43:55.328+0000] {processor.py:840} INFO - DAG(s) 'example_task_group_decorator' retrieved from /home/airflow/.local/lib/python3.12/site-packages/airflow/example_dags/example_task_group_decorator.py
[2024-05-03T15:43:55.349+0000] {logging_mixin.py:188} INFO - [2024-05-03T15:43:55.348+0000] {dag.py:3096} INFO - Sync 1 DAGs
[2024-05-03T15:43:55.366+0000] {logging_mixin.py:188} INFO - [2024-05-03T15:43:55.366+0000] {dag.py:3954} INFO - Setting next_dagrun for example_task_group_decorator to 2024-05-02 00:00:00+00:00, run_after=2024-05-03 00:00:00+00:00
[2024-05-03T15:43:55.387+0000] {processor.py:183} INFO - Processing /home/airflow/.local/lib/python3.12/site-packages/airflow/example_dags/example_task_group_decorator.py took 0.082 seconds
[2024-05-03T15:44:25.471+0000] {processor.py:161} INFO - Started process (PID=1000) to work on /home/airflow/.local/lib/python3.12/site-packages/airflow/example_dags/example_task_group_decorator.py
[2024-05-03T15:44:25.472+0000] {processor.py:830} INFO - Processing file /home/airflow/.local/lib/python3.12/site-packages/airflow/example_dags/example_task_group_decorator.py for tasks to queue
[2024-05-03T15:44:25.474+0000] {logging_mixin.py:188} INFO - [2024-05-03T15:44:25.473+0000] {dagbag.py:540} INFO - Filling up the DagBag from /home/airflow/.local/lib/python3.12/site-packages/airflow/example_dags/example_task_group_decorator.py
[2024-05-03T15:44:25.492+0000] {processor.py:840} INFO - DAG(s) 'example_task_group_decorator' retrieved from /home/airflow/.local/lib/python3.12/site-packages/airflow/example_dags/example_task_group_decorator.py
[2024-05-03T15:44:25.525+0000] {logging_mixin.py:188} INFO - [2024-05-03T15:44:25.524+0000] {dag.py:3096} INFO - Sync 1 DAGs
[2024-05-03T15:44:25.552+0000] {logging_mixin.py:188} INFO - [2024-05-03T15:44:25.552+0000] {dag.py:3954} INFO - Setting next_dagrun for example_task_group_decorator to 2024-05-02 00:00:00+00:00, run_after=2024-05-03 00:00:00+00:00
[2024-05-03T15:44:25.576+0000] {processor.py:183} INFO - Processing /home/airflow/.local/lib/python3.12/site-packages/airflow/example_dags/example_task_group_decorator.py took 0.112 seconds
[2024-05-03T15:44:56.142+0000] {processor.py:161} INFO - Started process (PID=1062) to work on /home/airflow/.local/lib/python3.12/site-packages/airflow/example_dags/example_task_group_decorator.py
[2024-05-03T15:44:56.143+0000] {processor.py:830} INFO - Processing file /home/airflow/.local/lib/python3.12/site-packages/airflow/example_dags/example_task_group_decorator.py for tasks to queue
[2024-05-03T15:44:56.145+0000] {logging_mixin.py:188} INFO - [2024-05-03T15:44:56.145+0000] {dagbag.py:540} INFO - Filling up the DagBag from /home/airflow/.local/lib/python3.12/site-packages/airflow/example_dags/example_task_group_decorator.py
[2024-05-03T15:44:56.167+0000] {processor.py:840} INFO - DAG(s) 'example_task_group_decorator' retrieved from /home/airflow/.local/lib/python3.12/site-packages/airflow/example_dags/example_task_group_decorator.py
[2024-05-03T15:44:56.258+0000] {logging_mixin.py:188} INFO - [2024-05-03T15:44:56.257+0000] {dag.py:3096} INFO - Sync 1 DAGs
[2024-05-03T15:44:56.316+0000] {logging_mixin.py:188} INFO - [2024-05-03T15:44:56.316+0000] {dag.py:3954} INFO - Setting next_dagrun for example_task_group_decorator to 2024-05-02 00:00:00+00:00, run_after=2024-05-03 00:00:00+00:00
[2024-05-03T15:44:56.356+0000] {processor.py:183} INFO - Processing /home/airflow/.local/lib/python3.12/site-packages/airflow/example_dags/example_task_group_decorator.py took 0.223 seconds
[2024-05-03T15:45:27.227+0000] {processor.py:161} INFO - Started process (PID=1123) to work on /home/airflow/.local/lib/python3.12/site-packages/airflow/example_dags/example_task_group_decorator.py
[2024-05-03T15:45:27.231+0000] {processor.py:830} INFO - Processing file /home/airflow/.local/lib/python3.12/site-packages/airflow/example_dags/example_task_group_decorator.py for tasks to queue
[2024-05-03T15:45:27.240+0000] {logging_mixin.py:188} INFO - [2024-05-03T15:45:27.240+0000] {dagbag.py:540} INFO - Filling up the DagBag from /home/airflow/.local/lib/python3.12/site-packages/airflow/example_dags/example_task_group_decorator.py
[2024-05-03T15:45:27.278+0000] {processor.py:840} INFO - DAG(s) 'example_task_group_decorator' retrieved from /home/airflow/.local/lib/python3.12/site-packages/airflow/example_dags/example_task_group_decorator.py
[2024-05-03T15:45:27.322+0000] {logging_mixin.py:188} INFO - [2024-05-03T15:45:27.321+0000] {dag.py:3096} INFO - Sync 1 DAGs
[2024-05-03T15:45:27.354+0000] {logging_mixin.py:188} INFO - [2024-05-03T15:45:27.354+0000] {dag.py:3954} INFO - Setting next_dagrun for example_task_group_decorator to 2024-05-02 00:00:00+00:00, run_after=2024-05-03 00:00:00+00:00
[2024-05-03T15:45:27.389+0000] {processor.py:183} INFO - Processing /home/airflow/.local/lib/python3.12/site-packages/airflow/example_dags/example_task_group_decorator.py took 0.184 seconds
[2024-05-03T15:45:58.276+0000] {processor.py:161} INFO - Started process (PID=1184) to work on /home/airflow/.local/lib/python3.12/site-packages/airflow/example_dags/example_task_group_decorator.py
[2024-05-03T15:45:58.277+0000] {processor.py:830} INFO - Processing file /home/airflow/.local/lib/python3.12/site-packages/airflow/example_dags/example_task_group_decorator.py for tasks to queue
[2024-05-03T15:45:58.279+0000] {logging_mixin.py:188} INFO - [2024-05-03T15:45:58.279+0000] {dagbag.py:540} INFO - Filling up the DagBag from /home/airflow/.local/lib/python3.12/site-packages/airflow/example_dags/example_task_group_decorator.py
[2024-05-03T15:45:58.299+0000] {processor.py:840} INFO - DAG(s) 'example_task_group_decorator' retrieved from /home/airflow/.local/lib/python3.12/site-packages/airflow/example_dags/example_task_group_decorator.py
[2024-05-03T15:45:58.334+0000] {logging_mixin.py:188} INFO - [2024-05-03T15:45:58.333+0000] {dag.py:3096} INFO - Sync 1 DAGs
[2024-05-03T15:45:58.361+0000] {logging_mixin.py:188} INFO - [2024-05-03T15:45:58.360+0000] {dag.py:3954} INFO - Setting next_dagrun for example_task_group_decorator to 2024-05-02 00:00:00+00:00, run_after=2024-05-03 00:00:00+00:00
[2024-05-03T15:45:58.442+0000] {processor.py:183} INFO - Processing /home/airflow/.local/lib/python3.12/site-packages/airflow/example_dags/example_task_group_decorator.py took 0.172 seconds
[2024-05-03T15:46:29.381+0000] {processor.py:161} INFO - Started process (PID=1245) to work on /home/airflow/.local/lib/python3.12/site-packages/airflow/example_dags/example_task_group_decorator.py
[2024-05-03T15:46:29.382+0000] {processor.py:830} INFO - Processing file /home/airflow/.local/lib/python3.12/site-packages/airflow/example_dags/example_task_group_decorator.py for tasks to queue
[2024-05-03T15:46:29.385+0000] {logging_mixin.py:188} INFO - [2024-05-03T15:46:29.384+0000] {dagbag.py:540} INFO - Filling up the DagBag from /home/airflow/.local/lib/python3.12/site-packages/airflow/example_dags/example_task_group_decorator.py
[2024-05-03T15:46:29.403+0000] {processor.py:840} INFO - DAG(s) 'example_task_group_decorator' retrieved from /home/airflow/.local/lib/python3.12/site-packages/airflow/example_dags/example_task_group_decorator.py
[2024-05-03T15:46:29.506+0000] {logging_mixin.py:188} INFO - [2024-05-03T15:46:29.505+0000] {dag.py:3096} INFO - Sync 1 DAGs
[2024-05-03T15:46:29.556+0000] {logging_mixin.py:188} INFO - [2024-05-03T15:46:29.556+0000] {dag.py:3954} INFO - Setting next_dagrun for example_task_group_decorator to 2024-05-02 00:00:00+00:00, run_after=2024-05-03 00:00:00+00:00
[2024-05-03T15:46:29.611+0000] {processor.py:183} INFO - Processing /home/airflow/.local/lib/python3.12/site-packages/airflow/example_dags/example_task_group_decorator.py took 0.238 seconds
[2024-05-03T15:47:00.363+0000] {processor.py:161} INFO - Started process (PID=1307) to work on /home/airflow/.local/lib/python3.12/site-packages/airflow/example_dags/example_task_group_decorator.py
[2024-05-03T15:47:00.364+0000] {processor.py:830} INFO - Processing file /home/airflow/.local/lib/python3.12/site-packages/airflow/example_dags/example_task_group_decorator.py for tasks to queue
[2024-05-03T15:47:00.366+0000] {logging_mixin.py:188} INFO - [2024-05-03T15:47:00.366+0000] {dagbag.py:540} INFO - Filling up the DagBag from /home/airflow/.local/lib/python3.12/site-packages/airflow/example_dags/example_task_group_decorator.py
[2024-05-03T15:47:00.386+0000] {processor.py:840} INFO - DAG(s) 'example_task_group_decorator' retrieved from /home/airflow/.local/lib/python3.12/site-packages/airflow/example_dags/example_task_group_decorator.py
[2024-05-03T15:47:00.450+0000] {logging_mixin.py:188} INFO - [2024-05-03T15:47:00.449+0000] {dag.py:3096} INFO - Sync 1 DAGs
[2024-05-03T15:47:00.497+0000] {logging_mixin.py:188} INFO - [2024-05-03T15:47:00.497+0000] {dag.py:3954} INFO - Setting next_dagrun for example_task_group_decorator to 2024-05-02 00:00:00+00:00, run_after=2024-05-03 00:00:00+00:00
[2024-05-03T15:47:00.523+0000] {processor.py:183} INFO - Processing /home/airflow/.local/lib/python3.12/site-packages/airflow/example_dags/example_task_group_decorator.py took 0.166 seconds
[2024-05-03T15:47:30.798+0000] {processor.py:161} INFO - Started process (PID=1368) to work on /home/airflow/.local/lib/python3.12/site-packages/airflow/example_dags/example_task_group_decorator.py
[2024-05-03T15:47:30.799+0000] {processor.py:830} INFO - Processing file /home/airflow/.local/lib/python3.12/site-packages/airflow/example_dags/example_task_group_decorator.py for tasks to queue
[2024-05-03T15:47:30.801+0000] {logging_mixin.py:188} INFO - [2024-05-03T15:47:30.801+0000] {dagbag.py:540} INFO - Filling up the DagBag from /home/airflow/.local/lib/python3.12/site-packages/airflow/example_dags/example_task_group_decorator.py
[2024-05-03T15:47:30.823+0000] {processor.py:840} INFO - DAG(s) 'example_task_group_decorator' retrieved from /home/airflow/.local/lib/python3.12/site-packages/airflow/example_dags/example_task_group_decorator.py
[2024-05-03T15:47:30.855+0000] {logging_mixin.py:188} INFO - [2024-05-03T15:47:30.854+0000] {dag.py:3096} INFO - Sync 1 DAGs
[2024-05-03T15:47:30.879+0000] {logging_mixin.py:188} INFO - [2024-05-03T15:47:30.879+0000] {dag.py:3954} INFO - Setting next_dagrun for example_task_group_decorator to 2024-05-02 00:00:00+00:00, run_after=2024-05-03 00:00:00+00:00
[2024-05-03T15:47:30.906+0000] {processor.py:183} INFO - Processing /home/airflow/.local/lib/python3.12/site-packages/airflow/example_dags/example_task_group_decorator.py took 0.114 seconds
