[2024-05-03T15:36:28.672+0000] {processor.py:161} INFO - Started process (PID=36) to work on /home/airflow/.local/lib/python3.12/site-packages/airflow/example_dags/example_python_decorator.py
[2024-05-03T15:36:28.674+0000] {processor.py:830} INFO - Processing file /home/airflow/.local/lib/python3.12/site-packages/airflow/example_dags/example_python_decorator.py for tasks to queue
[2024-05-03T15:36:28.690+0000] {logging_mixin.py:188} INFO - [2024-05-03T15:36:28.681+0000] {dagbag.py:540} INFO - Filling up the DagBag from /home/airflow/.local/lib/python3.12/site-packages/airflow/example_dags/example_python_decorator.py
[2024-05-03T15:36:28.746+0000] {processor.py:840} INFO - DAG(s) 'example_python_decorator' retrieved from /home/airflow/.local/lib/python3.12/site-packages/airflow/example_dags/example_python_decorator.py
[2024-05-03T15:36:29.178+0000] {logging_mixin.py:188} INFO - [2024-05-03T15:36:29.177+0000] {dag.py:3096} INFO - Sync 1 DAGs
[2024-05-03T15:36:29.226+0000] {logging_mixin.py:188} INFO - [2024-05-03T15:36:29.225+0000] {dag.py:3954} INFO - Setting next_dagrun for example_python_decorator to None, run_after=None
[2024-05-03T15:36:29.282+0000] {processor.py:183} INFO - Processing /home/airflow/.local/lib/python3.12/site-packages/airflow/example_dags/example_python_decorator.py took 0.633 seconds
[2024-05-03T15:37:00.061+0000] {processor.py:161} INFO - Started process (PID=97) to work on /home/airflow/.local/lib/python3.12/site-packages/airflow/example_dags/example_python_decorator.py
[2024-05-03T15:37:00.066+0000] {processor.py:830} INFO - Processing file /home/airflow/.local/lib/python3.12/site-packages/airflow/example_dags/example_python_decorator.py for tasks to queue
[2024-05-03T15:37:00.068+0000] {logging_mixin.py:188} INFO - [2024-05-03T15:37:00.068+0000] {dagbag.py:540} INFO - Filling up the DagBag from /home/airflow/.local/lib/python3.12/site-packages/airflow/example_dags/example_python_decorator.py
[2024-05-03T15:37:00.114+0000] {processor.py:840} INFO - DAG(s) 'example_python_decorator' retrieved from /home/airflow/.local/lib/python3.12/site-packages/airflow/example_dags/example_python_decorator.py
[2024-05-03T15:37:00.174+0000] {logging_mixin.py:188} INFO - [2024-05-03T15:37:00.173+0000] {dag.py:3096} INFO - Sync 1 DAGs
[2024-05-03T15:37:00.226+0000] {logging_mixin.py:188} INFO - [2024-05-03T15:37:00.226+0000] {dag.py:3954} INFO - Setting next_dagrun for example_python_decorator to None, run_after=None
[2024-05-03T15:37:00.289+0000] {processor.py:183} INFO - Processing /home/airflow/.local/lib/python3.12/site-packages/airflow/example_dags/example_python_decorator.py took 0.262 seconds
[2024-05-03T15:37:35.492+0000] {processor.py:161} INFO - Started process (PID=158) to work on /home/airflow/.local/lib/python3.12/site-packages/airflow/example_dags/example_python_decorator.py
[2024-05-03T15:37:35.495+0000] {processor.py:830} INFO - Processing file /home/airflow/.local/lib/python3.12/site-packages/airflow/example_dags/example_python_decorator.py for tasks to queue
[2024-05-03T15:37:35.497+0000] {logging_mixin.py:188} INFO - [2024-05-03T15:37:35.497+0000] {dagbag.py:540} INFO - Filling up the DagBag from /home/airflow/.local/lib/python3.12/site-packages/airflow/example_dags/example_python_decorator.py
[2024-05-03T15:37:35.540+0000] {processor.py:840} INFO - DAG(s) 'example_python_decorator' retrieved from /home/airflow/.local/lib/python3.12/site-packages/airflow/example_dags/example_python_decorator.py
[2024-05-03T15:37:35.601+0000] {logging_mixin.py:188} INFO - [2024-05-03T15:37:35.600+0000] {dag.py:3096} INFO - Sync 1 DAGs
[2024-05-03T15:37:35.633+0000] {logging_mixin.py:188} INFO - [2024-05-03T15:37:35.633+0000] {dag.py:3954} INFO - Setting next_dagrun for example_python_decorator to None, run_after=None
[2024-05-03T15:37:35.682+0000] {processor.py:183} INFO - Processing /home/airflow/.local/lib/python3.12/site-packages/airflow/example_dags/example_python_decorator.py took 0.207 seconds
[2024-05-03T15:38:06.560+0000] {processor.py:161} INFO - Started process (PID=218) to work on /home/airflow/.local/lib/python3.12/site-packages/airflow/example_dags/example_python_decorator.py
[2024-05-03T15:38:06.562+0000] {processor.py:830} INFO - Processing file /home/airflow/.local/lib/python3.12/site-packages/airflow/example_dags/example_python_decorator.py for tasks to queue
[2024-05-03T15:38:06.568+0000] {logging_mixin.py:188} INFO - [2024-05-03T15:38:06.568+0000] {dagbag.py:540} INFO - Filling up the DagBag from /home/airflow/.local/lib/python3.12/site-packages/airflow/example_dags/example_python_decorator.py
[2024-05-03T15:38:06.655+0000] {processor.py:840} INFO - DAG(s) 'example_python_decorator' retrieved from /home/airflow/.local/lib/python3.12/site-packages/airflow/example_dags/example_python_decorator.py
[2024-05-03T15:38:06.759+0000] {logging_mixin.py:188} INFO - [2024-05-03T15:38:06.758+0000] {dag.py:3096} INFO - Sync 1 DAGs
[2024-05-03T15:38:06.800+0000] {logging_mixin.py:188} INFO - [2024-05-03T15:38:06.799+0000] {dag.py:3954} INFO - Setting next_dagrun for example_python_decorator to None, run_after=None
[2024-05-03T15:38:06.877+0000] {processor.py:183} INFO - Processing /home/airflow/.local/lib/python3.12/site-packages/airflow/example_dags/example_python_decorator.py took 0.345 seconds
[2024-05-03T15:38:37.035+0000] {processor.py:161} INFO - Started process (PID=279) to work on /home/airflow/.local/lib/python3.12/site-packages/airflow/example_dags/example_python_decorator.py
[2024-05-03T15:38:37.036+0000] {processor.py:830} INFO - Processing file /home/airflow/.local/lib/python3.12/site-packages/airflow/example_dags/example_python_decorator.py for tasks to queue
[2024-05-03T15:38:37.038+0000] {logging_mixin.py:188} INFO - [2024-05-03T15:38:37.038+0000] {dagbag.py:540} INFO - Filling up the DagBag from /home/airflow/.local/lib/python3.12/site-packages/airflow/example_dags/example_python_decorator.py
[2024-05-03T15:38:37.059+0000] {processor.py:840} INFO - DAG(s) 'example_python_decorator' retrieved from /home/airflow/.local/lib/python3.12/site-packages/airflow/example_dags/example_python_decorator.py
[2024-05-03T15:38:37.100+0000] {logging_mixin.py:188} INFO - [2024-05-03T15:38:37.099+0000] {dag.py:3096} INFO - Sync 1 DAGs
[2024-05-03T15:38:37.115+0000] {logging_mixin.py:188} INFO - [2024-05-03T15:38:37.115+0000] {dag.py:3954} INFO - Setting next_dagrun for example_python_decorator to None, run_after=None
[2024-05-03T15:38:37.146+0000] {processor.py:183} INFO - Processing /home/airflow/.local/lib/python3.12/site-packages/airflow/example_dags/example_python_decorator.py took 0.125 seconds
[2024-05-03T15:39:07.293+0000] {processor.py:161} INFO - Started process (PID=341) to work on /home/airflow/.local/lib/python3.12/site-packages/airflow/example_dags/example_python_decorator.py
[2024-05-03T15:39:07.294+0000] {processor.py:830} INFO - Processing file /home/airflow/.local/lib/python3.12/site-packages/airflow/example_dags/example_python_decorator.py for tasks to queue
[2024-05-03T15:39:07.297+0000] {logging_mixin.py:188} INFO - [2024-05-03T15:39:07.296+0000] {dagbag.py:540} INFO - Filling up the DagBag from /home/airflow/.local/lib/python3.12/site-packages/airflow/example_dags/example_python_decorator.py
[2024-05-03T15:39:07.313+0000] {processor.py:840} INFO - DAG(s) 'example_python_decorator' retrieved from /home/airflow/.local/lib/python3.12/site-packages/airflow/example_dags/example_python_decorator.py
[2024-05-03T15:39:07.349+0000] {logging_mixin.py:188} INFO - [2024-05-03T15:39:07.348+0000] {dag.py:3096} INFO - Sync 1 DAGs
[2024-05-03T15:39:07.367+0000] {logging_mixin.py:188} INFO - [2024-05-03T15:39:07.366+0000] {dag.py:3954} INFO - Setting next_dagrun for example_python_decorator to None, run_after=None
[2024-05-03T15:39:07.391+0000] {processor.py:183} INFO - Processing /home/airflow/.local/lib/python3.12/site-packages/airflow/example_dags/example_python_decorator.py took 0.105 seconds
[2024-05-03T15:39:38.153+0000] {processor.py:161} INFO - Started process (PID=402) to work on /home/airflow/.local/lib/python3.12/site-packages/airflow/example_dags/example_python_decorator.py
[2024-05-03T15:39:38.163+0000] {processor.py:830} INFO - Processing file /home/airflow/.local/lib/python3.12/site-packages/airflow/example_dags/example_python_decorator.py for tasks to queue
[2024-05-03T15:39:38.170+0000] {logging_mixin.py:188} INFO - [2024-05-03T15:39:38.170+0000] {dagbag.py:540} INFO - Filling up the DagBag from /home/airflow/.local/lib/python3.12/site-packages/airflow/example_dags/example_python_decorator.py
[2024-05-03T15:39:38.220+0000] {processor.py:840} INFO - DAG(s) 'example_python_decorator' retrieved from /home/airflow/.local/lib/python3.12/site-packages/airflow/example_dags/example_python_decorator.py
[2024-05-03T15:39:38.248+0000] {logging_mixin.py:188} INFO - [2024-05-03T15:39:38.247+0000] {dag.py:3096} INFO - Sync 1 DAGs
[2024-05-03T15:39:38.265+0000] {logging_mixin.py:188} INFO - [2024-05-03T15:39:38.265+0000] {dag.py:3954} INFO - Setting next_dagrun for example_python_decorator to None, run_after=None
[2024-05-03T15:39:38.317+0000] {processor.py:183} INFO - Processing /home/airflow/.local/lib/python3.12/site-packages/airflow/example_dags/example_python_decorator.py took 0.171 seconds
[2024-05-03T15:40:08.832+0000] {processor.py:161} INFO - Started process (PID=463) to work on /home/airflow/.local/lib/python3.12/site-packages/airflow/example_dags/example_python_decorator.py
[2024-05-03T15:40:08.833+0000] {processor.py:830} INFO - Processing file /home/airflow/.local/lib/python3.12/site-packages/airflow/example_dags/example_python_decorator.py for tasks to queue
[2024-05-03T15:40:08.836+0000] {logging_mixin.py:188} INFO - [2024-05-03T15:40:08.835+0000] {dagbag.py:540} INFO - Filling up the DagBag from /home/airflow/.local/lib/python3.12/site-packages/airflow/example_dags/example_python_decorator.py
[2024-05-03T15:40:08.851+0000] {processor.py:840} INFO - DAG(s) 'example_python_decorator' retrieved from /home/airflow/.local/lib/python3.12/site-packages/airflow/example_dags/example_python_decorator.py
[2024-05-03T15:40:08.877+0000] {logging_mixin.py:188} INFO - [2024-05-03T15:40:08.877+0000] {dag.py:3096} INFO - Sync 1 DAGs
[2024-05-03T15:40:08.894+0000] {logging_mixin.py:188} INFO - [2024-05-03T15:40:08.894+0000] {dag.py:3954} INFO - Setting next_dagrun for example_python_decorator to None, run_after=None
[2024-05-03T15:40:08.928+0000] {processor.py:183} INFO - Processing /home/airflow/.local/lib/python3.12/site-packages/airflow/example_dags/example_python_decorator.py took 0.104 seconds
[2024-05-03T15:40:39.124+0000] {processor.py:161} INFO - Started process (PID=525) to work on /home/airflow/.local/lib/python3.12/site-packages/airflow/example_dags/example_python_decorator.py
[2024-05-03T15:40:39.133+0000] {processor.py:830} INFO - Processing file /home/airflow/.local/lib/python3.12/site-packages/airflow/example_dags/example_python_decorator.py for tasks to queue
[2024-05-03T15:40:39.138+0000] {logging_mixin.py:188} INFO - [2024-05-03T15:40:39.135+0000] {dagbag.py:540} INFO - Filling up the DagBag from /home/airflow/.local/lib/python3.12/site-packages/airflow/example_dags/example_python_decorator.py
[2024-05-03T15:40:39.192+0000] {processor.py:840} INFO - DAG(s) 'example_python_decorator' retrieved from /home/airflow/.local/lib/python3.12/site-packages/airflow/example_dags/example_python_decorator.py
[2024-05-03T15:40:39.282+0000] {logging_mixin.py:188} INFO - [2024-05-03T15:40:39.282+0000] {dag.py:3096} INFO - Sync 1 DAGs
[2024-05-03T15:40:39.322+0000] {logging_mixin.py:188} INFO - [2024-05-03T15:40:39.322+0000] {dag.py:3954} INFO - Setting next_dagrun for example_python_decorator to None, run_after=None
[2024-05-03T15:40:39.387+0000] {processor.py:183} INFO - Processing /home/airflow/.local/lib/python3.12/site-packages/airflow/example_dags/example_python_decorator.py took 0.290 seconds
[2024-05-03T15:41:10.020+0000] {processor.py:161} INFO - Started process (PID=586) to work on /home/airflow/.local/lib/python3.12/site-packages/airflow/example_dags/example_python_decorator.py
[2024-05-03T15:41:10.021+0000] {processor.py:830} INFO - Processing file /home/airflow/.local/lib/python3.12/site-packages/airflow/example_dags/example_python_decorator.py for tasks to queue
[2024-05-03T15:41:10.030+0000] {logging_mixin.py:188} INFO - [2024-05-03T15:41:10.029+0000] {dagbag.py:540} INFO - Filling up the DagBag from /home/airflow/.local/lib/python3.12/site-packages/airflow/example_dags/example_python_decorator.py
[2024-05-03T15:41:10.049+0000] {processor.py:840} INFO - DAG(s) 'example_python_decorator' retrieved from /home/airflow/.local/lib/python3.12/site-packages/airflow/example_dags/example_python_decorator.py
[2024-05-03T15:41:10.078+0000] {logging_mixin.py:188} INFO - [2024-05-03T15:41:10.077+0000] {dag.py:3096} INFO - Sync 1 DAGs
[2024-05-03T15:41:10.093+0000] {logging_mixin.py:188} INFO - [2024-05-03T15:41:10.093+0000] {dag.py:3954} INFO - Setting next_dagrun for example_python_decorator to None, run_after=None
[2024-05-03T15:41:10.118+0000] {processor.py:183} INFO - Processing /home/airflow/.local/lib/python3.12/site-packages/airflow/example_dags/example_python_decorator.py took 0.117 seconds
[2024-05-03T15:41:40.836+0000] {processor.py:161} INFO - Started process (PID=647) to work on /home/airflow/.local/lib/python3.12/site-packages/airflow/example_dags/example_python_decorator.py
[2024-05-03T15:41:40.837+0000] {processor.py:830} INFO - Processing file /home/airflow/.local/lib/python3.12/site-packages/airflow/example_dags/example_python_decorator.py for tasks to queue
[2024-05-03T15:41:40.839+0000] {logging_mixin.py:188} INFO - [2024-05-03T15:41:40.839+0000] {dagbag.py:540} INFO - Filling up the DagBag from /home/airflow/.local/lib/python3.12/site-packages/airflow/example_dags/example_python_decorator.py
[2024-05-03T15:41:40.856+0000] {processor.py:840} INFO - DAG(s) 'example_python_decorator' retrieved from /home/airflow/.local/lib/python3.12/site-packages/airflow/example_dags/example_python_decorator.py
[2024-05-03T15:41:40.916+0000] {logging_mixin.py:188} INFO - [2024-05-03T15:41:40.916+0000] {dag.py:3096} INFO - Sync 1 DAGs
[2024-05-03T15:41:40.932+0000] {logging_mixin.py:188} INFO - [2024-05-03T15:41:40.931+0000] {dag.py:3954} INFO - Setting next_dagrun for example_python_decorator to None, run_after=None
[2024-05-03T15:41:40.965+0000] {processor.py:183} INFO - Processing /home/airflow/.local/lib/python3.12/site-packages/airflow/example_dags/example_python_decorator.py took 0.135 seconds
[2024-05-03T15:42:11.032+0000] {processor.py:161} INFO - Started process (PID=708) to work on /home/airflow/.local/lib/python3.12/site-packages/airflow/example_dags/example_python_decorator.py
[2024-05-03T15:42:11.034+0000] {processor.py:830} INFO - Processing file /home/airflow/.local/lib/python3.12/site-packages/airflow/example_dags/example_python_decorator.py for tasks to queue
[2024-05-03T15:42:11.036+0000] {logging_mixin.py:188} INFO - [2024-05-03T15:42:11.035+0000] {dagbag.py:540} INFO - Filling up the DagBag from /home/airflow/.local/lib/python3.12/site-packages/airflow/example_dags/example_python_decorator.py
[2024-05-03T15:42:11.050+0000] {processor.py:840} INFO - DAG(s) 'example_python_decorator' retrieved from /home/airflow/.local/lib/python3.12/site-packages/airflow/example_dags/example_python_decorator.py
[2024-05-03T15:42:11.068+0000] {logging_mixin.py:188} INFO - [2024-05-03T15:42:11.068+0000] {dag.py:3096} INFO - Sync 1 DAGs
[2024-05-03T15:42:11.079+0000] {logging_mixin.py:188} INFO - [2024-05-03T15:42:11.079+0000] {dag.py:3954} INFO - Setting next_dagrun for example_python_decorator to None, run_after=None
[2024-05-03T15:42:11.100+0000] {processor.py:183} INFO - Processing /home/airflow/.local/lib/python3.12/site-packages/airflow/example_dags/example_python_decorator.py took 0.075 seconds
[2024-05-03T15:42:41.280+0000] {processor.py:161} INFO - Started process (PID=770) to work on /home/airflow/.local/lib/python3.12/site-packages/airflow/example_dags/example_python_decorator.py
[2024-05-03T15:42:41.282+0000] {processor.py:830} INFO - Processing file /home/airflow/.local/lib/python3.12/site-packages/airflow/example_dags/example_python_decorator.py for tasks to queue
[2024-05-03T15:42:41.284+0000] {logging_mixin.py:188} INFO - [2024-05-03T15:42:41.284+0000] {dagbag.py:540} INFO - Filling up the DagBag from /home/airflow/.local/lib/python3.12/site-packages/airflow/example_dags/example_python_decorator.py
[2024-05-03T15:42:41.300+0000] {processor.py:840} INFO - DAG(s) 'example_python_decorator' retrieved from /home/airflow/.local/lib/python3.12/site-packages/airflow/example_dags/example_python_decorator.py
[2024-05-03T15:42:41.321+0000] {logging_mixin.py:188} INFO - [2024-05-03T15:42:41.321+0000] {dag.py:3096} INFO - Sync 1 DAGs
[2024-05-03T15:42:41.332+0000] {logging_mixin.py:188} INFO - [2024-05-03T15:42:41.332+0000] {dag.py:3954} INFO - Setting next_dagrun for example_python_decorator to None, run_after=None
[2024-05-03T15:42:41.357+0000] {processor.py:183} INFO - Processing /home/airflow/.local/lib/python3.12/site-packages/airflow/example_dags/example_python_decorator.py took 0.083 seconds
[2024-05-03T15:43:12.071+0000] {processor.py:161} INFO - Started process (PID=831) to work on /home/airflow/.local/lib/python3.12/site-packages/airflow/example_dags/example_python_decorator.py
[2024-05-03T15:43:12.072+0000] {processor.py:830} INFO - Processing file /home/airflow/.local/lib/python3.12/site-packages/airflow/example_dags/example_python_decorator.py for tasks to queue
[2024-05-03T15:43:12.074+0000] {logging_mixin.py:188} INFO - [2024-05-03T15:43:12.074+0000] {dagbag.py:540} INFO - Filling up the DagBag from /home/airflow/.local/lib/python3.12/site-packages/airflow/example_dags/example_python_decorator.py
[2024-05-03T15:43:12.090+0000] {processor.py:840} INFO - DAG(s) 'example_python_decorator' retrieved from /home/airflow/.local/lib/python3.12/site-packages/airflow/example_dags/example_python_decorator.py
[2024-05-03T15:43:12.121+0000] {logging_mixin.py:188} INFO - [2024-05-03T15:43:12.120+0000] {dag.py:3096} INFO - Sync 1 DAGs
[2024-05-03T15:43:12.136+0000] {logging_mixin.py:188} INFO - [2024-05-03T15:43:12.136+0000] {dag.py:3954} INFO - Setting next_dagrun for example_python_decorator to None, run_after=None
[2024-05-03T15:43:12.162+0000] {processor.py:183} INFO - Processing /home/airflow/.local/lib/python3.12/site-packages/airflow/example_dags/example_python_decorator.py took 0.098 seconds
[2024-05-03T15:43:42.312+0000] {processor.py:161} INFO - Started process (PID=892) to work on /home/airflow/.local/lib/python3.12/site-packages/airflow/example_dags/example_python_decorator.py
[2024-05-03T15:43:42.313+0000] {processor.py:830} INFO - Processing file /home/airflow/.local/lib/python3.12/site-packages/airflow/example_dags/example_python_decorator.py for tasks to queue
[2024-05-03T15:43:42.316+0000] {logging_mixin.py:188} INFO - [2024-05-03T15:43:42.316+0000] {dagbag.py:540} INFO - Filling up the DagBag from /home/airflow/.local/lib/python3.12/site-packages/airflow/example_dags/example_python_decorator.py
[2024-05-03T15:43:42.331+0000] {processor.py:840} INFO - DAG(s) 'example_python_decorator' retrieved from /home/airflow/.local/lib/python3.12/site-packages/airflow/example_dags/example_python_decorator.py
[2024-05-03T15:43:42.351+0000] {logging_mixin.py:188} INFO - [2024-05-03T15:43:42.350+0000] {dag.py:3096} INFO - Sync 1 DAGs
[2024-05-03T15:43:42.361+0000] {logging_mixin.py:188} INFO - [2024-05-03T15:43:42.361+0000] {dag.py:3954} INFO - Setting next_dagrun for example_python_decorator to None, run_after=None
[2024-05-03T15:43:42.382+0000] {processor.py:183} INFO - Processing /home/airflow/.local/lib/python3.12/site-packages/airflow/example_dags/example_python_decorator.py took 0.076 seconds
[2024-05-03T15:44:13.353+0000] {processor.py:161} INFO - Started process (PID=953) to work on /home/airflow/.local/lib/python3.12/site-packages/airflow/example_dags/example_python_decorator.py
[2024-05-03T15:44:13.359+0000] {processor.py:830} INFO - Processing file /home/airflow/.local/lib/python3.12/site-packages/airflow/example_dags/example_python_decorator.py for tasks to queue
[2024-05-03T15:44:13.361+0000] {logging_mixin.py:188} INFO - [2024-05-03T15:44:13.361+0000] {dagbag.py:540} INFO - Filling up the DagBag from /home/airflow/.local/lib/python3.12/site-packages/airflow/example_dags/example_python_decorator.py
[2024-05-03T15:44:13.388+0000] {processor.py:840} INFO - DAG(s) 'example_python_decorator' retrieved from /home/airflow/.local/lib/python3.12/site-packages/airflow/example_dags/example_python_decorator.py
[2024-05-03T15:44:13.426+0000] {logging_mixin.py:188} INFO - [2024-05-03T15:44:13.425+0000] {dag.py:3096} INFO - Sync 1 DAGs
[2024-05-03T15:44:13.441+0000] {logging_mixin.py:188} INFO - [2024-05-03T15:44:13.441+0000] {dag.py:3954} INFO - Setting next_dagrun for example_python_decorator to None, run_after=None
[2024-05-03T15:44:13.478+0000] {processor.py:183} INFO - Processing /home/airflow/.local/lib/python3.12/site-packages/airflow/example_dags/example_python_decorator.py took 0.149 seconds
[2024-05-03T15:44:43.687+0000] {processor.py:161} INFO - Started process (PID=1015) to work on /home/airflow/.local/lib/python3.12/site-packages/airflow/example_dags/example_python_decorator.py
[2024-05-03T15:44:43.698+0000] {processor.py:830} INFO - Processing file /home/airflow/.local/lib/python3.12/site-packages/airflow/example_dags/example_python_decorator.py for tasks to queue
[2024-05-03T15:44:43.700+0000] {logging_mixin.py:188} INFO - [2024-05-03T15:44:43.699+0000] {dagbag.py:540} INFO - Filling up the DagBag from /home/airflow/.local/lib/python3.12/site-packages/airflow/example_dags/example_python_decorator.py
[2024-05-03T15:44:43.715+0000] {processor.py:840} INFO - DAG(s) 'example_python_decorator' retrieved from /home/airflow/.local/lib/python3.12/site-packages/airflow/example_dags/example_python_decorator.py
[2024-05-03T15:44:43.748+0000] {logging_mixin.py:188} INFO - [2024-05-03T15:44:43.748+0000] {dag.py:3096} INFO - Sync 1 DAGs
[2024-05-03T15:44:43.771+0000] {logging_mixin.py:188} INFO - [2024-05-03T15:44:43.771+0000] {dag.py:3954} INFO - Setting next_dagrun for example_python_decorator to None, run_after=None
[2024-05-03T15:44:43.805+0000] {processor.py:183} INFO - Processing /home/airflow/.local/lib/python3.12/site-packages/airflow/example_dags/example_python_decorator.py took 0.134 seconds
[2024-05-03T15:45:14.095+0000] {processor.py:161} INFO - Started process (PID=1076) to work on /home/airflow/.local/lib/python3.12/site-packages/airflow/example_dags/example_python_decorator.py
[2024-05-03T15:45:14.096+0000] {processor.py:830} INFO - Processing file /home/airflow/.local/lib/python3.12/site-packages/airflow/example_dags/example_python_decorator.py for tasks to queue
[2024-05-03T15:45:14.097+0000] {logging_mixin.py:188} INFO - [2024-05-03T15:45:14.097+0000] {dagbag.py:540} INFO - Filling up the DagBag from /home/airflow/.local/lib/python3.12/site-packages/airflow/example_dags/example_python_decorator.py
[2024-05-03T15:45:14.114+0000] {processor.py:840} INFO - DAG(s) 'example_python_decorator' retrieved from /home/airflow/.local/lib/python3.12/site-packages/airflow/example_dags/example_python_decorator.py
[2024-05-03T15:45:14.147+0000] {logging_mixin.py:188} INFO - [2024-05-03T15:45:14.147+0000] {dag.py:3096} INFO - Sync 1 DAGs
[2024-05-03T15:45:14.166+0000] {logging_mixin.py:188} INFO - [2024-05-03T15:45:14.166+0000] {dag.py:3954} INFO - Setting next_dagrun for example_python_decorator to None, run_after=None
[2024-05-03T15:45:14.232+0000] {processor.py:183} INFO - Processing /home/airflow/.local/lib/python3.12/site-packages/airflow/example_dags/example_python_decorator.py took 0.144 seconds
[2024-05-03T15:45:44.429+0000] {processor.py:161} INFO - Started process (PID=1137) to work on /home/airflow/.local/lib/python3.12/site-packages/airflow/example_dags/example_python_decorator.py
[2024-05-03T15:45:44.430+0000] {processor.py:830} INFO - Processing file /home/airflow/.local/lib/python3.12/site-packages/airflow/example_dags/example_python_decorator.py for tasks to queue
[2024-05-03T15:45:44.432+0000] {logging_mixin.py:188} INFO - [2024-05-03T15:45:44.432+0000] {dagbag.py:540} INFO - Filling up the DagBag from /home/airflow/.local/lib/python3.12/site-packages/airflow/example_dags/example_python_decorator.py
[2024-05-03T15:45:44.449+0000] {processor.py:840} INFO - DAG(s) 'example_python_decorator' retrieved from /home/airflow/.local/lib/python3.12/site-packages/airflow/example_dags/example_python_decorator.py
[2024-05-03T15:45:44.479+0000] {logging_mixin.py:188} INFO - [2024-05-03T15:45:44.479+0000] {dag.py:3096} INFO - Sync 1 DAGs
[2024-05-03T15:45:44.492+0000] {logging_mixin.py:188} INFO - [2024-05-03T15:45:44.491+0000] {dag.py:3954} INFO - Setting next_dagrun for example_python_decorator to None, run_after=None
[2024-05-03T15:45:44.517+0000] {processor.py:183} INFO - Processing /home/airflow/.local/lib/python3.12/site-packages/airflow/example_dags/example_python_decorator.py took 0.095 seconds
