[2024-05-03T15:36:35.165+0000] {processor.py:161} INFO - Started process (PID=61) to work on /home/airflow/.local/lib/python3.12/site-packages/airflow/example_dags/example_latest_only_with_trigger.py
[2024-05-03T15:36:35.165+0000] {processor.py:830} INFO - Processing file /home/airflow/.local/lib/python3.12/site-packages/airflow/example_dags/example_latest_only_with_trigger.py for tasks to queue
[2024-05-03T15:36:35.167+0000] {logging_mixin.py:188} INFO - [2024-05-03T15:36:35.166+0000] {dagbag.py:540} INFO - Filling up the DagBag from /home/airflow/.local/lib/python3.12/site-packages/airflow/example_dags/example_latest_only_with_trigger.py
[2024-05-03T15:36:35.188+0000] {processor.py:840} INFO - DAG(s) 'latest_only_with_trigger' retrieved from /home/airflow/.local/lib/python3.12/site-packages/airflow/example_dags/example_latest_only_with_trigger.py
[2024-05-03T15:36:35.225+0000] {logging_mixin.py:188} INFO - [2024-05-03T15:36:35.225+0000] {dag.py:3096} INFO - Sync 1 DAGs
[2024-05-03T15:36:35.255+0000] {logging_mixin.py:188} INFO - [2024-05-03T15:36:35.255+0000] {dag.py:3954} INFO - Setting next_dagrun for latest_only_with_trigger to 2024-05-03 08:00:00+00:00, run_after=2024-05-03 12:00:00+00:00
[2024-05-03T15:36:35.279+0000] {processor.py:183} INFO - Processing /home/airflow/.local/lib/python3.12/site-packages/airflow/example_dags/example_latest_only_with_trigger.py took 0.123 seconds
[2024-05-03T15:37:07.057+0000] {processor.py:161} INFO - Started process (PID=122) to work on /home/airflow/.local/lib/python3.12/site-packages/airflow/example_dags/example_latest_only_with_trigger.py
[2024-05-03T15:37:07.057+0000] {processor.py:830} INFO - Processing file /home/airflow/.local/lib/python3.12/site-packages/airflow/example_dags/example_latest_only_with_trigger.py for tasks to queue
[2024-05-03T15:37:07.059+0000] {logging_mixin.py:188} INFO - [2024-05-03T15:37:07.059+0000] {dagbag.py:540} INFO - Filling up the DagBag from /home/airflow/.local/lib/python3.12/site-packages/airflow/example_dags/example_latest_only_with_trigger.py
[2024-05-03T15:37:07.081+0000] {processor.py:840} INFO - DAG(s) 'latest_only_with_trigger' retrieved from /home/airflow/.local/lib/python3.12/site-packages/airflow/example_dags/example_latest_only_with_trigger.py
[2024-05-03T15:37:07.145+0000] {logging_mixin.py:188} INFO - [2024-05-03T15:37:07.144+0000] {dag.py:3096} INFO - Sync 1 DAGs
[2024-05-03T15:37:07.236+0000] {logging_mixin.py:188} INFO - [2024-05-03T15:37:07.236+0000] {dag.py:3954} INFO - Setting next_dagrun for latest_only_with_trigger to 2024-05-03 08:00:00+00:00, run_after=2024-05-03 12:00:00+00:00
[2024-05-03T15:37:07.294+0000] {processor.py:183} INFO - Processing /home/airflow/.local/lib/python3.12/site-packages/airflow/example_dags/example_latest_only_with_trigger.py took 0.266 seconds
[2024-05-03T15:37:42.288+0000] {processor.py:161} INFO - Started process (PID=183) to work on /home/airflow/.local/lib/python3.12/site-packages/airflow/example_dags/example_latest_only_with_trigger.py
[2024-05-03T15:37:42.290+0000] {processor.py:830} INFO - Processing file /home/airflow/.local/lib/python3.12/site-packages/airflow/example_dags/example_latest_only_with_trigger.py for tasks to queue
[2024-05-03T15:37:42.321+0000] {logging_mixin.py:188} INFO - [2024-05-03T15:37:42.317+0000] {dagbag.py:540} INFO - Filling up the DagBag from /home/airflow/.local/lib/python3.12/site-packages/airflow/example_dags/example_latest_only_with_trigger.py
[2024-05-03T15:37:42.385+0000] {processor.py:840} INFO - DAG(s) 'latest_only_with_trigger' retrieved from /home/airflow/.local/lib/python3.12/site-packages/airflow/example_dags/example_latest_only_with_trigger.py
[2024-05-03T15:37:42.598+0000] {logging_mixin.py:188} INFO - [2024-05-03T15:37:42.597+0000] {dag.py:3096} INFO - Sync 1 DAGs
[2024-05-03T15:37:42.691+0000] {logging_mixin.py:188} INFO - [2024-05-03T15:37:42.690+0000] {dag.py:3954} INFO - Setting next_dagrun for latest_only_with_trigger to 2024-05-03 08:00:00+00:00, run_after=2024-05-03 12:00:00+00:00
[2024-05-03T15:37:42.758+0000] {processor.py:183} INFO - Processing /home/airflow/.local/lib/python3.12/site-packages/airflow/example_dags/example_latest_only_with_trigger.py took 0.487 seconds
[2024-05-03T15:38:13.362+0000] {processor.py:161} INFO - Started process (PID=243) to work on /home/airflow/.local/lib/python3.12/site-packages/airflow/example_dags/example_latest_only_with_trigger.py
[2024-05-03T15:38:13.363+0000] {processor.py:830} INFO - Processing file /home/airflow/.local/lib/python3.12/site-packages/airflow/example_dags/example_latest_only_with_trigger.py for tasks to queue
[2024-05-03T15:38:13.365+0000] {logging_mixin.py:188} INFO - [2024-05-03T15:38:13.365+0000] {dagbag.py:540} INFO - Filling up the DagBag from /home/airflow/.local/lib/python3.12/site-packages/airflow/example_dags/example_latest_only_with_trigger.py
[2024-05-03T15:38:13.374+0000] {processor.py:840} INFO - DAG(s) 'latest_only_with_trigger' retrieved from /home/airflow/.local/lib/python3.12/site-packages/airflow/example_dags/example_latest_only_with_trigger.py
[2024-05-03T15:38:13.426+0000] {logging_mixin.py:188} INFO - [2024-05-03T15:38:13.426+0000] {dag.py:3096} INFO - Sync 1 DAGs
[2024-05-03T15:38:13.475+0000] {logging_mixin.py:188} INFO - [2024-05-03T15:38:13.475+0000] {dag.py:3954} INFO - Setting next_dagrun for latest_only_with_trigger to 2024-05-03 08:00:00+00:00, run_after=2024-05-03 12:00:00+00:00
[2024-05-03T15:38:13.530+0000] {processor.py:183} INFO - Processing /home/airflow/.local/lib/python3.12/site-packages/airflow/example_dags/example_latest_only_with_trigger.py took 0.175 seconds
[2024-05-03T15:38:44.248+0000] {processor.py:161} INFO - Started process (PID=304) to work on /home/airflow/.local/lib/python3.12/site-packages/airflow/example_dags/example_latest_only_with_trigger.py
[2024-05-03T15:38:44.248+0000] {processor.py:830} INFO - Processing file /home/airflow/.local/lib/python3.12/site-packages/airflow/example_dags/example_latest_only_with_trigger.py for tasks to queue
[2024-05-03T15:38:44.250+0000] {logging_mixin.py:188} INFO - [2024-05-03T15:38:44.250+0000] {dagbag.py:540} INFO - Filling up the DagBag from /home/airflow/.local/lib/python3.12/site-packages/airflow/example_dags/example_latest_only_with_trigger.py
[2024-05-03T15:38:44.256+0000] {processor.py:840} INFO - DAG(s) 'latest_only_with_trigger' retrieved from /home/airflow/.local/lib/python3.12/site-packages/airflow/example_dags/example_latest_only_with_trigger.py
[2024-05-03T15:38:44.279+0000] {logging_mixin.py:188} INFO - [2024-05-03T15:38:44.279+0000] {dag.py:3096} INFO - Sync 1 DAGs
[2024-05-03T15:38:44.308+0000] {logging_mixin.py:188} INFO - [2024-05-03T15:38:44.307+0000] {dag.py:3954} INFO - Setting next_dagrun for latest_only_with_trigger to 2024-05-03 08:00:00+00:00, run_after=2024-05-03 12:00:00+00:00
[2024-05-03T15:38:44.332+0000] {processor.py:183} INFO - Processing /home/airflow/.local/lib/python3.12/site-packages/airflow/example_dags/example_latest_only_with_trigger.py took 0.091 seconds
[2024-05-03T15:39:14.967+0000] {processor.py:161} INFO - Started process (PID=366) to work on /home/airflow/.local/lib/python3.12/site-packages/airflow/example_dags/example_latest_only_with_trigger.py
[2024-05-03T15:39:14.968+0000] {processor.py:830} INFO - Processing file /home/airflow/.local/lib/python3.12/site-packages/airflow/example_dags/example_latest_only_with_trigger.py for tasks to queue
[2024-05-03T15:39:14.970+0000] {logging_mixin.py:188} INFO - [2024-05-03T15:39:14.970+0000] {dagbag.py:540} INFO - Filling up the DagBag from /home/airflow/.local/lib/python3.12/site-packages/airflow/example_dags/example_latest_only_with_trigger.py
[2024-05-03T15:39:14.980+0000] {processor.py:840} INFO - DAG(s) 'latest_only_with_trigger' retrieved from /home/airflow/.local/lib/python3.12/site-packages/airflow/example_dags/example_latest_only_with_trigger.py
[2024-05-03T15:39:15.003+0000] {logging_mixin.py:188} INFO - [2024-05-03T15:39:15.003+0000] {dag.py:3096} INFO - Sync 1 DAGs
[2024-05-03T15:39:15.028+0000] {logging_mixin.py:188} INFO - [2024-05-03T15:39:15.028+0000] {dag.py:3954} INFO - Setting next_dagrun for latest_only_with_trigger to 2024-05-03 08:00:00+00:00, run_after=2024-05-03 12:00:00+00:00
[2024-05-03T15:39:15.066+0000] {processor.py:183} INFO - Processing /home/airflow/.local/lib/python3.12/site-packages/airflow/example_dags/example_latest_only_with_trigger.py took 0.106 seconds
[2024-05-03T15:39:45.189+0000] {processor.py:161} INFO - Started process (PID=427) to work on /home/airflow/.local/lib/python3.12/site-packages/airflow/example_dags/example_latest_only_with_trigger.py
[2024-05-03T15:39:45.190+0000] {processor.py:830} INFO - Processing file /home/airflow/.local/lib/python3.12/site-packages/airflow/example_dags/example_latest_only_with_trigger.py for tasks to queue
[2024-05-03T15:39:45.192+0000] {logging_mixin.py:188} INFO - [2024-05-03T15:39:45.192+0000] {dagbag.py:540} INFO - Filling up the DagBag from /home/airflow/.local/lib/python3.12/site-packages/airflow/example_dags/example_latest_only_with_trigger.py
[2024-05-03T15:39:45.198+0000] {processor.py:840} INFO - DAG(s) 'latest_only_with_trigger' retrieved from /home/airflow/.local/lib/python3.12/site-packages/airflow/example_dags/example_latest_only_with_trigger.py
[2024-05-03T15:39:45.249+0000] {logging_mixin.py:188} INFO - [2024-05-03T15:39:45.249+0000] {dag.py:3096} INFO - Sync 1 DAGs
[2024-05-03T15:39:45.280+0000] {logging_mixin.py:188} INFO - [2024-05-03T15:39:45.280+0000] {dag.py:3954} INFO - Setting next_dagrun for latest_only_with_trigger to 2024-05-03 08:00:00+00:00, run_after=2024-05-03 12:00:00+00:00
[2024-05-03T15:39:45.309+0000] {processor.py:183} INFO - Processing /home/airflow/.local/lib/python3.12/site-packages/airflow/example_dags/example_latest_only_with_trigger.py took 0.127 seconds
[2024-05-03T15:40:15.726+0000] {processor.py:161} INFO - Started process (PID=488) to work on /home/airflow/.local/lib/python3.12/site-packages/airflow/example_dags/example_latest_only_with_trigger.py
[2024-05-03T15:40:15.726+0000] {processor.py:830} INFO - Processing file /home/airflow/.local/lib/python3.12/site-packages/airflow/example_dags/example_latest_only_with_trigger.py for tasks to queue
[2024-05-03T15:40:15.728+0000] {logging_mixin.py:188} INFO - [2024-05-03T15:40:15.728+0000] {dagbag.py:540} INFO - Filling up the DagBag from /home/airflow/.local/lib/python3.12/site-packages/airflow/example_dags/example_latest_only_with_trigger.py
[2024-05-03T15:40:15.734+0000] {processor.py:840} INFO - DAG(s) 'latest_only_with_trigger' retrieved from /home/airflow/.local/lib/python3.12/site-packages/airflow/example_dags/example_latest_only_with_trigger.py
[2024-05-03T15:40:15.758+0000] {logging_mixin.py:188} INFO - [2024-05-03T15:40:15.757+0000] {dag.py:3096} INFO - Sync 1 DAGs
[2024-05-03T15:40:15.781+0000] {logging_mixin.py:188} INFO - [2024-05-03T15:40:15.781+0000] {dag.py:3954} INFO - Setting next_dagrun for latest_only_with_trigger to 2024-05-03 08:00:00+00:00, run_after=2024-05-03 12:00:00+00:00
[2024-05-03T15:40:15.804+0000] {processor.py:183} INFO - Processing /home/airflow/.local/lib/python3.12/site-packages/airflow/example_dags/example_latest_only_with_trigger.py took 0.085 seconds
[2024-05-03T15:40:46.466+0000] {processor.py:161} INFO - Started process (PID=550) to work on /home/airflow/.local/lib/python3.12/site-packages/airflow/example_dags/example_latest_only_with_trigger.py
[2024-05-03T15:40:46.466+0000] {processor.py:830} INFO - Processing file /home/airflow/.local/lib/python3.12/site-packages/airflow/example_dags/example_latest_only_with_trigger.py for tasks to queue
[2024-05-03T15:40:46.468+0000] {logging_mixin.py:188} INFO - [2024-05-03T15:40:46.468+0000] {dagbag.py:540} INFO - Filling up the DagBag from /home/airflow/.local/lib/python3.12/site-packages/airflow/example_dags/example_latest_only_with_trigger.py
[2024-05-03T15:40:46.475+0000] {processor.py:840} INFO - DAG(s) 'latest_only_with_trigger' retrieved from /home/airflow/.local/lib/python3.12/site-packages/airflow/example_dags/example_latest_only_with_trigger.py
[2024-05-03T15:40:46.504+0000] {logging_mixin.py:188} INFO - [2024-05-03T15:40:46.503+0000] {dag.py:3096} INFO - Sync 1 DAGs
[2024-05-03T15:40:46.540+0000] {logging_mixin.py:188} INFO - [2024-05-03T15:40:46.540+0000] {dag.py:3954} INFO - Setting next_dagrun for latest_only_with_trigger to 2024-05-03 08:00:00+00:00, run_after=2024-05-03 12:00:00+00:00
[2024-05-03T15:40:46.564+0000] {processor.py:183} INFO - Processing /home/airflow/.local/lib/python3.12/site-packages/airflow/example_dags/example_latest_only_with_trigger.py took 0.104 seconds
[2024-05-03T15:41:18.154+0000] {processor.py:161} INFO - Started process (PID=611) to work on /home/airflow/.local/lib/python3.12/site-packages/airflow/example_dags/example_latest_only_with_trigger.py
[2024-05-03T15:41:18.154+0000] {processor.py:830} INFO - Processing file /home/airflow/.local/lib/python3.12/site-packages/airflow/example_dags/example_latest_only_with_trigger.py for tasks to queue
[2024-05-03T15:41:18.161+0000] {logging_mixin.py:188} INFO - [2024-05-03T15:41:18.156+0000] {dagbag.py:540} INFO - Filling up the DagBag from /home/airflow/.local/lib/python3.12/site-packages/airflow/example_dags/example_latest_only_with_trigger.py
[2024-05-03T15:41:18.170+0000] {processor.py:840} INFO - DAG(s) 'latest_only_with_trigger' retrieved from /home/airflow/.local/lib/python3.12/site-packages/airflow/example_dags/example_latest_only_with_trigger.py
[2024-05-03T15:41:18.203+0000] {logging_mixin.py:188} INFO - [2024-05-03T15:41:18.202+0000] {dag.py:3096} INFO - Sync 1 DAGs
[2024-05-03T15:41:18.235+0000] {logging_mixin.py:188} INFO - [2024-05-03T15:41:18.235+0000] {dag.py:3954} INFO - Setting next_dagrun for latest_only_with_trigger to 2024-05-03 08:00:00+00:00, run_after=2024-05-03 12:00:00+00:00
[2024-05-03T15:41:18.285+0000] {processor.py:183} INFO - Processing /home/airflow/.local/lib/python3.12/site-packages/airflow/example_dags/example_latest_only_with_trigger.py took 0.149 seconds
[2024-05-03T15:41:49.791+0000] {processor.py:161} INFO - Started process (PID=678) to work on /home/airflow/.local/lib/python3.12/site-packages/airflow/example_dags/example_latest_only_with_trigger.py
[2024-05-03T15:41:49.793+0000] {processor.py:830} INFO - Processing file /home/airflow/.local/lib/python3.12/site-packages/airflow/example_dags/example_latest_only_with_trigger.py for tasks to queue
[2024-05-03T15:41:49.796+0000] {logging_mixin.py:188} INFO - [2024-05-03T15:41:49.796+0000] {dagbag.py:540} INFO - Filling up the DagBag from /home/airflow/.local/lib/python3.12/site-packages/airflow/example_dags/example_latest_only_with_trigger.py
[2024-05-03T15:41:49.816+0000] {processor.py:840} INFO - DAG(s) 'latest_only_with_trigger' retrieved from /home/airflow/.local/lib/python3.12/site-packages/airflow/example_dags/example_latest_only_with_trigger.py
[2024-05-03T15:41:49.922+0000] {logging_mixin.py:188} INFO - [2024-05-03T15:41:49.906+0000] {dag.py:3096} INFO - Sync 1 DAGs
[2024-05-03T15:41:50.132+0000] {logging_mixin.py:188} INFO - [2024-05-03T15:41:50.131+0000] {dag.py:3954} INFO - Setting next_dagrun for latest_only_with_trigger to 2024-05-03 08:00:00+00:00, run_after=2024-05-03 12:00:00+00:00
[2024-05-03T15:41:50.287+0000] {processor.py:183} INFO - Processing /home/airflow/.local/lib/python3.12/site-packages/airflow/example_dags/example_latest_only_with_trigger.py took 0.512 seconds
[2024-05-03T15:42:20.795+0000] {processor.py:161} INFO - Started process (PID=740) to work on /home/airflow/.local/lib/python3.12/site-packages/airflow/example_dags/example_latest_only_with_trigger.py
[2024-05-03T15:42:20.795+0000] {processor.py:830} INFO - Processing file /home/airflow/.local/lib/python3.12/site-packages/airflow/example_dags/example_latest_only_with_trigger.py for tasks to queue
[2024-05-03T15:42:20.797+0000] {logging_mixin.py:188} INFO - [2024-05-03T15:42:20.797+0000] {dagbag.py:540} INFO - Filling up the DagBag from /home/airflow/.local/lib/python3.12/site-packages/airflow/example_dags/example_latest_only_with_trigger.py
[2024-05-03T15:42:20.804+0000] {processor.py:840} INFO - DAG(s) 'latest_only_with_trigger' retrieved from /home/airflow/.local/lib/python3.12/site-packages/airflow/example_dags/example_latest_only_with_trigger.py
[2024-05-03T15:42:20.830+0000] {logging_mixin.py:188} INFO - [2024-05-03T15:42:20.829+0000] {dag.py:3096} INFO - Sync 1 DAGs
[2024-05-03T15:42:20.871+0000] {logging_mixin.py:188} INFO - [2024-05-03T15:42:20.871+0000] {dag.py:3954} INFO - Setting next_dagrun for latest_only_with_trigger to 2024-05-03 08:00:00+00:00, run_after=2024-05-03 12:00:00+00:00
[2024-05-03T15:42:20.898+0000] {processor.py:183} INFO - Processing /home/airflow/.local/lib/python3.12/site-packages/airflow/example_dags/example_latest_only_with_trigger.py took 0.110 seconds
[2024-05-03T15:42:51.150+0000] {processor.py:161} INFO - Started process (PID=801) to work on /home/airflow/.local/lib/python3.12/site-packages/airflow/example_dags/example_latest_only_with_trigger.py
[2024-05-03T15:42:51.157+0000] {processor.py:830} INFO - Processing file /home/airflow/.local/lib/python3.12/site-packages/airflow/example_dags/example_latest_only_with_trigger.py for tasks to queue
[2024-05-03T15:42:51.160+0000] {logging_mixin.py:188} INFO - [2024-05-03T15:42:51.160+0000] {dagbag.py:540} INFO - Filling up the DagBag from /home/airflow/.local/lib/python3.12/site-packages/airflow/example_dags/example_latest_only_with_trigger.py
[2024-05-03T15:42:51.177+0000] {processor.py:840} INFO - DAG(s) 'latest_only_with_trigger' retrieved from /home/airflow/.local/lib/python3.12/site-packages/airflow/example_dags/example_latest_only_with_trigger.py
[2024-05-03T15:42:51.237+0000] {logging_mixin.py:188} INFO - [2024-05-03T15:42:51.236+0000] {dag.py:3096} INFO - Sync 1 DAGs
[2024-05-03T15:42:51.279+0000] {logging_mixin.py:188} INFO - [2024-05-03T15:42:51.279+0000] {dag.py:3954} INFO - Setting next_dagrun for latest_only_with_trigger to 2024-05-03 08:00:00+00:00, run_after=2024-05-03 12:00:00+00:00
[2024-05-03T15:42:51.309+0000] {processor.py:183} INFO - Processing /home/airflow/.local/lib/python3.12/site-packages/airflow/example_dags/example_latest_only_with_trigger.py took 0.176 seconds
[2024-05-03T15:43:21.927+0000] {processor.py:161} INFO - Started process (PID=862) to work on /home/airflow/.local/lib/python3.12/site-packages/airflow/example_dags/example_latest_only_with_trigger.py
[2024-05-03T15:43:21.928+0000] {processor.py:830} INFO - Processing file /home/airflow/.local/lib/python3.12/site-packages/airflow/example_dags/example_latest_only_with_trigger.py for tasks to queue
[2024-05-03T15:43:21.930+0000] {logging_mixin.py:188} INFO - [2024-05-03T15:43:21.929+0000] {dagbag.py:540} INFO - Filling up the DagBag from /home/airflow/.local/lib/python3.12/site-packages/airflow/example_dags/example_latest_only_with_trigger.py
[2024-05-03T15:43:21.936+0000] {processor.py:840} INFO - DAG(s) 'latest_only_with_trigger' retrieved from /home/airflow/.local/lib/python3.12/site-packages/airflow/example_dags/example_latest_only_with_trigger.py
[2024-05-03T15:43:21.958+0000] {logging_mixin.py:188} INFO - [2024-05-03T15:43:21.958+0000] {dag.py:3096} INFO - Sync 1 DAGs
[2024-05-03T15:43:21.987+0000] {logging_mixin.py:188} INFO - [2024-05-03T15:43:21.987+0000] {dag.py:3954} INFO - Setting next_dagrun for latest_only_with_trigger to 2024-05-03 08:00:00+00:00, run_after=2024-05-03 12:00:00+00:00
[2024-05-03T15:43:22.011+0000] {processor.py:183} INFO - Processing /home/airflow/.local/lib/python3.12/site-packages/airflow/example_dags/example_latest_only_with_trigger.py took 0.092 seconds
[2024-05-03T15:43:52.230+0000] {processor.py:161} INFO - Started process (PID=923) to work on /home/airflow/.local/lib/python3.12/site-packages/airflow/example_dags/example_latest_only_with_trigger.py
[2024-05-03T15:43:52.231+0000] {processor.py:830} INFO - Processing file /home/airflow/.local/lib/python3.12/site-packages/airflow/example_dags/example_latest_only_with_trigger.py for tasks to queue
[2024-05-03T15:43:52.233+0000] {logging_mixin.py:188} INFO - [2024-05-03T15:43:52.233+0000] {dagbag.py:540} INFO - Filling up the DagBag from /home/airflow/.local/lib/python3.12/site-packages/airflow/example_dags/example_latest_only_with_trigger.py
[2024-05-03T15:43:52.240+0000] {processor.py:840} INFO - DAG(s) 'latest_only_with_trigger' retrieved from /home/airflow/.local/lib/python3.12/site-packages/airflow/example_dags/example_latest_only_with_trigger.py
[2024-05-03T15:43:52.264+0000] {logging_mixin.py:188} INFO - [2024-05-03T15:43:52.263+0000] {dag.py:3096} INFO - Sync 1 DAGs
[2024-05-03T15:43:52.293+0000] {logging_mixin.py:188} INFO - [2024-05-03T15:43:52.293+0000] {dag.py:3954} INFO - Setting next_dagrun for latest_only_with_trigger to 2024-05-03 08:00:00+00:00, run_after=2024-05-03 12:00:00+00:00
[2024-05-03T15:43:52.319+0000] {processor.py:183} INFO - Processing /home/airflow/.local/lib/python3.12/site-packages/airflow/example_dags/example_latest_only_with_trigger.py took 0.095 seconds
[2024-05-03T15:44:22.393+0000] {processor.py:161} INFO - Started process (PID=985) to work on /home/airflow/.local/lib/python3.12/site-packages/airflow/example_dags/example_latest_only_with_trigger.py
[2024-05-03T15:44:22.394+0000] {processor.py:830} INFO - Processing file /home/airflow/.local/lib/python3.12/site-packages/airflow/example_dags/example_latest_only_with_trigger.py for tasks to queue
[2024-05-03T15:44:22.396+0000] {logging_mixin.py:188} INFO - [2024-05-03T15:44:22.395+0000] {dagbag.py:540} INFO - Filling up the DagBag from /home/airflow/.local/lib/python3.12/site-packages/airflow/example_dags/example_latest_only_with_trigger.py
[2024-05-03T15:44:22.402+0000] {processor.py:840} INFO - DAG(s) 'latest_only_with_trigger' retrieved from /home/airflow/.local/lib/python3.12/site-packages/airflow/example_dags/example_latest_only_with_trigger.py
[2024-05-03T15:44:22.428+0000] {logging_mixin.py:188} INFO - [2024-05-03T15:44:22.427+0000] {dag.py:3096} INFO - Sync 1 DAGs
[2024-05-03T15:44:22.452+0000] {logging_mixin.py:188} INFO - [2024-05-03T15:44:22.452+0000] {dag.py:3954} INFO - Setting next_dagrun for latest_only_with_trigger to 2024-05-03 08:00:00+00:00, run_after=2024-05-03 12:00:00+00:00
[2024-05-03T15:44:22.478+0000] {processor.py:183} INFO - Processing /home/airflow/.local/lib/python3.12/site-packages/airflow/example_dags/example_latest_only_with_trigger.py took 0.091 seconds
[2024-05-03T15:44:54.251+0000] {processor.py:161} INFO - Started process (PID=1046) to work on /home/airflow/.local/lib/python3.12/site-packages/airflow/example_dags/example_latest_only_with_trigger.py
[2024-05-03T15:44:54.255+0000] {processor.py:830} INFO - Processing file /home/airflow/.local/lib/python3.12/site-packages/airflow/example_dags/example_latest_only_with_trigger.py for tasks to queue
[2024-05-03T15:44:54.265+0000] {logging_mixin.py:188} INFO - [2024-05-03T15:44:54.264+0000] {dagbag.py:540} INFO - Filling up the DagBag from /home/airflow/.local/lib/python3.12/site-packages/airflow/example_dags/example_latest_only_with_trigger.py
[2024-05-03T15:44:54.271+0000] {processor.py:840} INFO - DAG(s) 'latest_only_with_trigger' retrieved from /home/airflow/.local/lib/python3.12/site-packages/airflow/example_dags/example_latest_only_with_trigger.py
[2024-05-03T15:44:54.309+0000] {logging_mixin.py:188} INFO - [2024-05-03T15:44:54.308+0000] {dag.py:3096} INFO - Sync 1 DAGs
[2024-05-03T15:44:54.355+0000] {logging_mixin.py:188} INFO - [2024-05-03T15:44:54.354+0000] {dag.py:3954} INFO - Setting next_dagrun for latest_only_with_trigger to 2024-05-03 08:00:00+00:00, run_after=2024-05-03 12:00:00+00:00
[2024-05-03T15:44:54.399+0000] {processor.py:183} INFO - Processing /home/airflow/.local/lib/python3.12/site-packages/airflow/example_dags/example_latest_only_with_trigger.py took 0.155 seconds
[2024-05-03T15:45:25.088+0000] {processor.py:161} INFO - Started process (PID=1107) to work on /home/airflow/.local/lib/python3.12/site-packages/airflow/example_dags/example_latest_only_with_trigger.py
[2024-05-03T15:45:25.089+0000] {processor.py:830} INFO - Processing file /home/airflow/.local/lib/python3.12/site-packages/airflow/example_dags/example_latest_only_with_trigger.py for tasks to queue
[2024-05-03T15:45:25.092+0000] {logging_mixin.py:188} INFO - [2024-05-03T15:45:25.091+0000] {dagbag.py:540} INFO - Filling up the DagBag from /home/airflow/.local/lib/python3.12/site-packages/airflow/example_dags/example_latest_only_with_trigger.py
[2024-05-03T15:45:25.112+0000] {processor.py:840} INFO - DAG(s) 'latest_only_with_trigger' retrieved from /home/airflow/.local/lib/python3.12/site-packages/airflow/example_dags/example_latest_only_with_trigger.py
[2024-05-03T15:45:25.178+0000] {logging_mixin.py:188} INFO - [2024-05-03T15:45:25.178+0000] {dag.py:3096} INFO - Sync 1 DAGs
[2024-05-03T15:45:25.212+0000] {logging_mixin.py:188} INFO - [2024-05-03T15:45:25.212+0000] {dag.py:3954} INFO - Setting next_dagrun for latest_only_with_trigger to 2024-05-03 08:00:00+00:00, run_after=2024-05-03 12:00:00+00:00
[2024-05-03T15:45:25.247+0000] {processor.py:183} INFO - Processing /home/airflow/.local/lib/python3.12/site-packages/airflow/example_dags/example_latest_only_with_trigger.py took 0.171 seconds
[2024-05-03T15:45:55.865+0000] {processor.py:161} INFO - Started process (PID=1168) to work on /home/airflow/.local/lib/python3.12/site-packages/airflow/example_dags/example_latest_only_with_trigger.py
[2024-05-03T15:45:55.870+0000] {processor.py:830} INFO - Processing file /home/airflow/.local/lib/python3.12/site-packages/airflow/example_dags/example_latest_only_with_trigger.py for tasks to queue
[2024-05-03T15:45:55.873+0000] {logging_mixin.py:188} INFO - [2024-05-03T15:45:55.873+0000] {dagbag.py:540} INFO - Filling up the DagBag from /home/airflow/.local/lib/python3.12/site-packages/airflow/example_dags/example_latest_only_with_trigger.py
[2024-05-03T15:45:55.886+0000] {processor.py:840} INFO - DAG(s) 'latest_only_with_trigger' retrieved from /home/airflow/.local/lib/python3.12/site-packages/airflow/example_dags/example_latest_only_with_trigger.py
[2024-05-03T15:45:55.940+0000] {logging_mixin.py:188} INFO - [2024-05-03T15:45:55.939+0000] {dag.py:3096} INFO - Sync 1 DAGs
[2024-05-03T15:45:55.969+0000] {logging_mixin.py:188} INFO - [2024-05-03T15:45:55.969+0000] {dag.py:3954} INFO - Setting next_dagrun for latest_only_with_trigger to 2024-05-03 08:00:00+00:00, run_after=2024-05-03 12:00:00+00:00
[2024-05-03T15:45:56.029+0000] {processor.py:183} INFO - Processing /home/airflow/.local/lib/python3.12/site-packages/airflow/example_dags/example_latest_only_with_trigger.py took 0.174 seconds
[2024-05-03T15:46:26.351+0000] {processor.py:161} INFO - Started process (PID=1229) to work on /home/airflow/.local/lib/python3.12/site-packages/airflow/example_dags/example_latest_only_with_trigger.py
[2024-05-03T15:46:26.353+0000] {processor.py:830} INFO - Processing file /home/airflow/.local/lib/python3.12/site-packages/airflow/example_dags/example_latest_only_with_trigger.py for tasks to queue
[2024-05-03T15:46:26.355+0000] {logging_mixin.py:188} INFO - [2024-05-03T15:46:26.355+0000] {dagbag.py:540} INFO - Filling up the DagBag from /home/airflow/.local/lib/python3.12/site-packages/airflow/example_dags/example_latest_only_with_trigger.py
[2024-05-03T15:46:26.364+0000] {processor.py:840} INFO - DAG(s) 'latest_only_with_trigger' retrieved from /home/airflow/.local/lib/python3.12/site-packages/airflow/example_dags/example_latest_only_with_trigger.py
[2024-05-03T15:46:26.390+0000] {logging_mixin.py:188} INFO - [2024-05-03T15:46:26.389+0000] {dag.py:3096} INFO - Sync 1 DAGs
[2024-05-03T15:46:26.419+0000] {logging_mixin.py:188} INFO - [2024-05-03T15:46:26.419+0000] {dag.py:3954} INFO - Setting next_dagrun for latest_only_with_trigger to 2024-05-03 08:00:00+00:00, run_after=2024-05-03 12:00:00+00:00
[2024-05-03T15:46:26.448+0000] {processor.py:183} INFO - Processing /home/airflow/.local/lib/python3.12/site-packages/airflow/example_dags/example_latest_only_with_trigger.py took 0.104 seconds
