[2024-05-03T15:36:35.981+0000] {processor.py:161} INFO - Started process (PID=68) to work on /home/airflow/.local/lib/python3.12/site-packages/airflow/example_dags/example_short_circuit_operator.py
[2024-05-03T15:36:35.981+0000] {processor.py:830} INFO - Processing file /home/airflow/.local/lib/python3.12/site-packages/airflow/example_dags/example_short_circuit_operator.py for tasks to queue
[2024-05-03T15:36:35.983+0000] {logging_mixin.py:188} INFO - [2024-05-03T15:36:35.983+0000] {dagbag.py:540} INFO - Filling up the DagBag from /home/airflow/.local/lib/python3.12/site-packages/airflow/example_dags/example_short_circuit_operator.py
[2024-05-03T15:36:35.992+0000] {processor.py:840} INFO - DAG(s) 'example_short_circuit_operator' retrieved from /home/airflow/.local/lib/python3.12/site-packages/airflow/example_dags/example_short_circuit_operator.py
[2024-05-03T15:36:36.026+0000] {logging_mixin.py:188} INFO - [2024-05-03T15:36:36.026+0000] {dag.py:3096} INFO - Sync 1 DAGs
[2024-05-03T15:36:36.054+0000] {logging_mixin.py:188} INFO - [2024-05-03T15:36:36.054+0000] {dag.py:3954} INFO - Setting next_dagrun for example_short_circuit_operator to 2024-05-02 00:00:00+00:00, run_after=2024-05-03 00:00:00+00:00
[2024-05-03T15:36:36.086+0000] {processor.py:183} INFO - Processing /home/airflow/.local/lib/python3.12/site-packages/airflow/example_dags/example_short_circuit_operator.py took 0.112 seconds
[2024-05-03T15:37:08.896+0000] {processor.py:161} INFO - Started process (PID=129) to work on /home/airflow/.local/lib/python3.12/site-packages/airflow/example_dags/example_short_circuit_operator.py
[2024-05-03T15:37:08.902+0000] {processor.py:830} INFO - Processing file /home/airflow/.local/lib/python3.12/site-packages/airflow/example_dags/example_short_circuit_operator.py for tasks to queue
[2024-05-03T15:37:08.906+0000] {logging_mixin.py:188} INFO - [2024-05-03T15:37:08.906+0000] {dagbag.py:540} INFO - Filling up the DagBag from /home/airflow/.local/lib/python3.12/site-packages/airflow/example_dags/example_short_circuit_operator.py
[2024-05-03T15:37:08.944+0000] {processor.py:840} INFO - DAG(s) 'example_short_circuit_operator' retrieved from /home/airflow/.local/lib/python3.12/site-packages/airflow/example_dags/example_short_circuit_operator.py
[2024-05-03T15:37:09.116+0000] {logging_mixin.py:188} INFO - [2024-05-03T15:37:09.115+0000] {dag.py:3096} INFO - Sync 1 DAGs
[2024-05-03T15:37:09.276+0000] {logging_mixin.py:188} INFO - [2024-05-03T15:37:09.276+0000] {dag.py:3954} INFO - Setting next_dagrun for example_short_circuit_operator to 2024-05-02 00:00:00+00:00, run_after=2024-05-03 00:00:00+00:00
[2024-05-03T15:37:09.376+0000] {processor.py:183} INFO - Processing /home/airflow/.local/lib/python3.12/site-packages/airflow/example_dags/example_short_circuit_operator.py took 0.508 seconds
[2024-05-03T15:37:43.931+0000] {processor.py:161} INFO - Started process (PID=190) to work on /home/airflow/.local/lib/python3.12/site-packages/airflow/example_dags/example_short_circuit_operator.py
[2024-05-03T15:37:43.940+0000] {processor.py:830} INFO - Processing file /home/airflow/.local/lib/python3.12/site-packages/airflow/example_dags/example_short_circuit_operator.py for tasks to queue
[2024-05-03T15:37:43.949+0000] {logging_mixin.py:188} INFO - [2024-05-03T15:37:43.949+0000] {dagbag.py:540} INFO - Filling up the DagBag from /home/airflow/.local/lib/python3.12/site-packages/airflow/example_dags/example_short_circuit_operator.py
[2024-05-03T15:37:43.984+0000] {processor.py:840} INFO - DAG(s) 'example_short_circuit_operator' retrieved from /home/airflow/.local/lib/python3.12/site-packages/airflow/example_dags/example_short_circuit_operator.py
[2024-05-03T15:37:44.061+0000] {logging_mixin.py:188} INFO - [2024-05-03T15:37:44.060+0000] {dag.py:3096} INFO - Sync 1 DAGs
[2024-05-03T15:37:44.087+0000] {logging_mixin.py:188} INFO - [2024-05-03T15:37:44.087+0000] {dag.py:3954} INFO - Setting next_dagrun for example_short_circuit_operator to 2024-05-02 00:00:00+00:00, run_after=2024-05-03 00:00:00+00:00
[2024-05-03T15:37:44.128+0000] {processor.py:183} INFO - Processing /home/airflow/.local/lib/python3.12/site-packages/airflow/example_dags/example_short_circuit_operator.py took 0.220 seconds
[2024-05-03T15:38:14.944+0000] {processor.py:161} INFO - Started process (PID=250) to work on /home/airflow/.local/lib/python3.12/site-packages/airflow/example_dags/example_short_circuit_operator.py
[2024-05-03T15:38:14.945+0000] {processor.py:830} INFO - Processing file /home/airflow/.local/lib/python3.12/site-packages/airflow/example_dags/example_short_circuit_operator.py for tasks to queue
[2024-05-03T15:38:14.947+0000] {logging_mixin.py:188} INFO - [2024-05-03T15:38:14.947+0000] {dagbag.py:540} INFO - Filling up the DagBag from /home/airflow/.local/lib/python3.12/site-packages/airflow/example_dags/example_short_circuit_operator.py
[2024-05-03T15:38:14.956+0000] {processor.py:840} INFO - DAG(s) 'example_short_circuit_operator' retrieved from /home/airflow/.local/lib/python3.12/site-packages/airflow/example_dags/example_short_circuit_operator.py
[2024-05-03T15:38:14.983+0000] {logging_mixin.py:188} INFO - [2024-05-03T15:38:14.983+0000] {dag.py:3096} INFO - Sync 1 DAGs
[2024-05-03T15:38:15.012+0000] {logging_mixin.py:188} INFO - [2024-05-03T15:38:15.011+0000] {dag.py:3954} INFO - Setting next_dagrun for example_short_circuit_operator to 2024-05-02 00:00:00+00:00, run_after=2024-05-03 00:00:00+00:00
[2024-05-03T15:38:15.039+0000] {processor.py:183} INFO - Processing /home/airflow/.local/lib/python3.12/site-packages/airflow/example_dags/example_short_circuit_operator.py took 0.102 seconds
[2024-05-03T15:38:45.700+0000] {processor.py:161} INFO - Started process (PID=311) to work on /home/airflow/.local/lib/python3.12/site-packages/airflow/example_dags/example_short_circuit_operator.py
[2024-05-03T15:38:45.701+0000] {processor.py:830} INFO - Processing file /home/airflow/.local/lib/python3.12/site-packages/airflow/example_dags/example_short_circuit_operator.py for tasks to queue
[2024-05-03T15:38:45.703+0000] {logging_mixin.py:188} INFO - [2024-05-03T15:38:45.702+0000] {dagbag.py:540} INFO - Filling up the DagBag from /home/airflow/.local/lib/python3.12/site-packages/airflow/example_dags/example_short_circuit_operator.py
[2024-05-03T15:38:45.711+0000] {processor.py:840} INFO - DAG(s) 'example_short_circuit_operator' retrieved from /home/airflow/.local/lib/python3.12/site-packages/airflow/example_dags/example_short_circuit_operator.py
[2024-05-03T15:38:45.739+0000] {logging_mixin.py:188} INFO - [2024-05-03T15:38:45.738+0000] {dag.py:3096} INFO - Sync 1 DAGs
[2024-05-03T15:38:45.773+0000] {logging_mixin.py:188} INFO - [2024-05-03T15:38:45.773+0000] {dag.py:3954} INFO - Setting next_dagrun for example_short_circuit_operator to 2024-05-02 00:00:00+00:00, run_after=2024-05-03 00:00:00+00:00
[2024-05-03T15:38:45.796+0000] {processor.py:183} INFO - Processing /home/airflow/.local/lib/python3.12/site-packages/airflow/example_dags/example_short_circuit_operator.py took 0.104 seconds
[2024-05-03T15:39:16.346+0000] {processor.py:161} INFO - Started process (PID=373) to work on /home/airflow/.local/lib/python3.12/site-packages/airflow/example_dags/example_short_circuit_operator.py
[2024-05-03T15:39:16.346+0000] {processor.py:830} INFO - Processing file /home/airflow/.local/lib/python3.12/site-packages/airflow/example_dags/example_short_circuit_operator.py for tasks to queue
[2024-05-03T15:39:16.348+0000] {logging_mixin.py:188} INFO - [2024-05-03T15:39:16.348+0000] {dagbag.py:540} INFO - Filling up the DagBag from /home/airflow/.local/lib/python3.12/site-packages/airflow/example_dags/example_short_circuit_operator.py
[2024-05-03T15:39:16.358+0000] {processor.py:840} INFO - DAG(s) 'example_short_circuit_operator' retrieved from /home/airflow/.local/lib/python3.12/site-packages/airflow/example_dags/example_short_circuit_operator.py
[2024-05-03T15:39:16.385+0000] {logging_mixin.py:188} INFO - [2024-05-03T15:39:16.385+0000] {dag.py:3096} INFO - Sync 1 DAGs
[2024-05-03T15:39:16.413+0000] {logging_mixin.py:188} INFO - [2024-05-03T15:39:16.413+0000] {dag.py:3954} INFO - Setting next_dagrun for example_short_circuit_operator to 2024-05-02 00:00:00+00:00, run_after=2024-05-03 00:00:00+00:00
[2024-05-03T15:39:16.439+0000] {processor.py:183} INFO - Processing /home/airflow/.local/lib/python3.12/site-packages/airflow/example_dags/example_short_circuit_operator.py took 0.100 seconds
[2024-05-03T15:39:46.672+0000] {processor.py:161} INFO - Started process (PID=434) to work on /home/airflow/.local/lib/python3.12/site-packages/airflow/example_dags/example_short_circuit_operator.py
[2024-05-03T15:39:46.678+0000] {processor.py:830} INFO - Processing file /home/airflow/.local/lib/python3.12/site-packages/airflow/example_dags/example_short_circuit_operator.py for tasks to queue
[2024-05-03T15:39:46.686+0000] {logging_mixin.py:188} INFO - [2024-05-03T15:39:46.686+0000] {dagbag.py:540} INFO - Filling up the DagBag from /home/airflow/.local/lib/python3.12/site-packages/airflow/example_dags/example_short_circuit_operator.py
[2024-05-03T15:39:46.695+0000] {processor.py:840} INFO - DAG(s) 'example_short_circuit_operator' retrieved from /home/airflow/.local/lib/python3.12/site-packages/airflow/example_dags/example_short_circuit_operator.py
[2024-05-03T15:39:46.755+0000] {logging_mixin.py:188} INFO - [2024-05-03T15:39:46.755+0000] {dag.py:3096} INFO - Sync 1 DAGs
[2024-05-03T15:39:46.794+0000] {logging_mixin.py:188} INFO - [2024-05-03T15:39:46.794+0000] {dag.py:3954} INFO - Setting next_dagrun for example_short_circuit_operator to 2024-05-02 00:00:00+00:00, run_after=2024-05-03 00:00:00+00:00
[2024-05-03T15:39:46.840+0000] {processor.py:183} INFO - Processing /home/airflow/.local/lib/python3.12/site-packages/airflow/example_dags/example_short_circuit_operator.py took 0.178 seconds
[2024-05-03T15:40:17.195+0000] {processor.py:161} INFO - Started process (PID=495) to work on /home/airflow/.local/lib/python3.12/site-packages/airflow/example_dags/example_short_circuit_operator.py
[2024-05-03T15:40:17.196+0000] {processor.py:830} INFO - Processing file /home/airflow/.local/lib/python3.12/site-packages/airflow/example_dags/example_short_circuit_operator.py for tasks to queue
[2024-05-03T15:40:17.198+0000] {logging_mixin.py:188} INFO - [2024-05-03T15:40:17.197+0000] {dagbag.py:540} INFO - Filling up the DagBag from /home/airflow/.local/lib/python3.12/site-packages/airflow/example_dags/example_short_circuit_operator.py
[2024-05-03T15:40:17.207+0000] {processor.py:840} INFO - DAG(s) 'example_short_circuit_operator' retrieved from /home/airflow/.local/lib/python3.12/site-packages/airflow/example_dags/example_short_circuit_operator.py
[2024-05-03T15:40:17.240+0000] {logging_mixin.py:188} INFO - [2024-05-03T15:40:17.239+0000] {dag.py:3096} INFO - Sync 1 DAGs
[2024-05-03T15:40:17.275+0000] {logging_mixin.py:188} INFO - [2024-05-03T15:40:17.275+0000] {dag.py:3954} INFO - Setting next_dagrun for example_short_circuit_operator to 2024-05-02 00:00:00+00:00, run_after=2024-05-03 00:00:00+00:00
[2024-05-03T15:40:17.309+0000] {processor.py:183} INFO - Processing /home/airflow/.local/lib/python3.12/site-packages/airflow/example_dags/example_short_circuit_operator.py took 0.121 seconds
[2024-05-03T15:40:47.850+0000] {processor.py:161} INFO - Started process (PID=557) to work on /home/airflow/.local/lib/python3.12/site-packages/airflow/example_dags/example_short_circuit_operator.py
[2024-05-03T15:40:47.851+0000] {processor.py:830} INFO - Processing file /home/airflow/.local/lib/python3.12/site-packages/airflow/example_dags/example_short_circuit_operator.py for tasks to queue
[2024-05-03T15:40:47.856+0000] {logging_mixin.py:188} INFO - [2024-05-03T15:40:47.855+0000] {dagbag.py:540} INFO - Filling up the DagBag from /home/airflow/.local/lib/python3.12/site-packages/airflow/example_dags/example_short_circuit_operator.py
[2024-05-03T15:40:47.866+0000] {processor.py:840} INFO - DAG(s) 'example_short_circuit_operator' retrieved from /home/airflow/.local/lib/python3.12/site-packages/airflow/example_dags/example_short_circuit_operator.py
[2024-05-03T15:40:47.892+0000] {logging_mixin.py:188} INFO - [2024-05-03T15:40:47.892+0000] {dag.py:3096} INFO - Sync 1 DAGs
[2024-05-03T15:40:47.917+0000] {logging_mixin.py:188} INFO - [2024-05-03T15:40:47.917+0000] {dag.py:3954} INFO - Setting next_dagrun for example_short_circuit_operator to 2024-05-02 00:00:00+00:00, run_after=2024-05-03 00:00:00+00:00
[2024-05-03T15:40:47.941+0000] {processor.py:183} INFO - Processing /home/airflow/.local/lib/python3.12/site-packages/airflow/example_dags/example_short_circuit_operator.py took 0.098 seconds
[2024-05-03T15:41:18.912+0000] {processor.py:161} INFO - Started process (PID=618) to work on /home/airflow/.local/lib/python3.12/site-packages/airflow/example_dags/example_short_circuit_operator.py
[2024-05-03T15:41:18.913+0000] {processor.py:830} INFO - Processing file /home/airflow/.local/lib/python3.12/site-packages/airflow/example_dags/example_short_circuit_operator.py for tasks to queue
[2024-05-03T15:41:18.916+0000] {logging_mixin.py:188} INFO - [2024-05-03T15:41:18.915+0000] {dagbag.py:540} INFO - Filling up the DagBag from /home/airflow/.local/lib/python3.12/site-packages/airflow/example_dags/example_short_circuit_operator.py
[2024-05-03T15:41:18.929+0000] {processor.py:840} INFO - DAG(s) 'example_short_circuit_operator' retrieved from /home/airflow/.local/lib/python3.12/site-packages/airflow/example_dags/example_short_circuit_operator.py
[2024-05-03T15:41:19.001+0000] {logging_mixin.py:188} INFO - [2024-05-03T15:41:19.001+0000] {dag.py:3096} INFO - Sync 1 DAGs
[2024-05-03T15:41:19.047+0000] {logging_mixin.py:188} INFO - [2024-05-03T15:41:19.047+0000] {dag.py:3954} INFO - Setting next_dagrun for example_short_circuit_operator to 2024-05-02 00:00:00+00:00, run_after=2024-05-03 00:00:00+00:00
[2024-05-03T15:41:19.090+0000] {processor.py:183} INFO - Processing /home/airflow/.local/lib/python3.12/site-packages/airflow/example_dags/example_short_circuit_operator.py took 0.194 seconds
[2024-05-03T15:41:51.452+0000] {processor.py:161} INFO - Started process (PID=685) to work on /home/airflow/.local/lib/python3.12/site-packages/airflow/example_dags/example_short_circuit_operator.py
[2024-05-03T15:41:51.453+0000] {processor.py:830} INFO - Processing file /home/airflow/.local/lib/python3.12/site-packages/airflow/example_dags/example_short_circuit_operator.py for tasks to queue
[2024-05-03T15:41:51.456+0000] {logging_mixin.py:188} INFO - [2024-05-03T15:41:51.455+0000] {dagbag.py:540} INFO - Filling up the DagBag from /home/airflow/.local/lib/python3.12/site-packages/airflow/example_dags/example_short_circuit_operator.py
[2024-05-03T15:41:51.494+0000] {processor.py:840} INFO - DAG(s) 'example_short_circuit_operator' retrieved from /home/airflow/.local/lib/python3.12/site-packages/airflow/example_dags/example_short_circuit_operator.py
[2024-05-03T15:41:51.583+0000] {logging_mixin.py:188} INFO - [2024-05-03T15:41:51.582+0000] {dag.py:3096} INFO - Sync 1 DAGs
[2024-05-03T15:41:51.660+0000] {logging_mixin.py:188} INFO - [2024-05-03T15:41:51.659+0000] {dag.py:3954} INFO - Setting next_dagrun for example_short_circuit_operator to 2024-05-02 00:00:00+00:00, run_after=2024-05-03 00:00:00+00:00
[2024-05-03T15:41:51.761+0000] {processor.py:183} INFO - Processing /home/airflow/.local/lib/python3.12/site-packages/airflow/example_dags/example_short_circuit_operator.py took 0.329 seconds
[2024-05-03T15:42:22.285+0000] {processor.py:161} INFO - Started process (PID=747) to work on /home/airflow/.local/lib/python3.12/site-packages/airflow/example_dags/example_short_circuit_operator.py
[2024-05-03T15:42:22.286+0000] {processor.py:830} INFO - Processing file /home/airflow/.local/lib/python3.12/site-packages/airflow/example_dags/example_short_circuit_operator.py for tasks to queue
[2024-05-03T15:42:22.289+0000] {logging_mixin.py:188} INFO - [2024-05-03T15:42:22.288+0000] {dagbag.py:540} INFO - Filling up the DagBag from /home/airflow/.local/lib/python3.12/site-packages/airflow/example_dags/example_short_circuit_operator.py
[2024-05-03T15:42:22.305+0000] {processor.py:840} INFO - DAG(s) 'example_short_circuit_operator' retrieved from /home/airflow/.local/lib/python3.12/site-packages/airflow/example_dags/example_short_circuit_operator.py
[2024-05-03T15:42:22.360+0000] {logging_mixin.py:188} INFO - [2024-05-03T15:42:22.356+0000] {dag.py:3096} INFO - Sync 1 DAGs
[2024-05-03T15:42:22.390+0000] {logging_mixin.py:188} INFO - [2024-05-03T15:42:22.390+0000] {dag.py:3954} INFO - Setting next_dagrun for example_short_circuit_operator to 2024-05-02 00:00:00+00:00, run_after=2024-05-03 00:00:00+00:00
[2024-05-03T15:42:22.421+0000] {processor.py:183} INFO - Processing /home/airflow/.local/lib/python3.12/site-packages/airflow/example_dags/example_short_circuit_operator.py took 0.143 seconds
[2024-05-03T15:42:52.745+0000] {processor.py:161} INFO - Started process (PID=808) to work on /home/airflow/.local/lib/python3.12/site-packages/airflow/example_dags/example_short_circuit_operator.py
[2024-05-03T15:42:52.746+0000] {processor.py:830} INFO - Processing file /home/airflow/.local/lib/python3.12/site-packages/airflow/example_dags/example_short_circuit_operator.py for tasks to queue
[2024-05-03T15:42:52.749+0000] {logging_mixin.py:188} INFO - [2024-05-03T15:42:52.749+0000] {dagbag.py:540} INFO - Filling up the DagBag from /home/airflow/.local/lib/python3.12/site-packages/airflow/example_dags/example_short_circuit_operator.py
[2024-05-03T15:42:52.757+0000] {processor.py:840} INFO - DAG(s) 'example_short_circuit_operator' retrieved from /home/airflow/.local/lib/python3.12/site-packages/airflow/example_dags/example_short_circuit_operator.py
[2024-05-03T15:42:52.785+0000] {logging_mixin.py:188} INFO - [2024-05-03T15:42:52.785+0000] {dag.py:3096} INFO - Sync 1 DAGs
[2024-05-03T15:42:52.812+0000] {logging_mixin.py:188} INFO - [2024-05-03T15:42:52.812+0000] {dag.py:3954} INFO - Setting next_dagrun for example_short_circuit_operator to 2024-05-02 00:00:00+00:00, run_after=2024-05-03 00:00:00+00:00
[2024-05-03T15:42:52.839+0000] {processor.py:183} INFO - Processing /home/airflow/.local/lib/python3.12/site-packages/airflow/example_dags/example_short_circuit_operator.py took 0.101 seconds
[2024-05-03T15:43:23.509+0000] {processor.py:161} INFO - Started process (PID=869) to work on /home/airflow/.local/lib/python3.12/site-packages/airflow/example_dags/example_short_circuit_operator.py
[2024-05-03T15:43:23.510+0000] {processor.py:830} INFO - Processing file /home/airflow/.local/lib/python3.12/site-packages/airflow/example_dags/example_short_circuit_operator.py for tasks to queue
[2024-05-03T15:43:23.512+0000] {logging_mixin.py:188} INFO - [2024-05-03T15:43:23.511+0000] {dagbag.py:540} INFO - Filling up the DagBag from /home/airflow/.local/lib/python3.12/site-packages/airflow/example_dags/example_short_circuit_operator.py
[2024-05-03T15:43:23.518+0000] {processor.py:840} INFO - DAG(s) 'example_short_circuit_operator' retrieved from /home/airflow/.local/lib/python3.12/site-packages/airflow/example_dags/example_short_circuit_operator.py
[2024-05-03T15:43:23.537+0000] {logging_mixin.py:188} INFO - [2024-05-03T15:43:23.537+0000] {dag.py:3096} INFO - Sync 1 DAGs
[2024-05-03T15:43:23.555+0000] {logging_mixin.py:188} INFO - [2024-05-03T15:43:23.555+0000] {dag.py:3954} INFO - Setting next_dagrun for example_short_circuit_operator to 2024-05-02 00:00:00+00:00, run_after=2024-05-03 00:00:00+00:00
[2024-05-03T15:43:23.575+0000] {processor.py:183} INFO - Processing /home/airflow/.local/lib/python3.12/site-packages/airflow/example_dags/example_short_circuit_operator.py took 0.071 seconds
[2024-05-03T15:43:53.702+0000] {processor.py:161} INFO - Started process (PID=930) to work on /home/airflow/.local/lib/python3.12/site-packages/airflow/example_dags/example_short_circuit_operator.py
[2024-05-03T15:43:53.703+0000] {processor.py:830} INFO - Processing file /home/airflow/.local/lib/python3.12/site-packages/airflow/example_dags/example_short_circuit_operator.py for tasks to queue
[2024-05-03T15:43:53.704+0000] {logging_mixin.py:188} INFO - [2024-05-03T15:43:53.704+0000] {dagbag.py:540} INFO - Filling up the DagBag from /home/airflow/.local/lib/python3.12/site-packages/airflow/example_dags/example_short_circuit_operator.py
[2024-05-03T15:43:53.714+0000] {processor.py:840} INFO - DAG(s) 'example_short_circuit_operator' retrieved from /home/airflow/.local/lib/python3.12/site-packages/airflow/example_dags/example_short_circuit_operator.py
[2024-05-03T15:43:53.741+0000] {logging_mixin.py:188} INFO - [2024-05-03T15:43:53.741+0000] {dag.py:3096} INFO - Sync 1 DAGs
[2024-05-03T15:43:53.768+0000] {logging_mixin.py:188} INFO - [2024-05-03T15:43:53.767+0000] {dag.py:3954} INFO - Setting next_dagrun for example_short_circuit_operator to 2024-05-02 00:00:00+00:00, run_after=2024-05-03 00:00:00+00:00
[2024-05-03T15:43:53.794+0000] {processor.py:183} INFO - Processing /home/airflow/.local/lib/python3.12/site-packages/airflow/example_dags/example_short_circuit_operator.py took 0.099 seconds
[2024-05-03T15:44:23.819+0000] {processor.py:161} INFO - Started process (PID=991) to work on /home/airflow/.local/lib/python3.12/site-packages/airflow/example_dags/example_short_circuit_operator.py
[2024-05-03T15:44:23.820+0000] {processor.py:830} INFO - Processing file /home/airflow/.local/lib/python3.12/site-packages/airflow/example_dags/example_short_circuit_operator.py for tasks to queue
[2024-05-03T15:44:23.822+0000] {logging_mixin.py:188} INFO - [2024-05-03T15:44:23.822+0000] {dagbag.py:540} INFO - Filling up the DagBag from /home/airflow/.local/lib/python3.12/site-packages/airflow/example_dags/example_short_circuit_operator.py
[2024-05-03T15:44:23.833+0000] {processor.py:840} INFO - DAG(s) 'example_short_circuit_operator' retrieved from /home/airflow/.local/lib/python3.12/site-packages/airflow/example_dags/example_short_circuit_operator.py
[2024-05-03T15:44:23.853+0000] {logging_mixin.py:188} INFO - [2024-05-03T15:44:23.853+0000] {dag.py:3096} INFO - Sync 1 DAGs
[2024-05-03T15:44:23.871+0000] {logging_mixin.py:188} INFO - [2024-05-03T15:44:23.871+0000] {dag.py:3954} INFO - Setting next_dagrun for example_short_circuit_operator to 2024-05-02 00:00:00+00:00, run_after=2024-05-03 00:00:00+00:00
[2024-05-03T15:44:23.893+0000] {processor.py:183} INFO - Processing /home/airflow/.local/lib/python3.12/site-packages/airflow/example_dags/example_short_circuit_operator.py took 0.080 seconds
[2024-05-03T15:44:55.057+0000] {processor.py:161} INFO - Started process (PID=1053) to work on /home/airflow/.local/lib/python3.12/site-packages/airflow/example_dags/example_short_circuit_operator.py
[2024-05-03T15:44:55.074+0000] {processor.py:830} INFO - Processing file /home/airflow/.local/lib/python3.12/site-packages/airflow/example_dags/example_short_circuit_operator.py for tasks to queue
[2024-05-03T15:44:55.076+0000] {logging_mixin.py:188} INFO - [2024-05-03T15:44:55.076+0000] {dagbag.py:540} INFO - Filling up the DagBag from /home/airflow/.local/lib/python3.12/site-packages/airflow/example_dags/example_short_circuit_operator.py
[2024-05-03T15:44:55.092+0000] {processor.py:840} INFO - DAG(s) 'example_short_circuit_operator' retrieved from /home/airflow/.local/lib/python3.12/site-packages/airflow/example_dags/example_short_circuit_operator.py
[2024-05-03T15:44:55.120+0000] {logging_mixin.py:188} INFO - [2024-05-03T15:44:55.120+0000] {dag.py:3096} INFO - Sync 1 DAGs
[2024-05-03T15:44:55.145+0000] {logging_mixin.py:188} INFO - [2024-05-03T15:44:55.145+0000] {dag.py:3954} INFO - Setting next_dagrun for example_short_circuit_operator to 2024-05-02 00:00:00+00:00, run_after=2024-05-03 00:00:00+00:00
[2024-05-03T15:44:55.179+0000] {processor.py:183} INFO - Processing /home/airflow/.local/lib/python3.12/site-packages/airflow/example_dags/example_short_circuit_operator.py took 0.129 seconds
[2024-05-03T15:45:25.942+0000] {processor.py:161} INFO - Started process (PID=1114) to work on /home/airflow/.local/lib/python3.12/site-packages/airflow/example_dags/example_short_circuit_operator.py
[2024-05-03T15:45:25.943+0000] {processor.py:830} INFO - Processing file /home/airflow/.local/lib/python3.12/site-packages/airflow/example_dags/example_short_circuit_operator.py for tasks to queue
[2024-05-03T15:45:25.948+0000] {logging_mixin.py:188} INFO - [2024-05-03T15:45:25.947+0000] {dagbag.py:540} INFO - Filling up the DagBag from /home/airflow/.local/lib/python3.12/site-packages/airflow/example_dags/example_short_circuit_operator.py
[2024-05-03T15:45:25.970+0000] {processor.py:840} INFO - DAG(s) 'example_short_circuit_operator' retrieved from /home/airflow/.local/lib/python3.12/site-packages/airflow/example_dags/example_short_circuit_operator.py
[2024-05-03T15:45:26.039+0000] {logging_mixin.py:188} INFO - [2024-05-03T15:45:26.037+0000] {dag.py:3096} INFO - Sync 1 DAGs
[2024-05-03T15:45:26.167+0000] {logging_mixin.py:188} INFO - [2024-05-03T15:45:26.166+0000] {dag.py:3954} INFO - Setting next_dagrun for example_short_circuit_operator to 2024-05-02 00:00:00+00:00, run_after=2024-05-03 00:00:00+00:00
[2024-05-03T15:45:26.206+0000] {processor.py:183} INFO - Processing /home/airflow/.local/lib/python3.12/site-packages/airflow/example_dags/example_short_circuit_operator.py took 0.284 seconds
[2024-05-03T15:45:56.691+0000] {processor.py:161} INFO - Started process (PID=1175) to work on /home/airflow/.local/lib/python3.12/site-packages/airflow/example_dags/example_short_circuit_operator.py
[2024-05-03T15:45:56.692+0000] {processor.py:830} INFO - Processing file /home/airflow/.local/lib/python3.12/site-packages/airflow/example_dags/example_short_circuit_operator.py for tasks to queue
[2024-05-03T15:45:56.698+0000] {logging_mixin.py:188} INFO - [2024-05-03T15:45:56.698+0000] {dagbag.py:540} INFO - Filling up the DagBag from /home/airflow/.local/lib/python3.12/site-packages/airflow/example_dags/example_short_circuit_operator.py
[2024-05-03T15:45:56.708+0000] {processor.py:840} INFO - DAG(s) 'example_short_circuit_operator' retrieved from /home/airflow/.local/lib/python3.12/site-packages/airflow/example_dags/example_short_circuit_operator.py
[2024-05-03T15:45:56.735+0000] {logging_mixin.py:188} INFO - [2024-05-03T15:45:56.734+0000] {dag.py:3096} INFO - Sync 1 DAGs
[2024-05-03T15:45:56.761+0000] {logging_mixin.py:188} INFO - [2024-05-03T15:45:56.761+0000] {dag.py:3954} INFO - Setting next_dagrun for example_short_circuit_operator to 2024-05-02 00:00:00+00:00, run_after=2024-05-03 00:00:00+00:00
[2024-05-03T15:45:56.786+0000] {processor.py:183} INFO - Processing /home/airflow/.local/lib/python3.12/site-packages/airflow/example_dags/example_short_circuit_operator.py took 0.122 seconds
