[2024-05-03T15:36:35.850+0000] {processor.py:161} INFO - Started process (PID=67) to work on /home/airflow/.local/lib/python3.12/site-packages/airflow/example_dags/example_subdag_operator.py
[2024-05-03T15:36:35.851+0000] {processor.py:830} INFO - Processing file /home/airflow/.local/lib/python3.12/site-packages/airflow/example_dags/example_subdag_operator.py for tasks to queue
[2024-05-03T15:36:35.853+0000] {logging_mixin.py:188} INFO - [2024-05-03T15:36:35.853+0000] {dagbag.py:540} INFO - Filling up the DagBag from /home/airflow/.local/lib/python3.12/site-packages/airflow/example_dags/example_subdag_operator.py
[2024-05-03T15:36:35.884+0000] {processor.py:840} INFO - DAG(s) 'example_subdag_operator.section-1', 'example_subdag_operator.section-2', 'example_subdag_operator' retrieved from /home/airflow/.local/lib/python3.12/site-packages/airflow/example_dags/example_subdag_operator.py
[2024-05-03T15:36:35.904+0000] {logging_mixin.py:188} INFO - [2024-05-03T15:36:35.904+0000] {dag.py:3096} INFO - Sync 3 DAGs
[2024-05-03T15:36:35.926+0000] {logging_mixin.py:188} INFO - [2024-05-03T15:36:35.926+0000] {dag.py:3954} INFO - Setting next_dagrun for example_subdag_operator to 2022-01-01 00:00:00+00:00, run_after=2022-01-01 00:00:00+00:00
[2024-05-03T15:36:35.931+0000] {logging_mixin.py:188} INFO - [2024-05-03T15:36:35.930+0000] {dag.py:3954} INFO - Setting next_dagrun for example_subdag_operator.section-1 to None, run_after=None
[2024-05-03T15:36:35.932+0000] {logging_mixin.py:188} INFO - [2024-05-03T15:36:35.932+0000] {dag.py:3954} INFO - Setting next_dagrun for example_subdag_operator.section-2 to None, run_after=None
[2024-05-03T15:36:35.938+0000] {logging_mixin.py:188} INFO - [2024-05-03T15:36:35.938+0000] {dag.py:3096} INFO - Sync 2 DAGs
[2024-05-03T15:36:35.942+0000] {logging_mixin.py:188} INFO - [2024-05-03T15:36:35.942+0000] {dag.py:3954} INFO - Setting next_dagrun for example_subdag_operator.section-1 to None, run_after=None
[2024-05-03T15:36:35.942+0000] {logging_mixin.py:188} INFO - [2024-05-03T15:36:35.942+0000] {dag.py:3954} INFO - Setting next_dagrun for example_subdag_operator.section-2 to None, run_after=None
[2024-05-03T15:36:35.956+0000] {processor.py:183} INFO - Processing /home/airflow/.local/lib/python3.12/site-packages/airflow/example_dags/example_subdag_operator.py took 0.112 seconds
[2024-05-03T15:37:08.549+0000] {processor.py:161} INFO - Started process (PID=128) to work on /home/airflow/.local/lib/python3.12/site-packages/airflow/example_dags/example_subdag_operator.py
[2024-05-03T15:37:08.550+0000] {processor.py:830} INFO - Processing file /home/airflow/.local/lib/python3.12/site-packages/airflow/example_dags/example_subdag_operator.py for tasks to queue
[2024-05-03T15:37:08.552+0000] {logging_mixin.py:188} INFO - [2024-05-03T15:37:08.552+0000] {dagbag.py:540} INFO - Filling up the DagBag from /home/airflow/.local/lib/python3.12/site-packages/airflow/example_dags/example_subdag_operator.py
[2024-05-03T15:37:08.660+0000] {processor.py:840} INFO - DAG(s) 'example_subdag_operator.section-1', 'example_subdag_operator.section-2', 'example_subdag_operator' retrieved from /home/airflow/.local/lib/python3.12/site-packages/airflow/example_dags/example_subdag_operator.py
[2024-05-03T15:37:08.723+0000] {logging_mixin.py:188} INFO - [2024-05-03T15:37:08.722+0000] {dag.py:3096} INFO - Sync 3 DAGs
[2024-05-03T15:37:08.803+0000] {logging_mixin.py:188} INFO - [2024-05-03T15:37:08.802+0000] {dag.py:3954} INFO - Setting next_dagrun for example_subdag_operator to 2022-01-01 00:00:00+00:00, run_after=2022-01-01 00:00:00+00:00
[2024-05-03T15:37:08.852+0000] {logging_mixin.py:188} INFO - [2024-05-03T15:37:08.852+0000] {dag.py:3954} INFO - Setting next_dagrun for example_subdag_operator.section-1 to None, run_after=None
[2024-05-03T15:37:08.855+0000] {logging_mixin.py:188} INFO - [2024-05-03T15:37:08.855+0000] {dag.py:3954} INFO - Setting next_dagrun for example_subdag_operator.section-2 to None, run_after=None
[2024-05-03T15:37:08.878+0000] {logging_mixin.py:188} INFO - [2024-05-03T15:37:08.878+0000] {dag.py:3096} INFO - Sync 2 DAGs
[2024-05-03T15:37:08.900+0000] {logging_mixin.py:188} INFO - [2024-05-03T15:37:08.898+0000] {dag.py:3954} INFO - Setting next_dagrun for example_subdag_operator.section-1 to None, run_after=None
[2024-05-03T15:37:08.901+0000] {logging_mixin.py:188} INFO - [2024-05-03T15:37:08.900+0000] {dag.py:3954} INFO - Setting next_dagrun for example_subdag_operator.section-2 to None, run_after=None
[2024-05-03T15:37:08.933+0000] {processor.py:183} INFO - Processing /home/airflow/.local/lib/python3.12/site-packages/airflow/example_dags/example_subdag_operator.py took 0.411 seconds
[2024-05-03T15:37:43.815+0000] {processor.py:161} INFO - Started process (PID=189) to work on /home/airflow/.local/lib/python3.12/site-packages/airflow/example_dags/example_subdag_operator.py
[2024-05-03T15:37:43.826+0000] {processor.py:830} INFO - Processing file /home/airflow/.local/lib/python3.12/site-packages/airflow/example_dags/example_subdag_operator.py for tasks to queue
[2024-05-03T15:37:43.830+0000] {logging_mixin.py:188} INFO - [2024-05-03T15:37:43.829+0000] {dagbag.py:540} INFO - Filling up the DagBag from /home/airflow/.local/lib/python3.12/site-packages/airflow/example_dags/example_subdag_operator.py
[2024-05-03T15:37:43.895+0000] {processor.py:840} INFO - DAG(s) 'example_subdag_operator.section-1', 'example_subdag_operator.section-2', 'example_subdag_operator' retrieved from /home/airflow/.local/lib/python3.12/site-packages/airflow/example_dags/example_subdag_operator.py
[2024-05-03T15:37:44.023+0000] {logging_mixin.py:188} INFO - [2024-05-03T15:37:44.023+0000] {dag.py:3096} INFO - Sync 3 DAGs
[2024-05-03T15:37:44.195+0000] {logging_mixin.py:188} INFO - [2024-05-03T15:37:44.195+0000] {dag.py:3954} INFO - Setting next_dagrun for example_subdag_operator to 2022-01-01 00:00:00+00:00, run_after=2022-01-01 00:00:00+00:00
[2024-05-03T15:37:44.227+0000] {logging_mixin.py:188} INFO - [2024-05-03T15:37:44.227+0000] {dag.py:3954} INFO - Setting next_dagrun for example_subdag_operator.section-1 to None, run_after=None
[2024-05-03T15:37:44.238+0000] {logging_mixin.py:188} INFO - [2024-05-03T15:37:44.238+0000] {dag.py:3954} INFO - Setting next_dagrun for example_subdag_operator.section-2 to None, run_after=None
[2024-05-03T15:37:44.276+0000] {logging_mixin.py:188} INFO - [2024-05-03T15:37:44.276+0000] {dag.py:3096} INFO - Sync 2 DAGs
[2024-05-03T15:37:44.318+0000] {logging_mixin.py:188} INFO - [2024-05-03T15:37:44.318+0000] {dag.py:3954} INFO - Setting next_dagrun for example_subdag_operator.section-1 to None, run_after=None
[2024-05-03T15:37:44.319+0000] {logging_mixin.py:188} INFO - [2024-05-03T15:37:44.318+0000] {dag.py:3954} INFO - Setting next_dagrun for example_subdag_operator.section-2 to None, run_after=None
[2024-05-03T15:37:44.386+0000] {processor.py:183} INFO - Processing /home/airflow/.local/lib/python3.12/site-packages/airflow/example_dags/example_subdag_operator.py took 0.589 seconds
[2024-05-03T15:38:14.933+0000] {processor.py:161} INFO - Started process (PID=249) to work on /home/airflow/.local/lib/python3.12/site-packages/airflow/example_dags/example_subdag_operator.py
[2024-05-03T15:38:14.934+0000] {processor.py:830} INFO - Processing file /home/airflow/.local/lib/python3.12/site-packages/airflow/example_dags/example_subdag_operator.py for tasks to queue
[2024-05-03T15:38:14.936+0000] {logging_mixin.py:188} INFO - [2024-05-03T15:38:14.935+0000] {dagbag.py:540} INFO - Filling up the DagBag from /home/airflow/.local/lib/python3.12/site-packages/airflow/example_dags/example_subdag_operator.py
[2024-05-03T15:38:14.962+0000] {processor.py:840} INFO - DAG(s) 'example_subdag_operator.section-1', 'example_subdag_operator.section-2', 'example_subdag_operator' retrieved from /home/airflow/.local/lib/python3.12/site-packages/airflow/example_dags/example_subdag_operator.py
[2024-05-03T15:38:14.982+0000] {logging_mixin.py:188} INFO - [2024-05-03T15:38:14.982+0000] {dag.py:3096} INFO - Sync 3 DAGs
[2024-05-03T15:38:15.017+0000] {logging_mixin.py:188} INFO - [2024-05-03T15:38:15.017+0000] {dag.py:3954} INFO - Setting next_dagrun for example_subdag_operator to 2022-01-01 00:00:00+00:00, run_after=2022-01-01 00:00:00+00:00
[2024-05-03T15:38:15.022+0000] {logging_mixin.py:188} INFO - [2024-05-03T15:38:15.022+0000] {dag.py:3954} INFO - Setting next_dagrun for example_subdag_operator.section-1 to None, run_after=None
[2024-05-03T15:38:15.024+0000] {logging_mixin.py:188} INFO - [2024-05-03T15:38:15.023+0000] {dag.py:3954} INFO - Setting next_dagrun for example_subdag_operator.section-2 to None, run_after=None
[2024-05-03T15:38:15.029+0000] {logging_mixin.py:188} INFO - [2024-05-03T15:38:15.029+0000] {dag.py:3096} INFO - Sync 2 DAGs
[2024-05-03T15:38:15.036+0000] {logging_mixin.py:188} INFO - [2024-05-03T15:38:15.036+0000] {dag.py:3954} INFO - Setting next_dagrun for example_subdag_operator.section-1 to None, run_after=None
[2024-05-03T15:38:15.037+0000] {logging_mixin.py:188} INFO - [2024-05-03T15:38:15.036+0000] {dag.py:3954} INFO - Setting next_dagrun for example_subdag_operator.section-2 to None, run_after=None
[2024-05-03T15:38:15.056+0000] {processor.py:183} INFO - Processing /home/airflow/.local/lib/python3.12/site-packages/airflow/example_dags/example_subdag_operator.py took 0.128 seconds
[2024-05-03T15:38:45.677+0000] {processor.py:161} INFO - Started process (PID=310) to work on /home/airflow/.local/lib/python3.12/site-packages/airflow/example_dags/example_subdag_operator.py
[2024-05-03T15:38:45.678+0000] {processor.py:830} INFO - Processing file /home/airflow/.local/lib/python3.12/site-packages/airflow/example_dags/example_subdag_operator.py for tasks to queue
[2024-05-03T15:38:45.680+0000] {logging_mixin.py:188} INFO - [2024-05-03T15:38:45.679+0000] {dagbag.py:540} INFO - Filling up the DagBag from /home/airflow/.local/lib/python3.12/site-packages/airflow/example_dags/example_subdag_operator.py
[2024-05-03T15:38:45.713+0000] {processor.py:840} INFO - DAG(s) 'example_subdag_operator.section-1', 'example_subdag_operator.section-2', 'example_subdag_operator' retrieved from /home/airflow/.local/lib/python3.12/site-packages/airflow/example_dags/example_subdag_operator.py
[2024-05-03T15:38:45.734+0000] {logging_mixin.py:188} INFO - [2024-05-03T15:38:45.733+0000] {dag.py:3096} INFO - Sync 3 DAGs
[2024-05-03T15:38:45.766+0000] {logging_mixin.py:188} INFO - [2024-05-03T15:38:45.765+0000] {dag.py:3954} INFO - Setting next_dagrun for example_subdag_operator to 2022-01-01 00:00:00+00:00, run_after=2022-01-01 00:00:00+00:00
[2024-05-03T15:38:45.774+0000] {logging_mixin.py:188} INFO - [2024-05-03T15:38:45.774+0000] {dag.py:3954} INFO - Setting next_dagrun for example_subdag_operator.section-1 to None, run_after=None
[2024-05-03T15:38:45.776+0000] {logging_mixin.py:188} INFO - [2024-05-03T15:38:45.776+0000] {dag.py:3954} INFO - Setting next_dagrun for example_subdag_operator.section-2 to None, run_after=None
[2024-05-03T15:38:45.783+0000] {logging_mixin.py:188} INFO - [2024-05-03T15:38:45.783+0000] {dag.py:3096} INFO - Sync 2 DAGs
[2024-05-03T15:38:45.788+0000] {logging_mixin.py:188} INFO - [2024-05-03T15:38:45.788+0000] {dag.py:3954} INFO - Setting next_dagrun for example_subdag_operator.section-1 to None, run_after=None
[2024-05-03T15:38:45.789+0000] {logging_mixin.py:188} INFO - [2024-05-03T15:38:45.789+0000] {dag.py:3954} INFO - Setting next_dagrun for example_subdag_operator.section-2 to None, run_after=None
[2024-05-03T15:38:45.806+0000] {processor.py:183} INFO - Processing /home/airflow/.local/lib/python3.12/site-packages/airflow/example_dags/example_subdag_operator.py took 0.135 seconds
[2024-05-03T15:39:16.337+0000] {processor.py:161} INFO - Started process (PID=372) to work on /home/airflow/.local/lib/python3.12/site-packages/airflow/example_dags/example_subdag_operator.py
[2024-05-03T15:39:16.338+0000] {processor.py:830} INFO - Processing file /home/airflow/.local/lib/python3.12/site-packages/airflow/example_dags/example_subdag_operator.py for tasks to queue
[2024-05-03T15:39:16.340+0000] {logging_mixin.py:188} INFO - [2024-05-03T15:39:16.340+0000] {dagbag.py:540} INFO - Filling up the DagBag from /home/airflow/.local/lib/python3.12/site-packages/airflow/example_dags/example_subdag_operator.py
[2024-05-03T15:39:16.367+0000] {processor.py:840} INFO - DAG(s) 'example_subdag_operator.section-1', 'example_subdag_operator.section-2', 'example_subdag_operator' retrieved from /home/airflow/.local/lib/python3.12/site-packages/airflow/example_dags/example_subdag_operator.py
[2024-05-03T15:39:16.387+0000] {logging_mixin.py:188} INFO - [2024-05-03T15:39:16.387+0000] {dag.py:3096} INFO - Sync 3 DAGs
[2024-05-03T15:39:16.412+0000] {logging_mixin.py:188} INFO - [2024-05-03T15:39:16.412+0000] {dag.py:3954} INFO - Setting next_dagrun for example_subdag_operator to 2022-01-01 00:00:00+00:00, run_after=2022-01-01 00:00:00+00:00
[2024-05-03T15:39:16.418+0000] {logging_mixin.py:188} INFO - [2024-05-03T15:39:16.417+0000] {dag.py:3954} INFO - Setting next_dagrun for example_subdag_operator.section-1 to None, run_after=None
[2024-05-03T15:39:16.419+0000] {logging_mixin.py:188} INFO - [2024-05-03T15:39:16.419+0000] {dag.py:3954} INFO - Setting next_dagrun for example_subdag_operator.section-2 to None, run_after=None
[2024-05-03T15:39:16.426+0000] {logging_mixin.py:188} INFO - [2024-05-03T15:39:16.426+0000] {dag.py:3096} INFO - Sync 2 DAGs
[2024-05-03T15:39:16.431+0000] {logging_mixin.py:188} INFO - [2024-05-03T15:39:16.431+0000] {dag.py:3954} INFO - Setting next_dagrun for example_subdag_operator.section-1 to None, run_after=None
[2024-05-03T15:39:16.432+0000] {logging_mixin.py:188} INFO - [2024-05-03T15:39:16.431+0000] {dag.py:3954} INFO - Setting next_dagrun for example_subdag_operator.section-2 to None, run_after=None
[2024-05-03T15:39:16.449+0000] {processor.py:183} INFO - Processing /home/airflow/.local/lib/python3.12/site-packages/airflow/example_dags/example_subdag_operator.py took 0.118 seconds
[2024-05-03T15:39:46.664+0000] {processor.py:161} INFO - Started process (PID=433) to work on /home/airflow/.local/lib/python3.12/site-packages/airflow/example_dags/example_subdag_operator.py
[2024-05-03T15:39:46.669+0000] {processor.py:830} INFO - Processing file /home/airflow/.local/lib/python3.12/site-packages/airflow/example_dags/example_subdag_operator.py for tasks to queue
[2024-05-03T15:39:46.674+0000] {logging_mixin.py:188} INFO - [2024-05-03T15:39:46.674+0000] {dagbag.py:540} INFO - Filling up the DagBag from /home/airflow/.local/lib/python3.12/site-packages/airflow/example_dags/example_subdag_operator.py
[2024-05-03T15:39:46.713+0000] {processor.py:840} INFO - DAG(s) 'example_subdag_operator.section-1', 'example_subdag_operator.section-2', 'example_subdag_operator' retrieved from /home/airflow/.local/lib/python3.12/site-packages/airflow/example_dags/example_subdag_operator.py
[2024-05-03T15:39:46.759+0000] {logging_mixin.py:188} INFO - [2024-05-03T15:39:46.759+0000] {dag.py:3096} INFO - Sync 3 DAGs
[2024-05-03T15:39:46.804+0000] {logging_mixin.py:188} INFO - [2024-05-03T15:39:46.804+0000] {dag.py:3954} INFO - Setting next_dagrun for example_subdag_operator to 2022-01-01 00:00:00+00:00, run_after=2022-01-01 00:00:00+00:00
[2024-05-03T15:39:46.808+0000] {logging_mixin.py:188} INFO - [2024-05-03T15:39:46.808+0000] {dag.py:3954} INFO - Setting next_dagrun for example_subdag_operator.section-1 to None, run_after=None
[2024-05-03T15:39:46.810+0000] {logging_mixin.py:188} INFO - [2024-05-03T15:39:46.810+0000] {dag.py:3954} INFO - Setting next_dagrun for example_subdag_operator.section-2 to None, run_after=None
[2024-05-03T15:39:46.818+0000] {logging_mixin.py:188} INFO - [2024-05-03T15:39:46.818+0000] {dag.py:3096} INFO - Sync 2 DAGs
[2024-05-03T15:39:46.826+0000] {logging_mixin.py:188} INFO - [2024-05-03T15:39:46.825+0000] {dag.py:3954} INFO - Setting next_dagrun for example_subdag_operator.section-1 to None, run_after=None
[2024-05-03T15:39:46.826+0000] {logging_mixin.py:188} INFO - [2024-05-03T15:39:46.826+0000] {dag.py:3954} INFO - Setting next_dagrun for example_subdag_operator.section-2 to None, run_after=None
[2024-05-03T15:39:46.866+0000] {processor.py:183} INFO - Processing /home/airflow/.local/lib/python3.12/site-packages/airflow/example_dags/example_subdag_operator.py took 0.212 seconds
[2024-05-03T15:40:17.185+0000] {processor.py:161} INFO - Started process (PID=494) to work on /home/airflow/.local/lib/python3.12/site-packages/airflow/example_dags/example_subdag_operator.py
[2024-05-03T15:40:17.186+0000] {processor.py:830} INFO - Processing file /home/airflow/.local/lib/python3.12/site-packages/airflow/example_dags/example_subdag_operator.py for tasks to queue
[2024-05-03T15:40:17.188+0000] {logging_mixin.py:188} INFO - [2024-05-03T15:40:17.187+0000] {dagbag.py:540} INFO - Filling up the DagBag from /home/airflow/.local/lib/python3.12/site-packages/airflow/example_dags/example_subdag_operator.py
[2024-05-03T15:40:17.214+0000] {processor.py:840} INFO - DAG(s) 'example_subdag_operator.section-1', 'example_subdag_operator.section-2', 'example_subdag_operator' retrieved from /home/airflow/.local/lib/python3.12/site-packages/airflow/example_dags/example_subdag_operator.py
[2024-05-03T15:40:17.236+0000] {logging_mixin.py:188} INFO - [2024-05-03T15:40:17.236+0000] {dag.py:3096} INFO - Sync 3 DAGs
[2024-05-03T15:40:17.263+0000] {logging_mixin.py:188} INFO - [2024-05-03T15:40:17.263+0000] {dag.py:3954} INFO - Setting next_dagrun for example_subdag_operator to 2022-01-01 00:00:00+00:00, run_after=2022-01-01 00:00:00+00:00
[2024-05-03T15:40:17.267+0000] {logging_mixin.py:188} INFO - [2024-05-03T15:40:17.267+0000] {dag.py:3954} INFO - Setting next_dagrun for example_subdag_operator.section-1 to None, run_after=None
[2024-05-03T15:40:17.269+0000] {logging_mixin.py:188} INFO - [2024-05-03T15:40:17.269+0000] {dag.py:3954} INFO - Setting next_dagrun for example_subdag_operator.section-2 to None, run_after=None
[2024-05-03T15:40:17.277+0000] {logging_mixin.py:188} INFO - [2024-05-03T15:40:17.277+0000] {dag.py:3096} INFO - Sync 2 DAGs
[2024-05-03T15:40:17.284+0000] {logging_mixin.py:188} INFO - [2024-05-03T15:40:17.283+0000] {dag.py:3954} INFO - Setting next_dagrun for example_subdag_operator.section-1 to None, run_after=None
[2024-05-03T15:40:17.284+0000] {logging_mixin.py:188} INFO - [2024-05-03T15:40:17.284+0000] {dag.py:3954} INFO - Setting next_dagrun for example_subdag_operator.section-2 to None, run_after=None
[2024-05-03T15:40:17.300+0000] {processor.py:183} INFO - Processing /home/airflow/.local/lib/python3.12/site-packages/airflow/example_dags/example_subdag_operator.py took 0.121 seconds
[2024-05-03T15:40:47.841+0000] {processor.py:161} INFO - Started process (PID=556) to work on /home/airflow/.local/lib/python3.12/site-packages/airflow/example_dags/example_subdag_operator.py
[2024-05-03T15:40:47.842+0000] {processor.py:830} INFO - Processing file /home/airflow/.local/lib/python3.12/site-packages/airflow/example_dags/example_subdag_operator.py for tasks to queue
[2024-05-03T15:40:47.844+0000] {logging_mixin.py:188} INFO - [2024-05-03T15:40:47.844+0000] {dagbag.py:540} INFO - Filling up the DagBag from /home/airflow/.local/lib/python3.12/site-packages/airflow/example_dags/example_subdag_operator.py
[2024-05-03T15:40:47.873+0000] {processor.py:840} INFO - DAG(s) 'example_subdag_operator.section-1', 'example_subdag_operator.section-2', 'example_subdag_operator' retrieved from /home/airflow/.local/lib/python3.12/site-packages/airflow/example_dags/example_subdag_operator.py
[2024-05-03T15:40:47.892+0000] {logging_mixin.py:188} INFO - [2024-05-03T15:40:47.891+0000] {dag.py:3096} INFO - Sync 3 DAGs
[2024-05-03T15:40:47.917+0000] {logging_mixin.py:188} INFO - [2024-05-03T15:40:47.917+0000] {dag.py:3954} INFO - Setting next_dagrun for example_subdag_operator to 2022-01-01 00:00:00+00:00, run_after=2022-01-01 00:00:00+00:00
[2024-05-03T15:40:47.922+0000] {logging_mixin.py:188} INFO - [2024-05-03T15:40:47.922+0000] {dag.py:3954} INFO - Setting next_dagrun for example_subdag_operator.section-1 to None, run_after=None
[2024-05-03T15:40:47.924+0000] {logging_mixin.py:188} INFO - [2024-05-03T15:40:47.923+0000] {dag.py:3954} INFO - Setting next_dagrun for example_subdag_operator.section-2 to None, run_after=None
[2024-05-03T15:40:47.930+0000] {logging_mixin.py:188} INFO - [2024-05-03T15:40:47.930+0000] {dag.py:3096} INFO - Sync 2 DAGs
[2024-05-03T15:40:47.935+0000] {logging_mixin.py:188} INFO - [2024-05-03T15:40:47.935+0000] {dag.py:3954} INFO - Setting next_dagrun for example_subdag_operator.section-1 to None, run_after=None
[2024-05-03T15:40:47.936+0000] {logging_mixin.py:188} INFO - [2024-05-03T15:40:47.936+0000] {dag.py:3954} INFO - Setting next_dagrun for example_subdag_operator.section-2 to None, run_after=None
[2024-05-03T15:40:47.951+0000] {processor.py:183} INFO - Processing /home/airflow/.local/lib/python3.12/site-packages/airflow/example_dags/example_subdag_operator.py took 0.116 seconds
[2024-05-03T15:41:18.819+0000] {processor.py:161} INFO - Started process (PID=617) to work on /home/airflow/.local/lib/python3.12/site-packages/airflow/example_dags/example_subdag_operator.py
[2024-05-03T15:41:18.820+0000] {processor.py:830} INFO - Processing file /home/airflow/.local/lib/python3.12/site-packages/airflow/example_dags/example_subdag_operator.py for tasks to queue
[2024-05-03T15:41:18.823+0000] {logging_mixin.py:188} INFO - [2024-05-03T15:41:18.823+0000] {dagbag.py:540} INFO - Filling up the DagBag from /home/airflow/.local/lib/python3.12/site-packages/airflow/example_dags/example_subdag_operator.py
[2024-05-03T15:41:18.853+0000] {processor.py:840} INFO - DAG(s) 'example_subdag_operator.section-1', 'example_subdag_operator.section-2', 'example_subdag_operator' retrieved from /home/airflow/.local/lib/python3.12/site-packages/airflow/example_dags/example_subdag_operator.py
[2024-05-03T15:41:18.906+0000] {logging_mixin.py:188} INFO - [2024-05-03T15:41:18.906+0000] {dag.py:3096} INFO - Sync 3 DAGs
[2024-05-03T15:41:18.959+0000] {logging_mixin.py:188} INFO - [2024-05-03T15:41:18.958+0000] {dag.py:3954} INFO - Setting next_dagrun for example_subdag_operator to 2022-01-01 00:00:00+00:00, run_after=2022-01-01 00:00:00+00:00
[2024-05-03T15:41:18.968+0000] {logging_mixin.py:188} INFO - [2024-05-03T15:41:18.968+0000] {dag.py:3954} INFO - Setting next_dagrun for example_subdag_operator.section-1 to None, run_after=None
[2024-05-03T15:41:18.970+0000] {logging_mixin.py:188} INFO - [2024-05-03T15:41:18.970+0000] {dag.py:3954} INFO - Setting next_dagrun for example_subdag_operator.section-2 to None, run_after=None
[2024-05-03T15:41:18.990+0000] {logging_mixin.py:188} INFO - [2024-05-03T15:41:18.990+0000] {dag.py:3096} INFO - Sync 2 DAGs
[2024-05-03T15:41:19.005+0000] {logging_mixin.py:188} INFO - [2024-05-03T15:41:19.005+0000] {dag.py:3954} INFO - Setting next_dagrun for example_subdag_operator.section-1 to None, run_after=None
[2024-05-03T15:41:19.005+0000] {logging_mixin.py:188} INFO - [2024-05-03T15:41:19.005+0000] {dag.py:3954} INFO - Setting next_dagrun for example_subdag_operator.section-2 to None, run_after=None
[2024-05-03T15:41:19.033+0000] {processor.py:183} INFO - Processing /home/airflow/.local/lib/python3.12/site-packages/airflow/example_dags/example_subdag_operator.py took 0.228 seconds
[2024-05-03T15:41:51.411+0000] {processor.py:161} INFO - Started process (PID=684) to work on /home/airflow/.local/lib/python3.12/site-packages/airflow/example_dags/example_subdag_operator.py
[2024-05-03T15:41:51.412+0000] {processor.py:830} INFO - Processing file /home/airflow/.local/lib/python3.12/site-packages/airflow/example_dags/example_subdag_operator.py for tasks to queue
[2024-05-03T15:41:51.414+0000] {logging_mixin.py:188} INFO - [2024-05-03T15:41:51.414+0000] {dagbag.py:540} INFO - Filling up the DagBag from /home/airflow/.local/lib/python3.12/site-packages/airflow/example_dags/example_subdag_operator.py
[2024-05-03T15:41:51.479+0000] {processor.py:840} INFO - DAG(s) 'example_subdag_operator.section-1', 'example_subdag_operator.section-2', 'example_subdag_operator' retrieved from /home/airflow/.local/lib/python3.12/site-packages/airflow/example_dags/example_subdag_operator.py
[2024-05-03T15:41:51.558+0000] {logging_mixin.py:188} INFO - [2024-05-03T15:41:51.558+0000] {dag.py:3096} INFO - Sync 3 DAGs
[2024-05-03T15:41:51.635+0000] {logging_mixin.py:188} INFO - [2024-05-03T15:41:51.634+0000] {dag.py:3954} INFO - Setting next_dagrun for example_subdag_operator to 2022-01-01 00:00:00+00:00, run_after=2022-01-01 00:00:00+00:00
[2024-05-03T15:41:51.650+0000] {logging_mixin.py:188} INFO - [2024-05-03T15:41:51.650+0000] {dag.py:3954} INFO - Setting next_dagrun for example_subdag_operator.section-1 to None, run_after=None
[2024-05-03T15:41:51.652+0000] {logging_mixin.py:188} INFO - [2024-05-03T15:41:51.651+0000] {dag.py:3954} INFO - Setting next_dagrun for example_subdag_operator.section-2 to None, run_after=None
[2024-05-03T15:41:51.671+0000] {logging_mixin.py:188} INFO - [2024-05-03T15:41:51.671+0000] {dag.py:3096} INFO - Sync 2 DAGs
[2024-05-03T15:41:51.693+0000] {logging_mixin.py:188} INFO - [2024-05-03T15:41:51.692+0000] {dag.py:3954} INFO - Setting next_dagrun for example_subdag_operator.section-1 to None, run_after=None
[2024-05-03T15:41:51.693+0000] {logging_mixin.py:188} INFO - [2024-05-03T15:41:51.693+0000] {dag.py:3954} INFO - Setting next_dagrun for example_subdag_operator.section-2 to None, run_after=None
[2024-05-03T15:41:51.732+0000] {processor.py:183} INFO - Processing /home/airflow/.local/lib/python3.12/site-packages/airflow/example_dags/example_subdag_operator.py took 0.363 seconds
[2024-05-03T15:42:22.181+0000] {processor.py:161} INFO - Started process (PID=746) to work on /home/airflow/.local/lib/python3.12/site-packages/airflow/example_dags/example_subdag_operator.py
[2024-05-03T15:42:22.183+0000] {processor.py:830} INFO - Processing file /home/airflow/.local/lib/python3.12/site-packages/airflow/example_dags/example_subdag_operator.py for tasks to queue
[2024-05-03T15:42:22.186+0000] {logging_mixin.py:188} INFO - [2024-05-03T15:42:22.186+0000] {dagbag.py:540} INFO - Filling up the DagBag from /home/airflow/.local/lib/python3.12/site-packages/airflow/example_dags/example_subdag_operator.py
[2024-05-03T15:42:22.230+0000] {processor.py:840} INFO - DAG(s) 'example_subdag_operator.section-1', 'example_subdag_operator.section-2', 'example_subdag_operator' retrieved from /home/airflow/.local/lib/python3.12/site-packages/airflow/example_dags/example_subdag_operator.py
[2024-05-03T15:42:22.259+0000] {logging_mixin.py:188} INFO - [2024-05-03T15:42:22.259+0000] {dag.py:3096} INFO - Sync 3 DAGs
[2024-05-03T15:42:22.289+0000] {logging_mixin.py:188} INFO - [2024-05-03T15:42:22.289+0000] {dag.py:3954} INFO - Setting next_dagrun for example_subdag_operator to 2022-01-01 00:00:00+00:00, run_after=2022-01-01 00:00:00+00:00
[2024-05-03T15:42:22.302+0000] {logging_mixin.py:188} INFO - [2024-05-03T15:42:22.302+0000] {dag.py:3954} INFO - Setting next_dagrun for example_subdag_operator.section-1 to None, run_after=None
[2024-05-03T15:42:22.304+0000] {logging_mixin.py:188} INFO - [2024-05-03T15:42:22.304+0000] {dag.py:3954} INFO - Setting next_dagrun for example_subdag_operator.section-2 to None, run_after=None
[2024-05-03T15:42:22.317+0000] {logging_mixin.py:188} INFO - [2024-05-03T15:42:22.316+0000] {dag.py:3096} INFO - Sync 2 DAGs
[2024-05-03T15:42:22.322+0000] {logging_mixin.py:188} INFO - [2024-05-03T15:42:22.322+0000] {dag.py:3954} INFO - Setting next_dagrun for example_subdag_operator.section-1 to None, run_after=None
[2024-05-03T15:42:22.323+0000] {logging_mixin.py:188} INFO - [2024-05-03T15:42:22.323+0000] {dag.py:3954} INFO - Setting next_dagrun for example_subdag_operator.section-2 to None, run_after=None
[2024-05-03T15:42:22.356+0000] {processor.py:183} INFO - Processing /home/airflow/.local/lib/python3.12/site-packages/airflow/example_dags/example_subdag_operator.py took 0.197 seconds
[2024-05-03T15:42:52.640+0000] {processor.py:161} INFO - Started process (PID=807) to work on /home/airflow/.local/lib/python3.12/site-packages/airflow/example_dags/example_subdag_operator.py
[2024-05-03T15:42:52.641+0000] {processor.py:830} INFO - Processing file /home/airflow/.local/lib/python3.12/site-packages/airflow/example_dags/example_subdag_operator.py for tasks to queue
[2024-05-03T15:42:52.643+0000] {logging_mixin.py:188} INFO - [2024-05-03T15:42:52.642+0000] {dagbag.py:540} INFO - Filling up the DagBag from /home/airflow/.local/lib/python3.12/site-packages/airflow/example_dags/example_subdag_operator.py
[2024-05-03T15:42:52.668+0000] {processor.py:840} INFO - DAG(s) 'example_subdag_operator.section-1', 'example_subdag_operator.section-2', 'example_subdag_operator' retrieved from /home/airflow/.local/lib/python3.12/site-packages/airflow/example_dags/example_subdag_operator.py
[2024-05-03T15:42:52.689+0000] {logging_mixin.py:188} INFO - [2024-05-03T15:42:52.688+0000] {dag.py:3096} INFO - Sync 3 DAGs
[2024-05-03T15:42:52.713+0000] {logging_mixin.py:188} INFO - [2024-05-03T15:42:52.712+0000] {dag.py:3954} INFO - Setting next_dagrun for example_subdag_operator to 2022-01-01 00:00:00+00:00, run_after=2022-01-01 00:00:00+00:00
[2024-05-03T15:42:52.717+0000] {logging_mixin.py:188} INFO - [2024-05-03T15:42:52.716+0000] {dag.py:3954} INFO - Setting next_dagrun for example_subdag_operator.section-1 to None, run_after=None
[2024-05-03T15:42:52.718+0000] {logging_mixin.py:188} INFO - [2024-05-03T15:42:52.718+0000] {dag.py:3954} INFO - Setting next_dagrun for example_subdag_operator.section-2 to None, run_after=None
[2024-05-03T15:42:52.725+0000] {logging_mixin.py:188} INFO - [2024-05-03T15:42:52.725+0000] {dag.py:3096} INFO - Sync 2 DAGs
[2024-05-03T15:42:52.731+0000] {logging_mixin.py:188} INFO - [2024-05-03T15:42:52.731+0000] {dag.py:3954} INFO - Setting next_dagrun for example_subdag_operator.section-1 to None, run_after=None
[2024-05-03T15:42:52.732+0000] {logging_mixin.py:188} INFO - [2024-05-03T15:42:52.732+0000] {dag.py:3954} INFO - Setting next_dagrun for example_subdag_operator.section-2 to None, run_after=None
[2024-05-03T15:42:52.748+0000] {processor.py:183} INFO - Processing /home/airflow/.local/lib/python3.12/site-packages/airflow/example_dags/example_subdag_operator.py took 0.117 seconds
[2024-05-03T15:43:23.364+0000] {processor.py:161} INFO - Started process (PID=868) to work on /home/airflow/.local/lib/python3.12/site-packages/airflow/example_dags/example_subdag_operator.py
[2024-05-03T15:43:23.365+0000] {processor.py:830} INFO - Processing file /home/airflow/.local/lib/python3.12/site-packages/airflow/example_dags/example_subdag_operator.py for tasks to queue
[2024-05-03T15:43:23.367+0000] {logging_mixin.py:188} INFO - [2024-05-03T15:43:23.367+0000] {dagbag.py:540} INFO - Filling up the DagBag from /home/airflow/.local/lib/python3.12/site-packages/airflow/example_dags/example_subdag_operator.py
[2024-05-03T15:43:23.393+0000] {processor.py:840} INFO - DAG(s) 'example_subdag_operator.section-1', 'example_subdag_operator.section-2', 'example_subdag_operator' retrieved from /home/airflow/.local/lib/python3.12/site-packages/airflow/example_dags/example_subdag_operator.py
[2024-05-03T15:43:23.424+0000] {logging_mixin.py:188} INFO - [2024-05-03T15:43:23.423+0000] {dag.py:3096} INFO - Sync 3 DAGs
[2024-05-03T15:43:23.451+0000] {logging_mixin.py:188} INFO - [2024-05-03T15:43:23.450+0000] {dag.py:3954} INFO - Setting next_dagrun for example_subdag_operator to 2022-01-01 00:00:00+00:00, run_after=2022-01-01 00:00:00+00:00
[2024-05-03T15:43:23.457+0000] {logging_mixin.py:188} INFO - [2024-05-03T15:43:23.457+0000] {dag.py:3954} INFO - Setting next_dagrun for example_subdag_operator.section-1 to None, run_after=None
[2024-05-03T15:43:23.459+0000] {logging_mixin.py:188} INFO - [2024-05-03T15:43:23.459+0000] {dag.py:3954} INFO - Setting next_dagrun for example_subdag_operator.section-2 to None, run_after=None
[2024-05-03T15:43:23.467+0000] {logging_mixin.py:188} INFO - [2024-05-03T15:43:23.467+0000] {dag.py:3096} INFO - Sync 2 DAGs
[2024-05-03T15:43:23.473+0000] {logging_mixin.py:188} INFO - [2024-05-03T15:43:23.473+0000] {dag.py:3954} INFO - Setting next_dagrun for example_subdag_operator.section-1 to None, run_after=None
[2024-05-03T15:43:23.474+0000] {logging_mixin.py:188} INFO - [2024-05-03T15:43:23.474+0000] {dag.py:3954} INFO - Setting next_dagrun for example_subdag_operator.section-2 to None, run_after=None
[2024-05-03T15:43:23.490+0000] {processor.py:183} INFO - Processing /home/airflow/.local/lib/python3.12/site-packages/airflow/example_dags/example_subdag_operator.py took 0.134 seconds
[2024-05-03T15:43:53.693+0000] {processor.py:161} INFO - Started process (PID=929) to work on /home/airflow/.local/lib/python3.12/site-packages/airflow/example_dags/example_subdag_operator.py
[2024-05-03T15:43:53.694+0000] {processor.py:830} INFO - Processing file /home/airflow/.local/lib/python3.12/site-packages/airflow/example_dags/example_subdag_operator.py for tasks to queue
[2024-05-03T15:43:53.696+0000] {logging_mixin.py:188} INFO - [2024-05-03T15:43:53.695+0000] {dagbag.py:540} INFO - Filling up the DagBag from /home/airflow/.local/lib/python3.12/site-packages/airflow/example_dags/example_subdag_operator.py
[2024-05-03T15:43:53.723+0000] {processor.py:840} INFO - DAG(s) 'example_subdag_operator.section-1', 'example_subdag_operator.section-2', 'example_subdag_operator' retrieved from /home/airflow/.local/lib/python3.12/site-packages/airflow/example_dags/example_subdag_operator.py
[2024-05-03T15:43:53.744+0000] {logging_mixin.py:188} INFO - [2024-05-03T15:43:53.743+0000] {dag.py:3096} INFO - Sync 3 DAGs
[2024-05-03T15:43:53.770+0000] {logging_mixin.py:188} INFO - [2024-05-03T15:43:53.769+0000] {dag.py:3954} INFO - Setting next_dagrun for example_subdag_operator to 2022-01-01 00:00:00+00:00, run_after=2022-01-01 00:00:00+00:00
[2024-05-03T15:43:53.774+0000] {logging_mixin.py:188} INFO - [2024-05-03T15:43:53.774+0000] {dag.py:3954} INFO - Setting next_dagrun for example_subdag_operator.section-1 to None, run_after=None
[2024-05-03T15:43:53.775+0000] {logging_mixin.py:188} INFO - [2024-05-03T15:43:53.775+0000] {dag.py:3954} INFO - Setting next_dagrun for example_subdag_operator.section-2 to None, run_after=None
[2024-05-03T15:43:53.782+0000] {logging_mixin.py:188} INFO - [2024-05-03T15:43:53.782+0000] {dag.py:3096} INFO - Sync 2 DAGs
[2024-05-03T15:43:53.787+0000] {logging_mixin.py:188} INFO - [2024-05-03T15:43:53.787+0000] {dag.py:3954} INFO - Setting next_dagrun for example_subdag_operator.section-1 to None, run_after=None
[2024-05-03T15:43:53.788+0000] {logging_mixin.py:188} INFO - [2024-05-03T15:43:53.788+0000] {dag.py:3954} INFO - Setting next_dagrun for example_subdag_operator.section-2 to None, run_after=None
[2024-05-03T15:43:53.803+0000] {processor.py:183} INFO - Processing /home/airflow/.local/lib/python3.12/site-packages/airflow/example_dags/example_subdag_operator.py took 0.117 seconds
[2024-05-03T15:44:23.917+0000] {processor.py:161} INFO - Started process (PID=992) to work on /home/airflow/.local/lib/python3.12/site-packages/airflow/example_dags/example_subdag_operator.py
[2024-05-03T15:44:23.918+0000] {processor.py:830} INFO - Processing file /home/airflow/.local/lib/python3.12/site-packages/airflow/example_dags/example_subdag_operator.py for tasks to queue
[2024-05-03T15:44:23.919+0000] {logging_mixin.py:188} INFO - [2024-05-03T15:44:23.919+0000] {dagbag.py:540} INFO - Filling up the DagBag from /home/airflow/.local/lib/python3.12/site-packages/airflow/example_dags/example_subdag_operator.py
[2024-05-03T15:44:23.941+0000] {processor.py:840} INFO - DAG(s) 'example_subdag_operator.section-1', 'example_subdag_operator.section-2', 'example_subdag_operator' retrieved from /home/airflow/.local/lib/python3.12/site-packages/airflow/example_dags/example_subdag_operator.py
[2024-05-03T15:44:23.955+0000] {logging_mixin.py:188} INFO - [2024-05-03T15:44:23.955+0000] {dag.py:3096} INFO - Sync 3 DAGs
[2024-05-03T15:44:23.973+0000] {logging_mixin.py:188} INFO - [2024-05-03T15:44:23.973+0000] {dag.py:3954} INFO - Setting next_dagrun for example_subdag_operator to 2022-01-01 00:00:00+00:00, run_after=2022-01-01 00:00:00+00:00
[2024-05-03T15:44:23.976+0000] {logging_mixin.py:188} INFO - [2024-05-03T15:44:23.976+0000] {dag.py:3954} INFO - Setting next_dagrun for example_subdag_operator.section-1 to None, run_after=None
[2024-05-03T15:44:23.977+0000] {logging_mixin.py:188} INFO - [2024-05-03T15:44:23.977+0000] {dag.py:3954} INFO - Setting next_dagrun for example_subdag_operator.section-2 to None, run_after=None
[2024-05-03T15:44:23.985+0000] {logging_mixin.py:188} INFO - [2024-05-03T15:44:23.985+0000] {dag.py:3096} INFO - Sync 2 DAGs
[2024-05-03T15:44:23.991+0000] {logging_mixin.py:188} INFO - [2024-05-03T15:44:23.991+0000] {dag.py:3954} INFO - Setting next_dagrun for example_subdag_operator.section-1 to None, run_after=None
[2024-05-03T15:44:23.991+0000] {logging_mixin.py:188} INFO - [2024-05-03T15:44:23.991+0000] {dag.py:3954} INFO - Setting next_dagrun for example_subdag_operator.section-2 to None, run_after=None
[2024-05-03T15:44:24.022+0000] {processor.py:183} INFO - Processing /home/airflow/.local/lib/python3.12/site-packages/airflow/example_dags/example_subdag_operator.py took 0.110 seconds
[2024-05-03T15:44:55.022+0000] {processor.py:161} INFO - Started process (PID=1052) to work on /home/airflow/.local/lib/python3.12/site-packages/airflow/example_dags/example_subdag_operator.py
[2024-05-03T15:44:55.024+0000] {processor.py:830} INFO - Processing file /home/airflow/.local/lib/python3.12/site-packages/airflow/example_dags/example_subdag_operator.py for tasks to queue
[2024-05-03T15:44:55.026+0000] {logging_mixin.py:188} INFO - [2024-05-03T15:44:55.026+0000] {dagbag.py:540} INFO - Filling up the DagBag from /home/airflow/.local/lib/python3.12/site-packages/airflow/example_dags/example_subdag_operator.py
[2024-05-03T15:44:55.061+0000] {processor.py:840} INFO - DAG(s) 'example_subdag_operator.section-1', 'example_subdag_operator.section-2', 'example_subdag_operator' retrieved from /home/airflow/.local/lib/python3.12/site-packages/airflow/example_dags/example_subdag_operator.py
[2024-05-03T15:44:55.096+0000] {logging_mixin.py:188} INFO - [2024-05-03T15:44:55.096+0000] {dag.py:3096} INFO - Sync 3 DAGs
[2024-05-03T15:44:55.186+0000] {logging_mixin.py:188} INFO - [2024-05-03T15:44:55.186+0000] {dag.py:3954} INFO - Setting next_dagrun for example_subdag_operator to 2022-01-01 00:00:00+00:00, run_after=2022-01-01 00:00:00+00:00
[2024-05-03T15:44:55.199+0000] {logging_mixin.py:188} INFO - [2024-05-03T15:44:55.199+0000] {dag.py:3954} INFO - Setting next_dagrun for example_subdag_operator.section-1 to None, run_after=None
[2024-05-03T15:44:55.201+0000] {logging_mixin.py:188} INFO - [2024-05-03T15:44:55.201+0000] {dag.py:3954} INFO - Setting next_dagrun for example_subdag_operator.section-2 to None, run_after=None
[2024-05-03T15:44:55.223+0000] {logging_mixin.py:188} INFO - [2024-05-03T15:44:55.222+0000] {dag.py:3096} INFO - Sync 2 DAGs
[2024-05-03T15:44:55.229+0000] {logging_mixin.py:188} INFO - [2024-05-03T15:44:55.229+0000] {dag.py:3954} INFO - Setting next_dagrun for example_subdag_operator.section-1 to None, run_after=None
[2024-05-03T15:44:55.230+0000] {logging_mixin.py:188} INFO - [2024-05-03T15:44:55.230+0000] {dag.py:3954} INFO - Setting next_dagrun for example_subdag_operator.section-2 to None, run_after=None
[2024-05-03T15:44:55.246+0000] {processor.py:183} INFO - Processing /home/airflow/.local/lib/python3.12/site-packages/airflow/example_dags/example_subdag_operator.py took 0.247 seconds
[2024-05-03T15:45:25.827+0000] {processor.py:161} INFO - Started process (PID=1113) to work on /home/airflow/.local/lib/python3.12/site-packages/airflow/example_dags/example_subdag_operator.py
[2024-05-03T15:45:25.834+0000] {processor.py:830} INFO - Processing file /home/airflow/.local/lib/python3.12/site-packages/airflow/example_dags/example_subdag_operator.py for tasks to queue
[2024-05-03T15:45:25.836+0000] {logging_mixin.py:188} INFO - [2024-05-03T15:45:25.835+0000] {dagbag.py:540} INFO - Filling up the DagBag from /home/airflow/.local/lib/python3.12/site-packages/airflow/example_dags/example_subdag_operator.py
[2024-05-03T15:45:25.872+0000] {processor.py:840} INFO - DAG(s) 'example_subdag_operator.section-1', 'example_subdag_operator.section-2', 'example_subdag_operator' retrieved from /home/airflow/.local/lib/python3.12/site-packages/airflow/example_dags/example_subdag_operator.py
[2024-05-03T15:45:25.938+0000] {logging_mixin.py:188} INFO - [2024-05-03T15:45:25.937+0000] {dag.py:3096} INFO - Sync 3 DAGs
[2024-05-03T15:45:26.001+0000] {logging_mixin.py:188} INFO - [2024-05-03T15:45:26.000+0000] {dag.py:3954} INFO - Setting next_dagrun for example_subdag_operator to 2022-01-01 00:00:00+00:00, run_after=2022-01-01 00:00:00+00:00
[2024-05-03T15:45:26.010+0000] {logging_mixin.py:188} INFO - [2024-05-03T15:45:26.010+0000] {dag.py:3954} INFO - Setting next_dagrun for example_subdag_operator.section-1 to None, run_after=None
[2024-05-03T15:45:26.012+0000] {logging_mixin.py:188} INFO - [2024-05-03T15:45:26.012+0000] {dag.py:3954} INFO - Setting next_dagrun for example_subdag_operator.section-2 to None, run_after=None
[2024-05-03T15:45:26.034+0000] {logging_mixin.py:188} INFO - [2024-05-03T15:45:26.033+0000] {dag.py:3096} INFO - Sync 2 DAGs
[2024-05-03T15:45:26.066+0000] {logging_mixin.py:188} INFO - [2024-05-03T15:45:26.066+0000] {dag.py:3954} INFO - Setting next_dagrun for example_subdag_operator.section-1 to None, run_after=None
[2024-05-03T15:45:26.067+0000] {logging_mixin.py:188} INFO - [2024-05-03T15:45:26.067+0000] {dag.py:3954} INFO - Setting next_dagrun for example_subdag_operator.section-2 to None, run_after=None
[2024-05-03T15:45:26.094+0000] {processor.py:183} INFO - Processing /home/airflow/.local/lib/python3.12/site-packages/airflow/example_dags/example_subdag_operator.py took 0.273 seconds
[2024-05-03T15:45:56.559+0000] {processor.py:161} INFO - Started process (PID=1174) to work on /home/airflow/.local/lib/python3.12/site-packages/airflow/example_dags/example_subdag_operator.py
[2024-05-03T15:45:56.570+0000] {processor.py:830} INFO - Processing file /home/airflow/.local/lib/python3.12/site-packages/airflow/example_dags/example_subdag_operator.py for tasks to queue
[2024-05-03T15:45:56.573+0000] {logging_mixin.py:188} INFO - [2024-05-03T15:45:56.572+0000] {dagbag.py:540} INFO - Filling up the DagBag from /home/airflow/.local/lib/python3.12/site-packages/airflow/example_dags/example_subdag_operator.py
[2024-05-03T15:45:56.609+0000] {processor.py:840} INFO - DAG(s) 'example_subdag_operator.section-1', 'example_subdag_operator.section-2', 'example_subdag_operator' retrieved from /home/airflow/.local/lib/python3.12/site-packages/airflow/example_dags/example_subdag_operator.py
[2024-05-03T15:45:56.662+0000] {logging_mixin.py:188} INFO - [2024-05-03T15:45:56.662+0000] {dag.py:3096} INFO - Sync 3 DAGs
[2024-05-03T15:45:56.694+0000] {logging_mixin.py:188} INFO - [2024-05-03T15:45:56.694+0000] {dag.py:3954} INFO - Setting next_dagrun for example_subdag_operator to 2022-01-01 00:00:00+00:00, run_after=2022-01-01 00:00:00+00:00
[2024-05-03T15:45:56.701+0000] {logging_mixin.py:188} INFO - [2024-05-03T15:45:56.701+0000] {dag.py:3954} INFO - Setting next_dagrun for example_subdag_operator.section-1 to None, run_after=None
[2024-05-03T15:45:56.703+0000] {logging_mixin.py:188} INFO - [2024-05-03T15:45:56.703+0000] {dag.py:3954} INFO - Setting next_dagrun for example_subdag_operator.section-2 to None, run_after=None
[2024-05-03T15:45:56.714+0000] {logging_mixin.py:188} INFO - [2024-05-03T15:45:56.714+0000] {dag.py:3096} INFO - Sync 2 DAGs
[2024-05-03T15:45:56.720+0000] {logging_mixin.py:188} INFO - [2024-05-03T15:45:56.720+0000] {dag.py:3954} INFO - Setting next_dagrun for example_subdag_operator.section-1 to None, run_after=None
[2024-05-03T15:45:56.721+0000] {logging_mixin.py:188} INFO - [2024-05-03T15:45:56.721+0000] {dag.py:3954} INFO - Setting next_dagrun for example_subdag_operator.section-2 to None, run_after=None
[2024-05-03T15:45:56.740+0000] {processor.py:183} INFO - Processing /home/airflow/.local/lib/python3.12/site-packages/airflow/example_dags/example_subdag_operator.py took 0.192 seconds
