[2024-05-03T15:36:34.394+0000] {processor.py:161} INFO - Started process (PID=57) to work on /home/airflow/.local/lib/python3.12/site-packages/airflow/example_dags/example_external_task_marker_dag.py
[2024-05-03T15:36:34.401+0000] {processor.py:830} INFO - Processing file /home/airflow/.local/lib/python3.12/site-packages/airflow/example_dags/example_external_task_marker_dag.py for tasks to queue
[2024-05-03T15:36:34.410+0000] {logging_mixin.py:188} INFO - [2024-05-03T15:36:34.410+0000] {dagbag.py:540} INFO - Filling up the DagBag from /home/airflow/.local/lib/python3.12/site-packages/airflow/example_dags/example_external_task_marker_dag.py
[2024-05-03T15:36:34.459+0000] {processor.py:840} INFO - DAG(s) 'example_external_task_marker_child', 'example_external_task_marker_parent' retrieved from /home/airflow/.local/lib/python3.12/site-packages/airflow/example_dags/example_external_task_marker_dag.py
[2024-05-03T15:36:34.508+0000] {logging_mixin.py:188} INFO - [2024-05-03T15:36:34.507+0000] {dag.py:3096} INFO - Sync 2 DAGs
[2024-05-03T15:36:34.524+0000] {logging_mixin.py:188} INFO - [2024-05-03T15:36:34.524+0000] {dag.py:3954} INFO - Setting next_dagrun for example_external_task_marker_child to None, run_after=None
[2024-05-03T15:36:34.529+0000] {logging_mixin.py:188} INFO - [2024-05-03T15:36:34.529+0000] {dag.py:3954} INFO - Setting next_dagrun for example_external_task_marker_parent to None, run_after=None
[2024-05-03T15:36:34.561+0000] {processor.py:183} INFO - Processing /home/airflow/.local/lib/python3.12/site-packages/airflow/example_dags/example_external_task_marker_dag.py took 0.198 seconds
[2024-05-03T15:37:06.070+0000] {processor.py:161} INFO - Started process (PID=118) to work on /home/airflow/.local/lib/python3.12/site-packages/airflow/example_dags/example_external_task_marker_dag.py
[2024-05-03T15:37:06.075+0000] {processor.py:830} INFO - Processing file /home/airflow/.local/lib/python3.12/site-packages/airflow/example_dags/example_external_task_marker_dag.py for tasks to queue
[2024-05-03T15:37:06.082+0000] {logging_mixin.py:188} INFO - [2024-05-03T15:37:06.082+0000] {dagbag.py:540} INFO - Filling up the DagBag from /home/airflow/.local/lib/python3.12/site-packages/airflow/example_dags/example_external_task_marker_dag.py
[2024-05-03T15:37:06.135+0000] {processor.py:840} INFO - DAG(s) 'example_external_task_marker_parent', 'example_external_task_marker_child' retrieved from /home/airflow/.local/lib/python3.12/site-packages/airflow/example_dags/example_external_task_marker_dag.py
[2024-05-03T15:37:06.353+0000] {logging_mixin.py:188} INFO - [2024-05-03T15:37:06.352+0000] {dag.py:3096} INFO - Sync 2 DAGs
[2024-05-03T15:37:06.447+0000] {logging_mixin.py:188} INFO - [2024-05-03T15:37:06.447+0000] {dag.py:3954} INFO - Setting next_dagrun for example_external_task_marker_child to None, run_after=None
[2024-05-03T15:37:06.483+0000] {logging_mixin.py:188} INFO - [2024-05-03T15:37:06.480+0000] {dag.py:3954} INFO - Setting next_dagrun for example_external_task_marker_parent to None, run_after=None
[2024-05-03T15:37:06.543+0000] {processor.py:183} INFO - Processing /home/airflow/.local/lib/python3.12/site-packages/airflow/example_dags/example_external_task_marker_dag.py took 0.502 seconds
[2024-05-03T15:37:41.452+0000] {processor.py:161} INFO - Started process (PID=179) to work on /home/airflow/.local/lib/python3.12/site-packages/airflow/example_dags/example_external_task_marker_dag.py
[2024-05-03T15:37:41.458+0000] {processor.py:830} INFO - Processing file /home/airflow/.local/lib/python3.12/site-packages/airflow/example_dags/example_external_task_marker_dag.py for tasks to queue
[2024-05-03T15:37:41.467+0000] {logging_mixin.py:188} INFO - [2024-05-03T15:37:41.467+0000] {dagbag.py:540} INFO - Filling up the DagBag from /home/airflow/.local/lib/python3.12/site-packages/airflow/example_dags/example_external_task_marker_dag.py
[2024-05-03T15:37:41.522+0000] {processor.py:840} INFO - DAG(s) 'example_external_task_marker_child', 'example_external_task_marker_parent' retrieved from /home/airflow/.local/lib/python3.12/site-packages/airflow/example_dags/example_external_task_marker_dag.py
[2024-05-03T15:37:41.620+0000] {logging_mixin.py:188} INFO - [2024-05-03T15:37:41.620+0000] {dag.py:3096} INFO - Sync 2 DAGs
[2024-05-03T15:37:41.685+0000] {logging_mixin.py:188} INFO - [2024-05-03T15:37:41.685+0000] {dag.py:3954} INFO - Setting next_dagrun for example_external_task_marker_child to None, run_after=None
[2024-05-03T15:37:41.705+0000] {logging_mixin.py:188} INFO - [2024-05-03T15:37:41.705+0000] {dag.py:3954} INFO - Setting next_dagrun for example_external_task_marker_parent to None, run_after=None
[2024-05-03T15:37:41.774+0000] {processor.py:183} INFO - Processing /home/airflow/.local/lib/python3.12/site-packages/airflow/example_dags/example_external_task_marker_dag.py took 0.334 seconds
[2024-05-03T15:38:12.128+0000] {processor.py:161} INFO - Started process (PID=239) to work on /home/airflow/.local/lib/python3.12/site-packages/airflow/example_dags/example_external_task_marker_dag.py
[2024-05-03T15:38:12.129+0000] {processor.py:830} INFO - Processing file /home/airflow/.local/lib/python3.12/site-packages/airflow/example_dags/example_external_task_marker_dag.py for tasks to queue
[2024-05-03T15:38:12.131+0000] {logging_mixin.py:188} INFO - [2024-05-03T15:38:12.131+0000] {dagbag.py:540} INFO - Filling up the DagBag from /home/airflow/.local/lib/python3.12/site-packages/airflow/example_dags/example_external_task_marker_dag.py
[2024-05-03T15:38:12.138+0000] {processor.py:840} INFO - DAG(s) 'example_external_task_marker_parent', 'example_external_task_marker_child' retrieved from /home/airflow/.local/lib/python3.12/site-packages/airflow/example_dags/example_external_task_marker_dag.py
[2024-05-03T15:38:12.165+0000] {logging_mixin.py:188} INFO - [2024-05-03T15:38:12.164+0000] {dag.py:3096} INFO - Sync 2 DAGs
[2024-05-03T15:38:12.181+0000] {logging_mixin.py:188} INFO - [2024-05-03T15:38:12.180+0000] {dag.py:3954} INFO - Setting next_dagrun for example_external_task_marker_child to None, run_after=None
[2024-05-03T15:38:12.185+0000] {logging_mixin.py:188} INFO - [2024-05-03T15:38:12.185+0000] {dag.py:3954} INFO - Setting next_dagrun for example_external_task_marker_parent to None, run_after=None
[2024-05-03T15:38:12.209+0000] {processor.py:183} INFO - Processing /home/airflow/.local/lib/python3.12/site-packages/airflow/example_dags/example_external_task_marker_dag.py took 0.088 seconds
[2024-05-03T15:38:43.096+0000] {processor.py:161} INFO - Started process (PID=300) to work on /home/airflow/.local/lib/python3.12/site-packages/airflow/example_dags/example_external_task_marker_dag.py
[2024-05-03T15:38:43.097+0000] {processor.py:830} INFO - Processing file /home/airflow/.local/lib/python3.12/site-packages/airflow/example_dags/example_external_task_marker_dag.py for tasks to queue
[2024-05-03T15:38:43.099+0000] {logging_mixin.py:188} INFO - [2024-05-03T15:38:43.099+0000] {dagbag.py:540} INFO - Filling up the DagBag from /home/airflow/.local/lib/python3.12/site-packages/airflow/example_dags/example_external_task_marker_dag.py
[2024-05-03T15:38:43.105+0000] {processor.py:840} INFO - DAG(s) 'example_external_task_marker_child', 'example_external_task_marker_parent' retrieved from /home/airflow/.local/lib/python3.12/site-packages/airflow/example_dags/example_external_task_marker_dag.py
[2024-05-03T15:38:43.135+0000] {logging_mixin.py:188} INFO - [2024-05-03T15:38:43.134+0000] {dag.py:3096} INFO - Sync 2 DAGs
[2024-05-03T15:38:43.151+0000] {logging_mixin.py:188} INFO - [2024-05-03T15:38:43.151+0000] {dag.py:3954} INFO - Setting next_dagrun for example_external_task_marker_child to None, run_after=None
[2024-05-03T15:38:43.156+0000] {logging_mixin.py:188} INFO - [2024-05-03T15:38:43.156+0000] {dag.py:3954} INFO - Setting next_dagrun for example_external_task_marker_parent to None, run_after=None
[2024-05-03T15:38:43.178+0000] {processor.py:183} INFO - Processing /home/airflow/.local/lib/python3.12/site-packages/airflow/example_dags/example_external_task_marker_dag.py took 0.089 seconds
[2024-05-03T15:39:13.736+0000] {processor.py:161} INFO - Started process (PID=362) to work on /home/airflow/.local/lib/python3.12/site-packages/airflow/example_dags/example_external_task_marker_dag.py
[2024-05-03T15:39:13.737+0000] {processor.py:830} INFO - Processing file /home/airflow/.local/lib/python3.12/site-packages/airflow/example_dags/example_external_task_marker_dag.py for tasks to queue
[2024-05-03T15:39:13.739+0000] {logging_mixin.py:188} INFO - [2024-05-03T15:39:13.738+0000] {dagbag.py:540} INFO - Filling up the DagBag from /home/airflow/.local/lib/python3.12/site-packages/airflow/example_dags/example_external_task_marker_dag.py
[2024-05-03T15:39:13.746+0000] {processor.py:840} INFO - DAG(s) 'example_external_task_marker_child', 'example_external_task_marker_parent' retrieved from /home/airflow/.local/lib/python3.12/site-packages/airflow/example_dags/example_external_task_marker_dag.py
[2024-05-03T15:39:13.772+0000] {logging_mixin.py:188} INFO - [2024-05-03T15:39:13.772+0000] {dag.py:3096} INFO - Sync 2 DAGs
[2024-05-03T15:39:13.788+0000] {logging_mixin.py:188} INFO - [2024-05-03T15:39:13.788+0000] {dag.py:3954} INFO - Setting next_dagrun for example_external_task_marker_child to None, run_after=None
[2024-05-03T15:39:13.792+0000] {logging_mixin.py:188} INFO - [2024-05-03T15:39:13.792+0000] {dag.py:3954} INFO - Setting next_dagrun for example_external_task_marker_parent to None, run_after=None
[2024-05-03T15:39:13.813+0000] {processor.py:183} INFO - Processing /home/airflow/.local/lib/python3.12/site-packages/airflow/example_dags/example_external_task_marker_dag.py took 0.085 seconds
[2024-05-03T15:39:44.836+0000] {processor.py:161} INFO - Started process (PID=423) to work on /home/airflow/.local/lib/python3.12/site-packages/airflow/example_dags/example_external_task_marker_dag.py
[2024-05-03T15:39:44.837+0000] {processor.py:830} INFO - Processing file /home/airflow/.local/lib/python3.12/site-packages/airflow/example_dags/example_external_task_marker_dag.py for tasks to queue
[2024-05-03T15:39:44.839+0000] {logging_mixin.py:188} INFO - [2024-05-03T15:39:44.838+0000] {dagbag.py:540} INFO - Filling up the DagBag from /home/airflow/.local/lib/python3.12/site-packages/airflow/example_dags/example_external_task_marker_dag.py
[2024-05-03T15:39:44.846+0000] {processor.py:840} INFO - DAG(s) 'example_external_task_marker_parent', 'example_external_task_marker_child' retrieved from /home/airflow/.local/lib/python3.12/site-packages/airflow/example_dags/example_external_task_marker_dag.py
[2024-05-03T15:39:44.872+0000] {logging_mixin.py:188} INFO - [2024-05-03T15:39:44.872+0000] {dag.py:3096} INFO - Sync 2 DAGs
[2024-05-03T15:39:44.896+0000] {logging_mixin.py:188} INFO - [2024-05-03T15:39:44.895+0000] {dag.py:3954} INFO - Setting next_dagrun for example_external_task_marker_child to None, run_after=None
[2024-05-03T15:39:44.904+0000] {logging_mixin.py:188} INFO - [2024-05-03T15:39:44.903+0000] {dag.py:3954} INFO - Setting next_dagrun for example_external_task_marker_parent to None, run_after=None
[2024-05-03T15:39:44.944+0000] {processor.py:183} INFO - Processing /home/airflow/.local/lib/python3.12/site-packages/airflow/example_dags/example_external_task_marker_dag.py took 0.115 seconds
[2024-05-03T15:40:15.446+0000] {processor.py:161} INFO - Started process (PID=484) to work on /home/airflow/.local/lib/python3.12/site-packages/airflow/example_dags/example_external_task_marker_dag.py
[2024-05-03T15:40:15.447+0000] {processor.py:830} INFO - Processing file /home/airflow/.local/lib/python3.12/site-packages/airflow/example_dags/example_external_task_marker_dag.py for tasks to queue
[2024-05-03T15:40:15.448+0000] {logging_mixin.py:188} INFO - [2024-05-03T15:40:15.448+0000] {dagbag.py:540} INFO - Filling up the DagBag from /home/airflow/.local/lib/python3.12/site-packages/airflow/example_dags/example_external_task_marker_dag.py
[2024-05-03T15:40:15.453+0000] {processor.py:840} INFO - DAG(s) 'example_external_task_marker_child', 'example_external_task_marker_parent' retrieved from /home/airflow/.local/lib/python3.12/site-packages/airflow/example_dags/example_external_task_marker_dag.py
[2024-05-03T15:40:15.471+0000] {logging_mixin.py:188} INFO - [2024-05-03T15:40:15.471+0000] {dag.py:3096} INFO - Sync 2 DAGs
[2024-05-03T15:40:15.482+0000] {logging_mixin.py:188} INFO - [2024-05-03T15:40:15.482+0000] {dag.py:3954} INFO - Setting next_dagrun for example_external_task_marker_child to None, run_after=None
[2024-05-03T15:40:15.485+0000] {logging_mixin.py:188} INFO - [2024-05-03T15:40:15.485+0000] {dag.py:3954} INFO - Setting next_dagrun for example_external_task_marker_parent to None, run_after=None
[2024-05-03T15:40:15.503+0000] {processor.py:183} INFO - Processing /home/airflow/.local/lib/python3.12/site-packages/airflow/example_dags/example_external_task_marker_dag.py took 0.061 seconds
[2024-05-03T15:40:46.211+0000] {processor.py:161} INFO - Started process (PID=546) to work on /home/airflow/.local/lib/python3.12/site-packages/airflow/example_dags/example_external_task_marker_dag.py
[2024-05-03T15:40:46.211+0000] {processor.py:830} INFO - Processing file /home/airflow/.local/lib/python3.12/site-packages/airflow/example_dags/example_external_task_marker_dag.py for tasks to queue
[2024-05-03T15:40:46.213+0000] {logging_mixin.py:188} INFO - [2024-05-03T15:40:46.213+0000] {dagbag.py:540} INFO - Filling up the DagBag from /home/airflow/.local/lib/python3.12/site-packages/airflow/example_dags/example_external_task_marker_dag.py
[2024-05-03T15:40:46.220+0000] {processor.py:840} INFO - DAG(s) 'example_external_task_marker_child', 'example_external_task_marker_parent' retrieved from /home/airflow/.local/lib/python3.12/site-packages/airflow/example_dags/example_external_task_marker_dag.py
[2024-05-03T15:40:46.246+0000] {logging_mixin.py:188} INFO - [2024-05-03T15:40:46.245+0000] {dag.py:3096} INFO - Sync 2 DAGs
[2024-05-03T15:40:46.262+0000] {logging_mixin.py:188} INFO - [2024-05-03T15:40:46.262+0000] {dag.py:3954} INFO - Setting next_dagrun for example_external_task_marker_child to None, run_after=None
[2024-05-03T15:40:46.266+0000] {logging_mixin.py:188} INFO - [2024-05-03T15:40:46.266+0000] {dag.py:3954} INFO - Setting next_dagrun for example_external_task_marker_parent to None, run_after=None
[2024-05-03T15:40:46.289+0000] {processor.py:183} INFO - Processing /home/airflow/.local/lib/python3.12/site-packages/airflow/example_dags/example_external_task_marker_dag.py took 0.083 seconds
[2024-05-03T15:41:17.517+0000] {processor.py:161} INFO - Started process (PID=607) to work on /home/airflow/.local/lib/python3.12/site-packages/airflow/example_dags/example_external_task_marker_dag.py
[2024-05-03T15:41:17.527+0000] {processor.py:830} INFO - Processing file /home/airflow/.local/lib/python3.12/site-packages/airflow/example_dags/example_external_task_marker_dag.py for tasks to queue
[2024-05-03T15:41:17.532+0000] {logging_mixin.py:188} INFO - [2024-05-03T15:41:17.532+0000] {dagbag.py:540} INFO - Filling up the DagBag from /home/airflow/.local/lib/python3.12/site-packages/airflow/example_dags/example_external_task_marker_dag.py
[2024-05-03T15:41:17.550+0000] {processor.py:840} INFO - DAG(s) 'example_external_task_marker_child', 'example_external_task_marker_parent' retrieved from /home/airflow/.local/lib/python3.12/site-packages/airflow/example_dags/example_external_task_marker_dag.py
[2024-05-03T15:41:17.619+0000] {logging_mixin.py:188} INFO - [2024-05-03T15:41:17.618+0000] {dag.py:3096} INFO - Sync 2 DAGs
[2024-05-03T15:41:17.687+0000] {logging_mixin.py:188} INFO - [2024-05-03T15:41:17.687+0000] {dag.py:3954} INFO - Setting next_dagrun for example_external_task_marker_child to None, run_after=None
[2024-05-03T15:41:17.718+0000] {logging_mixin.py:188} INFO - [2024-05-03T15:41:17.718+0000] {dag.py:3954} INFO - Setting next_dagrun for example_external_task_marker_parent to None, run_after=None
[2024-05-03T15:41:17.794+0000] {processor.py:183} INFO - Processing /home/airflow/.local/lib/python3.12/site-packages/airflow/example_dags/example_external_task_marker_dag.py took 0.287 seconds
[2024-05-03T15:41:48.518+0000] {processor.py:161} INFO - Started process (PID=668) to work on /home/airflow/.local/lib/python3.12/site-packages/airflow/example_dags/example_external_task_marker_dag.py
[2024-05-03T15:41:48.520+0000] {processor.py:830} INFO - Processing file /home/airflow/.local/lib/python3.12/site-packages/airflow/example_dags/example_external_task_marker_dag.py for tasks to queue
[2024-05-03T15:41:48.545+0000] {logging_mixin.py:188} INFO - [2024-05-03T15:41:48.529+0000] {dagbag.py:540} INFO - Filling up the DagBag from /home/airflow/.local/lib/python3.12/site-packages/airflow/example_dags/example_external_task_marker_dag.py
[2024-05-03T15:41:48.573+0000] {processor.py:840} INFO - DAG(s) 'example_external_task_marker_child', 'example_external_task_marker_parent' retrieved from /home/airflow/.local/lib/python3.12/site-packages/airflow/example_dags/example_external_task_marker_dag.py
[2024-05-03T15:41:48.712+0000] {logging_mixin.py:188} INFO - [2024-05-03T15:41:48.710+0000] {dag.py:3096} INFO - Sync 2 DAGs
[2024-05-03T15:41:48.821+0000] {logging_mixin.py:188} INFO - [2024-05-03T15:41:48.807+0000] {dag.py:3954} INFO - Setting next_dagrun for example_external_task_marker_child to None, run_after=None
[2024-05-03T15:41:48.840+0000] {logging_mixin.py:188} INFO - [2024-05-03T15:41:48.840+0000] {dag.py:3954} INFO - Setting next_dagrun for example_external_task_marker_parent to None, run_after=None
[2024-05-03T15:41:48.920+0000] {processor.py:183} INFO - Processing /home/airflow/.local/lib/python3.12/site-packages/airflow/example_dags/example_external_task_marker_dag.py took 0.432 seconds
[2024-05-03T15:42:19.641+0000] {processor.py:161} INFO - Started process (PID=729) to work on /home/airflow/.local/lib/python3.12/site-packages/airflow/example_dags/example_external_task_marker_dag.py
[2024-05-03T15:42:19.642+0000] {processor.py:830} INFO - Processing file /home/airflow/.local/lib/python3.12/site-packages/airflow/example_dags/example_external_task_marker_dag.py for tasks to queue
[2024-05-03T15:42:19.644+0000] {logging_mixin.py:188} INFO - [2024-05-03T15:42:19.644+0000] {dagbag.py:540} INFO - Filling up the DagBag from /home/airflow/.local/lib/python3.12/site-packages/airflow/example_dags/example_external_task_marker_dag.py
[2024-05-03T15:42:19.651+0000] {processor.py:840} INFO - DAG(s) 'example_external_task_marker_child', 'example_external_task_marker_parent' retrieved from /home/airflow/.local/lib/python3.12/site-packages/airflow/example_dags/example_external_task_marker_dag.py
[2024-05-03T15:42:19.683+0000] {logging_mixin.py:188} INFO - [2024-05-03T15:42:19.683+0000] {dag.py:3096} INFO - Sync 2 DAGs
[2024-05-03T15:42:19.699+0000] {logging_mixin.py:188} INFO - [2024-05-03T15:42:19.699+0000] {dag.py:3954} INFO - Setting next_dagrun for example_external_task_marker_child to None, run_after=None
[2024-05-03T15:42:19.704+0000] {logging_mixin.py:188} INFO - [2024-05-03T15:42:19.704+0000] {dag.py:3954} INFO - Setting next_dagrun for example_external_task_marker_parent to None, run_after=None
[2024-05-03T15:42:19.727+0000] {processor.py:183} INFO - Processing /home/airflow/.local/lib/python3.12/site-packages/airflow/example_dags/example_external_task_marker_dag.py took 0.092 seconds
[2024-05-03T15:42:49.858+0000] {processor.py:161} INFO - Started process (PID=791) to work on /home/airflow/.local/lib/python3.12/site-packages/airflow/example_dags/example_external_task_marker_dag.py
[2024-05-03T15:42:49.859+0000] {processor.py:830} INFO - Processing file /home/airflow/.local/lib/python3.12/site-packages/airflow/example_dags/example_external_task_marker_dag.py for tasks to queue
[2024-05-03T15:42:49.861+0000] {logging_mixin.py:188} INFO - [2024-05-03T15:42:49.860+0000] {dagbag.py:540} INFO - Filling up the DagBag from /home/airflow/.local/lib/python3.12/site-packages/airflow/example_dags/example_external_task_marker_dag.py
[2024-05-03T15:42:49.867+0000] {processor.py:840} INFO - DAG(s) 'example_external_task_marker_child', 'example_external_task_marker_parent' retrieved from /home/airflow/.local/lib/python3.12/site-packages/airflow/example_dags/example_external_task_marker_dag.py
[2024-05-03T15:42:49.897+0000] {logging_mixin.py:188} INFO - [2024-05-03T15:42:49.897+0000] {dag.py:3096} INFO - Sync 2 DAGs
[2024-05-03T15:42:49.945+0000] {logging_mixin.py:188} INFO - [2024-05-03T15:42:49.945+0000] {dag.py:3954} INFO - Setting next_dagrun for example_external_task_marker_child to None, run_after=None
[2024-05-03T15:42:49.971+0000] {logging_mixin.py:188} INFO - [2024-05-03T15:42:49.971+0000] {dag.py:3954} INFO - Setting next_dagrun for example_external_task_marker_parent to None, run_after=None
[2024-05-03T15:42:50.019+0000] {processor.py:183} INFO - Processing /home/airflow/.local/lib/python3.12/site-packages/airflow/example_dags/example_external_task_marker_dag.py took 0.168 seconds
[2024-05-03T15:43:20.727+0000] {processor.py:161} INFO - Started process (PID=858) to work on /home/airflow/.local/lib/python3.12/site-packages/airflow/example_dags/example_external_task_marker_dag.py
[2024-05-03T15:43:20.731+0000] {processor.py:830} INFO - Processing file /home/airflow/.local/lib/python3.12/site-packages/airflow/example_dags/example_external_task_marker_dag.py for tasks to queue
[2024-05-03T15:43:20.733+0000] {logging_mixin.py:188} INFO - [2024-05-03T15:43:20.733+0000] {dagbag.py:540} INFO - Filling up the DagBag from /home/airflow/.local/lib/python3.12/site-packages/airflow/example_dags/example_external_task_marker_dag.py
[2024-05-03T15:43:20.777+0000] {processor.py:840} INFO - DAG(s) 'example_external_task_marker_parent', 'example_external_task_marker_child' retrieved from /home/airflow/.local/lib/python3.12/site-packages/airflow/example_dags/example_external_task_marker_dag.py
[2024-05-03T15:43:20.841+0000] {logging_mixin.py:188} INFO - [2024-05-03T15:43:20.841+0000] {dag.py:3096} INFO - Sync 2 DAGs
[2024-05-03T15:43:20.856+0000] {logging_mixin.py:188} INFO - [2024-05-03T15:43:20.856+0000] {dag.py:3954} INFO - Setting next_dagrun for example_external_task_marker_child to None, run_after=None
[2024-05-03T15:43:20.861+0000] {logging_mixin.py:188} INFO - [2024-05-03T15:43:20.860+0000] {dag.py:3954} INFO - Setting next_dagrun for example_external_task_marker_parent to None, run_after=None
[2024-05-03T15:43:20.882+0000] {processor.py:183} INFO - Processing /home/airflow/.local/lib/python3.12/site-packages/airflow/example_dags/example_external_task_marker_dag.py took 0.177 seconds
[2024-05-03T15:43:51.029+0000] {processor.py:161} INFO - Started process (PID=920) to work on /home/airflow/.local/lib/python3.12/site-packages/airflow/example_dags/example_external_task_marker_dag.py
[2024-05-03T15:43:51.036+0000] {processor.py:830} INFO - Processing file /home/airflow/.local/lib/python3.12/site-packages/airflow/example_dags/example_external_task_marker_dag.py for tasks to queue
[2024-05-03T15:43:51.038+0000] {logging_mixin.py:188} INFO - [2024-05-03T15:43:51.038+0000] {dagbag.py:540} INFO - Filling up the DagBag from /home/airflow/.local/lib/python3.12/site-packages/airflow/example_dags/example_external_task_marker_dag.py
[2024-05-03T15:43:51.053+0000] {processor.py:840} INFO - DAG(s) 'example_external_task_marker_child', 'example_external_task_marker_parent' retrieved from /home/airflow/.local/lib/python3.12/site-packages/airflow/example_dags/example_external_task_marker_dag.py
[2024-05-03T15:43:51.095+0000] {logging_mixin.py:188} INFO - [2024-05-03T15:43:51.094+0000] {dag.py:3096} INFO - Sync 2 DAGs
[2024-05-03T15:43:51.115+0000] {logging_mixin.py:188} INFO - [2024-05-03T15:43:51.115+0000] {dag.py:3954} INFO - Setting next_dagrun for example_external_task_marker_child to None, run_after=None
[2024-05-03T15:43:51.124+0000] {logging_mixin.py:188} INFO - [2024-05-03T15:43:51.123+0000] {dag.py:3954} INFO - Setting next_dagrun for example_external_task_marker_parent to None, run_after=None
[2024-05-03T15:43:51.161+0000] {processor.py:183} INFO - Processing /home/airflow/.local/lib/python3.12/site-packages/airflow/example_dags/example_external_task_marker_dag.py took 0.143 seconds
[2024-05-03T15:44:21.209+0000] {processor.py:161} INFO - Started process (PID=981) to work on /home/airflow/.local/lib/python3.12/site-packages/airflow/example_dags/example_external_task_marker_dag.py
[2024-05-03T15:44:21.210+0000] {processor.py:830} INFO - Processing file /home/airflow/.local/lib/python3.12/site-packages/airflow/example_dags/example_external_task_marker_dag.py for tasks to queue
[2024-05-03T15:44:21.212+0000] {logging_mixin.py:188} INFO - [2024-05-03T15:44:21.212+0000] {dagbag.py:540} INFO - Filling up the DagBag from /home/airflow/.local/lib/python3.12/site-packages/airflow/example_dags/example_external_task_marker_dag.py
[2024-05-03T15:44:21.221+0000] {processor.py:840} INFO - DAG(s) 'example_external_task_marker_child', 'example_external_task_marker_parent' retrieved from /home/airflow/.local/lib/python3.12/site-packages/airflow/example_dags/example_external_task_marker_dag.py
[2024-05-03T15:44:21.250+0000] {logging_mixin.py:188} INFO - [2024-05-03T15:44:21.249+0000] {dag.py:3096} INFO - Sync 2 DAGs
[2024-05-03T15:44:21.267+0000] {logging_mixin.py:188} INFO - [2024-05-03T15:44:21.267+0000] {dag.py:3954} INFO - Setting next_dagrun for example_external_task_marker_child to None, run_after=None
[2024-05-03T15:44:21.272+0000] {logging_mixin.py:188} INFO - [2024-05-03T15:44:21.271+0000] {dag.py:3954} INFO - Setting next_dagrun for example_external_task_marker_parent to None, run_after=None
[2024-05-03T15:44:21.327+0000] {processor.py:183} INFO - Processing /home/airflow/.local/lib/python3.12/site-packages/airflow/example_dags/example_external_task_marker_dag.py took 0.124 seconds
[2024-05-03T15:44:53.441+0000] {processor.py:161} INFO - Started process (PID=1042) to work on /home/airflow/.local/lib/python3.12/site-packages/airflow/example_dags/example_external_task_marker_dag.py
[2024-05-03T15:44:53.450+0000] {processor.py:830} INFO - Processing file /home/airflow/.local/lib/python3.12/site-packages/airflow/example_dags/example_external_task_marker_dag.py for tasks to queue
[2024-05-03T15:44:53.452+0000] {logging_mixin.py:188} INFO - [2024-05-03T15:44:53.451+0000] {dagbag.py:540} INFO - Filling up the DagBag from /home/airflow/.local/lib/python3.12/site-packages/airflow/example_dags/example_external_task_marker_dag.py
[2024-05-03T15:44:53.493+0000] {processor.py:840} INFO - DAG(s) 'example_external_task_marker_child', 'example_external_task_marker_parent' retrieved from /home/airflow/.local/lib/python3.12/site-packages/airflow/example_dags/example_external_task_marker_dag.py
[2024-05-03T15:44:53.635+0000] {logging_mixin.py:188} INFO - [2024-05-03T15:44:53.634+0000] {dag.py:3096} INFO - Sync 2 DAGs
[2024-05-03T15:44:53.696+0000] {logging_mixin.py:188} INFO - [2024-05-03T15:44:53.695+0000] {dag.py:3954} INFO - Setting next_dagrun for example_external_task_marker_child to None, run_after=None
[2024-05-03T15:44:53.726+0000] {logging_mixin.py:188} INFO - [2024-05-03T15:44:53.726+0000] {dag.py:3954} INFO - Setting next_dagrun for example_external_task_marker_parent to None, run_after=None
[2024-05-03T15:44:53.803+0000] {processor.py:183} INFO - Processing /home/airflow/.local/lib/python3.12/site-packages/airflow/example_dags/example_external_task_marker_dag.py took 0.380 seconds
[2024-05-03T15:45:24.606+0000] {processor.py:161} INFO - Started process (PID=1103) to work on /home/airflow/.local/lib/python3.12/site-packages/airflow/example_dags/example_external_task_marker_dag.py
[2024-05-03T15:45:24.610+0000] {processor.py:830} INFO - Processing file /home/airflow/.local/lib/python3.12/site-packages/airflow/example_dags/example_external_task_marker_dag.py for tasks to queue
[2024-05-03T15:45:24.612+0000] {logging_mixin.py:188} INFO - [2024-05-03T15:45:24.612+0000] {dagbag.py:540} INFO - Filling up the DagBag from /home/airflow/.local/lib/python3.12/site-packages/airflow/example_dags/example_external_task_marker_dag.py
[2024-05-03T15:45:24.627+0000] {processor.py:840} INFO - DAG(s) 'example_external_task_marker_child', 'example_external_task_marker_parent' retrieved from /home/airflow/.local/lib/python3.12/site-packages/airflow/example_dags/example_external_task_marker_dag.py
[2024-05-03T15:45:24.718+0000] {logging_mixin.py:188} INFO - [2024-05-03T15:45:24.717+0000] {dag.py:3096} INFO - Sync 2 DAGs
[2024-05-03T15:45:24.738+0000] {logging_mixin.py:188} INFO - [2024-05-03T15:45:24.738+0000] {dag.py:3954} INFO - Setting next_dagrun for example_external_task_marker_child to None, run_after=None
[2024-05-03T15:45:24.744+0000] {logging_mixin.py:188} INFO - [2024-05-03T15:45:24.744+0000] {dag.py:3954} INFO - Setting next_dagrun for example_external_task_marker_parent to None, run_after=None
[2024-05-03T15:45:24.782+0000] {processor.py:183} INFO - Processing /home/airflow/.local/lib/python3.12/site-packages/airflow/example_dags/example_external_task_marker_dag.py took 0.188 seconds
[2024-05-03T15:45:55.404+0000] {processor.py:161} INFO - Started process (PID=1164) to work on /home/airflow/.local/lib/python3.12/site-packages/airflow/example_dags/example_external_task_marker_dag.py
[2024-05-03T15:45:55.405+0000] {processor.py:830} INFO - Processing file /home/airflow/.local/lib/python3.12/site-packages/airflow/example_dags/example_external_task_marker_dag.py for tasks to queue
[2024-05-03T15:45:55.410+0000] {logging_mixin.py:188} INFO - [2024-05-03T15:45:55.410+0000] {dagbag.py:540} INFO - Filling up the DagBag from /home/airflow/.local/lib/python3.12/site-packages/airflow/example_dags/example_external_task_marker_dag.py
[2024-05-03T15:45:55.417+0000] {processor.py:840} INFO - DAG(s) 'example_external_task_marker_child', 'example_external_task_marker_parent' retrieved from /home/airflow/.local/lib/python3.12/site-packages/airflow/example_dags/example_external_task_marker_dag.py
[2024-05-03T15:45:55.486+0000] {logging_mixin.py:188} INFO - [2024-05-03T15:45:55.485+0000] {dag.py:3096} INFO - Sync 2 DAGs
[2024-05-03T15:45:55.512+0000] {logging_mixin.py:188} INFO - [2024-05-03T15:45:55.511+0000] {dag.py:3954} INFO - Setting next_dagrun for example_external_task_marker_child to None, run_after=None
[2024-05-03T15:45:55.526+0000] {logging_mixin.py:188} INFO - [2024-05-03T15:45:55.526+0000] {dag.py:3954} INFO - Setting next_dagrun for example_external_task_marker_parent to None, run_after=None
[2024-05-03T15:45:55.595+0000] {processor.py:183} INFO - Processing /home/airflow/.local/lib/python3.12/site-packages/airflow/example_dags/example_external_task_marker_dag.py took 0.198 seconds
[2024-05-03T15:46:25.947+0000] {processor.py:161} INFO - Started process (PID=1225) to work on /home/airflow/.local/lib/python3.12/site-packages/airflow/example_dags/example_external_task_marker_dag.py
[2024-05-03T15:46:25.948+0000] {processor.py:830} INFO - Processing file /home/airflow/.local/lib/python3.12/site-packages/airflow/example_dags/example_external_task_marker_dag.py for tasks to queue
[2024-05-03T15:46:25.950+0000] {logging_mixin.py:188} INFO - [2024-05-03T15:46:25.949+0000] {dagbag.py:540} INFO - Filling up the DagBag from /home/airflow/.local/lib/python3.12/site-packages/airflow/example_dags/example_external_task_marker_dag.py
[2024-05-03T15:46:25.957+0000] {processor.py:840} INFO - DAG(s) 'example_external_task_marker_child', 'example_external_task_marker_parent' retrieved from /home/airflow/.local/lib/python3.12/site-packages/airflow/example_dags/example_external_task_marker_dag.py
[2024-05-03T15:46:26.002+0000] {logging_mixin.py:188} INFO - [2024-05-03T15:46:26.001+0000] {dag.py:3096} INFO - Sync 2 DAGs
[2024-05-03T15:46:26.030+0000] {logging_mixin.py:188} INFO - [2024-05-03T15:46:26.030+0000] {dag.py:3954} INFO - Setting next_dagrun for example_external_task_marker_child to None, run_after=None
[2024-05-03T15:46:26.034+0000] {logging_mixin.py:188} INFO - [2024-05-03T15:46:26.034+0000] {dag.py:3954} INFO - Setting next_dagrun for example_external_task_marker_parent to None, run_after=None
[2024-05-03T15:46:26.067+0000] {processor.py:183} INFO - Processing /home/airflow/.local/lib/python3.12/site-packages/airflow/example_dags/example_external_task_marker_dag.py took 0.127 seconds
[2024-05-03T15:46:56.149+0000] {processor.py:161} INFO - Started process (PID=1287) to work on /home/airflow/.local/lib/python3.12/site-packages/airflow/example_dags/example_external_task_marker_dag.py
[2024-05-03T15:46:56.149+0000] {processor.py:830} INFO - Processing file /home/airflow/.local/lib/python3.12/site-packages/airflow/example_dags/example_external_task_marker_dag.py for tasks to queue
[2024-05-03T15:46:56.151+0000] {logging_mixin.py:188} INFO - [2024-05-03T15:46:56.150+0000] {dagbag.py:540} INFO - Filling up the DagBag from /home/airflow/.local/lib/python3.12/site-packages/airflow/example_dags/example_external_task_marker_dag.py
[2024-05-03T15:46:56.156+0000] {processor.py:840} INFO - DAG(s) 'example_external_task_marker_child', 'example_external_task_marker_parent' retrieved from /home/airflow/.local/lib/python3.12/site-packages/airflow/example_dags/example_external_task_marker_dag.py
[2024-05-03T15:46:56.178+0000] {logging_mixin.py:188} INFO - [2024-05-03T15:46:56.177+0000] {dag.py:3096} INFO - Sync 2 DAGs
[2024-05-03T15:46:56.188+0000] {logging_mixin.py:188} INFO - [2024-05-03T15:46:56.188+0000] {dag.py:3954} INFO - Setting next_dagrun for example_external_task_marker_child to None, run_after=None
[2024-05-03T15:46:56.192+0000] {logging_mixin.py:188} INFO - [2024-05-03T15:46:56.191+0000] {dag.py:3954} INFO - Setting next_dagrun for example_external_task_marker_parent to None, run_after=None
[2024-05-03T15:46:56.210+0000] {processor.py:183} INFO - Processing /home/airflow/.local/lib/python3.12/site-packages/airflow/example_dags/example_external_task_marker_dag.py took 0.066 seconds
[2024-05-03T15:47:26.345+0000] {processor.py:161} INFO - Started process (PID=1348) to work on /home/airflow/.local/lib/python3.12/site-packages/airflow/example_dags/example_external_task_marker_dag.py
[2024-05-03T15:47:26.345+0000] {processor.py:830} INFO - Processing file /home/airflow/.local/lib/python3.12/site-packages/airflow/example_dags/example_external_task_marker_dag.py for tasks to queue
[2024-05-03T15:47:26.347+0000] {logging_mixin.py:188} INFO - [2024-05-03T15:47:26.347+0000] {dagbag.py:540} INFO - Filling up the DagBag from /home/airflow/.local/lib/python3.12/site-packages/airflow/example_dags/example_external_task_marker_dag.py
[2024-05-03T15:47:26.352+0000] {processor.py:840} INFO - DAG(s) 'example_external_task_marker_parent', 'example_external_task_marker_child' retrieved from /home/airflow/.local/lib/python3.12/site-packages/airflow/example_dags/example_external_task_marker_dag.py
[2024-05-03T15:47:26.372+0000] {logging_mixin.py:188} INFO - [2024-05-03T15:47:26.372+0000] {dag.py:3096} INFO - Sync 2 DAGs
[2024-05-03T15:47:26.383+0000] {logging_mixin.py:188} INFO - [2024-05-03T15:47:26.383+0000] {dag.py:3954} INFO - Setting next_dagrun for example_external_task_marker_child to None, run_after=None
[2024-05-03T15:47:26.386+0000] {logging_mixin.py:188} INFO - [2024-05-03T15:47:26.386+0000] {dag.py:3954} INFO - Setting next_dagrun for example_external_task_marker_parent to None, run_after=None
[2024-05-03T15:47:26.405+0000] {processor.py:183} INFO - Processing /home/airflow/.local/lib/python3.12/site-packages/airflow/example_dags/example_external_task_marker_dag.py took 0.065 seconds
