[2024-05-03T15:36:36.106+0000] {processor.py:161} INFO - Started process (PID=70) to work on /home/airflow/.local/lib/python3.12/site-packages/airflow/example_dags/example_branch_operator.py
[2024-05-03T15:36:36.107+0000] {processor.py:830} INFO - Processing file /home/airflow/.local/lib/python3.12/site-packages/airflow/example_dags/example_branch_operator.py for tasks to queue
[2024-05-03T15:36:36.108+0000] {logging_mixin.py:188} INFO - [2024-05-03T15:36:36.108+0000] {dagbag.py:540} INFO - Filling up the DagBag from /home/airflow/.local/lib/python3.12/site-packages/airflow/example_dags/example_branch_operator.py
[2024-05-03T15:36:36.136+0000] {processor.py:840} INFO - DAG(s) 'example_branch_operator' retrieved from /home/airflow/.local/lib/python3.12/site-packages/airflow/example_dags/example_branch_operator.py
[2024-05-03T15:36:36.576+0000] {logging_mixin.py:188} INFO - [2024-05-03T15:36:36.575+0000] {dag.py:3096} INFO - Sync 1 DAGs
[2024-05-03T15:36:36.660+0000] {logging_mixin.py:188} INFO - [2024-05-03T15:36:36.659+0000] {dag.py:3954} INFO - Setting next_dagrun for example_branch_operator to 2024-05-02 00:00:00+00:00, run_after=2024-05-03 00:00:00+00:00
[2024-05-03T15:36:36.718+0000] {processor.py:183} INFO - Processing /home/airflow/.local/lib/python3.12/site-packages/airflow/example_dags/example_branch_operator.py took 0.616 seconds
[2024-05-03T15:37:09.498+0000] {processor.py:161} INFO - Started process (PID=131) to work on /home/airflow/.local/lib/python3.12/site-packages/airflow/example_dags/example_branch_operator.py
[2024-05-03T15:37:09.499+0000] {processor.py:830} INFO - Processing file /home/airflow/.local/lib/python3.12/site-packages/airflow/example_dags/example_branch_operator.py for tasks to queue
[2024-05-03T15:37:09.501+0000] {logging_mixin.py:188} INFO - [2024-05-03T15:37:09.500+0000] {dagbag.py:540} INFO - Filling up the DagBag from /home/airflow/.local/lib/python3.12/site-packages/airflow/example_dags/example_branch_operator.py
[2024-05-03T15:37:09.552+0000] {processor.py:840} INFO - DAG(s) 'example_branch_operator' retrieved from /home/airflow/.local/lib/python3.12/site-packages/airflow/example_dags/example_branch_operator.py
[2024-05-03T15:37:09.718+0000] {logging_mixin.py:188} INFO - [2024-05-03T15:37:09.711+0000] {dag.py:3096} INFO - Sync 1 DAGs
[2024-05-03T15:37:09.937+0000] {logging_mixin.py:188} INFO - [2024-05-03T15:37:09.936+0000] {dag.py:3954} INFO - Setting next_dagrun for example_branch_operator to 2024-05-02 00:00:00+00:00, run_after=2024-05-03 00:00:00+00:00
[2024-05-03T15:37:10.070+0000] {processor.py:183} INFO - Processing /home/airflow/.local/lib/python3.12/site-packages/airflow/example_dags/example_branch_operator.py took 0.595 seconds
[2024-05-03T15:37:44.548+0000] {processor.py:161} INFO - Started process (PID=192) to work on /home/airflow/.local/lib/python3.12/site-packages/airflow/example_dags/example_branch_operator.py
[2024-05-03T15:37:44.565+0000] {processor.py:830} INFO - Processing file /home/airflow/.local/lib/python3.12/site-packages/airflow/example_dags/example_branch_operator.py for tasks to queue
[2024-05-03T15:37:44.568+0000] {logging_mixin.py:188} INFO - [2024-05-03T15:37:44.567+0000] {dagbag.py:540} INFO - Filling up the DagBag from /home/airflow/.local/lib/python3.12/site-packages/airflow/example_dags/example_branch_operator.py
[2024-05-03T15:37:44.610+0000] {processor.py:840} INFO - DAG(s) 'example_branch_operator' retrieved from /home/airflow/.local/lib/python3.12/site-packages/airflow/example_dags/example_branch_operator.py
[2024-05-03T15:37:44.705+0000] {logging_mixin.py:188} INFO - [2024-05-03T15:37:44.704+0000] {dag.py:3096} INFO - Sync 1 DAGs
[2024-05-03T15:37:44.794+0000] {logging_mixin.py:188} INFO - [2024-05-03T15:37:44.793+0000] {dag.py:3954} INFO - Setting next_dagrun for example_branch_operator to 2024-05-02 00:00:00+00:00, run_after=2024-05-03 00:00:00+00:00
[2024-05-03T15:37:44.846+0000] {processor.py:183} INFO - Processing /home/airflow/.local/lib/python3.12/site-packages/airflow/example_dags/example_branch_operator.py took 0.327 seconds
[2024-05-03T15:38:15.095+0000] {processor.py:161} INFO - Started process (PID=252) to work on /home/airflow/.local/lib/python3.12/site-packages/airflow/example_dags/example_branch_operator.py
[2024-05-03T15:38:15.096+0000] {processor.py:830} INFO - Processing file /home/airflow/.local/lib/python3.12/site-packages/airflow/example_dags/example_branch_operator.py for tasks to queue
[2024-05-03T15:38:15.098+0000] {logging_mixin.py:188} INFO - [2024-05-03T15:38:15.097+0000] {dagbag.py:540} INFO - Filling up the DagBag from /home/airflow/.local/lib/python3.12/site-packages/airflow/example_dags/example_branch_operator.py
[2024-05-03T15:38:15.130+0000] {processor.py:840} INFO - DAG(s) 'example_branch_operator' retrieved from /home/airflow/.local/lib/python3.12/site-packages/airflow/example_dags/example_branch_operator.py
[2024-05-03T15:38:15.164+0000] {logging_mixin.py:188} INFO - [2024-05-03T15:38:15.163+0000] {dag.py:3096} INFO - Sync 1 DAGs
[2024-05-03T15:38:15.190+0000] {logging_mixin.py:188} INFO - [2024-05-03T15:38:15.189+0000] {dag.py:3954} INFO - Setting next_dagrun for example_branch_operator to 2024-05-02 00:00:00+00:00, run_after=2024-05-03 00:00:00+00:00
[2024-05-03T15:38:15.214+0000] {processor.py:183} INFO - Processing /home/airflow/.local/lib/python3.12/site-packages/airflow/example_dags/example_branch_operator.py took 0.126 seconds
[2024-05-03T15:38:45.914+0000] {processor.py:161} INFO - Started process (PID=313) to work on /home/airflow/.local/lib/python3.12/site-packages/airflow/example_dags/example_branch_operator.py
[2024-05-03T15:38:45.915+0000] {processor.py:830} INFO - Processing file /home/airflow/.local/lib/python3.12/site-packages/airflow/example_dags/example_branch_operator.py for tasks to queue
[2024-05-03T15:38:45.917+0000] {logging_mixin.py:188} INFO - [2024-05-03T15:38:45.916+0000] {dagbag.py:540} INFO - Filling up the DagBag from /home/airflow/.local/lib/python3.12/site-packages/airflow/example_dags/example_branch_operator.py
[2024-05-03T15:38:45.938+0000] {processor.py:840} INFO - DAG(s) 'example_branch_operator' retrieved from /home/airflow/.local/lib/python3.12/site-packages/airflow/example_dags/example_branch_operator.py
[2024-05-03T15:38:45.980+0000] {logging_mixin.py:188} INFO - [2024-05-03T15:38:45.980+0000] {dag.py:3096} INFO - Sync 1 DAGs
[2024-05-03T15:38:46.010+0000] {logging_mixin.py:188} INFO - [2024-05-03T15:38:46.010+0000] {dag.py:3954} INFO - Setting next_dagrun for example_branch_operator to 2024-05-02 00:00:00+00:00, run_after=2024-05-03 00:00:00+00:00
[2024-05-03T15:38:46.040+0000] {processor.py:183} INFO - Processing /home/airflow/.local/lib/python3.12/site-packages/airflow/example_dags/example_branch_operator.py took 0.132 seconds
[2024-05-03T15:39:16.487+0000] {processor.py:161} INFO - Started process (PID=375) to work on /home/airflow/.local/lib/python3.12/site-packages/airflow/example_dags/example_branch_operator.py
[2024-05-03T15:39:16.488+0000] {processor.py:830} INFO - Processing file /home/airflow/.local/lib/python3.12/site-packages/airflow/example_dags/example_branch_operator.py for tasks to queue
[2024-05-03T15:39:16.490+0000] {logging_mixin.py:188} INFO - [2024-05-03T15:39:16.489+0000] {dagbag.py:540} INFO - Filling up the DagBag from /home/airflow/.local/lib/python3.12/site-packages/airflow/example_dags/example_branch_operator.py
[2024-05-03T15:39:16.511+0000] {processor.py:840} INFO - DAG(s) 'example_branch_operator' retrieved from /home/airflow/.local/lib/python3.12/site-packages/airflow/example_dags/example_branch_operator.py
[2024-05-03T15:39:16.551+0000] {logging_mixin.py:188} INFO - [2024-05-03T15:39:16.551+0000] {dag.py:3096} INFO - Sync 1 DAGs
[2024-05-03T15:39:16.577+0000] {logging_mixin.py:188} INFO - [2024-05-03T15:39:16.577+0000] {dag.py:3954} INFO - Setting next_dagrun for example_branch_operator to 2024-05-02 00:00:00+00:00, run_after=2024-05-03 00:00:00+00:00
[2024-05-03T15:39:16.600+0000] {processor.py:183} INFO - Processing /home/airflow/.local/lib/python3.12/site-packages/airflow/example_dags/example_branch_operator.py took 0.120 seconds
[2024-05-03T15:39:46.912+0000] {processor.py:161} INFO - Started process (PID=436) to work on /home/airflow/.local/lib/python3.12/site-packages/airflow/example_dags/example_branch_operator.py
[2024-05-03T15:39:46.914+0000] {processor.py:830} INFO - Processing file /home/airflow/.local/lib/python3.12/site-packages/airflow/example_dags/example_branch_operator.py for tasks to queue
[2024-05-03T15:39:46.916+0000] {logging_mixin.py:188} INFO - [2024-05-03T15:39:46.915+0000] {dagbag.py:540} INFO - Filling up the DagBag from /home/airflow/.local/lib/python3.12/site-packages/airflow/example_dags/example_branch_operator.py
[2024-05-03T15:39:46.938+0000] {processor.py:840} INFO - DAG(s) 'example_branch_operator' retrieved from /home/airflow/.local/lib/python3.12/site-packages/airflow/example_dags/example_branch_operator.py
[2024-05-03T15:39:47.022+0000] {logging_mixin.py:188} INFO - [2024-05-03T15:39:47.022+0000] {dag.py:3096} INFO - Sync 1 DAGs
[2024-05-03T15:39:47.055+0000] {logging_mixin.py:188} INFO - [2024-05-03T15:39:47.055+0000] {dag.py:3954} INFO - Setting next_dagrun for example_branch_operator to 2024-05-02 00:00:00+00:00, run_after=2024-05-03 00:00:00+00:00
[2024-05-03T15:39:47.105+0000] {processor.py:183} INFO - Processing /home/airflow/.local/lib/python3.12/site-packages/airflow/example_dags/example_branch_operator.py took 0.200 seconds
[2024-05-03T15:40:17.344+0000] {processor.py:161} INFO - Started process (PID=497) to work on /home/airflow/.local/lib/python3.12/site-packages/airflow/example_dags/example_branch_operator.py
[2024-05-03T15:40:17.344+0000] {processor.py:830} INFO - Processing file /home/airflow/.local/lib/python3.12/site-packages/airflow/example_dags/example_branch_operator.py for tasks to queue
[2024-05-03T15:40:17.346+0000] {logging_mixin.py:188} INFO - [2024-05-03T15:40:17.346+0000] {dagbag.py:540} INFO - Filling up the DagBag from /home/airflow/.local/lib/python3.12/site-packages/airflow/example_dags/example_branch_operator.py
[2024-05-03T15:40:17.366+0000] {processor.py:840} INFO - DAG(s) 'example_branch_operator' retrieved from /home/airflow/.local/lib/python3.12/site-packages/airflow/example_dags/example_branch_operator.py
[2024-05-03T15:40:17.402+0000] {logging_mixin.py:188} INFO - [2024-05-03T15:40:17.401+0000] {dag.py:3096} INFO - Sync 1 DAGs
[2024-05-03T15:40:17.431+0000] {logging_mixin.py:188} INFO - [2024-05-03T15:40:17.431+0000] {dag.py:3954} INFO - Setting next_dagrun for example_branch_operator to 2024-05-02 00:00:00+00:00, run_after=2024-05-03 00:00:00+00:00
[2024-05-03T15:40:17.457+0000] {processor.py:183} INFO - Processing /home/airflow/.local/lib/python3.12/site-packages/airflow/example_dags/example_branch_operator.py took 0.121 seconds
[2024-05-03T15:40:47.985+0000] {processor.py:161} INFO - Started process (PID=559) to work on /home/airflow/.local/lib/python3.12/site-packages/airflow/example_dags/example_branch_operator.py
[2024-05-03T15:40:47.986+0000] {processor.py:830} INFO - Processing file /home/airflow/.local/lib/python3.12/site-packages/airflow/example_dags/example_branch_operator.py for tasks to queue
[2024-05-03T15:40:47.988+0000] {logging_mixin.py:188} INFO - [2024-05-03T15:40:47.988+0000] {dagbag.py:540} INFO - Filling up the DagBag from /home/airflow/.local/lib/python3.12/site-packages/airflow/example_dags/example_branch_operator.py
[2024-05-03T15:40:48.009+0000] {processor.py:840} INFO - DAG(s) 'example_branch_operator' retrieved from /home/airflow/.local/lib/python3.12/site-packages/airflow/example_dags/example_branch_operator.py
[2024-05-03T15:40:48.046+0000] {logging_mixin.py:188} INFO - [2024-05-03T15:40:48.045+0000] {dag.py:3096} INFO - Sync 1 DAGs
[2024-05-03T15:40:48.073+0000] {logging_mixin.py:188} INFO - [2024-05-03T15:40:48.072+0000] {dag.py:3954} INFO - Setting next_dagrun for example_branch_operator to 2024-05-02 00:00:00+00:00, run_after=2024-05-03 00:00:00+00:00
[2024-05-03T15:40:48.097+0000] {processor.py:183} INFO - Processing /home/airflow/.local/lib/python3.12/site-packages/airflow/example_dags/example_branch_operator.py took 0.119 seconds
[2024-05-03T15:41:19.163+0000] {processor.py:161} INFO - Started process (PID=620) to work on /home/airflow/.local/lib/python3.12/site-packages/airflow/example_dags/example_branch_operator.py
[2024-05-03T15:41:19.164+0000] {processor.py:830} INFO - Processing file /home/airflow/.local/lib/python3.12/site-packages/airflow/example_dags/example_branch_operator.py for tasks to queue
[2024-05-03T15:41:19.166+0000] {logging_mixin.py:188} INFO - [2024-05-03T15:41:19.166+0000] {dagbag.py:540} INFO - Filling up the DagBag from /home/airflow/.local/lib/python3.12/site-packages/airflow/example_dags/example_branch_operator.py
[2024-05-03T15:41:19.233+0000] {processor.py:840} INFO - DAG(s) 'example_branch_operator' retrieved from /home/airflow/.local/lib/python3.12/site-packages/airflow/example_dags/example_branch_operator.py
[2024-05-03T15:41:19.297+0000] {logging_mixin.py:188} INFO - [2024-05-03T15:41:19.296+0000] {dag.py:3096} INFO - Sync 1 DAGs
[2024-05-03T15:41:19.365+0000] {logging_mixin.py:188} INFO - [2024-05-03T15:41:19.364+0000] {dag.py:3954} INFO - Setting next_dagrun for example_branch_operator to 2024-05-02 00:00:00+00:00, run_after=2024-05-03 00:00:00+00:00
[2024-05-03T15:41:19.413+0000] {processor.py:183} INFO - Processing /home/airflow/.local/lib/python3.12/site-packages/airflow/example_dags/example_branch_operator.py took 0.277 seconds
[2024-05-03T15:41:52.103+0000] {processor.py:161} INFO - Started process (PID=687) to work on /home/airflow/.local/lib/python3.12/site-packages/airflow/example_dags/example_branch_operator.py
[2024-05-03T15:41:52.107+0000] {processor.py:830} INFO - Processing file /home/airflow/.local/lib/python3.12/site-packages/airflow/example_dags/example_branch_operator.py for tasks to queue
[2024-05-03T15:41:52.122+0000] {logging_mixin.py:188} INFO - [2024-05-03T15:41:52.122+0000] {dagbag.py:540} INFO - Filling up the DagBag from /home/airflow/.local/lib/python3.12/site-packages/airflow/example_dags/example_branch_operator.py
[2024-05-03T15:41:52.211+0000] {processor.py:840} INFO - DAG(s) 'example_branch_operator' retrieved from /home/airflow/.local/lib/python3.12/site-packages/airflow/example_dags/example_branch_operator.py
[2024-05-03T15:41:52.333+0000] {logging_mixin.py:188} INFO - [2024-05-03T15:41:52.332+0000] {dag.py:3096} INFO - Sync 1 DAGs
[2024-05-03T15:41:52.428+0000] {logging_mixin.py:188} INFO - [2024-05-03T15:41:52.427+0000] {dag.py:3954} INFO - Setting next_dagrun for example_branch_operator to 2024-05-02 00:00:00+00:00, run_after=2024-05-03 00:00:00+00:00
[2024-05-03T15:41:52.513+0000] {processor.py:183} INFO - Processing /home/airflow/.local/lib/python3.12/site-packages/airflow/example_dags/example_branch_operator.py took 0.429 seconds
[2024-05-03T15:42:23.458+0000] {processor.py:161} INFO - Started process (PID=749) to work on /home/airflow/.local/lib/python3.12/site-packages/airflow/example_dags/example_branch_operator.py
[2024-05-03T15:42:23.459+0000] {processor.py:830} INFO - Processing file /home/airflow/.local/lib/python3.12/site-packages/airflow/example_dags/example_branch_operator.py for tasks to queue
[2024-05-03T15:42:23.461+0000] {logging_mixin.py:188} INFO - [2024-05-03T15:42:23.461+0000] {dagbag.py:540} INFO - Filling up the DagBag from /home/airflow/.local/lib/python3.12/site-packages/airflow/example_dags/example_branch_operator.py
[2024-05-03T15:42:23.482+0000] {processor.py:840} INFO - DAG(s) 'example_branch_operator' retrieved from /home/airflow/.local/lib/python3.12/site-packages/airflow/example_dags/example_branch_operator.py
[2024-05-03T15:42:23.522+0000] {logging_mixin.py:188} INFO - [2024-05-03T15:42:23.522+0000] {dag.py:3096} INFO - Sync 1 DAGs
[2024-05-03T15:42:23.551+0000] {logging_mixin.py:188} INFO - [2024-05-03T15:42:23.551+0000] {dag.py:3954} INFO - Setting next_dagrun for example_branch_operator to 2024-05-02 00:00:00+00:00, run_after=2024-05-03 00:00:00+00:00
[2024-05-03T15:42:23.576+0000] {processor.py:183} INFO - Processing /home/airflow/.local/lib/python3.12/site-packages/airflow/example_dags/example_branch_operator.py took 0.124 seconds
[2024-05-03T15:42:53.873+0000] {processor.py:161} INFO - Started process (PID=810) to work on /home/airflow/.local/lib/python3.12/site-packages/airflow/example_dags/example_branch_operator.py
[2024-05-03T15:42:53.874+0000] {processor.py:830} INFO - Processing file /home/airflow/.local/lib/python3.12/site-packages/airflow/example_dags/example_branch_operator.py for tasks to queue
[2024-05-03T15:42:53.877+0000] {logging_mixin.py:188} INFO - [2024-05-03T15:42:53.876+0000] {dagbag.py:540} INFO - Filling up the DagBag from /home/airflow/.local/lib/python3.12/site-packages/airflow/example_dags/example_branch_operator.py
[2024-05-03T15:42:53.898+0000] {processor.py:840} INFO - DAG(s) 'example_branch_operator' retrieved from /home/airflow/.local/lib/python3.12/site-packages/airflow/example_dags/example_branch_operator.py
[2024-05-03T15:42:53.937+0000] {logging_mixin.py:188} INFO - [2024-05-03T15:42:53.937+0000] {dag.py:3096} INFO - Sync 1 DAGs
[2024-05-03T15:42:53.967+0000] {logging_mixin.py:188} INFO - [2024-05-03T15:42:53.967+0000] {dag.py:3954} INFO - Setting next_dagrun for example_branch_operator to 2024-05-02 00:00:00+00:00, run_after=2024-05-03 00:00:00+00:00
[2024-05-03T15:42:53.994+0000] {processor.py:183} INFO - Processing /home/airflow/.local/lib/python3.12/site-packages/airflow/example_dags/example_branch_operator.py took 0.127 seconds
[2024-05-03T15:43:24.608+0000] {processor.py:161} INFO - Started process (PID=871) to work on /home/airflow/.local/lib/python3.12/site-packages/airflow/example_dags/example_branch_operator.py
[2024-05-03T15:43:24.609+0000] {processor.py:830} INFO - Processing file /home/airflow/.local/lib/python3.12/site-packages/airflow/example_dags/example_branch_operator.py for tasks to queue
[2024-05-03T15:43:24.611+0000] {logging_mixin.py:188} INFO - [2024-05-03T15:43:24.611+0000] {dagbag.py:540} INFO - Filling up the DagBag from /home/airflow/.local/lib/python3.12/site-packages/airflow/example_dags/example_branch_operator.py
[2024-05-03T15:43:24.633+0000] {processor.py:840} INFO - DAG(s) 'example_branch_operator' retrieved from /home/airflow/.local/lib/python3.12/site-packages/airflow/example_dags/example_branch_operator.py
[2024-05-03T15:43:24.675+0000] {logging_mixin.py:188} INFO - [2024-05-03T15:43:24.675+0000] {dag.py:3096} INFO - Sync 1 DAGs
[2024-05-03T15:43:24.704+0000] {logging_mixin.py:188} INFO - [2024-05-03T15:43:24.704+0000] {dag.py:3954} INFO - Setting next_dagrun for example_branch_operator to 2024-05-02 00:00:00+00:00, run_after=2024-05-03 00:00:00+00:00
[2024-05-03T15:43:24.731+0000] {processor.py:183} INFO - Processing /home/airflow/.local/lib/python3.12/site-packages/airflow/example_dags/example_branch_operator.py took 0.128 seconds
[2024-05-03T15:43:54.860+0000] {processor.py:161} INFO - Started process (PID=932) to work on /home/airflow/.local/lib/python3.12/site-packages/airflow/example_dags/example_branch_operator.py
[2024-05-03T15:43:54.861+0000] {processor.py:830} INFO - Processing file /home/airflow/.local/lib/python3.12/site-packages/airflow/example_dags/example_branch_operator.py for tasks to queue
[2024-05-03T15:43:54.863+0000] {logging_mixin.py:188} INFO - [2024-05-03T15:43:54.863+0000] {dagbag.py:540} INFO - Filling up the DagBag from /home/airflow/.local/lib/python3.12/site-packages/airflow/example_dags/example_branch_operator.py
[2024-05-03T15:43:54.885+0000] {processor.py:840} INFO - DAG(s) 'example_branch_operator' retrieved from /home/airflow/.local/lib/python3.12/site-packages/airflow/example_dags/example_branch_operator.py
[2024-05-03T15:43:54.925+0000] {logging_mixin.py:188} INFO - [2024-05-03T15:43:54.924+0000] {dag.py:3096} INFO - Sync 1 DAGs
[2024-05-03T15:43:54.954+0000] {logging_mixin.py:188} INFO - [2024-05-03T15:43:54.953+0000] {dag.py:3954} INFO - Setting next_dagrun for example_branch_operator to 2024-05-02 00:00:00+00:00, run_after=2024-05-03 00:00:00+00:00
[2024-05-03T15:43:54.980+0000] {processor.py:183} INFO - Processing /home/airflow/.local/lib/python3.12/site-packages/airflow/example_dags/example_branch_operator.py took 0.125 seconds
[2024-05-03T15:44:25.068+0000] {processor.py:161} INFO - Started process (PID=994) to work on /home/airflow/.local/lib/python3.12/site-packages/airflow/example_dags/example_branch_operator.py
[2024-05-03T15:44:25.070+0000] {processor.py:830} INFO - Processing file /home/airflow/.local/lib/python3.12/site-packages/airflow/example_dags/example_branch_operator.py for tasks to queue
[2024-05-03T15:44:25.072+0000] {logging_mixin.py:188} INFO - [2024-05-03T15:44:25.071+0000] {dagbag.py:540} INFO - Filling up the DagBag from /home/airflow/.local/lib/python3.12/site-packages/airflow/example_dags/example_branch_operator.py
[2024-05-03T15:44:25.093+0000] {processor.py:840} INFO - DAG(s) 'example_branch_operator' retrieved from /home/airflow/.local/lib/python3.12/site-packages/airflow/example_dags/example_branch_operator.py
[2024-05-03T15:44:25.139+0000] {logging_mixin.py:188} INFO - [2024-05-03T15:44:25.139+0000] {dag.py:3096} INFO - Sync 1 DAGs
[2024-05-03T15:44:25.168+0000] {logging_mixin.py:188} INFO - [2024-05-03T15:44:25.168+0000] {dag.py:3954} INFO - Setting next_dagrun for example_branch_operator to 2024-05-02 00:00:00+00:00, run_after=2024-05-03 00:00:00+00:00
[2024-05-03T15:44:25.194+0000] {processor.py:183} INFO - Processing /home/airflow/.local/lib/python3.12/site-packages/airflow/example_dags/example_branch_operator.py took 0.132 seconds
[2024-05-03T15:44:55.320+0000] {processor.py:161} INFO - Started process (PID=1055) to work on /home/airflow/.local/lib/python3.12/site-packages/airflow/example_dags/example_branch_operator.py
[2024-05-03T15:44:55.328+0000] {processor.py:830} INFO - Processing file /home/airflow/.local/lib/python3.12/site-packages/airflow/example_dags/example_branch_operator.py for tasks to queue
[2024-05-03T15:44:55.334+0000] {logging_mixin.py:188} INFO - [2024-05-03T15:44:55.334+0000] {dagbag.py:540} INFO - Filling up the DagBag from /home/airflow/.local/lib/python3.12/site-packages/airflow/example_dags/example_branch_operator.py
[2024-05-03T15:44:55.377+0000] {processor.py:840} INFO - DAG(s) 'example_branch_operator' retrieved from /home/airflow/.local/lib/python3.12/site-packages/airflow/example_dags/example_branch_operator.py
[2024-05-03T15:44:55.447+0000] {logging_mixin.py:188} INFO - [2024-05-03T15:44:55.446+0000] {dag.py:3096} INFO - Sync 1 DAGs
[2024-05-03T15:44:55.475+0000] {logging_mixin.py:188} INFO - [2024-05-03T15:44:55.475+0000] {dag.py:3954} INFO - Setting next_dagrun for example_branch_operator to 2024-05-02 00:00:00+00:00, run_after=2024-05-03 00:00:00+00:00
[2024-05-03T15:44:55.532+0000] {processor.py:183} INFO - Processing /home/airflow/.local/lib/python3.12/site-packages/airflow/example_dags/example_branch_operator.py took 0.234 seconds
[2024-05-03T15:45:26.258+0000] {processor.py:161} INFO - Started process (PID=1116) to work on /home/airflow/.local/lib/python3.12/site-packages/airflow/example_dags/example_branch_operator.py
[2024-05-03T15:45:26.274+0000] {processor.py:830} INFO - Processing file /home/airflow/.local/lib/python3.12/site-packages/airflow/example_dags/example_branch_operator.py for tasks to queue
[2024-05-03T15:45:26.278+0000] {logging_mixin.py:188} INFO - [2024-05-03T15:45:26.278+0000] {dagbag.py:540} INFO - Filling up the DagBag from /home/airflow/.local/lib/python3.12/site-packages/airflow/example_dags/example_branch_operator.py
[2024-05-03T15:45:26.340+0000] {processor.py:840} INFO - DAG(s) 'example_branch_operator' retrieved from /home/airflow/.local/lib/python3.12/site-packages/airflow/example_dags/example_branch_operator.py
[2024-05-03T15:45:26.473+0000] {logging_mixin.py:188} INFO - [2024-05-03T15:45:26.472+0000] {dag.py:3096} INFO - Sync 1 DAGs
[2024-05-03T15:45:26.568+0000] {logging_mixin.py:188} INFO - [2024-05-03T15:45:26.568+0000] {dag.py:3954} INFO - Setting next_dagrun for example_branch_operator to 2024-05-02 00:00:00+00:00, run_after=2024-05-03 00:00:00+00:00
[2024-05-03T15:45:26.604+0000] {processor.py:183} INFO - Processing /home/airflow/.local/lib/python3.12/site-packages/airflow/example_dags/example_branch_operator.py took 0.354 seconds
[2024-05-03T15:45:56.828+0000] {processor.py:161} INFO - Started process (PID=1177) to work on /home/airflow/.local/lib/python3.12/site-packages/airflow/example_dags/example_branch_operator.py
[2024-05-03T15:45:56.830+0000] {processor.py:830} INFO - Processing file /home/airflow/.local/lib/python3.12/site-packages/airflow/example_dags/example_branch_operator.py for tasks to queue
[2024-05-03T15:45:56.832+0000] {logging_mixin.py:188} INFO - [2024-05-03T15:45:56.832+0000] {dagbag.py:540} INFO - Filling up the DagBag from /home/airflow/.local/lib/python3.12/site-packages/airflow/example_dags/example_branch_operator.py
[2024-05-03T15:45:56.855+0000] {processor.py:840} INFO - DAG(s) 'example_branch_operator' retrieved from /home/airflow/.local/lib/python3.12/site-packages/airflow/example_dags/example_branch_operator.py
[2024-05-03T15:45:56.891+0000] {logging_mixin.py:188} INFO - [2024-05-03T15:45:56.891+0000] {dag.py:3096} INFO - Sync 1 DAGs
[2024-05-03T15:45:56.920+0000] {logging_mixin.py:188} INFO - [2024-05-03T15:45:56.920+0000] {dag.py:3954} INFO - Setting next_dagrun for example_branch_operator to 2024-05-02 00:00:00+00:00, run_after=2024-05-03 00:00:00+00:00
[2024-05-03T15:45:56.948+0000] {processor.py:183} INFO - Processing /home/airflow/.local/lib/python3.12/site-packages/airflow/example_dags/example_branch_operator.py took 0.127 seconds
[2024-05-03T15:46:27.250+0000] {processor.py:161} INFO - Started process (PID=1238) to work on /home/airflow/.local/lib/python3.12/site-packages/airflow/example_dags/example_branch_operator.py
[2024-05-03T15:46:27.261+0000] {processor.py:830} INFO - Processing file /home/airflow/.local/lib/python3.12/site-packages/airflow/example_dags/example_branch_operator.py for tasks to queue
[2024-05-03T15:46:27.269+0000] {logging_mixin.py:188} INFO - [2024-05-03T15:46:27.268+0000] {dagbag.py:540} INFO - Filling up the DagBag from /home/airflow/.local/lib/python3.12/site-packages/airflow/example_dags/example_branch_operator.py
[2024-05-03T15:46:27.316+0000] {processor.py:840} INFO - DAG(s) 'example_branch_operator' retrieved from /home/airflow/.local/lib/python3.12/site-packages/airflow/example_dags/example_branch_operator.py
[2024-05-03T15:46:27.405+0000] {logging_mixin.py:188} INFO - [2024-05-03T15:46:27.404+0000] {dag.py:3096} INFO - Sync 1 DAGs
[2024-05-03T15:46:27.474+0000] {logging_mixin.py:188} INFO - [2024-05-03T15:46:27.474+0000] {dag.py:3954} INFO - Setting next_dagrun for example_branch_operator to 2024-05-02 00:00:00+00:00, run_after=2024-05-03 00:00:00+00:00
[2024-05-03T15:46:27.522+0000] {processor.py:183} INFO - Processing /home/airflow/.local/lib/python3.12/site-packages/airflow/example_dags/example_branch_operator.py took 0.286 seconds
[2024-05-03T15:46:57.923+0000] {processor.py:161} INFO - Started process (PID=1300) to work on /home/airflow/.local/lib/python3.12/site-packages/airflow/example_dags/example_branch_operator.py
[2024-05-03T15:46:57.924+0000] {processor.py:830} INFO - Processing file /home/airflow/.local/lib/python3.12/site-packages/airflow/example_dags/example_branch_operator.py for tasks to queue
[2024-05-03T15:46:57.927+0000] {logging_mixin.py:188} INFO - [2024-05-03T15:46:57.926+0000] {dagbag.py:540} INFO - Filling up the DagBag from /home/airflow/.local/lib/python3.12/site-packages/airflow/example_dags/example_branch_operator.py
[2024-05-03T15:46:57.959+0000] {processor.py:840} INFO - DAG(s) 'example_branch_operator' retrieved from /home/airflow/.local/lib/python3.12/site-packages/airflow/example_dags/example_branch_operator.py
[2024-05-03T15:46:57.994+0000] {logging_mixin.py:188} INFO - [2024-05-03T15:46:57.993+0000] {dag.py:3096} INFO - Sync 1 DAGs
[2024-05-03T15:46:58.021+0000] {logging_mixin.py:188} INFO - [2024-05-03T15:46:58.021+0000] {dag.py:3954} INFO - Setting next_dagrun for example_branch_operator to 2024-05-02 00:00:00+00:00, run_after=2024-05-03 00:00:00+00:00
[2024-05-03T15:46:58.045+0000] {processor.py:183} INFO - Processing /home/airflow/.local/lib/python3.12/site-packages/airflow/example_dags/example_branch_operator.py took 0.129 seconds
[2024-05-03T15:47:28.258+0000] {processor.py:161} INFO - Started process (PID=1361) to work on /home/airflow/.local/lib/python3.12/site-packages/airflow/example_dags/example_branch_operator.py
[2024-05-03T15:47:28.259+0000] {processor.py:830} INFO - Processing file /home/airflow/.local/lib/python3.12/site-packages/airflow/example_dags/example_branch_operator.py for tasks to queue
[2024-05-03T15:47:28.263+0000] {logging_mixin.py:188} INFO - [2024-05-03T15:47:28.260+0000] {dagbag.py:540} INFO - Filling up the DagBag from /home/airflow/.local/lib/python3.12/site-packages/airflow/example_dags/example_branch_operator.py
[2024-05-03T15:47:28.296+0000] {processor.py:840} INFO - DAG(s) 'example_branch_operator' retrieved from /home/airflow/.local/lib/python3.12/site-packages/airflow/example_dags/example_branch_operator.py
[2024-05-03T15:47:28.389+0000] {logging_mixin.py:188} INFO - [2024-05-03T15:47:28.389+0000] {dag.py:3096} INFO - Sync 1 DAGs
[2024-05-03T15:47:28.421+0000] {logging_mixin.py:188} INFO - [2024-05-03T15:47:28.421+0000] {dag.py:3954} INFO - Setting next_dagrun for example_branch_operator to 2024-05-02 00:00:00+00:00, run_after=2024-05-03 00:00:00+00:00
[2024-05-03T15:47:28.447+0000] {processor.py:183} INFO - Processing /home/airflow/.local/lib/python3.12/site-packages/airflow/example_dags/example_branch_operator.py took 0.196 seconds
