[2024-05-03T15:36:34.074+0000] {processor.py:161} INFO - Started process (PID=55) to work on /home/airflow/.local/lib/python3.12/site-packages/airflow/example_dags/example_task_group.py
[2024-05-03T15:36:34.074+0000] {processor.py:830} INFO - Processing file /home/airflow/.local/lib/python3.12/site-packages/airflow/example_dags/example_task_group.py for tasks to queue
[2024-05-03T15:36:34.076+0000] {logging_mixin.py:188} INFO - [2024-05-03T15:36:34.076+0000] {dagbag.py:540} INFO - Filling up the DagBag from /home/airflow/.local/lib/python3.12/site-packages/airflow/example_dags/example_task_group.py
[2024-05-03T15:36:34.115+0000] {processor.py:840} INFO - DAG(s) 'example_task_group' retrieved from /home/airflow/.local/lib/python3.12/site-packages/airflow/example_dags/example_task_group.py
[2024-05-03T15:36:34.187+0000] {logging_mixin.py:188} INFO - [2024-05-03T15:36:34.187+0000] {dag.py:3096} INFO - Sync 1 DAGs
[2024-05-03T15:36:34.235+0000] {logging_mixin.py:188} INFO - [2024-05-03T15:36:34.235+0000] {dag.py:3954} INFO - Setting next_dagrun for example_task_group to 2024-05-02 00:00:00+00:00, run_after=2024-05-03 00:00:00+00:00
[2024-05-03T15:36:34.276+0000] {processor.py:183} INFO - Processing /home/airflow/.local/lib/python3.12/site-packages/airflow/example_dags/example_task_group.py took 0.221 seconds
[2024-05-03T15:37:05.629+0000] {processor.py:161} INFO - Started process (PID=116) to work on /home/airflow/.local/lib/python3.12/site-packages/airflow/example_dags/example_task_group.py
[2024-05-03T15:37:05.634+0000] {processor.py:830} INFO - Processing file /home/airflow/.local/lib/python3.12/site-packages/airflow/example_dags/example_task_group.py for tasks to queue
[2024-05-03T15:37:05.639+0000] {logging_mixin.py:188} INFO - [2024-05-03T15:37:05.639+0000] {dagbag.py:540} INFO - Filling up the DagBag from /home/airflow/.local/lib/python3.12/site-packages/airflow/example_dags/example_task_group.py
[2024-05-03T15:37:05.747+0000] {processor.py:840} INFO - DAG(s) 'example_task_group' retrieved from /home/airflow/.local/lib/python3.12/site-packages/airflow/example_dags/example_task_group.py
[2024-05-03T15:37:05.854+0000] {logging_mixin.py:188} INFO - [2024-05-03T15:37:05.854+0000] {dag.py:3096} INFO - Sync 1 DAGs
[2024-05-03T15:37:05.920+0000] {logging_mixin.py:188} INFO - [2024-05-03T15:37:05.920+0000] {dag.py:3954} INFO - Setting next_dagrun for example_task_group to 2024-05-02 00:00:00+00:00, run_after=2024-05-03 00:00:00+00:00
[2024-05-03T15:37:05.961+0000] {processor.py:183} INFO - Processing /home/airflow/.local/lib/python3.12/site-packages/airflow/example_dags/example_task_group.py took 0.355 seconds
[2024-05-03T15:37:41.119+0000] {processor.py:161} INFO - Started process (PID=177) to work on /home/airflow/.local/lib/python3.12/site-packages/airflow/example_dags/example_task_group.py
[2024-05-03T15:37:41.126+0000] {processor.py:830} INFO - Processing file /home/airflow/.local/lib/python3.12/site-packages/airflow/example_dags/example_task_group.py for tasks to queue
[2024-05-03T15:37:41.134+0000] {logging_mixin.py:188} INFO - [2024-05-03T15:37:41.134+0000] {dagbag.py:540} INFO - Filling up the DagBag from /home/airflow/.local/lib/python3.12/site-packages/airflow/example_dags/example_task_group.py
[2024-05-03T15:37:41.160+0000] {processor.py:840} INFO - DAG(s) 'example_task_group' retrieved from /home/airflow/.local/lib/python3.12/site-packages/airflow/example_dags/example_task_group.py
[2024-05-03T15:37:41.247+0000] {logging_mixin.py:188} INFO - [2024-05-03T15:37:41.247+0000] {dag.py:3096} INFO - Sync 1 DAGs
[2024-05-03T15:37:41.315+0000] {logging_mixin.py:188} INFO - [2024-05-03T15:37:41.313+0000] {dag.py:3954} INFO - Setting next_dagrun for example_task_group to 2024-05-02 00:00:00+00:00, run_after=2024-05-03 00:00:00+00:00
[2024-05-03T15:37:41.345+0000] {processor.py:183} INFO - Processing /home/airflow/.local/lib/python3.12/site-packages/airflow/example_dags/example_task_group.py took 0.240 seconds
[2024-05-03T15:38:12.012+0000] {processor.py:161} INFO - Started process (PID=237) to work on /home/airflow/.local/lib/python3.12/site-packages/airflow/example_dags/example_task_group.py
[2024-05-03T15:38:12.013+0000] {processor.py:830} INFO - Processing file /home/airflow/.local/lib/python3.12/site-packages/airflow/example_dags/example_task_group.py for tasks to queue
[2024-05-03T15:38:12.015+0000] {logging_mixin.py:188} INFO - [2024-05-03T15:38:12.014+0000] {dagbag.py:540} INFO - Filling up the DagBag from /home/airflow/.local/lib/python3.12/site-packages/airflow/example_dags/example_task_group.py
[2024-05-03T15:38:12.021+0000] {processor.py:840} INFO - DAG(s) 'example_task_group' retrieved from /home/airflow/.local/lib/python3.12/site-packages/airflow/example_dags/example_task_group.py
[2024-05-03T15:38:12.039+0000] {logging_mixin.py:188} INFO - [2024-05-03T15:38:12.039+0000] {dag.py:3096} INFO - Sync 1 DAGs
[2024-05-03T15:38:12.064+0000] {logging_mixin.py:188} INFO - [2024-05-03T15:38:12.064+0000] {dag.py:3954} INFO - Setting next_dagrun for example_task_group to 2024-05-02 00:00:00+00:00, run_after=2024-05-03 00:00:00+00:00
[2024-05-03T15:38:12.088+0000] {processor.py:183} INFO - Processing /home/airflow/.local/lib/python3.12/site-packages/airflow/example_dags/example_task_group.py took 0.082 seconds
[2024-05-03T15:38:42.969+0000] {processor.py:161} INFO - Started process (PID=298) to work on /home/airflow/.local/lib/python3.12/site-packages/airflow/example_dags/example_task_group.py
[2024-05-03T15:38:42.970+0000] {processor.py:830} INFO - Processing file /home/airflow/.local/lib/python3.12/site-packages/airflow/example_dags/example_task_group.py for tasks to queue
[2024-05-03T15:38:42.972+0000] {logging_mixin.py:188} INFO - [2024-05-03T15:38:42.972+0000] {dagbag.py:540} INFO - Filling up the DagBag from /home/airflow/.local/lib/python3.12/site-packages/airflow/example_dags/example_task_group.py
[2024-05-03T15:38:42.982+0000] {processor.py:840} INFO - DAG(s) 'example_task_group' retrieved from /home/airflow/.local/lib/python3.12/site-packages/airflow/example_dags/example_task_group.py
[2024-05-03T15:38:43.009+0000] {logging_mixin.py:188} INFO - [2024-05-03T15:38:43.008+0000] {dag.py:3096} INFO - Sync 1 DAGs
[2024-05-03T15:38:43.036+0000] {logging_mixin.py:188} INFO - [2024-05-03T15:38:43.036+0000] {dag.py:3954} INFO - Setting next_dagrun for example_task_group to 2024-05-02 00:00:00+00:00, run_after=2024-05-03 00:00:00+00:00
[2024-05-03T15:38:43.060+0000] {processor.py:183} INFO - Processing /home/airflow/.local/lib/python3.12/site-packages/airflow/example_dags/example_task_group.py took 0.097 seconds
[2024-05-03T15:39:13.635+0000] {processor.py:161} INFO - Started process (PID=360) to work on /home/airflow/.local/lib/python3.12/site-packages/airflow/example_dags/example_task_group.py
[2024-05-03T15:39:13.635+0000] {processor.py:830} INFO - Processing file /home/airflow/.local/lib/python3.12/site-packages/airflow/example_dags/example_task_group.py for tasks to queue
[2024-05-03T15:39:13.637+0000] {logging_mixin.py:188} INFO - [2024-05-03T15:39:13.637+0000] {dagbag.py:540} INFO - Filling up the DagBag from /home/airflow/.local/lib/python3.12/site-packages/airflow/example_dags/example_task_group.py
[2024-05-03T15:39:13.643+0000] {processor.py:840} INFO - DAG(s) 'example_task_group' retrieved from /home/airflow/.local/lib/python3.12/site-packages/airflow/example_dags/example_task_group.py
[2024-05-03T15:39:13.661+0000] {logging_mixin.py:188} INFO - [2024-05-03T15:39:13.661+0000] {dag.py:3096} INFO - Sync 1 DAGs
[2024-05-03T15:39:13.679+0000] {logging_mixin.py:188} INFO - [2024-05-03T15:39:13.679+0000] {dag.py:3954} INFO - Setting next_dagrun for example_task_group to 2024-05-02 00:00:00+00:00, run_after=2024-05-03 00:00:00+00:00
[2024-05-03T15:39:13.700+0000] {processor.py:183} INFO - Processing /home/airflow/.local/lib/python3.12/site-packages/airflow/example_dags/example_task_group.py took 0.070 seconds
[2024-05-03T15:39:44.627+0000] {processor.py:161} INFO - Started process (PID=421) to work on /home/airflow/.local/lib/python3.12/site-packages/airflow/example_dags/example_task_group.py
[2024-05-03T15:39:44.631+0000] {processor.py:830} INFO - Processing file /home/airflow/.local/lib/python3.12/site-packages/airflow/example_dags/example_task_group.py for tasks to queue
[2024-05-03T15:39:44.633+0000] {logging_mixin.py:188} INFO - [2024-05-03T15:39:44.633+0000] {dagbag.py:540} INFO - Filling up the DagBag from /home/airflow/.local/lib/python3.12/site-packages/airflow/example_dags/example_task_group.py
[2024-05-03T15:39:44.652+0000] {processor.py:840} INFO - DAG(s) 'example_task_group' retrieved from /home/airflow/.local/lib/python3.12/site-packages/airflow/example_dags/example_task_group.py
[2024-05-03T15:39:44.701+0000] {logging_mixin.py:188} INFO - [2024-05-03T15:39:44.701+0000] {dag.py:3096} INFO - Sync 1 DAGs
[2024-05-03T15:39:44.763+0000] {logging_mixin.py:188} INFO - [2024-05-03T15:39:44.762+0000] {dag.py:3954} INFO - Setting next_dagrun for example_task_group to 2024-05-02 00:00:00+00:00, run_after=2024-05-03 00:00:00+00:00
[2024-05-03T15:39:44.797+0000] {processor.py:183} INFO - Processing /home/airflow/.local/lib/python3.12/site-packages/airflow/example_dags/example_task_group.py took 0.176 seconds
[2024-05-03T15:40:15.144+0000] {processor.py:161} INFO - Started process (PID=482) to work on /home/airflow/.local/lib/python3.12/site-packages/airflow/example_dags/example_task_group.py
[2024-05-03T15:40:15.145+0000] {processor.py:830} INFO - Processing file /home/airflow/.local/lib/python3.12/site-packages/airflow/example_dags/example_task_group.py for tasks to queue
[2024-05-03T15:40:15.147+0000] {logging_mixin.py:188} INFO - [2024-05-03T15:40:15.146+0000] {dagbag.py:540} INFO - Filling up the DagBag from /home/airflow/.local/lib/python3.12/site-packages/airflow/example_dags/example_task_group.py
[2024-05-03T15:40:15.156+0000] {processor.py:840} INFO - DAG(s) 'example_task_group' retrieved from /home/airflow/.local/lib/python3.12/site-packages/airflow/example_dags/example_task_group.py
[2024-05-03T15:40:15.191+0000] {logging_mixin.py:188} INFO - [2024-05-03T15:40:15.191+0000] {dag.py:3096} INFO - Sync 1 DAGs
[2024-05-03T15:40:15.235+0000] {logging_mixin.py:188} INFO - [2024-05-03T15:40:15.235+0000] {dag.py:3954} INFO - Setting next_dagrun for example_task_group to 2024-05-02 00:00:00+00:00, run_after=2024-05-03 00:00:00+00:00
[2024-05-03T15:40:15.270+0000] {processor.py:183} INFO - Processing /home/airflow/.local/lib/python3.12/site-packages/airflow/example_dags/example_task_group.py took 0.134 seconds
[2024-05-03T15:40:46.082+0000] {processor.py:161} INFO - Started process (PID=544) to work on /home/airflow/.local/lib/python3.12/site-packages/airflow/example_dags/example_task_group.py
[2024-05-03T15:40:46.083+0000] {processor.py:830} INFO - Processing file /home/airflow/.local/lib/python3.12/site-packages/airflow/example_dags/example_task_group.py for tasks to queue
[2024-05-03T15:40:46.084+0000] {logging_mixin.py:188} INFO - [2024-05-03T15:40:46.084+0000] {dagbag.py:540} INFO - Filling up the DagBag from /home/airflow/.local/lib/python3.12/site-packages/airflow/example_dags/example_task_group.py
[2024-05-03T15:40:46.093+0000] {processor.py:840} INFO - DAG(s) 'example_task_group' retrieved from /home/airflow/.local/lib/python3.12/site-packages/airflow/example_dags/example_task_group.py
[2024-05-03T15:40:46.117+0000] {logging_mixin.py:188} INFO - [2024-05-03T15:40:46.117+0000] {dag.py:3096} INFO - Sync 1 DAGs
[2024-05-03T15:40:46.148+0000] {logging_mixin.py:188} INFO - [2024-05-03T15:40:46.148+0000] {dag.py:3954} INFO - Setting next_dagrun for example_task_group to 2024-05-02 00:00:00+00:00, run_after=2024-05-03 00:00:00+00:00
[2024-05-03T15:40:46.173+0000] {processor.py:183} INFO - Processing /home/airflow/.local/lib/python3.12/site-packages/airflow/example_dags/example_task_group.py took 0.097 seconds
[2024-05-03T15:41:17.120+0000] {processor.py:161} INFO - Started process (PID=605) to work on /home/airflow/.local/lib/python3.12/site-packages/airflow/example_dags/example_task_group.py
[2024-05-03T15:41:17.121+0000] {processor.py:830} INFO - Processing file /home/airflow/.local/lib/python3.12/site-packages/airflow/example_dags/example_task_group.py for tasks to queue
[2024-05-03T15:41:17.137+0000] {logging_mixin.py:188} INFO - [2024-05-03T15:41:17.136+0000] {dagbag.py:540} INFO - Filling up the DagBag from /home/airflow/.local/lib/python3.12/site-packages/airflow/example_dags/example_task_group.py
[2024-05-03T15:41:17.167+0000] {processor.py:840} INFO - DAG(s) 'example_task_group' retrieved from /home/airflow/.local/lib/python3.12/site-packages/airflow/example_dags/example_task_group.py
[2024-05-03T15:41:17.274+0000] {logging_mixin.py:188} INFO - [2024-05-03T15:41:17.274+0000] {dag.py:3096} INFO - Sync 1 DAGs
[2024-05-03T15:41:17.357+0000] {logging_mixin.py:188} INFO - [2024-05-03T15:41:17.357+0000] {dag.py:3954} INFO - Setting next_dagrun for example_task_group to 2024-05-02 00:00:00+00:00, run_after=2024-05-03 00:00:00+00:00
[2024-05-03T15:41:17.437+0000] {processor.py:183} INFO - Processing /home/airflow/.local/lib/python3.12/site-packages/airflow/example_dags/example_task_group.py took 0.336 seconds
[2024-05-03T15:41:48.186+0000] {processor.py:161} INFO - Started process (PID=666) to work on /home/airflow/.local/lib/python3.12/site-packages/airflow/example_dags/example_task_group.py
[2024-05-03T15:41:48.187+0000] {processor.py:830} INFO - Processing file /home/airflow/.local/lib/python3.12/site-packages/airflow/example_dags/example_task_group.py for tasks to queue
[2024-05-03T15:41:48.192+0000] {logging_mixin.py:188} INFO - [2024-05-03T15:41:48.190+0000] {dagbag.py:540} INFO - Filling up the DagBag from /home/airflow/.local/lib/python3.12/site-packages/airflow/example_dags/example_task_group.py
[2024-05-03T15:41:48.227+0000] {processor.py:840} INFO - DAG(s) 'example_task_group' retrieved from /home/airflow/.local/lib/python3.12/site-packages/airflow/example_dags/example_task_group.py
[2024-05-03T15:41:48.281+0000] {logging_mixin.py:188} INFO - [2024-05-03T15:41:48.281+0000] {dag.py:3096} INFO - Sync 1 DAGs
[2024-05-03T15:41:48.335+0000] {logging_mixin.py:188} INFO - [2024-05-03T15:41:48.334+0000] {dag.py:3954} INFO - Setting next_dagrun for example_task_group to 2024-05-02 00:00:00+00:00, run_after=2024-05-03 00:00:00+00:00
[2024-05-03T15:41:48.386+0000] {processor.py:183} INFO - Processing /home/airflow/.local/lib/python3.12/site-packages/airflow/example_dags/example_task_group.py took 0.219 seconds
[2024-05-03T15:42:18.457+0000] {processor.py:161} INFO - Started process (PID=727) to work on /home/airflow/.local/lib/python3.12/site-packages/airflow/example_dags/example_task_group.py
[2024-05-03T15:42:18.458+0000] {processor.py:830} INFO - Processing file /home/airflow/.local/lib/python3.12/site-packages/airflow/example_dags/example_task_group.py for tasks to queue
[2024-05-03T15:42:18.460+0000] {logging_mixin.py:188} INFO - [2024-05-03T15:42:18.460+0000] {dagbag.py:540} INFO - Filling up the DagBag from /home/airflow/.local/lib/python3.12/site-packages/airflow/example_dags/example_task_group.py
[2024-05-03T15:42:18.469+0000] {processor.py:840} INFO - DAG(s) 'example_task_group' retrieved from /home/airflow/.local/lib/python3.12/site-packages/airflow/example_dags/example_task_group.py
[2024-05-03T15:42:18.494+0000] {logging_mixin.py:188} INFO - [2024-05-03T15:42:18.494+0000] {dag.py:3096} INFO - Sync 1 DAGs
[2024-05-03T15:42:18.541+0000] {logging_mixin.py:188} INFO - [2024-05-03T15:42:18.541+0000] {dag.py:3954} INFO - Setting next_dagrun for example_task_group to 2024-05-02 00:00:00+00:00, run_after=2024-05-03 00:00:00+00:00
[2024-05-03T15:42:18.589+0000] {processor.py:183} INFO - Processing /home/airflow/.local/lib/python3.12/site-packages/airflow/example_dags/example_task_group.py took 0.138 seconds
[2024-05-03T15:42:48.842+0000] {processor.py:161} INFO - Started process (PID=789) to work on /home/airflow/.local/lib/python3.12/site-packages/airflow/example_dags/example_task_group.py
[2024-05-03T15:42:48.843+0000] {processor.py:830} INFO - Processing file /home/airflow/.local/lib/python3.12/site-packages/airflow/example_dags/example_task_group.py for tasks to queue
[2024-05-03T15:42:48.845+0000] {logging_mixin.py:188} INFO - [2024-05-03T15:42:48.845+0000] {dagbag.py:540} INFO - Filling up the DagBag from /home/airflow/.local/lib/python3.12/site-packages/airflow/example_dags/example_task_group.py
[2024-05-03T15:42:48.855+0000] {processor.py:840} INFO - DAG(s) 'example_task_group' retrieved from /home/airflow/.local/lib/python3.12/site-packages/airflow/example_dags/example_task_group.py
[2024-05-03T15:42:48.895+0000] {logging_mixin.py:188} INFO - [2024-05-03T15:42:48.895+0000] {dag.py:3096} INFO - Sync 1 DAGs
[2024-05-03T15:42:48.942+0000] {logging_mixin.py:188} INFO - [2024-05-03T15:42:48.941+0000] {dag.py:3954} INFO - Setting next_dagrun for example_task_group to 2024-05-02 00:00:00+00:00, run_after=2024-05-03 00:00:00+00:00
[2024-05-03T15:42:48.984+0000] {processor.py:183} INFO - Processing /home/airflow/.local/lib/python3.12/site-packages/airflow/example_dags/example_task_group.py took 0.148 seconds
[2024-05-03T15:43:19.523+0000] {processor.py:161} INFO - Started process (PID=850) to work on /home/airflow/.local/lib/python3.12/site-packages/airflow/example_dags/example_task_group.py
[2024-05-03T15:43:19.524+0000] {processor.py:830} INFO - Processing file /home/airflow/.local/lib/python3.12/site-packages/airflow/example_dags/example_task_group.py for tasks to queue
[2024-05-03T15:43:19.526+0000] {logging_mixin.py:188} INFO - [2024-05-03T15:43:19.526+0000] {dagbag.py:540} INFO - Filling up the DagBag from /home/airflow/.local/lib/python3.12/site-packages/airflow/example_dags/example_task_group.py
[2024-05-03T15:43:19.535+0000] {processor.py:840} INFO - DAG(s) 'example_task_group' retrieved from /home/airflow/.local/lib/python3.12/site-packages/airflow/example_dags/example_task_group.py
[2024-05-03T15:43:19.618+0000] {logging_mixin.py:188} INFO - [2024-05-03T15:43:19.618+0000] {dag.py:3096} INFO - Sync 1 DAGs
[2024-05-03T15:43:19.643+0000] {logging_mixin.py:188} INFO - [2024-05-03T15:43:19.643+0000] {dag.py:3954} INFO - Setting next_dagrun for example_task_group to 2024-05-02 00:00:00+00:00, run_after=2024-05-03 00:00:00+00:00
[2024-05-03T15:43:19.666+0000] {processor.py:183} INFO - Processing /home/airflow/.local/lib/python3.12/site-packages/airflow/example_dags/example_task_group.py took 0.150 seconds
[2024-05-03T15:43:49.758+0000] {processor.py:161} INFO - Started process (PID=911) to work on /home/airflow/.local/lib/python3.12/site-packages/airflow/example_dags/example_task_group.py
[2024-05-03T15:43:49.759+0000] {processor.py:830} INFO - Processing file /home/airflow/.local/lib/python3.12/site-packages/airflow/example_dags/example_task_group.py for tasks to queue
[2024-05-03T15:43:49.761+0000] {logging_mixin.py:188} INFO - [2024-05-03T15:43:49.760+0000] {dagbag.py:540} INFO - Filling up the DagBag from /home/airflow/.local/lib/python3.12/site-packages/airflow/example_dags/example_task_group.py
[2024-05-03T15:43:49.770+0000] {processor.py:840} INFO - DAG(s) 'example_task_group' retrieved from /home/airflow/.local/lib/python3.12/site-packages/airflow/example_dags/example_task_group.py
[2024-05-03T15:43:49.794+0000] {logging_mixin.py:188} INFO - [2024-05-03T15:43:49.794+0000] {dag.py:3096} INFO - Sync 1 DAGs
[2024-05-03T15:43:49.823+0000] {logging_mixin.py:188} INFO - [2024-05-03T15:43:49.822+0000] {dag.py:3954} INFO - Setting next_dagrun for example_task_group to 2024-05-02 00:00:00+00:00, run_after=2024-05-03 00:00:00+00:00
[2024-05-03T15:43:49.845+0000] {processor.py:183} INFO - Processing /home/airflow/.local/lib/python3.12/site-packages/airflow/example_dags/example_task_group.py took 0.094 seconds
[2024-05-03T15:44:19.963+0000] {processor.py:161} INFO - Started process (PID=972) to work on /home/airflow/.local/lib/python3.12/site-packages/airflow/example_dags/example_task_group.py
[2024-05-03T15:44:19.964+0000] {processor.py:830} INFO - Processing file /home/airflow/.local/lib/python3.12/site-packages/airflow/example_dags/example_task_group.py for tasks to queue
[2024-05-03T15:44:19.967+0000] {logging_mixin.py:188} INFO - [2024-05-03T15:44:19.966+0000] {dagbag.py:540} INFO - Filling up the DagBag from /home/airflow/.local/lib/python3.12/site-packages/airflow/example_dags/example_task_group.py
[2024-05-03T15:44:19.980+0000] {processor.py:840} INFO - DAG(s) 'example_task_group' retrieved from /home/airflow/.local/lib/python3.12/site-packages/airflow/example_dags/example_task_group.py
[2024-05-03T15:44:20.006+0000] {logging_mixin.py:188} INFO - [2024-05-03T15:44:20.006+0000] {dag.py:3096} INFO - Sync 1 DAGs
[2024-05-03T15:44:20.039+0000] {logging_mixin.py:188} INFO - [2024-05-03T15:44:20.038+0000] {dag.py:3954} INFO - Setting next_dagrun for example_task_group to 2024-05-02 00:00:00+00:00, run_after=2024-05-03 00:00:00+00:00
[2024-05-03T15:44:20.069+0000] {processor.py:183} INFO - Processing /home/airflow/.local/lib/python3.12/site-packages/airflow/example_dags/example_task_group.py took 0.113 seconds
[2024-05-03T15:44:52.948+0000] {processor.py:161} INFO - Started process (PID=1040) to work on /home/airflow/.local/lib/python3.12/site-packages/airflow/example_dags/example_task_group.py
[2024-05-03T15:44:52.964+0000] {processor.py:830} INFO - Processing file /home/airflow/.local/lib/python3.12/site-packages/airflow/example_dags/example_task_group.py for tasks to queue
[2024-05-03T15:44:52.969+0000] {logging_mixin.py:188} INFO - [2024-05-03T15:44:52.969+0000] {dagbag.py:540} INFO - Filling up the DagBag from /home/airflow/.local/lib/python3.12/site-packages/airflow/example_dags/example_task_group.py
[2024-05-03T15:44:53.020+0000] {processor.py:840} INFO - DAG(s) 'example_task_group' retrieved from /home/airflow/.local/lib/python3.12/site-packages/airflow/example_dags/example_task_group.py
[2024-05-03T15:44:53.137+0000] {logging_mixin.py:188} INFO - [2024-05-03T15:44:53.137+0000] {dag.py:3096} INFO - Sync 1 DAGs
[2024-05-03T15:44:53.222+0000] {logging_mixin.py:188} INFO - [2024-05-03T15:44:53.197+0000] {dag.py:3954} INFO - Setting next_dagrun for example_task_group to 2024-05-02 00:00:00+00:00, run_after=2024-05-03 00:00:00+00:00
[2024-05-03T15:44:53.316+0000] {processor.py:183} INFO - Processing /home/airflow/.local/lib/python3.12/site-packages/airflow/example_dags/example_task_group.py took 0.413 seconds
[2024-05-03T15:45:24.292+0000] {processor.py:161} INFO - Started process (PID=1101) to work on /home/airflow/.local/lib/python3.12/site-packages/airflow/example_dags/example_task_group.py
[2024-05-03T15:45:24.302+0000] {processor.py:830} INFO - Processing file /home/airflow/.local/lib/python3.12/site-packages/airflow/example_dags/example_task_group.py for tasks to queue
[2024-05-03T15:45:24.304+0000] {logging_mixin.py:188} INFO - [2024-05-03T15:45:24.304+0000] {dagbag.py:540} INFO - Filling up the DagBag from /home/airflow/.local/lib/python3.12/site-packages/airflow/example_dags/example_task_group.py
[2024-05-03T15:45:24.320+0000] {processor.py:840} INFO - DAG(s) 'example_task_group' retrieved from /home/airflow/.local/lib/python3.12/site-packages/airflow/example_dags/example_task_group.py
[2024-05-03T15:45:24.410+0000] {logging_mixin.py:188} INFO - [2024-05-03T15:45:24.410+0000] {dag.py:3096} INFO - Sync 1 DAGs
[2024-05-03T15:45:24.478+0000] {logging_mixin.py:188} INFO - [2024-05-03T15:45:24.477+0000] {dag.py:3954} INFO - Setting next_dagrun for example_task_group to 2024-05-02 00:00:00+00:00, run_after=2024-05-03 00:00:00+00:00
[2024-05-03T15:45:24.519+0000] {processor.py:183} INFO - Processing /home/airflow/.local/lib/python3.12/site-packages/airflow/example_dags/example_task_group.py took 0.238 seconds
[2024-05-03T15:45:55.219+0000] {processor.py:161} INFO - Started process (PID=1162) to work on /home/airflow/.local/lib/python3.12/site-packages/airflow/example_dags/example_task_group.py
[2024-05-03T15:45:55.220+0000] {processor.py:830} INFO - Processing file /home/airflow/.local/lib/python3.12/site-packages/airflow/example_dags/example_task_group.py for tasks to queue
[2024-05-03T15:45:55.223+0000] {logging_mixin.py:188} INFO - [2024-05-03T15:45:55.222+0000] {dagbag.py:540} INFO - Filling up the DagBag from /home/airflow/.local/lib/python3.12/site-packages/airflow/example_dags/example_task_group.py
[2024-05-03T15:45:55.263+0000] {processor.py:840} INFO - DAG(s) 'example_task_group' retrieved from /home/airflow/.local/lib/python3.12/site-packages/airflow/example_dags/example_task_group.py
[2024-05-03T15:45:55.299+0000] {logging_mixin.py:188} INFO - [2024-05-03T15:45:55.298+0000] {dag.py:3096} INFO - Sync 1 DAGs
[2024-05-03T15:45:55.326+0000] {logging_mixin.py:188} INFO - [2024-05-03T15:45:55.326+0000] {dag.py:3954} INFO - Setting next_dagrun for example_task_group to 2024-05-02 00:00:00+00:00, run_after=2024-05-03 00:00:00+00:00
[2024-05-03T15:45:55.361+0000] {processor.py:183} INFO - Processing /home/airflow/.local/lib/python3.12/site-packages/airflow/example_dags/example_task_group.py took 0.151 seconds
[2024-05-03T15:46:25.673+0000] {processor.py:161} INFO - Started process (PID=1223) to work on /home/airflow/.local/lib/python3.12/site-packages/airflow/example_dags/example_task_group.py
[2024-05-03T15:46:25.674+0000] {processor.py:830} INFO - Processing file /home/airflow/.local/lib/python3.12/site-packages/airflow/example_dags/example_task_group.py for tasks to queue
[2024-05-03T15:46:25.677+0000] {logging_mixin.py:188} INFO - [2024-05-03T15:46:25.676+0000] {dagbag.py:540} INFO - Filling up the DagBag from /home/airflow/.local/lib/python3.12/site-packages/airflow/example_dags/example_task_group.py
[2024-05-03T15:46:25.703+0000] {processor.py:840} INFO - DAG(s) 'example_task_group' retrieved from /home/airflow/.local/lib/python3.12/site-packages/airflow/example_dags/example_task_group.py
[2024-05-03T15:46:25.831+0000] {logging_mixin.py:188} INFO - [2024-05-03T15:46:25.831+0000] {dag.py:3096} INFO - Sync 1 DAGs
[2024-05-03T15:46:25.861+0000] {logging_mixin.py:188} INFO - [2024-05-03T15:46:25.861+0000] {dag.py:3954} INFO - Setting next_dagrun for example_task_group to 2024-05-02 00:00:00+00:00, run_after=2024-05-03 00:00:00+00:00
[2024-05-03T15:46:25.904+0000] {processor.py:183} INFO - Processing /home/airflow/.local/lib/python3.12/site-packages/airflow/example_dags/example_task_group.py took 0.244 seconds
