[2024-05-03T15:36:27.276+0000] {processor.py:161} INFO - Started process (PID=32) to work on /home/airflow/.local/lib/python3.12/site-packages/airflow/example_dags/example_xcomargs.py
[2024-05-03T15:36:27.286+0000] {processor.py:830} INFO - Processing file /home/airflow/.local/lib/python3.12/site-packages/airflow/example_dags/example_xcomargs.py for tasks to queue
[2024-05-03T15:36:27.291+0000] {logging_mixin.py:188} INFO - [2024-05-03T15:36:27.291+0000] {dagbag.py:540} INFO - Filling up the DagBag from /home/airflow/.local/lib/python3.12/site-packages/airflow/example_dags/example_xcomargs.py
[2024-05-03T15:36:27.382+0000] {processor.py:840} INFO - DAG(s) 'example_xcom_args_with_operators', 'example_xcom_args' retrieved from /home/airflow/.local/lib/python3.12/site-packages/airflow/example_dags/example_xcomargs.py
[2024-05-03T15:36:27.579+0000] {logging_mixin.py:188} INFO - [2024-05-03T15:36:27.573+0000] {dag.py:3096} INFO - Sync 2 DAGs
[2024-05-03T15:36:27.646+0000] {logging_mixin.py:188} INFO - [2024-05-03T15:36:27.637+0000] {dag.py:3954} INFO - Setting next_dagrun for example_xcom_args to None, run_after=None
[2024-05-03T15:36:27.663+0000] {logging_mixin.py:188} INFO - [2024-05-03T15:36:27.662+0000] {dag.py:3954} INFO - Setting next_dagrun for example_xcom_args_with_operators to None, run_after=None
[2024-05-03T15:36:27.721+0000] {processor.py:183} INFO - Processing /home/airflow/.local/lib/python3.12/site-packages/airflow/example_dags/example_xcomargs.py took 0.470 seconds
[2024-05-03T15:36:58.559+0000] {processor.py:161} INFO - Started process (PID=93) to work on /home/airflow/.local/lib/python3.12/site-packages/airflow/example_dags/example_xcomargs.py
[2024-05-03T15:36:58.564+0000] {processor.py:830} INFO - Processing file /home/airflow/.local/lib/python3.12/site-packages/airflow/example_dags/example_xcomargs.py for tasks to queue
[2024-05-03T15:36:58.567+0000] {logging_mixin.py:188} INFO - [2024-05-03T15:36:58.566+0000] {dagbag.py:540} INFO - Filling up the DagBag from /home/airflow/.local/lib/python3.12/site-packages/airflow/example_dags/example_xcomargs.py
[2024-05-03T15:36:58.687+0000] {processor.py:840} INFO - DAG(s) 'example_xcom_args_with_operators', 'example_xcom_args' retrieved from /home/airflow/.local/lib/python3.12/site-packages/airflow/example_dags/example_xcomargs.py
[2024-05-03T15:36:58.981+0000] {logging_mixin.py:188} INFO - [2024-05-03T15:36:58.975+0000] {dag.py:3096} INFO - Sync 2 DAGs
[2024-05-03T15:36:59.169+0000] {logging_mixin.py:188} INFO - [2024-05-03T15:36:59.165+0000] {dag.py:3954} INFO - Setting next_dagrun for example_xcom_args to None, run_after=None
[2024-05-03T15:36:59.221+0000] {logging_mixin.py:188} INFO - [2024-05-03T15:36:59.220+0000] {dag.py:3954} INFO - Setting next_dagrun for example_xcom_args_with_operators to None, run_after=None
[2024-05-03T15:36:59.283+0000] {processor.py:183} INFO - Processing /home/airflow/.local/lib/python3.12/site-packages/airflow/example_dags/example_xcomargs.py took 0.741 seconds
[2024-05-03T15:37:34.380+0000] {processor.py:161} INFO - Started process (PID=154) to work on /home/airflow/.local/lib/python3.12/site-packages/airflow/example_dags/example_xcomargs.py
[2024-05-03T15:37:34.382+0000] {processor.py:830} INFO - Processing file /home/airflow/.local/lib/python3.12/site-packages/airflow/example_dags/example_xcomargs.py for tasks to queue
[2024-05-03T15:37:34.385+0000] {logging_mixin.py:188} INFO - [2024-05-03T15:37:34.384+0000] {dagbag.py:540} INFO - Filling up the DagBag from /home/airflow/.local/lib/python3.12/site-packages/airflow/example_dags/example_xcomargs.py
[2024-05-03T15:37:34.532+0000] {processor.py:840} INFO - DAG(s) 'example_xcom_args', 'example_xcom_args_with_operators' retrieved from /home/airflow/.local/lib/python3.12/site-packages/airflow/example_dags/example_xcomargs.py
[2024-05-03T15:37:34.600+0000] {logging_mixin.py:188} INFO - [2024-05-03T15:37:34.600+0000] {dag.py:3096} INFO - Sync 2 DAGs
[2024-05-03T15:37:34.624+0000] {logging_mixin.py:188} INFO - [2024-05-03T15:37:34.624+0000] {dag.py:3954} INFO - Setting next_dagrun for example_xcom_args to None, run_after=None
[2024-05-03T15:37:34.630+0000] {logging_mixin.py:188} INFO - [2024-05-03T15:37:34.629+0000] {dag.py:3954} INFO - Setting next_dagrun for example_xcom_args_with_operators to None, run_after=None
[2024-05-03T15:37:34.662+0000] {processor.py:183} INFO - Processing /home/airflow/.local/lib/python3.12/site-packages/airflow/example_dags/example_xcomargs.py took 0.295 seconds
[2024-05-03T15:38:05.004+0000] {processor.py:161} INFO - Started process (PID=214) to work on /home/airflow/.local/lib/python3.12/site-packages/airflow/example_dags/example_xcomargs.py
[2024-05-03T15:38:05.012+0000] {processor.py:830} INFO - Processing file /home/airflow/.local/lib/python3.12/site-packages/airflow/example_dags/example_xcomargs.py for tasks to queue
[2024-05-03T15:38:05.017+0000] {logging_mixin.py:188} INFO - [2024-05-03T15:38:05.017+0000] {dagbag.py:540} INFO - Filling up the DagBag from /home/airflow/.local/lib/python3.12/site-packages/airflow/example_dags/example_xcomargs.py
[2024-05-03T15:38:05.050+0000] {processor.py:840} INFO - DAG(s) 'example_xcom_args_with_operators', 'example_xcom_args' retrieved from /home/airflow/.local/lib/python3.12/site-packages/airflow/example_dags/example_xcomargs.py
[2024-05-03T15:38:05.164+0000] {logging_mixin.py:188} INFO - [2024-05-03T15:38:05.163+0000] {dag.py:3096} INFO - Sync 2 DAGs
[2024-05-03T15:38:05.223+0000] {logging_mixin.py:188} INFO - [2024-05-03T15:38:05.223+0000] {dag.py:3954} INFO - Setting next_dagrun for example_xcom_args to None, run_after=None
[2024-05-03T15:38:05.227+0000] {logging_mixin.py:188} INFO - [2024-05-03T15:38:05.227+0000] {dag.py:3954} INFO - Setting next_dagrun for example_xcom_args_with_operators to None, run_after=None
[2024-05-03T15:38:05.259+0000] {processor.py:183} INFO - Processing /home/airflow/.local/lib/python3.12/site-packages/airflow/example_dags/example_xcomargs.py took 0.274 seconds
[2024-05-03T15:38:35.707+0000] {processor.py:161} INFO - Started process (PID=275) to work on /home/airflow/.local/lib/python3.12/site-packages/airflow/example_dags/example_xcomargs.py
[2024-05-03T15:38:35.708+0000] {processor.py:830} INFO - Processing file /home/airflow/.local/lib/python3.12/site-packages/airflow/example_dags/example_xcomargs.py for tasks to queue
[2024-05-03T15:38:35.710+0000] {logging_mixin.py:188} INFO - [2024-05-03T15:38:35.709+0000] {dagbag.py:540} INFO - Filling up the DagBag from /home/airflow/.local/lib/python3.12/site-packages/airflow/example_dags/example_xcomargs.py
[2024-05-03T15:38:35.722+0000] {processor.py:840} INFO - DAG(s) 'example_xcom_args_with_operators', 'example_xcom_args' retrieved from /home/airflow/.local/lib/python3.12/site-packages/airflow/example_dags/example_xcomargs.py
[2024-05-03T15:38:35.776+0000] {logging_mixin.py:188} INFO - [2024-05-03T15:38:35.775+0000] {dag.py:3096} INFO - Sync 2 DAGs
[2024-05-03T15:38:35.794+0000] {logging_mixin.py:188} INFO - [2024-05-03T15:38:35.794+0000] {dag.py:3954} INFO - Setting next_dagrun for example_xcom_args to None, run_after=None
[2024-05-03T15:38:35.799+0000] {logging_mixin.py:188} INFO - [2024-05-03T15:38:35.799+0000] {dag.py:3954} INFO - Setting next_dagrun for example_xcom_args_with_operators to None, run_after=None
[2024-05-03T15:38:35.839+0000] {processor.py:183} INFO - Processing /home/airflow/.local/lib/python3.12/site-packages/airflow/example_dags/example_xcomargs.py took 0.140 seconds
[2024-05-03T15:39:06.039+0000] {processor.py:161} INFO - Started process (PID=337) to work on /home/airflow/.local/lib/python3.12/site-packages/airflow/example_dags/example_xcomargs.py
[2024-05-03T15:39:06.040+0000] {processor.py:830} INFO - Processing file /home/airflow/.local/lib/python3.12/site-packages/airflow/example_dags/example_xcomargs.py for tasks to queue
[2024-05-03T15:39:06.046+0000] {logging_mixin.py:188} INFO - [2024-05-03T15:39:06.046+0000] {dagbag.py:540} INFO - Filling up the DagBag from /home/airflow/.local/lib/python3.12/site-packages/airflow/example_dags/example_xcomargs.py
[2024-05-03T15:39:06.056+0000] {processor.py:840} INFO - DAG(s) 'example_xcom_args', 'example_xcom_args_with_operators' retrieved from /home/airflow/.local/lib/python3.12/site-packages/airflow/example_dags/example_xcomargs.py
[2024-05-03T15:39:06.083+0000] {logging_mixin.py:188} INFO - [2024-05-03T15:39:06.083+0000] {dag.py:3096} INFO - Sync 2 DAGs
[2024-05-03T15:39:06.101+0000] {logging_mixin.py:188} INFO - [2024-05-03T15:39:06.100+0000] {dag.py:3954} INFO - Setting next_dagrun for example_xcom_args to None, run_after=None
[2024-05-03T15:39:06.104+0000] {logging_mixin.py:188} INFO - [2024-05-03T15:39:06.104+0000] {dag.py:3954} INFO - Setting next_dagrun for example_xcom_args_with_operators to None, run_after=None
[2024-05-03T15:39:06.130+0000] {processor.py:183} INFO - Processing /home/airflow/.local/lib/python3.12/site-packages/airflow/example_dags/example_xcomargs.py took 0.098 seconds
[2024-05-03T15:39:36.652+0000] {processor.py:161} INFO - Started process (PID=398) to work on /home/airflow/.local/lib/python3.12/site-packages/airflow/example_dags/example_xcomargs.py
[2024-05-03T15:39:36.653+0000] {processor.py:830} INFO - Processing file /home/airflow/.local/lib/python3.12/site-packages/airflow/example_dags/example_xcomargs.py for tasks to queue
[2024-05-03T15:39:36.655+0000] {logging_mixin.py:188} INFO - [2024-05-03T15:39:36.654+0000] {dagbag.py:540} INFO - Filling up the DagBag from /home/airflow/.local/lib/python3.12/site-packages/airflow/example_dags/example_xcomargs.py
[2024-05-03T15:39:36.687+0000] {processor.py:840} INFO - DAG(s) 'example_xcom_args', 'example_xcom_args_with_operators' retrieved from /home/airflow/.local/lib/python3.12/site-packages/airflow/example_dags/example_xcomargs.py
[2024-05-03T15:39:36.750+0000] {logging_mixin.py:188} INFO - [2024-05-03T15:39:36.749+0000] {dag.py:3096} INFO - Sync 2 DAGs
[2024-05-03T15:39:36.786+0000] {logging_mixin.py:188} INFO - [2024-05-03T15:39:36.786+0000] {dag.py:3954} INFO - Setting next_dagrun for example_xcom_args to None, run_after=None
[2024-05-03T15:39:36.795+0000] {logging_mixin.py:188} INFO - [2024-05-03T15:39:36.795+0000] {dag.py:3954} INFO - Setting next_dagrun for example_xcom_args_with_operators to None, run_after=None
[2024-05-03T15:39:36.834+0000] {processor.py:183} INFO - Processing /home/airflow/.local/lib/python3.12/site-packages/airflow/example_dags/example_xcomargs.py took 0.194 seconds
[2024-05-03T15:40:07.540+0000] {processor.py:161} INFO - Started process (PID=459) to work on /home/airflow/.local/lib/python3.12/site-packages/airflow/example_dags/example_xcomargs.py
[2024-05-03T15:40:07.541+0000] {processor.py:830} INFO - Processing file /home/airflow/.local/lib/python3.12/site-packages/airflow/example_dags/example_xcomargs.py for tasks to queue
[2024-05-03T15:40:07.543+0000] {logging_mixin.py:188} INFO - [2024-05-03T15:40:07.543+0000] {dagbag.py:540} INFO - Filling up the DagBag from /home/airflow/.local/lib/python3.12/site-packages/airflow/example_dags/example_xcomargs.py
[2024-05-03T15:40:07.573+0000] {processor.py:840} INFO - DAG(s) 'example_xcom_args', 'example_xcom_args_with_operators' retrieved from /home/airflow/.local/lib/python3.12/site-packages/airflow/example_dags/example_xcomargs.py
[2024-05-03T15:40:07.611+0000] {logging_mixin.py:188} INFO - [2024-05-03T15:40:07.611+0000] {dag.py:3096} INFO - Sync 2 DAGs
[2024-05-03T15:40:07.631+0000] {logging_mixin.py:188} INFO - [2024-05-03T15:40:07.631+0000] {dag.py:3954} INFO - Setting next_dagrun for example_xcom_args to None, run_after=None
[2024-05-03T15:40:07.636+0000] {logging_mixin.py:188} INFO - [2024-05-03T15:40:07.636+0000] {dag.py:3954} INFO - Setting next_dagrun for example_xcom_args_with_operators to None, run_after=None
[2024-05-03T15:40:07.658+0000] {processor.py:183} INFO - Processing /home/airflow/.local/lib/python3.12/site-packages/airflow/example_dags/example_xcomargs.py took 0.135 seconds
[2024-05-03T15:40:38.480+0000] {processor.py:161} INFO - Started process (PID=521) to work on /home/airflow/.local/lib/python3.12/site-packages/airflow/example_dags/example_xcomargs.py
[2024-05-03T15:40:38.481+0000] {processor.py:830} INFO - Processing file /home/airflow/.local/lib/python3.12/site-packages/airflow/example_dags/example_xcomargs.py for tasks to queue
[2024-05-03T15:40:38.484+0000] {logging_mixin.py:188} INFO - [2024-05-03T15:40:38.483+0000] {dagbag.py:540} INFO - Filling up the DagBag from /home/airflow/.local/lib/python3.12/site-packages/airflow/example_dags/example_xcomargs.py
[2024-05-03T15:40:38.507+0000] {processor.py:840} INFO - DAG(s) 'example_xcom_args_with_operators', 'example_xcom_args' retrieved from /home/airflow/.local/lib/python3.12/site-packages/airflow/example_dags/example_xcomargs.py
[2024-05-03T15:40:38.552+0000] {logging_mixin.py:188} INFO - [2024-05-03T15:40:38.551+0000] {dag.py:3096} INFO - Sync 2 DAGs
[2024-05-03T15:40:38.568+0000] {logging_mixin.py:188} INFO - [2024-05-03T15:40:38.568+0000] {dag.py:3954} INFO - Setting next_dagrun for example_xcom_args to None, run_after=None
[2024-05-03T15:40:38.583+0000] {logging_mixin.py:188} INFO - [2024-05-03T15:40:38.582+0000] {dag.py:3954} INFO - Setting next_dagrun for example_xcom_args_with_operators to None, run_after=None
[2024-05-03T15:40:38.618+0000] {processor.py:183} INFO - Processing /home/airflow/.local/lib/python3.12/site-packages/airflow/example_dags/example_xcomargs.py took 0.157 seconds
[2024-05-03T15:41:08.758+0000] {processor.py:161} INFO - Started process (PID=582) to work on /home/airflow/.local/lib/python3.12/site-packages/airflow/example_dags/example_xcomargs.py
[2024-05-03T15:41:08.758+0000] {processor.py:830} INFO - Processing file /home/airflow/.local/lib/python3.12/site-packages/airflow/example_dags/example_xcomargs.py for tasks to queue
[2024-05-03T15:41:08.760+0000] {logging_mixin.py:188} INFO - [2024-05-03T15:41:08.760+0000] {dagbag.py:540} INFO - Filling up the DagBag from /home/airflow/.local/lib/python3.12/site-packages/airflow/example_dags/example_xcomargs.py
[2024-05-03T15:41:08.770+0000] {processor.py:840} INFO - DAG(s) 'example_xcom_args_with_operators', 'example_xcom_args' retrieved from /home/airflow/.local/lib/python3.12/site-packages/airflow/example_dags/example_xcomargs.py
[2024-05-03T15:41:08.795+0000] {logging_mixin.py:188} INFO - [2024-05-03T15:41:08.795+0000] {dag.py:3096} INFO - Sync 2 DAGs
[2024-05-03T15:41:08.811+0000] {logging_mixin.py:188} INFO - [2024-05-03T15:41:08.811+0000] {dag.py:3954} INFO - Setting next_dagrun for example_xcom_args to None, run_after=None
[2024-05-03T15:41:08.817+0000] {logging_mixin.py:188} INFO - [2024-05-03T15:41:08.817+0000] {dag.py:3954} INFO - Setting next_dagrun for example_xcom_args_with_operators to None, run_after=None
[2024-05-03T15:41:08.838+0000] {processor.py:183} INFO - Processing /home/airflow/.local/lib/python3.12/site-packages/airflow/example_dags/example_xcomargs.py took 0.087 seconds
[2024-05-03T15:41:39.446+0000] {processor.py:161} INFO - Started process (PID=643) to work on /home/airflow/.local/lib/python3.12/site-packages/airflow/example_dags/example_xcomargs.py
[2024-05-03T15:41:39.447+0000] {processor.py:830} INFO - Processing file /home/airflow/.local/lib/python3.12/site-packages/airflow/example_dags/example_xcomargs.py for tasks to queue
[2024-05-03T15:41:39.449+0000] {logging_mixin.py:188} INFO - [2024-05-03T15:41:39.449+0000] {dagbag.py:540} INFO - Filling up the DagBag from /home/airflow/.local/lib/python3.12/site-packages/airflow/example_dags/example_xcomargs.py
[2024-05-03T15:41:39.461+0000] {processor.py:840} INFO - DAG(s) 'example_xcom_args_with_operators', 'example_xcom_args' retrieved from /home/airflow/.local/lib/python3.12/site-packages/airflow/example_dags/example_xcomargs.py
[2024-05-03T15:41:39.488+0000] {logging_mixin.py:188} INFO - [2024-05-03T15:41:39.487+0000] {dag.py:3096} INFO - Sync 2 DAGs
[2024-05-03T15:41:39.504+0000] {logging_mixin.py:188} INFO - [2024-05-03T15:41:39.504+0000] {dag.py:3954} INFO - Setting next_dagrun for example_xcom_args to None, run_after=None
[2024-05-03T15:41:39.508+0000] {logging_mixin.py:188} INFO - [2024-05-03T15:41:39.508+0000] {dag.py:3954} INFO - Setting next_dagrun for example_xcom_args_with_operators to None, run_after=None
[2024-05-03T15:41:39.534+0000] {processor.py:183} INFO - Processing /home/airflow/.local/lib/python3.12/site-packages/airflow/example_dags/example_xcomargs.py took 0.094 seconds
[2024-05-03T15:42:09.696+0000] {processor.py:161} INFO - Started process (PID=704) to work on /home/airflow/.local/lib/python3.12/site-packages/airflow/example_dags/example_xcomargs.py
[2024-05-03T15:42:09.697+0000] {processor.py:830} INFO - Processing file /home/airflow/.local/lib/python3.12/site-packages/airflow/example_dags/example_xcomargs.py for tasks to queue
[2024-05-03T15:42:09.699+0000] {logging_mixin.py:188} INFO - [2024-05-03T15:42:09.698+0000] {dagbag.py:540} INFO - Filling up the DagBag from /home/airflow/.local/lib/python3.12/site-packages/airflow/example_dags/example_xcomargs.py
[2024-05-03T15:42:09.710+0000] {processor.py:840} INFO - DAG(s) 'example_xcom_args_with_operators', 'example_xcom_args' retrieved from /home/airflow/.local/lib/python3.12/site-packages/airflow/example_dags/example_xcomargs.py
[2024-05-03T15:42:09.736+0000] {logging_mixin.py:188} INFO - [2024-05-03T15:42:09.735+0000] {dag.py:3096} INFO - Sync 2 DAGs
[2024-05-03T15:42:09.752+0000] {logging_mixin.py:188} INFO - [2024-05-03T15:42:09.752+0000] {dag.py:3954} INFO - Setting next_dagrun for example_xcom_args to None, run_after=None
[2024-05-03T15:42:09.757+0000] {logging_mixin.py:188} INFO - [2024-05-03T15:42:09.756+0000] {dag.py:3954} INFO - Setting next_dagrun for example_xcom_args_with_operators to None, run_after=None
[2024-05-03T15:42:09.783+0000] {processor.py:183} INFO - Processing /home/airflow/.local/lib/python3.12/site-packages/airflow/example_dags/example_xcomargs.py took 0.097 seconds
[2024-05-03T15:42:40.028+0000] {processor.py:161} INFO - Started process (PID=766) to work on /home/airflow/.local/lib/python3.12/site-packages/airflow/example_dags/example_xcomargs.py
[2024-05-03T15:42:40.030+0000] {processor.py:830} INFO - Processing file /home/airflow/.local/lib/python3.12/site-packages/airflow/example_dags/example_xcomargs.py for tasks to queue
[2024-05-03T15:42:40.032+0000] {logging_mixin.py:188} INFO - [2024-05-03T15:42:40.031+0000] {dagbag.py:540} INFO - Filling up the DagBag from /home/airflow/.local/lib/python3.12/site-packages/airflow/example_dags/example_xcomargs.py
[2024-05-03T15:42:40.042+0000] {processor.py:840} INFO - DAG(s) 'example_xcom_args', 'example_xcom_args_with_operators' retrieved from /home/airflow/.local/lib/python3.12/site-packages/airflow/example_dags/example_xcomargs.py
[2024-05-03T15:42:40.070+0000] {logging_mixin.py:188} INFO - [2024-05-03T15:42:40.069+0000] {dag.py:3096} INFO - Sync 2 DAGs
[2024-05-03T15:42:40.087+0000] {logging_mixin.py:188} INFO - [2024-05-03T15:42:40.086+0000] {dag.py:3954} INFO - Setting next_dagrun for example_xcom_args to None, run_after=None
[2024-05-03T15:42:40.091+0000] {logging_mixin.py:188} INFO - [2024-05-03T15:42:40.091+0000] {dag.py:3954} INFO - Setting next_dagrun for example_xcom_args_with_operators to None, run_after=None
[2024-05-03T15:42:40.120+0000] {processor.py:183} INFO - Processing /home/airflow/.local/lib/python3.12/site-packages/airflow/example_dags/example_xcomargs.py took 0.098 seconds
[2024-05-03T15:43:10.810+0000] {processor.py:161} INFO - Started process (PID=827) to work on /home/airflow/.local/lib/python3.12/site-packages/airflow/example_dags/example_xcomargs.py
[2024-05-03T15:43:10.811+0000] {processor.py:830} INFO - Processing file /home/airflow/.local/lib/python3.12/site-packages/airflow/example_dags/example_xcomargs.py for tasks to queue
[2024-05-03T15:43:10.813+0000] {logging_mixin.py:188} INFO - [2024-05-03T15:43:10.813+0000] {dagbag.py:540} INFO - Filling up the DagBag from /home/airflow/.local/lib/python3.12/site-packages/airflow/example_dags/example_xcomargs.py
[2024-05-03T15:43:10.824+0000] {processor.py:840} INFO - DAG(s) 'example_xcom_args_with_operators', 'example_xcom_args' retrieved from /home/airflow/.local/lib/python3.12/site-packages/airflow/example_dags/example_xcomargs.py
[2024-05-03T15:43:10.851+0000] {logging_mixin.py:188} INFO - [2024-05-03T15:43:10.851+0000] {dag.py:3096} INFO - Sync 2 DAGs
[2024-05-03T15:43:10.869+0000] {logging_mixin.py:188} INFO - [2024-05-03T15:43:10.869+0000] {dag.py:3954} INFO - Setting next_dagrun for example_xcom_args to None, run_after=None
[2024-05-03T15:43:10.874+0000] {logging_mixin.py:188} INFO - [2024-05-03T15:43:10.874+0000] {dag.py:3954} INFO - Setting next_dagrun for example_xcom_args_with_operators to None, run_after=None
[2024-05-03T15:43:10.899+0000] {processor.py:183} INFO - Processing /home/airflow/.local/lib/python3.12/site-packages/airflow/example_dags/example_xcomargs.py took 0.095 seconds
[2024-05-03T15:43:41.011+0000] {processor.py:161} INFO - Started process (PID=888) to work on /home/airflow/.local/lib/python3.12/site-packages/airflow/example_dags/example_xcomargs.py
[2024-05-03T15:43:41.012+0000] {processor.py:830} INFO - Processing file /home/airflow/.local/lib/python3.12/site-packages/airflow/example_dags/example_xcomargs.py for tasks to queue
[2024-05-03T15:43:41.016+0000] {logging_mixin.py:188} INFO - [2024-05-03T15:43:41.016+0000] {dagbag.py:540} INFO - Filling up the DagBag from /home/airflow/.local/lib/python3.12/site-packages/airflow/example_dags/example_xcomargs.py
[2024-05-03T15:43:41.026+0000] {processor.py:840} INFO - DAG(s) 'example_xcom_args', 'example_xcom_args_with_operators' retrieved from /home/airflow/.local/lib/python3.12/site-packages/airflow/example_dags/example_xcomargs.py
[2024-05-03T15:43:41.053+0000] {logging_mixin.py:188} INFO - [2024-05-03T15:43:41.053+0000] {dag.py:3096} INFO - Sync 2 DAGs
[2024-05-03T15:43:41.070+0000] {logging_mixin.py:188} INFO - [2024-05-03T15:43:41.070+0000] {dag.py:3954} INFO - Setting next_dagrun for example_xcom_args to None, run_after=None
[2024-05-03T15:43:41.075+0000] {logging_mixin.py:188} INFO - [2024-05-03T15:43:41.075+0000] {dag.py:3954} INFO - Setting next_dagrun for example_xcom_args_with_operators to None, run_after=None
[2024-05-03T15:43:41.109+0000] {processor.py:183} INFO - Processing /home/airflow/.local/lib/python3.12/site-packages/airflow/example_dags/example_xcomargs.py took 0.104 seconds
[2024-05-03T15:44:11.499+0000] {processor.py:161} INFO - Started process (PID=949) to work on /home/airflow/.local/lib/python3.12/site-packages/airflow/example_dags/example_xcomargs.py
[2024-05-03T15:44:11.501+0000] {processor.py:830} INFO - Processing file /home/airflow/.local/lib/python3.12/site-packages/airflow/example_dags/example_xcomargs.py for tasks to queue
[2024-05-03T15:44:11.506+0000] {logging_mixin.py:188} INFO - [2024-05-03T15:44:11.506+0000] {dagbag.py:540} INFO - Filling up the DagBag from /home/airflow/.local/lib/python3.12/site-packages/airflow/example_dags/example_xcomargs.py
[2024-05-03T15:44:11.528+0000] {processor.py:840} INFO - DAG(s) 'example_xcom_args', 'example_xcom_args_with_operators' retrieved from /home/airflow/.local/lib/python3.12/site-packages/airflow/example_dags/example_xcomargs.py
[2024-05-03T15:44:11.678+0000] {logging_mixin.py:188} INFO - [2024-05-03T15:44:11.677+0000] {dag.py:3096} INFO - Sync 2 DAGs
[2024-05-03T15:44:11.742+0000] {logging_mixin.py:188} INFO - [2024-05-03T15:44:11.742+0000] {dag.py:3954} INFO - Setting next_dagrun for example_xcom_args to None, run_after=None
[2024-05-03T15:44:11.787+0000] {logging_mixin.py:188} INFO - [2024-05-03T15:44:11.787+0000] {dag.py:3954} INFO - Setting next_dagrun for example_xcom_args_with_operators to None, run_after=None
[2024-05-03T15:44:11.941+0000] {processor.py:183} INFO - Processing /home/airflow/.local/lib/python3.12/site-packages/airflow/example_dags/example_xcomargs.py took 0.451 seconds
[2024-05-03T15:44:42.947+0000] {processor.py:161} INFO - Started process (PID=1011) to work on /home/airflow/.local/lib/python3.12/site-packages/airflow/example_dags/example_xcomargs.py
[2024-05-03T15:44:42.958+0000] {processor.py:830} INFO - Processing file /home/airflow/.local/lib/python3.12/site-packages/airflow/example_dags/example_xcomargs.py for tasks to queue
[2024-05-03T15:44:42.961+0000] {logging_mixin.py:188} INFO - [2024-05-03T15:44:42.960+0000] {dagbag.py:540} INFO - Filling up the DagBag from /home/airflow/.local/lib/python3.12/site-packages/airflow/example_dags/example_xcomargs.py
[2024-05-03T15:44:42.972+0000] {processor.py:840} INFO - DAG(s) 'example_xcom_args_with_operators', 'example_xcom_args' retrieved from /home/airflow/.local/lib/python3.12/site-packages/airflow/example_dags/example_xcomargs.py
[2024-05-03T15:44:43.066+0000] {logging_mixin.py:188} INFO - [2024-05-03T15:44:43.065+0000] {dag.py:3096} INFO - Sync 2 DAGs
[2024-05-03T15:44:43.094+0000] {logging_mixin.py:188} INFO - [2024-05-03T15:44:43.093+0000] {dag.py:3954} INFO - Setting next_dagrun for example_xcom_args to None, run_after=None
[2024-05-03T15:44:43.098+0000] {logging_mixin.py:188} INFO - [2024-05-03T15:44:43.098+0000] {dag.py:3954} INFO - Setting next_dagrun for example_xcom_args_with_operators to None, run_after=None
[2024-05-03T15:44:43.132+0000] {processor.py:183} INFO - Processing /home/airflow/.local/lib/python3.12/site-packages/airflow/example_dags/example_xcomargs.py took 0.199 seconds
[2024-05-03T15:45:13.764+0000] {processor.py:161} INFO - Started process (PID=1072) to work on /home/airflow/.local/lib/python3.12/site-packages/airflow/example_dags/example_xcomargs.py
[2024-05-03T15:45:13.765+0000] {processor.py:830} INFO - Processing file /home/airflow/.local/lib/python3.12/site-packages/airflow/example_dags/example_xcomargs.py for tasks to queue
[2024-05-03T15:45:13.767+0000] {logging_mixin.py:188} INFO - [2024-05-03T15:45:13.766+0000] {dagbag.py:540} INFO - Filling up the DagBag from /home/airflow/.local/lib/python3.12/site-packages/airflow/example_dags/example_xcomargs.py
[2024-05-03T15:45:13.777+0000] {processor.py:840} INFO - DAG(s) 'example_xcom_args_with_operators', 'example_xcom_args' retrieved from /home/airflow/.local/lib/python3.12/site-packages/airflow/example_dags/example_xcomargs.py
[2024-05-03T15:45:13.803+0000] {logging_mixin.py:188} INFO - [2024-05-03T15:45:13.803+0000] {dag.py:3096} INFO - Sync 2 DAGs
[2024-05-03T15:45:13.819+0000] {logging_mixin.py:188} INFO - [2024-05-03T15:45:13.819+0000] {dag.py:3954} INFO - Setting next_dagrun for example_xcom_args to None, run_after=None
[2024-05-03T15:45:13.824+0000] {logging_mixin.py:188} INFO - [2024-05-03T15:45:13.823+0000] {dag.py:3954} INFO - Setting next_dagrun for example_xcom_args_with_operators to None, run_after=None
[2024-05-03T15:45:13.847+0000] {processor.py:183} INFO - Processing /home/airflow/.local/lib/python3.12/site-packages/airflow/example_dags/example_xcomargs.py took 0.089 seconds
[2024-05-03T15:45:44.099+0000] {processor.py:161} INFO - Started process (PID=1133) to work on /home/airflow/.local/lib/python3.12/site-packages/airflow/example_dags/example_xcomargs.py
[2024-05-03T15:45:44.100+0000] {processor.py:830} INFO - Processing file /home/airflow/.local/lib/python3.12/site-packages/airflow/example_dags/example_xcomargs.py for tasks to queue
[2024-05-03T15:45:44.102+0000] {logging_mixin.py:188} INFO - [2024-05-03T15:45:44.101+0000] {dagbag.py:540} INFO - Filling up the DagBag from /home/airflow/.local/lib/python3.12/site-packages/airflow/example_dags/example_xcomargs.py
[2024-05-03T15:45:44.112+0000] {processor.py:840} INFO - DAG(s) 'example_xcom_args_with_operators', 'example_xcom_args' retrieved from /home/airflow/.local/lib/python3.12/site-packages/airflow/example_dags/example_xcomargs.py
[2024-05-03T15:45:44.197+0000] {logging_mixin.py:188} INFO - [2024-05-03T15:45:44.197+0000] {dag.py:3096} INFO - Sync 2 DAGs
[2024-05-03T15:45:44.230+0000] {logging_mixin.py:188} INFO - [2024-05-03T15:45:44.229+0000] {dag.py:3954} INFO - Setting next_dagrun for example_xcom_args to None, run_after=None
[2024-05-03T15:45:44.239+0000] {logging_mixin.py:188} INFO - [2024-05-03T15:45:44.239+0000] {dag.py:3954} INFO - Setting next_dagrun for example_xcom_args_with_operators to None, run_after=None
[2024-05-03T15:45:44.264+0000] {processor.py:183} INFO - Processing /home/airflow/.local/lib/python3.12/site-packages/airflow/example_dags/example_xcomargs.py took 0.171 seconds
[2024-05-03T15:46:14.453+0000] {processor.py:161} INFO - Started process (PID=1194) to work on /home/airflow/.local/lib/python3.12/site-packages/airflow/example_dags/example_xcomargs.py
[2024-05-03T15:46:14.458+0000] {processor.py:830} INFO - Processing file /home/airflow/.local/lib/python3.12/site-packages/airflow/example_dags/example_xcomargs.py for tasks to queue
[2024-05-03T15:46:14.461+0000] {logging_mixin.py:188} INFO - [2024-05-03T15:46:14.460+0000] {dagbag.py:540} INFO - Filling up the DagBag from /home/airflow/.local/lib/python3.12/site-packages/airflow/example_dags/example_xcomargs.py
[2024-05-03T15:46:14.480+0000] {processor.py:840} INFO - DAG(s) 'example_xcom_args_with_operators', 'example_xcom_args' retrieved from /home/airflow/.local/lib/python3.12/site-packages/airflow/example_dags/example_xcomargs.py
[2024-05-03T15:46:14.542+0000] {logging_mixin.py:188} INFO - [2024-05-03T15:46:14.542+0000] {dag.py:3096} INFO - Sync 2 DAGs
[2024-05-03T15:46:14.558+0000] {logging_mixin.py:188} INFO - [2024-05-03T15:46:14.558+0000] {dag.py:3954} INFO - Setting next_dagrun for example_xcom_args to None, run_after=None
[2024-05-03T15:46:14.563+0000] {logging_mixin.py:188} INFO - [2024-05-03T15:46:14.563+0000] {dag.py:3954} INFO - Setting next_dagrun for example_xcom_args_with_operators to None, run_after=None
[2024-05-03T15:46:14.586+0000] {processor.py:183} INFO - Processing /home/airflow/.local/lib/python3.12/site-packages/airflow/example_dags/example_xcomargs.py took 0.148 seconds
[2024-05-03T15:46:44.943+0000] {processor.py:161} INFO - Started process (PID=1255) to work on /home/airflow/.local/lib/python3.12/site-packages/airflow/example_dags/example_xcomargs.py
[2024-05-03T15:46:44.944+0000] {processor.py:830} INFO - Processing file /home/airflow/.local/lib/python3.12/site-packages/airflow/example_dags/example_xcomargs.py for tasks to queue
[2024-05-03T15:46:44.947+0000] {logging_mixin.py:188} INFO - [2024-05-03T15:46:44.946+0000] {dagbag.py:540} INFO - Filling up the DagBag from /home/airflow/.local/lib/python3.12/site-packages/airflow/example_dags/example_xcomargs.py
[2024-05-03T15:46:44.957+0000] {processor.py:840} INFO - DAG(s) 'example_xcom_args', 'example_xcom_args_with_operators' retrieved from /home/airflow/.local/lib/python3.12/site-packages/airflow/example_dags/example_xcomargs.py
[2024-05-03T15:46:44.985+0000] {logging_mixin.py:188} INFO - [2024-05-03T15:46:44.984+0000] {dag.py:3096} INFO - Sync 2 DAGs
[2024-05-03T15:46:45.001+0000] {logging_mixin.py:188} INFO - [2024-05-03T15:46:45.001+0000] {dag.py:3954} INFO - Setting next_dagrun for example_xcom_args to None, run_after=None
[2024-05-03T15:46:45.005+0000] {logging_mixin.py:188} INFO - [2024-05-03T15:46:45.005+0000] {dag.py:3954} INFO - Setting next_dagrun for example_xcom_args_with_operators to None, run_after=None
[2024-05-03T15:46:45.053+0000] {processor.py:183} INFO - Processing /home/airflow/.local/lib/python3.12/site-packages/airflow/example_dags/example_xcomargs.py took 0.116 seconds
[2024-05-03T15:47:15.475+0000] {processor.py:161} INFO - Started process (PID=1317) to work on /home/airflow/.local/lib/python3.12/site-packages/airflow/example_dags/example_xcomargs.py
[2024-05-03T15:47:15.476+0000] {processor.py:830} INFO - Processing file /home/airflow/.local/lib/python3.12/site-packages/airflow/example_dags/example_xcomargs.py for tasks to queue
[2024-05-03T15:47:15.478+0000] {logging_mixin.py:188} INFO - [2024-05-03T15:47:15.478+0000] {dagbag.py:540} INFO - Filling up the DagBag from /home/airflow/.local/lib/python3.12/site-packages/airflow/example_dags/example_xcomargs.py
[2024-05-03T15:47:15.489+0000] {processor.py:840} INFO - DAG(s) 'example_xcom_args_with_operators', 'example_xcom_args' retrieved from /home/airflow/.local/lib/python3.12/site-packages/airflow/example_dags/example_xcomargs.py
[2024-05-03T15:47:15.520+0000] {logging_mixin.py:188} INFO - [2024-05-03T15:47:15.519+0000] {dag.py:3096} INFO - Sync 2 DAGs
[2024-05-03T15:47:15.543+0000] {logging_mixin.py:188} INFO - [2024-05-03T15:47:15.542+0000] {dag.py:3954} INFO - Setting next_dagrun for example_xcom_args to None, run_after=None
[2024-05-03T15:47:15.546+0000] {logging_mixin.py:188} INFO - [2024-05-03T15:47:15.546+0000] {dag.py:3954} INFO - Setting next_dagrun for example_xcom_args_with_operators to None, run_after=None
[2024-05-03T15:47:15.569+0000] {processor.py:183} INFO - Processing /home/airflow/.local/lib/python3.12/site-packages/airflow/example_dags/example_xcomargs.py took 0.100 seconds
[2024-05-03T15:47:45.734+0000] {processor.py:161} INFO - Started process (PID=1378) to work on /home/airflow/.local/lib/python3.12/site-packages/airflow/example_dags/example_xcomargs.py
[2024-05-03T15:47:45.735+0000] {processor.py:830} INFO - Processing file /home/airflow/.local/lib/python3.12/site-packages/airflow/example_dags/example_xcomargs.py for tasks to queue
[2024-05-03T15:47:45.738+0000] {logging_mixin.py:188} INFO - [2024-05-03T15:47:45.737+0000] {dagbag.py:540} INFO - Filling up the DagBag from /home/airflow/.local/lib/python3.12/site-packages/airflow/example_dags/example_xcomargs.py
[2024-05-03T15:47:45.748+0000] {processor.py:840} INFO - DAG(s) 'example_xcom_args_with_operators', 'example_xcom_args' retrieved from /home/airflow/.local/lib/python3.12/site-packages/airflow/example_dags/example_xcomargs.py
[2024-05-03T15:47:45.775+0000] {logging_mixin.py:188} INFO - [2024-05-03T15:47:45.775+0000] {dag.py:3096} INFO - Sync 2 DAGs
[2024-05-03T15:47:45.792+0000] {logging_mixin.py:188} INFO - [2024-05-03T15:47:45.791+0000] {dag.py:3954} INFO - Setting next_dagrun for example_xcom_args to None, run_after=None
[2024-05-03T15:47:45.797+0000] {logging_mixin.py:188} INFO - [2024-05-03T15:47:45.796+0000] {dag.py:3954} INFO - Setting next_dagrun for example_xcom_args_with_operators to None, run_after=None
[2024-05-03T15:47:45.822+0000] {processor.py:183} INFO - Processing /home/airflow/.local/lib/python3.12/site-packages/airflow/example_dags/example_xcomargs.py took 0.095 seconds
