[2024-05-03T15:36:35.992+0000] {processor.py:161} INFO - Started process (PID=69) to work on /home/airflow/.local/lib/python3.12/site-packages/airflow/example_dags/example_latest_only.py
[2024-05-03T15:36:35.993+0000] {processor.py:830} INFO - Processing file /home/airflow/.local/lib/python3.12/site-packages/airflow/example_dags/example_latest_only.py for tasks to queue
[2024-05-03T15:36:35.995+0000] {logging_mixin.py:188} INFO - [2024-05-03T15:36:35.995+0000] {dagbag.py:540} INFO - Filling up the DagBag from /home/airflow/.local/lib/python3.12/site-packages/airflow/example_dags/example_latest_only.py
[2024-05-03T15:36:36.002+0000] {processor.py:840} INFO - DAG(s) 'latest_only' retrieved from /home/airflow/.local/lib/python3.12/site-packages/airflow/example_dags/example_latest_only.py
[2024-05-03T15:36:36.024+0000] {logging_mixin.py:188} INFO - [2024-05-03T15:36:36.023+0000] {dag.py:3096} INFO - Sync 1 DAGs
[2024-05-03T15:36:36.050+0000] {logging_mixin.py:188} INFO - [2024-05-03T15:36:36.050+0000] {dag.py:3954} INFO - Setting next_dagrun for latest_only to 2024-05-03 08:00:00+00:00, run_after=2024-05-03 12:00:00+00:00
[2024-05-03T15:36:36.073+0000] {processor.py:183} INFO - Processing /home/airflow/.local/lib/python3.12/site-packages/airflow/example_dags/example_latest_only.py took 0.087 seconds
[2024-05-03T15:37:09.144+0000] {processor.py:161} INFO - Started process (PID=130) to work on /home/airflow/.local/lib/python3.12/site-packages/airflow/example_dags/example_latest_only.py
[2024-05-03T15:37:09.145+0000] {processor.py:830} INFO - Processing file /home/airflow/.local/lib/python3.12/site-packages/airflow/example_dags/example_latest_only.py for tasks to queue
[2024-05-03T15:37:09.147+0000] {logging_mixin.py:188} INFO - [2024-05-03T15:37:09.147+0000] {dagbag.py:540} INFO - Filling up the DagBag from /home/airflow/.local/lib/python3.12/site-packages/airflow/example_dags/example_latest_only.py
[2024-05-03T15:37:09.194+0000] {processor.py:840} INFO - DAG(s) 'latest_only' retrieved from /home/airflow/.local/lib/python3.12/site-packages/airflow/example_dags/example_latest_only.py
[2024-05-03T15:37:09.321+0000] {logging_mixin.py:188} INFO - [2024-05-03T15:37:09.320+0000] {dag.py:3096} INFO - Sync 1 DAGs
[2024-05-03T15:37:09.434+0000] {logging_mixin.py:188} INFO - [2024-05-03T15:37:09.434+0000] {dag.py:3954} INFO - Setting next_dagrun for latest_only to 2024-05-03 08:00:00+00:00, run_after=2024-05-03 12:00:00+00:00
[2024-05-03T15:37:09.489+0000] {processor.py:183} INFO - Processing /home/airflow/.local/lib/python3.12/site-packages/airflow/example_dags/example_latest_only.py took 0.379 seconds
[2024-05-03T15:37:44.233+0000] {processor.py:161} INFO - Started process (PID=191) to work on /home/airflow/.local/lib/python3.12/site-packages/airflow/example_dags/example_latest_only.py
[2024-05-03T15:37:44.253+0000] {processor.py:830} INFO - Processing file /home/airflow/.local/lib/python3.12/site-packages/airflow/example_dags/example_latest_only.py for tasks to queue
[2024-05-03T15:37:44.256+0000] {logging_mixin.py:188} INFO - [2024-05-03T15:37:44.256+0000] {dagbag.py:540} INFO - Filling up the DagBag from /home/airflow/.local/lib/python3.12/site-packages/airflow/example_dags/example_latest_only.py
[2024-05-03T15:37:44.276+0000] {processor.py:840} INFO - DAG(s) 'latest_only' retrieved from /home/airflow/.local/lib/python3.12/site-packages/airflow/example_dags/example_latest_only.py
[2024-05-03T15:37:44.366+0000] {logging_mixin.py:188} INFO - [2024-05-03T15:37:44.366+0000] {dag.py:3096} INFO - Sync 1 DAGs
[2024-05-03T15:37:44.401+0000] {logging_mixin.py:188} INFO - [2024-05-03T15:37:44.400+0000] {dag.py:3954} INFO - Setting next_dagrun for latest_only to 2024-05-03 08:00:00+00:00, run_after=2024-05-03 12:00:00+00:00
[2024-05-03T15:37:44.525+0000] {processor.py:183} INFO - Processing /home/airflow/.local/lib/python3.12/site-packages/airflow/example_dags/example_latest_only.py took 0.314 seconds
[2024-05-03T15:38:15.068+0000] {processor.py:161} INFO - Started process (PID=251) to work on /home/airflow/.local/lib/python3.12/site-packages/airflow/example_dags/example_latest_only.py
[2024-05-03T15:38:15.068+0000] {processor.py:830} INFO - Processing file /home/airflow/.local/lib/python3.12/site-packages/airflow/example_dags/example_latest_only.py for tasks to queue
[2024-05-03T15:38:15.071+0000] {logging_mixin.py:188} INFO - [2024-05-03T15:38:15.070+0000] {dagbag.py:540} INFO - Filling up the DagBag from /home/airflow/.local/lib/python3.12/site-packages/airflow/example_dags/example_latest_only.py
[2024-05-03T15:38:15.076+0000] {processor.py:840} INFO - DAG(s) 'latest_only' retrieved from /home/airflow/.local/lib/python3.12/site-packages/airflow/example_dags/example_latest_only.py
[2024-05-03T15:38:15.097+0000] {logging_mixin.py:188} INFO - [2024-05-03T15:38:15.096+0000] {dag.py:3096} INFO - Sync 1 DAGs
[2024-05-03T15:38:15.137+0000] {logging_mixin.py:188} INFO - [2024-05-03T15:38:15.137+0000] {dag.py:3954} INFO - Setting next_dagrun for latest_only to 2024-05-03 08:00:00+00:00, run_after=2024-05-03 12:00:00+00:00
[2024-05-03T15:38:15.165+0000] {processor.py:183} INFO - Processing /home/airflow/.local/lib/python3.12/site-packages/airflow/example_dags/example_latest_only.py took 0.104 seconds
[2024-05-03T15:38:45.824+0000] {processor.py:161} INFO - Started process (PID=312) to work on /home/airflow/.local/lib/python3.12/site-packages/airflow/example_dags/example_latest_only.py
[2024-05-03T15:38:45.825+0000] {processor.py:830} INFO - Processing file /home/airflow/.local/lib/python3.12/site-packages/airflow/example_dags/example_latest_only.py for tasks to queue
[2024-05-03T15:38:45.827+0000] {logging_mixin.py:188} INFO - [2024-05-03T15:38:45.826+0000] {dagbag.py:540} INFO - Filling up the DagBag from /home/airflow/.local/lib/python3.12/site-packages/airflow/example_dags/example_latest_only.py
[2024-05-03T15:38:45.831+0000] {processor.py:840} INFO - DAG(s) 'latest_only' retrieved from /home/airflow/.local/lib/python3.12/site-packages/airflow/example_dags/example_latest_only.py
[2024-05-03T15:38:45.846+0000] {logging_mixin.py:188} INFO - [2024-05-03T15:38:45.846+0000] {dag.py:3096} INFO - Sync 1 DAGs
[2024-05-03T15:38:45.870+0000] {logging_mixin.py:188} INFO - [2024-05-03T15:38:45.870+0000] {dag.py:3954} INFO - Setting next_dagrun for latest_only to 2024-05-03 08:00:00+00:00, run_after=2024-05-03 12:00:00+00:00
[2024-05-03T15:38:45.890+0000] {processor.py:183} INFO - Processing /home/airflow/.local/lib/python3.12/site-packages/airflow/example_dags/example_latest_only.py took 0.070 seconds
[2024-05-03T15:39:16.468+0000] {processor.py:161} INFO - Started process (PID=374) to work on /home/airflow/.local/lib/python3.12/site-packages/airflow/example_dags/example_latest_only.py
[2024-05-03T15:39:16.469+0000] {processor.py:830} INFO - Processing file /home/airflow/.local/lib/python3.12/site-packages/airflow/example_dags/example_latest_only.py for tasks to queue
[2024-05-03T15:39:16.471+0000] {logging_mixin.py:188} INFO - [2024-05-03T15:39:16.471+0000] {dagbag.py:540} INFO - Filling up the DagBag from /home/airflow/.local/lib/python3.12/site-packages/airflow/example_dags/example_latest_only.py
[2024-05-03T15:39:16.477+0000] {processor.py:840} INFO - DAG(s) 'latest_only' retrieved from /home/airflow/.local/lib/python3.12/site-packages/airflow/example_dags/example_latest_only.py
[2024-05-03T15:39:16.506+0000] {logging_mixin.py:188} INFO - [2024-05-03T15:39:16.499+0000] {dag.py:3096} INFO - Sync 1 DAGs
[2024-05-03T15:39:16.553+0000] {logging_mixin.py:188} INFO - [2024-05-03T15:39:16.553+0000] {dag.py:3954} INFO - Setting next_dagrun for latest_only to 2024-05-03 08:00:00+00:00, run_after=2024-05-03 12:00:00+00:00
[2024-05-03T15:39:16.578+0000] {processor.py:183} INFO - Processing /home/airflow/.local/lib/python3.12/site-packages/airflow/example_dags/example_latest_only.py took 0.117 seconds
[2024-05-03T15:39:46.887+0000] {processor.py:161} INFO - Started process (PID=435) to work on /home/airflow/.local/lib/python3.12/site-packages/airflow/example_dags/example_latest_only.py
[2024-05-03T15:39:46.892+0000] {processor.py:830} INFO - Processing file /home/airflow/.local/lib/python3.12/site-packages/airflow/example_dags/example_latest_only.py for tasks to queue
[2024-05-03T15:39:46.894+0000] {logging_mixin.py:188} INFO - [2024-05-03T15:39:46.894+0000] {dagbag.py:540} INFO - Filling up the DagBag from /home/airflow/.local/lib/python3.12/site-packages/airflow/example_dags/example_latest_only.py
[2024-05-03T15:39:46.910+0000] {processor.py:840} INFO - DAG(s) 'latest_only' retrieved from /home/airflow/.local/lib/python3.12/site-packages/airflow/example_dags/example_latest_only.py
[2024-05-03T15:39:46.950+0000] {logging_mixin.py:188} INFO - [2024-05-03T15:39:46.949+0000] {dag.py:3096} INFO - Sync 1 DAGs
[2024-05-03T15:39:46.983+0000] {logging_mixin.py:188} INFO - [2024-05-03T15:39:46.983+0000] {dag.py:3954} INFO - Setting next_dagrun for latest_only to 2024-05-03 08:00:00+00:00, run_after=2024-05-03 12:00:00+00:00
[2024-05-03T15:39:47.021+0000] {processor.py:183} INFO - Processing /home/airflow/.local/lib/python3.12/site-packages/airflow/example_dags/example_latest_only.py took 0.150 seconds
[2024-05-03T15:40:17.330+0000] {processor.py:161} INFO - Started process (PID=496) to work on /home/airflow/.local/lib/python3.12/site-packages/airflow/example_dags/example_latest_only.py
[2024-05-03T15:40:17.331+0000] {processor.py:830} INFO - Processing file /home/airflow/.local/lib/python3.12/site-packages/airflow/example_dags/example_latest_only.py for tasks to queue
[2024-05-03T15:40:17.333+0000] {logging_mixin.py:188} INFO - [2024-05-03T15:40:17.332+0000] {dagbag.py:540} INFO - Filling up the DagBag from /home/airflow/.local/lib/python3.12/site-packages/airflow/example_dags/example_latest_only.py
[2024-05-03T15:40:17.338+0000] {processor.py:840} INFO - DAG(s) 'latest_only' retrieved from /home/airflow/.local/lib/python3.12/site-packages/airflow/example_dags/example_latest_only.py
[2024-05-03T15:40:17.360+0000] {logging_mixin.py:188} INFO - [2024-05-03T15:40:17.359+0000] {dag.py:3096} INFO - Sync 1 DAGs
[2024-05-03T15:40:17.386+0000] {logging_mixin.py:188} INFO - [2024-05-03T15:40:17.386+0000] {dag.py:3954} INFO - Setting next_dagrun for latest_only to 2024-05-03 08:00:00+00:00, run_after=2024-05-03 12:00:00+00:00
[2024-05-03T15:40:17.411+0000] {processor.py:183} INFO - Processing /home/airflow/.local/lib/python3.12/site-packages/airflow/example_dags/example_latest_only.py took 0.087 seconds
[2024-05-03T15:40:47.970+0000] {processor.py:161} INFO - Started process (PID=558) to work on /home/airflow/.local/lib/python3.12/site-packages/airflow/example_dags/example_latest_only.py
[2024-05-03T15:40:47.970+0000] {processor.py:830} INFO - Processing file /home/airflow/.local/lib/python3.12/site-packages/airflow/example_dags/example_latest_only.py for tasks to queue
[2024-05-03T15:40:47.972+0000] {logging_mixin.py:188} INFO - [2024-05-03T15:40:47.972+0000] {dagbag.py:540} INFO - Filling up the DagBag from /home/airflow/.local/lib/python3.12/site-packages/airflow/example_dags/example_latest_only.py
[2024-05-03T15:40:47.977+0000] {processor.py:840} INFO - DAG(s) 'latest_only' retrieved from /home/airflow/.local/lib/python3.12/site-packages/airflow/example_dags/example_latest_only.py
[2024-05-03T15:40:48.000+0000] {logging_mixin.py:188} INFO - [2024-05-03T15:40:47.999+0000] {dag.py:3096} INFO - Sync 1 DAGs
[2024-05-03T15:40:48.026+0000] {logging_mixin.py:188} INFO - [2024-05-03T15:40:48.026+0000] {dag.py:3954} INFO - Setting next_dagrun for latest_only to 2024-05-03 08:00:00+00:00, run_after=2024-05-03 12:00:00+00:00
[2024-05-03T15:40:48.053+0000] {processor.py:183} INFO - Processing /home/airflow/.local/lib/python3.12/site-packages/airflow/example_dags/example_latest_only.py took 0.089 seconds
[2024-05-03T15:41:19.077+0000] {processor.py:161} INFO - Started process (PID=619) to work on /home/airflow/.local/lib/python3.12/site-packages/airflow/example_dags/example_latest_only.py
[2024-05-03T15:41:19.078+0000] {processor.py:830} INFO - Processing file /home/airflow/.local/lib/python3.12/site-packages/airflow/example_dags/example_latest_only.py for tasks to queue
[2024-05-03T15:41:19.080+0000] {logging_mixin.py:188} INFO - [2024-05-03T15:41:19.079+0000] {dagbag.py:540} INFO - Filling up the DagBag from /home/airflow/.local/lib/python3.12/site-packages/airflow/example_dags/example_latest_only.py
[2024-05-03T15:41:19.086+0000] {processor.py:840} INFO - DAG(s) 'latest_only' retrieved from /home/airflow/.local/lib/python3.12/site-packages/airflow/example_dags/example_latest_only.py
[2024-05-03T15:41:19.108+0000] {logging_mixin.py:188} INFO - [2024-05-03T15:41:19.108+0000] {dag.py:3096} INFO - Sync 1 DAGs
[2024-05-03T15:41:19.152+0000] {logging_mixin.py:188} INFO - [2024-05-03T15:41:19.147+0000] {dag.py:3954} INFO - Setting next_dagrun for latest_only to 2024-05-03 08:00:00+00:00, run_after=2024-05-03 12:00:00+00:00
[2024-05-03T15:41:19.186+0000] {processor.py:183} INFO - Processing /home/airflow/.local/lib/python3.12/site-packages/airflow/example_dags/example_latest_only.py took 0.117 seconds
[2024-05-03T15:41:51.835+0000] {processor.py:161} INFO - Started process (PID=686) to work on /home/airflow/.local/lib/python3.12/site-packages/airflow/example_dags/example_latest_only.py
[2024-05-03T15:41:51.836+0000] {processor.py:830} INFO - Processing file /home/airflow/.local/lib/python3.12/site-packages/airflow/example_dags/example_latest_only.py for tasks to queue
[2024-05-03T15:41:51.839+0000] {logging_mixin.py:188} INFO - [2024-05-03T15:41:51.838+0000] {dagbag.py:540} INFO - Filling up the DagBag from /home/airflow/.local/lib/python3.12/site-packages/airflow/example_dags/example_latest_only.py
[2024-05-03T15:41:51.856+0000] {processor.py:840} INFO - DAG(s) 'latest_only' retrieved from /home/airflow/.local/lib/python3.12/site-packages/airflow/example_dags/example_latest_only.py
[2024-05-03T15:41:51.906+0000] {logging_mixin.py:188} INFO - [2024-05-03T15:41:51.906+0000] {dag.py:3096} INFO - Sync 1 DAGs
[2024-05-03T15:41:51.966+0000] {logging_mixin.py:188} INFO - [2024-05-03T15:41:51.965+0000] {dag.py:3954} INFO - Setting next_dagrun for latest_only to 2024-05-03 08:00:00+00:00, run_after=2024-05-03 12:00:00+00:00
[2024-05-03T15:41:52.035+0000] {processor.py:183} INFO - Processing /home/airflow/.local/lib/python3.12/site-packages/airflow/example_dags/example_latest_only.py took 0.228 seconds
[2024-05-03T15:42:22.403+0000] {processor.py:161} INFO - Started process (PID=748) to work on /home/airflow/.local/lib/python3.12/site-packages/airflow/example_dags/example_latest_only.py
[2024-05-03T15:42:22.404+0000] {processor.py:830} INFO - Processing file /home/airflow/.local/lib/python3.12/site-packages/airflow/example_dags/example_latest_only.py for tasks to queue
[2024-05-03T15:42:22.405+0000] {logging_mixin.py:188} INFO - [2024-05-03T15:42:22.405+0000] {dagbag.py:540} INFO - Filling up the DagBag from /home/airflow/.local/lib/python3.12/site-packages/airflow/example_dags/example_latest_only.py
[2024-05-03T15:42:22.409+0000] {processor.py:840} INFO - DAG(s) 'latest_only' retrieved from /home/airflow/.local/lib/python3.12/site-packages/airflow/example_dags/example_latest_only.py
[2024-05-03T15:42:22.433+0000] {logging_mixin.py:188} INFO - [2024-05-03T15:42:22.432+0000] {dag.py:3096} INFO - Sync 1 DAGs
[2024-05-03T15:42:22.452+0000] {logging_mixin.py:188} INFO - [2024-05-03T15:42:22.452+0000] {dag.py:3954} INFO - Setting next_dagrun for latest_only to 2024-05-03 08:00:00+00:00, run_after=2024-05-03 12:00:00+00:00
[2024-05-03T15:42:22.472+0000] {processor.py:183} INFO - Processing /home/airflow/.local/lib/python3.12/site-packages/airflow/example_dags/example_latest_only.py took 0.075 seconds
[2024-05-03T15:42:52.784+0000] {processor.py:161} INFO - Started process (PID=809) to work on /home/airflow/.local/lib/python3.12/site-packages/airflow/example_dags/example_latest_only.py
[2024-05-03T15:42:52.785+0000] {processor.py:830} INFO - Processing file /home/airflow/.local/lib/python3.12/site-packages/airflow/example_dags/example_latest_only.py for tasks to queue
[2024-05-03T15:42:52.787+0000] {logging_mixin.py:188} INFO - [2024-05-03T15:42:52.787+0000] {dagbag.py:540} INFO - Filling up the DagBag from /home/airflow/.local/lib/python3.12/site-packages/airflow/example_dags/example_latest_only.py
[2024-05-03T15:42:52.793+0000] {processor.py:840} INFO - DAG(s) 'latest_only' retrieved from /home/airflow/.local/lib/python3.12/site-packages/airflow/example_dags/example_latest_only.py
[2024-05-03T15:42:52.815+0000] {logging_mixin.py:188} INFO - [2024-05-03T15:42:52.815+0000] {dag.py:3096} INFO - Sync 1 DAGs
[2024-05-03T15:42:52.844+0000] {logging_mixin.py:188} INFO - [2024-05-03T15:42:52.844+0000] {dag.py:3954} INFO - Setting next_dagrun for latest_only to 2024-05-03 08:00:00+00:00, run_after=2024-05-03 12:00:00+00:00
[2024-05-03T15:42:52.865+0000] {processor.py:183} INFO - Processing /home/airflow/.local/lib/python3.12/site-packages/airflow/example_dags/example_latest_only.py took 0.088 seconds
[2024-05-03T15:43:23.596+0000] {processor.py:161} INFO - Started process (PID=870) to work on /home/airflow/.local/lib/python3.12/site-packages/airflow/example_dags/example_latest_only.py
[2024-05-03T15:43:23.597+0000] {processor.py:830} INFO - Processing file /home/airflow/.local/lib/python3.12/site-packages/airflow/example_dags/example_latest_only.py for tasks to queue
[2024-05-03T15:43:23.599+0000] {logging_mixin.py:188} INFO - [2024-05-03T15:43:23.599+0000] {dagbag.py:540} INFO - Filling up the DagBag from /home/airflow/.local/lib/python3.12/site-packages/airflow/example_dags/example_latest_only.py
[2024-05-03T15:43:23.603+0000] {processor.py:840} INFO - DAG(s) 'latest_only' retrieved from /home/airflow/.local/lib/python3.12/site-packages/airflow/example_dags/example_latest_only.py
[2024-05-03T15:43:23.620+0000] {logging_mixin.py:188} INFO - [2024-05-03T15:43:23.620+0000] {dag.py:3096} INFO - Sync 1 DAGs
[2024-05-03T15:43:23.654+0000] {logging_mixin.py:188} INFO - [2024-05-03T15:43:23.654+0000] {dag.py:3954} INFO - Setting next_dagrun for latest_only to 2024-05-03 08:00:00+00:00, run_after=2024-05-03 12:00:00+00:00
[2024-05-03T15:43:23.680+0000] {processor.py:183} INFO - Processing /home/airflow/.local/lib/python3.12/site-packages/airflow/example_dags/example_latest_only.py took 0.088 seconds
[2024-05-03T15:43:53.835+0000] {processor.py:161} INFO - Started process (PID=931) to work on /home/airflow/.local/lib/python3.12/site-packages/airflow/example_dags/example_latest_only.py
[2024-05-03T15:43:53.841+0000] {processor.py:830} INFO - Processing file /home/airflow/.local/lib/python3.12/site-packages/airflow/example_dags/example_latest_only.py for tasks to queue
[2024-05-03T15:43:53.843+0000] {logging_mixin.py:188} INFO - [2024-05-03T15:43:53.843+0000] {dagbag.py:540} INFO - Filling up the DagBag from /home/airflow/.local/lib/python3.12/site-packages/airflow/example_dags/example_latest_only.py
[2024-05-03T15:43:53.848+0000] {processor.py:840} INFO - DAG(s) 'latest_only' retrieved from /home/airflow/.local/lib/python3.12/site-packages/airflow/example_dags/example_latest_only.py
[2024-05-03T15:43:53.866+0000] {logging_mixin.py:188} INFO - [2024-05-03T15:43:53.866+0000] {dag.py:3096} INFO - Sync 1 DAGs
[2024-05-03T15:43:53.885+0000] {logging_mixin.py:188} INFO - [2024-05-03T15:43:53.885+0000] {dag.py:3954} INFO - Setting next_dagrun for latest_only to 2024-05-03 08:00:00+00:00, run_after=2024-05-03 12:00:00+00:00
[2024-05-03T15:43:53.905+0000] {processor.py:183} INFO - Processing /home/airflow/.local/lib/python3.12/site-packages/airflow/example_dags/example_latest_only.py took 0.079 seconds
[2024-05-03T15:44:24.058+0000] {processor.py:161} INFO - Started process (PID=993) to work on /home/airflow/.local/lib/python3.12/site-packages/airflow/example_dags/example_latest_only.py
[2024-05-03T15:44:24.059+0000] {processor.py:830} INFO - Processing file /home/airflow/.local/lib/python3.12/site-packages/airflow/example_dags/example_latest_only.py for tasks to queue
[2024-05-03T15:44:24.061+0000] {logging_mixin.py:188} INFO - [2024-05-03T15:44:24.061+0000] {dagbag.py:540} INFO - Filling up the DagBag from /home/airflow/.local/lib/python3.12/site-packages/airflow/example_dags/example_latest_only.py
[2024-05-03T15:44:24.066+0000] {processor.py:840} INFO - DAG(s) 'latest_only' retrieved from /home/airflow/.local/lib/python3.12/site-packages/airflow/example_dags/example_latest_only.py
[2024-05-03T15:44:24.082+0000] {logging_mixin.py:188} INFO - [2024-05-03T15:44:24.082+0000] {dag.py:3096} INFO - Sync 1 DAGs
[2024-05-03T15:44:24.100+0000] {logging_mixin.py:188} INFO - [2024-05-03T15:44:24.100+0000] {dag.py:3954} INFO - Setting next_dagrun for latest_only to 2024-05-03 08:00:00+00:00, run_after=2024-05-03 12:00:00+00:00
[2024-05-03T15:44:24.123+0000] {processor.py:183} INFO - Processing /home/airflow/.local/lib/python3.12/site-packages/airflow/example_dags/example_latest_only.py took 0.069 seconds
[2024-05-03T15:44:55.238+0000] {processor.py:161} INFO - Started process (PID=1054) to work on /home/airflow/.local/lib/python3.12/site-packages/airflow/example_dags/example_latest_only.py
[2024-05-03T15:44:55.246+0000] {processor.py:830} INFO - Processing file /home/airflow/.local/lib/python3.12/site-packages/airflow/example_dags/example_latest_only.py for tasks to queue
[2024-05-03T15:44:55.255+0000] {logging_mixin.py:188} INFO - [2024-05-03T15:44:55.255+0000] {dagbag.py:540} INFO - Filling up the DagBag from /home/airflow/.local/lib/python3.12/site-packages/airflow/example_dags/example_latest_only.py
[2024-05-03T15:44:55.261+0000] {processor.py:840} INFO - DAG(s) 'latest_only' retrieved from /home/airflow/.local/lib/python3.12/site-packages/airflow/example_dags/example_latest_only.py
[2024-05-03T15:44:55.304+0000] {logging_mixin.py:188} INFO - [2024-05-03T15:44:55.303+0000] {dag.py:3096} INFO - Sync 1 DAGs
[2024-05-03T15:44:55.335+0000] {logging_mixin.py:188} INFO - [2024-05-03T15:44:55.335+0000] {dag.py:3954} INFO - Setting next_dagrun for latest_only to 2024-05-03 08:00:00+00:00, run_after=2024-05-03 12:00:00+00:00
[2024-05-03T15:44:55.380+0000] {processor.py:183} INFO - Processing /home/airflow/.local/lib/python3.12/site-packages/airflow/example_dags/example_latest_only.py took 0.157 seconds
[2024-05-03T15:45:26.189+0000] {processor.py:161} INFO - Started process (PID=1115) to work on /home/airflow/.local/lib/python3.12/site-packages/airflow/example_dags/example_latest_only.py
[2024-05-03T15:45:26.190+0000] {processor.py:830} INFO - Processing file /home/airflow/.local/lib/python3.12/site-packages/airflow/example_dags/example_latest_only.py for tasks to queue
[2024-05-03T15:45:26.199+0000] {logging_mixin.py:188} INFO - [2024-05-03T15:45:26.199+0000] {dagbag.py:540} INFO - Filling up the DagBag from /home/airflow/.local/lib/python3.12/site-packages/airflow/example_dags/example_latest_only.py
[2024-05-03T15:45:26.221+0000] {processor.py:840} INFO - DAG(s) 'latest_only' retrieved from /home/airflow/.local/lib/python3.12/site-packages/airflow/example_dags/example_latest_only.py
[2024-05-03T15:45:26.274+0000] {logging_mixin.py:188} INFO - [2024-05-03T15:45:26.273+0000] {dag.py:3096} INFO - Sync 1 DAGs
[2024-05-03T15:45:26.374+0000] {logging_mixin.py:188} INFO - [2024-05-03T15:45:26.374+0000] {dag.py:3954} INFO - Setting next_dagrun for latest_only to 2024-05-03 08:00:00+00:00, run_after=2024-05-03 12:00:00+00:00
[2024-05-03T15:45:26.491+0000] {processor.py:183} INFO - Processing /home/airflow/.local/lib/python3.12/site-packages/airflow/example_dags/example_latest_only.py took 0.319 seconds
[2024-05-03T15:45:56.781+0000] {processor.py:161} INFO - Started process (PID=1176) to work on /home/airflow/.local/lib/python3.12/site-packages/airflow/example_dags/example_latest_only.py
[2024-05-03T15:45:56.783+0000] {processor.py:830} INFO - Processing file /home/airflow/.local/lib/python3.12/site-packages/airflow/example_dags/example_latest_only.py for tasks to queue
[2024-05-03T15:45:56.785+0000] {logging_mixin.py:188} INFO - [2024-05-03T15:45:56.785+0000] {dagbag.py:540} INFO - Filling up the DagBag from /home/airflow/.local/lib/python3.12/site-packages/airflow/example_dags/example_latest_only.py
[2024-05-03T15:45:56.792+0000] {processor.py:840} INFO - DAG(s) 'latest_only' retrieved from /home/airflow/.local/lib/python3.12/site-packages/airflow/example_dags/example_latest_only.py
[2024-05-03T15:45:56.815+0000] {logging_mixin.py:188} INFO - [2024-05-03T15:45:56.814+0000] {dag.py:3096} INFO - Sync 1 DAGs
[2024-05-03T15:45:56.842+0000] {logging_mixin.py:188} INFO - [2024-05-03T15:45:56.841+0000] {dag.py:3954} INFO - Setting next_dagrun for latest_only to 2024-05-03 08:00:00+00:00, run_after=2024-05-03 12:00:00+00:00
[2024-05-03T15:45:56.867+0000] {processor.py:183} INFO - Processing /home/airflow/.local/lib/python3.12/site-packages/airflow/example_dags/example_latest_only.py took 0.092 seconds
[2024-05-03T15:46:27.091+0000] {processor.py:161} INFO - Started process (PID=1237) to work on /home/airflow/.local/lib/python3.12/site-packages/airflow/example_dags/example_latest_only.py
[2024-05-03T15:46:27.092+0000] {processor.py:830} INFO - Processing file /home/airflow/.local/lib/python3.12/site-packages/airflow/example_dags/example_latest_only.py for tasks to queue
[2024-05-03T15:46:27.094+0000] {logging_mixin.py:188} INFO - [2024-05-03T15:46:27.094+0000] {dagbag.py:540} INFO - Filling up the DagBag from /home/airflow/.local/lib/python3.12/site-packages/airflow/example_dags/example_latest_only.py
[2024-05-03T15:46:27.100+0000] {processor.py:840} INFO - DAG(s) 'latest_only' retrieved from /home/airflow/.local/lib/python3.12/site-packages/airflow/example_dags/example_latest_only.py
[2024-05-03T15:46:27.147+0000] {logging_mixin.py:188} INFO - [2024-05-03T15:46:27.146+0000] {dag.py:3096} INFO - Sync 1 DAGs
[2024-05-03T15:46:27.199+0000] {logging_mixin.py:188} INFO - [2024-05-03T15:46:27.198+0000] {dag.py:3954} INFO - Setting next_dagrun for latest_only to 2024-05-03 08:00:00+00:00, run_after=2024-05-03 12:00:00+00:00
[2024-05-03T15:46:27.252+0000] {processor.py:183} INFO - Processing /home/airflow/.local/lib/python3.12/site-packages/airflow/example_dags/example_latest_only.py took 0.168 seconds
