[2024-05-03T15:36:35.342+0000] {processor.py:161} INFO - Started process (PID=62) to work on /home/airflow/.local/lib/python3.12/site-packages/airflow/example_dags/example_short_circuit_decorator.py
[2024-05-03T15:36:35.343+0000] {processor.py:830} INFO - Processing file /home/airflow/.local/lib/python3.12/site-packages/airflow/example_dags/example_short_circuit_decorator.py for tasks to queue
[2024-05-03T15:36:35.356+0000] {logging_mixin.py:188} INFO - [2024-05-03T15:36:35.354+0000] {dagbag.py:540} INFO - Filling up the DagBag from /home/airflow/.local/lib/python3.12/site-packages/airflow/example_dags/example_short_circuit_decorator.py
[2024-05-03T15:36:35.392+0000] {processor.py:840} INFO - DAG(s) 'example_short_circuit_decorator' retrieved from /home/airflow/.local/lib/python3.12/site-packages/airflow/example_dags/example_short_circuit_decorator.py
[2024-05-03T15:36:35.438+0000] {logging_mixin.py:188} INFO - [2024-05-03T15:36:35.437+0000] {dag.py:3096} INFO - Sync 1 DAGs
[2024-05-03T15:36:35.481+0000] {logging_mixin.py:188} INFO - [2024-05-03T15:36:35.481+0000] {dag.py:3954} INFO - Setting next_dagrun for example_short_circuit_decorator to 2024-05-02 00:00:00+00:00, run_after=2024-05-03 00:00:00+00:00
[2024-05-03T15:36:35.507+0000] {processor.py:183} INFO - Processing /home/airflow/.local/lib/python3.12/site-packages/airflow/example_dags/example_short_circuit_decorator.py took 0.176 seconds
[2024-05-03T15:37:07.259+0000] {processor.py:161} INFO - Started process (PID=123) to work on /home/airflow/.local/lib/python3.12/site-packages/airflow/example_dags/example_short_circuit_decorator.py
[2024-05-03T15:37:07.260+0000] {processor.py:830} INFO - Processing file /home/airflow/.local/lib/python3.12/site-packages/airflow/example_dags/example_short_circuit_decorator.py for tasks to queue
[2024-05-03T15:37:07.265+0000] {logging_mixin.py:188} INFO - [2024-05-03T15:37:07.264+0000] {dagbag.py:540} INFO - Filling up the DagBag from /home/airflow/.local/lib/python3.12/site-packages/airflow/example_dags/example_short_circuit_decorator.py
[2024-05-03T15:37:07.284+0000] {processor.py:840} INFO - DAG(s) 'example_short_circuit_decorator' retrieved from /home/airflow/.local/lib/python3.12/site-packages/airflow/example_dags/example_short_circuit_decorator.py
[2024-05-03T15:37:07.440+0000] {logging_mixin.py:188} INFO - [2024-05-03T15:37:07.439+0000] {dag.py:3096} INFO - Sync 1 DAGs
[2024-05-03T15:37:07.535+0000] {logging_mixin.py:188} INFO - [2024-05-03T15:37:07.534+0000] {dag.py:3954} INFO - Setting next_dagrun for example_short_circuit_decorator to 2024-05-02 00:00:00+00:00, run_after=2024-05-03 00:00:00+00:00
[2024-05-03T15:37:07.586+0000] {processor.py:183} INFO - Processing /home/airflow/.local/lib/python3.12/site-packages/airflow/example_dags/example_short_circuit_decorator.py took 0.348 seconds
[2024-05-03T15:37:42.874+0000] {processor.py:161} INFO - Started process (PID=184) to work on /home/airflow/.local/lib/python3.12/site-packages/airflow/example_dags/example_short_circuit_decorator.py
[2024-05-03T15:37:42.876+0000] {processor.py:830} INFO - Processing file /home/airflow/.local/lib/python3.12/site-packages/airflow/example_dags/example_short_circuit_decorator.py for tasks to queue
[2024-05-03T15:37:42.878+0000] {logging_mixin.py:188} INFO - [2024-05-03T15:37:42.878+0000] {dagbag.py:540} INFO - Filling up the DagBag from /home/airflow/.local/lib/python3.12/site-packages/airflow/example_dags/example_short_circuit_decorator.py
[2024-05-03T15:37:42.908+0000] {processor.py:840} INFO - DAG(s) 'example_short_circuit_decorator' retrieved from /home/airflow/.local/lib/python3.12/site-packages/airflow/example_dags/example_short_circuit_decorator.py
[2024-05-03T15:37:42.977+0000] {logging_mixin.py:188} INFO - [2024-05-03T15:37:42.974+0000] {dag.py:3096} INFO - Sync 1 DAGs
[2024-05-03T15:37:43.061+0000] {logging_mixin.py:188} INFO - [2024-05-03T15:37:43.060+0000] {dag.py:3954} INFO - Setting next_dagrun for example_short_circuit_decorator to 2024-05-02 00:00:00+00:00, run_after=2024-05-03 00:00:00+00:00
[2024-05-03T15:37:43.130+0000] {processor.py:183} INFO - Processing /home/airflow/.local/lib/python3.12/site-packages/airflow/example_dags/example_short_circuit_decorator.py took 0.284 seconds
[2024-05-03T15:38:13.562+0000] {processor.py:161} INFO - Started process (PID=244) to work on /home/airflow/.local/lib/python3.12/site-packages/airflow/example_dags/example_short_circuit_decorator.py
[2024-05-03T15:38:13.564+0000] {processor.py:830} INFO - Processing file /home/airflow/.local/lib/python3.12/site-packages/airflow/example_dags/example_short_circuit_decorator.py for tasks to queue
[2024-05-03T15:38:13.567+0000] {logging_mixin.py:188} INFO - [2024-05-03T15:38:13.566+0000] {dagbag.py:540} INFO - Filling up the DagBag from /home/airflow/.local/lib/python3.12/site-packages/airflow/example_dags/example_short_circuit_decorator.py
[2024-05-03T15:38:13.577+0000] {processor.py:840} INFO - DAG(s) 'example_short_circuit_decorator' retrieved from /home/airflow/.local/lib/python3.12/site-packages/airflow/example_dags/example_short_circuit_decorator.py
[2024-05-03T15:38:13.597+0000] {logging_mixin.py:188} INFO - [2024-05-03T15:38:13.596+0000] {dag.py:3096} INFO - Sync 1 DAGs
[2024-05-03T15:38:13.614+0000] {logging_mixin.py:188} INFO - [2024-05-03T15:38:13.614+0000] {dag.py:3954} INFO - Setting next_dagrun for example_short_circuit_decorator to 2024-05-02 00:00:00+00:00, run_after=2024-05-03 00:00:00+00:00
[2024-05-03T15:38:13.635+0000] {processor.py:183} INFO - Processing /home/airflow/.local/lib/python3.12/site-packages/airflow/example_dags/example_short_circuit_decorator.py took 0.080 seconds
[2024-05-03T15:38:44.367+0000] {processor.py:161} INFO - Started process (PID=305) to work on /home/airflow/.local/lib/python3.12/site-packages/airflow/example_dags/example_short_circuit_decorator.py
[2024-05-03T15:38:44.367+0000] {processor.py:830} INFO - Processing file /home/airflow/.local/lib/python3.12/site-packages/airflow/example_dags/example_short_circuit_decorator.py for tasks to queue
[2024-05-03T15:38:44.369+0000] {logging_mixin.py:188} INFO - [2024-05-03T15:38:44.369+0000] {dagbag.py:540} INFO - Filling up the DagBag from /home/airflow/.local/lib/python3.12/site-packages/airflow/example_dags/example_short_circuit_decorator.py
[2024-05-03T15:38:44.376+0000] {processor.py:840} INFO - DAG(s) 'example_short_circuit_decorator' retrieved from /home/airflow/.local/lib/python3.12/site-packages/airflow/example_dags/example_short_circuit_decorator.py
[2024-05-03T15:38:44.395+0000] {logging_mixin.py:188} INFO - [2024-05-03T15:38:44.395+0000] {dag.py:3096} INFO - Sync 1 DAGs
[2024-05-03T15:38:44.413+0000] {logging_mixin.py:188} INFO - [2024-05-03T15:38:44.413+0000] {dag.py:3954} INFO - Setting next_dagrun for example_short_circuit_decorator to 2024-05-02 00:00:00+00:00, run_after=2024-05-03 00:00:00+00:00
[2024-05-03T15:38:44.434+0000] {processor.py:183} INFO - Processing /home/airflow/.local/lib/python3.12/site-packages/airflow/example_dags/example_short_circuit_decorator.py took 0.073 seconds
[2024-05-03T15:39:15.070+0000] {processor.py:161} INFO - Started process (PID=367) to work on /home/airflow/.local/lib/python3.12/site-packages/airflow/example_dags/example_short_circuit_decorator.py
[2024-05-03T15:39:15.071+0000] {processor.py:830} INFO - Processing file /home/airflow/.local/lib/python3.12/site-packages/airflow/example_dags/example_short_circuit_decorator.py for tasks to queue
[2024-05-03T15:39:15.072+0000] {logging_mixin.py:188} INFO - [2024-05-03T15:39:15.072+0000] {dagbag.py:540} INFO - Filling up the DagBag from /home/airflow/.local/lib/python3.12/site-packages/airflow/example_dags/example_short_circuit_decorator.py
[2024-05-03T15:39:15.083+0000] {processor.py:840} INFO - DAG(s) 'example_short_circuit_decorator' retrieved from /home/airflow/.local/lib/python3.12/site-packages/airflow/example_dags/example_short_circuit_decorator.py
[2024-05-03T15:39:15.111+0000] {logging_mixin.py:188} INFO - [2024-05-03T15:39:15.111+0000] {dag.py:3096} INFO - Sync 1 DAGs
[2024-05-03T15:39:15.143+0000] {logging_mixin.py:188} INFO - [2024-05-03T15:39:15.143+0000] {dag.py:3954} INFO - Setting next_dagrun for example_short_circuit_decorator to 2024-05-02 00:00:00+00:00, run_after=2024-05-03 00:00:00+00:00
[2024-05-03T15:39:15.171+0000] {processor.py:183} INFO - Processing /home/airflow/.local/lib/python3.12/site-packages/airflow/example_dags/example_short_circuit_decorator.py took 0.108 seconds
[2024-05-03T15:39:45.266+0000] {processor.py:161} INFO - Started process (PID=428) to work on /home/airflow/.local/lib/python3.12/site-packages/airflow/example_dags/example_short_circuit_decorator.py
[2024-05-03T15:39:45.267+0000] {processor.py:830} INFO - Processing file /home/airflow/.local/lib/python3.12/site-packages/airflow/example_dags/example_short_circuit_decorator.py for tasks to queue
[2024-05-03T15:39:45.269+0000] {logging_mixin.py:188} INFO - [2024-05-03T15:39:45.269+0000] {dagbag.py:540} INFO - Filling up the DagBag from /home/airflow/.local/lib/python3.12/site-packages/airflow/example_dags/example_short_circuit_decorator.py
[2024-05-03T15:39:45.280+0000] {processor.py:840} INFO - DAG(s) 'example_short_circuit_decorator' retrieved from /home/airflow/.local/lib/python3.12/site-packages/airflow/example_dags/example_short_circuit_decorator.py
[2024-05-03T15:39:45.305+0000] {logging_mixin.py:188} INFO - [2024-05-03T15:39:45.305+0000] {dag.py:3096} INFO - Sync 1 DAGs
[2024-05-03T15:39:45.397+0000] {logging_mixin.py:188} INFO - [2024-05-03T15:39:45.396+0000] {dag.py:3954} INFO - Setting next_dagrun for example_short_circuit_decorator to 2024-05-02 00:00:00+00:00, run_after=2024-05-03 00:00:00+00:00
[2024-05-03T15:39:45.443+0000] {processor.py:183} INFO - Processing /home/airflow/.local/lib/python3.12/site-packages/airflow/example_dags/example_short_circuit_decorator.py took 0.183 seconds
[2024-05-03T15:40:15.815+0000] {processor.py:161} INFO - Started process (PID=489) to work on /home/airflow/.local/lib/python3.12/site-packages/airflow/example_dags/example_short_circuit_decorator.py
[2024-05-03T15:40:15.816+0000] {processor.py:830} INFO - Processing file /home/airflow/.local/lib/python3.12/site-packages/airflow/example_dags/example_short_circuit_decorator.py for tasks to queue
[2024-05-03T15:40:15.818+0000] {logging_mixin.py:188} INFO - [2024-05-03T15:40:15.817+0000] {dagbag.py:540} INFO - Filling up the DagBag from /home/airflow/.local/lib/python3.12/site-packages/airflow/example_dags/example_short_circuit_decorator.py
[2024-05-03T15:40:15.828+0000] {processor.py:840} INFO - DAG(s) 'example_short_circuit_decorator' retrieved from /home/airflow/.local/lib/python3.12/site-packages/airflow/example_dags/example_short_circuit_decorator.py
[2024-05-03T15:40:15.872+0000] {logging_mixin.py:188} INFO - [2024-05-03T15:40:15.871+0000] {dag.py:3096} INFO - Sync 1 DAGs
[2024-05-03T15:40:15.903+0000] {logging_mixin.py:188} INFO - [2024-05-03T15:40:15.903+0000] {dag.py:3954} INFO - Setting next_dagrun for example_short_circuit_decorator to 2024-05-02 00:00:00+00:00, run_after=2024-05-03 00:00:00+00:00
[2024-05-03T15:40:15.930+0000] {processor.py:183} INFO - Processing /home/airflow/.local/lib/python3.12/site-packages/airflow/example_dags/example_short_circuit_decorator.py took 0.121 seconds
[2024-05-03T15:40:46.512+0000] {processor.py:161} INFO - Started process (PID=551) to work on /home/airflow/.local/lib/python3.12/site-packages/airflow/example_dags/example_short_circuit_decorator.py
[2024-05-03T15:40:46.513+0000] {processor.py:830} INFO - Processing file /home/airflow/.local/lib/python3.12/site-packages/airflow/example_dags/example_short_circuit_decorator.py for tasks to queue
[2024-05-03T15:40:46.515+0000] {logging_mixin.py:188} INFO - [2024-05-03T15:40:46.515+0000] {dagbag.py:540} INFO - Filling up the DagBag from /home/airflow/.local/lib/python3.12/site-packages/airflow/example_dags/example_short_circuit_decorator.py
[2024-05-03T15:40:46.528+0000] {processor.py:840} INFO - DAG(s) 'example_short_circuit_decorator' retrieved from /home/airflow/.local/lib/python3.12/site-packages/airflow/example_dags/example_short_circuit_decorator.py
[2024-05-03T15:40:46.555+0000] {logging_mixin.py:188} INFO - [2024-05-03T15:40:46.555+0000] {dag.py:3096} INFO - Sync 1 DAGs
[2024-05-03T15:40:46.583+0000] {logging_mixin.py:188} INFO - [2024-05-03T15:40:46.583+0000] {dag.py:3954} INFO - Setting next_dagrun for example_short_circuit_decorator to 2024-05-02 00:00:00+00:00, run_after=2024-05-03 00:00:00+00:00
[2024-05-03T15:40:46.610+0000] {processor.py:183} INFO - Processing /home/airflow/.local/lib/python3.12/site-packages/airflow/example_dags/example_short_circuit_decorator.py took 0.105 seconds
[2024-05-03T15:41:18.340+0000] {processor.py:161} INFO - Started process (PID=612) to work on /home/airflow/.local/lib/python3.12/site-packages/airflow/example_dags/example_short_circuit_decorator.py
[2024-05-03T15:41:18.343+0000] {processor.py:830} INFO - Processing file /home/airflow/.local/lib/python3.12/site-packages/airflow/example_dags/example_short_circuit_decorator.py for tasks to queue
[2024-05-03T15:41:18.345+0000] {logging_mixin.py:188} INFO - [2024-05-03T15:41:18.345+0000] {dagbag.py:540} INFO - Filling up the DagBag from /home/airflow/.local/lib/python3.12/site-packages/airflow/example_dags/example_short_circuit_decorator.py
[2024-05-03T15:41:18.364+0000] {processor.py:840} INFO - DAG(s) 'example_short_circuit_decorator' retrieved from /home/airflow/.local/lib/python3.12/site-packages/airflow/example_dags/example_short_circuit_decorator.py
[2024-05-03T15:41:18.418+0000] {logging_mixin.py:188} INFO - [2024-05-03T15:41:18.418+0000] {dag.py:3096} INFO - Sync 1 DAGs
[2024-05-03T15:41:18.471+0000] {logging_mixin.py:188} INFO - [2024-05-03T15:41:18.471+0000] {dag.py:3954} INFO - Setting next_dagrun for example_short_circuit_decorator to 2024-05-02 00:00:00+00:00, run_after=2024-05-03 00:00:00+00:00
[2024-05-03T15:41:18.528+0000] {processor.py:183} INFO - Processing /home/airflow/.local/lib/python3.12/site-packages/airflow/example_dags/example_short_circuit_decorator.py took 0.206 seconds
[2024-05-03T15:41:50.454+0000] {processor.py:161} INFO - Started process (PID=680) to work on /home/airflow/.local/lib/python3.12/site-packages/airflow/example_dags/example_short_circuit_decorator.py
[2024-05-03T15:41:50.461+0000] {processor.py:830} INFO - Processing file /home/airflow/.local/lib/python3.12/site-packages/airflow/example_dags/example_short_circuit_decorator.py for tasks to queue
[2024-05-03T15:41:50.470+0000] {logging_mixin.py:188} INFO - [2024-05-03T15:41:50.470+0000] {dagbag.py:540} INFO - Filling up the DagBag from /home/airflow/.local/lib/python3.12/site-packages/airflow/example_dags/example_short_circuit_decorator.py
[2024-05-03T15:41:50.533+0000] {processor.py:840} INFO - DAG(s) 'example_short_circuit_decorator' retrieved from /home/airflow/.local/lib/python3.12/site-packages/airflow/example_dags/example_short_circuit_decorator.py
[2024-05-03T15:41:50.702+0000] {logging_mixin.py:188} INFO - [2024-05-03T15:41:50.678+0000] {dag.py:3096} INFO - Sync 1 DAGs
[2024-05-03T15:41:50.803+0000] {logging_mixin.py:188} INFO - [2024-05-03T15:41:50.802+0000] {dag.py:3954} INFO - Setting next_dagrun for example_short_circuit_decorator to 2024-05-02 00:00:00+00:00, run_after=2024-05-03 00:00:00+00:00
[2024-05-03T15:41:50.877+0000] {processor.py:183} INFO - Processing /home/airflow/.local/lib/python3.12/site-packages/airflow/example_dags/example_short_circuit_decorator.py took 0.455 seconds
[2024-05-03T15:42:21.003+0000] {processor.py:161} INFO - Started process (PID=742) to work on /home/airflow/.local/lib/python3.12/site-packages/airflow/example_dags/example_short_circuit_decorator.py
[2024-05-03T15:42:21.004+0000] {processor.py:830} INFO - Processing file /home/airflow/.local/lib/python3.12/site-packages/airflow/example_dags/example_short_circuit_decorator.py for tasks to queue
[2024-05-03T15:42:21.005+0000] {logging_mixin.py:188} INFO - [2024-05-03T15:42:21.005+0000] {dagbag.py:540} INFO - Filling up the DagBag from /home/airflow/.local/lib/python3.12/site-packages/airflow/example_dags/example_short_circuit_decorator.py
[2024-05-03T15:42:21.012+0000] {processor.py:840} INFO - DAG(s) 'example_short_circuit_decorator' retrieved from /home/airflow/.local/lib/python3.12/site-packages/airflow/example_dags/example_short_circuit_decorator.py
[2024-05-03T15:42:21.032+0000] {logging_mixin.py:188} INFO - [2024-05-03T15:42:21.032+0000] {dag.py:3096} INFO - Sync 1 DAGs
[2024-05-03T15:42:21.050+0000] {logging_mixin.py:188} INFO - [2024-05-03T15:42:21.049+0000] {dag.py:3954} INFO - Setting next_dagrun for example_short_circuit_decorator to 2024-05-02 00:00:00+00:00, run_after=2024-05-03 00:00:00+00:00
[2024-05-03T15:42:21.069+0000] {processor.py:183} INFO - Processing /home/airflow/.local/lib/python3.12/site-packages/airflow/example_dags/example_short_circuit_decorator.py took 0.071 seconds
[2024-05-03T15:42:51.339+0000] {processor.py:161} INFO - Started process (PID=802) to work on /home/airflow/.local/lib/python3.12/site-packages/airflow/example_dags/example_short_circuit_decorator.py
[2024-05-03T15:42:51.340+0000] {processor.py:830} INFO - Processing file /home/airflow/.local/lib/python3.12/site-packages/airflow/example_dags/example_short_circuit_decorator.py for tasks to queue
[2024-05-03T15:42:51.342+0000] {logging_mixin.py:188} INFO - [2024-05-03T15:42:51.342+0000] {dagbag.py:540} INFO - Filling up the DagBag from /home/airflow/.local/lib/python3.12/site-packages/airflow/example_dags/example_short_circuit_decorator.py
[2024-05-03T15:42:51.354+0000] {processor.py:840} INFO - DAG(s) 'example_short_circuit_decorator' retrieved from /home/airflow/.local/lib/python3.12/site-packages/airflow/example_dags/example_short_circuit_decorator.py
[2024-05-03T15:42:51.384+0000] {logging_mixin.py:188} INFO - [2024-05-03T15:42:51.383+0000] {dag.py:3096} INFO - Sync 1 DAGs
[2024-05-03T15:42:51.411+0000] {logging_mixin.py:188} INFO - [2024-05-03T15:42:51.411+0000] {dag.py:3954} INFO - Setting next_dagrun for example_short_circuit_decorator to 2024-05-02 00:00:00+00:00, run_after=2024-05-03 00:00:00+00:00
[2024-05-03T15:42:51.437+0000] {processor.py:183} INFO - Processing /home/airflow/.local/lib/python3.12/site-packages/airflow/example_dags/example_short_circuit_decorator.py took 0.105 seconds
[2024-05-03T15:43:22.042+0000] {processor.py:161} INFO - Started process (PID=863) to work on /home/airflow/.local/lib/python3.12/site-packages/airflow/example_dags/example_short_circuit_decorator.py
[2024-05-03T15:43:22.043+0000] {processor.py:830} INFO - Processing file /home/airflow/.local/lib/python3.12/site-packages/airflow/example_dags/example_short_circuit_decorator.py for tasks to queue
[2024-05-03T15:43:22.045+0000] {logging_mixin.py:188} INFO - [2024-05-03T15:43:22.045+0000] {dagbag.py:540} INFO - Filling up the DagBag from /home/airflow/.local/lib/python3.12/site-packages/airflow/example_dags/example_short_circuit_decorator.py
[2024-05-03T15:43:22.056+0000] {processor.py:840} INFO - DAG(s) 'example_short_circuit_decorator' retrieved from /home/airflow/.local/lib/python3.12/site-packages/airflow/example_dags/example_short_circuit_decorator.py
[2024-05-03T15:43:22.086+0000] {logging_mixin.py:188} INFO - [2024-05-03T15:43:22.085+0000] {dag.py:3096} INFO - Sync 1 DAGs
[2024-05-03T15:43:22.110+0000] {logging_mixin.py:188} INFO - [2024-05-03T15:43:22.110+0000] {dag.py:3954} INFO - Setting next_dagrun for example_short_circuit_decorator to 2024-05-02 00:00:00+00:00, run_after=2024-05-03 00:00:00+00:00
[2024-05-03T15:43:22.132+0000] {processor.py:183} INFO - Processing /home/airflow/.local/lib/python3.12/site-packages/airflow/example_dags/example_short_circuit_decorator.py took 0.096 seconds
[2024-05-03T15:43:52.350+0000] {processor.py:161} INFO - Started process (PID=924) to work on /home/airflow/.local/lib/python3.12/site-packages/airflow/example_dags/example_short_circuit_decorator.py
[2024-05-03T15:43:52.350+0000] {processor.py:830} INFO - Processing file /home/airflow/.local/lib/python3.12/site-packages/airflow/example_dags/example_short_circuit_decorator.py for tasks to queue
[2024-05-03T15:43:52.352+0000] {logging_mixin.py:188} INFO - [2024-05-03T15:43:52.352+0000] {dagbag.py:540} INFO - Filling up the DagBag from /home/airflow/.local/lib/python3.12/site-packages/airflow/example_dags/example_short_circuit_decorator.py
[2024-05-03T15:43:52.363+0000] {processor.py:840} INFO - DAG(s) 'example_short_circuit_decorator' retrieved from /home/airflow/.local/lib/python3.12/site-packages/airflow/example_dags/example_short_circuit_decorator.py
[2024-05-03T15:43:52.393+0000] {logging_mixin.py:188} INFO - [2024-05-03T15:43:52.393+0000] {dag.py:3096} INFO - Sync 1 DAGs
[2024-05-03T15:43:52.422+0000] {logging_mixin.py:188} INFO - [2024-05-03T15:43:52.422+0000] {dag.py:3954} INFO - Setting next_dagrun for example_short_circuit_decorator to 2024-05-02 00:00:00+00:00, run_after=2024-05-03 00:00:00+00:00
[2024-05-03T15:43:52.445+0000] {processor.py:183} INFO - Processing /home/airflow/.local/lib/python3.12/site-packages/airflow/example_dags/example_short_circuit_decorator.py took 0.102 seconds
[2024-05-03T15:44:22.588+0000] {processor.py:161} INFO - Started process (PID=987) to work on /home/airflow/.local/lib/python3.12/site-packages/airflow/example_dags/example_short_circuit_decorator.py
[2024-05-03T15:44:22.589+0000] {processor.py:830} INFO - Processing file /home/airflow/.local/lib/python3.12/site-packages/airflow/example_dags/example_short_circuit_decorator.py for tasks to queue
[2024-05-03T15:44:22.591+0000] {logging_mixin.py:188} INFO - [2024-05-03T15:44:22.590+0000] {dagbag.py:540} INFO - Filling up the DagBag from /home/airflow/.local/lib/python3.12/site-packages/airflow/example_dags/example_short_circuit_decorator.py
[2024-05-03T15:44:22.598+0000] {processor.py:840} INFO - DAG(s) 'example_short_circuit_decorator' retrieved from /home/airflow/.local/lib/python3.12/site-packages/airflow/example_dags/example_short_circuit_decorator.py
[2024-05-03T15:44:22.618+0000] {logging_mixin.py:188} INFO - [2024-05-03T15:44:22.618+0000] {dag.py:3096} INFO - Sync 1 DAGs
[2024-05-03T15:44:22.641+0000] {logging_mixin.py:188} INFO - [2024-05-03T15:44:22.641+0000] {dag.py:3954} INFO - Setting next_dagrun for example_short_circuit_decorator to 2024-05-02 00:00:00+00:00, run_after=2024-05-03 00:00:00+00:00
[2024-05-03T15:44:22.673+0000] {processor.py:183} INFO - Processing /home/airflow/.local/lib/python3.12/site-packages/airflow/example_dags/example_short_circuit_decorator.py took 0.089 seconds
[2024-05-03T15:44:54.452+0000] {processor.py:161} INFO - Started process (PID=1047) to work on /home/airflow/.local/lib/python3.12/site-packages/airflow/example_dags/example_short_circuit_decorator.py
[2024-05-03T15:44:54.453+0000] {processor.py:830} INFO - Processing file /home/airflow/.local/lib/python3.12/site-packages/airflow/example_dags/example_short_circuit_decorator.py for tasks to queue
[2024-05-03T15:44:54.464+0000] {logging_mixin.py:188} INFO - [2024-05-03T15:44:54.463+0000] {dagbag.py:540} INFO - Filling up the DagBag from /home/airflow/.local/lib/python3.12/site-packages/airflow/example_dags/example_short_circuit_decorator.py
[2024-05-03T15:44:54.489+0000] {processor.py:840} INFO - DAG(s) 'example_short_circuit_decorator' retrieved from /home/airflow/.local/lib/python3.12/site-packages/airflow/example_dags/example_short_circuit_decorator.py
[2024-05-03T15:44:54.531+0000] {logging_mixin.py:188} INFO - [2024-05-03T15:44:54.531+0000] {dag.py:3096} INFO - Sync 1 DAGs
[2024-05-03T15:44:54.604+0000] {logging_mixin.py:188} INFO - [2024-05-03T15:44:54.603+0000] {dag.py:3954} INFO - Setting next_dagrun for example_short_circuit_decorator to 2024-05-02 00:00:00+00:00, run_after=2024-05-03 00:00:00+00:00
[2024-05-03T15:44:54.641+0000] {processor.py:183} INFO - Processing /home/airflow/.local/lib/python3.12/site-packages/airflow/example_dags/example_short_circuit_decorator.py took 0.202 seconds
[2024-05-03T15:45:25.150+0000] {processor.py:161} INFO - Started process (PID=1108) to work on /home/airflow/.local/lib/python3.12/site-packages/airflow/example_dags/example_short_circuit_decorator.py
[2024-05-03T15:45:25.152+0000] {processor.py:830} INFO - Processing file /home/airflow/.local/lib/python3.12/site-packages/airflow/example_dags/example_short_circuit_decorator.py for tasks to queue
[2024-05-03T15:45:25.154+0000] {logging_mixin.py:188} INFO - [2024-05-03T15:45:25.154+0000] {dagbag.py:540} INFO - Filling up the DagBag from /home/airflow/.local/lib/python3.12/site-packages/airflow/example_dags/example_short_circuit_decorator.py
[2024-05-03T15:45:25.177+0000] {processor.py:840} INFO - DAG(s) 'example_short_circuit_decorator' retrieved from /home/airflow/.local/lib/python3.12/site-packages/airflow/example_dags/example_short_circuit_decorator.py
[2024-05-03T15:45:25.249+0000] {logging_mixin.py:188} INFO - [2024-05-03T15:45:25.248+0000] {dag.py:3096} INFO - Sync 1 DAGs
[2024-05-03T15:45:25.308+0000] {logging_mixin.py:188} INFO - [2024-05-03T15:45:25.308+0000] {dag.py:3954} INFO - Setting next_dagrun for example_short_circuit_decorator to 2024-05-02 00:00:00+00:00, run_after=2024-05-03 00:00:00+00:00
[2024-05-03T15:45:25.363+0000] {processor.py:183} INFO - Processing /home/airflow/.local/lib/python3.12/site-packages/airflow/example_dags/example_short_circuit_decorator.py took 0.221 seconds
[2024-05-03T15:45:55.990+0000] {processor.py:161} INFO - Started process (PID=1169) to work on /home/airflow/.local/lib/python3.12/site-packages/airflow/example_dags/example_short_circuit_decorator.py
[2024-05-03T15:45:55.992+0000] {processor.py:830} INFO - Processing file /home/airflow/.local/lib/python3.12/site-packages/airflow/example_dags/example_short_circuit_decorator.py for tasks to queue
[2024-05-03T15:45:55.995+0000] {logging_mixin.py:188} INFO - [2024-05-03T15:45:55.994+0000] {dagbag.py:540} INFO - Filling up the DagBag from /home/airflow/.local/lib/python3.12/site-packages/airflow/example_dags/example_short_circuit_decorator.py
[2024-05-03T15:45:56.007+0000] {processor.py:840} INFO - DAG(s) 'example_short_circuit_decorator' retrieved from /home/airflow/.local/lib/python3.12/site-packages/airflow/example_dags/example_short_circuit_decorator.py
[2024-05-03T15:45:56.041+0000] {logging_mixin.py:188} INFO - [2024-05-03T15:45:56.041+0000] {dag.py:3096} INFO - Sync 1 DAGs
[2024-05-03T15:45:56.107+0000] {logging_mixin.py:188} INFO - [2024-05-03T15:45:56.106+0000] {dag.py:3954} INFO - Setting next_dagrun for example_short_circuit_decorator to 2024-05-02 00:00:00+00:00, run_after=2024-05-03 00:00:00+00:00
[2024-05-03T15:45:56.136+0000] {processor.py:183} INFO - Processing /home/airflow/.local/lib/python3.12/site-packages/airflow/example_dags/example_short_circuit_decorator.py took 0.154 seconds
[2024-05-03T15:46:26.471+0000] {processor.py:161} INFO - Started process (PID=1230) to work on /home/airflow/.local/lib/python3.12/site-packages/airflow/example_dags/example_short_circuit_decorator.py
[2024-05-03T15:46:26.471+0000] {processor.py:830} INFO - Processing file /home/airflow/.local/lib/python3.12/site-packages/airflow/example_dags/example_short_circuit_decorator.py for tasks to queue
[2024-05-03T15:46:26.473+0000] {logging_mixin.py:188} INFO - [2024-05-03T15:46:26.473+0000] {dagbag.py:540} INFO - Filling up the DagBag from /home/airflow/.local/lib/python3.12/site-packages/airflow/example_dags/example_short_circuit_decorator.py
[2024-05-03T15:46:26.481+0000] {processor.py:840} INFO - DAG(s) 'example_short_circuit_decorator' retrieved from /home/airflow/.local/lib/python3.12/site-packages/airflow/example_dags/example_short_circuit_decorator.py
[2024-05-03T15:46:26.503+0000] {logging_mixin.py:188} INFO - [2024-05-03T15:46:26.503+0000] {dag.py:3096} INFO - Sync 1 DAGs
[2024-05-03T15:46:26.522+0000] {logging_mixin.py:188} INFO - [2024-05-03T15:46:26.522+0000] {dag.py:3954} INFO - Setting next_dagrun for example_short_circuit_decorator to 2024-05-02 00:00:00+00:00, run_after=2024-05-03 00:00:00+00:00
[2024-05-03T15:46:26.546+0000] {processor.py:183} INFO - Processing /home/airflow/.local/lib/python3.12/site-packages/airflow/example_dags/example_short_circuit_decorator.py took 0.082 seconds
