[2024-05-03T15:36:33.319+0000] {processor.py:161} INFO - Started process (PID=51) to work on /home/airflow/.local/lib/python3.12/site-packages/airflow/example_dags/tutorial_dag.py
[2024-05-03T15:36:33.330+0000] {processor.py:830} INFO - Processing file /home/airflow/.local/lib/python3.12/site-packages/airflow/example_dags/tutorial_dag.py for tasks to queue
[2024-05-03T15:36:33.332+0000] {logging_mixin.py:188} INFO - [2024-05-03T15:36:33.331+0000] {dagbag.py:540} INFO - Filling up the DagBag from /home/airflow/.local/lib/python3.12/site-packages/airflow/example_dags/tutorial_dag.py
[2024-05-03T15:36:33.343+0000] {processor.py:840} INFO - DAG(s) 'tutorial_dag' retrieved from /home/airflow/.local/lib/python3.12/site-packages/airflow/example_dags/tutorial_dag.py
[2024-05-03T15:36:33.446+0000] {logging_mixin.py:188} INFO - [2024-05-03T15:36:33.446+0000] {dag.py:3096} INFO - Sync 1 DAGs
[2024-05-03T15:36:33.492+0000] {logging_mixin.py:188} INFO - [2024-05-03T15:36:33.491+0000] {dag.py:3954} INFO - Setting next_dagrun for tutorial_dag to None, run_after=None
[2024-05-03T15:36:33.588+0000] {processor.py:183} INFO - Processing /home/airflow/.local/lib/python3.12/site-packages/airflow/example_dags/tutorial_dag.py took 0.282 seconds
[2024-05-03T15:37:04.708+0000] {processor.py:161} INFO - Started process (PID=112) to work on /home/airflow/.local/lib/python3.12/site-packages/airflow/example_dags/tutorial_dag.py
[2024-05-03T15:37:04.732+0000] {processor.py:830} INFO - Processing file /home/airflow/.local/lib/python3.12/site-packages/airflow/example_dags/tutorial_dag.py for tasks to queue
[2024-05-03T15:37:04.748+0000] {logging_mixin.py:188} INFO - [2024-05-03T15:37:04.748+0000] {dagbag.py:540} INFO - Filling up the DagBag from /home/airflow/.local/lib/python3.12/site-packages/airflow/example_dags/tutorial_dag.py
[2024-05-03T15:37:04.824+0000] {processor.py:840} INFO - DAG(s) 'tutorial_dag' retrieved from /home/airflow/.local/lib/python3.12/site-packages/airflow/example_dags/tutorial_dag.py
[2024-05-03T15:37:04.987+0000] {logging_mixin.py:188} INFO - [2024-05-03T15:37:04.986+0000] {dag.py:3096} INFO - Sync 1 DAGs
[2024-05-03T15:37:05.068+0000] {logging_mixin.py:188} INFO - [2024-05-03T15:37:05.063+0000] {dag.py:3954} INFO - Setting next_dagrun for tutorial_dag to None, run_after=None
[2024-05-03T15:37:05.118+0000] {processor.py:183} INFO - Processing /home/airflow/.local/lib/python3.12/site-packages/airflow/example_dags/tutorial_dag.py took 0.461 seconds
[2024-05-03T15:37:39.453+0000] {processor.py:161} INFO - Started process (PID=173) to work on /home/airflow/.local/lib/python3.12/site-packages/airflow/example_dags/tutorial_dag.py
[2024-05-03T15:37:39.459+0000] {processor.py:830} INFO - Processing file /home/airflow/.local/lib/python3.12/site-packages/airflow/example_dags/tutorial_dag.py for tasks to queue
[2024-05-03T15:37:39.472+0000] {logging_mixin.py:188} INFO - [2024-05-03T15:37:39.472+0000] {dagbag.py:540} INFO - Filling up the DagBag from /home/airflow/.local/lib/python3.12/site-packages/airflow/example_dags/tutorial_dag.py
[2024-05-03T15:37:39.497+0000] {processor.py:840} INFO - DAG(s) 'tutorial_dag' retrieved from /home/airflow/.local/lib/python3.12/site-packages/airflow/example_dags/tutorial_dag.py
[2024-05-03T15:37:39.616+0000] {logging_mixin.py:188} INFO - [2024-05-03T15:37:39.615+0000] {dag.py:3096} INFO - Sync 1 DAGs
[2024-05-03T15:37:39.655+0000] {logging_mixin.py:188} INFO - [2024-05-03T15:37:39.653+0000] {dag.py:3954} INFO - Setting next_dagrun for tutorial_dag to None, run_after=None
[2024-05-03T15:37:39.762+0000] {processor.py:183} INFO - Processing /home/airflow/.local/lib/python3.12/site-packages/airflow/example_dags/tutorial_dag.py took 0.344 seconds
[2024-05-03T15:38:10.752+0000] {processor.py:161} INFO - Started process (PID=233) to work on /home/airflow/.local/lib/python3.12/site-packages/airflow/example_dags/tutorial_dag.py
[2024-05-03T15:38:10.753+0000] {processor.py:830} INFO - Processing file /home/airflow/.local/lib/python3.12/site-packages/airflow/example_dags/tutorial_dag.py for tasks to queue
[2024-05-03T15:38:10.754+0000] {logging_mixin.py:188} INFO - [2024-05-03T15:38:10.754+0000] {dagbag.py:540} INFO - Filling up the DagBag from /home/airflow/.local/lib/python3.12/site-packages/airflow/example_dags/tutorial_dag.py
[2024-05-03T15:38:10.760+0000] {processor.py:840} INFO - DAG(s) 'tutorial_dag' retrieved from /home/airflow/.local/lib/python3.12/site-packages/airflow/example_dags/tutorial_dag.py
[2024-05-03T15:38:10.781+0000] {logging_mixin.py:188} INFO - [2024-05-03T15:38:10.781+0000] {dag.py:3096} INFO - Sync 1 DAGs
[2024-05-03T15:38:10.797+0000] {logging_mixin.py:188} INFO - [2024-05-03T15:38:10.797+0000] {dag.py:3954} INFO - Setting next_dagrun for tutorial_dag to None, run_after=None
[2024-05-03T15:38:10.823+0000] {processor.py:183} INFO - Processing /home/airflow/.local/lib/python3.12/site-packages/airflow/example_dags/tutorial_dag.py took 0.077 seconds
[2024-05-03T15:38:41.696+0000] {processor.py:161} INFO - Started process (PID=294) to work on /home/airflow/.local/lib/python3.12/site-packages/airflow/example_dags/tutorial_dag.py
[2024-05-03T15:38:41.697+0000] {processor.py:830} INFO - Processing file /home/airflow/.local/lib/python3.12/site-packages/airflow/example_dags/tutorial_dag.py for tasks to queue
[2024-05-03T15:38:41.699+0000] {logging_mixin.py:188} INFO - [2024-05-03T15:38:41.698+0000] {dagbag.py:540} INFO - Filling up the DagBag from /home/airflow/.local/lib/python3.12/site-packages/airflow/example_dags/tutorial_dag.py
[2024-05-03T15:38:41.705+0000] {processor.py:840} INFO - DAG(s) 'tutorial_dag' retrieved from /home/airflow/.local/lib/python3.12/site-packages/airflow/example_dags/tutorial_dag.py
[2024-05-03T15:38:41.728+0000] {logging_mixin.py:188} INFO - [2024-05-03T15:38:41.727+0000] {dag.py:3096} INFO - Sync 1 DAGs
[2024-05-03T15:38:41.743+0000] {logging_mixin.py:188} INFO - [2024-05-03T15:38:41.743+0000] {dag.py:3954} INFO - Setting next_dagrun for tutorial_dag to None, run_after=None
[2024-05-03T15:38:41.767+0000] {processor.py:183} INFO - Processing /home/airflow/.local/lib/python3.12/site-packages/airflow/example_dags/tutorial_dag.py took 0.078 seconds
[2024-05-03T15:39:12.307+0000] {processor.py:161} INFO - Started process (PID=356) to work on /home/airflow/.local/lib/python3.12/site-packages/airflow/example_dags/tutorial_dag.py
[2024-05-03T15:39:12.308+0000] {processor.py:830} INFO - Processing file /home/airflow/.local/lib/python3.12/site-packages/airflow/example_dags/tutorial_dag.py for tasks to queue
[2024-05-03T15:39:12.309+0000] {logging_mixin.py:188} INFO - [2024-05-03T15:39:12.309+0000] {dagbag.py:540} INFO - Filling up the DagBag from /home/airflow/.local/lib/python3.12/site-packages/airflow/example_dags/tutorial_dag.py
[2024-05-03T15:39:12.315+0000] {processor.py:840} INFO - DAG(s) 'tutorial_dag' retrieved from /home/airflow/.local/lib/python3.12/site-packages/airflow/example_dags/tutorial_dag.py
[2024-05-03T15:39:12.353+0000] {logging_mixin.py:188} INFO - [2024-05-03T15:39:12.352+0000] {dag.py:3096} INFO - Sync 1 DAGs
[2024-05-03T15:39:12.374+0000] {logging_mixin.py:188} INFO - [2024-05-03T15:39:12.374+0000] {dag.py:3954} INFO - Setting next_dagrun for tutorial_dag to None, run_after=None
[2024-05-03T15:39:12.403+0000] {processor.py:183} INFO - Processing /home/airflow/.local/lib/python3.12/site-packages/airflow/example_dags/tutorial_dag.py took 0.102 seconds
[2024-05-03T15:39:43.124+0000] {processor.py:161} INFO - Started process (PID=417) to work on /home/airflow/.local/lib/python3.12/site-packages/airflow/example_dags/tutorial_dag.py
[2024-05-03T15:39:43.126+0000] {processor.py:830} INFO - Processing file /home/airflow/.local/lib/python3.12/site-packages/airflow/example_dags/tutorial_dag.py for tasks to queue
[2024-05-03T15:39:43.136+0000] {logging_mixin.py:188} INFO - [2024-05-03T15:39:43.135+0000] {dagbag.py:540} INFO - Filling up the DagBag from /home/airflow/.local/lib/python3.12/site-packages/airflow/example_dags/tutorial_dag.py
[2024-05-03T15:39:43.149+0000] {processor.py:840} INFO - DAG(s) 'tutorial_dag' retrieved from /home/airflow/.local/lib/python3.12/site-packages/airflow/example_dags/tutorial_dag.py
[2024-05-03T15:39:43.196+0000] {logging_mixin.py:188} INFO - [2024-05-03T15:39:43.195+0000] {dag.py:3096} INFO - Sync 1 DAGs
[2024-05-03T15:39:43.227+0000] {logging_mixin.py:188} INFO - [2024-05-03T15:39:43.226+0000] {dag.py:3954} INFO - Setting next_dagrun for tutorial_dag to None, run_after=None
[2024-05-03T15:39:43.266+0000] {processor.py:183} INFO - Processing /home/airflow/.local/lib/python3.12/site-packages/airflow/example_dags/tutorial_dag.py took 0.155 seconds
[2024-05-03T15:40:13.848+0000] {processor.py:161} INFO - Started process (PID=478) to work on /home/airflow/.local/lib/python3.12/site-packages/airflow/example_dags/tutorial_dag.py
[2024-05-03T15:40:13.849+0000] {processor.py:830} INFO - Processing file /home/airflow/.local/lib/python3.12/site-packages/airflow/example_dags/tutorial_dag.py for tasks to queue
[2024-05-03T15:40:13.851+0000] {logging_mixin.py:188} INFO - [2024-05-03T15:40:13.850+0000] {dagbag.py:540} INFO - Filling up the DagBag from /home/airflow/.local/lib/python3.12/site-packages/airflow/example_dags/tutorial_dag.py
[2024-05-03T15:40:13.858+0000] {processor.py:840} INFO - DAG(s) 'tutorial_dag' retrieved from /home/airflow/.local/lib/python3.12/site-packages/airflow/example_dags/tutorial_dag.py
[2024-05-03T15:40:13.878+0000] {logging_mixin.py:188} INFO - [2024-05-03T15:40:13.878+0000] {dag.py:3096} INFO - Sync 1 DAGs
[2024-05-03T15:40:13.894+0000] {logging_mixin.py:188} INFO - [2024-05-03T15:40:13.894+0000] {dag.py:3954} INFO - Setting next_dagrun for tutorial_dag to None, run_after=None
[2024-05-03T15:40:13.942+0000] {processor.py:183} INFO - Processing /home/airflow/.local/lib/python3.12/site-packages/airflow/example_dags/tutorial_dag.py took 0.100 seconds
[2024-05-03T15:40:44.790+0000] {processor.py:161} INFO - Started process (PID=540) to work on /home/airflow/.local/lib/python3.12/site-packages/airflow/example_dags/tutorial_dag.py
[2024-05-03T15:40:44.790+0000] {processor.py:830} INFO - Processing file /home/airflow/.local/lib/python3.12/site-packages/airflow/example_dags/tutorial_dag.py for tasks to queue
[2024-05-03T15:40:44.792+0000] {logging_mixin.py:188} INFO - [2024-05-03T15:40:44.792+0000] {dagbag.py:540} INFO - Filling up the DagBag from /home/airflow/.local/lib/python3.12/site-packages/airflow/example_dags/tutorial_dag.py
[2024-05-03T15:40:44.797+0000] {processor.py:840} INFO - DAG(s) 'tutorial_dag' retrieved from /home/airflow/.local/lib/python3.12/site-packages/airflow/example_dags/tutorial_dag.py
[2024-05-03T15:40:44.820+0000] {logging_mixin.py:188} INFO - [2024-05-03T15:40:44.819+0000] {dag.py:3096} INFO - Sync 1 DAGs
[2024-05-03T15:40:44.836+0000] {logging_mixin.py:188} INFO - [2024-05-03T15:40:44.835+0000] {dag.py:3954} INFO - Setting next_dagrun for tutorial_dag to None, run_after=None
[2024-05-03T15:40:44.860+0000] {processor.py:183} INFO - Processing /home/airflow/.local/lib/python3.12/site-packages/airflow/example_dags/tutorial_dag.py took 0.077 seconds
[2024-05-03T15:41:16.240+0000] {processor.py:161} INFO - Started process (PID=601) to work on /home/airflow/.local/lib/python3.12/site-packages/airflow/example_dags/tutorial_dag.py
[2024-05-03T15:41:16.257+0000] {processor.py:830} INFO - Processing file /home/airflow/.local/lib/python3.12/site-packages/airflow/example_dags/tutorial_dag.py for tasks to queue
[2024-05-03T15:41:16.259+0000] {logging_mixin.py:188} INFO - [2024-05-03T15:41:16.259+0000] {dagbag.py:540} INFO - Filling up the DagBag from /home/airflow/.local/lib/python3.12/site-packages/airflow/example_dags/tutorial_dag.py
[2024-05-03T15:41:16.270+0000] {processor.py:840} INFO - DAG(s) 'tutorial_dag' retrieved from /home/airflow/.local/lib/python3.12/site-packages/airflow/example_dags/tutorial_dag.py
[2024-05-03T15:41:16.311+0000] {logging_mixin.py:188} INFO - [2024-05-03T15:41:16.311+0000] {dag.py:3096} INFO - Sync 1 DAGs
[2024-05-03T15:41:16.342+0000] {logging_mixin.py:188} INFO - [2024-05-03T15:41:16.342+0000] {dag.py:3954} INFO - Setting next_dagrun for tutorial_dag to None, run_after=None
[2024-05-03T15:41:16.391+0000] {processor.py:183} INFO - Processing /home/airflow/.local/lib/python3.12/site-packages/airflow/example_dags/tutorial_dag.py took 0.184 seconds
[2024-05-03T15:41:47.350+0000] {processor.py:161} INFO - Started process (PID=662) to work on /home/airflow/.local/lib/python3.12/site-packages/airflow/example_dags/tutorial_dag.py
[2024-05-03T15:41:47.351+0000] {processor.py:830} INFO - Processing file /home/airflow/.local/lib/python3.12/site-packages/airflow/example_dags/tutorial_dag.py for tasks to queue
[2024-05-03T15:41:47.354+0000] {logging_mixin.py:188} INFO - [2024-05-03T15:41:47.353+0000] {dagbag.py:540} INFO - Filling up the DagBag from /home/airflow/.local/lib/python3.12/site-packages/airflow/example_dags/tutorial_dag.py
[2024-05-03T15:41:47.367+0000] {processor.py:840} INFO - DAG(s) 'tutorial_dag' retrieved from /home/airflow/.local/lib/python3.12/site-packages/airflow/example_dags/tutorial_dag.py
[2024-05-03T15:41:47.420+0000] {logging_mixin.py:188} INFO - [2024-05-03T15:41:47.419+0000] {dag.py:3096} INFO - Sync 1 DAGs
[2024-05-03T15:41:47.453+0000] {logging_mixin.py:188} INFO - [2024-05-03T15:41:47.453+0000] {dag.py:3954} INFO - Setting next_dagrun for tutorial_dag to None, run_after=None
[2024-05-03T15:41:47.519+0000] {processor.py:183} INFO - Processing /home/airflow/.local/lib/python3.12/site-packages/airflow/example_dags/tutorial_dag.py took 0.180 seconds
[2024-05-03T15:42:18.194+0000] {processor.py:161} INFO - Started process (PID=723) to work on /home/airflow/.local/lib/python3.12/site-packages/airflow/example_dags/tutorial_dag.py
[2024-05-03T15:42:18.195+0000] {processor.py:830} INFO - Processing file /home/airflow/.local/lib/python3.12/site-packages/airflow/example_dags/tutorial_dag.py for tasks to queue
[2024-05-03T15:42:18.197+0000] {logging_mixin.py:188} INFO - [2024-05-03T15:42:18.197+0000] {dagbag.py:540} INFO - Filling up the DagBag from /home/airflow/.local/lib/python3.12/site-packages/airflow/example_dags/tutorial_dag.py
[2024-05-03T15:42:18.211+0000] {processor.py:840} INFO - DAG(s) 'tutorial_dag' retrieved from /home/airflow/.local/lib/python3.12/site-packages/airflow/example_dags/tutorial_dag.py
[2024-05-03T15:42:18.237+0000] {logging_mixin.py:188} INFO - [2024-05-03T15:42:18.236+0000] {dag.py:3096} INFO - Sync 1 DAGs
[2024-05-03T15:42:18.253+0000] {logging_mixin.py:188} INFO - [2024-05-03T15:42:18.253+0000] {dag.py:3954} INFO - Setting next_dagrun for tutorial_dag to None, run_after=None
[2024-05-03T15:42:18.280+0000] {processor.py:183} INFO - Processing /home/airflow/.local/lib/python3.12/site-packages/airflow/example_dags/tutorial_dag.py took 0.092 seconds
[2024-05-03T15:42:48.504+0000] {processor.py:161} INFO - Started process (PID=785) to work on /home/airflow/.local/lib/python3.12/site-packages/airflow/example_dags/tutorial_dag.py
[2024-05-03T15:42:48.505+0000] {processor.py:830} INFO - Processing file /home/airflow/.local/lib/python3.12/site-packages/airflow/example_dags/tutorial_dag.py for tasks to queue
[2024-05-03T15:42:48.507+0000] {logging_mixin.py:188} INFO - [2024-05-03T15:42:48.507+0000] {dagbag.py:540} INFO - Filling up the DagBag from /home/airflow/.local/lib/python3.12/site-packages/airflow/example_dags/tutorial_dag.py
[2024-05-03T15:42:48.513+0000] {processor.py:840} INFO - DAG(s) 'tutorial_dag' retrieved from /home/airflow/.local/lib/python3.12/site-packages/airflow/example_dags/tutorial_dag.py
[2024-05-03T15:42:48.536+0000] {logging_mixin.py:188} INFO - [2024-05-03T15:42:48.536+0000] {dag.py:3096} INFO - Sync 1 DAGs
[2024-05-03T15:42:48.552+0000] {logging_mixin.py:188} INFO - [2024-05-03T15:42:48.552+0000] {dag.py:3954} INFO - Setting next_dagrun for tutorial_dag to None, run_after=None
[2024-05-03T15:42:48.577+0000] {processor.py:183} INFO - Processing /home/airflow/.local/lib/python3.12/site-packages/airflow/example_dags/tutorial_dag.py took 0.079 seconds
[2024-05-03T15:43:19.232+0000] {processor.py:161} INFO - Started process (PID=846) to work on /home/airflow/.local/lib/python3.12/site-packages/airflow/example_dags/tutorial_dag.py
[2024-05-03T15:43:19.233+0000] {processor.py:830} INFO - Processing file /home/airflow/.local/lib/python3.12/site-packages/airflow/example_dags/tutorial_dag.py for tasks to queue
[2024-05-03T15:43:19.235+0000] {logging_mixin.py:188} INFO - [2024-05-03T15:43:19.235+0000] {dagbag.py:540} INFO - Filling up the DagBag from /home/airflow/.local/lib/python3.12/site-packages/airflow/example_dags/tutorial_dag.py
[2024-05-03T15:43:19.241+0000] {processor.py:840} INFO - DAG(s) 'tutorial_dag' retrieved from /home/airflow/.local/lib/python3.12/site-packages/airflow/example_dags/tutorial_dag.py
[2024-05-03T15:43:19.269+0000] {logging_mixin.py:188} INFO - [2024-05-03T15:43:19.269+0000] {dag.py:3096} INFO - Sync 1 DAGs
[2024-05-03T15:43:19.286+0000] {logging_mixin.py:188} INFO - [2024-05-03T15:43:19.286+0000] {dag.py:3954} INFO - Setting next_dagrun for tutorial_dag to None, run_after=None
[2024-05-03T15:43:19.316+0000] {processor.py:183} INFO - Processing /home/airflow/.local/lib/python3.12/site-packages/airflow/example_dags/tutorial_dag.py took 0.090 seconds
[2024-05-03T15:43:49.414+0000] {processor.py:161} INFO - Started process (PID=907) to work on /home/airflow/.local/lib/python3.12/site-packages/airflow/example_dags/tutorial_dag.py
[2024-05-03T15:43:49.415+0000] {processor.py:830} INFO - Processing file /home/airflow/.local/lib/python3.12/site-packages/airflow/example_dags/tutorial_dag.py for tasks to queue
[2024-05-03T15:43:49.417+0000] {logging_mixin.py:188} INFO - [2024-05-03T15:43:49.416+0000] {dagbag.py:540} INFO - Filling up the DagBag from /home/airflow/.local/lib/python3.12/site-packages/airflow/example_dags/tutorial_dag.py
[2024-05-03T15:43:49.421+0000] {processor.py:840} INFO - DAG(s) 'tutorial_dag' retrieved from /home/airflow/.local/lib/python3.12/site-packages/airflow/example_dags/tutorial_dag.py
[2024-05-03T15:43:49.437+0000] {logging_mixin.py:188} INFO - [2024-05-03T15:43:49.437+0000] {dag.py:3096} INFO - Sync 1 DAGs
[2024-05-03T15:43:49.447+0000] {logging_mixin.py:188} INFO - [2024-05-03T15:43:49.447+0000] {dag.py:3954} INFO - Setting next_dagrun for tutorial_dag to None, run_after=None
[2024-05-03T15:43:49.467+0000] {processor.py:183} INFO - Processing /home/airflow/.local/lib/python3.12/site-packages/airflow/example_dags/tutorial_dag.py took 0.058 seconds
[2024-05-03T15:44:19.716+0000] {processor.py:161} INFO - Started process (PID=968) to work on /home/airflow/.local/lib/python3.12/site-packages/airflow/example_dags/tutorial_dag.py
[2024-05-03T15:44:19.717+0000] {processor.py:830} INFO - Processing file /home/airflow/.local/lib/python3.12/site-packages/airflow/example_dags/tutorial_dag.py for tasks to queue
[2024-05-03T15:44:19.718+0000] {logging_mixin.py:188} INFO - [2024-05-03T15:44:19.718+0000] {dagbag.py:540} INFO - Filling up the DagBag from /home/airflow/.local/lib/python3.12/site-packages/airflow/example_dags/tutorial_dag.py
[2024-05-03T15:44:19.724+0000] {processor.py:840} INFO - DAG(s) 'tutorial_dag' retrieved from /home/airflow/.local/lib/python3.12/site-packages/airflow/example_dags/tutorial_dag.py
[2024-05-03T15:44:19.749+0000] {logging_mixin.py:188} INFO - [2024-05-03T15:44:19.748+0000] {dag.py:3096} INFO - Sync 1 DAGs
[2024-05-03T15:44:19.764+0000] {logging_mixin.py:188} INFO - [2024-05-03T15:44:19.764+0000] {dag.py:3954} INFO - Setting next_dagrun for tutorial_dag to None, run_after=None
[2024-05-03T15:44:19.793+0000] {processor.py:183} INFO - Processing /home/airflow/.local/lib/python3.12/site-packages/airflow/example_dags/tutorial_dag.py took 0.084 seconds
[2024-05-03T15:44:51.759+0000] {processor.py:161} INFO - Started process (PID=1036) to work on /home/airflow/.local/lib/python3.12/site-packages/airflow/example_dags/tutorial_dag.py
[2024-05-03T15:44:51.766+0000] {processor.py:830} INFO - Processing file /home/airflow/.local/lib/python3.12/site-packages/airflow/example_dags/tutorial_dag.py for tasks to queue
[2024-05-03T15:44:51.768+0000] {logging_mixin.py:188} INFO - [2024-05-03T15:44:51.768+0000] {dagbag.py:540} INFO - Filling up the DagBag from /home/airflow/.local/lib/python3.12/site-packages/airflow/example_dags/tutorial_dag.py
[2024-05-03T15:44:51.792+0000] {processor.py:840} INFO - DAG(s) 'tutorial_dag' retrieved from /home/airflow/.local/lib/python3.12/site-packages/airflow/example_dags/tutorial_dag.py
[2024-05-03T15:44:51.873+0000] {logging_mixin.py:188} INFO - [2024-05-03T15:44:51.872+0000] {dag.py:3096} INFO - Sync 1 DAGs
[2024-05-03T15:44:51.903+0000] {logging_mixin.py:188} INFO - [2024-05-03T15:44:51.902+0000] {dag.py:3954} INFO - Setting next_dagrun for tutorial_dag to None, run_after=None
[2024-05-03T15:44:51.945+0000] {processor.py:183} INFO - Processing /home/airflow/.local/lib/python3.12/site-packages/airflow/example_dags/tutorial_dag.py took 0.208 seconds
[2024-05-03T15:45:22.021+0000] {processor.py:161} INFO - Started process (PID=1097) to work on /home/airflow/.local/lib/python3.12/site-packages/airflow/example_dags/tutorial_dag.py
[2024-05-03T15:45:22.022+0000] {processor.py:830} INFO - Processing file /home/airflow/.local/lib/python3.12/site-packages/airflow/example_dags/tutorial_dag.py for tasks to queue
[2024-05-03T15:45:22.024+0000] {logging_mixin.py:188} INFO - [2024-05-03T15:45:22.024+0000] {dagbag.py:540} INFO - Filling up the DagBag from /home/airflow/.local/lib/python3.12/site-packages/airflow/example_dags/tutorial_dag.py
[2024-05-03T15:45:22.031+0000] {processor.py:840} INFO - DAG(s) 'tutorial_dag' retrieved from /home/airflow/.local/lib/python3.12/site-packages/airflow/example_dags/tutorial_dag.py
[2024-05-03T15:45:22.056+0000] {logging_mixin.py:188} INFO - [2024-05-03T15:45:22.055+0000] {dag.py:3096} INFO - Sync 1 DAGs
[2024-05-03T15:45:22.071+0000] {logging_mixin.py:188} INFO - [2024-05-03T15:45:22.071+0000] {dag.py:3954} INFO - Setting next_dagrun for tutorial_dag to None, run_after=None
[2024-05-03T15:45:22.102+0000] {processor.py:183} INFO - Processing /home/airflow/.local/lib/python3.12/site-packages/airflow/example_dags/tutorial_dag.py took 0.091 seconds
[2024-05-03T15:45:52.611+0000] {processor.py:161} INFO - Started process (PID=1158) to work on /home/airflow/.local/lib/python3.12/site-packages/airflow/example_dags/tutorial_dag.py
[2024-05-03T15:45:52.613+0000] {processor.py:830} INFO - Processing file /home/airflow/.local/lib/python3.12/site-packages/airflow/example_dags/tutorial_dag.py for tasks to queue
[2024-05-03T15:45:52.614+0000] {logging_mixin.py:188} INFO - [2024-05-03T15:45:52.614+0000] {dagbag.py:540} INFO - Filling up the DagBag from /home/airflow/.local/lib/python3.12/site-packages/airflow/example_dags/tutorial_dag.py
[2024-05-03T15:45:52.619+0000] {processor.py:840} INFO - DAG(s) 'tutorial_dag' retrieved from /home/airflow/.local/lib/python3.12/site-packages/airflow/example_dags/tutorial_dag.py
[2024-05-03T15:45:52.642+0000] {logging_mixin.py:188} INFO - [2024-05-03T15:45:52.641+0000] {dag.py:3096} INFO - Sync 1 DAGs
[2024-05-03T15:45:52.653+0000] {logging_mixin.py:188} INFO - [2024-05-03T15:45:52.653+0000] {dag.py:3954} INFO - Setting next_dagrun for tutorial_dag to None, run_after=None
[2024-05-03T15:45:52.673+0000] {processor.py:183} INFO - Processing /home/airflow/.local/lib/python3.12/site-packages/airflow/example_dags/tutorial_dag.py took 0.068 seconds
