[2024-05-03T15:36:37.662+0000] {processor.py:161} INFO - Started process (PID=75) to work on /home/airflow/.local/lib/python3.12/site-packages/airflow/example_dags/tutorial.py
[2024-05-03T15:36:37.666+0000] {processor.py:830} INFO - Processing file /home/airflow/.local/lib/python3.12/site-packages/airflow/example_dags/tutorial.py for tasks to queue
[2024-05-03T15:36:37.670+0000] {logging_mixin.py:188} INFO - [2024-05-03T15:36:37.670+0000] {dagbag.py:540} INFO - Filling up the DagBag from /home/airflow/.local/lib/python3.12/site-packages/airflow/example_dags/tutorial.py
[2024-05-03T15:36:37.687+0000] {processor.py:840} INFO - DAG(s) 'tutorial' retrieved from /home/airflow/.local/lib/python3.12/site-packages/airflow/example_dags/tutorial.py
[2024-05-03T15:36:37.730+0000] {logging_mixin.py:188} INFO - [2024-05-03T15:36:37.730+0000] {dag.py:3096} INFO - Sync 1 DAGs
[2024-05-03T15:36:37.768+0000] {logging_mixin.py:188} INFO - [2024-05-03T15:36:37.768+0000] {dag.py:3954} INFO - Setting next_dagrun for tutorial to 2024-05-02 00:00:00+00:00, run_after=2024-05-03 00:00:00+00:00
[2024-05-03T15:36:37.810+0000] {processor.py:183} INFO - Processing /home/airflow/.local/lib/python3.12/site-packages/airflow/example_dags/tutorial.py took 0.171 seconds
[2024-05-03T15:37:10.980+0000] {processor.py:161} INFO - Started process (PID=136) to work on /home/airflow/.local/lib/python3.12/site-packages/airflow/example_dags/tutorial.py
[2024-05-03T15:37:10.982+0000] {processor.py:830} INFO - Processing file /home/airflow/.local/lib/python3.12/site-packages/airflow/example_dags/tutorial.py for tasks to queue
[2024-05-03T15:37:10.983+0000] {logging_mixin.py:188} INFO - [2024-05-03T15:37:10.983+0000] {dagbag.py:540} INFO - Filling up the DagBag from /home/airflow/.local/lib/python3.12/site-packages/airflow/example_dags/tutorial.py
[2024-05-03T15:37:11.005+0000] {processor.py:840} INFO - DAG(s) 'tutorial' retrieved from /home/airflow/.local/lib/python3.12/site-packages/airflow/example_dags/tutorial.py
[2024-05-03T15:37:11.070+0000] {logging_mixin.py:188} INFO - [2024-05-03T15:37:11.070+0000] {dag.py:3096} INFO - Sync 1 DAGs
[2024-05-03T15:37:11.101+0000] {logging_mixin.py:188} INFO - [2024-05-03T15:37:11.101+0000] {dag.py:3954} INFO - Setting next_dagrun for tutorial to 2024-05-02 00:00:00+00:00, run_after=2024-05-03 00:00:00+00:00
[2024-05-03T15:37:11.145+0000] {processor.py:183} INFO - Processing /home/airflow/.local/lib/python3.12/site-packages/airflow/example_dags/tutorial.py took 0.208 seconds
[2024-05-03T15:37:45.868+0000] {processor.py:161} INFO - Started process (PID=197) to work on /home/airflow/.local/lib/python3.12/site-packages/airflow/example_dags/tutorial.py
[2024-05-03T15:37:45.880+0000] {processor.py:830} INFO - Processing file /home/airflow/.local/lib/python3.12/site-packages/airflow/example_dags/tutorial.py for tasks to queue
[2024-05-03T15:37:45.891+0000] {logging_mixin.py:188} INFO - [2024-05-03T15:37:45.891+0000] {dagbag.py:540} INFO - Filling up the DagBag from /home/airflow/.local/lib/python3.12/site-packages/airflow/example_dags/tutorial.py
[2024-05-03T15:37:45.930+0000] {processor.py:840} INFO - DAG(s) 'tutorial' retrieved from /home/airflow/.local/lib/python3.12/site-packages/airflow/example_dags/tutorial.py
[2024-05-03T15:37:46.107+0000] {logging_mixin.py:188} INFO - [2024-05-03T15:37:46.107+0000] {dag.py:3096} INFO - Sync 1 DAGs
[2024-05-03T15:37:46.306+0000] {logging_mixin.py:188} INFO - [2024-05-03T15:37:46.306+0000] {dag.py:3954} INFO - Setting next_dagrun for tutorial to 2024-05-02 00:00:00+00:00, run_after=2024-05-03 00:00:00+00:00
[2024-05-03T15:37:46.516+0000] {processor.py:183} INFO - Processing /home/airflow/.local/lib/python3.12/site-packages/airflow/example_dags/tutorial.py took 0.683 seconds
[2024-05-03T15:38:17.380+0000] {processor.py:161} INFO - Started process (PID=257) to work on /home/airflow/.local/lib/python3.12/site-packages/airflow/example_dags/tutorial.py
[2024-05-03T15:38:17.380+0000] {processor.py:830} INFO - Processing file /home/airflow/.local/lib/python3.12/site-packages/airflow/example_dags/tutorial.py for tasks to queue
[2024-05-03T15:38:17.382+0000] {logging_mixin.py:188} INFO - [2024-05-03T15:38:17.382+0000] {dagbag.py:540} INFO - Filling up the DagBag from /home/airflow/.local/lib/python3.12/site-packages/airflow/example_dags/tutorial.py
[2024-05-03T15:38:17.389+0000] {processor.py:840} INFO - DAG(s) 'tutorial' retrieved from /home/airflow/.local/lib/python3.12/site-packages/airflow/example_dags/tutorial.py
[2024-05-03T15:38:17.433+0000] {logging_mixin.py:188} INFO - [2024-05-03T15:38:17.433+0000] {dag.py:3096} INFO - Sync 1 DAGs
[2024-05-03T15:38:17.464+0000] {logging_mixin.py:188} INFO - [2024-05-03T15:38:17.464+0000] {dag.py:3954} INFO - Setting next_dagrun for tutorial to 2024-05-02 00:00:00+00:00, run_after=2024-05-03 00:00:00+00:00
[2024-05-03T15:38:17.490+0000] {processor.py:183} INFO - Processing /home/airflow/.local/lib/python3.12/site-packages/airflow/example_dags/tutorial.py took 0.116 seconds
[2024-05-03T15:38:48.198+0000] {processor.py:161} INFO - Started process (PID=318) to work on /home/airflow/.local/lib/python3.12/site-packages/airflow/example_dags/tutorial.py
[2024-05-03T15:38:48.199+0000] {processor.py:830} INFO - Processing file /home/airflow/.local/lib/python3.12/site-packages/airflow/example_dags/tutorial.py for tasks to queue
[2024-05-03T15:38:48.201+0000] {logging_mixin.py:188} INFO - [2024-05-03T15:38:48.201+0000] {dagbag.py:540} INFO - Filling up the DagBag from /home/airflow/.local/lib/python3.12/site-packages/airflow/example_dags/tutorial.py
[2024-05-03T15:38:48.208+0000] {processor.py:840} INFO - DAG(s) 'tutorial' retrieved from /home/airflow/.local/lib/python3.12/site-packages/airflow/example_dags/tutorial.py
[2024-05-03T15:38:48.231+0000] {logging_mixin.py:188} INFO - [2024-05-03T15:38:48.231+0000] {dag.py:3096} INFO - Sync 1 DAGs
[2024-05-03T15:38:48.259+0000] {logging_mixin.py:188} INFO - [2024-05-03T15:38:48.258+0000] {dag.py:3954} INFO - Setting next_dagrun for tutorial to 2024-05-02 00:00:00+00:00, run_after=2024-05-03 00:00:00+00:00
[2024-05-03T15:38:48.284+0000] {processor.py:183} INFO - Processing /home/airflow/.local/lib/python3.12/site-packages/airflow/example_dags/tutorial.py took 0.093 seconds
[2024-05-03T15:39:18.841+0000] {processor.py:161} INFO - Started process (PID=380) to work on /home/airflow/.local/lib/python3.12/site-packages/airflow/example_dags/tutorial.py
[2024-05-03T15:39:18.847+0000] {processor.py:830} INFO - Processing file /home/airflow/.local/lib/python3.12/site-packages/airflow/example_dags/tutorial.py for tasks to queue
[2024-05-03T15:39:18.854+0000] {logging_mixin.py:188} INFO - [2024-05-03T15:39:18.854+0000] {dagbag.py:540} INFO - Filling up the DagBag from /home/airflow/.local/lib/python3.12/site-packages/airflow/example_dags/tutorial.py
[2024-05-03T15:39:18.867+0000] {processor.py:840} INFO - DAG(s) 'tutorial' retrieved from /home/airflow/.local/lib/python3.12/site-packages/airflow/example_dags/tutorial.py
[2024-05-03T15:39:18.913+0000] {logging_mixin.py:188} INFO - [2024-05-03T15:39:18.913+0000] {dag.py:3096} INFO - Sync 1 DAGs
[2024-05-03T15:39:18.976+0000] {logging_mixin.py:188} INFO - [2024-05-03T15:39:18.976+0000] {dag.py:3954} INFO - Setting next_dagrun for tutorial to 2024-05-02 00:00:00+00:00, run_after=2024-05-03 00:00:00+00:00
[2024-05-03T15:39:19.010+0000] {processor.py:183} INFO - Processing /home/airflow/.local/lib/python3.12/site-packages/airflow/example_dags/tutorial.py took 0.176 seconds
[2024-05-03T15:39:49.360+0000] {processor.py:161} INFO - Started process (PID=447) to work on /home/airflow/.local/lib/python3.12/site-packages/airflow/example_dags/tutorial.py
[2024-05-03T15:39:49.362+0000] {processor.py:830} INFO - Processing file /home/airflow/.local/lib/python3.12/site-packages/airflow/example_dags/tutorial.py for tasks to queue
[2024-05-03T15:39:49.365+0000] {logging_mixin.py:188} INFO - [2024-05-03T15:39:49.365+0000] {dagbag.py:540} INFO - Filling up the DagBag from /home/airflow/.local/lib/python3.12/site-packages/airflow/example_dags/tutorial.py
[2024-05-03T15:39:49.375+0000] {processor.py:840} INFO - DAG(s) 'tutorial' retrieved from /home/airflow/.local/lib/python3.12/site-packages/airflow/example_dags/tutorial.py
[2024-05-03T15:39:49.407+0000] {logging_mixin.py:188} INFO - [2024-05-03T15:39:49.407+0000] {dag.py:3096} INFO - Sync 1 DAGs
[2024-05-03T15:39:49.454+0000] {logging_mixin.py:188} INFO - [2024-05-03T15:39:49.454+0000] {dag.py:3954} INFO - Setting next_dagrun for tutorial to 2024-05-02 00:00:00+00:00, run_after=2024-05-03 00:00:00+00:00
[2024-05-03T15:39:49.481+0000] {processor.py:183} INFO - Processing /home/airflow/.local/lib/python3.12/site-packages/airflow/example_dags/tutorial.py took 0.136 seconds
[2024-05-03T15:40:19.612+0000] {processor.py:161} INFO - Started process (PID=509) to work on /home/airflow/.local/lib/python3.12/site-packages/airflow/example_dags/tutorial.py
[2024-05-03T15:40:19.613+0000] {processor.py:830} INFO - Processing file /home/airflow/.local/lib/python3.12/site-packages/airflow/example_dags/tutorial.py for tasks to queue
[2024-05-03T15:40:19.614+0000] {logging_mixin.py:188} INFO - [2024-05-03T15:40:19.614+0000] {dagbag.py:540} INFO - Filling up the DagBag from /home/airflow/.local/lib/python3.12/site-packages/airflow/example_dags/tutorial.py
[2024-05-03T15:40:19.619+0000] {processor.py:840} INFO - DAG(s) 'tutorial' retrieved from /home/airflow/.local/lib/python3.12/site-packages/airflow/example_dags/tutorial.py
[2024-05-03T15:40:19.635+0000] {logging_mixin.py:188} INFO - [2024-05-03T15:40:19.635+0000] {dag.py:3096} INFO - Sync 1 DAGs
[2024-05-03T15:40:19.653+0000] {logging_mixin.py:188} INFO - [2024-05-03T15:40:19.652+0000] {dag.py:3954} INFO - Setting next_dagrun for tutorial to 2024-05-02 00:00:00+00:00, run_after=2024-05-03 00:00:00+00:00
[2024-05-03T15:40:19.673+0000] {processor.py:183} INFO - Processing /home/airflow/.local/lib/python3.12/site-packages/airflow/example_dags/tutorial.py took 0.065 seconds
[2024-05-03T15:40:50.273+0000] {processor.py:161} INFO - Started process (PID=570) to work on /home/airflow/.local/lib/python3.12/site-packages/airflow/example_dags/tutorial.py
[2024-05-03T15:40:50.274+0000] {processor.py:830} INFO - Processing file /home/airflow/.local/lib/python3.12/site-packages/airflow/example_dags/tutorial.py for tasks to queue
[2024-05-03T15:40:50.276+0000] {logging_mixin.py:188} INFO - [2024-05-03T15:40:50.276+0000] {dagbag.py:540} INFO - Filling up the DagBag from /home/airflow/.local/lib/python3.12/site-packages/airflow/example_dags/tutorial.py
[2024-05-03T15:40:50.283+0000] {processor.py:840} INFO - DAG(s) 'tutorial' retrieved from /home/airflow/.local/lib/python3.12/site-packages/airflow/example_dags/tutorial.py
[2024-05-03T15:40:50.306+0000] {logging_mixin.py:188} INFO - [2024-05-03T15:40:50.305+0000] {dag.py:3096} INFO - Sync 1 DAGs
[2024-05-03T15:40:50.332+0000] {logging_mixin.py:188} INFO - [2024-05-03T15:40:50.331+0000] {dag.py:3954} INFO - Setting next_dagrun for tutorial to 2024-05-02 00:00:00+00:00, run_after=2024-05-03 00:00:00+00:00
[2024-05-03T15:40:50.361+0000] {processor.py:183} INFO - Processing /home/airflow/.local/lib/python3.12/site-packages/airflow/example_dags/tutorial.py took 0.094 seconds
[2024-05-03T15:41:20.749+0000] {processor.py:161} INFO - Started process (PID=631) to work on /home/airflow/.local/lib/python3.12/site-packages/airflow/example_dags/tutorial.py
[2024-05-03T15:41:20.750+0000] {processor.py:830} INFO - Processing file /home/airflow/.local/lib/python3.12/site-packages/airflow/example_dags/tutorial.py for tasks to queue
[2024-05-03T15:41:20.752+0000] {logging_mixin.py:188} INFO - [2024-05-03T15:41:20.752+0000] {dagbag.py:540} INFO - Filling up the DagBag from /home/airflow/.local/lib/python3.12/site-packages/airflow/example_dags/tutorial.py
[2024-05-03T15:41:20.759+0000] {processor.py:840} INFO - DAG(s) 'tutorial' retrieved from /home/airflow/.local/lib/python3.12/site-packages/airflow/example_dags/tutorial.py
[2024-05-03T15:41:20.781+0000] {logging_mixin.py:188} INFO - [2024-05-03T15:41:20.781+0000] {dag.py:3096} INFO - Sync 1 DAGs
[2024-05-03T15:41:20.810+0000] {logging_mixin.py:188} INFO - [2024-05-03T15:41:20.810+0000] {dag.py:3954} INFO - Setting next_dagrun for tutorial to 2024-05-02 00:00:00+00:00, run_after=2024-05-03 00:00:00+00:00
[2024-05-03T15:41:20.840+0000] {processor.py:183} INFO - Processing /home/airflow/.local/lib/python3.12/site-packages/airflow/example_dags/tutorial.py took 0.097 seconds
[2024-05-03T15:41:53.179+0000] {processor.py:161} INFO - Started process (PID=692) to work on /home/airflow/.local/lib/python3.12/site-packages/airflow/example_dags/tutorial.py
[2024-05-03T15:41:53.180+0000] {processor.py:830} INFO - Processing file /home/airflow/.local/lib/python3.12/site-packages/airflow/example_dags/tutorial.py for tasks to queue
[2024-05-03T15:41:53.182+0000] {logging_mixin.py:188} INFO - [2024-05-03T15:41:53.181+0000] {dagbag.py:540} INFO - Filling up the DagBag from /home/airflow/.local/lib/python3.12/site-packages/airflow/example_dags/tutorial.py
[2024-05-03T15:41:53.236+0000] {processor.py:840} INFO - DAG(s) 'tutorial' retrieved from /home/airflow/.local/lib/python3.12/site-packages/airflow/example_dags/tutorial.py
[2024-05-03T15:41:53.297+0000] {logging_mixin.py:188} INFO - [2024-05-03T15:41:53.297+0000] {dag.py:3096} INFO - Sync 1 DAGs
[2024-05-03T15:41:53.385+0000] {logging_mixin.py:188} INFO - [2024-05-03T15:41:53.385+0000] {dag.py:3954} INFO - Setting next_dagrun for tutorial to 2024-05-02 00:00:00+00:00, run_after=2024-05-03 00:00:00+00:00
[2024-05-03T15:41:53.444+0000] {processor.py:183} INFO - Processing /home/airflow/.local/lib/python3.12/site-packages/airflow/example_dags/tutorial.py took 0.295 seconds
[2024-05-03T15:42:23.788+0000] {processor.py:161} INFO - Started process (PID=754) to work on /home/airflow/.local/lib/python3.12/site-packages/airflow/example_dags/tutorial.py
[2024-05-03T15:42:23.789+0000] {processor.py:830} INFO - Processing file /home/airflow/.local/lib/python3.12/site-packages/airflow/example_dags/tutorial.py for tasks to queue
[2024-05-03T15:42:23.791+0000] {logging_mixin.py:188} INFO - [2024-05-03T15:42:23.791+0000] {dagbag.py:540} INFO - Filling up the DagBag from /home/airflow/.local/lib/python3.12/site-packages/airflow/example_dags/tutorial.py
[2024-05-03T15:42:23.797+0000] {processor.py:840} INFO - DAG(s) 'tutorial' retrieved from /home/airflow/.local/lib/python3.12/site-packages/airflow/example_dags/tutorial.py
[2024-05-03T15:42:23.823+0000] {logging_mixin.py:188} INFO - [2024-05-03T15:42:23.823+0000] {dag.py:3096} INFO - Sync 1 DAGs
[2024-05-03T15:42:23.853+0000] {logging_mixin.py:188} INFO - [2024-05-03T15:42:23.853+0000] {dag.py:3954} INFO - Setting next_dagrun for tutorial to 2024-05-02 00:00:00+00:00, run_after=2024-05-03 00:00:00+00:00
[2024-05-03T15:42:23.881+0000] {processor.py:183} INFO - Processing /home/airflow/.local/lib/python3.12/site-packages/airflow/example_dags/tutorial.py took 0.100 seconds
[2024-05-03T15:42:54.156+0000] {processor.py:161} INFO - Started process (PID=815) to work on /home/airflow/.local/lib/python3.12/site-packages/airflow/example_dags/tutorial.py
[2024-05-03T15:42:54.158+0000] {processor.py:830} INFO - Processing file /home/airflow/.local/lib/python3.12/site-packages/airflow/example_dags/tutorial.py for tasks to queue
[2024-05-03T15:42:54.160+0000] {logging_mixin.py:188} INFO - [2024-05-03T15:42:54.159+0000] {dagbag.py:540} INFO - Filling up the DagBag from /home/airflow/.local/lib/python3.12/site-packages/airflow/example_dags/tutorial.py
[2024-05-03T15:42:54.166+0000] {processor.py:840} INFO - DAG(s) 'tutorial' retrieved from /home/airflow/.local/lib/python3.12/site-packages/airflow/example_dags/tutorial.py
[2024-05-03T15:42:54.192+0000] {logging_mixin.py:188} INFO - [2024-05-03T15:42:54.192+0000] {dag.py:3096} INFO - Sync 1 DAGs
[2024-05-03T15:42:54.218+0000] {logging_mixin.py:188} INFO - [2024-05-03T15:42:54.218+0000] {dag.py:3954} INFO - Setting next_dagrun for tutorial to 2024-05-02 00:00:00+00:00, run_after=2024-05-03 00:00:00+00:00
[2024-05-03T15:42:54.249+0000] {processor.py:183} INFO - Processing /home/airflow/.local/lib/python3.12/site-packages/airflow/example_dags/tutorial.py took 0.099 seconds
[2024-05-03T15:43:25.014+0000] {processor.py:161} INFO - Started process (PID=876) to work on /home/airflow/.local/lib/python3.12/site-packages/airflow/example_dags/tutorial.py
[2024-05-03T15:43:25.015+0000] {processor.py:830} INFO - Processing file /home/airflow/.local/lib/python3.12/site-packages/airflow/example_dags/tutorial.py for tasks to queue
[2024-05-03T15:43:25.018+0000] {logging_mixin.py:188} INFO - [2024-05-03T15:43:25.017+0000] {dagbag.py:540} INFO - Filling up the DagBag from /home/airflow/.local/lib/python3.12/site-packages/airflow/example_dags/tutorial.py
[2024-05-03T15:43:25.025+0000] {processor.py:840} INFO - DAG(s) 'tutorial' retrieved from /home/airflow/.local/lib/python3.12/site-packages/airflow/example_dags/tutorial.py
[2024-05-03T15:43:25.050+0000] {logging_mixin.py:188} INFO - [2024-05-03T15:43:25.050+0000] {dag.py:3096} INFO - Sync 1 DAGs
[2024-05-03T15:43:25.097+0000] {logging_mixin.py:188} INFO - [2024-05-03T15:43:25.097+0000] {dag.py:3954} INFO - Setting next_dagrun for tutorial to 2024-05-02 00:00:00+00:00, run_after=2024-05-03 00:00:00+00:00
[2024-05-03T15:43:25.142+0000] {processor.py:183} INFO - Processing /home/airflow/.local/lib/python3.12/site-packages/airflow/example_dags/tutorial.py took 0.134 seconds
[2024-05-03T15:43:55.189+0000] {processor.py:161} INFO - Started process (PID=937) to work on /home/airflow/.local/lib/python3.12/site-packages/airflow/example_dags/tutorial.py
[2024-05-03T15:43:55.190+0000] {processor.py:830} INFO - Processing file /home/airflow/.local/lib/python3.12/site-packages/airflow/example_dags/tutorial.py for tasks to queue
[2024-05-03T15:43:55.192+0000] {logging_mixin.py:188} INFO - [2024-05-03T15:43:55.192+0000] {dagbag.py:540} INFO - Filling up the DagBag from /home/airflow/.local/lib/python3.12/site-packages/airflow/example_dags/tutorial.py
[2024-05-03T15:43:55.200+0000] {processor.py:840} INFO - DAG(s) 'tutorial' retrieved from /home/airflow/.local/lib/python3.12/site-packages/airflow/example_dags/tutorial.py
[2024-05-03T15:43:55.223+0000] {logging_mixin.py:188} INFO - [2024-05-03T15:43:55.223+0000] {dag.py:3096} INFO - Sync 1 DAGs
[2024-05-03T15:43:55.250+0000] {logging_mixin.py:188} INFO - [2024-05-03T15:43:55.250+0000] {dag.py:3954} INFO - Setting next_dagrun for tutorial to 2024-05-02 00:00:00+00:00, run_after=2024-05-03 00:00:00+00:00
[2024-05-03T15:43:55.272+0000] {processor.py:183} INFO - Processing /home/airflow/.local/lib/python3.12/site-packages/airflow/example_dags/tutorial.py took 0.090 seconds
[2024-05-03T15:44:25.377+0000] {processor.py:161} INFO - Started process (PID=999) to work on /home/airflow/.local/lib/python3.12/site-packages/airflow/example_dags/tutorial.py
[2024-05-03T15:44:25.378+0000] {processor.py:830} INFO - Processing file /home/airflow/.local/lib/python3.12/site-packages/airflow/example_dags/tutorial.py for tasks to queue
[2024-05-03T15:44:25.381+0000] {logging_mixin.py:188} INFO - [2024-05-03T15:44:25.380+0000] {dagbag.py:540} INFO - Filling up the DagBag from /home/airflow/.local/lib/python3.12/site-packages/airflow/example_dags/tutorial.py
[2024-05-03T15:44:25.387+0000] {processor.py:840} INFO - DAG(s) 'tutorial' retrieved from /home/airflow/.local/lib/python3.12/site-packages/airflow/example_dags/tutorial.py
[2024-05-03T15:44:25.410+0000] {logging_mixin.py:188} INFO - [2024-05-03T15:44:25.409+0000] {dag.py:3096} INFO - Sync 1 DAGs
[2024-05-03T15:44:25.435+0000] {logging_mixin.py:188} INFO - [2024-05-03T15:44:25.435+0000] {dag.py:3954} INFO - Setting next_dagrun for tutorial to 2024-05-02 00:00:00+00:00, run_after=2024-05-03 00:00:00+00:00
[2024-05-03T15:44:25.459+0000] {processor.py:183} INFO - Processing /home/airflow/.local/lib/python3.12/site-packages/airflow/example_dags/tutorial.py took 0.088 seconds
[2024-05-03T15:44:55.971+0000] {processor.py:161} INFO - Started process (PID=1060) to work on /home/airflow/.local/lib/python3.12/site-packages/airflow/example_dags/tutorial.py
[2024-05-03T15:44:55.976+0000] {processor.py:830} INFO - Processing file /home/airflow/.local/lib/python3.12/site-packages/airflow/example_dags/tutorial.py for tasks to queue
[2024-05-03T15:44:55.980+0000] {logging_mixin.py:188} INFO - [2024-05-03T15:44:55.979+0000] {dagbag.py:540} INFO - Filling up the DagBag from /home/airflow/.local/lib/python3.12/site-packages/airflow/example_dags/tutorial.py
[2024-05-03T15:44:55.991+0000] {processor.py:840} INFO - DAG(s) 'tutorial' retrieved from /home/airflow/.local/lib/python3.12/site-packages/airflow/example_dags/tutorial.py
[2024-05-03T15:44:56.064+0000] {logging_mixin.py:188} INFO - [2024-05-03T15:44:56.062+0000] {dag.py:3096} INFO - Sync 1 DAGs
[2024-05-03T15:44:56.112+0000] {logging_mixin.py:188} INFO - [2024-05-03T15:44:56.111+0000] {dag.py:3954} INFO - Setting next_dagrun for tutorial to 2024-05-02 00:00:00+00:00, run_after=2024-05-03 00:00:00+00:00
[2024-05-03T15:44:56.172+0000] {processor.py:183} INFO - Processing /home/airflow/.local/lib/python3.12/site-packages/airflow/example_dags/tutorial.py took 0.216 seconds
[2024-05-03T15:45:27.036+0000] {processor.py:161} INFO - Started process (PID=1121) to work on /home/airflow/.local/lib/python3.12/site-packages/airflow/example_dags/tutorial.py
[2024-05-03T15:45:27.041+0000] {processor.py:830} INFO - Processing file /home/airflow/.local/lib/python3.12/site-packages/airflow/example_dags/tutorial.py for tasks to queue
[2024-05-03T15:45:27.043+0000] {logging_mixin.py:188} INFO - [2024-05-03T15:45:27.042+0000] {dagbag.py:540} INFO - Filling up the DagBag from /home/airflow/.local/lib/python3.12/site-packages/airflow/example_dags/tutorial.py
[2024-05-03T15:45:27.058+0000] {processor.py:840} INFO - DAG(s) 'tutorial' retrieved from /home/airflow/.local/lib/python3.12/site-packages/airflow/example_dags/tutorial.py
[2024-05-03T15:45:27.106+0000] {logging_mixin.py:188} INFO - [2024-05-03T15:45:27.105+0000] {dag.py:3096} INFO - Sync 1 DAGs
[2024-05-03T15:45:27.140+0000] {logging_mixin.py:188} INFO - [2024-05-03T15:45:27.140+0000] {dag.py:3954} INFO - Setting next_dagrun for tutorial to 2024-05-02 00:00:00+00:00, run_after=2024-05-03 00:00:00+00:00
[2024-05-03T15:45:27.182+0000] {processor.py:183} INFO - Processing /home/airflow/.local/lib/python3.12/site-packages/airflow/example_dags/tutorial.py took 0.158 seconds
[2024-05-03T15:45:57.265+0000] {processor.py:161} INFO - Started process (PID=1183) to work on /home/airflow/.local/lib/python3.12/site-packages/airflow/example_dags/tutorial.py
[2024-05-03T15:45:57.266+0000] {processor.py:830} INFO - Processing file /home/airflow/.local/lib/python3.12/site-packages/airflow/example_dags/tutorial.py for tasks to queue
[2024-05-03T15:45:57.267+0000] {logging_mixin.py:188} INFO - [2024-05-03T15:45:57.267+0000] {dagbag.py:540} INFO - Filling up the DagBag from /home/airflow/.local/lib/python3.12/site-packages/airflow/example_dags/tutorial.py
[2024-05-03T15:45:57.272+0000] {processor.py:840} INFO - DAG(s) 'tutorial' retrieved from /home/airflow/.local/lib/python3.12/site-packages/airflow/example_dags/tutorial.py
[2024-05-03T15:45:57.290+0000] {logging_mixin.py:188} INFO - [2024-05-03T15:45:57.290+0000] {dag.py:3096} INFO - Sync 1 DAGs
[2024-05-03T15:45:57.309+0000] {logging_mixin.py:188} INFO - [2024-05-03T15:45:57.308+0000] {dag.py:3954} INFO - Setting next_dagrun for tutorial to 2024-05-02 00:00:00+00:00, run_after=2024-05-03 00:00:00+00:00
[2024-05-03T15:45:57.330+0000] {processor.py:183} INFO - Processing /home/airflow/.local/lib/python3.12/site-packages/airflow/example_dags/tutorial.py took 0.070 seconds
