[2024-04-21T13:53:30.805+0000] {processor.py:161} INFO - Started process (PID=80) to work on /home/airflow/.local/lib/python3.12/site-packages/airflow/example_dags/example_time_delta_sensor_async.py
[2024-04-21T13:53:30.806+0000] {processor.py:830} INFO - Processing file /home/airflow/.local/lib/python3.12/site-packages/airflow/example_dags/example_time_delta_sensor_async.py for tasks to queue
[2024-04-21T13:53:30.808+0000] {logging_mixin.py:188} INFO - [2024-04-21T13:53:30.807+0000] {dagbag.py:540} INFO - Filling up the DagBag from /home/airflow/.local/lib/python3.12/site-packages/airflow/example_dags/example_time_delta_sensor_async.py
[2024-04-21T13:53:30.821+0000] {processor.py:840} INFO - DAG(s) 'example_time_delta_sensor_async' retrieved from /home/airflow/.local/lib/python3.12/site-packages/airflow/example_dags/example_time_delta_sensor_async.py
[2024-04-21T13:53:31.036+0000] {logging_mixin.py:188} INFO - [2024-04-21T13:53:31.036+0000] {override.py:1829} INFO - Created Permission View: can edit on DAG:example_time_delta_sensor_async
[2024-04-21T13:53:31.065+0000] {logging_mixin.py:188} INFO - [2024-04-21T13:53:31.065+0000] {override.py:1829} INFO - Created Permission View: can read on DAG:example_time_delta_sensor_async
[2024-04-21T13:53:31.080+0000] {logging_mixin.py:188} INFO - [2024-04-21T13:53:31.080+0000] {override.py:1829} INFO - Created Permission View: can delete on DAG:example_time_delta_sensor_async
[2024-04-21T13:53:31.081+0000] {logging_mixin.py:188} INFO - [2024-04-21T13:53:31.080+0000] {dag.py:3096} INFO - Sync 1 DAGs
[2024-04-21T13:53:31.122+0000] {logging_mixin.py:188} INFO - [2024-04-21T13:53:31.122+0000] {dag.py:3118} INFO - Creating ORM DAG for example_time_delta_sensor_async
[2024-04-21T13:53:31.123+0000] {logging_mixin.py:188} INFO - [2024-04-21T13:53:31.123+0000] {dag.py:3954} INFO - Setting next_dagrun for example_time_delta_sensor_async to None, run_after=None
[2024-04-21T13:53:31.156+0000] {processor.py:183} INFO - Processing /home/airflow/.local/lib/python3.12/site-packages/airflow/example_dags/example_time_delta_sensor_async.py took 0.373 seconds
[2024-04-21T13:54:03.493+0000] {processor.py:161} INFO - Started process (PID=148) to work on /home/airflow/.local/lib/python3.12/site-packages/airflow/example_dags/example_time_delta_sensor_async.py
[2024-04-21T13:54:03.494+0000] {processor.py:830} INFO - Processing file /home/airflow/.local/lib/python3.12/site-packages/airflow/example_dags/example_time_delta_sensor_async.py for tasks to queue
[2024-04-21T13:54:03.499+0000] {logging_mixin.py:188} INFO - [2024-04-21T13:54:03.498+0000] {dagbag.py:540} INFO - Filling up the DagBag from /home/airflow/.local/lib/python3.12/site-packages/airflow/example_dags/example_time_delta_sensor_async.py
[2024-04-21T13:54:03.515+0000] {processor.py:840} INFO - DAG(s) 'example_time_delta_sensor_async' retrieved from /home/airflow/.local/lib/python3.12/site-packages/airflow/example_dags/example_time_delta_sensor_async.py
[2024-04-21T13:54:03.688+0000] {logging_mixin.py:188} INFO - [2024-04-21T13:54:03.687+0000] {dag.py:3096} INFO - Sync 1 DAGs
[2024-04-21T13:54:03.709+0000] {logging_mixin.py:188} INFO - [2024-04-21T13:54:03.708+0000] {dag.py:3954} INFO - Setting next_dagrun for example_time_delta_sensor_async to None, run_after=None
[2024-04-21T13:54:03.851+0000] {processor.py:183} INFO - Processing /home/airflow/.local/lib/python3.12/site-packages/airflow/example_dags/example_time_delta_sensor_async.py took 0.379 seconds
[2024-04-21T13:54:34.598+0000] {processor.py:161} INFO - Started process (PID=209) to work on /home/airflow/.local/lib/python3.12/site-packages/airflow/example_dags/example_time_delta_sensor_async.py
[2024-04-21T13:54:34.617+0000] {processor.py:830} INFO - Processing file /home/airflow/.local/lib/python3.12/site-packages/airflow/example_dags/example_time_delta_sensor_async.py for tasks to queue
[2024-04-21T13:54:34.622+0000] {logging_mixin.py:188} INFO - [2024-04-21T13:54:34.622+0000] {dagbag.py:540} INFO - Filling up the DagBag from /home/airflow/.local/lib/python3.12/site-packages/airflow/example_dags/example_time_delta_sensor_async.py
[2024-04-21T13:54:34.629+0000] {processor.py:840} INFO - DAG(s) 'example_time_delta_sensor_async' retrieved from /home/airflow/.local/lib/python3.12/site-packages/airflow/example_dags/example_time_delta_sensor_async.py
[2024-04-21T13:54:34.729+0000] {logging_mixin.py:188} INFO - [2024-04-21T13:54:34.728+0000] {dag.py:3096} INFO - Sync 1 DAGs
[2024-04-21T13:54:34.787+0000] {logging_mixin.py:188} INFO - [2024-04-21T13:54:34.787+0000] {dag.py:3954} INFO - Setting next_dagrun for example_time_delta_sensor_async to None, run_after=None
[2024-04-21T13:54:34.837+0000] {processor.py:183} INFO - Processing /home/airflow/.local/lib/python3.12/site-packages/airflow/example_dags/example_time_delta_sensor_async.py took 0.257 seconds
[2024-04-21T13:55:04.905+0000] {processor.py:161} INFO - Started process (PID=270) to work on /home/airflow/.local/lib/python3.12/site-packages/airflow/example_dags/example_time_delta_sensor_async.py
[2024-04-21T13:55:04.905+0000] {processor.py:830} INFO - Processing file /home/airflow/.local/lib/python3.12/site-packages/airflow/example_dags/example_time_delta_sensor_async.py for tasks to queue
[2024-04-21T13:55:04.907+0000] {logging_mixin.py:188} INFO - [2024-04-21T13:55:04.907+0000] {dagbag.py:540} INFO - Filling up the DagBag from /home/airflow/.local/lib/python3.12/site-packages/airflow/example_dags/example_time_delta_sensor_async.py
[2024-04-21T13:55:04.911+0000] {processor.py:840} INFO - DAG(s) 'example_time_delta_sensor_async' retrieved from /home/airflow/.local/lib/python3.12/site-packages/airflow/example_dags/example_time_delta_sensor_async.py
[2024-04-21T13:55:04.927+0000] {logging_mixin.py:188} INFO - [2024-04-21T13:55:04.927+0000] {dag.py:3096} INFO - Sync 1 DAGs
[2024-04-21T13:55:04.938+0000] {logging_mixin.py:188} INFO - [2024-04-21T13:55:04.938+0000] {dag.py:3954} INFO - Setting next_dagrun for example_time_delta_sensor_async to None, run_after=None
[2024-04-21T13:55:04.960+0000] {processor.py:183} INFO - Processing /home/airflow/.local/lib/python3.12/site-packages/airflow/example_dags/example_time_delta_sensor_async.py took 0.060 seconds
