[2024-04-21T13:53:20.011+0000] {processor.py:161} INFO - Started process (PID=57) to work on /home/airflow/.local/lib/python3.12/site-packages/airflow/example_dags/example_trigger_controller_dag.py
[2024-04-21T13:53:20.050+0000] {processor.py:830} INFO - Processing file /home/airflow/.local/lib/python3.12/site-packages/airflow/example_dags/example_trigger_controller_dag.py for tasks to queue
[2024-04-21T13:53:20.062+0000] {logging_mixin.py:188} INFO - [2024-04-21T13:53:20.062+0000] {dagbag.py:540} INFO - Filling up the DagBag from /home/airflow/.local/lib/python3.12/site-packages/airflow/example_dags/example_trigger_controller_dag.py
[2024-04-21T13:53:20.101+0000] {processor.py:840} INFO - DAG(s) 'example_trigger_controller_dag' retrieved from /home/airflow/.local/lib/python3.12/site-packages/airflow/example_dags/example_trigger_controller_dag.py
[2024-04-21T13:53:20.794+0000] {logging_mixin.py:188} INFO - [2024-04-21T13:53:20.793+0000] {override.py:1829} INFO - Created Permission View: can edit on DAG:example_trigger_controller_dag
[2024-04-21T13:53:20.830+0000] {logging_mixin.py:188} INFO - [2024-04-21T13:53:20.829+0000] {override.py:1829} INFO - Created Permission View: can read on DAG:example_trigger_controller_dag
[2024-04-21T13:53:20.879+0000] {logging_mixin.py:188} INFO - [2024-04-21T13:53:20.878+0000] {override.py:1829} INFO - Created Permission View: can delete on DAG:example_trigger_controller_dag
[2024-04-21T13:53:20.880+0000] {logging_mixin.py:188} INFO - [2024-04-21T13:53:20.879+0000] {dag.py:3096} INFO - Sync 1 DAGs
[2024-04-21T13:53:21.097+0000] {logging_mixin.py:188} INFO - [2024-04-21T13:53:21.096+0000] {dag.py:3118} INFO - Creating ORM DAG for example_trigger_controller_dag
[2024-04-21T13:53:21.220+0000] {logging_mixin.py:188} INFO - [2024-04-21T13:53:21.220+0000] {dag.py:3954} INFO - Setting next_dagrun for example_trigger_controller_dag to 2021-01-01 00:00:00+00:00, run_after=2021-01-01 00:00:00+00:00
[2024-04-21T13:53:21.346+0000] {processor.py:183} INFO - Processing /home/airflow/.local/lib/python3.12/site-packages/airflow/example_dags/example_trigger_controller_dag.py took 1.351 seconds
[2024-04-21T13:53:51.680+0000] {processor.py:161} INFO - Started process (PID=119) to work on /home/airflow/.local/lib/python3.12/site-packages/airflow/example_dags/example_trigger_controller_dag.py
[2024-04-21T13:53:51.691+0000] {processor.py:830} INFO - Processing file /home/airflow/.local/lib/python3.12/site-packages/airflow/example_dags/example_trigger_controller_dag.py for tasks to queue
[2024-04-21T13:53:51.694+0000] {logging_mixin.py:188} INFO - [2024-04-21T13:53:51.693+0000] {dagbag.py:540} INFO - Filling up the DagBag from /home/airflow/.local/lib/python3.12/site-packages/airflow/example_dags/example_trigger_controller_dag.py
[2024-04-21T13:53:51.705+0000] {processor.py:840} INFO - DAG(s) 'example_trigger_controller_dag' retrieved from /home/airflow/.local/lib/python3.12/site-packages/airflow/example_dags/example_trigger_controller_dag.py
[2024-04-21T13:53:51.763+0000] {logging_mixin.py:188} INFO - [2024-04-21T13:53:51.763+0000] {dag.py:3096} INFO - Sync 1 DAGs
[2024-04-21T13:53:51.832+0000] {logging_mixin.py:188} INFO - [2024-04-21T13:53:51.832+0000] {dag.py:3954} INFO - Setting next_dagrun for example_trigger_controller_dag to 2021-01-01 00:00:00+00:00, run_after=2021-01-01 00:00:00+00:00
[2024-04-21T13:53:52.014+0000] {processor.py:183} INFO - Processing /home/airflow/.local/lib/python3.12/site-packages/airflow/example_dags/example_trigger_controller_dag.py took 0.351 seconds
[2024-04-21T13:54:22.161+0000] {processor.py:161} INFO - Started process (PID=180) to work on /home/airflow/.local/lib/python3.12/site-packages/airflow/example_dags/example_trigger_controller_dag.py
[2024-04-21T13:54:22.162+0000] {processor.py:830} INFO - Processing file /home/airflow/.local/lib/python3.12/site-packages/airflow/example_dags/example_trigger_controller_dag.py for tasks to queue
[2024-04-21T13:54:22.164+0000] {logging_mixin.py:188} INFO - [2024-04-21T13:54:22.164+0000] {dagbag.py:540} INFO - Filling up the DagBag from /home/airflow/.local/lib/python3.12/site-packages/airflow/example_dags/example_trigger_controller_dag.py
[2024-04-21T13:54:22.169+0000] {processor.py:840} INFO - DAG(s) 'example_trigger_controller_dag' retrieved from /home/airflow/.local/lib/python3.12/site-packages/airflow/example_dags/example_trigger_controller_dag.py
[2024-04-21T13:54:22.195+0000] {logging_mixin.py:188} INFO - [2024-04-21T13:54:22.194+0000] {dag.py:3096} INFO - Sync 1 DAGs
[2024-04-21T13:54:22.223+0000] {logging_mixin.py:188} INFO - [2024-04-21T13:54:22.222+0000] {dag.py:3954} INFO - Setting next_dagrun for example_trigger_controller_dag to 2021-01-01 00:00:00+00:00, run_after=2021-01-01 00:00:00+00:00
[2024-04-21T13:54:22.249+0000] {processor.py:183} INFO - Processing /home/airflow/.local/lib/python3.12/site-packages/airflow/example_dags/example_trigger_controller_dag.py took 0.094 seconds
[2024-04-21T13:54:52.784+0000] {processor.py:161} INFO - Started process (PID=241) to work on /home/airflow/.local/lib/python3.12/site-packages/airflow/example_dags/example_trigger_controller_dag.py
[2024-04-21T13:54:52.785+0000] {processor.py:830} INFO - Processing file /home/airflow/.local/lib/python3.12/site-packages/airflow/example_dags/example_trigger_controller_dag.py for tasks to queue
[2024-04-21T13:54:52.787+0000] {logging_mixin.py:188} INFO - [2024-04-21T13:54:52.787+0000] {dagbag.py:540} INFO - Filling up the DagBag from /home/airflow/.local/lib/python3.12/site-packages/airflow/example_dags/example_trigger_controller_dag.py
[2024-04-21T13:54:52.794+0000] {processor.py:840} INFO - DAG(s) 'example_trigger_controller_dag' retrieved from /home/airflow/.local/lib/python3.12/site-packages/airflow/example_dags/example_trigger_controller_dag.py
[2024-04-21T13:54:52.825+0000] {logging_mixin.py:188} INFO - [2024-04-21T13:54:52.825+0000] {dag.py:3096} INFO - Sync 1 DAGs
[2024-04-21T13:54:52.882+0000] {logging_mixin.py:188} INFO - [2024-04-21T13:54:52.881+0000] {dag.py:3954} INFO - Setting next_dagrun for example_trigger_controller_dag to 2021-01-01 00:00:00+00:00, run_after=2021-01-01 00:00:00+00:00
[2024-04-21T13:54:52.968+0000] {processor.py:183} INFO - Processing /home/airflow/.local/lib/python3.12/site-packages/airflow/example_dags/example_trigger_controller_dag.py took 0.192 seconds
