[2024-04-21T13:53:28.588+0000] {processor.py:161} INFO - Started process (PID=72) to work on /home/airflow/.local/lib/python3.12/site-packages/airflow/example_dags/example_dynamic_task_mapping.py
[2024-04-21T13:53:28.589+0000] {processor.py:830} INFO - Processing file /home/airflow/.local/lib/python3.12/site-packages/airflow/example_dags/example_dynamic_task_mapping.py for tasks to queue
[2024-04-21T13:53:28.590+0000] {logging_mixin.py:188} INFO - [2024-04-21T13:53:28.590+0000] {dagbag.py:540} INFO - Filling up the DagBag from /home/airflow/.local/lib/python3.12/site-packages/airflow/example_dags/example_dynamic_task_mapping.py
[2024-04-21T13:53:28.601+0000] {processor.py:840} INFO - DAG(s) 'example_dynamic_task_mapping' retrieved from /home/airflow/.local/lib/python3.12/site-packages/airflow/example_dags/example_dynamic_task_mapping.py
[2024-04-21T13:53:28.759+0000] {logging_mixin.py:188} INFO - [2024-04-21T13:53:28.758+0000] {override.py:1829} INFO - Created Permission View: can edit on DAG:example_dynamic_task_mapping
[2024-04-21T13:53:28.780+0000] {logging_mixin.py:188} INFO - [2024-04-21T13:53:28.780+0000] {override.py:1829} INFO - Created Permission View: can read on DAG:example_dynamic_task_mapping
[2024-04-21T13:53:28.792+0000] {logging_mixin.py:188} INFO - [2024-04-21T13:53:28.791+0000] {override.py:1829} INFO - Created Permission View: can delete on DAG:example_dynamic_task_mapping
[2024-04-21T13:53:28.793+0000] {logging_mixin.py:188} INFO - [2024-04-21T13:53:28.792+0000] {dag.py:3096} INFO - Sync 1 DAGs
[2024-04-21T13:53:28.809+0000] {logging_mixin.py:188} INFO - [2024-04-21T13:53:28.809+0000] {dag.py:3118} INFO - Creating ORM DAG for example_dynamic_task_mapping
[2024-04-21T13:53:28.823+0000] {logging_mixin.py:188} INFO - [2024-04-21T13:53:28.823+0000] {dag.py:3954} INFO - Setting next_dagrun for example_dynamic_task_mapping to 2022-03-04 00:00:00+00:00, run_after=2022-03-05 00:00:00+00:00
[2024-04-21T13:53:28.853+0000] {processor.py:183} INFO - Processing /home/airflow/.local/lib/python3.12/site-packages/airflow/example_dags/example_dynamic_task_mapping.py took 0.273 seconds
[2024-04-21T13:53:59.476+0000] {processor.py:161} INFO - Started process (PID=134) to work on /home/airflow/.local/lib/python3.12/site-packages/airflow/example_dags/example_dynamic_task_mapping.py
[2024-04-21T13:53:59.495+0000] {processor.py:830} INFO - Processing file /home/airflow/.local/lib/python3.12/site-packages/airflow/example_dags/example_dynamic_task_mapping.py for tasks to queue
[2024-04-21T13:53:59.610+0000] {logging_mixin.py:188} INFO - [2024-04-21T13:53:59.609+0000] {dagbag.py:540} INFO - Filling up the DagBag from /home/airflow/.local/lib/python3.12/site-packages/airflow/example_dags/example_dynamic_task_mapping.py
[2024-04-21T13:53:59.680+0000] {processor.py:840} INFO - DAG(s) 'example_dynamic_task_mapping' retrieved from /home/airflow/.local/lib/python3.12/site-packages/airflow/example_dags/example_dynamic_task_mapping.py
[2024-04-21T13:53:59.830+0000] {logging_mixin.py:188} INFO - [2024-04-21T13:53:59.829+0000] {dag.py:3096} INFO - Sync 1 DAGs
[2024-04-21T13:53:59.993+0000] {logging_mixin.py:188} INFO - [2024-04-21T13:53:59.993+0000] {dag.py:3954} INFO - Setting next_dagrun for example_dynamic_task_mapping to 2022-03-04 00:00:00+00:00, run_after=2022-03-05 00:00:00+00:00
[2024-04-21T13:54:00.083+0000] {processor.py:183} INFO - Processing /home/airflow/.local/lib/python3.12/site-packages/airflow/example_dags/example_dynamic_task_mapping.py took 0.684 seconds
[2024-04-21T13:54:30.212+0000] {processor.py:161} INFO - Started process (PID=195) to work on /home/airflow/.local/lib/python3.12/site-packages/airflow/example_dags/example_dynamic_task_mapping.py
[2024-04-21T13:54:30.213+0000] {processor.py:830} INFO - Processing file /home/airflow/.local/lib/python3.12/site-packages/airflow/example_dags/example_dynamic_task_mapping.py for tasks to queue
[2024-04-21T13:54:30.216+0000] {logging_mixin.py:188} INFO - [2024-04-21T13:54:30.215+0000] {dagbag.py:540} INFO - Filling up the DagBag from /home/airflow/.local/lib/python3.12/site-packages/airflow/example_dags/example_dynamic_task_mapping.py
[2024-04-21T13:54:30.224+0000] {processor.py:840} INFO - DAG(s) 'example_dynamic_task_mapping' retrieved from /home/airflow/.local/lib/python3.12/site-packages/airflow/example_dags/example_dynamic_task_mapping.py
[2024-04-21T13:54:30.250+0000] {logging_mixin.py:188} INFO - [2024-04-21T13:54:30.249+0000] {dag.py:3096} INFO - Sync 1 DAGs
[2024-04-21T13:54:30.273+0000] {logging_mixin.py:188} INFO - [2024-04-21T13:54:30.273+0000] {dag.py:3954} INFO - Setting next_dagrun for example_dynamic_task_mapping to 2022-03-04 00:00:00+00:00, run_after=2022-03-05 00:00:00+00:00
[2024-04-21T13:54:30.294+0000] {processor.py:183} INFO - Processing /home/airflow/.local/lib/python3.12/site-packages/airflow/example_dags/example_dynamic_task_mapping.py took 0.088 seconds
[2024-04-21T13:55:01.047+0000] {processor.py:161} INFO - Started process (PID=256) to work on /home/airflow/.local/lib/python3.12/site-packages/airflow/example_dags/example_dynamic_task_mapping.py
[2024-04-21T13:55:01.048+0000] {processor.py:830} INFO - Processing file /home/airflow/.local/lib/python3.12/site-packages/airflow/example_dags/example_dynamic_task_mapping.py for tasks to queue
[2024-04-21T13:55:01.050+0000] {logging_mixin.py:188} INFO - [2024-04-21T13:55:01.049+0000] {dagbag.py:540} INFO - Filling up the DagBag from /home/airflow/.local/lib/python3.12/site-packages/airflow/example_dags/example_dynamic_task_mapping.py
[2024-04-21T13:55:01.057+0000] {processor.py:840} INFO - DAG(s) 'example_dynamic_task_mapping' retrieved from /home/airflow/.local/lib/python3.12/site-packages/airflow/example_dags/example_dynamic_task_mapping.py
[2024-04-21T13:55:01.088+0000] {logging_mixin.py:188} INFO - [2024-04-21T13:55:01.087+0000] {dag.py:3096} INFO - Sync 1 DAGs
[2024-04-21T13:55:01.122+0000] {logging_mixin.py:188} INFO - [2024-04-21T13:55:01.122+0000] {dag.py:3954} INFO - Setting next_dagrun for example_dynamic_task_mapping to 2022-03-04 00:00:00+00:00, run_after=2022-03-05 00:00:00+00:00
[2024-04-21T13:55:01.155+0000] {processor.py:183} INFO - Processing /home/airflow/.local/lib/python3.12/site-packages/airflow/example_dags/example_dynamic_task_mapping.py took 0.115 seconds
