[2024-04-21T14:34:42.061+0000] {processor.py:161} INFO - Started process (PID=69) to work on /home/airflow/.local/lib/python3.12/site-packages/airflow/example_dags/example_display_name.py
[2024-04-21T14:34:42.061+0000] {processor.py:830} INFO - Processing file /home/airflow/.local/lib/python3.12/site-packages/airflow/example_dags/example_display_name.py for tasks to queue
[2024-04-21T14:34:42.075+0000] {logging_mixin.py:188} INFO - [2024-04-21T14:34:42.063+0000] {dagbag.py:540} INFO - Filling up the DagBag from /home/airflow/.local/lib/python3.12/site-packages/airflow/example_dags/example_display_name.py
[2024-04-21T14:34:42.120+0000] {processor.py:840} INFO - DAG(s) 'example_display_name' retrieved from /home/airflow/.local/lib/python3.12/site-packages/airflow/example_dags/example_display_name.py
[2024-04-21T14:34:42.902+0000] {logging_mixin.py:188} INFO - [2024-04-21T14:34:42.901+0000] {dag.py:3096} INFO - Sync 1 DAGs
[2024-04-21T14:34:42.946+0000] {logging_mixin.py:188} INFO - [2024-04-21T14:34:42.946+0000] {dag.py:3954} INFO - Setting next_dagrun for example_display_name to None, run_after=None
[2024-04-21T14:34:43.045+0000] {processor.py:183} INFO - Processing /home/airflow/.local/lib/python3.12/site-packages/airflow/example_dags/example_display_name.py took 1.033 seconds
[2024-04-21T14:35:13.789+0000] {processor.py:161} INFO - Started process (PID=130) to work on /home/airflow/.local/lib/python3.12/site-packages/airflow/example_dags/example_display_name.py
[2024-04-21T14:35:13.800+0000] {processor.py:830} INFO - Processing file /home/airflow/.local/lib/python3.12/site-packages/airflow/example_dags/example_display_name.py for tasks to queue
[2024-04-21T14:35:13.806+0000] {logging_mixin.py:188} INFO - [2024-04-21T14:35:13.805+0000] {dagbag.py:540} INFO - Filling up the DagBag from /home/airflow/.local/lib/python3.12/site-packages/airflow/example_dags/example_display_name.py
[2024-04-21T14:35:13.827+0000] {processor.py:840} INFO - DAG(s) 'example_display_name' retrieved from /home/airflow/.local/lib/python3.12/site-packages/airflow/example_dags/example_display_name.py
[2024-04-21T14:35:13.912+0000] {logging_mixin.py:188} INFO - [2024-04-21T14:35:13.912+0000] {dag.py:3096} INFO - Sync 1 DAGs
[2024-04-21T14:35:14.002+0000] {logging_mixin.py:188} INFO - [2024-04-21T14:35:14.001+0000] {dag.py:3954} INFO - Setting next_dagrun for example_display_name to None, run_after=None
[2024-04-21T14:35:14.072+0000] {processor.py:183} INFO - Processing /home/airflow/.local/lib/python3.12/site-packages/airflow/example_dags/example_display_name.py took 0.289 seconds
[2024-04-21T14:35:44.452+0000] {processor.py:161} INFO - Started process (PID=192) to work on /home/airflow/.local/lib/python3.12/site-packages/airflow/example_dags/example_display_name.py
[2024-04-21T14:35:44.455+0000] {processor.py:830} INFO - Processing file /home/airflow/.local/lib/python3.12/site-packages/airflow/example_dags/example_display_name.py for tasks to queue
[2024-04-21T14:35:44.459+0000] {logging_mixin.py:188} INFO - [2024-04-21T14:35:44.458+0000] {dagbag.py:540} INFO - Filling up the DagBag from /home/airflow/.local/lib/python3.12/site-packages/airflow/example_dags/example_display_name.py
[2024-04-21T14:35:44.471+0000] {processor.py:840} INFO - DAG(s) 'example_display_name' retrieved from /home/airflow/.local/lib/python3.12/site-packages/airflow/example_dags/example_display_name.py
[2024-04-21T14:35:44.498+0000] {logging_mixin.py:188} INFO - [2024-04-21T14:35:44.497+0000] {dag.py:3096} INFO - Sync 1 DAGs
[2024-04-21T14:35:44.516+0000] {logging_mixin.py:188} INFO - [2024-04-21T14:35:44.516+0000] {dag.py:3954} INFO - Setting next_dagrun for example_display_name to None, run_after=None
[2024-04-21T14:35:44.543+0000] {processor.py:183} INFO - Processing /home/airflow/.local/lib/python3.12/site-packages/airflow/example_dags/example_display_name.py took 0.097 seconds
[2024-04-21T14:36:15.026+0000] {processor.py:161} INFO - Started process (PID=252) to work on /home/airflow/.local/lib/python3.12/site-packages/airflow/example_dags/example_display_name.py
[2024-04-21T14:36:15.028+0000] {processor.py:830} INFO - Processing file /home/airflow/.local/lib/python3.12/site-packages/airflow/example_dags/example_display_name.py for tasks to queue
[2024-04-21T14:36:15.041+0000] {logging_mixin.py:188} INFO - [2024-04-21T14:36:15.041+0000] {dagbag.py:540} INFO - Filling up the DagBag from /home/airflow/.local/lib/python3.12/site-packages/airflow/example_dags/example_display_name.py
[2024-04-21T14:36:15.048+0000] {processor.py:840} INFO - DAG(s) 'example_display_name' retrieved from /home/airflow/.local/lib/python3.12/site-packages/airflow/example_dags/example_display_name.py
[2024-04-21T14:36:15.088+0000] {logging_mixin.py:188} INFO - [2024-04-21T14:36:15.088+0000] {dag.py:3096} INFO - Sync 1 DAGs
[2024-04-21T14:36:15.127+0000] {logging_mixin.py:188} INFO - [2024-04-21T14:36:15.127+0000] {dag.py:3954} INFO - Setting next_dagrun for example_display_name to None, run_after=None
[2024-04-21T14:36:15.189+0000] {processor.py:183} INFO - Processing /home/airflow/.local/lib/python3.12/site-packages/airflow/example_dags/example_display_name.py took 0.170 seconds
[2024-04-21T14:36:45.262+0000] {processor.py:161} INFO - Started process (PID=313) to work on /home/airflow/.local/lib/python3.12/site-packages/airflow/example_dags/example_display_name.py
[2024-04-21T14:36:45.263+0000] {processor.py:830} INFO - Processing file /home/airflow/.local/lib/python3.12/site-packages/airflow/example_dags/example_display_name.py for tasks to queue
[2024-04-21T14:36:45.265+0000] {logging_mixin.py:188} INFO - [2024-04-21T14:36:45.264+0000] {dagbag.py:540} INFO - Filling up the DagBag from /home/airflow/.local/lib/python3.12/site-packages/airflow/example_dags/example_display_name.py
[2024-04-21T14:36:45.270+0000] {processor.py:840} INFO - DAG(s) 'example_display_name' retrieved from /home/airflow/.local/lib/python3.12/site-packages/airflow/example_dags/example_display_name.py
[2024-04-21T14:36:45.291+0000] {logging_mixin.py:188} INFO - [2024-04-21T14:36:45.291+0000] {dag.py:3096} INFO - Sync 1 DAGs
[2024-04-21T14:36:45.302+0000] {logging_mixin.py:188} INFO - [2024-04-21T14:36:45.302+0000] {dag.py:3954} INFO - Setting next_dagrun for example_display_name to None, run_after=None
[2024-04-21T14:36:45.323+0000] {processor.py:183} INFO - Processing /home/airflow/.local/lib/python3.12/site-packages/airflow/example_dags/example_display_name.py took 0.066 seconds
[2024-04-21T14:37:16.325+0000] {processor.py:161} INFO - Started process (PID=374) to work on /home/airflow/.local/lib/python3.12/site-packages/airflow/example_dags/example_display_name.py
[2024-04-21T14:37:16.333+0000] {processor.py:830} INFO - Processing file /home/airflow/.local/lib/python3.12/site-packages/airflow/example_dags/example_display_name.py for tasks to queue
[2024-04-21T14:37:16.337+0000] {logging_mixin.py:188} INFO - [2024-04-21T14:37:16.336+0000] {dagbag.py:540} INFO - Filling up the DagBag from /home/airflow/.local/lib/python3.12/site-packages/airflow/example_dags/example_display_name.py
[2024-04-21T14:37:16.347+0000] {processor.py:840} INFO - DAG(s) 'example_display_name' retrieved from /home/airflow/.local/lib/python3.12/site-packages/airflow/example_dags/example_display_name.py
[2024-04-21T14:37:16.401+0000] {logging_mixin.py:188} INFO - [2024-04-21T14:37:16.400+0000] {dag.py:3096} INFO - Sync 1 DAGs
[2024-04-21T14:37:16.422+0000] {logging_mixin.py:188} INFO - [2024-04-21T14:37:16.422+0000] {dag.py:3954} INFO - Setting next_dagrun for example_display_name to None, run_after=None
[2024-04-21T14:37:16.452+0000] {processor.py:183} INFO - Processing /home/airflow/.local/lib/python3.12/site-packages/airflow/example_dags/example_display_name.py took 0.136 seconds
[2024-04-21T14:37:46.874+0000] {processor.py:161} INFO - Started process (PID=435) to work on /home/airflow/.local/lib/python3.12/site-packages/airflow/example_dags/example_display_name.py
[2024-04-21T14:37:46.879+0000] {processor.py:830} INFO - Processing file /home/airflow/.local/lib/python3.12/site-packages/airflow/example_dags/example_display_name.py for tasks to queue
[2024-04-21T14:37:46.884+0000] {logging_mixin.py:188} INFO - [2024-04-21T14:37:46.884+0000] {dagbag.py:540} INFO - Filling up the DagBag from /home/airflow/.local/lib/python3.12/site-packages/airflow/example_dags/example_display_name.py
[2024-04-21T14:37:46.901+0000] {processor.py:840} INFO - DAG(s) 'example_display_name' retrieved from /home/airflow/.local/lib/python3.12/site-packages/airflow/example_dags/example_display_name.py
[2024-04-21T14:37:46.970+0000] {logging_mixin.py:188} INFO - [2024-04-21T14:37:46.969+0000] {dag.py:3096} INFO - Sync 1 DAGs
[2024-04-21T14:37:47.058+0000] {logging_mixin.py:188} INFO - [2024-04-21T14:37:47.057+0000] {dag.py:3954} INFO - Setting next_dagrun for example_display_name to None, run_after=None
[2024-04-21T14:37:47.124+0000] {processor.py:183} INFO - Processing /home/airflow/.local/lib/python3.12/site-packages/airflow/example_dags/example_display_name.py took 0.262 seconds
[2024-04-21T14:38:18.029+0000] {processor.py:161} INFO - Started process (PID=496) to work on /home/airflow/.local/lib/python3.12/site-packages/airflow/example_dags/example_display_name.py
[2024-04-21T14:38:18.031+0000] {processor.py:830} INFO - Processing file /home/airflow/.local/lib/python3.12/site-packages/airflow/example_dags/example_display_name.py for tasks to queue
[2024-04-21T14:38:18.034+0000] {logging_mixin.py:188} INFO - [2024-04-21T14:38:18.034+0000] {dagbag.py:540} INFO - Filling up the DagBag from /home/airflow/.local/lib/python3.12/site-packages/airflow/example_dags/example_display_name.py
[2024-04-21T14:38:18.046+0000] {processor.py:840} INFO - DAG(s) 'example_display_name' retrieved from /home/airflow/.local/lib/python3.12/site-packages/airflow/example_dags/example_display_name.py
[2024-04-21T14:38:18.088+0000] {logging_mixin.py:188} INFO - [2024-04-21T14:38:18.087+0000] {dag.py:3096} INFO - Sync 1 DAGs
[2024-04-21T14:38:18.132+0000] {logging_mixin.py:188} INFO - [2024-04-21T14:38:18.132+0000] {dag.py:3954} INFO - Setting next_dagrun for example_display_name to None, run_after=None
[2024-04-21T14:38:18.187+0000] {processor.py:183} INFO - Processing /home/airflow/.local/lib/python3.12/site-packages/airflow/example_dags/example_display_name.py took 0.172 seconds
[2024-04-21T14:38:48.316+0000] {processor.py:161} INFO - Started process (PID=557) to work on /home/airflow/.local/lib/python3.12/site-packages/airflow/example_dags/example_display_name.py
[2024-04-21T14:38:48.318+0000] {processor.py:830} INFO - Processing file /home/airflow/.local/lib/python3.12/site-packages/airflow/example_dags/example_display_name.py for tasks to queue
[2024-04-21T14:38:48.320+0000] {logging_mixin.py:188} INFO - [2024-04-21T14:38:48.320+0000] {dagbag.py:540} INFO - Filling up the DagBag from /home/airflow/.local/lib/python3.12/site-packages/airflow/example_dags/example_display_name.py
[2024-04-21T14:38:48.327+0000] {processor.py:840} INFO - DAG(s) 'example_display_name' retrieved from /home/airflow/.local/lib/python3.12/site-packages/airflow/example_dags/example_display_name.py
[2024-04-21T14:38:48.353+0000] {logging_mixin.py:188} INFO - [2024-04-21T14:38:48.353+0000] {dag.py:3096} INFO - Sync 1 DAGs
[2024-04-21T14:38:48.370+0000] {logging_mixin.py:188} INFO - [2024-04-21T14:38:48.369+0000] {dag.py:3954} INFO - Setting next_dagrun for example_display_name to None, run_after=None
[2024-04-21T14:38:48.408+0000] {processor.py:183} INFO - Processing /home/airflow/.local/lib/python3.12/site-packages/airflow/example_dags/example_display_name.py took 0.099 seconds
[2024-04-21T14:39:18.711+0000] {processor.py:161} INFO - Started process (PID=618) to work on /home/airflow/.local/lib/python3.12/site-packages/airflow/example_dags/example_display_name.py
[2024-04-21T14:39:18.714+0000] {processor.py:830} INFO - Processing file /home/airflow/.local/lib/python3.12/site-packages/airflow/example_dags/example_display_name.py for tasks to queue
[2024-04-21T14:39:18.716+0000] {logging_mixin.py:188} INFO - [2024-04-21T14:39:18.716+0000] {dagbag.py:540} INFO - Filling up the DagBag from /home/airflow/.local/lib/python3.12/site-packages/airflow/example_dags/example_display_name.py
[2024-04-21T14:39:18.724+0000] {processor.py:840} INFO - DAG(s) 'example_display_name' retrieved from /home/airflow/.local/lib/python3.12/site-packages/airflow/example_dags/example_display_name.py
[2024-04-21T14:39:18.752+0000] {logging_mixin.py:188} INFO - [2024-04-21T14:39:18.751+0000] {dag.py:3096} INFO - Sync 1 DAGs
[2024-04-21T14:39:18.773+0000] {logging_mixin.py:188} INFO - [2024-04-21T14:39:18.772+0000] {dag.py:3954} INFO - Setting next_dagrun for example_display_name to None, run_after=None
[2024-04-21T14:39:18.800+0000] {processor.py:183} INFO - Processing /home/airflow/.local/lib/python3.12/site-packages/airflow/example_dags/example_display_name.py took 0.095 seconds
[2024-04-21T14:39:49.284+0000] {processor.py:161} INFO - Started process (PID=679) to work on /home/airflow/.local/lib/python3.12/site-packages/airflow/example_dags/example_display_name.py
[2024-04-21T14:39:49.288+0000] {processor.py:830} INFO - Processing file /home/airflow/.local/lib/python3.12/site-packages/airflow/example_dags/example_display_name.py for tasks to queue
[2024-04-21T14:39:49.291+0000] {logging_mixin.py:188} INFO - [2024-04-21T14:39:49.291+0000] {dagbag.py:540} INFO - Filling up the DagBag from /home/airflow/.local/lib/python3.12/site-packages/airflow/example_dags/example_display_name.py
[2024-04-21T14:39:49.305+0000] {processor.py:840} INFO - DAG(s) 'example_display_name' retrieved from /home/airflow/.local/lib/python3.12/site-packages/airflow/example_dags/example_display_name.py
[2024-04-21T14:39:49.341+0000] {logging_mixin.py:188} INFO - [2024-04-21T14:39:49.340+0000] {dag.py:3096} INFO - Sync 1 DAGs
[2024-04-21T14:39:49.379+0000] {logging_mixin.py:188} INFO - [2024-04-21T14:39:49.378+0000] {dag.py:3954} INFO - Setting next_dagrun for example_display_name to None, run_after=None
[2024-04-21T14:39:49.410+0000] {processor.py:183} INFO - Processing /home/airflow/.local/lib/python3.12/site-packages/airflow/example_dags/example_display_name.py took 0.142 seconds
[2024-04-21T14:40:19.512+0000] {processor.py:161} INFO - Started process (PID=740) to work on /home/airflow/.local/lib/python3.12/site-packages/airflow/example_dags/example_display_name.py
[2024-04-21T14:40:19.514+0000] {processor.py:830} INFO - Processing file /home/airflow/.local/lib/python3.12/site-packages/airflow/example_dags/example_display_name.py for tasks to queue
[2024-04-21T14:40:19.516+0000] {logging_mixin.py:188} INFO - [2024-04-21T14:40:19.516+0000] {dagbag.py:540} INFO - Filling up the DagBag from /home/airflow/.local/lib/python3.12/site-packages/airflow/example_dags/example_display_name.py
[2024-04-21T14:40:19.525+0000] {processor.py:840} INFO - DAG(s) 'example_display_name' retrieved from /home/airflow/.local/lib/python3.12/site-packages/airflow/example_dags/example_display_name.py
[2024-04-21T14:40:19.552+0000] {logging_mixin.py:188} INFO - [2024-04-21T14:40:19.551+0000] {dag.py:3096} INFO - Sync 1 DAGs
[2024-04-21T14:40:19.569+0000] {logging_mixin.py:188} INFO - [2024-04-21T14:40:19.568+0000] {dag.py:3954} INFO - Setting next_dagrun for example_display_name to None, run_after=None
[2024-04-21T14:40:19.606+0000] {processor.py:183} INFO - Processing /home/airflow/.local/lib/python3.12/site-packages/airflow/example_dags/example_display_name.py took 0.100 seconds
[2024-04-21T14:40:50.089+0000] {processor.py:161} INFO - Started process (PID=801) to work on /home/airflow/.local/lib/python3.12/site-packages/airflow/example_dags/example_display_name.py
[2024-04-21T14:40:50.091+0000] {processor.py:830} INFO - Processing file /home/airflow/.local/lib/python3.12/site-packages/airflow/example_dags/example_display_name.py for tasks to queue
[2024-04-21T14:40:50.094+0000] {logging_mixin.py:188} INFO - [2024-04-21T14:40:50.094+0000] {dagbag.py:540} INFO - Filling up the DagBag from /home/airflow/.local/lib/python3.12/site-packages/airflow/example_dags/example_display_name.py
[2024-04-21T14:40:50.108+0000] {processor.py:840} INFO - DAG(s) 'example_display_name' retrieved from /home/airflow/.local/lib/python3.12/site-packages/airflow/example_dags/example_display_name.py
[2024-04-21T14:40:50.134+0000] {logging_mixin.py:188} INFO - [2024-04-21T14:40:50.134+0000] {dag.py:3096} INFO - Sync 1 DAGs
[2024-04-21T14:40:50.151+0000] {logging_mixin.py:188} INFO - [2024-04-21T14:40:50.151+0000] {dag.py:3954} INFO - Setting next_dagrun for example_display_name to None, run_after=None
[2024-04-21T14:40:50.178+0000] {processor.py:183} INFO - Processing /home/airflow/.local/lib/python3.12/site-packages/airflow/example_dags/example_display_name.py took 0.095 seconds
[2024-04-21T14:41:20.687+0000] {processor.py:161} INFO - Started process (PID=862) to work on /home/airflow/.local/lib/python3.12/site-packages/airflow/example_dags/example_display_name.py
[2024-04-21T14:41:20.688+0000] {processor.py:830} INFO - Processing file /home/airflow/.local/lib/python3.12/site-packages/airflow/example_dags/example_display_name.py for tasks to queue
[2024-04-21T14:41:20.691+0000] {logging_mixin.py:188} INFO - [2024-04-21T14:41:20.690+0000] {dagbag.py:540} INFO - Filling up the DagBag from /home/airflow/.local/lib/python3.12/site-packages/airflow/example_dags/example_display_name.py
[2024-04-21T14:41:20.697+0000] {processor.py:840} INFO - DAG(s) 'example_display_name' retrieved from /home/airflow/.local/lib/python3.12/site-packages/airflow/example_dags/example_display_name.py
[2024-04-21T14:41:20.727+0000] {logging_mixin.py:188} INFO - [2024-04-21T14:41:20.726+0000] {dag.py:3096} INFO - Sync 1 DAGs
[2024-04-21T14:41:20.746+0000] {logging_mixin.py:188} INFO - [2024-04-21T14:41:20.746+0000] {dag.py:3954} INFO - Setting next_dagrun for example_display_name to None, run_after=None
[2024-04-21T14:41:20.774+0000] {processor.py:183} INFO - Processing /home/airflow/.local/lib/python3.12/site-packages/airflow/example_dags/example_display_name.py took 0.094 seconds
[2024-04-21T14:41:51.044+0000] {processor.py:161} INFO - Started process (PID=923) to work on /home/airflow/.local/lib/python3.12/site-packages/airflow/example_dags/example_display_name.py
[2024-04-21T14:41:51.045+0000] {processor.py:830} INFO - Processing file /home/airflow/.local/lib/python3.12/site-packages/airflow/example_dags/example_display_name.py for tasks to queue
[2024-04-21T14:41:51.056+0000] {logging_mixin.py:188} INFO - [2024-04-21T14:41:51.055+0000] {dagbag.py:540} INFO - Filling up the DagBag from /home/airflow/.local/lib/python3.12/site-packages/airflow/example_dags/example_display_name.py
[2024-04-21T14:41:51.078+0000] {processor.py:840} INFO - DAG(s) 'example_display_name' retrieved from /home/airflow/.local/lib/python3.12/site-packages/airflow/example_dags/example_display_name.py
[2024-04-21T14:41:51.160+0000] {logging_mixin.py:188} INFO - [2024-04-21T14:41:51.160+0000] {dag.py:3096} INFO - Sync 1 DAGs
[2024-04-21T14:41:51.220+0000] {logging_mixin.py:188} INFO - [2024-04-21T14:41:51.220+0000] {dag.py:3954} INFO - Setting next_dagrun for example_display_name to None, run_after=None
[2024-04-21T14:41:51.300+0000] {processor.py:183} INFO - Processing /home/airflow/.local/lib/python3.12/site-packages/airflow/example_dags/example_display_name.py took 0.277 seconds
[2024-04-21T14:42:21.653+0000] {processor.py:161} INFO - Started process (PID=984) to work on /home/airflow/.local/lib/python3.12/site-packages/airflow/example_dags/example_display_name.py
[2024-04-21T14:42:21.658+0000] {processor.py:830} INFO - Processing file /home/airflow/.local/lib/python3.12/site-packages/airflow/example_dags/example_display_name.py for tasks to queue
[2024-04-21T14:42:21.660+0000] {logging_mixin.py:188} INFO - [2024-04-21T14:42:21.660+0000] {dagbag.py:540} INFO - Filling up the DagBag from /home/airflow/.local/lib/python3.12/site-packages/airflow/example_dags/example_display_name.py
[2024-04-21T14:42:21.677+0000] {processor.py:840} INFO - DAG(s) 'example_display_name' retrieved from /home/airflow/.local/lib/python3.12/site-packages/airflow/example_dags/example_display_name.py
[2024-04-21T14:42:21.748+0000] {logging_mixin.py:188} INFO - [2024-04-21T14:42:21.748+0000] {dag.py:3096} INFO - Sync 1 DAGs
[2024-04-21T14:42:21.780+0000] {logging_mixin.py:188} INFO - [2024-04-21T14:42:21.780+0000] {dag.py:3954} INFO - Setting next_dagrun for example_display_name to None, run_after=None
[2024-04-21T14:42:21.827+0000] {processor.py:183} INFO - Processing /home/airflow/.local/lib/python3.12/site-packages/airflow/example_dags/example_display_name.py took 0.188 seconds
[2024-04-21T14:42:52.183+0000] {processor.py:161} INFO - Started process (PID=1045) to work on /home/airflow/.local/lib/python3.12/site-packages/airflow/example_dags/example_display_name.py
[2024-04-21T14:42:52.185+0000] {processor.py:830} INFO - Processing file /home/airflow/.local/lib/python3.12/site-packages/airflow/example_dags/example_display_name.py for tasks to queue
[2024-04-21T14:42:52.188+0000] {logging_mixin.py:188} INFO - [2024-04-21T14:42:52.188+0000] {dagbag.py:540} INFO - Filling up the DagBag from /home/airflow/.local/lib/python3.12/site-packages/airflow/example_dags/example_display_name.py
[2024-04-21T14:42:52.196+0000] {processor.py:840} INFO - DAG(s) 'example_display_name' retrieved from /home/airflow/.local/lib/python3.12/site-packages/airflow/example_dags/example_display_name.py
[2024-04-21T14:42:52.225+0000] {logging_mixin.py:188} INFO - [2024-04-21T14:42:52.224+0000] {dag.py:3096} INFO - Sync 1 DAGs
[2024-04-21T14:42:52.243+0000] {logging_mixin.py:188} INFO - [2024-04-21T14:42:52.242+0000] {dag.py:3954} INFO - Setting next_dagrun for example_display_name to None, run_after=None
[2024-04-21T14:42:52.270+0000] {processor.py:183} INFO - Processing /home/airflow/.local/lib/python3.12/site-packages/airflow/example_dags/example_display_name.py took 0.093 seconds
[2024-04-21T14:43:22.351+0000] {processor.py:161} INFO - Started process (PID=1106) to work on /home/airflow/.local/lib/python3.12/site-packages/airflow/example_dags/example_display_name.py
[2024-04-21T14:43:22.353+0000] {processor.py:830} INFO - Processing file /home/airflow/.local/lib/python3.12/site-packages/airflow/example_dags/example_display_name.py for tasks to queue
[2024-04-21T14:43:22.359+0000] {logging_mixin.py:188} INFO - [2024-04-21T14:43:22.356+0000] {dagbag.py:540} INFO - Filling up the DagBag from /home/airflow/.local/lib/python3.12/site-packages/airflow/example_dags/example_display_name.py
[2024-04-21T14:43:22.367+0000] {processor.py:840} INFO - DAG(s) 'example_display_name' retrieved from /home/airflow/.local/lib/python3.12/site-packages/airflow/example_dags/example_display_name.py
[2024-04-21T14:43:22.396+0000] {logging_mixin.py:188} INFO - [2024-04-21T14:43:22.396+0000] {dag.py:3096} INFO - Sync 1 DAGs
[2024-04-21T14:43:22.413+0000] {logging_mixin.py:188} INFO - [2024-04-21T14:43:22.413+0000] {dag.py:3954} INFO - Setting next_dagrun for example_display_name to None, run_after=None
[2024-04-21T14:43:22.441+0000] {processor.py:183} INFO - Processing /home/airflow/.local/lib/python3.12/site-packages/airflow/example_dags/example_display_name.py took 0.097 seconds
[2024-04-21T14:43:52.942+0000] {processor.py:161} INFO - Started process (PID=1167) to work on /home/airflow/.local/lib/python3.12/site-packages/airflow/example_dags/example_display_name.py
[2024-04-21T14:43:52.944+0000] {processor.py:830} INFO - Processing file /home/airflow/.local/lib/python3.12/site-packages/airflow/example_dags/example_display_name.py for tasks to queue
[2024-04-21T14:43:52.946+0000] {logging_mixin.py:188} INFO - [2024-04-21T14:43:52.946+0000] {dagbag.py:540} INFO - Filling up the DagBag from /home/airflow/.local/lib/python3.12/site-packages/airflow/example_dags/example_display_name.py
[2024-04-21T14:43:52.955+0000] {processor.py:840} INFO - DAG(s) 'example_display_name' retrieved from /home/airflow/.local/lib/python3.12/site-packages/airflow/example_dags/example_display_name.py
[2024-04-21T14:43:52.981+0000] {logging_mixin.py:188} INFO - [2024-04-21T14:43:52.981+0000] {dag.py:3096} INFO - Sync 1 DAGs
[2024-04-21T14:43:52.998+0000] {logging_mixin.py:188} INFO - [2024-04-21T14:43:52.997+0000] {dag.py:3954} INFO - Setting next_dagrun for example_display_name to None, run_after=None
[2024-04-21T14:43:53.026+0000] {processor.py:183} INFO - Processing /home/airflow/.local/lib/python3.12/site-packages/airflow/example_dags/example_display_name.py took 0.090 seconds
[2024-04-21T14:44:23.480+0000] {processor.py:161} INFO - Started process (PID=1228) to work on /home/airflow/.local/lib/python3.12/site-packages/airflow/example_dags/example_display_name.py
[2024-04-21T14:44:23.482+0000] {processor.py:830} INFO - Processing file /home/airflow/.local/lib/python3.12/site-packages/airflow/example_dags/example_display_name.py for tasks to queue
[2024-04-21T14:44:23.485+0000] {logging_mixin.py:188} INFO - [2024-04-21T14:44:23.484+0000] {dagbag.py:540} INFO - Filling up the DagBag from /home/airflow/.local/lib/python3.12/site-packages/airflow/example_dags/example_display_name.py
[2024-04-21T14:44:23.492+0000] {processor.py:840} INFO - DAG(s) 'example_display_name' retrieved from /home/airflow/.local/lib/python3.12/site-packages/airflow/example_dags/example_display_name.py
[2024-04-21T14:44:23.517+0000] {logging_mixin.py:188} INFO - [2024-04-21T14:44:23.517+0000] {dag.py:3096} INFO - Sync 1 DAGs
[2024-04-21T14:44:23.536+0000] {logging_mixin.py:188} INFO - [2024-04-21T14:44:23.536+0000] {dag.py:3954} INFO - Setting next_dagrun for example_display_name to None, run_after=None
[2024-04-21T14:44:23.563+0000] {processor.py:183} INFO - Processing /home/airflow/.local/lib/python3.12/site-packages/airflow/example_dags/example_display_name.py took 0.090 seconds
[2024-04-21T14:44:53.994+0000] {processor.py:161} INFO - Started process (PID=1289) to work on /home/airflow/.local/lib/python3.12/site-packages/airflow/example_dags/example_display_name.py
[2024-04-21T14:44:54.002+0000] {processor.py:830} INFO - Processing file /home/airflow/.local/lib/python3.12/site-packages/airflow/example_dags/example_display_name.py for tasks to queue
[2024-04-21T14:44:54.005+0000] {logging_mixin.py:188} INFO - [2024-04-21T14:44:54.005+0000] {dagbag.py:540} INFO - Filling up the DagBag from /home/airflow/.local/lib/python3.12/site-packages/airflow/example_dags/example_display_name.py
[2024-04-21T14:44:54.013+0000] {processor.py:840} INFO - DAG(s) 'example_display_name' retrieved from /home/airflow/.local/lib/python3.12/site-packages/airflow/example_dags/example_display_name.py
[2024-04-21T14:44:54.043+0000] {logging_mixin.py:188} INFO - [2024-04-21T14:44:54.043+0000] {dag.py:3096} INFO - Sync 1 DAGs
[2024-04-21T14:44:54.061+0000] {logging_mixin.py:188} INFO - [2024-04-21T14:44:54.060+0000] {dag.py:3954} INFO - Setting next_dagrun for example_display_name to None, run_after=None
[2024-04-21T14:44:54.087+0000] {processor.py:183} INFO - Processing /home/airflow/.local/lib/python3.12/site-packages/airflow/example_dags/example_display_name.py took 0.100 seconds
[2024-04-21T14:45:24.502+0000] {processor.py:161} INFO - Started process (PID=1350) to work on /home/airflow/.local/lib/python3.12/site-packages/airflow/example_dags/example_display_name.py
[2024-04-21T14:45:24.503+0000] {processor.py:830} INFO - Processing file /home/airflow/.local/lib/python3.12/site-packages/airflow/example_dags/example_display_name.py for tasks to queue
[2024-04-21T14:45:24.506+0000] {logging_mixin.py:188} INFO - [2024-04-21T14:45:24.506+0000] {dagbag.py:540} INFO - Filling up the DagBag from /home/airflow/.local/lib/python3.12/site-packages/airflow/example_dags/example_display_name.py
[2024-04-21T14:45:24.514+0000] {processor.py:840} INFO - DAG(s) 'example_display_name' retrieved from /home/airflow/.local/lib/python3.12/site-packages/airflow/example_dags/example_display_name.py
[2024-04-21T14:45:24.538+0000] {logging_mixin.py:188} INFO - [2024-04-21T14:45:24.538+0000] {dag.py:3096} INFO - Sync 1 DAGs
[2024-04-21T14:45:24.556+0000] {logging_mixin.py:188} INFO - [2024-04-21T14:45:24.556+0000] {dag.py:3954} INFO - Setting next_dagrun for example_display_name to None, run_after=None
[2024-04-21T14:45:24.585+0000] {processor.py:183} INFO - Processing /home/airflow/.local/lib/python3.12/site-packages/airflow/example_dags/example_display_name.py took 0.089 seconds
[2024-04-21T14:45:55.013+0000] {processor.py:161} INFO - Started process (PID=1411) to work on /home/airflow/.local/lib/python3.12/site-packages/airflow/example_dags/example_display_name.py
[2024-04-21T14:45:55.015+0000] {processor.py:830} INFO - Processing file /home/airflow/.local/lib/python3.12/site-packages/airflow/example_dags/example_display_name.py for tasks to queue
[2024-04-21T14:45:55.018+0000] {logging_mixin.py:188} INFO - [2024-04-21T14:45:55.018+0000] {dagbag.py:540} INFO - Filling up the DagBag from /home/airflow/.local/lib/python3.12/site-packages/airflow/example_dags/example_display_name.py
[2024-04-21T14:45:55.026+0000] {processor.py:840} INFO - DAG(s) 'example_display_name' retrieved from /home/airflow/.local/lib/python3.12/site-packages/airflow/example_dags/example_display_name.py
[2024-04-21T14:45:55.055+0000] {logging_mixin.py:188} INFO - [2024-04-21T14:45:55.055+0000] {dag.py:3096} INFO - Sync 1 DAGs
[2024-04-21T14:45:55.073+0000] {logging_mixin.py:188} INFO - [2024-04-21T14:45:55.073+0000] {dag.py:3954} INFO - Setting next_dagrun for example_display_name to None, run_after=None
[2024-04-21T14:45:55.101+0000] {processor.py:183} INFO - Processing /home/airflow/.local/lib/python3.12/site-packages/airflow/example_dags/example_display_name.py took 0.094 seconds
[2024-04-21T14:46:25.582+0000] {processor.py:161} INFO - Started process (PID=1473) to work on /home/airflow/.local/lib/python3.12/site-packages/airflow/example_dags/example_display_name.py
[2024-04-21T14:46:25.587+0000] {processor.py:830} INFO - Processing file /home/airflow/.local/lib/python3.12/site-packages/airflow/example_dags/example_display_name.py for tasks to queue
[2024-04-21T14:46:25.590+0000] {logging_mixin.py:188} INFO - [2024-04-21T14:46:25.590+0000] {dagbag.py:540} INFO - Filling up the DagBag from /home/airflow/.local/lib/python3.12/site-packages/airflow/example_dags/example_display_name.py
[2024-04-21T14:46:25.600+0000] {processor.py:840} INFO - DAG(s) 'example_display_name' retrieved from /home/airflow/.local/lib/python3.12/site-packages/airflow/example_dags/example_display_name.py
[2024-04-21T14:46:25.646+0000] {logging_mixin.py:188} INFO - [2024-04-21T14:46:25.646+0000] {dag.py:3096} INFO - Sync 1 DAGs
[2024-04-21T14:46:25.669+0000] {logging_mixin.py:188} INFO - [2024-04-21T14:46:25.669+0000] {dag.py:3954} INFO - Setting next_dagrun for example_display_name to None, run_after=None
[2024-04-21T14:46:25.710+0000] {processor.py:183} INFO - Processing /home/airflow/.local/lib/python3.12/site-packages/airflow/example_dags/example_display_name.py took 0.135 seconds
[2024-04-21T14:46:56.139+0000] {processor.py:161} INFO - Started process (PID=1534) to work on /home/airflow/.local/lib/python3.12/site-packages/airflow/example_dags/example_display_name.py
[2024-04-21T14:46:56.141+0000] {processor.py:830} INFO - Processing file /home/airflow/.local/lib/python3.12/site-packages/airflow/example_dags/example_display_name.py for tasks to queue
[2024-04-21T14:46:56.144+0000] {logging_mixin.py:188} INFO - [2024-04-21T14:46:56.144+0000] {dagbag.py:540} INFO - Filling up the DagBag from /home/airflow/.local/lib/python3.12/site-packages/airflow/example_dags/example_display_name.py
[2024-04-21T14:46:56.153+0000] {processor.py:840} INFO - DAG(s) 'example_display_name' retrieved from /home/airflow/.local/lib/python3.12/site-packages/airflow/example_dags/example_display_name.py
[2024-04-21T14:46:56.178+0000] {logging_mixin.py:188} INFO - [2024-04-21T14:46:56.177+0000] {dag.py:3096} INFO - Sync 1 DAGs
[2024-04-21T14:46:56.195+0000] {logging_mixin.py:188} INFO - [2024-04-21T14:46:56.194+0000] {dag.py:3954} INFO - Setting next_dagrun for example_display_name to None, run_after=None
[2024-04-21T14:46:56.255+0000] {processor.py:183} INFO - Processing /home/airflow/.local/lib/python3.12/site-packages/airflow/example_dags/example_display_name.py took 0.123 seconds
[2024-04-21T14:47:27.079+0000] {processor.py:161} INFO - Started process (PID=1596) to work on /home/airflow/.local/lib/python3.12/site-packages/airflow/example_dags/example_display_name.py
[2024-04-21T14:47:27.081+0000] {processor.py:830} INFO - Processing file /home/airflow/.local/lib/python3.12/site-packages/airflow/example_dags/example_display_name.py for tasks to queue
[2024-04-21T14:47:27.084+0000] {logging_mixin.py:188} INFO - [2024-04-21T14:47:27.083+0000] {dagbag.py:540} INFO - Filling up the DagBag from /home/airflow/.local/lib/python3.12/site-packages/airflow/example_dags/example_display_name.py
[2024-04-21T14:47:27.106+0000] {processor.py:840} INFO - DAG(s) 'example_display_name' retrieved from /home/airflow/.local/lib/python3.12/site-packages/airflow/example_dags/example_display_name.py
[2024-04-21T14:47:27.167+0000] {logging_mixin.py:188} INFO - [2024-04-21T14:47:27.166+0000] {dag.py:3096} INFO - Sync 1 DAGs
[2024-04-21T14:47:27.185+0000] {logging_mixin.py:188} INFO - [2024-04-21T14:47:27.185+0000] {dag.py:3954} INFO - Setting next_dagrun for example_display_name to None, run_after=None
[2024-04-21T14:47:27.219+0000] {processor.py:183} INFO - Processing /home/airflow/.local/lib/python3.12/site-packages/airflow/example_dags/example_display_name.py took 0.147 seconds
[2024-04-21T14:47:57.734+0000] {processor.py:161} INFO - Started process (PID=1663) to work on /home/airflow/.local/lib/python3.12/site-packages/airflow/example_dags/example_display_name.py
[2024-04-21T14:47:57.751+0000] {processor.py:830} INFO - Processing file /home/airflow/.local/lib/python3.12/site-packages/airflow/example_dags/example_display_name.py for tasks to queue
[2024-04-21T14:47:57.759+0000] {logging_mixin.py:188} INFO - [2024-04-21T14:47:57.758+0000] {dagbag.py:540} INFO - Filling up the DagBag from /home/airflow/.local/lib/python3.12/site-packages/airflow/example_dags/example_display_name.py
[2024-04-21T14:47:57.782+0000] {processor.py:840} INFO - DAG(s) 'example_display_name' retrieved from /home/airflow/.local/lib/python3.12/site-packages/airflow/example_dags/example_display_name.py
[2024-04-21T14:47:57.910+0000] {logging_mixin.py:188} INFO - [2024-04-21T14:47:57.909+0000] {dag.py:3096} INFO - Sync 1 DAGs
[2024-04-21T14:47:57.947+0000] {logging_mixin.py:188} INFO - [2024-04-21T14:47:57.946+0000] {dag.py:3954} INFO - Setting next_dagrun for example_display_name to None, run_after=None
[2024-04-21T14:47:58.025+0000] {processor.py:183} INFO - Processing /home/airflow/.local/lib/python3.12/site-packages/airflow/example_dags/example_display_name.py took 0.305 seconds
[2024-04-21T14:48:28.978+0000] {processor.py:161} INFO - Started process (PID=1724) to work on /home/airflow/.local/lib/python3.12/site-packages/airflow/example_dags/example_display_name.py
[2024-04-21T14:48:28.980+0000] {processor.py:830} INFO - Processing file /home/airflow/.local/lib/python3.12/site-packages/airflow/example_dags/example_display_name.py for tasks to queue
[2024-04-21T14:48:28.983+0000] {logging_mixin.py:188} INFO - [2024-04-21T14:48:28.983+0000] {dagbag.py:540} INFO - Filling up the DagBag from /home/airflow/.local/lib/python3.12/site-packages/airflow/example_dags/example_display_name.py
[2024-04-21T14:48:28.991+0000] {processor.py:840} INFO - DAG(s) 'example_display_name' retrieved from /home/airflow/.local/lib/python3.12/site-packages/airflow/example_dags/example_display_name.py
[2024-04-21T14:48:29.030+0000] {logging_mixin.py:188} INFO - [2024-04-21T14:48:29.028+0000] {dag.py:3096} INFO - Sync 1 DAGs
[2024-04-21T14:48:29.074+0000] {logging_mixin.py:188} INFO - [2024-04-21T14:48:29.073+0000] {dag.py:3954} INFO - Setting next_dagrun for example_display_name to None, run_after=None
[2024-04-21T14:48:29.119+0000] {processor.py:183} INFO - Processing /home/airflow/.local/lib/python3.12/site-packages/airflow/example_dags/example_display_name.py took 0.158 seconds
[2024-04-21T14:48:59.466+0000] {processor.py:161} INFO - Started process (PID=1786) to work on /home/airflow/.local/lib/python3.12/site-packages/airflow/example_dags/example_display_name.py
[2024-04-21T14:48:59.469+0000] {processor.py:830} INFO - Processing file /home/airflow/.local/lib/python3.12/site-packages/airflow/example_dags/example_display_name.py for tasks to queue
[2024-04-21T14:48:59.475+0000] {logging_mixin.py:188} INFO - [2024-04-21T14:48:59.475+0000] {dagbag.py:540} INFO - Filling up the DagBag from /home/airflow/.local/lib/python3.12/site-packages/airflow/example_dags/example_display_name.py
[2024-04-21T14:48:59.482+0000] {processor.py:840} INFO - DAG(s) 'example_display_name' retrieved from /home/airflow/.local/lib/python3.12/site-packages/airflow/example_dags/example_display_name.py
[2024-04-21T14:48:59.516+0000] {logging_mixin.py:188} INFO - [2024-04-21T14:48:59.515+0000] {dag.py:3096} INFO - Sync 1 DAGs
[2024-04-21T14:48:59.533+0000] {logging_mixin.py:188} INFO - [2024-04-21T14:48:59.533+0000] {dag.py:3954} INFO - Setting next_dagrun for example_display_name to None, run_after=None
[2024-04-21T14:48:59.563+0000] {processor.py:183} INFO - Processing /home/airflow/.local/lib/python3.12/site-packages/airflow/example_dags/example_display_name.py took 0.104 seconds
[2024-04-21T14:49:30.256+0000] {processor.py:161} INFO - Started process (PID=1848) to work on /home/airflow/.local/lib/python3.12/site-packages/airflow/example_dags/example_display_name.py
[2024-04-21T14:49:30.261+0000] {processor.py:830} INFO - Processing file /home/airflow/.local/lib/python3.12/site-packages/airflow/example_dags/example_display_name.py for tasks to queue
[2024-04-21T14:49:30.264+0000] {logging_mixin.py:188} INFO - [2024-04-21T14:49:30.264+0000] {dagbag.py:540} INFO - Filling up the DagBag from /home/airflow/.local/lib/python3.12/site-packages/airflow/example_dags/example_display_name.py
[2024-04-21T14:49:30.274+0000] {processor.py:840} INFO - DAG(s) 'example_display_name' retrieved from /home/airflow/.local/lib/python3.12/site-packages/airflow/example_dags/example_display_name.py
[2024-04-21T14:49:30.300+0000] {logging_mixin.py:188} INFO - [2024-04-21T14:49:30.300+0000] {dag.py:3096} INFO - Sync 1 DAGs
[2024-04-21T14:49:30.317+0000] {logging_mixin.py:188} INFO - [2024-04-21T14:49:30.317+0000] {dag.py:3954} INFO - Setting next_dagrun for example_display_name to None, run_after=None
[2024-04-21T14:49:30.346+0000] {processor.py:183} INFO - Processing /home/airflow/.local/lib/python3.12/site-packages/airflow/example_dags/example_display_name.py took 0.121 seconds
[2024-04-21T14:50:00.814+0000] {processor.py:161} INFO - Started process (PID=1910) to work on /home/airflow/.local/lib/python3.12/site-packages/airflow/example_dags/example_display_name.py
[2024-04-21T14:50:00.816+0000] {processor.py:830} INFO - Processing file /home/airflow/.local/lib/python3.12/site-packages/airflow/example_dags/example_display_name.py for tasks to queue
[2024-04-21T14:50:00.818+0000] {logging_mixin.py:188} INFO - [2024-04-21T14:50:00.818+0000] {dagbag.py:540} INFO - Filling up the DagBag from /home/airflow/.local/lib/python3.12/site-packages/airflow/example_dags/example_display_name.py
[2024-04-21T14:50:00.825+0000] {processor.py:840} INFO - DAG(s) 'example_display_name' retrieved from /home/airflow/.local/lib/python3.12/site-packages/airflow/example_dags/example_display_name.py
[2024-04-21T14:50:00.851+0000] {logging_mixin.py:188} INFO - [2024-04-21T14:50:00.851+0000] {dag.py:3096} INFO - Sync 1 DAGs
[2024-04-21T14:50:00.869+0000] {logging_mixin.py:188} INFO - [2024-04-21T14:50:00.868+0000] {dag.py:3954} INFO - Setting next_dagrun for example_display_name to None, run_after=None
[2024-04-21T14:50:00.897+0000] {processor.py:183} INFO - Processing /home/airflow/.local/lib/python3.12/site-packages/airflow/example_dags/example_display_name.py took 0.090 seconds
[2024-04-21T14:50:31.232+0000] {processor.py:161} INFO - Started process (PID=1971) to work on /home/airflow/.local/lib/python3.12/site-packages/airflow/example_dags/example_display_name.py
[2024-04-21T14:50:31.236+0000] {processor.py:830} INFO - Processing file /home/airflow/.local/lib/python3.12/site-packages/airflow/example_dags/example_display_name.py for tasks to queue
[2024-04-21T14:50:31.238+0000] {logging_mixin.py:188} INFO - [2024-04-21T14:50:31.238+0000] {dagbag.py:540} INFO - Filling up the DagBag from /home/airflow/.local/lib/python3.12/site-packages/airflow/example_dags/example_display_name.py
[2024-04-21T14:50:31.253+0000] {processor.py:840} INFO - DAG(s) 'example_display_name' retrieved from /home/airflow/.local/lib/python3.12/site-packages/airflow/example_dags/example_display_name.py
[2024-04-21T14:50:31.311+0000] {logging_mixin.py:188} INFO - [2024-04-21T14:50:31.310+0000] {dag.py:3096} INFO - Sync 1 DAGs
[2024-04-21T14:50:31.347+0000] {logging_mixin.py:188} INFO - [2024-04-21T14:50:31.347+0000] {dag.py:3954} INFO - Setting next_dagrun for example_display_name to None, run_after=None
[2024-04-21T14:50:31.373+0000] {processor.py:183} INFO - Processing /home/airflow/.local/lib/python3.12/site-packages/airflow/example_dags/example_display_name.py took 0.148 seconds
[2024-04-21T14:51:01.772+0000] {processor.py:161} INFO - Started process (PID=2032) to work on /home/airflow/.local/lib/python3.12/site-packages/airflow/example_dags/example_display_name.py
[2024-04-21T14:51:01.774+0000] {processor.py:830} INFO - Processing file /home/airflow/.local/lib/python3.12/site-packages/airflow/example_dags/example_display_name.py for tasks to queue
[2024-04-21T14:51:01.777+0000] {logging_mixin.py:188} INFO - [2024-04-21T14:51:01.776+0000] {dagbag.py:540} INFO - Filling up the DagBag from /home/airflow/.local/lib/python3.12/site-packages/airflow/example_dags/example_display_name.py
[2024-04-21T14:51:01.784+0000] {processor.py:840} INFO - DAG(s) 'example_display_name' retrieved from /home/airflow/.local/lib/python3.12/site-packages/airflow/example_dags/example_display_name.py
[2024-04-21T14:51:01.808+0000] {logging_mixin.py:188} INFO - [2024-04-21T14:51:01.808+0000] {dag.py:3096} INFO - Sync 1 DAGs
[2024-04-21T14:51:01.826+0000] {logging_mixin.py:188} INFO - [2024-04-21T14:51:01.825+0000] {dag.py:3954} INFO - Setting next_dagrun for example_display_name to None, run_after=None
[2024-04-21T14:51:01.896+0000] {processor.py:183} INFO - Processing /home/airflow/.local/lib/python3.12/site-packages/airflow/example_dags/example_display_name.py took 0.130 seconds
[2024-04-21T14:51:32.089+0000] {processor.py:161} INFO - Started process (PID=2094) to work on /home/airflow/.local/lib/python3.12/site-packages/airflow/example_dags/example_display_name.py
[2024-04-21T14:51:32.092+0000] {processor.py:830} INFO - Processing file /home/airflow/.local/lib/python3.12/site-packages/airflow/example_dags/example_display_name.py for tasks to queue
[2024-04-21T14:51:32.103+0000] {logging_mixin.py:188} INFO - [2024-04-21T14:51:32.103+0000] {dagbag.py:540} INFO - Filling up the DagBag from /home/airflow/.local/lib/python3.12/site-packages/airflow/example_dags/example_display_name.py
[2024-04-21T14:51:32.118+0000] {processor.py:840} INFO - DAG(s) 'example_display_name' retrieved from /home/airflow/.local/lib/python3.12/site-packages/airflow/example_dags/example_display_name.py
[2024-04-21T14:51:32.172+0000] {logging_mixin.py:188} INFO - [2024-04-21T14:51:32.171+0000] {dag.py:3096} INFO - Sync 1 DAGs
[2024-04-21T14:51:32.196+0000] {logging_mixin.py:188} INFO - [2024-04-21T14:51:32.195+0000] {dag.py:3954} INFO - Setting next_dagrun for example_display_name to None, run_after=None
[2024-04-21T14:51:32.224+0000] {processor.py:183} INFO - Processing /home/airflow/.local/lib/python3.12/site-packages/airflow/example_dags/example_display_name.py took 0.150 seconds
[2024-04-21T14:52:02.668+0000] {processor.py:161} INFO - Started process (PID=2156) to work on /home/airflow/.local/lib/python3.12/site-packages/airflow/example_dags/example_display_name.py
[2024-04-21T14:52:02.672+0000] {processor.py:830} INFO - Processing file /home/airflow/.local/lib/python3.12/site-packages/airflow/example_dags/example_display_name.py for tasks to queue
[2024-04-21T14:52:02.674+0000] {logging_mixin.py:188} INFO - [2024-04-21T14:52:02.674+0000] {dagbag.py:540} INFO - Filling up the DagBag from /home/airflow/.local/lib/python3.12/site-packages/airflow/example_dags/example_display_name.py
[2024-04-21T14:52:02.681+0000] {processor.py:840} INFO - DAG(s) 'example_display_name' retrieved from /home/airflow/.local/lib/python3.12/site-packages/airflow/example_dags/example_display_name.py
[2024-04-21T14:52:02.714+0000] {logging_mixin.py:188} INFO - [2024-04-21T14:52:02.713+0000] {dag.py:3096} INFO - Sync 1 DAGs
[2024-04-21T14:52:02.733+0000] {logging_mixin.py:188} INFO - [2024-04-21T14:52:02.732+0000] {dag.py:3954} INFO - Setting next_dagrun for example_display_name to None, run_after=None
[2024-04-21T14:52:02.765+0000] {processor.py:183} INFO - Processing /home/airflow/.local/lib/python3.12/site-packages/airflow/example_dags/example_display_name.py took 0.103 seconds
