[2024-04-21T14:34:39.270+0000] {processor.py:161} INFO - Started process (PID=63) to work on /home/airflow/.local/lib/python3.12/site-packages/airflow/example_dags/example_external_task_marker_dag.py
[2024-04-21T14:34:39.271+0000] {processor.py:830} INFO - Processing file /home/airflow/.local/lib/python3.12/site-packages/airflow/example_dags/example_external_task_marker_dag.py for tasks to queue
[2024-04-21T14:34:39.274+0000] {logging_mixin.py:188} INFO - [2024-04-21T14:34:39.274+0000] {dagbag.py:540} INFO - Filling up the DagBag from /home/airflow/.local/lib/python3.12/site-packages/airflow/example_dags/example_external_task_marker_dag.py
[2024-04-21T14:34:39.285+0000] {processor.py:840} INFO - DAG(s) 'example_external_task_marker_child', 'example_external_task_marker_parent' retrieved from /home/airflow/.local/lib/python3.12/site-packages/airflow/example_dags/example_external_task_marker_dag.py
[2024-04-21T14:34:39.705+0000] {logging_mixin.py:188} INFO - [2024-04-21T14:34:39.704+0000] {dag.py:3096} INFO - Sync 2 DAGs
[2024-04-21T14:34:39.777+0000] {logging_mixin.py:188} INFO - [2024-04-21T14:34:39.777+0000] {dag.py:3954} INFO - Setting next_dagrun for example_external_task_marker_child to None, run_after=None
[2024-04-21T14:34:39.796+0000] {logging_mixin.py:188} INFO - [2024-04-21T14:34:39.796+0000] {dag.py:3954} INFO - Setting next_dagrun for example_external_task_marker_parent to None, run_after=None
[2024-04-21T14:34:39.902+0000] {processor.py:183} INFO - Processing /home/airflow/.local/lib/python3.12/site-packages/airflow/example_dags/example_external_task_marker_dag.py took 0.640 seconds
[2024-04-21T14:35:10.290+0000] {processor.py:161} INFO - Started process (PID=124) to work on /home/airflow/.local/lib/python3.12/site-packages/airflow/example_dags/example_external_task_marker_dag.py
[2024-04-21T14:35:10.292+0000] {processor.py:830} INFO - Processing file /home/airflow/.local/lib/python3.12/site-packages/airflow/example_dags/example_external_task_marker_dag.py for tasks to queue
[2024-04-21T14:35:10.295+0000] {logging_mixin.py:188} INFO - [2024-04-21T14:35:10.294+0000] {dagbag.py:540} INFO - Filling up the DagBag from /home/airflow/.local/lib/python3.12/site-packages/airflow/example_dags/example_external_task_marker_dag.py
[2024-04-21T14:35:10.302+0000] {processor.py:840} INFO - DAG(s) 'example_external_task_marker_child', 'example_external_task_marker_parent' retrieved from /home/airflow/.local/lib/python3.12/site-packages/airflow/example_dags/example_external_task_marker_dag.py
[2024-04-21T14:35:10.342+0000] {logging_mixin.py:188} INFO - [2024-04-21T14:35:10.342+0000] {dag.py:3096} INFO - Sync 2 DAGs
[2024-04-21T14:35:10.360+0000] {logging_mixin.py:188} INFO - [2024-04-21T14:35:10.360+0000] {dag.py:3954} INFO - Setting next_dagrun for example_external_task_marker_child to None, run_after=None
[2024-04-21T14:35:10.366+0000] {logging_mixin.py:188} INFO - [2024-04-21T14:35:10.366+0000] {dag.py:3954} INFO - Setting next_dagrun for example_external_task_marker_parent to None, run_after=None
[2024-04-21T14:35:10.394+0000] {processor.py:183} INFO - Processing /home/airflow/.local/lib/python3.12/site-packages/airflow/example_dags/example_external_task_marker_dag.py took 0.110 seconds
[2024-04-21T14:35:41.023+0000] {processor.py:161} INFO - Started process (PID=186) to work on /home/airflow/.local/lib/python3.12/site-packages/airflow/example_dags/example_external_task_marker_dag.py
[2024-04-21T14:35:41.025+0000] {processor.py:830} INFO - Processing file /home/airflow/.local/lib/python3.12/site-packages/airflow/example_dags/example_external_task_marker_dag.py for tasks to queue
[2024-04-21T14:35:41.028+0000] {logging_mixin.py:188} INFO - [2024-04-21T14:35:41.027+0000] {dagbag.py:540} INFO - Filling up the DagBag from /home/airflow/.local/lib/python3.12/site-packages/airflow/example_dags/example_external_task_marker_dag.py
[2024-04-21T14:35:41.036+0000] {processor.py:840} INFO - DAG(s) 'example_external_task_marker_child', 'example_external_task_marker_parent' retrieved from /home/airflow/.local/lib/python3.12/site-packages/airflow/example_dags/example_external_task_marker_dag.py
[2024-04-21T14:35:41.067+0000] {logging_mixin.py:188} INFO - [2024-04-21T14:35:41.067+0000] {dag.py:3096} INFO - Sync 2 DAGs
[2024-04-21T14:35:41.088+0000] {logging_mixin.py:188} INFO - [2024-04-21T14:35:41.085+0000] {dag.py:3954} INFO - Setting next_dagrun for example_external_task_marker_child to None, run_after=None
[2024-04-21T14:35:41.095+0000] {logging_mixin.py:188} INFO - [2024-04-21T14:35:41.095+0000] {dag.py:3954} INFO - Setting next_dagrun for example_external_task_marker_parent to None, run_after=None
[2024-04-21T14:35:41.121+0000] {processor.py:183} INFO - Processing /home/airflow/.local/lib/python3.12/site-packages/airflow/example_dags/example_external_task_marker_dag.py took 0.104 seconds
[2024-04-21T14:36:11.444+0000] {processor.py:161} INFO - Started process (PID=246) to work on /home/airflow/.local/lib/python3.12/site-packages/airflow/example_dags/example_external_task_marker_dag.py
[2024-04-21T14:36:11.445+0000] {processor.py:830} INFO - Processing file /home/airflow/.local/lib/python3.12/site-packages/airflow/example_dags/example_external_task_marker_dag.py for tasks to queue
[2024-04-21T14:36:11.448+0000] {logging_mixin.py:188} INFO - [2024-04-21T14:36:11.447+0000] {dagbag.py:540} INFO - Filling up the DagBag from /home/airflow/.local/lib/python3.12/site-packages/airflow/example_dags/example_external_task_marker_dag.py
[2024-04-21T14:36:11.455+0000] {processor.py:840} INFO - DAG(s) 'example_external_task_marker_parent', 'example_external_task_marker_child' retrieved from /home/airflow/.local/lib/python3.12/site-packages/airflow/example_dags/example_external_task_marker_dag.py
[2024-04-21T14:36:11.485+0000] {logging_mixin.py:188} INFO - [2024-04-21T14:36:11.484+0000] {dag.py:3096} INFO - Sync 2 DAGs
[2024-04-21T14:36:11.502+0000] {logging_mixin.py:188} INFO - [2024-04-21T14:36:11.501+0000] {dag.py:3954} INFO - Setting next_dagrun for example_external_task_marker_child to None, run_after=None
[2024-04-21T14:36:11.506+0000] {logging_mixin.py:188} INFO - [2024-04-21T14:36:11.506+0000] {dag.py:3954} INFO - Setting next_dagrun for example_external_task_marker_parent to None, run_after=None
[2024-04-21T14:36:11.532+0000] {processor.py:183} INFO - Processing /home/airflow/.local/lib/python3.12/site-packages/airflow/example_dags/example_external_task_marker_dag.py took 0.095 seconds
[2024-04-21T14:36:41.875+0000] {processor.py:161} INFO - Started process (PID=307) to work on /home/airflow/.local/lib/python3.12/site-packages/airflow/example_dags/example_external_task_marker_dag.py
[2024-04-21T14:36:41.876+0000] {processor.py:830} INFO - Processing file /home/airflow/.local/lib/python3.12/site-packages/airflow/example_dags/example_external_task_marker_dag.py for tasks to queue
[2024-04-21T14:36:41.878+0000] {logging_mixin.py:188} INFO - [2024-04-21T14:36:41.878+0000] {dagbag.py:540} INFO - Filling up the DagBag from /home/airflow/.local/lib/python3.12/site-packages/airflow/example_dags/example_external_task_marker_dag.py
[2024-04-21T14:36:41.886+0000] {processor.py:840} INFO - DAG(s) 'example_external_task_marker_parent', 'example_external_task_marker_child' retrieved from /home/airflow/.local/lib/python3.12/site-packages/airflow/example_dags/example_external_task_marker_dag.py
[2024-04-21T14:36:41.923+0000] {logging_mixin.py:188} INFO - [2024-04-21T14:36:41.922+0000] {dag.py:3096} INFO - Sync 2 DAGs
[2024-04-21T14:36:41.954+0000] {logging_mixin.py:188} INFO - [2024-04-21T14:36:41.954+0000] {dag.py:3954} INFO - Setting next_dagrun for example_external_task_marker_child to None, run_after=None
[2024-04-21T14:36:41.966+0000] {logging_mixin.py:188} INFO - [2024-04-21T14:36:41.965+0000] {dag.py:3954} INFO - Setting next_dagrun for example_external_task_marker_parent to None, run_after=None
[2024-04-21T14:36:42.020+0000] {processor.py:183} INFO - Processing /home/airflow/.local/lib/python3.12/site-packages/airflow/example_dags/example_external_task_marker_dag.py took 0.152 seconds
[2024-04-21T14:37:12.201+0000] {processor.py:161} INFO - Started process (PID=368) to work on /home/airflow/.local/lib/python3.12/site-packages/airflow/example_dags/example_external_task_marker_dag.py
[2024-04-21T14:37:12.202+0000] {processor.py:830} INFO - Processing file /home/airflow/.local/lib/python3.12/site-packages/airflow/example_dags/example_external_task_marker_dag.py for tasks to queue
[2024-04-21T14:37:12.204+0000] {logging_mixin.py:188} INFO - [2024-04-21T14:37:12.204+0000] {dagbag.py:540} INFO - Filling up the DagBag from /home/airflow/.local/lib/python3.12/site-packages/airflow/example_dags/example_external_task_marker_dag.py
[2024-04-21T14:37:12.212+0000] {processor.py:840} INFO - DAG(s) 'example_external_task_marker_child', 'example_external_task_marker_parent' retrieved from /home/airflow/.local/lib/python3.12/site-packages/airflow/example_dags/example_external_task_marker_dag.py
[2024-04-21T14:37:12.280+0000] {logging_mixin.py:188} INFO - [2024-04-21T14:37:12.279+0000] {dag.py:3096} INFO - Sync 2 DAGs
[2024-04-21T14:37:12.301+0000] {logging_mixin.py:188} INFO - [2024-04-21T14:37:12.300+0000] {dag.py:3954} INFO - Setting next_dagrun for example_external_task_marker_child to None, run_after=None
[2024-04-21T14:37:12.309+0000] {logging_mixin.py:188} INFO - [2024-04-21T14:37:12.309+0000] {dag.py:3954} INFO - Setting next_dagrun for example_external_task_marker_parent to None, run_after=None
[2024-04-21T14:37:12.397+0000] {processor.py:183} INFO - Processing /home/airflow/.local/lib/python3.12/site-packages/airflow/example_dags/example_external_task_marker_dag.py took 0.206 seconds
[2024-04-21T14:37:43.238+0000] {processor.py:161} INFO - Started process (PID=429) to work on /home/airflow/.local/lib/python3.12/site-packages/airflow/example_dags/example_external_task_marker_dag.py
[2024-04-21T14:37:43.247+0000] {processor.py:830} INFO - Processing file /home/airflow/.local/lib/python3.12/site-packages/airflow/example_dags/example_external_task_marker_dag.py for tasks to queue
[2024-04-21T14:37:43.276+0000] {logging_mixin.py:188} INFO - [2024-04-21T14:37:43.271+0000] {dagbag.py:540} INFO - Filling up the DagBag from /home/airflow/.local/lib/python3.12/site-packages/airflow/example_dags/example_external_task_marker_dag.py
[2024-04-21T14:37:43.339+0000] {processor.py:840} INFO - DAG(s) 'example_external_task_marker_parent', 'example_external_task_marker_child' retrieved from /home/airflow/.local/lib/python3.12/site-packages/airflow/example_dags/example_external_task_marker_dag.py
[2024-04-21T14:37:43.527+0000] {logging_mixin.py:188} INFO - [2024-04-21T14:37:43.526+0000] {dag.py:3096} INFO - Sync 2 DAGs
[2024-04-21T14:37:43.622+0000] {logging_mixin.py:188} INFO - [2024-04-21T14:37:43.622+0000] {dag.py:3954} INFO - Setting next_dagrun for example_external_task_marker_child to None, run_after=None
[2024-04-21T14:37:43.670+0000] {logging_mixin.py:188} INFO - [2024-04-21T14:37:43.670+0000] {dag.py:3954} INFO - Setting next_dagrun for example_external_task_marker_parent to None, run_after=None
[2024-04-21T14:37:43.787+0000] {processor.py:183} INFO - Processing /home/airflow/.local/lib/python3.12/site-packages/airflow/example_dags/example_external_task_marker_dag.py took 0.568 seconds
[2024-04-21T14:38:14.452+0000] {processor.py:161} INFO - Started process (PID=490) to work on /home/airflow/.local/lib/python3.12/site-packages/airflow/example_dags/example_external_task_marker_dag.py
[2024-04-21T14:38:14.454+0000] {processor.py:830} INFO - Processing file /home/airflow/.local/lib/python3.12/site-packages/airflow/example_dags/example_external_task_marker_dag.py for tasks to queue
[2024-04-21T14:38:14.457+0000] {logging_mixin.py:188} INFO - [2024-04-21T14:38:14.457+0000] {dagbag.py:540} INFO - Filling up the DagBag from /home/airflow/.local/lib/python3.12/site-packages/airflow/example_dags/example_external_task_marker_dag.py
[2024-04-21T14:38:14.467+0000] {processor.py:840} INFO - DAG(s) 'example_external_task_marker_child', 'example_external_task_marker_parent' retrieved from /home/airflow/.local/lib/python3.12/site-packages/airflow/example_dags/example_external_task_marker_dag.py
[2024-04-21T14:38:14.503+0000] {logging_mixin.py:188} INFO - [2024-04-21T14:38:14.502+0000] {dag.py:3096} INFO - Sync 2 DAGs
[2024-04-21T14:38:14.522+0000] {logging_mixin.py:188} INFO - [2024-04-21T14:38:14.522+0000] {dag.py:3954} INFO - Setting next_dagrun for example_external_task_marker_child to None, run_after=None
[2024-04-21T14:38:14.531+0000] {logging_mixin.py:188} INFO - [2024-04-21T14:38:14.531+0000] {dag.py:3954} INFO - Setting next_dagrun for example_external_task_marker_parent to None, run_after=None
[2024-04-21T14:38:14.561+0000] {processor.py:183} INFO - Processing /home/airflow/.local/lib/python3.12/site-packages/airflow/example_dags/example_external_task_marker_dag.py took 0.116 seconds
[2024-04-21T14:38:44.654+0000] {processor.py:161} INFO - Started process (PID=551) to work on /home/airflow/.local/lib/python3.12/site-packages/airflow/example_dags/example_external_task_marker_dag.py
[2024-04-21T14:38:44.655+0000] {processor.py:830} INFO - Processing file /home/airflow/.local/lib/python3.12/site-packages/airflow/example_dags/example_external_task_marker_dag.py for tasks to queue
[2024-04-21T14:38:44.657+0000] {logging_mixin.py:188} INFO - [2024-04-21T14:38:44.657+0000] {dagbag.py:540} INFO - Filling up the DagBag from /home/airflow/.local/lib/python3.12/site-packages/airflow/example_dags/example_external_task_marker_dag.py
[2024-04-21T14:38:44.665+0000] {processor.py:840} INFO - DAG(s) 'example_external_task_marker_child', 'example_external_task_marker_parent' retrieved from /home/airflow/.local/lib/python3.12/site-packages/airflow/example_dags/example_external_task_marker_dag.py
[2024-04-21T14:38:44.692+0000] {logging_mixin.py:188} INFO - [2024-04-21T14:38:44.692+0000] {dag.py:3096} INFO - Sync 2 DAGs
[2024-04-21T14:38:44.711+0000] {logging_mixin.py:188} INFO - [2024-04-21T14:38:44.711+0000] {dag.py:3954} INFO - Setting next_dagrun for example_external_task_marker_child to None, run_after=None
[2024-04-21T14:38:44.717+0000] {logging_mixin.py:188} INFO - [2024-04-21T14:38:44.717+0000] {dag.py:3954} INFO - Setting next_dagrun for example_external_task_marker_parent to None, run_after=None
[2024-04-21T14:38:44.775+0000] {processor.py:183} INFO - Processing /home/airflow/.local/lib/python3.12/site-packages/airflow/example_dags/example_external_task_marker_dag.py took 0.127 seconds
[2024-04-21T14:39:15.315+0000] {processor.py:161} INFO - Started process (PID=612) to work on /home/airflow/.local/lib/python3.12/site-packages/airflow/example_dags/example_external_task_marker_dag.py
[2024-04-21T14:39:15.317+0000] {processor.py:830} INFO - Processing file /home/airflow/.local/lib/python3.12/site-packages/airflow/example_dags/example_external_task_marker_dag.py for tasks to queue
[2024-04-21T14:39:15.320+0000] {logging_mixin.py:188} INFO - [2024-04-21T14:39:15.319+0000] {dagbag.py:540} INFO - Filling up the DagBag from /home/airflow/.local/lib/python3.12/site-packages/airflow/example_dags/example_external_task_marker_dag.py
[2024-04-21T14:39:15.328+0000] {processor.py:840} INFO - DAG(s) 'example_external_task_marker_child', 'example_external_task_marker_parent' retrieved from /home/airflow/.local/lib/python3.12/site-packages/airflow/example_dags/example_external_task_marker_dag.py
[2024-04-21T14:39:15.360+0000] {logging_mixin.py:188} INFO - [2024-04-21T14:39:15.359+0000] {dag.py:3096} INFO - Sync 2 DAGs
[2024-04-21T14:39:15.379+0000] {logging_mixin.py:188} INFO - [2024-04-21T14:39:15.379+0000] {dag.py:3954} INFO - Setting next_dagrun for example_external_task_marker_child to None, run_after=None
[2024-04-21T14:39:15.385+0000] {logging_mixin.py:188} INFO - [2024-04-21T14:39:15.384+0000] {dag.py:3954} INFO - Setting next_dagrun for example_external_task_marker_parent to None, run_after=None
[2024-04-21T14:39:15.410+0000] {processor.py:183} INFO - Processing /home/airflow/.local/lib/python3.12/site-packages/airflow/example_dags/example_external_task_marker_dag.py took 0.102 seconds
[2024-04-21T14:39:45.521+0000] {processor.py:161} INFO - Started process (PID=673) to work on /home/airflow/.local/lib/python3.12/site-packages/airflow/example_dags/example_external_task_marker_dag.py
[2024-04-21T14:39:45.530+0000] {processor.py:830} INFO - Processing file /home/airflow/.local/lib/python3.12/site-packages/airflow/example_dags/example_external_task_marker_dag.py for tasks to queue
[2024-04-21T14:39:45.538+0000] {logging_mixin.py:188} INFO - [2024-04-21T14:39:45.538+0000] {dagbag.py:540} INFO - Filling up the DagBag from /home/airflow/.local/lib/python3.12/site-packages/airflow/example_dags/example_external_task_marker_dag.py
[2024-04-21T14:39:45.567+0000] {processor.py:840} INFO - DAG(s) 'example_external_task_marker_parent', 'example_external_task_marker_child' retrieved from /home/airflow/.local/lib/python3.12/site-packages/airflow/example_dags/example_external_task_marker_dag.py
[2024-04-21T14:39:45.631+0000] {logging_mixin.py:188} INFO - [2024-04-21T14:39:45.630+0000] {dag.py:3096} INFO - Sync 2 DAGs
[2024-04-21T14:39:45.670+0000] {logging_mixin.py:188} INFO - [2024-04-21T14:39:45.670+0000] {dag.py:3954} INFO - Setting next_dagrun for example_external_task_marker_child to None, run_after=None
[2024-04-21T14:39:45.683+0000] {logging_mixin.py:188} INFO - [2024-04-21T14:39:45.683+0000] {dag.py:3954} INFO - Setting next_dagrun for example_external_task_marker_parent to None, run_after=None
[2024-04-21T14:39:45.743+0000] {processor.py:183} INFO - Processing /home/airflow/.local/lib/python3.12/site-packages/airflow/example_dags/example_external_task_marker_dag.py took 0.249 seconds
[2024-04-21T14:40:15.835+0000] {processor.py:161} INFO - Started process (PID=734) to work on /home/airflow/.local/lib/python3.12/site-packages/airflow/example_dags/example_external_task_marker_dag.py
[2024-04-21T14:40:15.837+0000] {processor.py:830} INFO - Processing file /home/airflow/.local/lib/python3.12/site-packages/airflow/example_dags/example_external_task_marker_dag.py for tasks to queue
[2024-04-21T14:40:15.840+0000] {logging_mixin.py:188} INFO - [2024-04-21T14:40:15.840+0000] {dagbag.py:540} INFO - Filling up the DagBag from /home/airflow/.local/lib/python3.12/site-packages/airflow/example_dags/example_external_task_marker_dag.py
[2024-04-21T14:40:15.847+0000] {processor.py:840} INFO - DAG(s) 'example_external_task_marker_child', 'example_external_task_marker_parent' retrieved from /home/airflow/.local/lib/python3.12/site-packages/airflow/example_dags/example_external_task_marker_dag.py
[2024-04-21T14:40:15.876+0000] {logging_mixin.py:188} INFO - [2024-04-21T14:40:15.876+0000] {dag.py:3096} INFO - Sync 2 DAGs
[2024-04-21T14:40:15.894+0000] {logging_mixin.py:188} INFO - [2024-04-21T14:40:15.894+0000] {dag.py:3954} INFO - Setting next_dagrun for example_external_task_marker_child to None, run_after=None
[2024-04-21T14:40:15.902+0000] {logging_mixin.py:188} INFO - [2024-04-21T14:40:15.901+0000] {dag.py:3954} INFO - Setting next_dagrun for example_external_task_marker_parent to None, run_after=None
[2024-04-21T14:40:15.924+0000] {processor.py:183} INFO - Processing /home/airflow/.local/lib/python3.12/site-packages/airflow/example_dags/example_external_task_marker_dag.py took 0.096 seconds
[2024-04-21T14:40:46.498+0000] {processor.py:161} INFO - Started process (PID=795) to work on /home/airflow/.local/lib/python3.12/site-packages/airflow/example_dags/example_external_task_marker_dag.py
[2024-04-21T14:40:46.501+0000] {processor.py:830} INFO - Processing file /home/airflow/.local/lib/python3.12/site-packages/airflow/example_dags/example_external_task_marker_dag.py for tasks to queue
[2024-04-21T14:40:46.505+0000] {logging_mixin.py:188} INFO - [2024-04-21T14:40:46.505+0000] {dagbag.py:540} INFO - Filling up the DagBag from /home/airflow/.local/lib/python3.12/site-packages/airflow/example_dags/example_external_task_marker_dag.py
[2024-04-21T14:40:46.513+0000] {processor.py:840} INFO - DAG(s) 'example_external_task_marker_parent', 'example_external_task_marker_child' retrieved from /home/airflow/.local/lib/python3.12/site-packages/airflow/example_dags/example_external_task_marker_dag.py
[2024-04-21T14:40:46.549+0000] {logging_mixin.py:188} INFO - [2024-04-21T14:40:46.548+0000] {dag.py:3096} INFO - Sync 2 DAGs
[2024-04-21T14:40:46.578+0000] {logging_mixin.py:188} INFO - [2024-04-21T14:40:46.577+0000] {dag.py:3954} INFO - Setting next_dagrun for example_external_task_marker_child to None, run_after=None
[2024-04-21T14:40:46.592+0000] {logging_mixin.py:188} INFO - [2024-04-21T14:40:46.592+0000] {dag.py:3954} INFO - Setting next_dagrun for example_external_task_marker_parent to None, run_after=None
[2024-04-21T14:40:46.643+0000] {processor.py:183} INFO - Processing /home/airflow/.local/lib/python3.12/site-packages/airflow/example_dags/example_external_task_marker_dag.py took 0.150 seconds
[2024-04-21T14:41:16.923+0000] {processor.py:161} INFO - Started process (PID=856) to work on /home/airflow/.local/lib/python3.12/site-packages/airflow/example_dags/example_external_task_marker_dag.py
[2024-04-21T14:41:16.936+0000] {processor.py:830} INFO - Processing file /home/airflow/.local/lib/python3.12/site-packages/airflow/example_dags/example_external_task_marker_dag.py for tasks to queue
[2024-04-21T14:41:16.938+0000] {logging_mixin.py:188} INFO - [2024-04-21T14:41:16.938+0000] {dagbag.py:540} INFO - Filling up the DagBag from /home/airflow/.local/lib/python3.12/site-packages/airflow/example_dags/example_external_task_marker_dag.py
[2024-04-21T14:41:16.945+0000] {processor.py:840} INFO - DAG(s) 'example_external_task_marker_parent', 'example_external_task_marker_child' retrieved from /home/airflow/.local/lib/python3.12/site-packages/airflow/example_dags/example_external_task_marker_dag.py
[2024-04-21T14:41:17.008+0000] {logging_mixin.py:188} INFO - [2024-04-21T14:41:17.007+0000] {dag.py:3096} INFO - Sync 2 DAGs
[2024-04-21T14:41:17.039+0000] {logging_mixin.py:188} INFO - [2024-04-21T14:41:17.038+0000] {dag.py:3954} INFO - Setting next_dagrun for example_external_task_marker_child to None, run_after=None
[2024-04-21T14:41:17.052+0000] {logging_mixin.py:188} INFO - [2024-04-21T14:41:17.052+0000] {dag.py:3954} INFO - Setting next_dagrun for example_external_task_marker_parent to None, run_after=None
[2024-04-21T14:41:17.088+0000] {processor.py:183} INFO - Processing /home/airflow/.local/lib/python3.12/site-packages/airflow/example_dags/example_external_task_marker_dag.py took 0.174 seconds
[2024-04-21T14:41:48.090+0000] {processor.py:161} INFO - Started process (PID=917) to work on /home/airflow/.local/lib/python3.12/site-packages/airflow/example_dags/example_external_task_marker_dag.py
[2024-04-21T14:41:48.116+0000] {processor.py:830} INFO - Processing file /home/airflow/.local/lib/python3.12/site-packages/airflow/example_dags/example_external_task_marker_dag.py for tasks to queue
[2024-04-21T14:41:48.119+0000] {logging_mixin.py:188} INFO - [2024-04-21T14:41:48.119+0000] {dagbag.py:540} INFO - Filling up the DagBag from /home/airflow/.local/lib/python3.12/site-packages/airflow/example_dags/example_external_task_marker_dag.py
[2024-04-21T14:41:48.162+0000] {processor.py:840} INFO - DAG(s) 'example_external_task_marker_child', 'example_external_task_marker_parent' retrieved from /home/airflow/.local/lib/python3.12/site-packages/airflow/example_dags/example_external_task_marker_dag.py
[2024-04-21T14:41:48.218+0000] {logging_mixin.py:188} INFO - [2024-04-21T14:41:48.217+0000] {dag.py:3096} INFO - Sync 2 DAGs
[2024-04-21T14:41:48.249+0000] {logging_mixin.py:188} INFO - [2024-04-21T14:41:48.249+0000] {dag.py:3954} INFO - Setting next_dagrun for example_external_task_marker_child to None, run_after=None
[2024-04-21T14:41:48.260+0000] {logging_mixin.py:188} INFO - [2024-04-21T14:41:48.259+0000] {dag.py:3954} INFO - Setting next_dagrun for example_external_task_marker_parent to None, run_after=None
[2024-04-21T14:41:48.302+0000] {processor.py:183} INFO - Processing /home/airflow/.local/lib/python3.12/site-packages/airflow/example_dags/example_external_task_marker_dag.py took 0.232 seconds
[2024-04-21T14:42:19.114+0000] {processor.py:161} INFO - Started process (PID=978) to work on /home/airflow/.local/lib/python3.12/site-packages/airflow/example_dags/example_external_task_marker_dag.py
[2024-04-21T14:42:19.115+0000] {processor.py:830} INFO - Processing file /home/airflow/.local/lib/python3.12/site-packages/airflow/example_dags/example_external_task_marker_dag.py for tasks to queue
[2024-04-21T14:42:19.118+0000] {logging_mixin.py:188} INFO - [2024-04-21T14:42:19.117+0000] {dagbag.py:540} INFO - Filling up the DagBag from /home/airflow/.local/lib/python3.12/site-packages/airflow/example_dags/example_external_task_marker_dag.py
[2024-04-21T14:42:19.126+0000] {processor.py:840} INFO - DAG(s) 'example_external_task_marker_child', 'example_external_task_marker_parent' retrieved from /home/airflow/.local/lib/python3.12/site-packages/airflow/example_dags/example_external_task_marker_dag.py
[2024-04-21T14:42:19.154+0000] {logging_mixin.py:188} INFO - [2024-04-21T14:42:19.154+0000] {dag.py:3096} INFO - Sync 2 DAGs
[2024-04-21T14:42:19.170+0000] {logging_mixin.py:188} INFO - [2024-04-21T14:42:19.170+0000] {dag.py:3954} INFO - Setting next_dagrun for example_external_task_marker_child to None, run_after=None
[2024-04-21T14:42:19.176+0000] {logging_mixin.py:188} INFO - [2024-04-21T14:42:19.176+0000] {dag.py:3954} INFO - Setting next_dagrun for example_external_task_marker_parent to None, run_after=None
[2024-04-21T14:42:19.198+0000] {processor.py:183} INFO - Processing /home/airflow/.local/lib/python3.12/site-packages/airflow/example_dags/example_external_task_marker_dag.py took 0.091 seconds
[2024-04-21T14:42:49.574+0000] {processor.py:161} INFO - Started process (PID=1039) to work on /home/airflow/.local/lib/python3.12/site-packages/airflow/example_dags/example_external_task_marker_dag.py
[2024-04-21T14:42:49.578+0000] {processor.py:830} INFO - Processing file /home/airflow/.local/lib/python3.12/site-packages/airflow/example_dags/example_external_task_marker_dag.py for tasks to queue
[2024-04-21T14:42:49.582+0000] {logging_mixin.py:188} INFO - [2024-04-21T14:42:49.582+0000] {dagbag.py:540} INFO - Filling up the DagBag from /home/airflow/.local/lib/python3.12/site-packages/airflow/example_dags/example_external_task_marker_dag.py
[2024-04-21T14:42:49.590+0000] {processor.py:840} INFO - DAG(s) 'example_external_task_marker_child', 'example_external_task_marker_parent' retrieved from /home/airflow/.local/lib/python3.12/site-packages/airflow/example_dags/example_external_task_marker_dag.py
[2024-04-21T14:42:49.620+0000] {logging_mixin.py:188} INFO - [2024-04-21T14:42:49.619+0000] {dag.py:3096} INFO - Sync 2 DAGs
[2024-04-21T14:42:49.638+0000] {logging_mixin.py:188} INFO - [2024-04-21T14:42:49.637+0000] {dag.py:3954} INFO - Setting next_dagrun for example_external_task_marker_child to None, run_after=None
[2024-04-21T14:42:49.643+0000] {logging_mixin.py:188} INFO - [2024-04-21T14:42:49.643+0000] {dag.py:3954} INFO - Setting next_dagrun for example_external_task_marker_parent to None, run_after=None
[2024-04-21T14:42:49.665+0000] {processor.py:183} INFO - Processing /home/airflow/.local/lib/python3.12/site-packages/airflow/example_dags/example_external_task_marker_dag.py took 0.098 seconds
[2024-04-21T14:43:19.934+0000] {processor.py:161} INFO - Started process (PID=1100) to work on /home/airflow/.local/lib/python3.12/site-packages/airflow/example_dags/example_external_task_marker_dag.py
[2024-04-21T14:43:19.936+0000] {processor.py:830} INFO - Processing file /home/airflow/.local/lib/python3.12/site-packages/airflow/example_dags/example_external_task_marker_dag.py for tasks to queue
[2024-04-21T14:43:19.938+0000] {logging_mixin.py:188} INFO - [2024-04-21T14:43:19.938+0000] {dagbag.py:540} INFO - Filling up the DagBag from /home/airflow/.local/lib/python3.12/site-packages/airflow/example_dags/example_external_task_marker_dag.py
[2024-04-21T14:43:19.945+0000] {processor.py:840} INFO - DAG(s) 'example_external_task_marker_parent', 'example_external_task_marker_child' retrieved from /home/airflow/.local/lib/python3.12/site-packages/airflow/example_dags/example_external_task_marker_dag.py
[2024-04-21T14:43:19.974+0000] {logging_mixin.py:188} INFO - [2024-04-21T14:43:19.974+0000] {dag.py:3096} INFO - Sync 2 DAGs
[2024-04-21T14:43:19.995+0000] {logging_mixin.py:188} INFO - [2024-04-21T14:43:19.995+0000] {dag.py:3954} INFO - Setting next_dagrun for example_external_task_marker_child to None, run_after=None
[2024-04-21T14:43:19.999+0000] {logging_mixin.py:188} INFO - [2024-04-21T14:43:19.999+0000] {dag.py:3954} INFO - Setting next_dagrun for example_external_task_marker_parent to None, run_after=None
[2024-04-21T14:43:20.020+0000] {processor.py:183} INFO - Processing /home/airflow/.local/lib/python3.12/site-packages/airflow/example_dags/example_external_task_marker_dag.py took 0.094 seconds
[2024-04-21T14:43:50.432+0000] {processor.py:161} INFO - Started process (PID=1161) to work on /home/airflow/.local/lib/python3.12/site-packages/airflow/example_dags/example_external_task_marker_dag.py
[2024-04-21T14:43:50.434+0000] {processor.py:830} INFO - Processing file /home/airflow/.local/lib/python3.12/site-packages/airflow/example_dags/example_external_task_marker_dag.py for tasks to queue
[2024-04-21T14:43:50.437+0000] {logging_mixin.py:188} INFO - [2024-04-21T14:43:50.437+0000] {dagbag.py:540} INFO - Filling up the DagBag from /home/airflow/.local/lib/python3.12/site-packages/airflow/example_dags/example_external_task_marker_dag.py
[2024-04-21T14:43:50.446+0000] {processor.py:840} INFO - DAG(s) 'example_external_task_marker_parent', 'example_external_task_marker_child' retrieved from /home/airflow/.local/lib/python3.12/site-packages/airflow/example_dags/example_external_task_marker_dag.py
[2024-04-21T14:43:50.477+0000] {logging_mixin.py:188} INFO - [2024-04-21T14:43:50.477+0000] {dag.py:3096} INFO - Sync 2 DAGs
[2024-04-21T14:43:50.497+0000] {logging_mixin.py:188} INFO - [2024-04-21T14:43:50.497+0000] {dag.py:3954} INFO - Setting next_dagrun for example_external_task_marker_child to None, run_after=None
[2024-04-21T14:43:50.503+0000] {logging_mixin.py:188} INFO - [2024-04-21T14:43:50.503+0000] {dag.py:3954} INFO - Setting next_dagrun for example_external_task_marker_parent to None, run_after=None
[2024-04-21T14:43:50.531+0000] {processor.py:183} INFO - Processing /home/airflow/.local/lib/python3.12/site-packages/airflow/example_dags/example_external_task_marker_dag.py took 0.105 seconds
[2024-04-21T14:44:20.878+0000] {processor.py:161} INFO - Started process (PID=1222) to work on /home/airflow/.local/lib/python3.12/site-packages/airflow/example_dags/example_external_task_marker_dag.py
[2024-04-21T14:44:20.881+0000] {processor.py:830} INFO - Processing file /home/airflow/.local/lib/python3.12/site-packages/airflow/example_dags/example_external_task_marker_dag.py for tasks to queue
[2024-04-21T14:44:20.884+0000] {logging_mixin.py:188} INFO - [2024-04-21T14:44:20.884+0000] {dagbag.py:540} INFO - Filling up the DagBag from /home/airflow/.local/lib/python3.12/site-packages/airflow/example_dags/example_external_task_marker_dag.py
[2024-04-21T14:44:20.892+0000] {processor.py:840} INFO - DAG(s) 'example_external_task_marker_parent', 'example_external_task_marker_child' retrieved from /home/airflow/.local/lib/python3.12/site-packages/airflow/example_dags/example_external_task_marker_dag.py
[2024-04-21T14:44:20.922+0000] {logging_mixin.py:188} INFO - [2024-04-21T14:44:20.921+0000] {dag.py:3096} INFO - Sync 2 DAGs
[2024-04-21T14:44:20.941+0000] {logging_mixin.py:188} INFO - [2024-04-21T14:44:20.941+0000] {dag.py:3954} INFO - Setting next_dagrun for example_external_task_marker_child to None, run_after=None
[2024-04-21T14:44:20.946+0000] {logging_mixin.py:188} INFO - [2024-04-21T14:44:20.946+0000] {dag.py:3954} INFO - Setting next_dagrun for example_external_task_marker_parent to None, run_after=None
[2024-04-21T14:44:20.974+0000] {processor.py:183} INFO - Processing /home/airflow/.local/lib/python3.12/site-packages/airflow/example_dags/example_external_task_marker_dag.py took 0.106 seconds
[2024-04-21T14:44:51.391+0000] {processor.py:161} INFO - Started process (PID=1283) to work on /home/airflow/.local/lib/python3.12/site-packages/airflow/example_dags/example_external_task_marker_dag.py
[2024-04-21T14:44:51.393+0000] {processor.py:830} INFO - Processing file /home/airflow/.local/lib/python3.12/site-packages/airflow/example_dags/example_external_task_marker_dag.py for tasks to queue
[2024-04-21T14:44:51.396+0000] {logging_mixin.py:188} INFO - [2024-04-21T14:44:51.396+0000] {dagbag.py:540} INFO - Filling up the DagBag from /home/airflow/.local/lib/python3.12/site-packages/airflow/example_dags/example_external_task_marker_dag.py
[2024-04-21T14:44:51.404+0000] {processor.py:840} INFO - DAG(s) 'example_external_task_marker_parent', 'example_external_task_marker_child' retrieved from /home/airflow/.local/lib/python3.12/site-packages/airflow/example_dags/example_external_task_marker_dag.py
[2024-04-21T14:44:51.436+0000] {logging_mixin.py:188} INFO - [2024-04-21T14:44:51.435+0000] {dag.py:3096} INFO - Sync 2 DAGs
[2024-04-21T14:44:51.454+0000] {logging_mixin.py:188} INFO - [2024-04-21T14:44:51.453+0000] {dag.py:3954} INFO - Setting next_dagrun for example_external_task_marker_child to None, run_after=None
[2024-04-21T14:44:51.459+0000] {logging_mixin.py:188} INFO - [2024-04-21T14:44:51.459+0000] {dag.py:3954} INFO - Setting next_dagrun for example_external_task_marker_parent to None, run_after=None
[2024-04-21T14:44:51.491+0000] {processor.py:183} INFO - Processing /home/airflow/.local/lib/python3.12/site-packages/airflow/example_dags/example_external_task_marker_dag.py took 0.107 seconds
[2024-04-21T14:45:22.001+0000] {processor.py:161} INFO - Started process (PID=1344) to work on /home/airflow/.local/lib/python3.12/site-packages/airflow/example_dags/example_external_task_marker_dag.py
[2024-04-21T14:45:22.007+0000] {processor.py:830} INFO - Processing file /home/airflow/.local/lib/python3.12/site-packages/airflow/example_dags/example_external_task_marker_dag.py for tasks to queue
[2024-04-21T14:45:22.009+0000] {logging_mixin.py:188} INFO - [2024-04-21T14:45:22.009+0000] {dagbag.py:540} INFO - Filling up the DagBag from /home/airflow/.local/lib/python3.12/site-packages/airflow/example_dags/example_external_task_marker_dag.py
[2024-04-21T14:45:22.022+0000] {processor.py:840} INFO - DAG(s) 'example_external_task_marker_parent', 'example_external_task_marker_child' retrieved from /home/airflow/.local/lib/python3.12/site-packages/airflow/example_dags/example_external_task_marker_dag.py
[2024-04-21T14:45:22.051+0000] {logging_mixin.py:188} INFO - [2024-04-21T14:45:22.050+0000] {dag.py:3096} INFO - Sync 2 DAGs
[2024-04-21T14:45:22.071+0000] {logging_mixin.py:188} INFO - [2024-04-21T14:45:22.071+0000] {dag.py:3954} INFO - Setting next_dagrun for example_external_task_marker_child to None, run_after=None
[2024-04-21T14:45:22.076+0000] {logging_mixin.py:188} INFO - [2024-04-21T14:45:22.076+0000] {dag.py:3954} INFO - Setting next_dagrun for example_external_task_marker_parent to None, run_after=None
[2024-04-21T14:45:22.102+0000] {processor.py:183} INFO - Processing /home/airflow/.local/lib/python3.12/site-packages/airflow/example_dags/example_external_task_marker_dag.py took 0.108 seconds
[2024-04-21T14:45:52.386+0000] {processor.py:161} INFO - Started process (PID=1405) to work on /home/airflow/.local/lib/python3.12/site-packages/airflow/example_dags/example_external_task_marker_dag.py
[2024-04-21T14:45:52.388+0000] {processor.py:830} INFO - Processing file /home/airflow/.local/lib/python3.12/site-packages/airflow/example_dags/example_external_task_marker_dag.py for tasks to queue
[2024-04-21T14:45:52.394+0000] {logging_mixin.py:188} INFO - [2024-04-21T14:45:52.393+0000] {dagbag.py:540} INFO - Filling up the DagBag from /home/airflow/.local/lib/python3.12/site-packages/airflow/example_dags/example_external_task_marker_dag.py
[2024-04-21T14:45:52.405+0000] {processor.py:840} INFO - DAG(s) 'example_external_task_marker_parent', 'example_external_task_marker_child' retrieved from /home/airflow/.local/lib/python3.12/site-packages/airflow/example_dags/example_external_task_marker_dag.py
[2024-04-21T14:45:52.470+0000] {logging_mixin.py:188} INFO - [2024-04-21T14:45:52.469+0000] {dag.py:3096} INFO - Sync 2 DAGs
[2024-04-21T14:45:52.501+0000] {logging_mixin.py:188} INFO - [2024-04-21T14:45:52.501+0000] {dag.py:3954} INFO - Setting next_dagrun for example_external_task_marker_child to None, run_after=None
[2024-04-21T14:45:52.507+0000] {logging_mixin.py:188} INFO - [2024-04-21T14:45:52.507+0000] {dag.py:3954} INFO - Setting next_dagrun for example_external_task_marker_parent to None, run_after=None
[2024-04-21T14:45:52.532+0000] {processor.py:183} INFO - Processing /home/airflow/.local/lib/python3.12/site-packages/airflow/example_dags/example_external_task_marker_dag.py took 0.153 seconds
[2024-04-21T14:46:23.060+0000] {processor.py:161} INFO - Started process (PID=1467) to work on /home/airflow/.local/lib/python3.12/site-packages/airflow/example_dags/example_external_task_marker_dag.py
[2024-04-21T14:46:23.062+0000] {processor.py:830} INFO - Processing file /home/airflow/.local/lib/python3.12/site-packages/airflow/example_dags/example_external_task_marker_dag.py for tasks to queue
[2024-04-21T14:46:23.065+0000] {logging_mixin.py:188} INFO - [2024-04-21T14:46:23.064+0000] {dagbag.py:540} INFO - Filling up the DagBag from /home/airflow/.local/lib/python3.12/site-packages/airflow/example_dags/example_external_task_marker_dag.py
[2024-04-21T14:46:23.079+0000] {processor.py:840} INFO - DAG(s) 'example_external_task_marker_parent', 'example_external_task_marker_child' retrieved from /home/airflow/.local/lib/python3.12/site-packages/airflow/example_dags/example_external_task_marker_dag.py
[2024-04-21T14:46:23.106+0000] {logging_mixin.py:188} INFO - [2024-04-21T14:46:23.106+0000] {dag.py:3096} INFO - Sync 2 DAGs
[2024-04-21T14:46:23.135+0000] {logging_mixin.py:188} INFO - [2024-04-21T14:46:23.134+0000] {dag.py:3954} INFO - Setting next_dagrun for example_external_task_marker_child to None, run_after=None
[2024-04-21T14:46:23.141+0000] {logging_mixin.py:188} INFO - [2024-04-21T14:46:23.140+0000] {dag.py:3954} INFO - Setting next_dagrun for example_external_task_marker_parent to None, run_after=None
[2024-04-21T14:46:23.169+0000] {processor.py:183} INFO - Processing /home/airflow/.local/lib/python3.12/site-packages/airflow/example_dags/example_external_task_marker_dag.py took 0.116 seconds
[2024-04-21T14:46:53.461+0000] {processor.py:161} INFO - Started process (PID=1528) to work on /home/airflow/.local/lib/python3.12/site-packages/airflow/example_dags/example_external_task_marker_dag.py
[2024-04-21T14:46:53.462+0000] {processor.py:830} INFO - Processing file /home/airflow/.local/lib/python3.12/site-packages/airflow/example_dags/example_external_task_marker_dag.py for tasks to queue
[2024-04-21T14:46:53.465+0000] {logging_mixin.py:188} INFO - [2024-04-21T14:46:53.465+0000] {dagbag.py:540} INFO - Filling up the DagBag from /home/airflow/.local/lib/python3.12/site-packages/airflow/example_dags/example_external_task_marker_dag.py
[2024-04-21T14:46:53.474+0000] {processor.py:840} INFO - DAG(s) 'example_external_task_marker_parent', 'example_external_task_marker_child' retrieved from /home/airflow/.local/lib/python3.12/site-packages/airflow/example_dags/example_external_task_marker_dag.py
[2024-04-21T14:46:53.518+0000] {logging_mixin.py:188} INFO - [2024-04-21T14:46:53.518+0000] {dag.py:3096} INFO - Sync 2 DAGs
[2024-04-21T14:46:53.539+0000] {logging_mixin.py:188} INFO - [2024-04-21T14:46:53.539+0000] {dag.py:3954} INFO - Setting next_dagrun for example_external_task_marker_child to None, run_after=None
[2024-04-21T14:46:53.544+0000] {logging_mixin.py:188} INFO - [2024-04-21T14:46:53.544+0000] {dag.py:3954} INFO - Setting next_dagrun for example_external_task_marker_parent to None, run_after=None
[2024-04-21T14:46:53.567+0000] {processor.py:183} INFO - Processing /home/airflow/.local/lib/python3.12/site-packages/airflow/example_dags/example_external_task_marker_dag.py took 0.114 seconds
[2024-04-21T14:47:24.432+0000] {processor.py:161} INFO - Started process (PID=1590) to work on /home/airflow/.local/lib/python3.12/site-packages/airflow/example_dags/example_external_task_marker_dag.py
[2024-04-21T14:47:24.433+0000] {processor.py:830} INFO - Processing file /home/airflow/.local/lib/python3.12/site-packages/airflow/example_dags/example_external_task_marker_dag.py for tasks to queue
[2024-04-21T14:47:24.436+0000] {logging_mixin.py:188} INFO - [2024-04-21T14:47:24.436+0000] {dagbag.py:540} INFO - Filling up the DagBag from /home/airflow/.local/lib/python3.12/site-packages/airflow/example_dags/example_external_task_marker_dag.py
[2024-04-21T14:47:24.473+0000] {processor.py:840} INFO - DAG(s) 'example_external_task_marker_parent', 'example_external_task_marker_child' retrieved from /home/airflow/.local/lib/python3.12/site-packages/airflow/example_dags/example_external_task_marker_dag.py
[2024-04-21T14:47:24.509+0000] {logging_mixin.py:188} INFO - [2024-04-21T14:47:24.508+0000] {dag.py:3096} INFO - Sync 2 DAGs
[2024-04-21T14:47:24.528+0000] {logging_mixin.py:188} INFO - [2024-04-21T14:47:24.527+0000] {dag.py:3954} INFO - Setting next_dagrun for example_external_task_marker_child to None, run_after=None
[2024-04-21T14:47:24.537+0000] {logging_mixin.py:188} INFO - [2024-04-21T14:47:24.537+0000] {dag.py:3954} INFO - Setting next_dagrun for example_external_task_marker_parent to None, run_after=None
[2024-04-21T14:47:24.581+0000] {processor.py:183} INFO - Processing /home/airflow/.local/lib/python3.12/site-packages/airflow/example_dags/example_external_task_marker_dag.py took 0.178 seconds
[2024-04-21T14:47:54.714+0000] {processor.py:161} INFO - Started process (PID=1651) to work on /home/airflow/.local/lib/python3.12/site-packages/airflow/example_dags/example_external_task_marker_dag.py
[2024-04-21T14:47:54.720+0000] {processor.py:830} INFO - Processing file /home/airflow/.local/lib/python3.12/site-packages/airflow/example_dags/example_external_task_marker_dag.py for tasks to queue
[2024-04-21T14:47:54.726+0000] {logging_mixin.py:188} INFO - [2024-04-21T14:47:54.725+0000] {dagbag.py:540} INFO - Filling up the DagBag from /home/airflow/.local/lib/python3.12/site-packages/airflow/example_dags/example_external_task_marker_dag.py
[2024-04-21T14:47:54.733+0000] {processor.py:840} INFO - DAG(s) 'example_external_task_marker_child', 'example_external_task_marker_parent' retrieved from /home/airflow/.local/lib/python3.12/site-packages/airflow/example_dags/example_external_task_marker_dag.py
[2024-04-21T14:47:54.803+0000] {logging_mixin.py:188} INFO - [2024-04-21T14:47:54.802+0000] {dag.py:3096} INFO - Sync 2 DAGs
[2024-04-21T14:47:54.858+0000] {logging_mixin.py:188} INFO - [2024-04-21T14:47:54.858+0000] {dag.py:3954} INFO - Setting next_dagrun for example_external_task_marker_child to None, run_after=None
[2024-04-21T14:47:54.880+0000] {logging_mixin.py:188} INFO - [2024-04-21T14:47:54.880+0000] {dag.py:3954} INFO - Setting next_dagrun for example_external_task_marker_parent to None, run_after=None
[2024-04-21T14:47:54.937+0000] {processor.py:183} INFO - Processing /home/airflow/.local/lib/python3.12/site-packages/airflow/example_dags/example_external_task_marker_dag.py took 0.238 seconds
[2024-04-21T14:48:25.365+0000] {processor.py:161} INFO - Started process (PID=1712) to work on /home/airflow/.local/lib/python3.12/site-packages/airflow/example_dags/example_external_task_marker_dag.py
[2024-04-21T14:48:25.366+0000] {processor.py:830} INFO - Processing file /home/airflow/.local/lib/python3.12/site-packages/airflow/example_dags/example_external_task_marker_dag.py for tasks to queue
[2024-04-21T14:48:25.369+0000] {logging_mixin.py:188} INFO - [2024-04-21T14:48:25.369+0000] {dagbag.py:540} INFO - Filling up the DagBag from /home/airflow/.local/lib/python3.12/site-packages/airflow/example_dags/example_external_task_marker_dag.py
[2024-04-21T14:48:25.381+0000] {processor.py:840} INFO - DAG(s) 'example_external_task_marker_parent', 'example_external_task_marker_child' retrieved from /home/airflow/.local/lib/python3.12/site-packages/airflow/example_dags/example_external_task_marker_dag.py
[2024-04-21T14:48:25.410+0000] {logging_mixin.py:188} INFO - [2024-04-21T14:48:25.410+0000] {dag.py:3096} INFO - Sync 2 DAGs
[2024-04-21T14:48:25.450+0000] {logging_mixin.py:188} INFO - [2024-04-21T14:48:25.449+0000] {dag.py:3954} INFO - Setting next_dagrun for example_external_task_marker_child to None, run_after=None
[2024-04-21T14:48:25.458+0000] {logging_mixin.py:188} INFO - [2024-04-21T14:48:25.457+0000] {dag.py:3954} INFO - Setting next_dagrun for example_external_task_marker_parent to None, run_after=None
[2024-04-21T14:48:25.497+0000] {processor.py:183} INFO - Processing /home/airflow/.local/lib/python3.12/site-packages/airflow/example_dags/example_external_task_marker_dag.py took 0.140 seconds
[2024-04-21T14:48:55.870+0000] {processor.py:161} INFO - Started process (PID=1773) to work on /home/airflow/.local/lib/python3.12/site-packages/airflow/example_dags/example_external_task_marker_dag.py
[2024-04-21T14:48:55.873+0000] {processor.py:830} INFO - Processing file /home/airflow/.local/lib/python3.12/site-packages/airflow/example_dags/example_external_task_marker_dag.py for tasks to queue
[2024-04-21T14:48:55.876+0000] {logging_mixin.py:188} INFO - [2024-04-21T14:48:55.875+0000] {dagbag.py:540} INFO - Filling up the DagBag from /home/airflow/.local/lib/python3.12/site-packages/airflow/example_dags/example_external_task_marker_dag.py
[2024-04-21T14:48:55.885+0000] {processor.py:840} INFO - DAG(s) 'example_external_task_marker_child', 'example_external_task_marker_parent' retrieved from /home/airflow/.local/lib/python3.12/site-packages/airflow/example_dags/example_external_task_marker_dag.py
[2024-04-21T14:48:55.921+0000] {logging_mixin.py:188} INFO - [2024-04-21T14:48:55.919+0000] {dag.py:3096} INFO - Sync 2 DAGs
[2024-04-21T14:48:55.941+0000] {logging_mixin.py:188} INFO - [2024-04-21T14:48:55.941+0000] {dag.py:3954} INFO - Setting next_dagrun for example_external_task_marker_child to None, run_after=None
[2024-04-21T14:48:55.946+0000] {logging_mixin.py:188} INFO - [2024-04-21T14:48:55.946+0000] {dag.py:3954} INFO - Setting next_dagrun for example_external_task_marker_parent to None, run_after=None
[2024-04-21T14:48:55.971+0000] {processor.py:183} INFO - Processing /home/airflow/.local/lib/python3.12/site-packages/airflow/example_dags/example_external_task_marker_dag.py took 0.112 seconds
[2024-04-21T14:49:26.696+0000] {processor.py:161} INFO - Started process (PID=1835) to work on /home/airflow/.local/lib/python3.12/site-packages/airflow/example_dags/example_external_task_marker_dag.py
[2024-04-21T14:49:26.698+0000] {processor.py:830} INFO - Processing file /home/airflow/.local/lib/python3.12/site-packages/airflow/example_dags/example_external_task_marker_dag.py for tasks to queue
[2024-04-21T14:49:26.700+0000] {logging_mixin.py:188} INFO - [2024-04-21T14:49:26.700+0000] {dagbag.py:540} INFO - Filling up the DagBag from /home/airflow/.local/lib/python3.12/site-packages/airflow/example_dags/example_external_task_marker_dag.py
[2024-04-21T14:49:26.708+0000] {processor.py:840} INFO - DAG(s) 'example_external_task_marker_child', 'example_external_task_marker_parent' retrieved from /home/airflow/.local/lib/python3.12/site-packages/airflow/example_dags/example_external_task_marker_dag.py
[2024-04-21T14:49:26.736+0000] {logging_mixin.py:188} INFO - [2024-04-21T14:49:26.736+0000] {dag.py:3096} INFO - Sync 2 DAGs
[2024-04-21T14:49:26.756+0000] {logging_mixin.py:188} INFO - [2024-04-21T14:49:26.756+0000] {dag.py:3954} INFO - Setting next_dagrun for example_external_task_marker_child to None, run_after=None
[2024-04-21T14:49:26.761+0000] {logging_mixin.py:188} INFO - [2024-04-21T14:49:26.761+0000] {dag.py:3954} INFO - Setting next_dagrun for example_external_task_marker_parent to None, run_after=None
[2024-04-21T14:49:26.788+0000] {processor.py:183} INFO - Processing /home/airflow/.local/lib/python3.12/site-packages/airflow/example_dags/example_external_task_marker_dag.py took 0.104 seconds
[2024-04-21T14:49:57.346+0000] {processor.py:161} INFO - Started process (PID=1897) to work on /home/airflow/.local/lib/python3.12/site-packages/airflow/example_dags/example_external_task_marker_dag.py
[2024-04-21T14:49:57.348+0000] {processor.py:830} INFO - Processing file /home/airflow/.local/lib/python3.12/site-packages/airflow/example_dags/example_external_task_marker_dag.py for tasks to queue
[2024-04-21T14:49:57.350+0000] {logging_mixin.py:188} INFO - [2024-04-21T14:49:57.350+0000] {dagbag.py:540} INFO - Filling up the DagBag from /home/airflow/.local/lib/python3.12/site-packages/airflow/example_dags/example_external_task_marker_dag.py
[2024-04-21T14:49:57.358+0000] {processor.py:840} INFO - DAG(s) 'example_external_task_marker_parent', 'example_external_task_marker_child' retrieved from /home/airflow/.local/lib/python3.12/site-packages/airflow/example_dags/example_external_task_marker_dag.py
[2024-04-21T14:49:57.386+0000] {logging_mixin.py:188} INFO - [2024-04-21T14:49:57.386+0000] {dag.py:3096} INFO - Sync 2 DAGs
[2024-04-21T14:49:57.406+0000] {logging_mixin.py:188} INFO - [2024-04-21T14:49:57.406+0000] {dag.py:3954} INFO - Setting next_dagrun for example_external_task_marker_child to None, run_after=None
[2024-04-21T14:49:57.411+0000] {logging_mixin.py:188} INFO - [2024-04-21T14:49:57.411+0000] {dag.py:3954} INFO - Setting next_dagrun for example_external_task_marker_parent to None, run_after=None
[2024-04-21T14:49:57.467+0000] {processor.py:183} INFO - Processing /home/airflow/.local/lib/python3.12/site-packages/airflow/example_dags/example_external_task_marker_dag.py took 0.133 seconds
[2024-04-21T14:50:27.718+0000] {processor.py:161} INFO - Started process (PID=1959) to work on /home/airflow/.local/lib/python3.12/site-packages/airflow/example_dags/example_external_task_marker_dag.py
[2024-04-21T14:50:27.719+0000] {processor.py:830} INFO - Processing file /home/airflow/.local/lib/python3.12/site-packages/airflow/example_dags/example_external_task_marker_dag.py for tasks to queue
[2024-04-21T14:50:27.721+0000] {logging_mixin.py:188} INFO - [2024-04-21T14:50:27.721+0000] {dagbag.py:540} INFO - Filling up the DagBag from /home/airflow/.local/lib/python3.12/site-packages/airflow/example_dags/example_external_task_marker_dag.py
[2024-04-21T14:50:27.729+0000] {processor.py:840} INFO - DAG(s) 'example_external_task_marker_child', 'example_external_task_marker_parent' retrieved from /home/airflow/.local/lib/python3.12/site-packages/airflow/example_dags/example_external_task_marker_dag.py
[2024-04-21T14:50:27.758+0000] {logging_mixin.py:188} INFO - [2024-04-21T14:50:27.758+0000] {dag.py:3096} INFO - Sync 2 DAGs
[2024-04-21T14:50:27.775+0000] {logging_mixin.py:188} INFO - [2024-04-21T14:50:27.775+0000] {dag.py:3954} INFO - Setting next_dagrun for example_external_task_marker_child to None, run_after=None
[2024-04-21T14:50:27.781+0000] {logging_mixin.py:188} INFO - [2024-04-21T14:50:27.781+0000] {dag.py:3954} INFO - Setting next_dagrun for example_external_task_marker_parent to None, run_after=None
[2024-04-21T14:50:27.807+0000] {processor.py:183} INFO - Processing /home/airflow/.local/lib/python3.12/site-packages/airflow/example_dags/example_external_task_marker_dag.py took 0.095 seconds
[2024-04-21T14:50:58.064+0000] {processor.py:161} INFO - Started process (PID=2020) to work on /home/airflow/.local/lib/python3.12/site-packages/airflow/example_dags/example_external_task_marker_dag.py
[2024-04-21T14:50:58.066+0000] {processor.py:830} INFO - Processing file /home/airflow/.local/lib/python3.12/site-packages/airflow/example_dags/example_external_task_marker_dag.py for tasks to queue
[2024-04-21T14:50:58.069+0000] {logging_mixin.py:188} INFO - [2024-04-21T14:50:58.068+0000] {dagbag.py:540} INFO - Filling up the DagBag from /home/airflow/.local/lib/python3.12/site-packages/airflow/example_dags/example_external_task_marker_dag.py
[2024-04-21T14:50:58.078+0000] {processor.py:840} INFO - DAG(s) 'example_external_task_marker_child', 'example_external_task_marker_parent' retrieved from /home/airflow/.local/lib/python3.12/site-packages/airflow/example_dags/example_external_task_marker_dag.py
[2024-04-21T14:50:58.115+0000] {logging_mixin.py:188} INFO - [2024-04-21T14:50:58.114+0000] {dag.py:3096} INFO - Sync 2 DAGs
[2024-04-21T14:50:58.162+0000] {logging_mixin.py:188} INFO - [2024-04-21T14:50:58.161+0000] {dag.py:3954} INFO - Setting next_dagrun for example_external_task_marker_child to None, run_after=None
[2024-04-21T14:50:58.167+0000] {logging_mixin.py:188} INFO - [2024-04-21T14:50:58.167+0000] {dag.py:3954} INFO - Setting next_dagrun for example_external_task_marker_parent to None, run_after=None
[2024-04-21T14:50:58.228+0000] {processor.py:183} INFO - Processing /home/airflow/.local/lib/python3.12/site-packages/airflow/example_dags/example_external_task_marker_dag.py took 0.171 seconds
[2024-04-21T14:51:28.597+0000] {processor.py:161} INFO - Started process (PID=2088) to work on /home/airflow/.local/lib/python3.12/site-packages/airflow/example_dags/example_external_task_marker_dag.py
[2024-04-21T14:51:28.600+0000] {processor.py:830} INFO - Processing file /home/airflow/.local/lib/python3.12/site-packages/airflow/example_dags/example_external_task_marker_dag.py for tasks to queue
[2024-04-21T14:51:28.602+0000] {logging_mixin.py:188} INFO - [2024-04-21T14:51:28.602+0000] {dagbag.py:540} INFO - Filling up the DagBag from /home/airflow/.local/lib/python3.12/site-packages/airflow/example_dags/example_external_task_marker_dag.py
[2024-04-21T14:51:28.615+0000] {processor.py:840} INFO - DAG(s) 'example_external_task_marker_parent', 'example_external_task_marker_child' retrieved from /home/airflow/.local/lib/python3.12/site-packages/airflow/example_dags/example_external_task_marker_dag.py
[2024-04-21T14:51:28.643+0000] {logging_mixin.py:188} INFO - [2024-04-21T14:51:28.642+0000] {dag.py:3096} INFO - Sync 2 DAGs
[2024-04-21T14:51:28.681+0000] {logging_mixin.py:188} INFO - [2024-04-21T14:51:28.681+0000] {dag.py:3954} INFO - Setting next_dagrun for example_external_task_marker_child to None, run_after=None
[2024-04-21T14:51:28.690+0000] {logging_mixin.py:188} INFO - [2024-04-21T14:51:28.690+0000] {dag.py:3954} INFO - Setting next_dagrun for example_external_task_marker_parent to None, run_after=None
[2024-04-21T14:51:28.724+0000] {processor.py:183} INFO - Processing /home/airflow/.local/lib/python3.12/site-packages/airflow/example_dags/example_external_task_marker_dag.py took 0.135 seconds
[2024-04-21T14:51:59.078+0000] {processor.py:161} INFO - Started process (PID=2150) to work on /home/airflow/.local/lib/python3.12/site-packages/airflow/example_dags/example_external_task_marker_dag.py
[2024-04-21T14:51:59.079+0000] {processor.py:830} INFO - Processing file /home/airflow/.local/lib/python3.12/site-packages/airflow/example_dags/example_external_task_marker_dag.py for tasks to queue
[2024-04-21T14:51:59.081+0000] {logging_mixin.py:188} INFO - [2024-04-21T14:51:59.081+0000] {dagbag.py:540} INFO - Filling up the DagBag from /home/airflow/.local/lib/python3.12/site-packages/airflow/example_dags/example_external_task_marker_dag.py
[2024-04-21T14:51:59.089+0000] {processor.py:840} INFO - DAG(s) 'example_external_task_marker_parent', 'example_external_task_marker_child' retrieved from /home/airflow/.local/lib/python3.12/site-packages/airflow/example_dags/example_external_task_marker_dag.py
[2024-04-21T14:51:59.164+0000] {logging_mixin.py:188} INFO - [2024-04-21T14:51:59.163+0000] {dag.py:3096} INFO - Sync 2 DAGs
[2024-04-21T14:51:59.185+0000] {logging_mixin.py:188} INFO - [2024-04-21T14:51:59.185+0000] {dag.py:3954} INFO - Setting next_dagrun for example_external_task_marker_child to None, run_after=None
[2024-04-21T14:51:59.191+0000] {logging_mixin.py:188} INFO - [2024-04-21T14:51:59.191+0000] {dag.py:3954} INFO - Setting next_dagrun for example_external_task_marker_parent to None, run_after=None
[2024-04-21T14:51:59.234+0000] {processor.py:183} INFO - Processing /home/airflow/.local/lib/python3.12/site-packages/airflow/example_dags/example_external_task_marker_dag.py took 0.171 seconds
