[2024-04-21T14:34:32.845+0000] {processor.py:161} INFO - Started process (PID=54) to work on /home/airflow/.local/lib/python3.12/site-packages/airflow/example_dags/example_branch_labels.py
[2024-04-21T14:34:32.850+0000] {processor.py:830} INFO - Processing file /home/airflow/.local/lib/python3.12/site-packages/airflow/example_dags/example_branch_labels.py for tasks to queue
[2024-04-21T14:34:32.857+0000] {logging_mixin.py:188} INFO - [2024-04-21T14:34:32.856+0000] {dagbag.py:540} INFO - Filling up the DagBag from /home/airflow/.local/lib/python3.12/site-packages/airflow/example_dags/example_branch_labels.py
[2024-04-21T14:34:32.921+0000] {processor.py:840} INFO - DAG(s) 'example_branch_labels' retrieved from /home/airflow/.local/lib/python3.12/site-packages/airflow/example_dags/example_branch_labels.py
[2024-04-21T14:34:33.731+0000] {logging_mixin.py:188} INFO - [2024-04-21T14:34:33.730+0000] {dag.py:3096} INFO - Sync 1 DAGs
[2024-04-21T14:34:33.848+0000] {logging_mixin.py:188} INFO - [2024-04-21T14:34:33.848+0000] {dag.py:3954} INFO - Setting next_dagrun for example_branch_labels to 2024-04-20 00:00:00+00:00, run_after=2024-04-21 00:00:00+00:00
[2024-04-21T14:34:34.007+0000] {processor.py:183} INFO - Processing /home/airflow/.local/lib/python3.12/site-packages/airflow/example_dags/example_branch_labels.py took 1.196 seconds
[2024-04-21T14:35:04.680+0000] {processor.py:161} INFO - Started process (PID=115) to work on /home/airflow/.local/lib/python3.12/site-packages/airflow/example_dags/example_branch_labels.py
[2024-04-21T14:35:04.681+0000] {processor.py:830} INFO - Processing file /home/airflow/.local/lib/python3.12/site-packages/airflow/example_dags/example_branch_labels.py for tasks to queue
[2024-04-21T14:35:04.684+0000] {logging_mixin.py:188} INFO - [2024-04-21T14:35:04.683+0000] {dagbag.py:540} INFO - Filling up the DagBag from /home/airflow/.local/lib/python3.12/site-packages/airflow/example_dags/example_branch_labels.py
[2024-04-21T14:35:04.695+0000] {processor.py:840} INFO - DAG(s) 'example_branch_labels' retrieved from /home/airflow/.local/lib/python3.12/site-packages/airflow/example_dags/example_branch_labels.py
[2024-04-21T14:35:04.724+0000] {logging_mixin.py:188} INFO - [2024-04-21T14:35:04.724+0000] {dag.py:3096} INFO - Sync 1 DAGs
[2024-04-21T14:35:04.757+0000] {logging_mixin.py:188} INFO - [2024-04-21T14:35:04.757+0000] {dag.py:3954} INFO - Setting next_dagrun for example_branch_labels to 2024-04-20 00:00:00+00:00, run_after=2024-04-21 00:00:00+00:00
[2024-04-21T14:35:04.784+0000] {processor.py:183} INFO - Processing /home/airflow/.local/lib/python3.12/site-packages/airflow/example_dags/example_branch_labels.py took 0.111 seconds
[2024-04-21T14:35:35.302+0000] {processor.py:161} INFO - Started process (PID=177) to work on /home/airflow/.local/lib/python3.12/site-packages/airflow/example_dags/example_branch_labels.py
[2024-04-21T14:35:35.303+0000] {processor.py:830} INFO - Processing file /home/airflow/.local/lib/python3.12/site-packages/airflow/example_dags/example_branch_labels.py for tasks to queue
[2024-04-21T14:35:35.306+0000] {logging_mixin.py:188} INFO - [2024-04-21T14:35:35.306+0000] {dagbag.py:540} INFO - Filling up the DagBag from /home/airflow/.local/lib/python3.12/site-packages/airflow/example_dags/example_branch_labels.py
[2024-04-21T14:35:35.320+0000] {processor.py:840} INFO - DAG(s) 'example_branch_labels' retrieved from /home/airflow/.local/lib/python3.12/site-packages/airflow/example_dags/example_branch_labels.py
[2024-04-21T14:35:35.350+0000] {logging_mixin.py:188} INFO - [2024-04-21T14:35:35.349+0000] {dag.py:3096} INFO - Sync 1 DAGs
[2024-04-21T14:35:35.381+0000] {logging_mixin.py:188} INFO - [2024-04-21T14:35:35.381+0000] {dag.py:3954} INFO - Setting next_dagrun for example_branch_labels to 2024-04-20 00:00:00+00:00, run_after=2024-04-21 00:00:00+00:00
[2024-04-21T14:35:35.407+0000] {processor.py:183} INFO - Processing /home/airflow/.local/lib/python3.12/site-packages/airflow/example_dags/example_branch_labels.py took 0.112 seconds
[2024-04-21T14:36:05.459+0000] {processor.py:161} INFO - Started process (PID=237) to work on /home/airflow/.local/lib/python3.12/site-packages/airflow/example_dags/example_branch_labels.py
[2024-04-21T14:36:05.460+0000] {processor.py:830} INFO - Processing file /home/airflow/.local/lib/python3.12/site-packages/airflow/example_dags/example_branch_labels.py for tasks to queue
[2024-04-21T14:36:05.462+0000] {logging_mixin.py:188} INFO - [2024-04-21T14:36:05.461+0000] {dagbag.py:540} INFO - Filling up the DagBag from /home/airflow/.local/lib/python3.12/site-packages/airflow/example_dags/example_branch_labels.py
[2024-04-21T14:36:05.471+0000] {processor.py:840} INFO - DAG(s) 'example_branch_labels' retrieved from /home/airflow/.local/lib/python3.12/site-packages/airflow/example_dags/example_branch_labels.py
[2024-04-21T14:36:05.498+0000] {logging_mixin.py:188} INFO - [2024-04-21T14:36:05.497+0000] {dag.py:3096} INFO - Sync 1 DAGs
[2024-04-21T14:36:05.531+0000] {logging_mixin.py:188} INFO - [2024-04-21T14:36:05.530+0000] {dag.py:3954} INFO - Setting next_dagrun for example_branch_labels to 2024-04-20 00:00:00+00:00, run_after=2024-04-21 00:00:00+00:00
[2024-04-21T14:36:05.584+0000] {processor.py:183} INFO - Processing /home/airflow/.local/lib/python3.12/site-packages/airflow/example_dags/example_branch_labels.py took 0.132 seconds
[2024-04-21T14:36:36.197+0000] {processor.py:161} INFO - Started process (PID=298) to work on /home/airflow/.local/lib/python3.12/site-packages/airflow/example_dags/example_branch_labels.py
[2024-04-21T14:36:36.202+0000] {processor.py:830} INFO - Processing file /home/airflow/.local/lib/python3.12/site-packages/airflow/example_dags/example_branch_labels.py for tasks to queue
[2024-04-21T14:36:36.204+0000] {logging_mixin.py:188} INFO - [2024-04-21T14:36:36.203+0000] {dagbag.py:540} INFO - Filling up the DagBag from /home/airflow/.local/lib/python3.12/site-packages/airflow/example_dags/example_branch_labels.py
[2024-04-21T14:36:36.219+0000] {processor.py:840} INFO - DAG(s) 'example_branch_labels' retrieved from /home/airflow/.local/lib/python3.12/site-packages/airflow/example_dags/example_branch_labels.py
[2024-04-21T14:36:36.247+0000] {logging_mixin.py:188} INFO - [2024-04-21T14:36:36.246+0000] {dag.py:3096} INFO - Sync 1 DAGs
[2024-04-21T14:36:36.281+0000] {logging_mixin.py:188} INFO - [2024-04-21T14:36:36.281+0000] {dag.py:3954} INFO - Setting next_dagrun for example_branch_labels to 2024-04-20 00:00:00+00:00, run_after=2024-04-21 00:00:00+00:00
[2024-04-21T14:36:36.314+0000] {processor.py:183} INFO - Processing /home/airflow/.local/lib/python3.12/site-packages/airflow/example_dags/example_branch_labels.py took 0.124 seconds
[2024-04-21T14:37:06.878+0000] {processor.py:161} INFO - Started process (PID=359) to work on /home/airflow/.local/lib/python3.12/site-packages/airflow/example_dags/example_branch_labels.py
[2024-04-21T14:37:06.884+0000] {processor.py:830} INFO - Processing file /home/airflow/.local/lib/python3.12/site-packages/airflow/example_dags/example_branch_labels.py for tasks to queue
[2024-04-21T14:37:06.890+0000] {logging_mixin.py:188} INFO - [2024-04-21T14:37:06.889+0000] {dagbag.py:540} INFO - Filling up the DagBag from /home/airflow/.local/lib/python3.12/site-packages/airflow/example_dags/example_branch_labels.py
[2024-04-21T14:37:06.934+0000] {processor.py:840} INFO - DAG(s) 'example_branch_labels' retrieved from /home/airflow/.local/lib/python3.12/site-packages/airflow/example_dags/example_branch_labels.py
[2024-04-21T14:37:07.082+0000] {logging_mixin.py:188} INFO - [2024-04-21T14:37:07.081+0000] {dag.py:3096} INFO - Sync 1 DAGs
[2024-04-21T14:37:07.354+0000] {logging_mixin.py:188} INFO - [2024-04-21T14:37:07.354+0000] {dag.py:3954} INFO - Setting next_dagrun for example_branch_labels to 2024-04-20 00:00:00+00:00, run_after=2024-04-21 00:00:00+00:00
[2024-04-21T14:37:07.419+0000] {processor.py:183} INFO - Processing /home/airflow/.local/lib/python3.12/site-packages/airflow/example_dags/example_branch_labels.py took 0.556 seconds
[2024-04-21T14:37:38.317+0000] {processor.py:161} INFO - Started process (PID=420) to work on /home/airflow/.local/lib/python3.12/site-packages/airflow/example_dags/example_branch_labels.py
[2024-04-21T14:37:38.319+0000] {processor.py:830} INFO - Processing file /home/airflow/.local/lib/python3.12/site-packages/airflow/example_dags/example_branch_labels.py for tasks to queue
[2024-04-21T14:37:38.322+0000] {logging_mixin.py:188} INFO - [2024-04-21T14:37:38.321+0000] {dagbag.py:540} INFO - Filling up the DagBag from /home/airflow/.local/lib/python3.12/site-packages/airflow/example_dags/example_branch_labels.py
[2024-04-21T14:37:38.333+0000] {processor.py:840} INFO - DAG(s) 'example_branch_labels' retrieved from /home/airflow/.local/lib/python3.12/site-packages/airflow/example_dags/example_branch_labels.py
[2024-04-21T14:37:38.365+0000] {logging_mixin.py:188} INFO - [2024-04-21T14:37:38.365+0000] {dag.py:3096} INFO - Sync 1 DAGs
[2024-04-21T14:37:38.402+0000] {logging_mixin.py:188} INFO - [2024-04-21T14:37:38.402+0000] {dag.py:3954} INFO - Setting next_dagrun for example_branch_labels to 2024-04-20 00:00:00+00:00, run_after=2024-04-21 00:00:00+00:00
[2024-04-21T14:37:38.429+0000] {processor.py:183} INFO - Processing /home/airflow/.local/lib/python3.12/site-packages/airflow/example_dags/example_branch_labels.py took 0.119 seconds
[2024-04-21T14:38:08.642+0000] {processor.py:161} INFO - Started process (PID=481) to work on /home/airflow/.local/lib/python3.12/site-packages/airflow/example_dags/example_branch_labels.py
[2024-04-21T14:38:08.644+0000] {processor.py:830} INFO - Processing file /home/airflow/.local/lib/python3.12/site-packages/airflow/example_dags/example_branch_labels.py for tasks to queue
[2024-04-21T14:38:08.646+0000] {logging_mixin.py:188} INFO - [2024-04-21T14:38:08.646+0000] {dagbag.py:540} INFO - Filling up the DagBag from /home/airflow/.local/lib/python3.12/site-packages/airflow/example_dags/example_branch_labels.py
[2024-04-21T14:38:08.659+0000] {processor.py:840} INFO - DAG(s) 'example_branch_labels' retrieved from /home/airflow/.local/lib/python3.12/site-packages/airflow/example_dags/example_branch_labels.py
[2024-04-21T14:38:08.687+0000] {logging_mixin.py:188} INFO - [2024-04-21T14:38:08.686+0000] {dag.py:3096} INFO - Sync 1 DAGs
[2024-04-21T14:38:08.717+0000] {logging_mixin.py:188} INFO - [2024-04-21T14:38:08.717+0000] {dag.py:3954} INFO - Setting next_dagrun for example_branch_labels to 2024-04-20 00:00:00+00:00, run_after=2024-04-21 00:00:00+00:00
[2024-04-21T14:38:08.744+0000] {processor.py:183} INFO - Processing /home/airflow/.local/lib/python3.12/site-packages/airflow/example_dags/example_branch_labels.py took 0.109 seconds
[2024-04-21T14:38:38.978+0000] {processor.py:161} INFO - Started process (PID=542) to work on /home/airflow/.local/lib/python3.12/site-packages/airflow/example_dags/example_branch_labels.py
[2024-04-21T14:38:38.980+0000] {processor.py:830} INFO - Processing file /home/airflow/.local/lib/python3.12/site-packages/airflow/example_dags/example_branch_labels.py for tasks to queue
[2024-04-21T14:38:38.982+0000] {logging_mixin.py:188} INFO - [2024-04-21T14:38:38.982+0000] {dagbag.py:540} INFO - Filling up the DagBag from /home/airflow/.local/lib/python3.12/site-packages/airflow/example_dags/example_branch_labels.py
[2024-04-21T14:38:39.010+0000] {processor.py:840} INFO - DAG(s) 'example_branch_labels' retrieved from /home/airflow/.local/lib/python3.12/site-packages/airflow/example_dags/example_branch_labels.py
[2024-04-21T14:38:39.068+0000] {logging_mixin.py:188} INFO - [2024-04-21T14:38:39.067+0000] {dag.py:3096} INFO - Sync 1 DAGs
[2024-04-21T14:38:39.115+0000] {logging_mixin.py:188} INFO - [2024-04-21T14:38:39.115+0000] {dag.py:3954} INFO - Setting next_dagrun for example_branch_labels to 2024-04-20 00:00:00+00:00, run_after=2024-04-21 00:00:00+00:00
[2024-04-21T14:38:39.195+0000] {processor.py:183} INFO - Processing /home/airflow/.local/lib/python3.12/site-packages/airflow/example_dags/example_branch_labels.py took 0.225 seconds
[2024-04-21T14:39:09.781+0000] {processor.py:161} INFO - Started process (PID=603) to work on /home/airflow/.local/lib/python3.12/site-packages/airflow/example_dags/example_branch_labels.py
[2024-04-21T14:39:09.782+0000] {processor.py:830} INFO - Processing file /home/airflow/.local/lib/python3.12/site-packages/airflow/example_dags/example_branch_labels.py for tasks to queue
[2024-04-21T14:39:09.784+0000] {logging_mixin.py:188} INFO - [2024-04-21T14:39:09.784+0000] {dagbag.py:540} INFO - Filling up the DagBag from /home/airflow/.local/lib/python3.12/site-packages/airflow/example_dags/example_branch_labels.py
[2024-04-21T14:39:09.795+0000] {processor.py:840} INFO - DAG(s) 'example_branch_labels' retrieved from /home/airflow/.local/lib/python3.12/site-packages/airflow/example_dags/example_branch_labels.py
[2024-04-21T14:39:09.822+0000] {logging_mixin.py:188} INFO - [2024-04-21T14:39:09.821+0000] {dag.py:3096} INFO - Sync 1 DAGs
[2024-04-21T14:39:09.850+0000] {logging_mixin.py:188} INFO - [2024-04-21T14:39:09.850+0000] {dag.py:3954} INFO - Setting next_dagrun for example_branch_labels to 2024-04-20 00:00:00+00:00, run_after=2024-04-21 00:00:00+00:00
[2024-04-21T14:39:09.879+0000] {processor.py:183} INFO - Processing /home/airflow/.local/lib/python3.12/site-packages/airflow/example_dags/example_branch_labels.py took 0.105 seconds
[2024-04-21T14:39:40.420+0000] {processor.py:161} INFO - Started process (PID=664) to work on /home/airflow/.local/lib/python3.12/site-packages/airflow/example_dags/example_branch_labels.py
[2024-04-21T14:39:40.423+0000] {processor.py:830} INFO - Processing file /home/airflow/.local/lib/python3.12/site-packages/airflow/example_dags/example_branch_labels.py for tasks to queue
[2024-04-21T14:39:40.430+0000] {logging_mixin.py:188} INFO - [2024-04-21T14:39:40.429+0000] {dagbag.py:540} INFO - Filling up the DagBag from /home/airflow/.local/lib/python3.12/site-packages/airflow/example_dags/example_branch_labels.py
[2024-04-21T14:39:40.466+0000] {processor.py:840} INFO - DAG(s) 'example_branch_labels' retrieved from /home/airflow/.local/lib/python3.12/site-packages/airflow/example_dags/example_branch_labels.py
[2024-04-21T14:39:40.558+0000] {logging_mixin.py:188} INFO - [2024-04-21T14:39:40.557+0000] {dag.py:3096} INFO - Sync 1 DAGs
[2024-04-21T14:39:40.608+0000] {logging_mixin.py:188} INFO - [2024-04-21T14:39:40.607+0000] {dag.py:3954} INFO - Setting next_dagrun for example_branch_labels to 2024-04-20 00:00:00+00:00, run_after=2024-04-21 00:00:00+00:00
[2024-04-21T14:39:40.666+0000] {processor.py:183} INFO - Processing /home/airflow/.local/lib/python3.12/site-packages/airflow/example_dags/example_branch_labels.py took 0.271 seconds
[2024-04-21T14:40:11.593+0000] {processor.py:161} INFO - Started process (PID=725) to work on /home/airflow/.local/lib/python3.12/site-packages/airflow/example_dags/example_branch_labels.py
[2024-04-21T14:40:11.600+0000] {processor.py:830} INFO - Processing file /home/airflow/.local/lib/python3.12/site-packages/airflow/example_dags/example_branch_labels.py for tasks to queue
[2024-04-21T14:40:11.620+0000] {logging_mixin.py:188} INFO - [2024-04-21T14:40:11.620+0000] {dagbag.py:540} INFO - Filling up the DagBag from /home/airflow/.local/lib/python3.12/site-packages/airflow/example_dags/example_branch_labels.py
[2024-04-21T14:40:11.671+0000] {processor.py:840} INFO - DAG(s) 'example_branch_labels' retrieved from /home/airflow/.local/lib/python3.12/site-packages/airflow/example_dags/example_branch_labels.py
[2024-04-21T14:40:11.751+0000] {logging_mixin.py:188} INFO - [2024-04-21T14:40:11.750+0000] {dag.py:3096} INFO - Sync 1 DAGs
[2024-04-21T14:40:11.832+0000] {logging_mixin.py:188} INFO - [2024-04-21T14:40:11.832+0000] {dag.py:3954} INFO - Setting next_dagrun for example_branch_labels to 2024-04-20 00:00:00+00:00, run_after=2024-04-21 00:00:00+00:00
[2024-04-21T14:40:11.886+0000] {processor.py:183} INFO - Processing /home/airflow/.local/lib/python3.12/site-packages/airflow/example_dags/example_branch_labels.py took 0.336 seconds
[2024-04-21T14:40:42.368+0000] {processor.py:161} INFO - Started process (PID=786) to work on /home/airflow/.local/lib/python3.12/site-packages/airflow/example_dags/example_branch_labels.py
[2024-04-21T14:40:42.369+0000] {processor.py:830} INFO - Processing file /home/airflow/.local/lib/python3.12/site-packages/airflow/example_dags/example_branch_labels.py for tasks to queue
[2024-04-21T14:40:42.373+0000] {logging_mixin.py:188} INFO - [2024-04-21T14:40:42.373+0000] {dagbag.py:540} INFO - Filling up the DagBag from /home/airflow/.local/lib/python3.12/site-packages/airflow/example_dags/example_branch_labels.py
[2024-04-21T14:40:42.397+0000] {processor.py:840} INFO - DAG(s) 'example_branch_labels' retrieved from /home/airflow/.local/lib/python3.12/site-packages/airflow/example_dags/example_branch_labels.py
[2024-04-21T14:40:42.461+0000] {logging_mixin.py:188} INFO - [2024-04-21T14:40:42.461+0000] {dag.py:3096} INFO - Sync 1 DAGs
[2024-04-21T14:40:42.517+0000] {logging_mixin.py:188} INFO - [2024-04-21T14:40:42.517+0000] {dag.py:3954} INFO - Setting next_dagrun for example_branch_labels to 2024-04-20 00:00:00+00:00, run_after=2024-04-21 00:00:00+00:00
[2024-04-21T14:40:42.592+0000] {processor.py:183} INFO - Processing /home/airflow/.local/lib/python3.12/site-packages/airflow/example_dags/example_branch_labels.py took 0.241 seconds
[2024-04-21T14:41:13.032+0000] {processor.py:161} INFO - Started process (PID=848) to work on /home/airflow/.local/lib/python3.12/site-packages/airflow/example_dags/example_branch_labels.py
[2024-04-21T14:41:13.034+0000] {processor.py:830} INFO - Processing file /home/airflow/.local/lib/python3.12/site-packages/airflow/example_dags/example_branch_labels.py for tasks to queue
[2024-04-21T14:41:13.038+0000] {logging_mixin.py:188} INFO - [2024-04-21T14:41:13.037+0000] {dagbag.py:540} INFO - Filling up the DagBag from /home/airflow/.local/lib/python3.12/site-packages/airflow/example_dags/example_branch_labels.py
[2024-04-21T14:41:13.048+0000] {processor.py:840} INFO - DAG(s) 'example_branch_labels' retrieved from /home/airflow/.local/lib/python3.12/site-packages/airflow/example_dags/example_branch_labels.py
[2024-04-21T14:41:13.073+0000] {logging_mixin.py:188} INFO - [2024-04-21T14:41:13.072+0000] {dag.py:3096} INFO - Sync 1 DAGs
[2024-04-21T14:41:13.101+0000] {logging_mixin.py:188} INFO - [2024-04-21T14:41:13.101+0000] {dag.py:3954} INFO - Setting next_dagrun for example_branch_labels to 2024-04-20 00:00:00+00:00, run_after=2024-04-21 00:00:00+00:00
[2024-04-21T14:41:13.155+0000] {processor.py:183} INFO - Processing /home/airflow/.local/lib/python3.12/site-packages/airflow/example_dags/example_branch_labels.py took 0.130 seconds
[2024-04-21T14:41:43.244+0000] {processor.py:161} INFO - Started process (PID=908) to work on /home/airflow/.local/lib/python3.12/site-packages/airflow/example_dags/example_branch_labels.py
[2024-04-21T14:41:43.246+0000] {processor.py:830} INFO - Processing file /home/airflow/.local/lib/python3.12/site-packages/airflow/example_dags/example_branch_labels.py for tasks to queue
[2024-04-21T14:41:43.249+0000] {logging_mixin.py:188} INFO - [2024-04-21T14:41:43.248+0000] {dagbag.py:540} INFO - Filling up the DagBag from /home/airflow/.local/lib/python3.12/site-packages/airflow/example_dags/example_branch_labels.py
[2024-04-21T14:41:43.259+0000] {processor.py:840} INFO - DAG(s) 'example_branch_labels' retrieved from /home/airflow/.local/lib/python3.12/site-packages/airflow/example_dags/example_branch_labels.py
[2024-04-21T14:41:43.287+0000] {logging_mixin.py:188} INFO - [2024-04-21T14:41:43.286+0000] {dag.py:3096} INFO - Sync 1 DAGs
[2024-04-21T14:41:43.316+0000] {logging_mixin.py:188} INFO - [2024-04-21T14:41:43.316+0000] {dag.py:3954} INFO - Setting next_dagrun for example_branch_labels to 2024-04-20 00:00:00+00:00, run_after=2024-04-21 00:00:00+00:00
[2024-04-21T14:41:43.357+0000] {processor.py:183} INFO - Processing /home/airflow/.local/lib/python3.12/site-packages/airflow/example_dags/example_branch_labels.py took 0.120 seconds
[2024-04-21T14:42:14.338+0000] {processor.py:161} INFO - Started process (PID=969) to work on /home/airflow/.local/lib/python3.12/site-packages/airflow/example_dags/example_branch_labels.py
[2024-04-21T14:42:14.340+0000] {processor.py:830} INFO - Processing file /home/airflow/.local/lib/python3.12/site-packages/airflow/example_dags/example_branch_labels.py for tasks to queue
[2024-04-21T14:42:14.343+0000] {logging_mixin.py:188} INFO - [2024-04-21T14:42:14.343+0000] {dagbag.py:540} INFO - Filling up the DagBag from /home/airflow/.local/lib/python3.12/site-packages/airflow/example_dags/example_branch_labels.py
[2024-04-21T14:42:14.354+0000] {processor.py:840} INFO - DAG(s) 'example_branch_labels' retrieved from /home/airflow/.local/lib/python3.12/site-packages/airflow/example_dags/example_branch_labels.py
[2024-04-21T14:42:14.383+0000] {logging_mixin.py:188} INFO - [2024-04-21T14:42:14.382+0000] {dag.py:3096} INFO - Sync 1 DAGs
[2024-04-21T14:42:14.412+0000] {logging_mixin.py:188} INFO - [2024-04-21T14:42:14.412+0000] {dag.py:3954} INFO - Setting next_dagrun for example_branch_labels to 2024-04-20 00:00:00+00:00, run_after=2024-04-21 00:00:00+00:00
[2024-04-21T14:42:14.439+0000] {processor.py:183} INFO - Processing /home/airflow/.local/lib/python3.12/site-packages/airflow/example_dags/example_branch_labels.py took 0.107 seconds
[2024-04-21T14:42:44.771+0000] {processor.py:161} INFO - Started process (PID=1030) to work on /home/airflow/.local/lib/python3.12/site-packages/airflow/example_dags/example_branch_labels.py
[2024-04-21T14:42:44.772+0000] {processor.py:830} INFO - Processing file /home/airflow/.local/lib/python3.12/site-packages/airflow/example_dags/example_branch_labels.py for tasks to queue
[2024-04-21T14:42:44.775+0000] {logging_mixin.py:188} INFO - [2024-04-21T14:42:44.774+0000] {dagbag.py:540} INFO - Filling up the DagBag from /home/airflow/.local/lib/python3.12/site-packages/airflow/example_dags/example_branch_labels.py
[2024-04-21T14:42:44.784+0000] {processor.py:840} INFO - DAG(s) 'example_branch_labels' retrieved from /home/airflow/.local/lib/python3.12/site-packages/airflow/example_dags/example_branch_labels.py
[2024-04-21T14:42:44.847+0000] {logging_mixin.py:188} INFO - [2024-04-21T14:42:44.847+0000] {dag.py:3096} INFO - Sync 1 DAGs
[2024-04-21T14:42:44.902+0000] {logging_mixin.py:188} INFO - [2024-04-21T14:42:44.902+0000] {dag.py:3954} INFO - Setting next_dagrun for example_branch_labels to 2024-04-20 00:00:00+00:00, run_after=2024-04-21 00:00:00+00:00
[2024-04-21T14:42:44.931+0000] {processor.py:183} INFO - Processing /home/airflow/.local/lib/python3.12/site-packages/airflow/example_dags/example_branch_labels.py took 0.166 seconds
[2024-04-21T14:43:15.055+0000] {processor.py:161} INFO - Started process (PID=1090) to work on /home/airflow/.local/lib/python3.12/site-packages/airflow/example_dags/example_branch_labels.py
[2024-04-21T14:43:15.056+0000] {processor.py:830} INFO - Processing file /home/airflow/.local/lib/python3.12/site-packages/airflow/example_dags/example_branch_labels.py for tasks to queue
[2024-04-21T14:43:15.058+0000] {logging_mixin.py:188} INFO - [2024-04-21T14:43:15.058+0000] {dagbag.py:540} INFO - Filling up the DagBag from /home/airflow/.local/lib/python3.12/site-packages/airflow/example_dags/example_branch_labels.py
[2024-04-21T14:43:15.065+0000] {processor.py:840} INFO - DAG(s) 'example_branch_labels' retrieved from /home/airflow/.local/lib/python3.12/site-packages/airflow/example_dags/example_branch_labels.py
[2024-04-21T14:43:15.086+0000] {logging_mixin.py:188} INFO - [2024-04-21T14:43:15.086+0000] {dag.py:3096} INFO - Sync 1 DAGs
[2024-04-21T14:43:15.107+0000] {logging_mixin.py:188} INFO - [2024-04-21T14:43:15.107+0000] {dag.py:3954} INFO - Setting next_dagrun for example_branch_labels to 2024-04-20 00:00:00+00:00, run_after=2024-04-21 00:00:00+00:00
[2024-04-21T14:43:15.129+0000] {processor.py:183} INFO - Processing /home/airflow/.local/lib/python3.12/site-packages/airflow/example_dags/example_branch_labels.py took 0.079 seconds
[2024-04-21T14:43:45.706+0000] {processor.py:161} INFO - Started process (PID=1152) to work on /home/airflow/.local/lib/python3.12/site-packages/airflow/example_dags/example_branch_labels.py
[2024-04-21T14:43:45.707+0000] {processor.py:830} INFO - Processing file /home/airflow/.local/lib/python3.12/site-packages/airflow/example_dags/example_branch_labels.py for tasks to queue
[2024-04-21T14:43:45.710+0000] {logging_mixin.py:188} INFO - [2024-04-21T14:43:45.710+0000] {dagbag.py:540} INFO - Filling up the DagBag from /home/airflow/.local/lib/python3.12/site-packages/airflow/example_dags/example_branch_labels.py
[2024-04-21T14:43:45.720+0000] {processor.py:840} INFO - DAG(s) 'example_branch_labels' retrieved from /home/airflow/.local/lib/python3.12/site-packages/airflow/example_dags/example_branch_labels.py
[2024-04-21T14:43:45.800+0000] {logging_mixin.py:188} INFO - [2024-04-21T14:43:45.800+0000] {dag.py:3096} INFO - Sync 1 DAGs
[2024-04-21T14:43:45.834+0000] {logging_mixin.py:188} INFO - [2024-04-21T14:43:45.833+0000] {dag.py:3954} INFO - Setting next_dagrun for example_branch_labels to 2024-04-20 00:00:00+00:00, run_after=2024-04-21 00:00:00+00:00
[2024-04-21T14:43:45.862+0000] {processor.py:183} INFO - Processing /home/airflow/.local/lib/python3.12/site-packages/airflow/example_dags/example_branch_labels.py took 0.164 seconds
[2024-04-21T14:44:16.072+0000] {processor.py:161} INFO - Started process (PID=1212) to work on /home/airflow/.local/lib/python3.12/site-packages/airflow/example_dags/example_branch_labels.py
[2024-04-21T14:44:16.073+0000] {processor.py:830} INFO - Processing file /home/airflow/.local/lib/python3.12/site-packages/airflow/example_dags/example_branch_labels.py for tasks to queue
[2024-04-21T14:44:16.076+0000] {logging_mixin.py:188} INFO - [2024-04-21T14:44:16.075+0000] {dagbag.py:540} INFO - Filling up the DagBag from /home/airflow/.local/lib/python3.12/site-packages/airflow/example_dags/example_branch_labels.py
[2024-04-21T14:44:16.086+0000] {processor.py:840} INFO - DAG(s) 'example_branch_labels' retrieved from /home/airflow/.local/lib/python3.12/site-packages/airflow/example_dags/example_branch_labels.py
[2024-04-21T14:44:16.114+0000] {logging_mixin.py:188} INFO - [2024-04-21T14:44:16.114+0000] {dag.py:3096} INFO - Sync 1 DAGs
[2024-04-21T14:44:16.145+0000] {logging_mixin.py:188} INFO - [2024-04-21T14:44:16.145+0000] {dag.py:3954} INFO - Setting next_dagrun for example_branch_labels to 2024-04-20 00:00:00+00:00, run_after=2024-04-21 00:00:00+00:00
[2024-04-21T14:44:16.173+0000] {processor.py:183} INFO - Processing /home/airflow/.local/lib/python3.12/site-packages/airflow/example_dags/example_branch_labels.py took 0.107 seconds
[2024-04-21T14:44:46.626+0000] {processor.py:161} INFO - Started process (PID=1274) to work on /home/airflow/.local/lib/python3.12/site-packages/airflow/example_dags/example_branch_labels.py
[2024-04-21T14:44:46.627+0000] {processor.py:830} INFO - Processing file /home/airflow/.local/lib/python3.12/site-packages/airflow/example_dags/example_branch_labels.py for tasks to queue
[2024-04-21T14:44:46.630+0000] {logging_mixin.py:188} INFO - [2024-04-21T14:44:46.630+0000] {dagbag.py:540} INFO - Filling up the DagBag from /home/airflow/.local/lib/python3.12/site-packages/airflow/example_dags/example_branch_labels.py
[2024-04-21T14:44:46.642+0000] {processor.py:840} INFO - DAG(s) 'example_branch_labels' retrieved from /home/airflow/.local/lib/python3.12/site-packages/airflow/example_dags/example_branch_labels.py
[2024-04-21T14:44:46.668+0000] {logging_mixin.py:188} INFO - [2024-04-21T14:44:46.668+0000] {dag.py:3096} INFO - Sync 1 DAGs
[2024-04-21T14:44:46.700+0000] {logging_mixin.py:188} INFO - [2024-04-21T14:44:46.700+0000] {dag.py:3954} INFO - Setting next_dagrun for example_branch_labels to 2024-04-20 00:00:00+00:00, run_after=2024-04-21 00:00:00+00:00
[2024-04-21T14:44:46.726+0000] {processor.py:183} INFO - Processing /home/airflow/.local/lib/python3.12/site-packages/airflow/example_dags/example_branch_labels.py took 0.106 seconds
[2024-04-21T14:45:17.251+0000] {processor.py:161} INFO - Started process (PID=1335) to work on /home/airflow/.local/lib/python3.12/site-packages/airflow/example_dags/example_branch_labels.py
[2024-04-21T14:45:17.254+0000] {processor.py:830} INFO - Processing file /home/airflow/.local/lib/python3.12/site-packages/airflow/example_dags/example_branch_labels.py for tasks to queue
[2024-04-21T14:45:17.258+0000] {logging_mixin.py:188} INFO - [2024-04-21T14:45:17.258+0000] {dagbag.py:540} INFO - Filling up the DagBag from /home/airflow/.local/lib/python3.12/site-packages/airflow/example_dags/example_branch_labels.py
[2024-04-21T14:45:17.269+0000] {processor.py:840} INFO - DAG(s) 'example_branch_labels' retrieved from /home/airflow/.local/lib/python3.12/site-packages/airflow/example_dags/example_branch_labels.py
[2024-04-21T14:45:17.296+0000] {logging_mixin.py:188} INFO - [2024-04-21T14:45:17.295+0000] {dag.py:3096} INFO - Sync 1 DAGs
[2024-04-21T14:45:17.324+0000] {logging_mixin.py:188} INFO - [2024-04-21T14:45:17.324+0000] {dag.py:3954} INFO - Setting next_dagrun for example_branch_labels to 2024-04-20 00:00:00+00:00, run_after=2024-04-21 00:00:00+00:00
[2024-04-21T14:45:17.350+0000] {processor.py:183} INFO - Processing /home/airflow/.local/lib/python3.12/site-packages/airflow/example_dags/example_branch_labels.py took 0.106 seconds
[2024-04-21T14:45:47.639+0000] {processor.py:161} INFO - Started process (PID=1396) to work on /home/airflow/.local/lib/python3.12/site-packages/airflow/example_dags/example_branch_labels.py
[2024-04-21T14:45:47.641+0000] {processor.py:830} INFO - Processing file /home/airflow/.local/lib/python3.12/site-packages/airflow/example_dags/example_branch_labels.py for tasks to queue
[2024-04-21T14:45:47.644+0000] {logging_mixin.py:188} INFO - [2024-04-21T14:45:47.643+0000] {dagbag.py:540} INFO - Filling up the DagBag from /home/airflow/.local/lib/python3.12/site-packages/airflow/example_dags/example_branch_labels.py
[2024-04-21T14:45:47.654+0000] {processor.py:840} INFO - DAG(s) 'example_branch_labels' retrieved from /home/airflow/.local/lib/python3.12/site-packages/airflow/example_dags/example_branch_labels.py
[2024-04-21T14:45:47.682+0000] {logging_mixin.py:188} INFO - [2024-04-21T14:45:47.682+0000] {dag.py:3096} INFO - Sync 1 DAGs
[2024-04-21T14:45:47.712+0000] {logging_mixin.py:188} INFO - [2024-04-21T14:45:47.712+0000] {dag.py:3954} INFO - Setting next_dagrun for example_branch_labels to 2024-04-20 00:00:00+00:00, run_after=2024-04-21 00:00:00+00:00
[2024-04-21T14:45:47.741+0000] {processor.py:183} INFO - Processing /home/airflow/.local/lib/python3.12/site-packages/airflow/example_dags/example_branch_labels.py took 0.109 seconds
[2024-04-21T14:46:17.789+0000] {processor.py:161} INFO - Started process (PID=1457) to work on /home/airflow/.local/lib/python3.12/site-packages/airflow/example_dags/example_branch_labels.py
[2024-04-21T14:46:17.790+0000] {processor.py:830} INFO - Processing file /home/airflow/.local/lib/python3.12/site-packages/airflow/example_dags/example_branch_labels.py for tasks to queue
[2024-04-21T14:46:17.792+0000] {logging_mixin.py:188} INFO - [2024-04-21T14:46:17.792+0000] {dagbag.py:540} INFO - Filling up the DagBag from /home/airflow/.local/lib/python3.12/site-packages/airflow/example_dags/example_branch_labels.py
[2024-04-21T14:46:17.802+0000] {processor.py:840} INFO - DAG(s) 'example_branch_labels' retrieved from /home/airflow/.local/lib/python3.12/site-packages/airflow/example_dags/example_branch_labels.py
[2024-04-21T14:46:17.829+0000] {logging_mixin.py:188} INFO - [2024-04-21T14:46:17.828+0000] {dag.py:3096} INFO - Sync 1 DAGs
[2024-04-21T14:46:17.859+0000] {logging_mixin.py:188} INFO - [2024-04-21T14:46:17.858+0000] {dag.py:3954} INFO - Setting next_dagrun for example_branch_labels to 2024-04-20 00:00:00+00:00, run_after=2024-04-21 00:00:00+00:00
[2024-04-21T14:46:17.890+0000] {processor.py:183} INFO - Processing /home/airflow/.local/lib/python3.12/site-packages/airflow/example_dags/example_branch_labels.py took 0.107 seconds
[2024-04-21T14:46:48.336+0000] {processor.py:161} INFO - Started process (PID=1518) to work on /home/airflow/.local/lib/python3.12/site-packages/airflow/example_dags/example_branch_labels.py
[2024-04-21T14:46:48.352+0000] {processor.py:830} INFO - Processing file /home/airflow/.local/lib/python3.12/site-packages/airflow/example_dags/example_branch_labels.py for tasks to queue
[2024-04-21T14:46:48.358+0000] {logging_mixin.py:188} INFO - [2024-04-21T14:46:48.357+0000] {dagbag.py:540} INFO - Filling up the DagBag from /home/airflow/.local/lib/python3.12/site-packages/airflow/example_dags/example_branch_labels.py
[2024-04-21T14:46:48.368+0000] {processor.py:840} INFO - DAG(s) 'example_branch_labels' retrieved from /home/airflow/.local/lib/python3.12/site-packages/airflow/example_dags/example_branch_labels.py
[2024-04-21T14:46:48.429+0000] {logging_mixin.py:188} INFO - [2024-04-21T14:46:48.428+0000] {dag.py:3096} INFO - Sync 1 DAGs
[2024-04-21T14:46:48.468+0000] {logging_mixin.py:188} INFO - [2024-04-21T14:46:48.468+0000] {dag.py:3954} INFO - Setting next_dagrun for example_branch_labels to 2024-04-20 00:00:00+00:00, run_after=2024-04-21 00:00:00+00:00
[2024-04-21T14:46:48.523+0000] {processor.py:183} INFO - Processing /home/airflow/.local/lib/python3.12/site-packages/airflow/example_dags/example_branch_labels.py took 0.209 seconds
[2024-04-21T14:47:18.914+0000] {processor.py:161} INFO - Started process (PID=1578) to work on /home/airflow/.local/lib/python3.12/site-packages/airflow/example_dags/example_branch_labels.py
[2024-04-21T14:47:18.916+0000] {processor.py:830} INFO - Processing file /home/airflow/.local/lib/python3.12/site-packages/airflow/example_dags/example_branch_labels.py for tasks to queue
[2024-04-21T14:47:18.919+0000] {logging_mixin.py:188} INFO - [2024-04-21T14:47:18.919+0000] {dagbag.py:540} INFO - Filling up the DagBag from /home/airflow/.local/lib/python3.12/site-packages/airflow/example_dags/example_branch_labels.py
[2024-04-21T14:47:18.928+0000] {processor.py:840} INFO - DAG(s) 'example_branch_labels' retrieved from /home/airflow/.local/lib/python3.12/site-packages/airflow/example_dags/example_branch_labels.py
[2024-04-21T14:47:18.955+0000] {logging_mixin.py:188} INFO - [2024-04-21T14:47:18.953+0000] {dag.py:3096} INFO - Sync 1 DAGs
[2024-04-21T14:47:18.987+0000] {logging_mixin.py:188} INFO - [2024-04-21T14:47:18.987+0000] {dag.py:3954} INFO - Setting next_dagrun for example_branch_labels to 2024-04-20 00:00:00+00:00, run_after=2024-04-21 00:00:00+00:00
[2024-04-21T14:47:19.016+0000] {processor.py:183} INFO - Processing /home/airflow/.local/lib/python3.12/site-packages/airflow/example_dags/example_branch_labels.py took 0.110 seconds
[2024-04-21T14:47:49.735+0000] {processor.py:161} INFO - Started process (PID=1639) to work on /home/airflow/.local/lib/python3.12/site-packages/airflow/example_dags/example_branch_labels.py
[2024-04-21T14:47:49.736+0000] {processor.py:830} INFO - Processing file /home/airflow/.local/lib/python3.12/site-packages/airflow/example_dags/example_branch_labels.py for tasks to queue
[2024-04-21T14:47:49.739+0000] {logging_mixin.py:188} INFO - [2024-04-21T14:47:49.739+0000] {dagbag.py:540} INFO - Filling up the DagBag from /home/airflow/.local/lib/python3.12/site-packages/airflow/example_dags/example_branch_labels.py
[2024-04-21T14:47:49.750+0000] {processor.py:840} INFO - DAG(s) 'example_branch_labels' retrieved from /home/airflow/.local/lib/python3.12/site-packages/airflow/example_dags/example_branch_labels.py
[2024-04-21T14:47:49.775+0000] {logging_mixin.py:188} INFO - [2024-04-21T14:47:49.775+0000] {dag.py:3096} INFO - Sync 1 DAGs
[2024-04-21T14:47:49.803+0000] {logging_mixin.py:188} INFO - [2024-04-21T14:47:49.803+0000] {dag.py:3954} INFO - Setting next_dagrun for example_branch_labels to 2024-04-20 00:00:00+00:00, run_after=2024-04-21 00:00:00+00:00
[2024-04-21T14:47:49.833+0000] {processor.py:183} INFO - Processing /home/airflow/.local/lib/python3.12/site-packages/airflow/example_dags/example_branch_labels.py took 0.105 seconds
[2024-04-21T14:48:20.487+0000] {processor.py:161} INFO - Started process (PID=1700) to work on /home/airflow/.local/lib/python3.12/site-packages/airflow/example_dags/example_branch_labels.py
[2024-04-21T14:48:20.489+0000] {processor.py:830} INFO - Processing file /home/airflow/.local/lib/python3.12/site-packages/airflow/example_dags/example_branch_labels.py for tasks to queue
[2024-04-21T14:48:20.491+0000] {logging_mixin.py:188} INFO - [2024-04-21T14:48:20.491+0000] {dagbag.py:540} INFO - Filling up the DagBag from /home/airflow/.local/lib/python3.12/site-packages/airflow/example_dags/example_branch_labels.py
[2024-04-21T14:48:20.502+0000] {processor.py:840} INFO - DAG(s) 'example_branch_labels' retrieved from /home/airflow/.local/lib/python3.12/site-packages/airflow/example_dags/example_branch_labels.py
[2024-04-21T14:48:20.527+0000] {logging_mixin.py:188} INFO - [2024-04-21T14:48:20.527+0000] {dag.py:3096} INFO - Sync 1 DAGs
[2024-04-21T14:48:20.558+0000] {logging_mixin.py:188} INFO - [2024-04-21T14:48:20.558+0000] {dag.py:3954} INFO - Setting next_dagrun for example_branch_labels to 2024-04-20 00:00:00+00:00, run_after=2024-04-21 00:00:00+00:00
[2024-04-21T14:48:20.586+0000] {processor.py:183} INFO - Processing /home/airflow/.local/lib/python3.12/site-packages/airflow/example_dags/example_branch_labels.py took 0.106 seconds
[2024-04-21T14:48:50.928+0000] {processor.py:161} INFO - Started process (PID=1761) to work on /home/airflow/.local/lib/python3.12/site-packages/airflow/example_dags/example_branch_labels.py
[2024-04-21T14:48:50.930+0000] {processor.py:830} INFO - Processing file /home/airflow/.local/lib/python3.12/site-packages/airflow/example_dags/example_branch_labels.py for tasks to queue
[2024-04-21T14:48:50.932+0000] {logging_mixin.py:188} INFO - [2024-04-21T14:48:50.932+0000] {dagbag.py:540} INFO - Filling up the DagBag from /home/airflow/.local/lib/python3.12/site-packages/airflow/example_dags/example_branch_labels.py
[2024-04-21T14:48:50.943+0000] {processor.py:840} INFO - DAG(s) 'example_branch_labels' retrieved from /home/airflow/.local/lib/python3.12/site-packages/airflow/example_dags/example_branch_labels.py
[2024-04-21T14:48:50.997+0000] {logging_mixin.py:188} INFO - [2024-04-21T14:48:50.996+0000] {dag.py:3096} INFO - Sync 1 DAGs
[2024-04-21T14:48:51.026+0000] {logging_mixin.py:188} INFO - [2024-04-21T14:48:51.026+0000] {dag.py:3954} INFO - Setting next_dagrun for example_branch_labels to 2024-04-20 00:00:00+00:00, run_after=2024-04-21 00:00:00+00:00
[2024-04-21T14:48:51.067+0000] {processor.py:183} INFO - Processing /home/airflow/.local/lib/python3.12/site-packages/airflow/example_dags/example_branch_labels.py took 0.145 seconds
[2024-04-21T14:49:21.642+0000] {processor.py:161} INFO - Started process (PID=1823) to work on /home/airflow/.local/lib/python3.12/site-packages/airflow/example_dags/example_branch_labels.py
[2024-04-21T14:49:21.644+0000] {processor.py:830} INFO - Processing file /home/airflow/.local/lib/python3.12/site-packages/airflow/example_dags/example_branch_labels.py for tasks to queue
[2024-04-21T14:49:21.646+0000] {logging_mixin.py:188} INFO - [2024-04-21T14:49:21.645+0000] {dagbag.py:540} INFO - Filling up the DagBag from /home/airflow/.local/lib/python3.12/site-packages/airflow/example_dags/example_branch_labels.py
[2024-04-21T14:49:21.656+0000] {processor.py:840} INFO - DAG(s) 'example_branch_labels' retrieved from /home/airflow/.local/lib/python3.12/site-packages/airflow/example_dags/example_branch_labels.py
[2024-04-21T14:49:21.682+0000] {logging_mixin.py:188} INFO - [2024-04-21T14:49:21.681+0000] {dag.py:3096} INFO - Sync 1 DAGs
[2024-04-21T14:49:21.716+0000] {logging_mixin.py:188} INFO - [2024-04-21T14:49:21.716+0000] {dag.py:3954} INFO - Setting next_dagrun for example_branch_labels to 2024-04-20 00:00:00+00:00, run_after=2024-04-21 00:00:00+00:00
[2024-04-21T14:49:21.746+0000] {processor.py:183} INFO - Processing /home/airflow/.local/lib/python3.12/site-packages/airflow/example_dags/example_branch_labels.py took 0.110 seconds
[2024-04-21T14:49:52.440+0000] {processor.py:161} INFO - Started process (PID=1885) to work on /home/airflow/.local/lib/python3.12/site-packages/airflow/example_dags/example_branch_labels.py
[2024-04-21T14:49:52.442+0000] {processor.py:830} INFO - Processing file /home/airflow/.local/lib/python3.12/site-packages/airflow/example_dags/example_branch_labels.py for tasks to queue
[2024-04-21T14:49:52.445+0000] {logging_mixin.py:188} INFO - [2024-04-21T14:49:52.444+0000] {dagbag.py:540} INFO - Filling up the DagBag from /home/airflow/.local/lib/python3.12/site-packages/airflow/example_dags/example_branch_labels.py
[2024-04-21T14:49:52.455+0000] {processor.py:840} INFO - DAG(s) 'example_branch_labels' retrieved from /home/airflow/.local/lib/python3.12/site-packages/airflow/example_dags/example_branch_labels.py
[2024-04-21T14:49:52.481+0000] {logging_mixin.py:188} INFO - [2024-04-21T14:49:52.480+0000] {dag.py:3096} INFO - Sync 1 DAGs
[2024-04-21T14:49:52.509+0000] {logging_mixin.py:188} INFO - [2024-04-21T14:49:52.509+0000] {dag.py:3954} INFO - Setting next_dagrun for example_branch_labels to 2024-04-20 00:00:00+00:00, run_after=2024-04-21 00:00:00+00:00
[2024-04-21T14:49:52.536+0000] {processor.py:183} INFO - Processing /home/airflow/.local/lib/python3.12/site-packages/airflow/example_dags/example_branch_labels.py took 0.105 seconds
[2024-04-21T14:50:22.810+0000] {processor.py:161} INFO - Started process (PID=1947) to work on /home/airflow/.local/lib/python3.12/site-packages/airflow/example_dags/example_branch_labels.py
[2024-04-21T14:50:22.811+0000] {processor.py:830} INFO - Processing file /home/airflow/.local/lib/python3.12/site-packages/airflow/example_dags/example_branch_labels.py for tasks to queue
[2024-04-21T14:50:22.813+0000] {logging_mixin.py:188} INFO - [2024-04-21T14:50:22.813+0000] {dagbag.py:540} INFO - Filling up the DagBag from /home/airflow/.local/lib/python3.12/site-packages/airflow/example_dags/example_branch_labels.py
[2024-04-21T14:50:22.823+0000] {processor.py:840} INFO - DAG(s) 'example_branch_labels' retrieved from /home/airflow/.local/lib/python3.12/site-packages/airflow/example_dags/example_branch_labels.py
[2024-04-21T14:50:22.853+0000] {logging_mixin.py:188} INFO - [2024-04-21T14:50:22.852+0000] {dag.py:3096} INFO - Sync 1 DAGs
[2024-04-21T14:50:22.885+0000] {logging_mixin.py:188} INFO - [2024-04-21T14:50:22.885+0000] {dag.py:3954} INFO - Setting next_dagrun for example_branch_labels to 2024-04-20 00:00:00+00:00, run_after=2024-04-21 00:00:00+00:00
[2024-04-21T14:50:22.912+0000] {processor.py:183} INFO - Processing /home/airflow/.local/lib/python3.12/site-packages/airflow/example_dags/example_branch_labels.py took 0.110 seconds
[2024-04-21T14:50:53.678+0000] {processor.py:161} INFO - Started process (PID=2008) to work on /home/airflow/.local/lib/python3.12/site-packages/airflow/example_dags/example_branch_labels.py
[2024-04-21T14:50:53.680+0000] {processor.py:830} INFO - Processing file /home/airflow/.local/lib/python3.12/site-packages/airflow/example_dags/example_branch_labels.py for tasks to queue
[2024-04-21T14:50:53.683+0000] {logging_mixin.py:188} INFO - [2024-04-21T14:50:53.682+0000] {dagbag.py:540} INFO - Filling up the DagBag from /home/airflow/.local/lib/python3.12/site-packages/airflow/example_dags/example_branch_labels.py
[2024-04-21T14:50:53.694+0000] {processor.py:840} INFO - DAG(s) 'example_branch_labels' retrieved from /home/airflow/.local/lib/python3.12/site-packages/airflow/example_dags/example_branch_labels.py
[2024-04-21T14:50:53.755+0000] {logging_mixin.py:188} INFO - [2024-04-21T14:50:53.753+0000] {dag.py:3096} INFO - Sync 1 DAGs
[2024-04-21T14:50:53.808+0000] {logging_mixin.py:188} INFO - [2024-04-21T14:50:53.808+0000] {dag.py:3954} INFO - Setting next_dagrun for example_branch_labels to 2024-04-20 00:00:00+00:00, run_after=2024-04-21 00:00:00+00:00
[2024-04-21T14:50:53.857+0000] {processor.py:183} INFO - Processing /home/airflow/.local/lib/python3.12/site-packages/airflow/example_dags/example_branch_labels.py took 0.187 seconds
[2024-04-21T14:51:24.634+0000] {processor.py:161} INFO - Started process (PID=2069) to work on /home/airflow/.local/lib/python3.12/site-packages/airflow/example_dags/example_branch_labels.py
[2024-04-21T14:51:24.636+0000] {processor.py:830} INFO - Processing file /home/airflow/.local/lib/python3.12/site-packages/airflow/example_dags/example_branch_labels.py for tasks to queue
[2024-04-21T14:51:24.639+0000] {logging_mixin.py:188} INFO - [2024-04-21T14:51:24.638+0000] {dagbag.py:540} INFO - Filling up the DagBag from /home/airflow/.local/lib/python3.12/site-packages/airflow/example_dags/example_branch_labels.py
[2024-04-21T14:51:24.646+0000] {processor.py:840} INFO - DAG(s) 'example_branch_labels' retrieved from /home/airflow/.local/lib/python3.12/site-packages/airflow/example_dags/example_branch_labels.py
[2024-04-21T14:51:24.688+0000] {logging_mixin.py:188} INFO - [2024-04-21T14:51:24.687+0000] {dag.py:3096} INFO - Sync 1 DAGs
[2024-04-21T14:51:24.717+0000] {logging_mixin.py:188} INFO - [2024-04-21T14:51:24.717+0000] {dag.py:3954} INFO - Setting next_dagrun for example_branch_labels to 2024-04-20 00:00:00+00:00, run_after=2024-04-21 00:00:00+00:00
[2024-04-21T14:51:24.744+0000] {processor.py:183} INFO - Processing /home/airflow/.local/lib/python3.12/site-packages/airflow/example_dags/example_branch_labels.py took 0.116 seconds
[2024-04-21T14:51:55.214+0000] {processor.py:161} INFO - Started process (PID=2131) to work on /home/airflow/.local/lib/python3.12/site-packages/airflow/example_dags/example_branch_labels.py
[2024-04-21T14:51:55.216+0000] {processor.py:830} INFO - Processing file /home/airflow/.local/lib/python3.12/site-packages/airflow/example_dags/example_branch_labels.py for tasks to queue
[2024-04-21T14:51:55.218+0000] {logging_mixin.py:188} INFO - [2024-04-21T14:51:55.218+0000] {dagbag.py:540} INFO - Filling up the DagBag from /home/airflow/.local/lib/python3.12/site-packages/airflow/example_dags/example_branch_labels.py
[2024-04-21T14:51:55.226+0000] {processor.py:840} INFO - DAG(s) 'example_branch_labels' retrieved from /home/airflow/.local/lib/python3.12/site-packages/airflow/example_dags/example_branch_labels.py
[2024-04-21T14:51:55.252+0000] {logging_mixin.py:188} INFO - [2024-04-21T14:51:55.251+0000] {dag.py:3096} INFO - Sync 1 DAGs
[2024-04-21T14:51:55.282+0000] {logging_mixin.py:188} INFO - [2024-04-21T14:51:55.281+0000] {dag.py:3954} INFO - Setting next_dagrun for example_branch_labels to 2024-04-20 00:00:00+00:00, run_after=2024-04-21 00:00:00+00:00
[2024-04-21T14:51:55.310+0000] {processor.py:183} INFO - Processing /home/airflow/.local/lib/python3.12/site-packages/airflow/example_dags/example_branch_labels.py took 0.104 seconds
[2024-04-21T14:52:25.863+0000] {processor.py:161} INFO - Started process (PID=2193) to work on /home/airflow/.local/lib/python3.12/site-packages/airflow/example_dags/example_branch_labels.py
[2024-04-21T14:52:25.876+0000] {processor.py:830} INFO - Processing file /home/airflow/.local/lib/python3.12/site-packages/airflow/example_dags/example_branch_labels.py for tasks to queue
[2024-04-21T14:52:25.879+0000] {logging_mixin.py:188} INFO - [2024-04-21T14:52:25.878+0000] {dagbag.py:540} INFO - Filling up the DagBag from /home/airflow/.local/lib/python3.12/site-packages/airflow/example_dags/example_branch_labels.py
[2024-04-21T14:52:25.907+0000] {processor.py:840} INFO - DAG(s) 'example_branch_labels' retrieved from /home/airflow/.local/lib/python3.12/site-packages/airflow/example_dags/example_branch_labels.py
[2024-04-21T14:52:25.976+0000] {logging_mixin.py:188} INFO - [2024-04-21T14:52:25.974+0000] {dag.py:3096} INFO - Sync 1 DAGs
[2024-04-21T14:52:26.025+0000] {logging_mixin.py:188} INFO - [2024-04-21T14:52:26.025+0000] {dag.py:3954} INFO - Setting next_dagrun for example_branch_labels to 2024-04-20 00:00:00+00:00, run_after=2024-04-21 00:00:00+00:00
[2024-04-21T14:52:26.090+0000] {processor.py:183} INFO - Processing /home/airflow/.local/lib/python3.12/site-packages/airflow/example_dags/example_branch_labels.py took 0.258 seconds
