[2024-04-21T14:34:28.808+0000] {processor.py:161} INFO - Started process (PID=46) to work on /home/airflow/.local/lib/python3.12/site-packages/airflow/example_dags/example_params_ui_tutorial.py
[2024-04-21T14:34:28.812+0000] {processor.py:830} INFO - Processing file /home/airflow/.local/lib/python3.12/site-packages/airflow/example_dags/example_params_ui_tutorial.py for tasks to queue
[2024-04-21T14:34:28.816+0000] {logging_mixin.py:188} INFO - [2024-04-21T14:34:28.816+0000] {dagbag.py:540} INFO - Filling up the DagBag from /home/airflow/.local/lib/python3.12/site-packages/airflow/example_dags/example_params_ui_tutorial.py
[2024-04-21T14:34:28.856+0000] {processor.py:840} INFO - DAG(s) 'example_params_ui_tutorial' retrieved from /home/airflow/.local/lib/python3.12/site-packages/airflow/example_dags/example_params_ui_tutorial.py
[2024-04-21T14:34:29.408+0000] {logging_mixin.py:188} INFO - [2024-04-21T14:34:29.408+0000] {dag.py:3096} INFO - Sync 1 DAGs
[2024-04-21T14:34:29.456+0000] {logging_mixin.py:188} INFO - [2024-04-21T14:34:29.456+0000] {dag.py:3954} INFO - Setting next_dagrun for example_params_ui_tutorial to None, run_after=None
[2024-04-21T14:34:29.553+0000] {processor.py:183} INFO - Processing /home/airflow/.local/lib/python3.12/site-packages/airflow/example_dags/example_params_ui_tutorial.py took 0.767 seconds
[2024-04-21T14:34:59.970+0000] {processor.py:161} INFO - Started process (PID=106) to work on /home/airflow/.local/lib/python3.12/site-packages/airflow/example_dags/example_params_ui_tutorial.py
[2024-04-21T14:34:59.972+0000] {processor.py:830} INFO - Processing file /home/airflow/.local/lib/python3.12/site-packages/airflow/example_dags/example_params_ui_tutorial.py for tasks to queue
[2024-04-21T14:34:59.974+0000] {logging_mixin.py:188} INFO - [2024-04-21T14:34:59.973+0000] {dagbag.py:540} INFO - Filling up the DagBag from /home/airflow/.local/lib/python3.12/site-packages/airflow/example_dags/example_params_ui_tutorial.py
[2024-04-21T14:34:59.985+0000] {processor.py:840} INFO - DAG(s) 'example_params_ui_tutorial' retrieved from /home/airflow/.local/lib/python3.12/site-packages/airflow/example_dags/example_params_ui_tutorial.py
[2024-04-21T14:35:00.035+0000] {logging_mixin.py:188} INFO - [2024-04-21T14:35:00.035+0000] {dag.py:3096} INFO - Sync 1 DAGs
[2024-04-21T14:35:00.048+0000] {logging_mixin.py:188} INFO - [2024-04-21T14:35:00.047+0000] {dag.py:3954} INFO - Setting next_dagrun for example_params_ui_tutorial to None, run_after=None
[2024-04-21T14:35:00.069+0000] {processor.py:183} INFO - Processing /home/airflow/.local/lib/python3.12/site-packages/airflow/example_dags/example_params_ui_tutorial.py took 0.104 seconds
[2024-04-21T14:35:30.696+0000] {processor.py:161} INFO - Started process (PID=168) to work on /home/airflow/.local/lib/python3.12/site-packages/airflow/example_dags/example_params_ui_tutorial.py
[2024-04-21T14:35:30.698+0000] {processor.py:830} INFO - Processing file /home/airflow/.local/lib/python3.12/site-packages/airflow/example_dags/example_params_ui_tutorial.py for tasks to queue
[2024-04-21T14:35:30.701+0000] {logging_mixin.py:188} INFO - [2024-04-21T14:35:30.700+0000] {dagbag.py:540} INFO - Filling up the DagBag from /home/airflow/.local/lib/python3.12/site-packages/airflow/example_dags/example_params_ui_tutorial.py
[2024-04-21T14:35:30.713+0000] {processor.py:840} INFO - DAG(s) 'example_params_ui_tutorial' retrieved from /home/airflow/.local/lib/python3.12/site-packages/airflow/example_dags/example_params_ui_tutorial.py
[2024-04-21T14:35:30.764+0000] {logging_mixin.py:188} INFO - [2024-04-21T14:35:30.763+0000] {dag.py:3096} INFO - Sync 1 DAGs
[2024-04-21T14:35:30.776+0000] {logging_mixin.py:188} INFO - [2024-04-21T14:35:30.776+0000] {dag.py:3954} INFO - Setting next_dagrun for example_params_ui_tutorial to None, run_after=None
[2024-04-21T14:35:30.798+0000] {processor.py:183} INFO - Processing /home/airflow/.local/lib/python3.12/site-packages/airflow/example_dags/example_params_ui_tutorial.py took 0.109 seconds
[2024-04-21T14:36:01.625+0000] {processor.py:161} INFO - Started process (PID=228) to work on /home/airflow/.local/lib/python3.12/site-packages/airflow/example_dags/example_params_ui_tutorial.py
[2024-04-21T14:36:01.627+0000] {processor.py:830} INFO - Processing file /home/airflow/.local/lib/python3.12/site-packages/airflow/example_dags/example_params_ui_tutorial.py for tasks to queue
[2024-04-21T14:36:01.630+0000] {logging_mixin.py:188} INFO - [2024-04-21T14:36:01.629+0000] {dagbag.py:540} INFO - Filling up the DagBag from /home/airflow/.local/lib/python3.12/site-packages/airflow/example_dags/example_params_ui_tutorial.py
[2024-04-21T14:36:01.640+0000] {processor.py:840} INFO - DAG(s) 'example_params_ui_tutorial' retrieved from /home/airflow/.local/lib/python3.12/site-packages/airflow/example_dags/example_params_ui_tutorial.py
[2024-04-21T14:36:01.695+0000] {logging_mixin.py:188} INFO - [2024-04-21T14:36:01.695+0000] {dag.py:3096} INFO - Sync 1 DAGs
[2024-04-21T14:36:01.707+0000] {logging_mixin.py:188} INFO - [2024-04-21T14:36:01.707+0000] {dag.py:3954} INFO - Setting next_dagrun for example_params_ui_tutorial to None, run_after=None
[2024-04-21T14:36:01.730+0000] {processor.py:183} INFO - Processing /home/airflow/.local/lib/python3.12/site-packages/airflow/example_dags/example_params_ui_tutorial.py took 0.110 seconds
[2024-04-21T14:36:32.611+0000] {processor.py:161} INFO - Started process (PID=289) to work on /home/airflow/.local/lib/python3.12/site-packages/airflow/example_dags/example_params_ui_tutorial.py
[2024-04-21T14:36:32.615+0000] {processor.py:830} INFO - Processing file /home/airflow/.local/lib/python3.12/site-packages/airflow/example_dags/example_params_ui_tutorial.py for tasks to queue
[2024-04-21T14:36:32.624+0000] {logging_mixin.py:188} INFO - [2024-04-21T14:36:32.623+0000] {dagbag.py:540} INFO - Filling up the DagBag from /home/airflow/.local/lib/python3.12/site-packages/airflow/example_dags/example_params_ui_tutorial.py
[2024-04-21T14:36:32.641+0000] {processor.py:840} INFO - DAG(s) 'example_params_ui_tutorial' retrieved from /home/airflow/.local/lib/python3.12/site-packages/airflow/example_dags/example_params_ui_tutorial.py
[2024-04-21T14:36:32.806+0000] {logging_mixin.py:188} INFO - [2024-04-21T14:36:32.805+0000] {dag.py:3096} INFO - Sync 1 DAGs
[2024-04-21T14:36:32.829+0000] {logging_mixin.py:188} INFO - [2024-04-21T14:36:32.829+0000] {dag.py:3954} INFO - Setting next_dagrun for example_params_ui_tutorial to None, run_after=None
[2024-04-21T14:36:32.883+0000] {processor.py:183} INFO - Processing /home/airflow/.local/lib/python3.12/site-packages/airflow/example_dags/example_params_ui_tutorial.py took 0.281 seconds
[2024-04-21T14:37:03.654+0000] {processor.py:161} INFO - Started process (PID=350) to work on /home/airflow/.local/lib/python3.12/site-packages/airflow/example_dags/example_params_ui_tutorial.py
[2024-04-21T14:37:03.657+0000] {processor.py:830} INFO - Processing file /home/airflow/.local/lib/python3.12/site-packages/airflow/example_dags/example_params_ui_tutorial.py for tasks to queue
[2024-04-21T14:37:03.665+0000] {logging_mixin.py:188} INFO - [2024-04-21T14:37:03.664+0000] {dagbag.py:540} INFO - Filling up the DagBag from /home/airflow/.local/lib/python3.12/site-packages/airflow/example_dags/example_params_ui_tutorial.py
[2024-04-21T14:37:03.684+0000] {processor.py:840} INFO - DAG(s) 'example_params_ui_tutorial' retrieved from /home/airflow/.local/lib/python3.12/site-packages/airflow/example_dags/example_params_ui_tutorial.py
[2024-04-21T14:37:03.781+0000] {logging_mixin.py:188} INFO - [2024-04-21T14:37:03.780+0000] {dag.py:3096} INFO - Sync 1 DAGs
[2024-04-21T14:37:03.812+0000] {logging_mixin.py:188} INFO - [2024-04-21T14:37:03.811+0000] {dag.py:3954} INFO - Setting next_dagrun for example_params_ui_tutorial to None, run_after=None
[2024-04-21T14:37:03.866+0000] {processor.py:183} INFO - Processing /home/airflow/.local/lib/python3.12/site-packages/airflow/example_dags/example_params_ui_tutorial.py took 0.219 seconds
[2024-04-21T14:37:34.473+0000] {processor.py:161} INFO - Started process (PID=411) to work on /home/airflow/.local/lib/python3.12/site-packages/airflow/example_dags/example_params_ui_tutorial.py
[2024-04-21T14:37:34.481+0000] {processor.py:830} INFO - Processing file /home/airflow/.local/lib/python3.12/site-packages/airflow/example_dags/example_params_ui_tutorial.py for tasks to queue
[2024-04-21T14:37:34.483+0000] {logging_mixin.py:188} INFO - [2024-04-21T14:37:34.482+0000] {dagbag.py:540} INFO - Filling up the DagBag from /home/airflow/.local/lib/python3.12/site-packages/airflow/example_dags/example_params_ui_tutorial.py
[2024-04-21T14:37:34.497+0000] {processor.py:840} INFO - DAG(s) 'example_params_ui_tutorial' retrieved from /home/airflow/.local/lib/python3.12/site-packages/airflow/example_dags/example_params_ui_tutorial.py
[2024-04-21T14:37:34.619+0000] {logging_mixin.py:188} INFO - [2024-04-21T14:37:34.618+0000] {dag.py:3096} INFO - Sync 1 DAGs
[2024-04-21T14:37:34.630+0000] {logging_mixin.py:188} INFO - [2024-04-21T14:37:34.630+0000] {dag.py:3954} INFO - Setting next_dagrun for example_params_ui_tutorial to None, run_after=None
[2024-04-21T14:37:34.650+0000] {processor.py:183} INFO - Processing /home/airflow/.local/lib/python3.12/site-packages/airflow/example_dags/example_params_ui_tutorial.py took 0.194 seconds
[2024-04-21T14:38:04.797+0000] {processor.py:161} INFO - Started process (PID=472) to work on /home/airflow/.local/lib/python3.12/site-packages/airflow/example_dags/example_params_ui_tutorial.py
[2024-04-21T14:38:04.798+0000] {processor.py:830} INFO - Processing file /home/airflow/.local/lib/python3.12/site-packages/airflow/example_dags/example_params_ui_tutorial.py for tasks to queue
[2024-04-21T14:38:04.801+0000] {logging_mixin.py:188} INFO - [2024-04-21T14:38:04.800+0000] {dagbag.py:540} INFO - Filling up the DagBag from /home/airflow/.local/lib/python3.12/site-packages/airflow/example_dags/example_params_ui_tutorial.py
[2024-04-21T14:38:04.817+0000] {processor.py:840} INFO - DAG(s) 'example_params_ui_tutorial' retrieved from /home/airflow/.local/lib/python3.12/site-packages/airflow/example_dags/example_params_ui_tutorial.py
[2024-04-21T14:38:04.905+0000] {logging_mixin.py:188} INFO - [2024-04-21T14:38:04.905+0000] {dag.py:3096} INFO - Sync 1 DAGs
[2024-04-21T14:38:04.924+0000] {logging_mixin.py:188} INFO - [2024-04-21T14:38:04.924+0000] {dag.py:3954} INFO - Setting next_dagrun for example_params_ui_tutorial to None, run_after=None
[2024-04-21T14:38:04.953+0000] {processor.py:183} INFO - Processing /home/airflow/.local/lib/python3.12/site-packages/airflow/example_dags/example_params_ui_tutorial.py took 0.162 seconds
[2024-04-21T14:38:35.278+0000] {processor.py:161} INFO - Started process (PID=533) to work on /home/airflow/.local/lib/python3.12/site-packages/airflow/example_dags/example_params_ui_tutorial.py
[2024-04-21T14:38:35.280+0000] {processor.py:830} INFO - Processing file /home/airflow/.local/lib/python3.12/site-packages/airflow/example_dags/example_params_ui_tutorial.py for tasks to queue
[2024-04-21T14:38:35.283+0000] {logging_mixin.py:188} INFO - [2024-04-21T14:38:35.283+0000] {dagbag.py:540} INFO - Filling up the DagBag from /home/airflow/.local/lib/python3.12/site-packages/airflow/example_dags/example_params_ui_tutorial.py
[2024-04-21T14:38:35.298+0000] {processor.py:840} INFO - DAG(s) 'example_params_ui_tutorial' retrieved from /home/airflow/.local/lib/python3.12/site-packages/airflow/example_dags/example_params_ui_tutorial.py
[2024-04-21T14:38:35.379+0000] {logging_mixin.py:188} INFO - [2024-04-21T14:38:35.379+0000] {dag.py:3096} INFO - Sync 1 DAGs
[2024-04-21T14:38:35.397+0000] {logging_mixin.py:188} INFO - [2024-04-21T14:38:35.397+0000] {dag.py:3954} INFO - Setting next_dagrun for example_params_ui_tutorial to None, run_after=None
[2024-04-21T14:38:35.429+0000] {processor.py:183} INFO - Processing /home/airflow/.local/lib/python3.12/site-packages/airflow/example_dags/example_params_ui_tutorial.py took 0.157 seconds
[2024-04-21T14:39:05.912+0000] {processor.py:161} INFO - Started process (PID=594) to work on /home/airflow/.local/lib/python3.12/site-packages/airflow/example_dags/example_params_ui_tutorial.py
[2024-04-21T14:39:05.914+0000] {processor.py:830} INFO - Processing file /home/airflow/.local/lib/python3.12/site-packages/airflow/example_dags/example_params_ui_tutorial.py for tasks to queue
[2024-04-21T14:39:05.917+0000] {logging_mixin.py:188} INFO - [2024-04-21T14:39:05.916+0000] {dagbag.py:540} INFO - Filling up the DagBag from /home/airflow/.local/lib/python3.12/site-packages/airflow/example_dags/example_params_ui_tutorial.py
[2024-04-21T14:39:05.933+0000] {processor.py:840} INFO - DAG(s) 'example_params_ui_tutorial' retrieved from /home/airflow/.local/lib/python3.12/site-packages/airflow/example_dags/example_params_ui_tutorial.py
[2024-04-21T14:39:06.026+0000] {logging_mixin.py:188} INFO - [2024-04-21T14:39:06.026+0000] {dag.py:3096} INFO - Sync 1 DAGs
[2024-04-21T14:39:06.046+0000] {logging_mixin.py:188} INFO - [2024-04-21T14:39:06.046+0000] {dag.py:3954} INFO - Setting next_dagrun for example_params_ui_tutorial to None, run_after=None
[2024-04-21T14:39:06.130+0000] {processor.py:183} INFO - Processing /home/airflow/.local/lib/python3.12/site-packages/airflow/example_dags/example_params_ui_tutorial.py took 0.223 seconds
[2024-04-21T14:39:36.814+0000] {processor.py:161} INFO - Started process (PID=655) to work on /home/airflow/.local/lib/python3.12/site-packages/airflow/example_dags/example_params_ui_tutorial.py
[2024-04-21T14:39:36.822+0000] {processor.py:830} INFO - Processing file /home/airflow/.local/lib/python3.12/site-packages/airflow/example_dags/example_params_ui_tutorial.py for tasks to queue
[2024-04-21T14:39:36.830+0000] {logging_mixin.py:188} INFO - [2024-04-21T14:39:36.825+0000] {dagbag.py:540} INFO - Filling up the DagBag from /home/airflow/.local/lib/python3.12/site-packages/airflow/example_dags/example_params_ui_tutorial.py
[2024-04-21T14:39:36.861+0000] {processor.py:840} INFO - DAG(s) 'example_params_ui_tutorial' retrieved from /home/airflow/.local/lib/python3.12/site-packages/airflow/example_dags/example_params_ui_tutorial.py
[2024-04-21T14:39:37.057+0000] {logging_mixin.py:188} INFO - [2024-04-21T14:39:37.056+0000] {dag.py:3096} INFO - Sync 1 DAGs
[2024-04-21T14:39:37.074+0000] {logging_mixin.py:188} INFO - [2024-04-21T14:39:37.074+0000] {dag.py:3954} INFO - Setting next_dagrun for example_params_ui_tutorial to None, run_after=None
[2024-04-21T14:39:37.110+0000] {processor.py:183} INFO - Processing /home/airflow/.local/lib/python3.12/site-packages/airflow/example_dags/example_params_ui_tutorial.py took 0.306 seconds
[2024-04-21T14:40:07.433+0000] {processor.py:161} INFO - Started process (PID=716) to work on /home/airflow/.local/lib/python3.12/site-packages/airflow/example_dags/example_params_ui_tutorial.py
[2024-04-21T14:40:07.453+0000] {processor.py:830} INFO - Processing file /home/airflow/.local/lib/python3.12/site-packages/airflow/example_dags/example_params_ui_tutorial.py for tasks to queue
[2024-04-21T14:40:07.458+0000] {logging_mixin.py:188} INFO - [2024-04-21T14:40:07.458+0000] {dagbag.py:540} INFO - Filling up the DagBag from /home/airflow/.local/lib/python3.12/site-packages/airflow/example_dags/example_params_ui_tutorial.py
[2024-04-21T14:40:07.518+0000] {processor.py:840} INFO - DAG(s) 'example_params_ui_tutorial' retrieved from /home/airflow/.local/lib/python3.12/site-packages/airflow/example_dags/example_params_ui_tutorial.py
[2024-04-21T14:40:07.692+0000] {logging_mixin.py:188} INFO - [2024-04-21T14:40:07.691+0000] {dag.py:3096} INFO - Sync 1 DAGs
[2024-04-21T14:40:07.749+0000] {logging_mixin.py:188} INFO - [2024-04-21T14:40:07.749+0000] {dag.py:3954} INFO - Setting next_dagrun for example_params_ui_tutorial to None, run_after=None
[2024-04-21T14:40:07.792+0000] {processor.py:183} INFO - Processing /home/airflow/.local/lib/python3.12/site-packages/airflow/example_dags/example_params_ui_tutorial.py took 0.387 seconds
[2024-04-21T14:40:37.976+0000] {processor.py:161} INFO - Started process (PID=777) to work on /home/airflow/.local/lib/python3.12/site-packages/airflow/example_dags/example_params_ui_tutorial.py
[2024-04-21T14:40:37.982+0000] {processor.py:830} INFO - Processing file /home/airflow/.local/lib/python3.12/site-packages/airflow/example_dags/example_params_ui_tutorial.py for tasks to queue
[2024-04-21T14:40:37.985+0000] {logging_mixin.py:188} INFO - [2024-04-21T14:40:37.984+0000] {dagbag.py:540} INFO - Filling up the DagBag from /home/airflow/.local/lib/python3.12/site-packages/airflow/example_dags/example_params_ui_tutorial.py
[2024-04-21T14:40:38.006+0000] {processor.py:840} INFO - DAG(s) 'example_params_ui_tutorial' retrieved from /home/airflow/.local/lib/python3.12/site-packages/airflow/example_dags/example_params_ui_tutorial.py
[2024-04-21T14:40:38.111+0000] {logging_mixin.py:188} INFO - [2024-04-21T14:40:38.107+0000] {dag.py:3096} INFO - Sync 1 DAGs
[2024-04-21T14:40:38.147+0000] {logging_mixin.py:188} INFO - [2024-04-21T14:40:38.147+0000] {dag.py:3954} INFO - Setting next_dagrun for example_params_ui_tutorial to None, run_after=None
[2024-04-21T14:40:38.206+0000] {processor.py:183} INFO - Processing /home/airflow/.local/lib/python3.12/site-packages/airflow/example_dags/example_params_ui_tutorial.py took 0.236 seconds
[2024-04-21T14:41:08.315+0000] {processor.py:161} INFO - Started process (PID=838) to work on /home/airflow/.local/lib/python3.12/site-packages/airflow/example_dags/example_params_ui_tutorial.py
[2024-04-21T14:41:08.318+0000] {processor.py:830} INFO - Processing file /home/airflow/.local/lib/python3.12/site-packages/airflow/example_dags/example_params_ui_tutorial.py for tasks to queue
[2024-04-21T14:41:08.320+0000] {logging_mixin.py:188} INFO - [2024-04-21T14:41:08.320+0000] {dagbag.py:540} INFO - Filling up the DagBag from /home/airflow/.local/lib/python3.12/site-packages/airflow/example_dags/example_params_ui_tutorial.py
[2024-04-21T14:41:08.338+0000] {processor.py:840} INFO - DAG(s) 'example_params_ui_tutorial' retrieved from /home/airflow/.local/lib/python3.12/site-packages/airflow/example_dags/example_params_ui_tutorial.py
[2024-04-21T14:41:08.420+0000] {logging_mixin.py:188} INFO - [2024-04-21T14:41:08.419+0000] {dag.py:3096} INFO - Sync 1 DAGs
[2024-04-21T14:41:08.435+0000] {logging_mixin.py:188} INFO - [2024-04-21T14:41:08.434+0000] {dag.py:3954} INFO - Setting next_dagrun for example_params_ui_tutorial to None, run_after=None
[2024-04-21T14:41:08.461+0000] {processor.py:183} INFO - Processing /home/airflow/.local/lib/python3.12/site-packages/airflow/example_dags/example_params_ui_tutorial.py took 0.152 seconds
[2024-04-21T14:41:38.536+0000] {processor.py:161} INFO - Started process (PID=897) to work on /home/airflow/.local/lib/python3.12/site-packages/airflow/example_dags/example_params_ui_tutorial.py
[2024-04-21T14:41:38.537+0000] {processor.py:830} INFO - Processing file /home/airflow/.local/lib/python3.12/site-packages/airflow/example_dags/example_params_ui_tutorial.py for tasks to queue
[2024-04-21T14:41:38.540+0000] {logging_mixin.py:188} INFO - [2024-04-21T14:41:38.540+0000] {dagbag.py:540} INFO - Filling up the DagBag from /home/airflow/.local/lib/python3.12/site-packages/airflow/example_dags/example_params_ui_tutorial.py
[2024-04-21T14:41:38.571+0000] {processor.py:840} INFO - DAG(s) 'example_params_ui_tutorial' retrieved from /home/airflow/.local/lib/python3.12/site-packages/airflow/example_dags/example_params_ui_tutorial.py
[2024-04-21T14:41:38.651+0000] {logging_mixin.py:188} INFO - [2024-04-21T14:41:38.651+0000] {dag.py:3096} INFO - Sync 1 DAGs
[2024-04-21T14:41:38.665+0000] {logging_mixin.py:188} INFO - [2024-04-21T14:41:38.665+0000] {dag.py:3954} INFO - Setting next_dagrun for example_params_ui_tutorial to None, run_after=None
[2024-04-21T14:41:38.692+0000] {processor.py:183} INFO - Processing /home/airflow/.local/lib/python3.12/site-packages/airflow/example_dags/example_params_ui_tutorial.py took 0.162 seconds
[2024-04-21T14:42:09.372+0000] {processor.py:161} INFO - Started process (PID=958) to work on /home/airflow/.local/lib/python3.12/site-packages/airflow/example_dags/example_params_ui_tutorial.py
[2024-04-21T14:42:09.373+0000] {processor.py:830} INFO - Processing file /home/airflow/.local/lib/python3.12/site-packages/airflow/example_dags/example_params_ui_tutorial.py for tasks to queue
[2024-04-21T14:42:09.375+0000] {logging_mixin.py:188} INFO - [2024-04-21T14:42:09.375+0000] {dagbag.py:540} INFO - Filling up the DagBag from /home/airflow/.local/lib/python3.12/site-packages/airflow/example_dags/example_params_ui_tutorial.py
[2024-04-21T14:42:09.391+0000] {processor.py:840} INFO - DAG(s) 'example_params_ui_tutorial' retrieved from /home/airflow/.local/lib/python3.12/site-packages/airflow/example_dags/example_params_ui_tutorial.py
[2024-04-21T14:42:09.475+0000] {logging_mixin.py:188} INFO - [2024-04-21T14:42:09.475+0000] {dag.py:3096} INFO - Sync 1 DAGs
[2024-04-21T14:42:09.490+0000] {logging_mixin.py:188} INFO - [2024-04-21T14:42:09.490+0000] {dag.py:3954} INFO - Setting next_dagrun for example_params_ui_tutorial to None, run_after=None
[2024-04-21T14:42:09.515+0000] {processor.py:183} INFO - Processing /home/airflow/.local/lib/python3.12/site-packages/airflow/example_dags/example_params_ui_tutorial.py took 0.150 seconds
[2024-04-21T14:42:40.086+0000] {processor.py:161} INFO - Started process (PID=1019) to work on /home/airflow/.local/lib/python3.12/site-packages/airflow/example_dags/example_params_ui_tutorial.py
[2024-04-21T14:42:40.088+0000] {processor.py:830} INFO - Processing file /home/airflow/.local/lib/python3.12/site-packages/airflow/example_dags/example_params_ui_tutorial.py for tasks to queue
[2024-04-21T14:42:40.092+0000] {logging_mixin.py:188} INFO - [2024-04-21T14:42:40.091+0000] {dagbag.py:540} INFO - Filling up the DagBag from /home/airflow/.local/lib/python3.12/site-packages/airflow/example_dags/example_params_ui_tutorial.py
[2024-04-21T14:42:40.107+0000] {processor.py:840} INFO - DAG(s) 'example_params_ui_tutorial' retrieved from /home/airflow/.local/lib/python3.12/site-packages/airflow/example_dags/example_params_ui_tutorial.py
[2024-04-21T14:42:40.193+0000] {logging_mixin.py:188} INFO - [2024-04-21T14:42:40.192+0000] {dag.py:3096} INFO - Sync 1 DAGs
[2024-04-21T14:42:40.207+0000] {logging_mixin.py:188} INFO - [2024-04-21T14:42:40.207+0000] {dag.py:3954} INFO - Setting next_dagrun for example_params_ui_tutorial to None, run_after=None
[2024-04-21T14:42:40.233+0000] {processor.py:183} INFO - Processing /home/airflow/.local/lib/python3.12/site-packages/airflow/example_dags/example_params_ui_tutorial.py took 0.153 seconds
[2024-04-21T14:43:10.286+0000] {processor.py:161} INFO - Started process (PID=1081) to work on /home/airflow/.local/lib/python3.12/site-packages/airflow/example_dags/example_params_ui_tutorial.py
[2024-04-21T14:43:10.288+0000] {processor.py:830} INFO - Processing file /home/airflow/.local/lib/python3.12/site-packages/airflow/example_dags/example_params_ui_tutorial.py for tasks to queue
[2024-04-21T14:43:10.292+0000] {logging_mixin.py:188} INFO - [2024-04-21T14:43:10.291+0000] {dagbag.py:540} INFO - Filling up the DagBag from /home/airflow/.local/lib/python3.12/site-packages/airflow/example_dags/example_params_ui_tutorial.py
[2024-04-21T14:43:10.307+0000] {processor.py:840} INFO - DAG(s) 'example_params_ui_tutorial' retrieved from /home/airflow/.local/lib/python3.12/site-packages/airflow/example_dags/example_params_ui_tutorial.py
[2024-04-21T14:43:10.385+0000] {logging_mixin.py:188} INFO - [2024-04-21T14:43:10.385+0000] {dag.py:3096} INFO - Sync 1 DAGs
[2024-04-21T14:43:10.401+0000] {logging_mixin.py:188} INFO - [2024-04-21T14:43:10.401+0000] {dag.py:3954} INFO - Setting next_dagrun for example_params_ui_tutorial to None, run_after=None
[2024-04-21T14:43:10.431+0000] {processor.py:183} INFO - Processing /home/airflow/.local/lib/python3.12/site-packages/airflow/example_dags/example_params_ui_tutorial.py took 0.153 seconds
[2024-04-21T14:43:41.099+0000] {processor.py:161} INFO - Started process (PID=1141) to work on /home/airflow/.local/lib/python3.12/site-packages/airflow/example_dags/example_params_ui_tutorial.py
[2024-04-21T14:43:41.100+0000] {processor.py:830} INFO - Processing file /home/airflow/.local/lib/python3.12/site-packages/airflow/example_dags/example_params_ui_tutorial.py for tasks to queue
[2024-04-21T14:43:41.103+0000] {logging_mixin.py:188} INFO - [2024-04-21T14:43:41.102+0000] {dagbag.py:540} INFO - Filling up the DagBag from /home/airflow/.local/lib/python3.12/site-packages/airflow/example_dags/example_params_ui_tutorial.py
[2024-04-21T14:43:41.131+0000] {processor.py:840} INFO - DAG(s) 'example_params_ui_tutorial' retrieved from /home/airflow/.local/lib/python3.12/site-packages/airflow/example_dags/example_params_ui_tutorial.py
[2024-04-21T14:43:41.233+0000] {logging_mixin.py:188} INFO - [2024-04-21T14:43:41.232+0000] {dag.py:3096} INFO - Sync 1 DAGs
[2024-04-21T14:43:41.249+0000] {logging_mixin.py:188} INFO - [2024-04-21T14:43:41.249+0000] {dag.py:3954} INFO - Setting next_dagrun for example_params_ui_tutorial to None, run_after=None
[2024-04-21T14:43:41.275+0000] {processor.py:183} INFO - Processing /home/airflow/.local/lib/python3.12/site-packages/airflow/example_dags/example_params_ui_tutorial.py took 0.182 seconds
[2024-04-21T14:44:11.361+0000] {processor.py:161} INFO - Started process (PID=1202) to work on /home/airflow/.local/lib/python3.12/site-packages/airflow/example_dags/example_params_ui_tutorial.py
[2024-04-21T14:44:11.363+0000] {processor.py:830} INFO - Processing file /home/airflow/.local/lib/python3.12/site-packages/airflow/example_dags/example_params_ui_tutorial.py for tasks to queue
[2024-04-21T14:44:11.366+0000] {logging_mixin.py:188} INFO - [2024-04-21T14:44:11.365+0000] {dagbag.py:540} INFO - Filling up the DagBag from /home/airflow/.local/lib/python3.12/site-packages/airflow/example_dags/example_params_ui_tutorial.py
[2024-04-21T14:44:11.381+0000] {processor.py:840} INFO - DAG(s) 'example_params_ui_tutorial' retrieved from /home/airflow/.local/lib/python3.12/site-packages/airflow/example_dags/example_params_ui_tutorial.py
[2024-04-21T14:44:11.468+0000] {logging_mixin.py:188} INFO - [2024-04-21T14:44:11.468+0000] {dag.py:3096} INFO - Sync 1 DAGs
[2024-04-21T14:44:11.481+0000] {logging_mixin.py:188} INFO - [2024-04-21T14:44:11.481+0000] {dag.py:3954} INFO - Setting next_dagrun for example_params_ui_tutorial to None, run_after=None
[2024-04-21T14:44:11.508+0000] {processor.py:183} INFO - Processing /home/airflow/.local/lib/python3.12/site-packages/airflow/example_dags/example_params_ui_tutorial.py took 0.153 seconds
[2024-04-21T14:44:42.058+0000] {processor.py:161} INFO - Started process (PID=1263) to work on /home/airflow/.local/lib/python3.12/site-packages/airflow/example_dags/example_params_ui_tutorial.py
[2024-04-21T14:44:42.059+0000] {processor.py:830} INFO - Processing file /home/airflow/.local/lib/python3.12/site-packages/airflow/example_dags/example_params_ui_tutorial.py for tasks to queue
[2024-04-21T14:44:42.062+0000] {logging_mixin.py:188} INFO - [2024-04-21T14:44:42.061+0000] {dagbag.py:540} INFO - Filling up the DagBag from /home/airflow/.local/lib/python3.12/site-packages/airflow/example_dags/example_params_ui_tutorial.py
[2024-04-21T14:44:42.077+0000] {processor.py:840} INFO - DAG(s) 'example_params_ui_tutorial' retrieved from /home/airflow/.local/lib/python3.12/site-packages/airflow/example_dags/example_params_ui_tutorial.py
[2024-04-21T14:44:42.162+0000] {logging_mixin.py:188} INFO - [2024-04-21T14:44:42.162+0000] {dag.py:3096} INFO - Sync 1 DAGs
[2024-04-21T14:44:42.180+0000] {logging_mixin.py:188} INFO - [2024-04-21T14:44:42.180+0000] {dag.py:3954} INFO - Setting next_dagrun for example_params_ui_tutorial to None, run_after=None
[2024-04-21T14:44:42.205+0000] {processor.py:183} INFO - Processing /home/airflow/.local/lib/python3.12/site-packages/airflow/example_dags/example_params_ui_tutorial.py took 0.153 seconds
[2024-04-21T14:45:12.383+0000] {processor.py:161} INFO - Started process (PID=1324) to work on /home/airflow/.local/lib/python3.12/site-packages/airflow/example_dags/example_params_ui_tutorial.py
[2024-04-21T14:45:12.393+0000] {processor.py:830} INFO - Processing file /home/airflow/.local/lib/python3.12/site-packages/airflow/example_dags/example_params_ui_tutorial.py for tasks to queue
[2024-04-21T14:45:12.397+0000] {logging_mixin.py:188} INFO - [2024-04-21T14:45:12.394+0000] {dagbag.py:540} INFO - Filling up the DagBag from /home/airflow/.local/lib/python3.12/site-packages/airflow/example_dags/example_params_ui_tutorial.py
[2024-04-21T14:45:12.442+0000] {processor.py:840} INFO - DAG(s) 'example_params_ui_tutorial' retrieved from /home/airflow/.local/lib/python3.12/site-packages/airflow/example_dags/example_params_ui_tutorial.py
[2024-04-21T14:45:12.607+0000] {logging_mixin.py:188} INFO - [2024-04-21T14:45:12.604+0000] {dag.py:3096} INFO - Sync 1 DAGs
[2024-04-21T14:45:12.645+0000] {logging_mixin.py:188} INFO - [2024-04-21T14:45:12.644+0000] {dag.py:3954} INFO - Setting next_dagrun for example_params_ui_tutorial to None, run_after=None
[2024-04-21T14:45:12.708+0000] {processor.py:183} INFO - Processing /home/airflow/.local/lib/python3.12/site-packages/airflow/example_dags/example_params_ui_tutorial.py took 0.333 seconds
[2024-04-21T14:45:42.946+0000] {processor.py:161} INFO - Started process (PID=1385) to work on /home/airflow/.local/lib/python3.12/site-packages/airflow/example_dags/example_params_ui_tutorial.py
[2024-04-21T14:45:42.948+0000] {processor.py:830} INFO - Processing file /home/airflow/.local/lib/python3.12/site-packages/airflow/example_dags/example_params_ui_tutorial.py for tasks to queue
[2024-04-21T14:45:42.951+0000] {logging_mixin.py:188} INFO - [2024-04-21T14:45:42.951+0000] {dagbag.py:540} INFO - Filling up the DagBag from /home/airflow/.local/lib/python3.12/site-packages/airflow/example_dags/example_params_ui_tutorial.py
[2024-04-21T14:45:42.973+0000] {processor.py:840} INFO - DAG(s) 'example_params_ui_tutorial' retrieved from /home/airflow/.local/lib/python3.12/site-packages/airflow/example_dags/example_params_ui_tutorial.py
[2024-04-21T14:45:43.055+0000] {logging_mixin.py:188} INFO - [2024-04-21T14:45:43.055+0000] {dag.py:3096} INFO - Sync 1 DAGs
[2024-04-21T14:45:43.074+0000] {logging_mixin.py:188} INFO - [2024-04-21T14:45:43.073+0000] {dag.py:3954} INFO - Setting next_dagrun for example_params_ui_tutorial to None, run_after=None
[2024-04-21T14:45:43.099+0000] {processor.py:183} INFO - Processing /home/airflow/.local/lib/python3.12/site-packages/airflow/example_dags/example_params_ui_tutorial.py took 0.159 seconds
[2024-04-21T14:46:13.993+0000] {processor.py:161} INFO - Started process (PID=1447) to work on /home/airflow/.local/lib/python3.12/site-packages/airflow/example_dags/example_params_ui_tutorial.py
[2024-04-21T14:46:14.004+0000] {processor.py:830} INFO - Processing file /home/airflow/.local/lib/python3.12/site-packages/airflow/example_dags/example_params_ui_tutorial.py for tasks to queue
[2024-04-21T14:46:14.007+0000] {logging_mixin.py:188} INFO - [2024-04-21T14:46:14.006+0000] {dagbag.py:540} INFO - Filling up the DagBag from /home/airflow/.local/lib/python3.12/site-packages/airflow/example_dags/example_params_ui_tutorial.py
[2024-04-21T14:46:14.054+0000] {processor.py:840} INFO - DAG(s) 'example_params_ui_tutorial' retrieved from /home/airflow/.local/lib/python3.12/site-packages/airflow/example_dags/example_params_ui_tutorial.py
[2024-04-21T14:46:14.378+0000] {logging_mixin.py:188} INFO - [2024-04-21T14:46:14.377+0000] {dag.py:3096} INFO - Sync 1 DAGs
[2024-04-21T14:46:14.410+0000] {logging_mixin.py:188} INFO - [2024-04-21T14:46:14.410+0000] {dag.py:3954} INFO - Setting next_dagrun for example_params_ui_tutorial to None, run_after=None
[2024-04-21T14:46:14.461+0000] {processor.py:183} INFO - Processing /home/airflow/.local/lib/python3.12/site-packages/airflow/example_dags/example_params_ui_tutorial.py took 0.479 seconds
[2024-04-21T14:46:44.535+0000] {processor.py:161} INFO - Started process (PID=1509) to work on /home/airflow/.local/lib/python3.12/site-packages/airflow/example_dags/example_params_ui_tutorial.py
[2024-04-21T14:46:44.537+0000] {processor.py:830} INFO - Processing file /home/airflow/.local/lib/python3.12/site-packages/airflow/example_dags/example_params_ui_tutorial.py for tasks to queue
[2024-04-21T14:46:44.539+0000] {logging_mixin.py:188} INFO - [2024-04-21T14:46:44.539+0000] {dagbag.py:540} INFO - Filling up the DagBag from /home/airflow/.local/lib/python3.12/site-packages/airflow/example_dags/example_params_ui_tutorial.py
[2024-04-21T14:46:44.554+0000] {processor.py:840} INFO - DAG(s) 'example_params_ui_tutorial' retrieved from /home/airflow/.local/lib/python3.12/site-packages/airflow/example_dags/example_params_ui_tutorial.py
[2024-04-21T14:46:44.629+0000] {logging_mixin.py:188} INFO - [2024-04-21T14:46:44.629+0000] {dag.py:3096} INFO - Sync 1 DAGs
[2024-04-21T14:46:44.645+0000] {logging_mixin.py:188} INFO - [2024-04-21T14:46:44.645+0000] {dag.py:3954} INFO - Setting next_dagrun for example_params_ui_tutorial to None, run_after=None
[2024-04-21T14:46:44.686+0000] {processor.py:183} INFO - Processing /home/airflow/.local/lib/python3.12/site-packages/airflow/example_dags/example_params_ui_tutorial.py took 0.159 seconds
[2024-04-21T14:47:15.324+0000] {processor.py:161} INFO - Started process (PID=1570) to work on /home/airflow/.local/lib/python3.12/site-packages/airflow/example_dags/example_params_ui_tutorial.py
[2024-04-21T14:47:15.326+0000] {processor.py:830} INFO - Processing file /home/airflow/.local/lib/python3.12/site-packages/airflow/example_dags/example_params_ui_tutorial.py for tasks to queue
[2024-04-21T14:47:15.328+0000] {logging_mixin.py:188} INFO - [2024-04-21T14:47:15.328+0000] {dagbag.py:540} INFO - Filling up the DagBag from /home/airflow/.local/lib/python3.12/site-packages/airflow/example_dags/example_params_ui_tutorial.py
[2024-04-21T14:47:15.342+0000] {processor.py:840} INFO - DAG(s) 'example_params_ui_tutorial' retrieved from /home/airflow/.local/lib/python3.12/site-packages/airflow/example_dags/example_params_ui_tutorial.py
[2024-04-21T14:47:15.430+0000] {logging_mixin.py:188} INFO - [2024-04-21T14:47:15.429+0000] {dag.py:3096} INFO - Sync 1 DAGs
[2024-04-21T14:47:15.442+0000] {logging_mixin.py:188} INFO - [2024-04-21T14:47:15.442+0000] {dag.py:3954} INFO - Setting next_dagrun for example_params_ui_tutorial to None, run_after=None
[2024-04-21T14:47:15.466+0000] {processor.py:183} INFO - Processing /home/airflow/.local/lib/python3.12/site-packages/airflow/example_dags/example_params_ui_tutorial.py took 0.149 seconds
[2024-04-21T14:47:46.121+0000] {processor.py:161} INFO - Started process (PID=1631) to work on /home/airflow/.local/lib/python3.12/site-packages/airflow/example_dags/example_params_ui_tutorial.py
[2024-04-21T14:47:46.126+0000] {processor.py:830} INFO - Processing file /home/airflow/.local/lib/python3.12/site-packages/airflow/example_dags/example_params_ui_tutorial.py for tasks to queue
[2024-04-21T14:47:46.129+0000] {logging_mixin.py:188} INFO - [2024-04-21T14:47:46.128+0000] {dagbag.py:540} INFO - Filling up the DagBag from /home/airflow/.local/lib/python3.12/site-packages/airflow/example_dags/example_params_ui_tutorial.py
[2024-04-21T14:47:46.150+0000] {processor.py:840} INFO - DAG(s) 'example_params_ui_tutorial' retrieved from /home/airflow/.local/lib/python3.12/site-packages/airflow/example_dags/example_params_ui_tutorial.py
[2024-04-21T14:47:46.233+0000] {logging_mixin.py:188} INFO - [2024-04-21T14:47:46.233+0000] {dag.py:3096} INFO - Sync 1 DAGs
[2024-04-21T14:47:46.246+0000] {logging_mixin.py:188} INFO - [2024-04-21T14:47:46.246+0000] {dag.py:3954} INFO - Setting next_dagrun for example_params_ui_tutorial to None, run_after=None
[2024-04-21T14:47:46.271+0000] {processor.py:183} INFO - Processing /home/airflow/.local/lib/python3.12/site-packages/airflow/example_dags/example_params_ui_tutorial.py took 0.156 seconds
[2024-04-21T14:48:16.841+0000] {processor.py:161} INFO - Started process (PID=1692) to work on /home/airflow/.local/lib/python3.12/site-packages/airflow/example_dags/example_params_ui_tutorial.py
[2024-04-21T14:48:16.843+0000] {processor.py:830} INFO - Processing file /home/airflow/.local/lib/python3.12/site-packages/airflow/example_dags/example_params_ui_tutorial.py for tasks to queue
[2024-04-21T14:48:16.846+0000] {logging_mixin.py:188} INFO - [2024-04-21T14:48:16.846+0000] {dagbag.py:540} INFO - Filling up the DagBag from /home/airflow/.local/lib/python3.12/site-packages/airflow/example_dags/example_params_ui_tutorial.py
[2024-04-21T14:48:16.870+0000] {processor.py:840} INFO - DAG(s) 'example_params_ui_tutorial' retrieved from /home/airflow/.local/lib/python3.12/site-packages/airflow/example_dags/example_params_ui_tutorial.py
[2024-04-21T14:48:16.996+0000] {logging_mixin.py:188} INFO - [2024-04-21T14:48:16.996+0000] {dag.py:3096} INFO - Sync 1 DAGs
[2024-04-21T14:48:17.014+0000] {logging_mixin.py:188} INFO - [2024-04-21T14:48:17.014+0000] {dag.py:3954} INFO - Setting next_dagrun for example_params_ui_tutorial to None, run_after=None
[2024-04-21T14:48:17.037+0000] {processor.py:183} INFO - Processing /home/airflow/.local/lib/python3.12/site-packages/airflow/example_dags/example_params_ui_tutorial.py took 0.203 seconds
[2024-04-21T14:48:47.350+0000] {processor.py:161} INFO - Started process (PID=1753) to work on /home/airflow/.local/lib/python3.12/site-packages/airflow/example_dags/example_params_ui_tutorial.py
[2024-04-21T14:48:47.351+0000] {processor.py:830} INFO - Processing file /home/airflow/.local/lib/python3.12/site-packages/airflow/example_dags/example_params_ui_tutorial.py for tasks to queue
[2024-04-21T14:48:47.355+0000] {logging_mixin.py:188} INFO - [2024-04-21T14:48:47.355+0000] {dagbag.py:540} INFO - Filling up the DagBag from /home/airflow/.local/lib/python3.12/site-packages/airflow/example_dags/example_params_ui_tutorial.py
[2024-04-21T14:48:47.370+0000] {processor.py:840} INFO - DAG(s) 'example_params_ui_tutorial' retrieved from /home/airflow/.local/lib/python3.12/site-packages/airflow/example_dags/example_params_ui_tutorial.py
[2024-04-21T14:48:47.494+0000] {logging_mixin.py:188} INFO - [2024-04-21T14:48:47.494+0000] {dag.py:3096} INFO - Sync 1 DAGs
[2024-04-21T14:48:47.512+0000] {logging_mixin.py:188} INFO - [2024-04-21T14:48:47.512+0000] {dag.py:3954} INFO - Setting next_dagrun for example_params_ui_tutorial to None, run_after=None
[2024-04-21T14:48:47.539+0000] {processor.py:183} INFO - Processing /home/airflow/.local/lib/python3.12/site-packages/airflow/example_dags/example_params_ui_tutorial.py took 0.195 seconds
[2024-04-21T14:49:18.007+0000] {processor.py:161} INFO - Started process (PID=1815) to work on /home/airflow/.local/lib/python3.12/site-packages/airflow/example_dags/example_params_ui_tutorial.py
[2024-04-21T14:49:18.008+0000] {processor.py:830} INFO - Processing file /home/airflow/.local/lib/python3.12/site-packages/airflow/example_dags/example_params_ui_tutorial.py for tasks to queue
[2024-04-21T14:49:18.011+0000] {logging_mixin.py:188} INFO - [2024-04-21T14:49:18.010+0000] {dagbag.py:540} INFO - Filling up the DagBag from /home/airflow/.local/lib/python3.12/site-packages/airflow/example_dags/example_params_ui_tutorial.py
[2024-04-21T14:49:18.026+0000] {processor.py:840} INFO - DAG(s) 'example_params_ui_tutorial' retrieved from /home/airflow/.local/lib/python3.12/site-packages/airflow/example_dags/example_params_ui_tutorial.py
[2024-04-21T14:49:18.144+0000] {logging_mixin.py:188} INFO - [2024-04-21T14:49:18.144+0000] {dag.py:3096} INFO - Sync 1 DAGs
[2024-04-21T14:49:18.164+0000] {logging_mixin.py:188} INFO - [2024-04-21T14:49:18.164+0000] {dag.py:3954} INFO - Setting next_dagrun for example_params_ui_tutorial to None, run_after=None
[2024-04-21T14:49:18.191+0000] {processor.py:183} INFO - Processing /home/airflow/.local/lib/python3.12/site-packages/airflow/example_dags/example_params_ui_tutorial.py took 0.191 seconds
[2024-04-21T14:49:48.917+0000] {processor.py:161} INFO - Started process (PID=1877) to work on /home/airflow/.local/lib/python3.12/site-packages/airflow/example_dags/example_params_ui_tutorial.py
[2024-04-21T14:49:48.919+0000] {processor.py:830} INFO - Processing file /home/airflow/.local/lib/python3.12/site-packages/airflow/example_dags/example_params_ui_tutorial.py for tasks to queue
[2024-04-21T14:49:48.922+0000] {logging_mixin.py:188} INFO - [2024-04-21T14:49:48.922+0000] {dagbag.py:540} INFO - Filling up the DagBag from /home/airflow/.local/lib/python3.12/site-packages/airflow/example_dags/example_params_ui_tutorial.py
[2024-04-21T14:49:48.944+0000] {processor.py:840} INFO - DAG(s) 'example_params_ui_tutorial' retrieved from /home/airflow/.local/lib/python3.12/site-packages/airflow/example_dags/example_params_ui_tutorial.py
[2024-04-21T14:49:49.023+0000] {logging_mixin.py:188} INFO - [2024-04-21T14:49:49.023+0000] {dag.py:3096} INFO - Sync 1 DAGs
[2024-04-21T14:49:49.038+0000] {logging_mixin.py:188} INFO - [2024-04-21T14:49:49.038+0000] {dag.py:3954} INFO - Setting next_dagrun for example_params_ui_tutorial to None, run_after=None
[2024-04-21T14:49:49.062+0000] {processor.py:183} INFO - Processing /home/airflow/.local/lib/python3.12/site-packages/airflow/example_dags/example_params_ui_tutorial.py took 0.151 seconds
[2024-04-21T14:50:19.247+0000] {processor.py:161} INFO - Started process (PID=1939) to work on /home/airflow/.local/lib/python3.12/site-packages/airflow/example_dags/example_params_ui_tutorial.py
[2024-04-21T14:50:19.248+0000] {processor.py:830} INFO - Processing file /home/airflow/.local/lib/python3.12/site-packages/airflow/example_dags/example_params_ui_tutorial.py for tasks to queue
[2024-04-21T14:50:19.260+0000] {logging_mixin.py:188} INFO - [2024-04-21T14:50:19.260+0000] {dagbag.py:540} INFO - Filling up the DagBag from /home/airflow/.local/lib/python3.12/site-packages/airflow/example_dags/example_params_ui_tutorial.py
[2024-04-21T14:50:19.280+0000] {processor.py:840} INFO - DAG(s) 'example_params_ui_tutorial' retrieved from /home/airflow/.local/lib/python3.12/site-packages/airflow/example_dags/example_params_ui_tutorial.py
[2024-04-21T14:50:19.368+0000] {logging_mixin.py:188} INFO - [2024-04-21T14:50:19.368+0000] {dag.py:3096} INFO - Sync 1 DAGs
[2024-04-21T14:50:19.386+0000] {logging_mixin.py:188} INFO - [2024-04-21T14:50:19.386+0000] {dag.py:3954} INFO - Setting next_dagrun for example_params_ui_tutorial to None, run_after=None
[2024-04-21T14:50:19.415+0000] {processor.py:183} INFO - Processing /home/airflow/.local/lib/python3.12/site-packages/airflow/example_dags/example_params_ui_tutorial.py took 0.174 seconds
[2024-04-21T14:50:50.004+0000] {processor.py:161} INFO - Started process (PID=2000) to work on /home/airflow/.local/lib/python3.12/site-packages/airflow/example_dags/example_params_ui_tutorial.py
[2024-04-21T14:50:50.005+0000] {processor.py:830} INFO - Processing file /home/airflow/.local/lib/python3.12/site-packages/airflow/example_dags/example_params_ui_tutorial.py for tasks to queue
[2024-04-21T14:50:50.008+0000] {logging_mixin.py:188} INFO - [2024-04-21T14:50:50.007+0000] {dagbag.py:540} INFO - Filling up the DagBag from /home/airflow/.local/lib/python3.12/site-packages/airflow/example_dags/example_params_ui_tutorial.py
[2024-04-21T14:50:50.021+0000] {processor.py:840} INFO - DAG(s) 'example_params_ui_tutorial' retrieved from /home/airflow/.local/lib/python3.12/site-packages/airflow/example_dags/example_params_ui_tutorial.py
[2024-04-21T14:50:50.109+0000] {logging_mixin.py:188} INFO - [2024-04-21T14:50:50.109+0000] {dag.py:3096} INFO - Sync 1 DAGs
[2024-04-21T14:50:50.123+0000] {logging_mixin.py:188} INFO - [2024-04-21T14:50:50.123+0000] {dag.py:3954} INFO - Setting next_dagrun for example_params_ui_tutorial to None, run_after=None
[2024-04-21T14:50:50.153+0000] {processor.py:183} INFO - Processing /home/airflow/.local/lib/python3.12/site-packages/airflow/example_dags/example_params_ui_tutorial.py took 0.156 seconds
[2024-04-21T14:51:20.850+0000] {processor.py:161} INFO - Started process (PID=2061) to work on /home/airflow/.local/lib/python3.12/site-packages/airflow/example_dags/example_params_ui_tutorial.py
[2024-04-21T14:51:20.851+0000] {processor.py:830} INFO - Processing file /home/airflow/.local/lib/python3.12/site-packages/airflow/example_dags/example_params_ui_tutorial.py for tasks to queue
[2024-04-21T14:51:20.854+0000] {logging_mixin.py:188} INFO - [2024-04-21T14:51:20.854+0000] {dagbag.py:540} INFO - Filling up the DagBag from /home/airflow/.local/lib/python3.12/site-packages/airflow/example_dags/example_params_ui_tutorial.py
[2024-04-21T14:51:20.889+0000] {processor.py:840} INFO - DAG(s) 'example_params_ui_tutorial' retrieved from /home/airflow/.local/lib/python3.12/site-packages/airflow/example_dags/example_params_ui_tutorial.py
[2024-04-21T14:51:20.980+0000] {logging_mixin.py:188} INFO - [2024-04-21T14:51:20.979+0000] {dag.py:3096} INFO - Sync 1 DAGs
[2024-04-21T14:51:20.994+0000] {logging_mixin.py:188} INFO - [2024-04-21T14:51:20.994+0000] {dag.py:3954} INFO - Setting next_dagrun for example_params_ui_tutorial to None, run_after=None
[2024-04-21T14:51:21.066+0000] {processor.py:183} INFO - Processing /home/airflow/.local/lib/python3.12/site-packages/airflow/example_dags/example_params_ui_tutorial.py took 0.228 seconds
[2024-04-21T14:51:51.355+0000] {processor.py:161} INFO - Started process (PID=2124) to work on /home/airflow/.local/lib/python3.12/site-packages/airflow/example_dags/example_params_ui_tutorial.py
[2024-04-21T14:51:51.372+0000] {processor.py:830} INFO - Processing file /home/airflow/.local/lib/python3.12/site-packages/airflow/example_dags/example_params_ui_tutorial.py for tasks to queue
[2024-04-21T14:51:51.375+0000] {logging_mixin.py:188} INFO - [2024-04-21T14:51:51.374+0000] {dagbag.py:540} INFO - Filling up the DagBag from /home/airflow/.local/lib/python3.12/site-packages/airflow/example_dags/example_params_ui_tutorial.py
[2024-04-21T14:51:51.420+0000] {processor.py:840} INFO - DAG(s) 'example_params_ui_tutorial' retrieved from /home/airflow/.local/lib/python3.12/site-packages/airflow/example_dags/example_params_ui_tutorial.py
[2024-04-21T14:51:51.669+0000] {logging_mixin.py:188} INFO - [2024-04-21T14:51:51.669+0000] {dag.py:3096} INFO - Sync 1 DAGs
[2024-04-21T14:51:51.698+0000] {logging_mixin.py:188} INFO - [2024-04-21T14:51:51.698+0000] {dag.py:3954} INFO - Setting next_dagrun for example_params_ui_tutorial to None, run_after=None
[2024-04-21T14:51:51.725+0000] {processor.py:183} INFO - Processing /home/airflow/.local/lib/python3.12/site-packages/airflow/example_dags/example_params_ui_tutorial.py took 0.377 seconds
[2024-04-21T14:52:21.846+0000] {processor.py:161} INFO - Started process (PID=2186) to work on /home/airflow/.local/lib/python3.12/site-packages/airflow/example_dags/example_params_ui_tutorial.py
[2024-04-21T14:52:21.847+0000] {processor.py:830} INFO - Processing file /home/airflow/.local/lib/python3.12/site-packages/airflow/example_dags/example_params_ui_tutorial.py for tasks to queue
[2024-04-21T14:52:21.855+0000] {logging_mixin.py:188} INFO - [2024-04-21T14:52:21.855+0000] {dagbag.py:540} INFO - Filling up the DagBag from /home/airflow/.local/lib/python3.12/site-packages/airflow/example_dags/example_params_ui_tutorial.py
[2024-04-21T14:52:21.872+0000] {processor.py:840} INFO - DAG(s) 'example_params_ui_tutorial' retrieved from /home/airflow/.local/lib/python3.12/site-packages/airflow/example_dags/example_params_ui_tutorial.py
[2024-04-21T14:52:22.114+0000] {logging_mixin.py:188} INFO - [2024-04-21T14:52:22.114+0000] {dag.py:3096} INFO - Sync 1 DAGs
[2024-04-21T14:52:22.148+0000] {logging_mixin.py:188} INFO - [2024-04-21T14:52:22.147+0000] {dag.py:3954} INFO - Setting next_dagrun for example_params_ui_tutorial to None, run_after=None
[2024-04-21T14:52:22.230+0000] {processor.py:183} INFO - Processing /home/airflow/.local/lib/python3.12/site-packages/airflow/example_dags/example_params_ui_tutorial.py took 0.399 seconds
