[2024-04-21T13:53:22.390+0000] {processor.py:161} INFO - Started process (PID=60) to work on /home/airflow/.local/lib/python3.12/site-packages/airflow/example_dags/example_datasets.py
[2024-04-21T13:53:22.411+0000] {processor.py:830} INFO - Processing file /home/airflow/.local/lib/python3.12/site-packages/airflow/example_dags/example_datasets.py for tasks to queue
[2024-04-21T13:53:22.414+0000] {logging_mixin.py:188} INFO - [2024-04-21T13:53:22.414+0000] {dagbag.py:540} INFO - Filling up the DagBag from /home/airflow/.local/lib/python3.12/site-packages/airflow/example_dags/example_datasets.py
[2024-04-21T13:53:22.527+0000] {processor.py:840} INFO - DAG(s) 'dataset_consumes_1_and_2', 'consume_1_or_both_2_and_3_with_dataset_expressions', 'dataset_consumes_unknown_never_scheduled', 'dataset_produces_1', 'consume_1_and_2_with_dataset_expressions', 'consume_1_or_2_with_dataset_expressions', 'dataset_consumes_1', 'dataset_consumes_1_never_scheduled', 'dataset_produces_2', 'conditional_dataset_and_time_based_timetable' retrieved from /home/airflow/.local/lib/python3.12/site-packages/airflow/example_dags/example_datasets.py
[2024-04-21T13:53:23.249+0000] {logging_mixin.py:188} INFO - [2024-04-21T13:53:23.248+0000] {override.py:1829} INFO - Created Permission View: can edit on DAG:dataset_consumes_1_and_2
[2024-04-21T13:53:23.283+0000] {logging_mixin.py:188} INFO - [2024-04-21T13:53:23.283+0000] {override.py:1829} INFO - Created Permission View: can read on DAG:dataset_consumes_1_and_2
[2024-04-21T13:53:23.309+0000] {logging_mixin.py:188} INFO - [2024-04-21T13:53:23.308+0000] {override.py:1829} INFO - Created Permission View: can delete on DAG:dataset_consumes_1_and_2
[2024-04-21T13:53:23.360+0000] {logging_mixin.py:188} INFO - [2024-04-21T13:53:23.360+0000] {override.py:1829} INFO - Created Permission View: can edit on DAG:consume_1_or_both_2_and_3_with_dataset_expressions
[2024-04-21T13:53:23.413+0000] {logging_mixin.py:188} INFO - [2024-04-21T13:53:23.413+0000] {override.py:1829} INFO - Created Permission View: can read on DAG:consume_1_or_both_2_and_3_with_dataset_expressions
[2024-04-21T13:53:23.437+0000] {logging_mixin.py:188} INFO - [2024-04-21T13:53:23.437+0000] {override.py:1829} INFO - Created Permission View: can delete on DAG:consume_1_or_both_2_and_3_with_dataset_expressions
[2024-04-21T13:53:23.489+0000] {logging_mixin.py:188} INFO - [2024-04-21T13:53:23.489+0000] {override.py:1829} INFO - Created Permission View: can edit on DAG:dataset_consumes_unknown_never_scheduled
[2024-04-21T13:53:23.520+0000] {logging_mixin.py:188} INFO - [2024-04-21T13:53:23.519+0000] {override.py:1829} INFO - Created Permission View: can read on DAG:dataset_consumes_unknown_never_scheduled
[2024-04-21T13:53:23.588+0000] {logging_mixin.py:188} INFO - [2024-04-21T13:53:23.588+0000] {override.py:1829} INFO - Created Permission View: can delete on DAG:dataset_consumes_unknown_never_scheduled
[2024-04-21T13:53:23.727+0000] {logging_mixin.py:188} INFO - [2024-04-21T13:53:23.727+0000] {override.py:1829} INFO - Created Permission View: can edit on DAG:dataset_produces_1
[2024-04-21T13:53:23.841+0000] {logging_mixin.py:188} INFO - [2024-04-21T13:53:23.840+0000] {override.py:1829} INFO - Created Permission View: can read on DAG:dataset_produces_1
[2024-04-21T13:53:23.944+0000] {logging_mixin.py:188} INFO - [2024-04-21T13:53:23.943+0000] {override.py:1829} INFO - Created Permission View: can delete on DAG:dataset_produces_1
[2024-04-21T13:53:24.094+0000] {logging_mixin.py:188} INFO - [2024-04-21T13:53:24.093+0000] {override.py:1829} INFO - Created Permission View: can edit on DAG:consume_1_and_2_with_dataset_expressions
[2024-04-21T13:53:24.111+0000] {logging_mixin.py:188} INFO - [2024-04-21T13:53:24.110+0000] {override.py:1829} INFO - Created Permission View: can read on DAG:consume_1_and_2_with_dataset_expressions
[2024-04-21T13:53:24.122+0000] {logging_mixin.py:188} INFO - [2024-04-21T13:53:24.122+0000] {override.py:1829} INFO - Created Permission View: can delete on DAG:consume_1_and_2_with_dataset_expressions
[2024-04-21T13:53:24.194+0000] {logging_mixin.py:188} INFO - [2024-04-21T13:53:24.193+0000] {override.py:1829} INFO - Created Permission View: can edit on DAG:consume_1_or_2_with_dataset_expressions
[2024-04-21T13:53:24.220+0000] {logging_mixin.py:188} INFO - [2024-04-21T13:53:24.220+0000] {override.py:1829} INFO - Created Permission View: can read on DAG:consume_1_or_2_with_dataset_expressions
[2024-04-21T13:53:24.237+0000] {logging_mixin.py:188} INFO - [2024-04-21T13:53:24.236+0000] {override.py:1829} INFO - Created Permission View: can delete on DAG:consume_1_or_2_with_dataset_expressions
[2024-04-21T13:53:24.273+0000] {logging_mixin.py:188} INFO - [2024-04-21T13:53:24.272+0000] {override.py:1829} INFO - Created Permission View: can edit on DAG:dataset_consumes_1
[2024-04-21T13:53:24.316+0000] {logging_mixin.py:188} INFO - [2024-04-21T13:53:24.315+0000] {override.py:1829} INFO - Created Permission View: can read on DAG:dataset_consumes_1
[2024-04-21T13:53:24.380+0000] {logging_mixin.py:188} INFO - [2024-04-21T13:53:24.379+0000] {override.py:1829} INFO - Created Permission View: can delete on DAG:dataset_consumes_1
[2024-04-21T13:53:24.418+0000] {logging_mixin.py:188} INFO - [2024-04-21T13:53:24.417+0000] {override.py:1829} INFO - Created Permission View: can edit on DAG:dataset_consumes_1_never_scheduled
[2024-04-21T13:53:24.447+0000] {logging_mixin.py:188} INFO - [2024-04-21T13:53:24.447+0000] {override.py:1829} INFO - Created Permission View: can read on DAG:dataset_consumes_1_never_scheduled
[2024-04-21T13:53:24.467+0000] {logging_mixin.py:188} INFO - [2024-04-21T13:53:24.467+0000] {override.py:1829} INFO - Created Permission View: can delete on DAG:dataset_consumes_1_never_scheduled
[2024-04-21T13:53:24.544+0000] {logging_mixin.py:188} INFO - [2024-04-21T13:53:24.543+0000] {override.py:1829} INFO - Created Permission View: can edit on DAG:dataset_produces_2
[2024-04-21T13:53:24.571+0000] {logging_mixin.py:188} INFO - [2024-04-21T13:53:24.570+0000] {override.py:1829} INFO - Created Permission View: can read on DAG:dataset_produces_2
[2024-04-21T13:53:24.583+0000] {logging_mixin.py:188} INFO - [2024-04-21T13:53:24.583+0000] {override.py:1829} INFO - Created Permission View: can delete on DAG:dataset_produces_2
[2024-04-21T13:53:24.611+0000] {logging_mixin.py:188} INFO - [2024-04-21T13:53:24.611+0000] {override.py:1829} INFO - Created Permission View: can edit on DAG:conditional_dataset_and_time_based_timetable
[2024-04-21T13:53:24.629+0000] {logging_mixin.py:188} INFO - [2024-04-21T13:53:24.629+0000] {override.py:1829} INFO - Created Permission View: can read on DAG:conditional_dataset_and_time_based_timetable
[2024-04-21T13:53:24.663+0000] {logging_mixin.py:188} INFO - [2024-04-21T13:53:24.662+0000] {override.py:1829} INFO - Created Permission View: can delete on DAG:conditional_dataset_and_time_based_timetable
[2024-04-21T13:53:24.663+0000] {logging_mixin.py:188} INFO - [2024-04-21T13:53:24.663+0000] {dag.py:3096} INFO - Sync 10 DAGs
[2024-04-21T13:53:24.738+0000] {logging_mixin.py:188} INFO - [2024-04-21T13:53:24.737+0000] {dag.py:3118} INFO - Creating ORM DAG for dataset_produces_2
[2024-04-21T13:53:24.739+0000] {logging_mixin.py:188} INFO - [2024-04-21T13:53:24.738+0000] {dag.py:3118} INFO - Creating ORM DAG for consume_1_and_2_with_dataset_expressions
[2024-04-21T13:53:24.739+0000] {logging_mixin.py:188} INFO - [2024-04-21T13:53:24.739+0000] {dag.py:3118} INFO - Creating ORM DAG for conditional_dataset_and_time_based_timetable
[2024-04-21T13:53:24.740+0000] {logging_mixin.py:188} INFO - [2024-04-21T13:53:24.740+0000] {dag.py:3118} INFO - Creating ORM DAG for dataset_consumes_1_never_scheduled
[2024-04-21T13:53:24.749+0000] {logging_mixin.py:188} INFO - [2024-04-21T13:53:24.741+0000] {dag.py:3118} INFO - Creating ORM DAG for consume_1_or_2_with_dataset_expressions
[2024-04-21T13:53:24.754+0000] {logging_mixin.py:188} INFO - [2024-04-21T13:53:24.753+0000] {dag.py:3118} INFO - Creating ORM DAG for dataset_consumes_unknown_never_scheduled
[2024-04-21T13:53:24.755+0000] {logging_mixin.py:188} INFO - [2024-04-21T13:53:24.754+0000] {dag.py:3118} INFO - Creating ORM DAG for dataset_produces_1
[2024-04-21T13:53:24.757+0000] {logging_mixin.py:188} INFO - [2024-04-21T13:53:24.756+0000] {dag.py:3118} INFO - Creating ORM DAG for consume_1_or_both_2_and_3_with_dataset_expressions
[2024-04-21T13:53:24.757+0000] {logging_mixin.py:188} INFO - [2024-04-21T13:53:24.757+0000] {dag.py:3118} INFO - Creating ORM DAG for dataset_consumes_1
[2024-04-21T13:53:24.764+0000] {logging_mixin.py:188} INFO - [2024-04-21T13:53:24.763+0000] {dag.py:3118} INFO - Creating ORM DAG for dataset_consumes_1_and_2
[2024-04-21T13:53:24.815+0000] {logging_mixin.py:188} INFO - [2024-04-21T13:53:24.814+0000] {dag.py:3954} INFO - Setting next_dagrun for conditional_dataset_and_time_based_timetable to 2024-04-17 01:00:00+00:00, run_after=2024-04-17 01:00:00+00:00
[2024-04-21T13:53:24.820+0000] {logging_mixin.py:188} INFO - [2024-04-21T13:53:24.820+0000] {dag.py:3954} INFO - Setting next_dagrun for consume_1_and_2_with_dataset_expressions to None, run_after=None
[2024-04-21T13:53:24.820+0000] {logging_mixin.py:188} INFO - [2024-04-21T13:53:24.820+0000] {dag.py:3954} INFO - Setting next_dagrun for consume_1_or_2_with_dataset_expressions to None, run_after=None
[2024-04-21T13:53:24.821+0000] {logging_mixin.py:188} INFO - [2024-04-21T13:53:24.821+0000] {dag.py:3954} INFO - Setting next_dagrun for consume_1_or_both_2_and_3_with_dataset_expressions to None, run_after=None
[2024-04-21T13:53:24.821+0000] {logging_mixin.py:188} INFO - [2024-04-21T13:53:24.821+0000] {dag.py:3954} INFO - Setting next_dagrun for dataset_consumes_1 to None, run_after=None
[2024-04-21T13:53:24.822+0000] {logging_mixin.py:188} INFO - [2024-04-21T13:53:24.822+0000] {dag.py:3954} INFO - Setting next_dagrun for dataset_consumes_1_and_2 to None, run_after=None
[2024-04-21T13:53:24.837+0000] {logging_mixin.py:188} INFO - [2024-04-21T13:53:24.833+0000] {dag.py:3954} INFO - Setting next_dagrun for dataset_consumes_1_never_scheduled to None, run_after=None
[2024-04-21T13:53:24.838+0000] {logging_mixin.py:188} INFO - [2024-04-21T13:53:24.837+0000] {dag.py:3954} INFO - Setting next_dagrun for dataset_consumes_unknown_never_scheduled to None, run_after=None
[2024-04-21T13:53:24.840+0000] {logging_mixin.py:188} INFO - [2024-04-21T13:53:24.840+0000] {dag.py:3954} INFO - Setting next_dagrun for dataset_produces_1 to 2024-04-20 00:00:00+00:00, run_after=2024-04-21 00:00:00+00:00
[2024-04-21T13:53:24.841+0000] {logging_mixin.py:188} INFO - [2024-04-21T13:53:24.841+0000] {dag.py:3954} INFO - Setting next_dagrun for dataset_produces_2 to None, run_after=None
[2024-04-21T13:53:25.023+0000] {processor.py:183} INFO - Processing /home/airflow/.local/lib/python3.12/site-packages/airflow/example_dags/example_datasets.py took 2.666 seconds
[2024-04-21T13:53:55.840+0000] {processor.py:161} INFO - Started process (PID=123) to work on /home/airflow/.local/lib/python3.12/site-packages/airflow/example_dags/example_datasets.py
[2024-04-21T13:53:55.847+0000] {processor.py:830} INFO - Processing file /home/airflow/.local/lib/python3.12/site-packages/airflow/example_dags/example_datasets.py for tasks to queue
[2024-04-21T13:53:55.883+0000] {logging_mixin.py:188} INFO - [2024-04-21T13:53:55.882+0000] {dagbag.py:540} INFO - Filling up the DagBag from /home/airflow/.local/lib/python3.12/site-packages/airflow/example_dags/example_datasets.py
[2024-04-21T13:53:56.002+0000] {processor.py:840} INFO - DAG(s) 'consume_1_and_2_with_dataset_expressions', 'dataset_consumes_1_and_2', 'consume_1_or_both_2_and_3_with_dataset_expressions', 'dataset_consumes_1', 'dataset_produces_1', 'consume_1_or_2_with_dataset_expressions', 'conditional_dataset_and_time_based_timetable', 'dataset_consumes_1_never_scheduled', 'dataset_consumes_unknown_never_scheduled', 'dataset_produces_2' retrieved from /home/airflow/.local/lib/python3.12/site-packages/airflow/example_dags/example_datasets.py
[2024-04-21T13:53:56.340+0000] {logging_mixin.py:188} INFO - [2024-04-21T13:53:56.340+0000] {dag.py:3096} INFO - Sync 10 DAGs
[2024-04-21T13:53:56.453+0000] {logging_mixin.py:188} INFO - [2024-04-21T13:53:56.452+0000] {dag.py:3954} INFO - Setting next_dagrun for conditional_dataset_and_time_based_timetable to 2024-04-17 01:00:00+00:00, run_after=2024-04-17 01:00:00+00:00
[2024-04-21T13:53:56.461+0000] {logging_mixin.py:188} INFO - [2024-04-21T13:53:56.460+0000] {dag.py:3954} INFO - Setting next_dagrun for consume_1_and_2_with_dataset_expressions to None, run_after=None
[2024-04-21T13:53:56.465+0000] {logging_mixin.py:188} INFO - [2024-04-21T13:53:56.465+0000] {dag.py:3954} INFO - Setting next_dagrun for consume_1_or_2_with_dataset_expressions to None, run_after=None
[2024-04-21T13:53:56.467+0000] {logging_mixin.py:188} INFO - [2024-04-21T13:53:56.466+0000] {dag.py:3954} INFO - Setting next_dagrun for consume_1_or_both_2_and_3_with_dataset_expressions to None, run_after=None
[2024-04-21T13:53:56.475+0000] {logging_mixin.py:188} INFO - [2024-04-21T13:53:56.470+0000] {dag.py:3954} INFO - Setting next_dagrun for dataset_consumes_1 to None, run_after=None
[2024-04-21T13:53:56.478+0000] {logging_mixin.py:188} INFO - [2024-04-21T13:53:56.478+0000] {dag.py:3954} INFO - Setting next_dagrun for dataset_consumes_1_and_2 to None, run_after=None
[2024-04-21T13:53:56.482+0000] {logging_mixin.py:188} INFO - [2024-04-21T13:53:56.481+0000] {dag.py:3954} INFO - Setting next_dagrun for dataset_consumes_1_never_scheduled to None, run_after=None
[2024-04-21T13:53:56.502+0000] {logging_mixin.py:188} INFO - [2024-04-21T13:53:56.500+0000] {dag.py:3954} INFO - Setting next_dagrun for dataset_consumes_unknown_never_scheduled to None, run_after=None
[2024-04-21T13:53:56.513+0000] {logging_mixin.py:188} INFO - [2024-04-21T13:53:56.513+0000] {dag.py:3954} INFO - Setting next_dagrun for dataset_produces_1 to 2024-04-20 00:00:00+00:00, run_after=2024-04-21 00:00:00+00:00
[2024-04-21T13:53:56.536+0000] {logging_mixin.py:188} INFO - [2024-04-21T13:53:56.536+0000] {dag.py:3954} INFO - Setting next_dagrun for dataset_produces_2 to None, run_after=None
[2024-04-21T13:53:56.945+0000] {processor.py:183} INFO - Processing /home/airflow/.local/lib/python3.12/site-packages/airflow/example_dags/example_datasets.py took 1.192 seconds
[2024-04-21T13:54:27.509+0000] {processor.py:161} INFO - Started process (PID=185) to work on /home/airflow/.local/lib/python3.12/site-packages/airflow/example_dags/example_datasets.py
[2024-04-21T13:54:27.509+0000] {processor.py:830} INFO - Processing file /home/airflow/.local/lib/python3.12/site-packages/airflow/example_dags/example_datasets.py for tasks to queue
[2024-04-21T13:54:27.517+0000] {logging_mixin.py:188} INFO - [2024-04-21T13:54:27.516+0000] {dagbag.py:540} INFO - Filling up the DagBag from /home/airflow/.local/lib/python3.12/site-packages/airflow/example_dags/example_datasets.py
[2024-04-21T13:54:27.544+0000] {processor.py:840} INFO - DAG(s) 'conditional_dataset_and_time_based_timetable', 'dataset_consumes_1_never_scheduled', 'dataset_consumes_1_and_2', 'consume_1_or_2_with_dataset_expressions', 'dataset_consumes_unknown_never_scheduled', 'dataset_produces_2', 'dataset_consumes_1', 'consume_1_or_both_2_and_3_with_dataset_expressions', 'consume_1_and_2_with_dataset_expressions', 'dataset_produces_1' retrieved from /home/airflow/.local/lib/python3.12/site-packages/airflow/example_dags/example_datasets.py
[2024-04-21T13:54:27.628+0000] {logging_mixin.py:188} INFO - [2024-04-21T13:54:27.628+0000] {dag.py:3096} INFO - Sync 10 DAGs
[2024-04-21T13:54:27.659+0000] {logging_mixin.py:188} INFO - [2024-04-21T13:54:27.659+0000] {dag.py:3954} INFO - Setting next_dagrun for conditional_dataset_and_time_based_timetable to 2024-04-17 01:00:00+00:00, run_after=2024-04-17 01:00:00+00:00
[2024-04-21T13:54:27.664+0000] {logging_mixin.py:188} INFO - [2024-04-21T13:54:27.664+0000] {dag.py:3954} INFO - Setting next_dagrun for consume_1_and_2_with_dataset_expressions to None, run_after=None
[2024-04-21T13:54:27.665+0000] {logging_mixin.py:188} INFO - [2024-04-21T13:54:27.665+0000] {dag.py:3954} INFO - Setting next_dagrun for consume_1_or_2_with_dataset_expressions to None, run_after=None
[2024-04-21T13:54:27.667+0000] {logging_mixin.py:188} INFO - [2024-04-21T13:54:27.666+0000] {dag.py:3954} INFO - Setting next_dagrun for consume_1_or_both_2_and_3_with_dataset_expressions to None, run_after=None
[2024-04-21T13:54:27.668+0000] {logging_mixin.py:188} INFO - [2024-04-21T13:54:27.668+0000] {dag.py:3954} INFO - Setting next_dagrun for dataset_consumes_1 to None, run_after=None
[2024-04-21T13:54:27.669+0000] {logging_mixin.py:188} INFO - [2024-04-21T13:54:27.669+0000] {dag.py:3954} INFO - Setting next_dagrun for dataset_consumes_1_and_2 to None, run_after=None
[2024-04-21T13:54:27.671+0000] {logging_mixin.py:188} INFO - [2024-04-21T13:54:27.670+0000] {dag.py:3954} INFO - Setting next_dagrun for dataset_consumes_1_never_scheduled to None, run_after=None
[2024-04-21T13:54:27.672+0000] {logging_mixin.py:188} INFO - [2024-04-21T13:54:27.672+0000] {dag.py:3954} INFO - Setting next_dagrun for dataset_consumes_unknown_never_scheduled to None, run_after=None
[2024-04-21T13:54:27.675+0000] {logging_mixin.py:188} INFO - [2024-04-21T13:54:27.675+0000] {dag.py:3954} INFO - Setting next_dagrun for dataset_produces_1 to 2024-04-20 00:00:00+00:00, run_after=2024-04-21 00:00:00+00:00
[2024-04-21T13:54:27.676+0000] {logging_mixin.py:188} INFO - [2024-04-21T13:54:27.676+0000] {dag.py:3954} INFO - Setting next_dagrun for dataset_produces_2 to None, run_after=None
[2024-04-21T13:54:27.710+0000] {processor.py:183} INFO - Processing /home/airflow/.local/lib/python3.12/site-packages/airflow/example_dags/example_datasets.py took 0.237 seconds
[2024-04-21T13:54:58.170+0000] {processor.py:161} INFO - Started process (PID=246) to work on /home/airflow/.local/lib/python3.12/site-packages/airflow/example_dags/example_datasets.py
[2024-04-21T13:54:58.171+0000] {processor.py:830} INFO - Processing file /home/airflow/.local/lib/python3.12/site-packages/airflow/example_dags/example_datasets.py for tasks to queue
[2024-04-21T13:54:58.173+0000] {logging_mixin.py:188} INFO - [2024-04-21T13:54:58.173+0000] {dagbag.py:540} INFO - Filling up the DagBag from /home/airflow/.local/lib/python3.12/site-packages/airflow/example_dags/example_datasets.py
[2024-04-21T13:54:58.195+0000] {processor.py:840} INFO - DAG(s) 'dataset_consumes_1_and_2', 'consume_1_or_both_2_and_3_with_dataset_expressions', 'consume_1_or_2_with_dataset_expressions', 'conditional_dataset_and_time_based_timetable', 'dataset_consumes_1', 'dataset_produces_2', 'dataset_consumes_1_never_scheduled', 'dataset_consumes_unknown_never_scheduled', 'dataset_produces_1', 'consume_1_and_2_with_dataset_expressions' retrieved from /home/airflow/.local/lib/python3.12/site-packages/airflow/example_dags/example_datasets.py
[2024-04-21T13:54:58.265+0000] {logging_mixin.py:188} INFO - [2024-04-21T13:54:58.265+0000] {dag.py:3096} INFO - Sync 10 DAGs
[2024-04-21T13:54:58.315+0000] {logging_mixin.py:188} INFO - [2024-04-21T13:54:58.315+0000] {dag.py:3954} INFO - Setting next_dagrun for conditional_dataset_and_time_based_timetable to 2024-04-17 01:00:00+00:00, run_after=2024-04-17 01:00:00+00:00
[2024-04-21T13:54:58.329+0000] {logging_mixin.py:188} INFO - [2024-04-21T13:54:58.329+0000] {dag.py:3954} INFO - Setting next_dagrun for consume_1_and_2_with_dataset_expressions to None, run_after=None
[2024-04-21T13:54:58.331+0000] {logging_mixin.py:188} INFO - [2024-04-21T13:54:58.331+0000] {dag.py:3954} INFO - Setting next_dagrun for consume_1_or_2_with_dataset_expressions to None, run_after=None
[2024-04-21T13:54:58.332+0000] {logging_mixin.py:188} INFO - [2024-04-21T13:54:58.332+0000] {dag.py:3954} INFO - Setting next_dagrun for consume_1_or_both_2_and_3_with_dataset_expressions to None, run_after=None
[2024-04-21T13:54:58.334+0000] {logging_mixin.py:188} INFO - [2024-04-21T13:54:58.334+0000] {dag.py:3954} INFO - Setting next_dagrun for dataset_consumes_1 to None, run_after=None
[2024-04-21T13:54:58.335+0000] {logging_mixin.py:188} INFO - [2024-04-21T13:54:58.335+0000] {dag.py:3954} INFO - Setting next_dagrun for dataset_consumes_1_and_2 to None, run_after=None
[2024-04-21T13:54:58.337+0000] {logging_mixin.py:188} INFO - [2024-04-21T13:54:58.337+0000] {dag.py:3954} INFO - Setting next_dagrun for dataset_consumes_1_never_scheduled to None, run_after=None
[2024-04-21T13:54:58.338+0000] {logging_mixin.py:188} INFO - [2024-04-21T13:54:58.338+0000] {dag.py:3954} INFO - Setting next_dagrun for dataset_consumes_unknown_never_scheduled to None, run_after=None
[2024-04-21T13:54:58.342+0000] {logging_mixin.py:188} INFO - [2024-04-21T13:54:58.342+0000] {dag.py:3954} INFO - Setting next_dagrun for dataset_produces_1 to 2024-04-20 00:00:00+00:00, run_after=2024-04-21 00:00:00+00:00
[2024-04-21T13:54:58.346+0000] {logging_mixin.py:188} INFO - [2024-04-21T13:54:58.346+0000] {dag.py:3954} INFO - Setting next_dagrun for dataset_produces_2 to None, run_after=None
[2024-04-21T13:54:58.426+0000] {processor.py:183} INFO - Processing /home/airflow/.local/lib/python3.12/site-packages/airflow/example_dags/example_datasets.py took 0.262 seconds
