[2024-04-21T14:34:24.438+0000] {processor.py:161} INFO - Started process (PID=38) to work on /home/airflow/.local/lib/python3.12/site-packages/airflow/example_dags/example_xcomargs.py
[2024-04-21T14:34:24.453+0000] {processor.py:830} INFO - Processing file /home/airflow/.local/lib/python3.12/site-packages/airflow/example_dags/example_xcomargs.py for tasks to queue
[2024-04-21T14:34:24.465+0000] {logging_mixin.py:188} INFO - [2024-04-21T14:34:24.464+0000] {dagbag.py:540} INFO - Filling up the DagBag from /home/airflow/.local/lib/python3.12/site-packages/airflow/example_dags/example_xcomargs.py
[2024-04-21T14:34:24.510+0000] {processor.py:840} INFO - DAG(s) 'example_xcom_args_with_operators', 'example_xcom_args' retrieved from /home/airflow/.local/lib/python3.12/site-packages/airflow/example_dags/example_xcomargs.py
[2024-04-21T14:34:25.138+0000] {logging_mixin.py:188} INFO - [2024-04-21T14:34:25.138+0000] {dag.py:3096} INFO - Sync 2 DAGs
[2024-04-21T14:34:25.197+0000] {logging_mixin.py:188} INFO - [2024-04-21T14:34:25.196+0000] {dag.py:3954} INFO - Setting next_dagrun for example_xcom_args to None, run_after=None
[2024-04-21T14:34:25.220+0000] {logging_mixin.py:188} INFO - [2024-04-21T14:34:25.220+0000] {dag.py:3954} INFO - Setting next_dagrun for example_xcom_args_with_operators to None, run_after=None
[2024-04-21T14:34:25.300+0000] {processor.py:183} INFO - Processing /home/airflow/.local/lib/python3.12/site-packages/airflow/example_dags/example_xcomargs.py took 0.875 seconds
[2024-04-21T14:34:55.424+0000] {processor.py:161} INFO - Started process (PID=99) to work on /home/airflow/.local/lib/python3.12/site-packages/airflow/example_dags/example_xcomargs.py
[2024-04-21T14:34:55.425+0000] {processor.py:830} INFO - Processing file /home/airflow/.local/lib/python3.12/site-packages/airflow/example_dags/example_xcomargs.py for tasks to queue
[2024-04-21T14:34:55.428+0000] {logging_mixin.py:188} INFO - [2024-04-21T14:34:55.428+0000] {dagbag.py:540} INFO - Filling up the DagBag from /home/airflow/.local/lib/python3.12/site-packages/airflow/example_dags/example_xcomargs.py
[2024-04-21T14:34:55.440+0000] {processor.py:840} INFO - DAG(s) 'example_xcom_args', 'example_xcom_args_with_operators' retrieved from /home/airflow/.local/lib/python3.12/site-packages/airflow/example_dags/example_xcomargs.py
[2024-04-21T14:34:55.468+0000] {logging_mixin.py:188} INFO - [2024-04-21T14:34:55.468+0000] {dag.py:3096} INFO - Sync 2 DAGs
[2024-04-21T14:34:55.486+0000] {logging_mixin.py:188} INFO - [2024-04-21T14:34:55.486+0000] {dag.py:3954} INFO - Setting next_dagrun for example_xcom_args to None, run_after=None
[2024-04-21T14:34:55.493+0000] {logging_mixin.py:188} INFO - [2024-04-21T14:34:55.493+0000] {dag.py:3954} INFO - Setting next_dagrun for example_xcom_args_with_operators to None, run_after=None
[2024-04-21T14:34:55.516+0000] {processor.py:183} INFO - Processing /home/airflow/.local/lib/python3.12/site-packages/airflow/example_dags/example_xcomargs.py took 0.099 seconds
[2024-04-21T14:35:25.981+0000] {processor.py:161} INFO - Started process (PID=161) to work on /home/airflow/.local/lib/python3.12/site-packages/airflow/example_dags/example_xcomargs.py
[2024-04-21T14:35:25.983+0000] {processor.py:830} INFO - Processing file /home/airflow/.local/lib/python3.12/site-packages/airflow/example_dags/example_xcomargs.py for tasks to queue
[2024-04-21T14:35:25.986+0000] {logging_mixin.py:188} INFO - [2024-04-21T14:35:25.986+0000] {dagbag.py:540} INFO - Filling up the DagBag from /home/airflow/.local/lib/python3.12/site-packages/airflow/example_dags/example_xcomargs.py
[2024-04-21T14:35:25.997+0000] {processor.py:840} INFO - DAG(s) 'example_xcom_args', 'example_xcom_args_with_operators' retrieved from /home/airflow/.local/lib/python3.12/site-packages/airflow/example_dags/example_xcomargs.py
[2024-04-21T14:35:26.027+0000] {logging_mixin.py:188} INFO - [2024-04-21T14:35:26.026+0000] {dag.py:3096} INFO - Sync 2 DAGs
[2024-04-21T14:35:26.046+0000] {logging_mixin.py:188} INFO - [2024-04-21T14:35:26.046+0000] {dag.py:3954} INFO - Setting next_dagrun for example_xcom_args to None, run_after=None
[2024-04-21T14:35:26.051+0000] {logging_mixin.py:188} INFO - [2024-04-21T14:35:26.051+0000] {dag.py:3954} INFO - Setting next_dagrun for example_xcom_args_with_operators to None, run_after=None
[2024-04-21T14:35:26.078+0000] {processor.py:183} INFO - Processing /home/airflow/.local/lib/python3.12/site-packages/airflow/example_dags/example_xcomargs.py took 0.105 seconds
[2024-04-21T14:35:56.494+0000] {processor.py:161} INFO - Started process (PID=221) to work on /home/airflow/.local/lib/python3.12/site-packages/airflow/example_dags/example_xcomargs.py
[2024-04-21T14:35:56.495+0000] {processor.py:830} INFO - Processing file /home/airflow/.local/lib/python3.12/site-packages/airflow/example_dags/example_xcomargs.py for tasks to queue
[2024-04-21T14:35:56.501+0000] {logging_mixin.py:188} INFO - [2024-04-21T14:35:56.500+0000] {dagbag.py:540} INFO - Filling up the DagBag from /home/airflow/.local/lib/python3.12/site-packages/airflow/example_dags/example_xcomargs.py
[2024-04-21T14:35:56.530+0000] {processor.py:840} INFO - DAG(s) 'example_xcom_args', 'example_xcom_args_with_operators' retrieved from /home/airflow/.local/lib/python3.12/site-packages/airflow/example_dags/example_xcomargs.py
[2024-04-21T14:35:56.708+0000] {logging_mixin.py:188} INFO - [2024-04-21T14:35:56.708+0000] {dag.py:3096} INFO - Sync 2 DAGs
[2024-04-21T14:35:56.754+0000] {logging_mixin.py:188} INFO - [2024-04-21T14:35:56.753+0000] {dag.py:3954} INFO - Setting next_dagrun for example_xcom_args to None, run_after=None
[2024-04-21T14:35:56.773+0000] {logging_mixin.py:188} INFO - [2024-04-21T14:35:56.772+0000] {dag.py:3954} INFO - Setting next_dagrun for example_xcom_args_with_operators to None, run_after=None
[2024-04-21T14:35:56.870+0000] {processor.py:183} INFO - Processing /home/airflow/.local/lib/python3.12/site-packages/airflow/example_dags/example_xcomargs.py took 0.399 seconds
[2024-04-21T14:36:27.664+0000] {processor.py:161} INFO - Started process (PID=282) to work on /home/airflow/.local/lib/python3.12/site-packages/airflow/example_dags/example_xcomargs.py
[2024-04-21T14:36:27.675+0000] {processor.py:830} INFO - Processing file /home/airflow/.local/lib/python3.12/site-packages/airflow/example_dags/example_xcomargs.py for tasks to queue
[2024-04-21T14:36:27.678+0000] {logging_mixin.py:188} INFO - [2024-04-21T14:36:27.677+0000] {dagbag.py:540} INFO - Filling up the DagBag from /home/airflow/.local/lib/python3.12/site-packages/airflow/example_dags/example_xcomargs.py
[2024-04-21T14:36:27.714+0000] {processor.py:840} INFO - DAG(s) 'example_xcom_args', 'example_xcom_args_with_operators' retrieved from /home/airflow/.local/lib/python3.12/site-packages/airflow/example_dags/example_xcomargs.py
[2024-04-21T14:36:27.858+0000] {logging_mixin.py:188} INFO - [2024-04-21T14:36:27.855+0000] {dag.py:3096} INFO - Sync 2 DAGs
[2024-04-21T14:36:27.917+0000] {logging_mixin.py:188} INFO - [2024-04-21T14:36:27.917+0000] {dag.py:3954} INFO - Setting next_dagrun for example_xcom_args to None, run_after=None
[2024-04-21T14:36:27.930+0000] {logging_mixin.py:188} INFO - [2024-04-21T14:36:27.929+0000] {dag.py:3954} INFO - Setting next_dagrun for example_xcom_args_with_operators to None, run_after=None
[2024-04-21T14:36:27.970+0000] {processor.py:183} INFO - Processing /home/airflow/.local/lib/python3.12/site-packages/airflow/example_dags/example_xcomargs.py took 0.312 seconds
[2024-04-21T14:36:58.115+0000] {processor.py:161} INFO - Started process (PID=343) to work on /home/airflow/.local/lib/python3.12/site-packages/airflow/example_dags/example_xcomargs.py
[2024-04-21T14:36:58.117+0000] {processor.py:830} INFO - Processing file /home/airflow/.local/lib/python3.12/site-packages/airflow/example_dags/example_xcomargs.py for tasks to queue
[2024-04-21T14:36:58.120+0000] {logging_mixin.py:188} INFO - [2024-04-21T14:36:58.119+0000] {dagbag.py:540} INFO - Filling up the DagBag from /home/airflow/.local/lib/python3.12/site-packages/airflow/example_dags/example_xcomargs.py
[2024-04-21T14:36:58.133+0000] {processor.py:840} INFO - DAG(s) 'example_xcom_args', 'example_xcom_args_with_operators' retrieved from /home/airflow/.local/lib/python3.12/site-packages/airflow/example_dags/example_xcomargs.py
[2024-04-21T14:36:58.165+0000] {logging_mixin.py:188} INFO - [2024-04-21T14:36:58.164+0000] {dag.py:3096} INFO - Sync 2 DAGs
[2024-04-21T14:36:58.185+0000] {logging_mixin.py:188} INFO - [2024-04-21T14:36:58.184+0000] {dag.py:3954} INFO - Setting next_dagrun for example_xcom_args to None, run_after=None
[2024-04-21T14:36:58.191+0000] {logging_mixin.py:188} INFO - [2024-04-21T14:36:58.190+0000] {dag.py:3954} INFO - Setting next_dagrun for example_xcom_args_with_operators to None, run_after=None
[2024-04-21T14:36:58.212+0000] {processor.py:183} INFO - Processing /home/airflow/.local/lib/python3.12/site-packages/airflow/example_dags/example_xcomargs.py took 0.103 seconds
[2024-04-21T14:37:28.900+0000] {processor.py:161} INFO - Started process (PID=404) to work on /home/airflow/.local/lib/python3.12/site-packages/airflow/example_dags/example_xcomargs.py
[2024-04-21T14:37:28.902+0000] {processor.py:830} INFO - Processing file /home/airflow/.local/lib/python3.12/site-packages/airflow/example_dags/example_xcomargs.py for tasks to queue
[2024-04-21T14:37:28.906+0000] {logging_mixin.py:188} INFO - [2024-04-21T14:37:28.905+0000] {dagbag.py:540} INFO - Filling up the DagBag from /home/airflow/.local/lib/python3.12/site-packages/airflow/example_dags/example_xcomargs.py
[2024-04-21T14:37:28.917+0000] {processor.py:840} INFO - DAG(s) 'example_xcom_args', 'example_xcom_args_with_operators' retrieved from /home/airflow/.local/lib/python3.12/site-packages/airflow/example_dags/example_xcomargs.py
[2024-04-21T14:37:28.947+0000] {logging_mixin.py:188} INFO - [2024-04-21T14:37:28.947+0000] {dag.py:3096} INFO - Sync 2 DAGs
[2024-04-21T14:37:28.966+0000] {logging_mixin.py:188} INFO - [2024-04-21T14:37:28.966+0000] {dag.py:3954} INFO - Setting next_dagrun for example_xcom_args to None, run_after=None
[2024-04-21T14:37:28.972+0000] {logging_mixin.py:188} INFO - [2024-04-21T14:37:28.972+0000] {dag.py:3954} INFO - Setting next_dagrun for example_xcom_args_with_operators to None, run_after=None
[2024-04-21T14:37:28.993+0000] {processor.py:183} INFO - Processing /home/airflow/.local/lib/python3.12/site-packages/airflow/example_dags/example_xcomargs.py took 0.099 seconds
[2024-04-21T14:37:59.237+0000] {processor.py:161} INFO - Started process (PID=465) to work on /home/airflow/.local/lib/python3.12/site-packages/airflow/example_dags/example_xcomargs.py
[2024-04-21T14:37:59.238+0000] {processor.py:830} INFO - Processing file /home/airflow/.local/lib/python3.12/site-packages/airflow/example_dags/example_xcomargs.py for tasks to queue
[2024-04-21T14:37:59.241+0000] {logging_mixin.py:188} INFO - [2024-04-21T14:37:59.240+0000] {dagbag.py:540} INFO - Filling up the DagBag from /home/airflow/.local/lib/python3.12/site-packages/airflow/example_dags/example_xcomargs.py
[2024-04-21T14:37:59.252+0000] {processor.py:840} INFO - DAG(s) 'example_xcom_args_with_operators', 'example_xcom_args' retrieved from /home/airflow/.local/lib/python3.12/site-packages/airflow/example_dags/example_xcomargs.py
[2024-04-21T14:37:59.280+0000] {logging_mixin.py:188} INFO - [2024-04-21T14:37:59.280+0000] {dag.py:3096} INFO - Sync 2 DAGs
[2024-04-21T14:37:59.298+0000] {logging_mixin.py:188} INFO - [2024-04-21T14:37:59.297+0000] {dag.py:3954} INFO - Setting next_dagrun for example_xcom_args to None, run_after=None
[2024-04-21T14:37:59.303+0000] {logging_mixin.py:188} INFO - [2024-04-21T14:37:59.303+0000] {dag.py:3954} INFO - Setting next_dagrun for example_xcom_args_with_operators to None, run_after=None
[2024-04-21T14:37:59.341+0000] {processor.py:183} INFO - Processing /home/airflow/.local/lib/python3.12/site-packages/airflow/example_dags/example_xcomargs.py took 0.110 seconds
[2024-04-21T14:38:29.658+0000] {processor.py:161} INFO - Started process (PID=524) to work on /home/airflow/.local/lib/python3.12/site-packages/airflow/example_dags/example_xcomargs.py
[2024-04-21T14:38:29.659+0000] {processor.py:830} INFO - Processing file /home/airflow/.local/lib/python3.12/site-packages/airflow/example_dags/example_xcomargs.py for tasks to queue
[2024-04-21T14:38:29.663+0000] {logging_mixin.py:188} INFO - [2024-04-21T14:38:29.662+0000] {dagbag.py:540} INFO - Filling up the DagBag from /home/airflow/.local/lib/python3.12/site-packages/airflow/example_dags/example_xcomargs.py
[2024-04-21T14:38:29.674+0000] {processor.py:840} INFO - DAG(s) 'example_xcom_args', 'example_xcom_args_with_operators' retrieved from /home/airflow/.local/lib/python3.12/site-packages/airflow/example_dags/example_xcomargs.py
[2024-04-21T14:38:29.704+0000] {logging_mixin.py:188} INFO - [2024-04-21T14:38:29.703+0000] {dag.py:3096} INFO - Sync 2 DAGs
[2024-04-21T14:38:29.723+0000] {logging_mixin.py:188} INFO - [2024-04-21T14:38:29.723+0000] {dag.py:3954} INFO - Setting next_dagrun for example_xcom_args to None, run_after=None
[2024-04-21T14:38:29.729+0000] {logging_mixin.py:188} INFO - [2024-04-21T14:38:29.728+0000] {dag.py:3954} INFO - Setting next_dagrun for example_xcom_args_with_operators to None, run_after=None
[2024-04-21T14:38:29.762+0000] {processor.py:183} INFO - Processing /home/airflow/.local/lib/python3.12/site-packages/airflow/example_dags/example_xcomargs.py took 0.112 seconds
[2024-04-21T14:39:00.364+0000] {processor.py:161} INFO - Started process (PID=585) to work on /home/airflow/.local/lib/python3.12/site-packages/airflow/example_dags/example_xcomargs.py
[2024-04-21T14:39:00.365+0000] {processor.py:830} INFO - Processing file /home/airflow/.local/lib/python3.12/site-packages/airflow/example_dags/example_xcomargs.py for tasks to queue
[2024-04-21T14:39:00.367+0000] {logging_mixin.py:188} INFO - [2024-04-21T14:39:00.366+0000] {dagbag.py:540} INFO - Filling up the DagBag from /home/airflow/.local/lib/python3.12/site-packages/airflow/example_dags/example_xcomargs.py
[2024-04-21T14:39:00.387+0000] {processor.py:840} INFO - DAG(s) 'example_xcom_args_with_operators', 'example_xcom_args' retrieved from /home/airflow/.local/lib/python3.12/site-packages/airflow/example_dags/example_xcomargs.py
[2024-04-21T14:39:00.442+0000] {logging_mixin.py:188} INFO - [2024-04-21T14:39:00.441+0000] {dag.py:3096} INFO - Sync 2 DAGs
[2024-04-21T14:39:00.462+0000] {logging_mixin.py:188} INFO - [2024-04-21T14:39:00.462+0000] {dag.py:3954} INFO - Setting next_dagrun for example_xcom_args to None, run_after=None
[2024-04-21T14:39:00.468+0000] {logging_mixin.py:188} INFO - [2024-04-21T14:39:00.467+0000] {dag.py:3954} INFO - Setting next_dagrun for example_xcom_args_with_operators to None, run_after=None
[2024-04-21T14:39:00.490+0000] {processor.py:183} INFO - Processing /home/airflow/.local/lib/python3.12/site-packages/airflow/example_dags/example_xcomargs.py took 0.137 seconds
[2024-04-21T14:39:31.522+0000] {processor.py:161} INFO - Started process (PID=646) to work on /home/airflow/.local/lib/python3.12/site-packages/airflow/example_dags/example_xcomargs.py
[2024-04-21T14:39:31.534+0000] {processor.py:830} INFO - Processing file /home/airflow/.local/lib/python3.12/site-packages/airflow/example_dags/example_xcomargs.py for tasks to queue
[2024-04-21T14:39:31.540+0000] {logging_mixin.py:188} INFO - [2024-04-21T14:39:31.539+0000] {dagbag.py:540} INFO - Filling up the DagBag from /home/airflow/.local/lib/python3.12/site-packages/airflow/example_dags/example_xcomargs.py
[2024-04-21T14:39:31.618+0000] {processor.py:840} INFO - DAG(s) 'example_xcom_args_with_operators', 'example_xcom_args' retrieved from /home/airflow/.local/lib/python3.12/site-packages/airflow/example_dags/example_xcomargs.py
[2024-04-21T14:39:31.772+0000] {logging_mixin.py:188} INFO - [2024-04-21T14:39:31.772+0000] {dag.py:3096} INFO - Sync 2 DAGs
[2024-04-21T14:39:31.902+0000] {logging_mixin.py:188} INFO - [2024-04-21T14:39:31.902+0000] {dag.py:3954} INFO - Setting next_dagrun for example_xcom_args to None, run_after=None
[2024-04-21T14:39:31.933+0000] {logging_mixin.py:188} INFO - [2024-04-21T14:39:31.933+0000] {dag.py:3954} INFO - Setting next_dagrun for example_xcom_args_with_operators to None, run_after=None
[2024-04-21T14:39:32.003+0000] {processor.py:183} INFO - Processing /home/airflow/.local/lib/python3.12/site-packages/airflow/example_dags/example_xcomargs.py took 0.520 seconds
[2024-04-21T14:40:02.332+0000] {processor.py:161} INFO - Started process (PID=707) to work on /home/airflow/.local/lib/python3.12/site-packages/airflow/example_dags/example_xcomargs.py
[2024-04-21T14:40:02.334+0000] {processor.py:830} INFO - Processing file /home/airflow/.local/lib/python3.12/site-packages/airflow/example_dags/example_xcomargs.py for tasks to queue
[2024-04-21T14:40:02.336+0000] {logging_mixin.py:188} INFO - [2024-04-21T14:40:02.336+0000] {dagbag.py:540} INFO - Filling up the DagBag from /home/airflow/.local/lib/python3.12/site-packages/airflow/example_dags/example_xcomargs.py
[2024-04-21T14:40:02.347+0000] {processor.py:840} INFO - DAG(s) 'example_xcom_args_with_operators', 'example_xcom_args' retrieved from /home/airflow/.local/lib/python3.12/site-packages/airflow/example_dags/example_xcomargs.py
[2024-04-21T14:40:02.383+0000] {logging_mixin.py:188} INFO - [2024-04-21T14:40:02.382+0000] {dag.py:3096} INFO - Sync 2 DAGs
[2024-04-21T14:40:02.401+0000] {logging_mixin.py:188} INFO - [2024-04-21T14:40:02.401+0000] {dag.py:3954} INFO - Setting next_dagrun for example_xcom_args to None, run_after=None
[2024-04-21T14:40:02.412+0000] {logging_mixin.py:188} INFO - [2024-04-21T14:40:02.411+0000] {dag.py:3954} INFO - Setting next_dagrun for example_xcom_args_with_operators to None, run_after=None
[2024-04-21T14:40:02.444+0000] {processor.py:183} INFO - Processing /home/airflow/.local/lib/python3.12/site-packages/airflow/example_dags/example_xcomargs.py took 0.125 seconds
[2024-04-21T14:40:33.439+0000] {processor.py:161} INFO - Started process (PID=768) to work on /home/airflow/.local/lib/python3.12/site-packages/airflow/example_dags/example_xcomargs.py
[2024-04-21T14:40:33.441+0000] {processor.py:830} INFO - Processing file /home/airflow/.local/lib/python3.12/site-packages/airflow/example_dags/example_xcomargs.py for tasks to queue
[2024-04-21T14:40:33.448+0000] {logging_mixin.py:188} INFO - [2024-04-21T14:40:33.448+0000] {dagbag.py:540} INFO - Filling up the DagBag from /home/airflow/.local/lib/python3.12/site-packages/airflow/example_dags/example_xcomargs.py
[2024-04-21T14:40:33.469+0000] {processor.py:840} INFO - DAG(s) 'example_xcom_args', 'example_xcom_args_with_operators' retrieved from /home/airflow/.local/lib/python3.12/site-packages/airflow/example_dags/example_xcomargs.py
[2024-04-21T14:40:33.564+0000] {logging_mixin.py:188} INFO - [2024-04-21T14:40:33.564+0000] {dag.py:3096} INFO - Sync 2 DAGs
[2024-04-21T14:40:33.614+0000] {logging_mixin.py:188} INFO - [2024-04-21T14:40:33.614+0000] {dag.py:3954} INFO - Setting next_dagrun for example_xcom_args to None, run_after=None
[2024-04-21T14:40:33.641+0000] {logging_mixin.py:188} INFO - [2024-04-21T14:40:33.641+0000] {dag.py:3954} INFO - Setting next_dagrun for example_xcom_args_with_operators to None, run_after=None
[2024-04-21T14:40:33.823+0000] {processor.py:183} INFO - Processing /home/airflow/.local/lib/python3.12/site-packages/airflow/example_dags/example_xcomargs.py took 0.408 seconds
[2024-04-21T14:41:04.485+0000] {processor.py:161} INFO - Started process (PID=829) to work on /home/airflow/.local/lib/python3.12/site-packages/airflow/example_dags/example_xcomargs.py
[2024-04-21T14:41:04.487+0000] {processor.py:830} INFO - Processing file /home/airflow/.local/lib/python3.12/site-packages/airflow/example_dags/example_xcomargs.py for tasks to queue
[2024-04-21T14:41:04.491+0000] {logging_mixin.py:188} INFO - [2024-04-21T14:41:04.490+0000] {dagbag.py:540} INFO - Filling up the DagBag from /home/airflow/.local/lib/python3.12/site-packages/airflow/example_dags/example_xcomargs.py
[2024-04-21T14:41:04.502+0000] {processor.py:840} INFO - DAG(s) 'example_xcom_args_with_operators', 'example_xcom_args' retrieved from /home/airflow/.local/lib/python3.12/site-packages/airflow/example_dags/example_xcomargs.py
[2024-04-21T14:41:04.544+0000] {logging_mixin.py:188} INFO - [2024-04-21T14:41:04.544+0000] {dag.py:3096} INFO - Sync 2 DAGs
[2024-04-21T14:41:04.567+0000] {logging_mixin.py:188} INFO - [2024-04-21T14:41:04.567+0000] {dag.py:3954} INFO - Setting next_dagrun for example_xcom_args to None, run_after=None
[2024-04-21T14:41:04.582+0000] {logging_mixin.py:188} INFO - [2024-04-21T14:41:04.582+0000] {dag.py:3954} INFO - Setting next_dagrun for example_xcom_args_with_operators to None, run_after=None
[2024-04-21T14:41:04.661+0000] {processor.py:183} INFO - Processing /home/airflow/.local/lib/python3.12/site-packages/airflow/example_dags/example_xcomargs.py took 0.183 seconds
[2024-04-21T14:41:35.098+0000] {processor.py:161} INFO - Started process (PID=890) to work on /home/airflow/.local/lib/python3.12/site-packages/airflow/example_dags/example_xcomargs.py
[2024-04-21T14:41:35.100+0000] {processor.py:830} INFO - Processing file /home/airflow/.local/lib/python3.12/site-packages/airflow/example_dags/example_xcomargs.py for tasks to queue
[2024-04-21T14:41:35.102+0000] {logging_mixin.py:188} INFO - [2024-04-21T14:41:35.102+0000] {dagbag.py:540} INFO - Filling up the DagBag from /home/airflow/.local/lib/python3.12/site-packages/airflow/example_dags/example_xcomargs.py
[2024-04-21T14:41:35.114+0000] {processor.py:840} INFO - DAG(s) 'example_xcom_args_with_operators', 'example_xcom_args' retrieved from /home/airflow/.local/lib/python3.12/site-packages/airflow/example_dags/example_xcomargs.py
[2024-04-21T14:41:35.173+0000] {logging_mixin.py:188} INFO - [2024-04-21T14:41:35.173+0000] {dag.py:3096} INFO - Sync 2 DAGs
[2024-04-21T14:41:35.197+0000] {logging_mixin.py:188} INFO - [2024-04-21T14:41:35.197+0000] {dag.py:3954} INFO - Setting next_dagrun for example_xcom_args to None, run_after=None
[2024-04-21T14:41:35.202+0000] {logging_mixin.py:188} INFO - [2024-04-21T14:41:35.202+0000] {dag.py:3954} INFO - Setting next_dagrun for example_xcom_args_with_operators to None, run_after=None
[2024-04-21T14:41:35.225+0000] {processor.py:183} INFO - Processing /home/airflow/.local/lib/python3.12/site-packages/airflow/example_dags/example_xcomargs.py took 0.134 seconds
[2024-04-21T14:42:05.757+0000] {processor.py:161} INFO - Started process (PID=951) to work on /home/airflow/.local/lib/python3.12/site-packages/airflow/example_dags/example_xcomargs.py
[2024-04-21T14:42:05.759+0000] {processor.py:830} INFO - Processing file /home/airflow/.local/lib/python3.12/site-packages/airflow/example_dags/example_xcomargs.py for tasks to queue
[2024-04-21T14:42:05.762+0000] {logging_mixin.py:188} INFO - [2024-04-21T14:42:05.762+0000] {dagbag.py:540} INFO - Filling up the DagBag from /home/airflow/.local/lib/python3.12/site-packages/airflow/example_dags/example_xcomargs.py
[2024-04-21T14:42:05.773+0000] {processor.py:840} INFO - DAG(s) 'example_xcom_args_with_operators', 'example_xcom_args' retrieved from /home/airflow/.local/lib/python3.12/site-packages/airflow/example_dags/example_xcomargs.py
[2024-04-21T14:42:05.854+0000] {logging_mixin.py:188} INFO - [2024-04-21T14:42:05.852+0000] {dag.py:3096} INFO - Sync 2 DAGs
[2024-04-21T14:42:05.897+0000] {logging_mixin.py:188} INFO - [2024-04-21T14:42:05.897+0000] {dag.py:3954} INFO - Setting next_dagrun for example_xcom_args to None, run_after=None
[2024-04-21T14:42:05.910+0000] {logging_mixin.py:188} INFO - [2024-04-21T14:42:05.909+0000] {dag.py:3954} INFO - Setting next_dagrun for example_xcom_args_with_operators to None, run_after=None
[2024-04-21T14:42:05.939+0000] {processor.py:183} INFO - Processing /home/airflow/.local/lib/python3.12/site-packages/airflow/example_dags/example_xcomargs.py took 0.191 seconds
[2024-04-21T14:42:36.526+0000] {processor.py:161} INFO - Started process (PID=1012) to work on /home/airflow/.local/lib/python3.12/site-packages/airflow/example_dags/example_xcomargs.py
[2024-04-21T14:42:36.527+0000] {processor.py:830} INFO - Processing file /home/airflow/.local/lib/python3.12/site-packages/airflow/example_dags/example_xcomargs.py for tasks to queue
[2024-04-21T14:42:36.531+0000] {logging_mixin.py:188} INFO - [2024-04-21T14:42:36.530+0000] {dagbag.py:540} INFO - Filling up the DagBag from /home/airflow/.local/lib/python3.12/site-packages/airflow/example_dags/example_xcomargs.py
[2024-04-21T14:42:36.544+0000] {processor.py:840} INFO - DAG(s) 'example_xcom_args', 'example_xcom_args_with_operators' retrieved from /home/airflow/.local/lib/python3.12/site-packages/airflow/example_dags/example_xcomargs.py
[2024-04-21T14:42:36.574+0000] {logging_mixin.py:188} INFO - [2024-04-21T14:42:36.573+0000] {dag.py:3096} INFO - Sync 2 DAGs
[2024-04-21T14:42:36.593+0000] {logging_mixin.py:188} INFO - [2024-04-21T14:42:36.593+0000] {dag.py:3954} INFO - Setting next_dagrun for example_xcom_args to None, run_after=None
[2024-04-21T14:42:36.599+0000] {logging_mixin.py:188} INFO - [2024-04-21T14:42:36.599+0000] {dag.py:3954} INFO - Setting next_dagrun for example_xcom_args_with_operators to None, run_after=None
[2024-04-21T14:42:36.624+0000] {processor.py:183} INFO - Processing /home/airflow/.local/lib/python3.12/site-packages/airflow/example_dags/example_xcomargs.py took 0.105 seconds
[2024-04-21T14:43:07.552+0000] {processor.py:161} INFO - Started process (PID=1073) to work on /home/airflow/.local/lib/python3.12/site-packages/airflow/example_dags/example_xcomargs.py
[2024-04-21T14:43:07.553+0000] {processor.py:830} INFO - Processing file /home/airflow/.local/lib/python3.12/site-packages/airflow/example_dags/example_xcomargs.py for tasks to queue
[2024-04-21T14:43:07.555+0000] {logging_mixin.py:188} INFO - [2024-04-21T14:43:07.554+0000] {dagbag.py:540} INFO - Filling up the DagBag from /home/airflow/.local/lib/python3.12/site-packages/airflow/example_dags/example_xcomargs.py
[2024-04-21T14:43:07.591+0000] {processor.py:840} INFO - DAG(s) 'example_xcom_args_with_operators', 'example_xcom_args' retrieved from /home/airflow/.local/lib/python3.12/site-packages/airflow/example_dags/example_xcomargs.py
[2024-04-21T14:43:07.688+0000] {logging_mixin.py:188} INFO - [2024-04-21T14:43:07.688+0000] {dag.py:3096} INFO - Sync 2 DAGs
[2024-04-21T14:43:07.742+0000] {logging_mixin.py:188} INFO - [2024-04-21T14:43:07.742+0000] {dag.py:3954} INFO - Setting next_dagrun for example_xcom_args to None, run_after=None
[2024-04-21T14:43:07.756+0000] {logging_mixin.py:188} INFO - [2024-04-21T14:43:07.756+0000] {dag.py:3954} INFO - Setting next_dagrun for example_xcom_args_with_operators to None, run_after=None
[2024-04-21T14:43:07.791+0000] {processor.py:183} INFO - Processing /home/airflow/.local/lib/python3.12/site-packages/airflow/example_dags/example_xcomargs.py took 0.246 seconds
[2024-04-21T14:43:38.532+0000] {processor.py:161} INFO - Started process (PID=1134) to work on /home/airflow/.local/lib/python3.12/site-packages/airflow/example_dags/example_xcomargs.py
[2024-04-21T14:43:38.533+0000] {processor.py:830} INFO - Processing file /home/airflow/.local/lib/python3.12/site-packages/airflow/example_dags/example_xcomargs.py for tasks to queue
[2024-04-21T14:43:38.536+0000] {logging_mixin.py:188} INFO - [2024-04-21T14:43:38.535+0000] {dagbag.py:540} INFO - Filling up the DagBag from /home/airflow/.local/lib/python3.12/site-packages/airflow/example_dags/example_xcomargs.py
[2024-04-21T14:43:38.546+0000] {processor.py:840} INFO - DAG(s) 'example_xcom_args_with_operators', 'example_xcom_args' retrieved from /home/airflow/.local/lib/python3.12/site-packages/airflow/example_dags/example_xcomargs.py
[2024-04-21T14:43:38.575+0000] {logging_mixin.py:188} INFO - [2024-04-21T14:43:38.575+0000] {dag.py:3096} INFO - Sync 2 DAGs
[2024-04-21T14:43:38.594+0000] {logging_mixin.py:188} INFO - [2024-04-21T14:43:38.594+0000] {dag.py:3954} INFO - Setting next_dagrun for example_xcom_args to None, run_after=None
[2024-04-21T14:43:38.599+0000] {logging_mixin.py:188} INFO - [2024-04-21T14:43:38.599+0000] {dag.py:3954} INFO - Setting next_dagrun for example_xcom_args_with_operators to None, run_after=None
[2024-04-21T14:43:38.622+0000] {processor.py:183} INFO - Processing /home/airflow/.local/lib/python3.12/site-packages/airflow/example_dags/example_xcomargs.py took 0.098 seconds
[2024-04-21T14:44:08.814+0000] {processor.py:161} INFO - Started process (PID=1195) to work on /home/airflow/.local/lib/python3.12/site-packages/airflow/example_dags/example_xcomargs.py
[2024-04-21T14:44:08.816+0000] {processor.py:830} INFO - Processing file /home/airflow/.local/lib/python3.12/site-packages/airflow/example_dags/example_xcomargs.py for tasks to queue
[2024-04-21T14:44:08.818+0000] {logging_mixin.py:188} INFO - [2024-04-21T14:44:08.818+0000] {dagbag.py:540} INFO - Filling up the DagBag from /home/airflow/.local/lib/python3.12/site-packages/airflow/example_dags/example_xcomargs.py
[2024-04-21T14:44:08.829+0000] {processor.py:840} INFO - DAG(s) 'example_xcom_args_with_operators', 'example_xcom_args' retrieved from /home/airflow/.local/lib/python3.12/site-packages/airflow/example_dags/example_xcomargs.py
[2024-04-21T14:44:08.893+0000] {logging_mixin.py:188} INFO - [2024-04-21T14:44:08.892+0000] {dag.py:3096} INFO - Sync 2 DAGs
[2024-04-21T14:44:08.911+0000] {logging_mixin.py:188} INFO - [2024-04-21T14:44:08.911+0000] {dag.py:3954} INFO - Setting next_dagrun for example_xcom_args to None, run_after=None
[2024-04-21T14:44:08.917+0000] {logging_mixin.py:188} INFO - [2024-04-21T14:44:08.916+0000] {dag.py:3954} INFO - Setting next_dagrun for example_xcom_args_with_operators to None, run_after=None
[2024-04-21T14:44:08.939+0000] {processor.py:183} INFO - Processing /home/airflow/.local/lib/python3.12/site-packages/airflow/example_dags/example_xcomargs.py took 0.133 seconds
[2024-04-21T14:44:39.144+0000] {processor.py:161} INFO - Started process (PID=1256) to work on /home/airflow/.local/lib/python3.12/site-packages/airflow/example_dags/example_xcomargs.py
[2024-04-21T14:44:39.145+0000] {processor.py:830} INFO - Processing file /home/airflow/.local/lib/python3.12/site-packages/airflow/example_dags/example_xcomargs.py for tasks to queue
[2024-04-21T14:44:39.148+0000] {logging_mixin.py:188} INFO - [2024-04-21T14:44:39.148+0000] {dagbag.py:540} INFO - Filling up the DagBag from /home/airflow/.local/lib/python3.12/site-packages/airflow/example_dags/example_xcomargs.py
[2024-04-21T14:44:39.165+0000] {processor.py:840} INFO - DAG(s) 'example_xcom_args_with_operators', 'example_xcom_args' retrieved from /home/airflow/.local/lib/python3.12/site-packages/airflow/example_dags/example_xcomargs.py
[2024-04-21T14:44:39.240+0000] {logging_mixin.py:188} INFO - [2024-04-21T14:44:39.239+0000] {dag.py:3096} INFO - Sync 2 DAGs
[2024-04-21T14:44:39.269+0000] {logging_mixin.py:188} INFO - [2024-04-21T14:44:39.269+0000] {dag.py:3954} INFO - Setting next_dagrun for example_xcom_args to None, run_after=None
[2024-04-21T14:44:39.281+0000] {logging_mixin.py:188} INFO - [2024-04-21T14:44:39.280+0000] {dag.py:3954} INFO - Setting next_dagrun for example_xcom_args_with_operators to None, run_after=None
[2024-04-21T14:44:39.323+0000] {processor.py:183} INFO - Processing /home/airflow/.local/lib/python3.12/site-packages/airflow/example_dags/example_xcomargs.py took 0.211 seconds
[2024-04-21T14:45:09.725+0000] {processor.py:161} INFO - Started process (PID=1317) to work on /home/airflow/.local/lib/python3.12/site-packages/airflow/example_dags/example_xcomargs.py
[2024-04-21T14:45:09.727+0000] {processor.py:830} INFO - Processing file /home/airflow/.local/lib/python3.12/site-packages/airflow/example_dags/example_xcomargs.py for tasks to queue
[2024-04-21T14:45:09.731+0000] {logging_mixin.py:188} INFO - [2024-04-21T14:45:09.731+0000] {dagbag.py:540} INFO - Filling up the DagBag from /home/airflow/.local/lib/python3.12/site-packages/airflow/example_dags/example_xcomargs.py
[2024-04-21T14:45:09.742+0000] {processor.py:840} INFO - DAG(s) 'example_xcom_args', 'example_xcom_args_with_operators' retrieved from /home/airflow/.local/lib/python3.12/site-packages/airflow/example_dags/example_xcomargs.py
[2024-04-21T14:45:09.771+0000] {logging_mixin.py:188} INFO - [2024-04-21T14:45:09.771+0000] {dag.py:3096} INFO - Sync 2 DAGs
[2024-04-21T14:45:09.790+0000] {logging_mixin.py:188} INFO - [2024-04-21T14:45:09.790+0000] {dag.py:3954} INFO - Setting next_dagrun for example_xcom_args to None, run_after=None
[2024-04-21T14:45:09.795+0000] {logging_mixin.py:188} INFO - [2024-04-21T14:45:09.795+0000] {dag.py:3954} INFO - Setting next_dagrun for example_xcom_args_with_operators to None, run_after=None
[2024-04-21T14:45:09.820+0000] {processor.py:183} INFO - Processing /home/airflow/.local/lib/python3.12/site-packages/airflow/example_dags/example_xcomargs.py took 0.102 seconds
[2024-04-21T14:45:39.917+0000] {processor.py:161} INFO - Started process (PID=1378) to work on /home/airflow/.local/lib/python3.12/site-packages/airflow/example_dags/example_xcomargs.py
[2024-04-21T14:45:39.932+0000] {processor.py:830} INFO - Processing file /home/airflow/.local/lib/python3.12/site-packages/airflow/example_dags/example_xcomargs.py for tasks to queue
[2024-04-21T14:45:39.935+0000] {logging_mixin.py:188} INFO - [2024-04-21T14:45:39.934+0000] {dagbag.py:540} INFO - Filling up the DagBag from /home/airflow/.local/lib/python3.12/site-packages/airflow/example_dags/example_xcomargs.py
[2024-04-21T14:45:39.952+0000] {processor.py:840} INFO - DAG(s) 'example_xcom_args', 'example_xcom_args_with_operators' retrieved from /home/airflow/.local/lib/python3.12/site-packages/airflow/example_dags/example_xcomargs.py
[2024-04-21T14:45:40.012+0000] {logging_mixin.py:188} INFO - [2024-04-21T14:45:40.011+0000] {dag.py:3096} INFO - Sync 2 DAGs
[2024-04-21T14:45:40.055+0000] {logging_mixin.py:188} INFO - [2024-04-21T14:45:40.055+0000] {dag.py:3954} INFO - Setting next_dagrun for example_xcom_args to None, run_after=None
[2024-04-21T14:45:40.065+0000] {logging_mixin.py:188} INFO - [2024-04-21T14:45:40.065+0000] {dag.py:3954} INFO - Setting next_dagrun for example_xcom_args_with_operators to None, run_after=None
[2024-04-21T14:45:40.097+0000] {processor.py:183} INFO - Processing /home/airflow/.local/lib/python3.12/site-packages/airflow/example_dags/example_xcomargs.py took 0.190 seconds
[2024-04-21T14:46:10.264+0000] {processor.py:161} INFO - Started process (PID=1440) to work on /home/airflow/.local/lib/python3.12/site-packages/airflow/example_dags/example_xcomargs.py
[2024-04-21T14:46:10.266+0000] {processor.py:830} INFO - Processing file /home/airflow/.local/lib/python3.12/site-packages/airflow/example_dags/example_xcomargs.py for tasks to queue
[2024-04-21T14:46:10.270+0000] {logging_mixin.py:188} INFO - [2024-04-21T14:46:10.269+0000] {dagbag.py:540} INFO - Filling up the DagBag from /home/airflow/.local/lib/python3.12/site-packages/airflow/example_dags/example_xcomargs.py
[2024-04-21T14:46:10.281+0000] {processor.py:840} INFO - DAG(s) 'example_xcom_args_with_operators', 'example_xcom_args' retrieved from /home/airflow/.local/lib/python3.12/site-packages/airflow/example_dags/example_xcomargs.py
[2024-04-21T14:46:10.310+0000] {logging_mixin.py:188} INFO - [2024-04-21T14:46:10.310+0000] {dag.py:3096} INFO - Sync 2 DAGs
[2024-04-21T14:46:10.330+0000] {logging_mixin.py:188} INFO - [2024-04-21T14:46:10.330+0000] {dag.py:3954} INFO - Setting next_dagrun for example_xcom_args to None, run_after=None
[2024-04-21T14:46:10.335+0000] {logging_mixin.py:188} INFO - [2024-04-21T14:46:10.335+0000] {dag.py:3954} INFO - Setting next_dagrun for example_xcom_args_with_operators to None, run_after=None
[2024-04-21T14:46:10.362+0000] {processor.py:183} INFO - Processing /home/airflow/.local/lib/python3.12/site-packages/airflow/example_dags/example_xcomargs.py took 0.105 seconds
[2024-04-21T14:46:40.963+0000] {processor.py:161} INFO - Started process (PID=1501) to work on /home/airflow/.local/lib/python3.12/site-packages/airflow/example_dags/example_xcomargs.py
[2024-04-21T14:46:40.965+0000] {processor.py:830} INFO - Processing file /home/airflow/.local/lib/python3.12/site-packages/airflow/example_dags/example_xcomargs.py for tasks to queue
[2024-04-21T14:46:40.968+0000] {logging_mixin.py:188} INFO - [2024-04-21T14:46:40.967+0000] {dagbag.py:540} INFO - Filling up the DagBag from /home/airflow/.local/lib/python3.12/site-packages/airflow/example_dags/example_xcomargs.py
[2024-04-21T14:46:40.980+0000] {processor.py:840} INFO - DAG(s) 'example_xcom_args_with_operators', 'example_xcom_args' retrieved from /home/airflow/.local/lib/python3.12/site-packages/airflow/example_dags/example_xcomargs.py
[2024-04-21T14:46:41.008+0000] {logging_mixin.py:188} INFO - [2024-04-21T14:46:41.007+0000] {dag.py:3096} INFO - Sync 2 DAGs
[2024-04-21T14:46:41.024+0000] {logging_mixin.py:188} INFO - [2024-04-21T14:46:41.024+0000] {dag.py:3954} INFO - Setting next_dagrun for example_xcom_args to None, run_after=None
[2024-04-21T14:46:41.029+0000] {logging_mixin.py:188} INFO - [2024-04-21T14:46:41.029+0000] {dag.py:3954} INFO - Setting next_dagrun for example_xcom_args_with_operators to None, run_after=None
[2024-04-21T14:46:41.051+0000] {processor.py:183} INFO - Processing /home/airflow/.local/lib/python3.12/site-packages/airflow/example_dags/example_xcomargs.py took 0.096 seconds
[2024-04-21T14:47:11.795+0000] {processor.py:161} INFO - Started process (PID=1563) to work on /home/airflow/.local/lib/python3.12/site-packages/airflow/example_dags/example_xcomargs.py
[2024-04-21T14:47:11.796+0000] {processor.py:830} INFO - Processing file /home/airflow/.local/lib/python3.12/site-packages/airflow/example_dags/example_xcomargs.py for tasks to queue
[2024-04-21T14:47:11.799+0000] {logging_mixin.py:188} INFO - [2024-04-21T14:47:11.799+0000] {dagbag.py:540} INFO - Filling up the DagBag from /home/airflow/.local/lib/python3.12/site-packages/airflow/example_dags/example_xcomargs.py
[2024-04-21T14:47:11.813+0000] {processor.py:840} INFO - DAG(s) 'example_xcom_args', 'example_xcom_args_with_operators' retrieved from /home/airflow/.local/lib/python3.12/site-packages/airflow/example_dags/example_xcomargs.py
[2024-04-21T14:47:11.845+0000] {logging_mixin.py:188} INFO - [2024-04-21T14:47:11.845+0000] {dag.py:3096} INFO - Sync 2 DAGs
[2024-04-21T14:47:11.864+0000] {logging_mixin.py:188} INFO - [2024-04-21T14:47:11.864+0000] {dag.py:3954} INFO - Setting next_dagrun for example_xcom_args to None, run_after=None
[2024-04-21T14:47:11.868+0000] {logging_mixin.py:188} INFO - [2024-04-21T14:47:11.868+0000] {dag.py:3954} INFO - Setting next_dagrun for example_xcom_args_with_operators to None, run_after=None
[2024-04-21T14:47:11.888+0000] {processor.py:183} INFO - Processing /home/airflow/.local/lib/python3.12/site-packages/airflow/example_dags/example_xcomargs.py took 0.103 seconds
[2024-04-21T14:47:42.506+0000] {processor.py:161} INFO - Started process (PID=1624) to work on /home/airflow/.local/lib/python3.12/site-packages/airflow/example_dags/example_xcomargs.py
[2024-04-21T14:47:42.507+0000] {processor.py:830} INFO - Processing file /home/airflow/.local/lib/python3.12/site-packages/airflow/example_dags/example_xcomargs.py for tasks to queue
[2024-04-21T14:47:42.510+0000] {logging_mixin.py:188} INFO - [2024-04-21T14:47:42.510+0000] {dagbag.py:540} INFO - Filling up the DagBag from /home/airflow/.local/lib/python3.12/site-packages/airflow/example_dags/example_xcomargs.py
[2024-04-21T14:47:42.521+0000] {processor.py:840} INFO - DAG(s) 'example_xcom_args_with_operators', 'example_xcom_args' retrieved from /home/airflow/.local/lib/python3.12/site-packages/airflow/example_dags/example_xcomargs.py
[2024-04-21T14:47:42.551+0000] {logging_mixin.py:188} INFO - [2024-04-21T14:47:42.551+0000] {dag.py:3096} INFO - Sync 2 DAGs
[2024-04-21T14:47:42.569+0000] {logging_mixin.py:188} INFO - [2024-04-21T14:47:42.569+0000] {dag.py:3954} INFO - Setting next_dagrun for example_xcom_args to None, run_after=None
[2024-04-21T14:47:42.573+0000] {logging_mixin.py:188} INFO - [2024-04-21T14:47:42.573+0000] {dag.py:3954} INFO - Setting next_dagrun for example_xcom_args_with_operators to None, run_after=None
[2024-04-21T14:47:42.600+0000] {processor.py:183} INFO - Processing /home/airflow/.local/lib/python3.12/site-packages/airflow/example_dags/example_xcomargs.py took 0.101 seconds
[2024-04-21T14:48:13.286+0000] {processor.py:161} INFO - Started process (PID=1685) to work on /home/airflow/.local/lib/python3.12/site-packages/airflow/example_dags/example_xcomargs.py
[2024-04-21T14:48:13.287+0000] {processor.py:830} INFO - Processing file /home/airflow/.local/lib/python3.12/site-packages/airflow/example_dags/example_xcomargs.py for tasks to queue
[2024-04-21T14:48:13.289+0000] {logging_mixin.py:188} INFO - [2024-04-21T14:48:13.289+0000] {dagbag.py:540} INFO - Filling up the DagBag from /home/airflow/.local/lib/python3.12/site-packages/airflow/example_dags/example_xcomargs.py
[2024-04-21T14:48:13.302+0000] {processor.py:840} INFO - DAG(s) 'example_xcom_args', 'example_xcom_args_with_operators' retrieved from /home/airflow/.local/lib/python3.12/site-packages/airflow/example_dags/example_xcomargs.py
[2024-04-21T14:48:13.333+0000] {logging_mixin.py:188} INFO - [2024-04-21T14:48:13.333+0000] {dag.py:3096} INFO - Sync 2 DAGs
[2024-04-21T14:48:13.357+0000] {logging_mixin.py:188} INFO - [2024-04-21T14:48:13.357+0000] {dag.py:3954} INFO - Setting next_dagrun for example_xcom_args to None, run_after=None
[2024-04-21T14:48:13.362+0000] {logging_mixin.py:188} INFO - [2024-04-21T14:48:13.362+0000] {dag.py:3954} INFO - Setting next_dagrun for example_xcom_args_with_operators to None, run_after=None
[2024-04-21T14:48:13.387+0000] {processor.py:183} INFO - Processing /home/airflow/.local/lib/python3.12/site-packages/airflow/example_dags/example_xcomargs.py took 0.109 seconds
[2024-04-21T14:48:43.785+0000] {processor.py:161} INFO - Started process (PID=1746) to work on /home/airflow/.local/lib/python3.12/site-packages/airflow/example_dags/example_xcomargs.py
[2024-04-21T14:48:43.786+0000] {processor.py:830} INFO - Processing file /home/airflow/.local/lib/python3.12/site-packages/airflow/example_dags/example_xcomargs.py for tasks to queue
[2024-04-21T14:48:43.789+0000] {logging_mixin.py:188} INFO - [2024-04-21T14:48:43.789+0000] {dagbag.py:540} INFO - Filling up the DagBag from /home/airflow/.local/lib/python3.12/site-packages/airflow/example_dags/example_xcomargs.py
[2024-04-21T14:48:43.800+0000] {processor.py:840} INFO - DAG(s) 'example_xcom_args_with_operators', 'example_xcom_args' retrieved from /home/airflow/.local/lib/python3.12/site-packages/airflow/example_dags/example_xcomargs.py
[2024-04-21T14:48:43.828+0000] {logging_mixin.py:188} INFO - [2024-04-21T14:48:43.828+0000] {dag.py:3096} INFO - Sync 2 DAGs
[2024-04-21T14:48:43.848+0000] {logging_mixin.py:188} INFO - [2024-04-21T14:48:43.848+0000] {dag.py:3954} INFO - Setting next_dagrun for example_xcom_args to None, run_after=None
[2024-04-21T14:48:43.856+0000] {logging_mixin.py:188} INFO - [2024-04-21T14:48:43.855+0000] {dag.py:3954} INFO - Setting next_dagrun for example_xcom_args_with_operators to None, run_after=None
[2024-04-21T14:48:43.880+0000] {processor.py:183} INFO - Processing /home/airflow/.local/lib/python3.12/site-packages/airflow/example_dags/example_xcomargs.py took 0.102 seconds
[2024-04-21T14:49:14.385+0000] {processor.py:161} INFO - Started process (PID=1808) to work on /home/airflow/.local/lib/python3.12/site-packages/airflow/example_dags/example_xcomargs.py
[2024-04-21T14:49:14.386+0000] {processor.py:830} INFO - Processing file /home/airflow/.local/lib/python3.12/site-packages/airflow/example_dags/example_xcomargs.py for tasks to queue
[2024-04-21T14:49:14.388+0000] {logging_mixin.py:188} INFO - [2024-04-21T14:49:14.388+0000] {dagbag.py:540} INFO - Filling up the DagBag from /home/airflow/.local/lib/python3.12/site-packages/airflow/example_dags/example_xcomargs.py
[2024-04-21T14:49:14.398+0000] {processor.py:840} INFO - DAG(s) 'example_xcom_args', 'example_xcom_args_with_operators' retrieved from /home/airflow/.local/lib/python3.12/site-packages/airflow/example_dags/example_xcomargs.py
[2024-04-21T14:49:14.440+0000] {logging_mixin.py:188} INFO - [2024-04-21T14:49:14.440+0000] {dag.py:3096} INFO - Sync 2 DAGs
[2024-04-21T14:49:14.456+0000] {logging_mixin.py:188} INFO - [2024-04-21T14:49:14.456+0000] {dag.py:3954} INFO - Setting next_dagrun for example_xcom_args to None, run_after=None
[2024-04-21T14:49:14.460+0000] {logging_mixin.py:188} INFO - [2024-04-21T14:49:14.460+0000] {dag.py:3954} INFO - Setting next_dagrun for example_xcom_args_with_operators to None, run_after=None
[2024-04-21T14:49:14.482+0000] {processor.py:183} INFO - Processing /home/airflow/.local/lib/python3.12/site-packages/airflow/example_dags/example_xcomargs.py took 0.103 seconds
[2024-04-21T14:49:45.343+0000] {processor.py:161} INFO - Started process (PID=1870) to work on /home/airflow/.local/lib/python3.12/site-packages/airflow/example_dags/example_xcomargs.py
[2024-04-21T14:49:45.345+0000] {processor.py:830} INFO - Processing file /home/airflow/.local/lib/python3.12/site-packages/airflow/example_dags/example_xcomargs.py for tasks to queue
[2024-04-21T14:49:45.348+0000] {logging_mixin.py:188} INFO - [2024-04-21T14:49:45.348+0000] {dagbag.py:540} INFO - Filling up the DagBag from /home/airflow/.local/lib/python3.12/site-packages/airflow/example_dags/example_xcomargs.py
[2024-04-21T14:49:45.360+0000] {processor.py:840} INFO - DAG(s) 'example_xcom_args_with_operators', 'example_xcom_args' retrieved from /home/airflow/.local/lib/python3.12/site-packages/airflow/example_dags/example_xcomargs.py
[2024-04-21T14:49:45.388+0000] {logging_mixin.py:188} INFO - [2024-04-21T14:49:45.388+0000] {dag.py:3096} INFO - Sync 2 DAGs
[2024-04-21T14:49:45.406+0000] {logging_mixin.py:188} INFO - [2024-04-21T14:49:45.406+0000] {dag.py:3954} INFO - Setting next_dagrun for example_xcom_args to None, run_after=None
[2024-04-21T14:49:45.414+0000] {logging_mixin.py:188} INFO - [2024-04-21T14:49:45.413+0000] {dag.py:3954} INFO - Setting next_dagrun for example_xcom_args_with_operators to None, run_after=None
[2024-04-21T14:49:45.445+0000] {processor.py:183} INFO - Processing /home/airflow/.local/lib/python3.12/site-packages/airflow/example_dags/example_xcomargs.py took 0.109 seconds
[2024-04-21T14:50:15.664+0000] {processor.py:161} INFO - Started process (PID=1932) to work on /home/airflow/.local/lib/python3.12/site-packages/airflow/example_dags/example_xcomargs.py
[2024-04-21T14:50:15.666+0000] {processor.py:830} INFO - Processing file /home/airflow/.local/lib/python3.12/site-packages/airflow/example_dags/example_xcomargs.py for tasks to queue
[2024-04-21T14:50:15.668+0000] {logging_mixin.py:188} INFO - [2024-04-21T14:50:15.668+0000] {dagbag.py:540} INFO - Filling up the DagBag from /home/airflow/.local/lib/python3.12/site-packages/airflow/example_dags/example_xcomargs.py
[2024-04-21T14:50:15.680+0000] {processor.py:840} INFO - DAG(s) 'example_xcom_args_with_operators', 'example_xcom_args' retrieved from /home/airflow/.local/lib/python3.12/site-packages/airflow/example_dags/example_xcomargs.py
[2024-04-21T14:50:15.708+0000] {logging_mixin.py:188} INFO - [2024-04-21T14:50:15.708+0000] {dag.py:3096} INFO - Sync 2 DAGs
[2024-04-21T14:50:15.725+0000] {logging_mixin.py:188} INFO - [2024-04-21T14:50:15.724+0000] {dag.py:3954} INFO - Setting next_dagrun for example_xcom_args to None, run_after=None
[2024-04-21T14:50:15.730+0000] {logging_mixin.py:188} INFO - [2024-04-21T14:50:15.729+0000] {dag.py:3954} INFO - Setting next_dagrun for example_xcom_args_with_operators to None, run_after=None
[2024-04-21T14:50:15.763+0000] {processor.py:183} INFO - Processing /home/airflow/.local/lib/python3.12/site-packages/airflow/example_dags/example_xcomargs.py took 0.108 seconds
[2024-04-21T14:50:45.935+0000] {processor.py:161} INFO - Started process (PID=1993) to work on /home/airflow/.local/lib/python3.12/site-packages/airflow/example_dags/example_xcomargs.py
[2024-04-21T14:50:45.942+0000] {processor.py:830} INFO - Processing file /home/airflow/.local/lib/python3.12/site-packages/airflow/example_dags/example_xcomargs.py for tasks to queue
[2024-04-21T14:50:45.946+0000] {logging_mixin.py:188} INFO - [2024-04-21T14:50:45.946+0000] {dagbag.py:540} INFO - Filling up the DagBag from /home/airflow/.local/lib/python3.12/site-packages/airflow/example_dags/example_xcomargs.py
[2024-04-21T14:50:45.961+0000] {processor.py:840} INFO - DAG(s) 'example_xcom_args_with_operators', 'example_xcom_args' retrieved from /home/airflow/.local/lib/python3.12/site-packages/airflow/example_dags/example_xcomargs.py
[2024-04-21T14:50:46.032+0000] {logging_mixin.py:188} INFO - [2024-04-21T14:50:46.031+0000] {dag.py:3096} INFO - Sync 2 DAGs
[2024-04-21T14:50:46.064+0000] {logging_mixin.py:188} INFO - [2024-04-21T14:50:46.063+0000] {dag.py:3954} INFO - Setting next_dagrun for example_xcom_args to None, run_after=None
[2024-04-21T14:50:46.074+0000] {logging_mixin.py:188} INFO - [2024-04-21T14:50:46.074+0000] {dag.py:3954} INFO - Setting next_dagrun for example_xcom_args_with_operators to None, run_after=None
[2024-04-21T14:50:46.179+0000] {processor.py:183} INFO - Processing /home/airflow/.local/lib/python3.12/site-packages/airflow/example_dags/example_xcomargs.py took 0.269 seconds
[2024-04-21T14:51:16.622+0000] {processor.py:161} INFO - Started process (PID=2054) to work on /home/airflow/.local/lib/python3.12/site-packages/airflow/example_dags/example_xcomargs.py
[2024-04-21T14:51:16.626+0000] {processor.py:830} INFO - Processing file /home/airflow/.local/lib/python3.12/site-packages/airflow/example_dags/example_xcomargs.py for tasks to queue
[2024-04-21T14:51:16.635+0000] {logging_mixin.py:188} INFO - [2024-04-21T14:51:16.634+0000] {dagbag.py:540} INFO - Filling up the DagBag from /home/airflow/.local/lib/python3.12/site-packages/airflow/example_dags/example_xcomargs.py
[2024-04-21T14:51:16.646+0000] {processor.py:840} INFO - DAG(s) 'example_xcom_args', 'example_xcom_args_with_operators' retrieved from /home/airflow/.local/lib/python3.12/site-packages/airflow/example_dags/example_xcomargs.py
[2024-04-21T14:51:16.752+0000] {logging_mixin.py:188} INFO - [2024-04-21T14:51:16.751+0000] {dag.py:3096} INFO - Sync 2 DAGs
[2024-04-21T14:51:16.788+0000] {logging_mixin.py:188} INFO - [2024-04-21T14:51:16.787+0000] {dag.py:3954} INFO - Setting next_dagrun for example_xcom_args to None, run_after=None
[2024-04-21T14:51:16.800+0000] {logging_mixin.py:188} INFO - [2024-04-21T14:51:16.800+0000] {dag.py:3954} INFO - Setting next_dagrun for example_xcom_args_with_operators to None, run_after=None
[2024-04-21T14:51:16.832+0000] {processor.py:183} INFO - Processing /home/airflow/.local/lib/python3.12/site-packages/airflow/example_dags/example_xcomargs.py took 0.224 seconds
[2024-04-21T14:51:47.762+0000] {processor.py:161} INFO - Started process (PID=2116) to work on /home/airflow/.local/lib/python3.12/site-packages/airflow/example_dags/example_xcomargs.py
[2024-04-21T14:51:47.765+0000] {processor.py:830} INFO - Processing file /home/airflow/.local/lib/python3.12/site-packages/airflow/example_dags/example_xcomargs.py for tasks to queue
[2024-04-21T14:51:47.767+0000] {logging_mixin.py:188} INFO - [2024-04-21T14:51:47.767+0000] {dagbag.py:540} INFO - Filling up the DagBag from /home/airflow/.local/lib/python3.12/site-packages/airflow/example_dags/example_xcomargs.py
[2024-04-21T14:51:47.779+0000] {processor.py:840} INFO - DAG(s) 'example_xcom_args', 'example_xcom_args_with_operators' retrieved from /home/airflow/.local/lib/python3.12/site-packages/airflow/example_dags/example_xcomargs.py
[2024-04-21T14:51:47.817+0000] {logging_mixin.py:188} INFO - [2024-04-21T14:51:47.817+0000] {dag.py:3096} INFO - Sync 2 DAGs
[2024-04-21T14:51:47.842+0000] {logging_mixin.py:188} INFO - [2024-04-21T14:51:47.842+0000] {dag.py:3954} INFO - Setting next_dagrun for example_xcom_args to None, run_after=None
[2024-04-21T14:51:47.847+0000] {logging_mixin.py:188} INFO - [2024-04-21T14:51:47.847+0000] {dag.py:3954} INFO - Setting next_dagrun for example_xcom_args_with_operators to None, run_after=None
[2024-04-21T14:51:47.875+0000] {processor.py:183} INFO - Processing /home/airflow/.local/lib/python3.12/site-packages/airflow/example_dags/example_xcomargs.py took 0.120 seconds
[2024-04-21T14:52:18.164+0000] {processor.py:161} INFO - Started process (PID=2178) to work on /home/airflow/.local/lib/python3.12/site-packages/airflow/example_dags/example_xcomargs.py
[2024-04-21T14:52:18.165+0000] {processor.py:830} INFO - Processing file /home/airflow/.local/lib/python3.12/site-packages/airflow/example_dags/example_xcomargs.py for tasks to queue
[2024-04-21T14:52:18.168+0000] {logging_mixin.py:188} INFO - [2024-04-21T14:52:18.167+0000] {dagbag.py:540} INFO - Filling up the DagBag from /home/airflow/.local/lib/python3.12/site-packages/airflow/example_dags/example_xcomargs.py
[2024-04-21T14:52:18.179+0000] {processor.py:840} INFO - DAG(s) 'example_xcom_args', 'example_xcom_args_with_operators' retrieved from /home/airflow/.local/lib/python3.12/site-packages/airflow/example_dags/example_xcomargs.py
[2024-04-21T14:52:18.209+0000] {logging_mixin.py:188} INFO - [2024-04-21T14:52:18.209+0000] {dag.py:3096} INFO - Sync 2 DAGs
[2024-04-21T14:52:18.229+0000] {logging_mixin.py:188} INFO - [2024-04-21T14:52:18.229+0000] {dag.py:3954} INFO - Setting next_dagrun for example_xcom_args to None, run_after=None
[2024-04-21T14:52:18.234+0000] {logging_mixin.py:188} INFO - [2024-04-21T14:52:18.233+0000] {dag.py:3954} INFO - Setting next_dagrun for example_xcom_args_with_operators to None, run_after=None
[2024-04-21T14:52:18.254+0000] {processor.py:183} INFO - Processing /home/airflow/.local/lib/python3.12/site-packages/airflow/example_dags/example_xcomargs.py took 0.097 seconds
