[2024-04-21T13:53:29.578+0000] {processor.py:161} INFO - Started process (PID=75) to work on /home/airflow/.local/lib/python3.12/site-packages/airflow/example_dags/example_subdag_operator.py
[2024-04-21T13:53:29.585+0000] {processor.py:830} INFO - Processing file /home/airflow/.local/lib/python3.12/site-packages/airflow/example_dags/example_subdag_operator.py for tasks to queue
[2024-04-21T13:53:29.587+0000] {logging_mixin.py:188} INFO - [2024-04-21T13:53:29.587+0000] {dagbag.py:540} INFO - Filling up the DagBag from /home/airflow/.local/lib/python3.12/site-packages/airflow/example_dags/example_subdag_operator.py
[2024-04-21T13:53:29.640+0000] {processor.py:840} INFO - DAG(s) 'example_subdag_operator.section-1', 'example_subdag_operator.section-2', 'example_subdag_operator' retrieved from /home/airflow/.local/lib/python3.12/site-packages/airflow/example_dags/example_subdag_operator.py
[2024-04-21T13:53:29.920+0000] {logging_mixin.py:188} INFO - [2024-04-21T13:53:29.919+0000] {override.py:1829} INFO - Created Permission View: can edit on DAG:example_subdag_operator
[2024-04-21T13:53:29.958+0000] {logging_mixin.py:188} INFO - [2024-04-21T13:53:29.958+0000] {override.py:1829} INFO - Created Permission View: can read on DAG:example_subdag_operator
[2024-04-21T13:53:29.979+0000] {logging_mixin.py:188} INFO - [2024-04-21T13:53:29.979+0000] {override.py:1829} INFO - Created Permission View: can delete on DAG:example_subdag_operator
[2024-04-21T13:53:29.980+0000] {logging_mixin.py:188} INFO - [2024-04-21T13:53:29.980+0000] {dag.py:3096} INFO - Sync 3 DAGs
[2024-04-21T13:53:30.017+0000] {logging_mixin.py:188} INFO - [2024-04-21T13:53:30.016+0000] {dag.py:3118} INFO - Creating ORM DAG for example_subdag_operator
[2024-04-21T13:53:30.018+0000] {logging_mixin.py:188} INFO - [2024-04-21T13:53:30.017+0000] {dag.py:3118} INFO - Creating ORM DAG for example_subdag_operator.section-2
[2024-04-21T13:53:30.018+0000] {logging_mixin.py:188} INFO - [2024-04-21T13:53:30.018+0000] {dag.py:3118} INFO - Creating ORM DAG for example_subdag_operator.section-1
[2024-04-21T13:53:30.055+0000] {logging_mixin.py:188} INFO - [2024-04-21T13:53:30.054+0000] {dag.py:3954} INFO - Setting next_dagrun for example_subdag_operator to 2022-01-01 00:00:00+00:00, run_after=2022-01-01 00:00:00+00:00
[2024-04-21T13:53:30.057+0000] {logging_mixin.py:188} INFO - [2024-04-21T13:53:30.057+0000] {dag.py:3954} INFO - Setting next_dagrun for example_subdag_operator.section-1 to None, run_after=None
[2024-04-21T13:53:30.059+0000] {logging_mixin.py:188} INFO - [2024-04-21T13:53:30.059+0000] {dag.py:3954} INFO - Setting next_dagrun for example_subdag_operator.section-2 to None, run_after=None
[2024-04-21T13:53:30.086+0000] {logging_mixin.py:188} INFO - [2024-04-21T13:53:30.086+0000] {dag.py:3096} INFO - Sync 2 DAGs
[2024-04-21T13:53:30.103+0000] {logging_mixin.py:188} INFO - [2024-04-21T13:53:30.103+0000] {dag.py:3954} INFO - Setting next_dagrun for example_subdag_operator.section-1 to None, run_after=None
[2024-04-21T13:53:30.110+0000] {logging_mixin.py:188} INFO - [2024-04-21T13:53:30.110+0000] {dag.py:3954} INFO - Setting next_dagrun for example_subdag_operator.section-2 to None, run_after=None
[2024-04-21T13:53:30.128+0000] {processor.py:183} INFO - Processing /home/airflow/.local/lib/python3.12/site-packages/airflow/example_dags/example_subdag_operator.py took 0.557 seconds
[2024-04-21T13:54:00.530+0000] {processor.py:161} INFO - Started process (PID=137) to work on /home/airflow/.local/lib/python3.12/site-packages/airflow/example_dags/example_subdag_operator.py
[2024-04-21T13:54:00.543+0000] {processor.py:830} INFO - Processing file /home/airflow/.local/lib/python3.12/site-packages/airflow/example_dags/example_subdag_operator.py for tasks to queue
[2024-04-21T13:54:00.572+0000] {logging_mixin.py:188} INFO - [2024-04-21T13:54:00.565+0000] {dagbag.py:540} INFO - Filling up the DagBag from /home/airflow/.local/lib/python3.12/site-packages/airflow/example_dags/example_subdag_operator.py
[2024-04-21T13:54:00.780+0000] {processor.py:840} INFO - DAG(s) 'example_subdag_operator.section-1', 'example_subdag_operator.section-2', 'example_subdag_operator' retrieved from /home/airflow/.local/lib/python3.12/site-packages/airflow/example_dags/example_subdag_operator.py
[2024-04-21T13:54:00.900+0000] {logging_mixin.py:188} INFO - [2024-04-21T13:54:00.900+0000] {dag.py:3096} INFO - Sync 3 DAGs
[2024-04-21T13:54:01.158+0000] {logging_mixin.py:188} INFO - [2024-04-21T13:54:01.158+0000] {dag.py:3954} INFO - Setting next_dagrun for example_subdag_operator to 2022-01-01 00:00:00+00:00, run_after=2022-01-01 00:00:00+00:00
[2024-04-21T13:54:01.238+0000] {logging_mixin.py:188} INFO - [2024-04-21T13:54:01.238+0000] {dag.py:3954} INFO - Setting next_dagrun for example_subdag_operator.section-1 to None, run_after=None
[2024-04-21T13:54:01.250+0000] {logging_mixin.py:188} INFO - [2024-04-21T13:54:01.250+0000] {dag.py:3954} INFO - Setting next_dagrun for example_subdag_operator.section-2 to None, run_after=None
[2024-04-21T13:54:01.404+0000] {logging_mixin.py:188} INFO - [2024-04-21T13:54:01.363+0000] {dag.py:3096} INFO - Sync 2 DAGs
[2024-04-21T13:54:01.453+0000] {logging_mixin.py:188} INFO - [2024-04-21T13:54:01.452+0000] {dag.py:3954} INFO - Setting next_dagrun for example_subdag_operator.section-1 to None, run_after=None
[2024-04-21T13:54:01.453+0000] {logging_mixin.py:188} INFO - [2024-04-21T13:54:01.453+0000] {dag.py:3954} INFO - Setting next_dagrun for example_subdag_operator.section-2 to None, run_after=None
[2024-04-21T13:54:01.595+0000] {processor.py:183} INFO - Processing /home/airflow/.local/lib/python3.12/site-packages/airflow/example_dags/example_subdag_operator.py took 1.104 seconds
[2024-04-21T13:54:32.485+0000] {processor.py:161} INFO - Started process (PID=198) to work on /home/airflow/.local/lib/python3.12/site-packages/airflow/example_dags/example_subdag_operator.py
[2024-04-21T13:54:32.497+0000] {processor.py:830} INFO - Processing file /home/airflow/.local/lib/python3.12/site-packages/airflow/example_dags/example_subdag_operator.py for tasks to queue
[2024-04-21T13:54:32.504+0000] {logging_mixin.py:188} INFO - [2024-04-21T13:54:32.504+0000] {dagbag.py:540} INFO - Filling up the DagBag from /home/airflow/.local/lib/python3.12/site-packages/airflow/example_dags/example_subdag_operator.py
[2024-04-21T13:54:32.646+0000] {processor.py:840} INFO - DAG(s) 'example_subdag_operator.section-1', 'example_subdag_operator.section-2', 'example_subdag_operator' retrieved from /home/airflow/.local/lib/python3.12/site-packages/airflow/example_dags/example_subdag_operator.py
[2024-04-21T13:54:32.812+0000] {logging_mixin.py:188} INFO - [2024-04-21T13:54:32.811+0000] {dag.py:3096} INFO - Sync 3 DAGs
[2024-04-21T13:54:32.983+0000] {logging_mixin.py:188} INFO - [2024-04-21T13:54:32.982+0000] {dag.py:3954} INFO - Setting next_dagrun for example_subdag_operator to 2022-01-01 00:00:00+00:00, run_after=2022-01-01 00:00:00+00:00
[2024-04-21T13:54:33.043+0000] {logging_mixin.py:188} INFO - [2024-04-21T13:54:33.043+0000] {dag.py:3954} INFO - Setting next_dagrun for example_subdag_operator.section-1 to None, run_after=None
[2024-04-21T13:54:33.057+0000] {logging_mixin.py:188} INFO - [2024-04-21T13:54:33.057+0000] {dag.py:3954} INFO - Setting next_dagrun for example_subdag_operator.section-2 to None, run_after=None
[2024-04-21T13:54:33.119+0000] {logging_mixin.py:188} INFO - [2024-04-21T13:54:33.119+0000] {dag.py:3096} INFO - Sync 2 DAGs
[2024-04-21T13:54:33.171+0000] {logging_mixin.py:188} INFO - [2024-04-21T13:54:33.171+0000] {dag.py:3954} INFO - Setting next_dagrun for example_subdag_operator.section-1 to None, run_after=None
[2024-04-21T13:54:33.182+0000] {logging_mixin.py:188} INFO - [2024-04-21T13:54:33.182+0000] {dag.py:3954} INFO - Setting next_dagrun for example_subdag_operator.section-2 to None, run_after=None
[2024-04-21T13:54:33.297+0000] {processor.py:183} INFO - Processing /home/airflow/.local/lib/python3.12/site-packages/airflow/example_dags/example_subdag_operator.py took 0.822 seconds
[2024-04-21T13:55:03.446+0000] {processor.py:161} INFO - Started process (PID=260) to work on /home/airflow/.local/lib/python3.12/site-packages/airflow/example_dags/example_subdag_operator.py
[2024-04-21T13:55:03.447+0000] {processor.py:830} INFO - Processing file /home/airflow/.local/lib/python3.12/site-packages/airflow/example_dags/example_subdag_operator.py for tasks to queue
[2024-04-21T13:55:03.449+0000] {logging_mixin.py:188} INFO - [2024-04-21T13:55:03.448+0000] {dagbag.py:540} INFO - Filling up the DagBag from /home/airflow/.local/lib/python3.12/site-packages/airflow/example_dags/example_subdag_operator.py
[2024-04-21T13:55:03.479+0000] {processor.py:840} INFO - DAG(s) 'example_subdag_operator.section-1', 'example_subdag_operator.section-2', 'example_subdag_operator' retrieved from /home/airflow/.local/lib/python3.12/site-packages/airflow/example_dags/example_subdag_operator.py
[2024-04-21T13:55:03.503+0000] {logging_mixin.py:188} INFO - [2024-04-21T13:55:03.503+0000] {dag.py:3096} INFO - Sync 3 DAGs
[2024-04-21T13:55:03.539+0000] {logging_mixin.py:188} INFO - [2024-04-21T13:55:03.539+0000] {dag.py:3954} INFO - Setting next_dagrun for example_subdag_operator to 2022-01-01 00:00:00+00:00, run_after=2022-01-01 00:00:00+00:00
[2024-04-21T13:55:03.544+0000] {logging_mixin.py:188} INFO - [2024-04-21T13:55:03.544+0000] {dag.py:3954} INFO - Setting next_dagrun for example_subdag_operator.section-1 to None, run_after=None
[2024-04-21T13:55:03.546+0000] {logging_mixin.py:188} INFO - [2024-04-21T13:55:03.546+0000] {dag.py:3954} INFO - Setting next_dagrun for example_subdag_operator.section-2 to None, run_after=None
[2024-04-21T13:55:03.555+0000] {logging_mixin.py:188} INFO - [2024-04-21T13:55:03.555+0000] {dag.py:3096} INFO - Sync 2 DAGs
[2024-04-21T13:55:03.561+0000] {logging_mixin.py:188} INFO - [2024-04-21T13:55:03.561+0000] {dag.py:3954} INFO - Setting next_dagrun for example_subdag_operator.section-1 to None, run_after=None
[2024-04-21T13:55:03.562+0000] {logging_mixin.py:188} INFO - [2024-04-21T13:55:03.561+0000] {dag.py:3954} INFO - Setting next_dagrun for example_subdag_operator.section-2 to None, run_after=None
[2024-04-21T13:55:03.580+0000] {processor.py:183} INFO - Processing /home/airflow/.local/lib/python3.12/site-packages/airflow/example_dags/example_subdag_operator.py took 0.142 seconds
