[2024-04-21T13:53:22.776+0000] {processor.py:161} INFO - Started process (PID=61) to work on /home/airflow/.local/lib/python3.12/site-packages/airflow/example_dags/example_bash_operator.py
[2024-04-21T13:53:22.787+0000] {processor.py:830} INFO - Processing file /home/airflow/.local/lib/python3.12/site-packages/airflow/example_dags/example_bash_operator.py for tasks to queue
[2024-04-21T13:53:22.793+0000] {logging_mixin.py:188} INFO - [2024-04-21T13:53:22.793+0000] {dagbag.py:540} INFO - Filling up the DagBag from /home/airflow/.local/lib/python3.12/site-packages/airflow/example_dags/example_bash_operator.py
[2024-04-21T13:53:22.870+0000] {processor.py:840} INFO - DAG(s) 'example_bash_operator' retrieved from /home/airflow/.local/lib/python3.12/site-packages/airflow/example_dags/example_bash_operator.py
[2024-04-21T13:53:23.384+0000] {logging_mixin.py:188} INFO - [2024-04-21T13:53:23.384+0000] {override.py:1829} INFO - Created Permission View: can edit on DAG:example_bash_operator
[2024-04-21T13:53:23.443+0000] {logging_mixin.py:188} INFO - [2024-04-21T13:53:23.442+0000] {override.py:1829} INFO - Created Permission View: can read on DAG:example_bash_operator
[2024-04-21T13:53:23.469+0000] {logging_mixin.py:188} INFO - [2024-04-21T13:53:23.469+0000] {override.py:1829} INFO - Created Permission View: can delete on DAG:example_bash_operator
[2024-04-21T13:53:23.470+0000] {logging_mixin.py:188} INFO - [2024-04-21T13:53:23.470+0000] {dag.py:3096} INFO - Sync 1 DAGs
[2024-04-21T13:53:23.548+0000] {logging_mixin.py:188} INFO - [2024-04-21T13:53:23.536+0000] {dag.py:3118} INFO - Creating ORM DAG for example_bash_operator
[2024-04-21T13:53:23.667+0000] {logging_mixin.py:188} INFO - [2024-04-21T13:53:23.655+0000] {dag.py:3954} INFO - Setting next_dagrun for example_bash_operator to 2024-04-20 00:00:00+00:00, run_after=2024-04-21 00:00:00+00:00
[2024-04-21T13:53:23.800+0000] {processor.py:183} INFO - Processing /home/airflow/.local/lib/python3.12/site-packages/airflow/example_dags/example_bash_operator.py took 1.083 seconds
[2024-04-21T13:53:54.474+0000] {processor.py:161} INFO - Started process (PID=122) to work on /home/airflow/.local/lib/python3.12/site-packages/airflow/example_dags/example_bash_operator.py
[2024-04-21T13:53:54.479+0000] {processor.py:830} INFO - Processing file /home/airflow/.local/lib/python3.12/site-packages/airflow/example_dags/example_bash_operator.py for tasks to queue
[2024-04-21T13:53:54.485+0000] {logging_mixin.py:188} INFO - [2024-04-21T13:53:54.485+0000] {dagbag.py:540} INFO - Filling up the DagBag from /home/airflow/.local/lib/python3.12/site-packages/airflow/example_dags/example_bash_operator.py
[2024-04-21T13:53:54.535+0000] {processor.py:840} INFO - DAG(s) 'example_bash_operator' retrieved from /home/airflow/.local/lib/python3.12/site-packages/airflow/example_dags/example_bash_operator.py
[2024-04-21T13:53:54.633+0000] {logging_mixin.py:188} INFO - [2024-04-21T13:53:54.633+0000] {dag.py:3096} INFO - Sync 1 DAGs
[2024-04-21T13:53:54.709+0000] {logging_mixin.py:188} INFO - [2024-04-21T13:53:54.709+0000] {dag.py:3954} INFO - Setting next_dagrun for example_bash_operator to 2024-04-20 00:00:00+00:00, run_after=2024-04-21 00:00:00+00:00
[2024-04-21T13:53:54.837+0000] {processor.py:183} INFO - Processing /home/airflow/.local/lib/python3.12/site-packages/airflow/example_dags/example_bash_operator.py took 0.377 seconds
[2024-04-21T13:54:25.323+0000] {processor.py:161} INFO - Started process (PID=183) to work on /home/airflow/.local/lib/python3.12/site-packages/airflow/example_dags/example_bash_operator.py
[2024-04-21T13:54:25.324+0000] {processor.py:830} INFO - Processing file /home/airflow/.local/lib/python3.12/site-packages/airflow/example_dags/example_bash_operator.py for tasks to queue
[2024-04-21T13:54:25.325+0000] {logging_mixin.py:188} INFO - [2024-04-21T13:54:25.325+0000] {dagbag.py:540} INFO - Filling up the DagBag from /home/airflow/.local/lib/python3.12/site-packages/airflow/example_dags/example_bash_operator.py
[2024-04-21T13:54:25.336+0000] {processor.py:840} INFO - DAG(s) 'example_bash_operator' retrieved from /home/airflow/.local/lib/python3.12/site-packages/airflow/example_dags/example_bash_operator.py
[2024-04-21T13:54:25.363+0000] {logging_mixin.py:188} INFO - [2024-04-21T13:54:25.363+0000] {dag.py:3096} INFO - Sync 1 DAGs
[2024-04-21T13:54:25.382+0000] {logging_mixin.py:188} INFO - [2024-04-21T13:54:25.382+0000] {dag.py:3954} INFO - Setting next_dagrun for example_bash_operator to 2024-04-20 00:00:00+00:00, run_after=2024-04-21 00:00:00+00:00
[2024-04-21T13:54:25.403+0000] {processor.py:183} INFO - Processing /home/airflow/.local/lib/python3.12/site-packages/airflow/example_dags/example_bash_operator.py took 0.085 seconds
[2024-04-21T13:54:56.027+0000] {processor.py:161} INFO - Started process (PID=244) to work on /home/airflow/.local/lib/python3.12/site-packages/airflow/example_dags/example_bash_operator.py
[2024-04-21T13:54:56.028+0000] {processor.py:830} INFO - Processing file /home/airflow/.local/lib/python3.12/site-packages/airflow/example_dags/example_bash_operator.py for tasks to queue
[2024-04-21T13:54:56.030+0000] {logging_mixin.py:188} INFO - [2024-04-21T13:54:56.030+0000] {dagbag.py:540} INFO - Filling up the DagBag from /home/airflow/.local/lib/python3.12/site-packages/airflow/example_dags/example_bash_operator.py
[2024-04-21T13:54:56.045+0000] {processor.py:840} INFO - DAG(s) 'example_bash_operator' retrieved from /home/airflow/.local/lib/python3.12/site-packages/airflow/example_dags/example_bash_operator.py
[2024-04-21T13:54:56.088+0000] {logging_mixin.py:188} INFO - [2024-04-21T13:54:56.087+0000] {dag.py:3096} INFO - Sync 1 DAGs
[2024-04-21T13:54:56.110+0000] {logging_mixin.py:188} INFO - [2024-04-21T13:54:56.110+0000] {dag.py:3954} INFO - Setting next_dagrun for example_bash_operator to 2024-04-20 00:00:00+00:00, run_after=2024-04-21 00:00:00+00:00
[2024-04-21T13:54:56.131+0000] {processor.py:183} INFO - Processing /home/airflow/.local/lib/python3.12/site-packages/airflow/example_dags/example_bash_operator.py took 0.111 seconds
