[2024-04-21T13:53:26.976+0000] {processor.py:161} INFO - Started process (PID=68) to work on /home/airflow/.local/lib/python3.12/site-packages/airflow/example_dags/example_nested_branch_dag.py
[2024-04-21T13:53:26.976+0000] {processor.py:830} INFO - Processing file /home/airflow/.local/lib/python3.12/site-packages/airflow/example_dags/example_nested_branch_dag.py for tasks to queue
[2024-04-21T13:53:26.979+0000] {logging_mixin.py:188} INFO - [2024-04-21T13:53:26.979+0000] {dagbag.py:540} INFO - Filling up the DagBag from /home/airflow/.local/lib/python3.12/site-packages/airflow/example_dags/example_nested_branch_dag.py
[2024-04-21T13:53:26.995+0000] {processor.py:840} INFO - DAG(s) 'example_nested_branch_dag' retrieved from /home/airflow/.local/lib/python3.12/site-packages/airflow/example_dags/example_nested_branch_dag.py
[2024-04-21T13:53:27.365+0000] {logging_mixin.py:188} INFO - [2024-04-21T13:53:27.364+0000] {override.py:1829} INFO - Created Permission View: can edit on DAG:example_nested_branch_dag
[2024-04-21T13:53:27.382+0000] {logging_mixin.py:188} INFO - [2024-04-21T13:53:27.382+0000] {override.py:1829} INFO - Created Permission View: can read on DAG:example_nested_branch_dag
[2024-04-21T13:53:27.404+0000] {logging_mixin.py:188} INFO - [2024-04-21T13:53:27.404+0000] {override.py:1829} INFO - Created Permission View: can delete on DAG:example_nested_branch_dag
[2024-04-21T13:53:27.405+0000] {logging_mixin.py:188} INFO - [2024-04-21T13:53:27.404+0000] {dag.py:3096} INFO - Sync 1 DAGs
[2024-04-21T13:53:27.436+0000] {logging_mixin.py:188} INFO - [2024-04-21T13:53:27.434+0000] {dag.py:3118} INFO - Creating ORM DAG for example_nested_branch_dag
[2024-04-21T13:53:27.454+0000] {logging_mixin.py:188} INFO - [2024-04-21T13:53:27.453+0000] {dag.py:3954} INFO - Setting next_dagrun for example_nested_branch_dag to 2024-04-20 00:00:00+00:00, run_after=2024-04-21 00:00:00+00:00
[2024-04-21T13:53:27.479+0000] {processor.py:183} INFO - Processing /home/airflow/.local/lib/python3.12/site-packages/airflow/example_dags/example_nested_branch_dag.py took 0.510 seconds
[2024-04-21T13:53:58.517+0000] {processor.py:161} INFO - Started process (PID=130) to work on /home/airflow/.local/lib/python3.12/site-packages/airflow/example_dags/example_nested_branch_dag.py
[2024-04-21T13:53:58.521+0000] {processor.py:830} INFO - Processing file /home/airflow/.local/lib/python3.12/site-packages/airflow/example_dags/example_nested_branch_dag.py for tasks to queue
[2024-04-21T13:53:58.523+0000] {logging_mixin.py:188} INFO - [2024-04-21T13:53:58.523+0000] {dagbag.py:540} INFO - Filling up the DagBag from /home/airflow/.local/lib/python3.12/site-packages/airflow/example_dags/example_nested_branch_dag.py
[2024-04-21T13:53:58.545+0000] {processor.py:840} INFO - DAG(s) 'example_nested_branch_dag' retrieved from /home/airflow/.local/lib/python3.12/site-packages/airflow/example_dags/example_nested_branch_dag.py
[2024-04-21T13:53:58.682+0000] {logging_mixin.py:188} INFO - [2024-04-21T13:53:58.681+0000] {dag.py:3096} INFO - Sync 1 DAGs
[2024-04-21T13:53:58.802+0000] {logging_mixin.py:188} INFO - [2024-04-21T13:53:58.802+0000] {dag.py:3954} INFO - Setting next_dagrun for example_nested_branch_dag to 2024-04-20 00:00:00+00:00, run_after=2024-04-21 00:00:00+00:00
[2024-04-21T13:53:58.923+0000] {processor.py:183} INFO - Processing /home/airflow/.local/lib/python3.12/site-packages/airflow/example_dags/example_nested_branch_dag.py took 0.423 seconds
[2024-04-21T13:54:29.027+0000] {processor.py:161} INFO - Started process (PID=191) to work on /home/airflow/.local/lib/python3.12/site-packages/airflow/example_dags/example_nested_branch_dag.py
[2024-04-21T13:54:29.027+0000] {processor.py:830} INFO - Processing file /home/airflow/.local/lib/python3.12/site-packages/airflow/example_dags/example_nested_branch_dag.py for tasks to queue
[2024-04-21T13:54:29.029+0000] {logging_mixin.py:188} INFO - [2024-04-21T13:54:29.029+0000] {dagbag.py:540} INFO - Filling up the DagBag from /home/airflow/.local/lib/python3.12/site-packages/airflow/example_dags/example_nested_branch_dag.py
[2024-04-21T13:54:29.037+0000] {processor.py:840} INFO - DAG(s) 'example_nested_branch_dag' retrieved from /home/airflow/.local/lib/python3.12/site-packages/airflow/example_dags/example_nested_branch_dag.py
[2024-04-21T13:54:29.058+0000] {logging_mixin.py:188} INFO - [2024-04-21T13:54:29.058+0000] {dag.py:3096} INFO - Sync 1 DAGs
[2024-04-21T13:54:29.079+0000] {logging_mixin.py:188} INFO - [2024-04-21T13:54:29.079+0000] {dag.py:3954} INFO - Setting next_dagrun for example_nested_branch_dag to 2024-04-20 00:00:00+00:00, run_after=2024-04-21 00:00:00+00:00
[2024-04-21T13:54:29.107+0000] {processor.py:183} INFO - Processing /home/airflow/.local/lib/python3.12/site-packages/airflow/example_dags/example_nested_branch_dag.py took 0.085 seconds
[2024-04-21T13:54:59.727+0000] {processor.py:161} INFO - Started process (PID=252) to work on /home/airflow/.local/lib/python3.12/site-packages/airflow/example_dags/example_nested_branch_dag.py
[2024-04-21T13:54:59.728+0000] {processor.py:830} INFO - Processing file /home/airflow/.local/lib/python3.12/site-packages/airflow/example_dags/example_nested_branch_dag.py for tasks to queue
[2024-04-21T13:54:59.732+0000] {logging_mixin.py:188} INFO - [2024-04-21T13:54:59.731+0000] {dagbag.py:540} INFO - Filling up the DagBag from /home/airflow/.local/lib/python3.12/site-packages/airflow/example_dags/example_nested_branch_dag.py
[2024-04-21T13:54:59.745+0000] {processor.py:840} INFO - DAG(s) 'example_nested_branch_dag' retrieved from /home/airflow/.local/lib/python3.12/site-packages/airflow/example_dags/example_nested_branch_dag.py
[2024-04-21T13:54:59.774+0000] {logging_mixin.py:188} INFO - [2024-04-21T13:54:59.773+0000] {dag.py:3096} INFO - Sync 1 DAGs
[2024-04-21T13:54:59.801+0000] {logging_mixin.py:188} INFO - [2024-04-21T13:54:59.800+0000] {dag.py:3954} INFO - Setting next_dagrun for example_nested_branch_dag to 2024-04-20 00:00:00+00:00, run_after=2024-04-21 00:00:00+00:00
[2024-04-21T13:54:59.828+0000] {processor.py:183} INFO - Processing /home/airflow/.local/lib/python3.12/site-packages/airflow/example_dags/example_nested_branch_dag.py took 0.109 seconds
