[2024-04-21T13:53:27.510+0000] {processor.py:161} INFO - Started process (PID=69) to work on /home/airflow/.local/lib/python3.12/site-packages/airflow/example_dags/example_latest_only_with_trigger.py
[2024-04-21T13:53:27.511+0000] {processor.py:830} INFO - Processing file /home/airflow/.local/lib/python3.12/site-packages/airflow/example_dags/example_latest_only_with_trigger.py for tasks to queue
[2024-04-21T13:53:27.512+0000] {logging_mixin.py:188} INFO - [2024-04-21T13:53:27.512+0000] {dagbag.py:540} INFO - Filling up the DagBag from /home/airflow/.local/lib/python3.12/site-packages/airflow/example_dags/example_latest_only_with_trigger.py
[2024-04-21T13:53:27.521+0000] {processor.py:840} INFO - DAG(s) 'latest_only_with_trigger' retrieved from /home/airflow/.local/lib/python3.12/site-packages/airflow/example_dags/example_latest_only_with_trigger.py
[2024-04-21T13:53:27.685+0000] {logging_mixin.py:188} INFO - [2024-04-21T13:53:27.684+0000] {override.py:1829} INFO - Created Permission View: can edit on DAG:latest_only_with_trigger
[2024-04-21T13:53:27.709+0000] {logging_mixin.py:188} INFO - [2024-04-21T13:53:27.708+0000] {override.py:1829} INFO - Created Permission View: can read on DAG:latest_only_with_trigger
[2024-04-21T13:53:27.726+0000] {logging_mixin.py:188} INFO - [2024-04-21T13:53:27.726+0000] {override.py:1829} INFO - Created Permission View: can delete on DAG:latest_only_with_trigger
[2024-04-21T13:53:27.727+0000] {logging_mixin.py:188} INFO - [2024-04-21T13:53:27.727+0000] {dag.py:3096} INFO - Sync 1 DAGs
[2024-04-21T13:53:27.739+0000] {logging_mixin.py:188} INFO - [2024-04-21T13:53:27.739+0000] {dag.py:3118} INFO - Creating ORM DAG for latest_only_with_trigger
[2024-04-21T13:53:27.758+0000] {logging_mixin.py:188} INFO - [2024-04-21T13:53:27.757+0000] {dag.py:3954} INFO - Setting next_dagrun for latest_only_with_trigger to 2024-04-21 08:00:00+00:00, run_after=2024-04-21 12:00:00+00:00
[2024-04-21T13:53:27.806+0000] {processor.py:183} INFO - Processing /home/airflow/.local/lib/python3.12/site-packages/airflow/example_dags/example_latest_only_with_trigger.py took 0.304 seconds
[2024-04-21T13:53:58.954+0000] {processor.py:161} INFO - Started process (PID=131) to work on /home/airflow/.local/lib/python3.12/site-packages/airflow/example_dags/example_latest_only_with_trigger.py
[2024-04-21T13:53:58.961+0000] {processor.py:830} INFO - Processing file /home/airflow/.local/lib/python3.12/site-packages/airflow/example_dags/example_latest_only_with_trigger.py for tasks to queue
[2024-04-21T13:53:58.964+0000] {logging_mixin.py:188} INFO - [2024-04-21T13:53:58.964+0000] {dagbag.py:540} INFO - Filling up the DagBag from /home/airflow/.local/lib/python3.12/site-packages/airflow/example_dags/example_latest_only_with_trigger.py
[2024-04-21T13:53:58.983+0000] {processor.py:840} INFO - DAG(s) 'latest_only_with_trigger' retrieved from /home/airflow/.local/lib/python3.12/site-packages/airflow/example_dags/example_latest_only_with_trigger.py
[2024-04-21T13:53:59.022+0000] {logging_mixin.py:188} INFO - [2024-04-21T13:53:59.021+0000] {dag.py:3096} INFO - Sync 1 DAGs
[2024-04-21T13:53:59.059+0000] {logging_mixin.py:188} INFO - [2024-04-21T13:53:59.059+0000] {dag.py:3954} INFO - Setting next_dagrun for latest_only_with_trigger to 2024-04-21 08:00:00+00:00, run_after=2024-04-21 12:00:00+00:00
[2024-04-21T13:53:59.096+0000] {processor.py:183} INFO - Processing /home/airflow/.local/lib/python3.12/site-packages/airflow/example_dags/example_latest_only_with_trigger.py took 0.161 seconds
[2024-04-21T13:54:30.047+0000] {processor.py:161} INFO - Started process (PID=192) to work on /home/airflow/.local/lib/python3.12/site-packages/airflow/example_dags/example_latest_only_with_trigger.py
[2024-04-21T13:54:30.048+0000] {processor.py:830} INFO - Processing file /home/airflow/.local/lib/python3.12/site-packages/airflow/example_dags/example_latest_only_with_trigger.py for tasks to queue
[2024-04-21T13:54:30.050+0000] {logging_mixin.py:188} INFO - [2024-04-21T13:54:30.050+0000] {dagbag.py:540} INFO - Filling up the DagBag from /home/airflow/.local/lib/python3.12/site-packages/airflow/example_dags/example_latest_only_with_trigger.py
[2024-04-21T13:54:30.057+0000] {processor.py:840} INFO - DAG(s) 'latest_only_with_trigger' retrieved from /home/airflow/.local/lib/python3.12/site-packages/airflow/example_dags/example_latest_only_with_trigger.py
[2024-04-21T13:54:30.082+0000] {logging_mixin.py:188} INFO - [2024-04-21T13:54:30.082+0000] {dag.py:3096} INFO - Sync 1 DAGs
[2024-04-21T13:54:30.109+0000] {logging_mixin.py:188} INFO - [2024-04-21T13:54:30.109+0000] {dag.py:3954} INFO - Setting next_dagrun for latest_only_with_trigger to 2024-04-21 08:00:00+00:00, run_after=2024-04-21 12:00:00+00:00
[2024-04-21T13:54:30.135+0000] {processor.py:183} INFO - Processing /home/airflow/.local/lib/python3.12/site-packages/airflow/example_dags/example_latest_only_with_trigger.py took 0.095 seconds
[2024-04-21T13:55:00.855+0000] {processor.py:161} INFO - Started process (PID=253) to work on /home/airflow/.local/lib/python3.12/site-packages/airflow/example_dags/example_latest_only_with_trigger.py
[2024-04-21T13:55:00.856+0000] {processor.py:830} INFO - Processing file /home/airflow/.local/lib/python3.12/site-packages/airflow/example_dags/example_latest_only_with_trigger.py for tasks to queue
[2024-04-21T13:55:00.858+0000] {logging_mixin.py:188} INFO - [2024-04-21T13:55:00.857+0000] {dagbag.py:540} INFO - Filling up the DagBag from /home/airflow/.local/lib/python3.12/site-packages/airflow/example_dags/example_latest_only_with_trigger.py
[2024-04-21T13:55:00.865+0000] {processor.py:840} INFO - DAG(s) 'latest_only_with_trigger' retrieved from /home/airflow/.local/lib/python3.12/site-packages/airflow/example_dags/example_latest_only_with_trigger.py
[2024-04-21T13:55:00.891+0000] {logging_mixin.py:188} INFO - [2024-04-21T13:55:00.890+0000] {dag.py:3096} INFO - Sync 1 DAGs
[2024-04-21T13:55:00.918+0000] {logging_mixin.py:188} INFO - [2024-04-21T13:55:00.918+0000] {dag.py:3954} INFO - Setting next_dagrun for latest_only_with_trigger to 2024-04-21 08:00:00+00:00, run_after=2024-04-21 12:00:00+00:00
[2024-04-21T13:55:00.944+0000] {processor.py:183} INFO - Processing /home/airflow/.local/lib/python3.12/site-packages/airflow/example_dags/example_latest_only_with_trigger.py took 0.096 seconds
