[2024-04-21T14:34:38.330+0000] {processor.py:161} INFO - Started process (PID=62) to work on /home/airflow/.local/lib/python3.12/site-packages/airflow/example_dags/example_branch_python_dop_operator_3.py
[2024-04-21T14:34:38.336+0000] {processor.py:830} INFO - Processing file /home/airflow/.local/lib/python3.12/site-packages/airflow/example_dags/example_branch_python_dop_operator_3.py for tasks to queue
[2024-04-21T14:34:38.351+0000] {logging_mixin.py:188} INFO - [2024-04-21T14:34:38.351+0000] {dagbag.py:540} INFO - Filling up the DagBag from /home/airflow/.local/lib/python3.12/site-packages/airflow/example_dags/example_branch_python_dop_operator_3.py
[2024-04-21T14:34:38.398+0000] {processor.py:840} INFO - DAG(s) 'example_branch_dop_operator_v3' retrieved from /home/airflow/.local/lib/python3.12/site-packages/airflow/example_dags/example_branch_python_dop_operator_3.py
[2024-04-21T14:34:38.952+0000] {logging_mixin.py:188} INFO - [2024-04-21T14:34:38.951+0000] {dag.py:3096} INFO - Sync 1 DAGs
[2024-04-21T14:34:39.168+0000] {logging_mixin.py:188} INFO - [2024-04-21T14:34:39.168+0000] {dag.py:3954} INFO - Setting next_dagrun for example_branch_dop_operator_v3 to 2024-04-21 14:33:00+00:00, run_after=2024-04-21 14:34:00+00:00
[2024-04-21T14:34:39.236+0000] {processor.py:183} INFO - Processing /home/airflow/.local/lib/python3.12/site-packages/airflow/example_dags/example_branch_python_dop_operator_3.py took 0.937 seconds
[2024-04-21T14:35:09.279+0000] {processor.py:161} INFO - Started process (PID=123) to work on /home/airflow/.local/lib/python3.12/site-packages/airflow/example_dags/example_branch_python_dop_operator_3.py
[2024-04-21T14:35:09.280+0000] {processor.py:830} INFO - Processing file /home/airflow/.local/lib/python3.12/site-packages/airflow/example_dags/example_branch_python_dop_operator_3.py for tasks to queue
[2024-04-21T14:35:09.281+0000] {logging_mixin.py:188} INFO - [2024-04-21T14:35:09.281+0000] {dagbag.py:540} INFO - Filling up the DagBag from /home/airflow/.local/lib/python3.12/site-packages/airflow/example_dags/example_branch_python_dop_operator_3.py
[2024-04-21T14:35:09.289+0000] {processor.py:840} INFO - DAG(s) 'example_branch_dop_operator_v3' retrieved from /home/airflow/.local/lib/python3.12/site-packages/airflow/example_dags/example_branch_python_dop_operator_3.py
[2024-04-21T14:35:09.310+0000] {logging_mixin.py:188} INFO - [2024-04-21T14:35:09.309+0000] {dag.py:3096} INFO - Sync 1 DAGs
[2024-04-21T14:35:09.332+0000] {logging_mixin.py:188} INFO - [2024-04-21T14:35:09.332+0000] {dag.py:3954} INFO - Setting next_dagrun for example_branch_dop_operator_v3 to 2024-04-21 14:34:00+00:00, run_after=2024-04-21 14:35:00+00:00
[2024-04-21T14:35:09.353+0000] {processor.py:183} INFO - Processing /home/airflow/.local/lib/python3.12/site-packages/airflow/example_dags/example_branch_python_dop_operator_3.py took 0.079 seconds
[2024-04-21T14:35:39.994+0000] {processor.py:161} INFO - Started process (PID=185) to work on /home/airflow/.local/lib/python3.12/site-packages/airflow/example_dags/example_branch_python_dop_operator_3.py
[2024-04-21T14:35:39.996+0000] {processor.py:830} INFO - Processing file /home/airflow/.local/lib/python3.12/site-packages/airflow/example_dags/example_branch_python_dop_operator_3.py for tasks to queue
[2024-04-21T14:35:40.006+0000] {logging_mixin.py:188} INFO - [2024-04-21T14:35:40.005+0000] {dagbag.py:540} INFO - Filling up the DagBag from /home/airflow/.local/lib/python3.12/site-packages/airflow/example_dags/example_branch_python_dop_operator_3.py
[2024-04-21T14:35:40.013+0000] {processor.py:840} INFO - DAG(s) 'example_branch_dop_operator_v3' retrieved from /home/airflow/.local/lib/python3.12/site-packages/airflow/example_dags/example_branch_python_dop_operator_3.py
[2024-04-21T14:35:40.031+0000] {logging_mixin.py:188} INFO - [2024-04-21T14:35:40.031+0000] {dag.py:3096} INFO - Sync 1 DAGs
[2024-04-21T14:35:40.053+0000] {logging_mixin.py:188} INFO - [2024-04-21T14:35:40.053+0000] {dag.py:3954} INFO - Setting next_dagrun for example_branch_dop_operator_v3 to 2024-04-21 14:34:00+00:00, run_after=2024-04-21 14:35:00+00:00
[2024-04-21T14:35:40.074+0000] {processor.py:183} INFO - Processing /home/airflow/.local/lib/python3.12/site-packages/airflow/example_dags/example_branch_python_dop_operator_3.py took 0.088 seconds
[2024-04-21T14:36:10.352+0000] {processor.py:161} INFO - Started process (PID=245) to work on /home/airflow/.local/lib/python3.12/site-packages/airflow/example_dags/example_branch_python_dop_operator_3.py
[2024-04-21T14:36:10.354+0000] {processor.py:830} INFO - Processing file /home/airflow/.local/lib/python3.12/site-packages/airflow/example_dags/example_branch_python_dop_operator_3.py for tasks to queue
[2024-04-21T14:36:10.358+0000] {logging_mixin.py:188} INFO - [2024-04-21T14:36:10.358+0000] {dagbag.py:540} INFO - Filling up the DagBag from /home/airflow/.local/lib/python3.12/site-packages/airflow/example_dags/example_branch_python_dop_operator_3.py
[2024-04-21T14:36:10.370+0000] {processor.py:840} INFO - DAG(s) 'example_branch_dop_operator_v3' retrieved from /home/airflow/.local/lib/python3.12/site-packages/airflow/example_dags/example_branch_python_dop_operator_3.py
[2024-04-21T14:36:10.477+0000] {logging_mixin.py:188} INFO - [2024-04-21T14:36:10.476+0000] {dag.py:3096} INFO - Sync 1 DAGs
[2024-04-21T14:36:10.537+0000] {logging_mixin.py:188} INFO - [2024-04-21T14:36:10.537+0000] {dag.py:3954} INFO - Setting next_dagrun for example_branch_dop_operator_v3 to 2024-04-21 14:35:00+00:00, run_after=2024-04-21 14:36:00+00:00
[2024-04-21T14:36:10.580+0000] {processor.py:183} INFO - Processing /home/airflow/.local/lib/python3.12/site-packages/airflow/example_dags/example_branch_python_dop_operator_3.py took 0.235 seconds
[2024-04-21T14:36:40.838+0000] {processor.py:161} INFO - Started process (PID=306) to work on /home/airflow/.local/lib/python3.12/site-packages/airflow/example_dags/example_branch_python_dop_operator_3.py
[2024-04-21T14:36:40.839+0000] {processor.py:830} INFO - Processing file /home/airflow/.local/lib/python3.12/site-packages/airflow/example_dags/example_branch_python_dop_operator_3.py for tasks to queue
[2024-04-21T14:36:40.842+0000] {logging_mixin.py:188} INFO - [2024-04-21T14:36:40.841+0000] {dagbag.py:540} INFO - Filling up the DagBag from /home/airflow/.local/lib/python3.12/site-packages/airflow/example_dags/example_branch_python_dop_operator_3.py
[2024-04-21T14:36:40.853+0000] {processor.py:840} INFO - DAG(s) 'example_branch_dop_operator_v3' retrieved from /home/airflow/.local/lib/python3.12/site-packages/airflow/example_dags/example_branch_python_dop_operator_3.py
[2024-04-21T14:36:40.879+0000] {logging_mixin.py:188} INFO - [2024-04-21T14:36:40.878+0000] {dag.py:3096} INFO - Sync 1 DAGs
[2024-04-21T14:36:40.904+0000] {logging_mixin.py:188} INFO - [2024-04-21T14:36:40.903+0000] {dag.py:3954} INFO - Setting next_dagrun for example_branch_dop_operator_v3 to 2024-04-21 14:35:00+00:00, run_after=2024-04-21 14:36:00+00:00
[2024-04-21T14:36:40.960+0000] {processor.py:183} INFO - Processing /home/airflow/.local/lib/python3.12/site-packages/airflow/example_dags/example_branch_python_dop_operator_3.py took 0.129 seconds
[2024-04-21T14:37:11.989+0000] {processor.py:161} INFO - Started process (PID=367) to work on /home/airflow/.local/lib/python3.12/site-packages/airflow/example_dags/example_branch_python_dop_operator_3.py
[2024-04-21T14:37:11.994+0000] {processor.py:830} INFO - Processing file /home/airflow/.local/lib/python3.12/site-packages/airflow/example_dags/example_branch_python_dop_operator_3.py for tasks to queue
[2024-04-21T14:37:12.001+0000] {logging_mixin.py:188} INFO - [2024-04-21T14:37:12.001+0000] {dagbag.py:540} INFO - Filling up the DagBag from /home/airflow/.local/lib/python3.12/site-packages/airflow/example_dags/example_branch_python_dop_operator_3.py
[2024-04-21T14:37:12.038+0000] {processor.py:840} INFO - DAG(s) 'example_branch_dop_operator_v3' retrieved from /home/airflow/.local/lib/python3.12/site-packages/airflow/example_dags/example_branch_python_dop_operator_3.py
[2024-04-21T14:37:12.181+0000] {logging_mixin.py:188} INFO - [2024-04-21T14:37:12.180+0000] {dag.py:3096} INFO - Sync 1 DAGs
[2024-04-21T14:37:12.382+0000] {logging_mixin.py:188} INFO - [2024-04-21T14:37:12.381+0000] {dag.py:3954} INFO - Setting next_dagrun for example_branch_dop_operator_v3 to 2024-04-21 14:36:00+00:00, run_after=2024-04-21 14:37:00+00:00
[2024-04-21T14:37:12.536+0000] {processor.py:183} INFO - Processing /home/airflow/.local/lib/python3.12/site-packages/airflow/example_dags/example_branch_python_dop_operator_3.py took 0.575 seconds
[2024-04-21T14:37:43.200+0000] {processor.py:161} INFO - Started process (PID=428) to work on /home/airflow/.local/lib/python3.12/site-packages/airflow/example_dags/example_branch_python_dop_operator_3.py
[2024-04-21T14:37:43.206+0000] {processor.py:830} INFO - Processing file /home/airflow/.local/lib/python3.12/site-packages/airflow/example_dags/example_branch_python_dop_operator_3.py for tasks to queue
[2024-04-21T14:37:43.209+0000] {logging_mixin.py:188} INFO - [2024-04-21T14:37:43.208+0000] {dagbag.py:540} INFO - Filling up the DagBag from /home/airflow/.local/lib/python3.12/site-packages/airflow/example_dags/example_branch_python_dop_operator_3.py
[2024-04-21T14:37:43.228+0000] {processor.py:840} INFO - DAG(s) 'example_branch_dop_operator_v3' retrieved from /home/airflow/.local/lib/python3.12/site-packages/airflow/example_dags/example_branch_python_dop_operator_3.py
[2024-04-21T14:37:43.402+0000] {logging_mixin.py:188} INFO - [2024-04-21T14:37:43.401+0000] {dag.py:3096} INFO - Sync 1 DAGs
[2024-04-21T14:37:43.634+0000] {logging_mixin.py:188} INFO - [2024-04-21T14:37:43.634+0000] {dag.py:3954} INFO - Setting next_dagrun for example_branch_dop_operator_v3 to 2024-04-21 14:36:00+00:00, run_after=2024-04-21 14:37:00+00:00
[2024-04-21T14:37:43.795+0000] {processor.py:183} INFO - Processing /home/airflow/.local/lib/python3.12/site-packages/airflow/example_dags/example_branch_python_dop_operator_3.py took 0.603 seconds
[2024-04-21T14:38:14.421+0000] {processor.py:161} INFO - Started process (PID=489) to work on /home/airflow/.local/lib/python3.12/site-packages/airflow/example_dags/example_branch_python_dop_operator_3.py
[2024-04-21T14:38:14.428+0000] {processor.py:830} INFO - Processing file /home/airflow/.local/lib/python3.12/site-packages/airflow/example_dags/example_branch_python_dop_operator_3.py for tasks to queue
[2024-04-21T14:38:14.431+0000] {logging_mixin.py:188} INFO - [2024-04-21T14:38:14.431+0000] {dagbag.py:540} INFO - Filling up the DagBag from /home/airflow/.local/lib/python3.12/site-packages/airflow/example_dags/example_branch_python_dop_operator_3.py
[2024-04-21T14:38:14.444+0000] {processor.py:840} INFO - DAG(s) 'example_branch_dop_operator_v3' retrieved from /home/airflow/.local/lib/python3.12/site-packages/airflow/example_dags/example_branch_python_dop_operator_3.py
[2024-04-21T14:38:14.492+0000] {logging_mixin.py:188} INFO - [2024-04-21T14:38:14.492+0000] {dag.py:3096} INFO - Sync 1 DAGs
[2024-04-21T14:38:14.528+0000] {logging_mixin.py:188} INFO - [2024-04-21T14:38:14.527+0000] {dag.py:3954} INFO - Setting next_dagrun for example_branch_dop_operator_v3 to 2024-04-21 14:37:00+00:00, run_after=2024-04-21 14:38:00+00:00
[2024-04-21T14:38:14.558+0000] {processor.py:183} INFO - Processing /home/airflow/.local/lib/python3.12/site-packages/airflow/example_dags/example_branch_python_dop_operator_3.py took 0.145 seconds
[2024-04-21T14:38:44.641+0000] {processor.py:161} INFO - Started process (PID=550) to work on /home/airflow/.local/lib/python3.12/site-packages/airflow/example_dags/example_branch_python_dop_operator_3.py
[2024-04-21T14:38:44.643+0000] {processor.py:830} INFO - Processing file /home/airflow/.local/lib/python3.12/site-packages/airflow/example_dags/example_branch_python_dop_operator_3.py for tasks to queue
[2024-04-21T14:38:44.646+0000] {logging_mixin.py:188} INFO - [2024-04-21T14:38:44.645+0000] {dagbag.py:540} INFO - Filling up the DagBag from /home/airflow/.local/lib/python3.12/site-packages/airflow/example_dags/example_branch_python_dop_operator_3.py
[2024-04-21T14:38:44.659+0000] {processor.py:840} INFO - DAG(s) 'example_branch_dop_operator_v3' retrieved from /home/airflow/.local/lib/python3.12/site-packages/airflow/example_dags/example_branch_python_dop_operator_3.py
[2024-04-21T14:38:44.686+0000] {logging_mixin.py:188} INFO - [2024-04-21T14:38:44.685+0000] {dag.py:3096} INFO - Sync 1 DAGs
[2024-04-21T14:38:44.720+0000] {logging_mixin.py:188} INFO - [2024-04-21T14:38:44.720+0000] {dag.py:3954} INFO - Setting next_dagrun for example_branch_dop_operator_v3 to 2024-04-21 14:37:00+00:00, run_after=2024-04-21 14:38:00+00:00
[2024-04-21T14:38:44.804+0000] {processor.py:183} INFO - Processing /home/airflow/.local/lib/python3.12/site-packages/airflow/example_dags/example_branch_python_dop_operator_3.py took 0.169 seconds
[2024-04-21T14:39:15.297+0000] {processor.py:161} INFO - Started process (PID=611) to work on /home/airflow/.local/lib/python3.12/site-packages/airflow/example_dags/example_branch_python_dop_operator_3.py
[2024-04-21T14:39:15.299+0000] {processor.py:830} INFO - Processing file /home/airflow/.local/lib/python3.12/site-packages/airflow/example_dags/example_branch_python_dop_operator_3.py for tasks to queue
[2024-04-21T14:39:15.301+0000] {logging_mixin.py:188} INFO - [2024-04-21T14:39:15.301+0000] {dagbag.py:540} INFO - Filling up the DagBag from /home/airflow/.local/lib/python3.12/site-packages/airflow/example_dags/example_branch_python_dop_operator_3.py
[2024-04-21T14:39:15.312+0000] {processor.py:840} INFO - DAG(s) 'example_branch_dop_operator_v3' retrieved from /home/airflow/.local/lib/python3.12/site-packages/airflow/example_dags/example_branch_python_dop_operator_3.py
[2024-04-21T14:39:15.340+0000] {logging_mixin.py:188} INFO - [2024-04-21T14:39:15.339+0000] {dag.py:3096} INFO - Sync 1 DAGs
[2024-04-21T14:39:15.375+0000] {logging_mixin.py:188} INFO - [2024-04-21T14:39:15.373+0000] {dag.py:3954} INFO - Setting next_dagrun for example_branch_dop_operator_v3 to 2024-04-21 14:38:00+00:00, run_after=2024-04-21 14:39:00+00:00
[2024-04-21T14:39:15.402+0000] {processor.py:183} INFO - Processing /home/airflow/.local/lib/python3.12/site-packages/airflow/example_dags/example_branch_python_dop_operator_3.py took 0.111 seconds
[2024-04-21T14:39:45.502+0000] {processor.py:161} INFO - Started process (PID=672) to work on /home/airflow/.local/lib/python3.12/site-packages/airflow/example_dags/example_branch_python_dop_operator_3.py
[2024-04-21T14:39:45.505+0000] {processor.py:830} INFO - Processing file /home/airflow/.local/lib/python3.12/site-packages/airflow/example_dags/example_branch_python_dop_operator_3.py for tasks to queue
[2024-04-21T14:39:45.508+0000] {logging_mixin.py:188} INFO - [2024-04-21T14:39:45.508+0000] {dagbag.py:540} INFO - Filling up the DagBag from /home/airflow/.local/lib/python3.12/site-packages/airflow/example_dags/example_branch_python_dop_operator_3.py
[2024-04-21T14:39:45.520+0000] {processor.py:840} INFO - DAG(s) 'example_branch_dop_operator_v3' retrieved from /home/airflow/.local/lib/python3.12/site-packages/airflow/example_dags/example_branch_python_dop_operator_3.py
[2024-04-21T14:39:45.546+0000] {logging_mixin.py:188} INFO - [2024-04-21T14:39:45.546+0000] {dag.py:3096} INFO - Sync 1 DAGs
[2024-04-21T14:39:45.583+0000] {logging_mixin.py:188} INFO - [2024-04-21T14:39:45.583+0000] {dag.py:3954} INFO - Setting next_dagrun for example_branch_dop_operator_v3 to 2024-04-21 14:38:00+00:00, run_after=2024-04-21 14:39:00+00:00
[2024-04-21T14:39:45.640+0000] {processor.py:183} INFO - Processing /home/airflow/.local/lib/python3.12/site-packages/airflow/example_dags/example_branch_python_dop_operator_3.py took 0.155 seconds
[2024-04-21T14:40:15.821+0000] {processor.py:161} INFO - Started process (PID=733) to work on /home/airflow/.local/lib/python3.12/site-packages/airflow/example_dags/example_branch_python_dop_operator_3.py
[2024-04-21T14:40:15.822+0000] {processor.py:830} INFO - Processing file /home/airflow/.local/lib/python3.12/site-packages/airflow/example_dags/example_branch_python_dop_operator_3.py for tasks to queue
[2024-04-21T14:40:15.825+0000] {logging_mixin.py:188} INFO - [2024-04-21T14:40:15.824+0000] {dagbag.py:540} INFO - Filling up the DagBag from /home/airflow/.local/lib/python3.12/site-packages/airflow/example_dags/example_branch_python_dop_operator_3.py
[2024-04-21T14:40:15.837+0000] {processor.py:840} INFO - DAG(s) 'example_branch_dop_operator_v3' retrieved from /home/airflow/.local/lib/python3.12/site-packages/airflow/example_dags/example_branch_python_dop_operator_3.py
[2024-04-21T14:40:15.864+0000] {logging_mixin.py:188} INFO - [2024-04-21T14:40:15.864+0000] {dag.py:3096} INFO - Sync 1 DAGs
[2024-04-21T14:40:15.901+0000] {logging_mixin.py:188} INFO - [2024-04-21T14:40:15.901+0000] {dag.py:3954} INFO - Setting next_dagrun for example_branch_dop_operator_v3 to 2024-04-21 14:39:00+00:00, run_after=2024-04-21 14:40:00+00:00
[2024-04-21T14:40:15.933+0000] {processor.py:183} INFO - Processing /home/airflow/.local/lib/python3.12/site-packages/airflow/example_dags/example_branch_python_dop_operator_3.py took 0.118 seconds
[2024-04-21T14:40:46.477+0000] {processor.py:161} INFO - Started process (PID=794) to work on /home/airflow/.local/lib/python3.12/site-packages/airflow/example_dags/example_branch_python_dop_operator_3.py
[2024-04-21T14:40:46.480+0000] {processor.py:830} INFO - Processing file /home/airflow/.local/lib/python3.12/site-packages/airflow/example_dags/example_branch_python_dop_operator_3.py for tasks to queue
[2024-04-21T14:40:46.482+0000] {logging_mixin.py:188} INFO - [2024-04-21T14:40:46.482+0000] {dagbag.py:540} INFO - Filling up the DagBag from /home/airflow/.local/lib/python3.12/site-packages/airflow/example_dags/example_branch_python_dop_operator_3.py
[2024-04-21T14:40:46.522+0000] {processor.py:840} INFO - DAG(s) 'example_branch_dop_operator_v3' retrieved from /home/airflow/.local/lib/python3.12/site-packages/airflow/example_dags/example_branch_python_dop_operator_3.py
[2024-04-21T14:40:46.584+0000] {logging_mixin.py:188} INFO - [2024-04-21T14:40:46.584+0000] {dag.py:3096} INFO - Sync 1 DAGs
[2024-04-21T14:40:46.626+0000] {logging_mixin.py:188} INFO - [2024-04-21T14:40:46.626+0000] {dag.py:3954} INFO - Setting next_dagrun for example_branch_dop_operator_v3 to 2024-04-21 14:39:00+00:00, run_after=2024-04-21 14:40:00+00:00
[2024-04-21T14:40:46.669+0000] {processor.py:183} INFO - Processing /home/airflow/.local/lib/python3.12/site-packages/airflow/example_dags/example_branch_python_dop_operator_3.py took 0.206 seconds
[2024-04-21T14:41:16.920+0000] {processor.py:161} INFO - Started process (PID=855) to work on /home/airflow/.local/lib/python3.12/site-packages/airflow/example_dags/example_branch_python_dop_operator_3.py
[2024-04-21T14:41:16.924+0000] {processor.py:830} INFO - Processing file /home/airflow/.local/lib/python3.12/site-packages/airflow/example_dags/example_branch_python_dop_operator_3.py for tasks to queue
[2024-04-21T14:41:16.927+0000] {logging_mixin.py:188} INFO - [2024-04-21T14:41:16.926+0000] {dagbag.py:540} INFO - Filling up the DagBag from /home/airflow/.local/lib/python3.12/site-packages/airflow/example_dags/example_branch_python_dop_operator_3.py
[2024-04-21T14:41:16.948+0000] {processor.py:840} INFO - DAG(s) 'example_branch_dop_operator_v3' retrieved from /home/airflow/.local/lib/python3.12/site-packages/airflow/example_dags/example_branch_python_dop_operator_3.py
[2024-04-21T14:41:16.992+0000] {logging_mixin.py:188} INFO - [2024-04-21T14:41:16.991+0000] {dag.py:3096} INFO - Sync 1 DAGs
[2024-04-21T14:41:17.066+0000] {logging_mixin.py:188} INFO - [2024-04-21T14:41:17.065+0000] {dag.py:3954} INFO - Setting next_dagrun for example_branch_dop_operator_v3 to 2024-04-21 14:40:00+00:00, run_after=2024-04-21 14:41:00+00:00
[2024-04-21T14:41:17.124+0000] {processor.py:183} INFO - Processing /home/airflow/.local/lib/python3.12/site-packages/airflow/example_dags/example_branch_python_dop_operator_3.py took 0.219 seconds
[2024-04-21T14:41:48.061+0000] {processor.py:161} INFO - Started process (PID=916) to work on /home/airflow/.local/lib/python3.12/site-packages/airflow/example_dags/example_branch_python_dop_operator_3.py
[2024-04-21T14:41:48.064+0000] {processor.py:830} INFO - Processing file /home/airflow/.local/lib/python3.12/site-packages/airflow/example_dags/example_branch_python_dop_operator_3.py for tasks to queue
[2024-04-21T14:41:48.066+0000] {logging_mixin.py:188} INFO - [2024-04-21T14:41:48.065+0000] {dagbag.py:540} INFO - Filling up the DagBag from /home/airflow/.local/lib/python3.12/site-packages/airflow/example_dags/example_branch_python_dop_operator_3.py
[2024-04-21T14:41:48.102+0000] {processor.py:840} INFO - DAG(s) 'example_branch_dop_operator_v3' retrieved from /home/airflow/.local/lib/python3.12/site-packages/airflow/example_dags/example_branch_python_dop_operator_3.py
[2024-04-21T14:41:48.174+0000] {logging_mixin.py:188} INFO - [2024-04-21T14:41:48.173+0000] {dag.py:3096} INFO - Sync 1 DAGs
[2024-04-21T14:41:48.235+0000] {logging_mixin.py:188} INFO - [2024-04-21T14:41:48.234+0000] {dag.py:3954} INFO - Setting next_dagrun for example_branch_dop_operator_v3 to 2024-04-21 14:40:00+00:00, run_after=2024-04-21 14:41:00+00:00
[2024-04-21T14:41:48.278+0000] {processor.py:183} INFO - Processing /home/airflow/.local/lib/python3.12/site-packages/airflow/example_dags/example_branch_python_dop_operator_3.py took 0.242 seconds
[2024-04-21T14:42:19.098+0000] {processor.py:161} INFO - Started process (PID=977) to work on /home/airflow/.local/lib/python3.12/site-packages/airflow/example_dags/example_branch_python_dop_operator_3.py
[2024-04-21T14:42:19.101+0000] {processor.py:830} INFO - Processing file /home/airflow/.local/lib/python3.12/site-packages/airflow/example_dags/example_branch_python_dop_operator_3.py for tasks to queue
[2024-04-21T14:42:19.104+0000] {logging_mixin.py:188} INFO - [2024-04-21T14:42:19.103+0000] {dagbag.py:540} INFO - Filling up the DagBag from /home/airflow/.local/lib/python3.12/site-packages/airflow/example_dags/example_branch_python_dop_operator_3.py
[2024-04-21T14:42:19.116+0000] {processor.py:840} INFO - DAG(s) 'example_branch_dop_operator_v3' retrieved from /home/airflow/.local/lib/python3.12/site-packages/airflow/example_dags/example_branch_python_dop_operator_3.py
[2024-04-21T14:42:19.147+0000] {logging_mixin.py:188} INFO - [2024-04-21T14:42:19.146+0000] {dag.py:3096} INFO - Sync 1 DAGs
[2024-04-21T14:42:19.185+0000] {logging_mixin.py:188} INFO - [2024-04-21T14:42:19.185+0000] {dag.py:3954} INFO - Setting next_dagrun for example_branch_dop_operator_v3 to 2024-04-21 14:41:00+00:00, run_after=2024-04-21 14:42:00+00:00
[2024-04-21T14:42:19.209+0000] {processor.py:183} INFO - Processing /home/airflow/.local/lib/python3.12/site-packages/airflow/example_dags/example_branch_python_dop_operator_3.py took 0.117 seconds
[2024-04-21T14:42:49.560+0000] {processor.py:161} INFO - Started process (PID=1038) to work on /home/airflow/.local/lib/python3.12/site-packages/airflow/example_dags/example_branch_python_dop_operator_3.py
[2024-04-21T14:42:49.562+0000] {processor.py:830} INFO - Processing file /home/airflow/.local/lib/python3.12/site-packages/airflow/example_dags/example_branch_python_dop_operator_3.py for tasks to queue
[2024-04-21T14:42:49.564+0000] {logging_mixin.py:188} INFO - [2024-04-21T14:42:49.564+0000] {dagbag.py:540} INFO - Filling up the DagBag from /home/airflow/.local/lib/python3.12/site-packages/airflow/example_dags/example_branch_python_dop_operator_3.py
[2024-04-21T14:42:49.576+0000] {processor.py:840} INFO - DAG(s) 'example_branch_dop_operator_v3' retrieved from /home/airflow/.local/lib/python3.12/site-packages/airflow/example_dags/example_branch_python_dop_operator_3.py
[2024-04-21T14:42:49.603+0000] {logging_mixin.py:188} INFO - [2024-04-21T14:42:49.602+0000] {dag.py:3096} INFO - Sync 1 DAGs
[2024-04-21T14:42:49.648+0000] {logging_mixin.py:188} INFO - [2024-04-21T14:42:49.648+0000] {dag.py:3954} INFO - Setting next_dagrun for example_branch_dop_operator_v3 to 2024-04-21 14:41:00+00:00, run_after=2024-04-21 14:42:00+00:00
[2024-04-21T14:42:49.672+0000] {processor.py:183} INFO - Processing /home/airflow/.local/lib/python3.12/site-packages/airflow/example_dags/example_branch_python_dop_operator_3.py took 0.118 seconds
[2024-04-21T14:43:19.909+0000] {processor.py:161} INFO - Started process (PID=1099) to work on /home/airflow/.local/lib/python3.12/site-packages/airflow/example_dags/example_branch_python_dop_operator_3.py
[2024-04-21T14:43:19.909+0000] {processor.py:830} INFO - Processing file /home/airflow/.local/lib/python3.12/site-packages/airflow/example_dags/example_branch_python_dop_operator_3.py for tasks to queue
[2024-04-21T14:43:19.911+0000] {logging_mixin.py:188} INFO - [2024-04-21T14:43:19.911+0000] {dagbag.py:540} INFO - Filling up the DagBag from /home/airflow/.local/lib/python3.12/site-packages/airflow/example_dags/example_branch_python_dop_operator_3.py
[2024-04-21T14:43:19.922+0000] {processor.py:840} INFO - DAG(s) 'example_branch_dop_operator_v3' retrieved from /home/airflow/.local/lib/python3.12/site-packages/airflow/example_dags/example_branch_python_dop_operator_3.py
[2024-04-21T14:43:19.948+0000] {logging_mixin.py:188} INFO - [2024-04-21T14:43:19.948+0000] {dag.py:3096} INFO - Sync 1 DAGs
[2024-04-21T14:43:19.982+0000] {logging_mixin.py:188} INFO - [2024-04-21T14:43:19.982+0000] {dag.py:3954} INFO - Setting next_dagrun for example_branch_dop_operator_v3 to 2024-04-21 14:42:00+00:00, run_after=2024-04-21 14:43:00+00:00
[2024-04-21T14:43:20.009+0000] {processor.py:183} INFO - Processing /home/airflow/.local/lib/python3.12/site-packages/airflow/example_dags/example_branch_python_dop_operator_3.py took 0.108 seconds
[2024-04-21T14:43:50.418+0000] {processor.py:161} INFO - Started process (PID=1160) to work on /home/airflow/.local/lib/python3.12/site-packages/airflow/example_dags/example_branch_python_dop_operator_3.py
[2024-04-21T14:43:50.420+0000] {processor.py:830} INFO - Processing file /home/airflow/.local/lib/python3.12/site-packages/airflow/example_dags/example_branch_python_dop_operator_3.py for tasks to queue
[2024-04-21T14:43:50.422+0000] {logging_mixin.py:188} INFO - [2024-04-21T14:43:50.422+0000] {dagbag.py:540} INFO - Filling up the DagBag from /home/airflow/.local/lib/python3.12/site-packages/airflow/example_dags/example_branch_python_dop_operator_3.py
[2024-04-21T14:43:50.433+0000] {processor.py:840} INFO - DAG(s) 'example_branch_dop_operator_v3' retrieved from /home/airflow/.local/lib/python3.12/site-packages/airflow/example_dags/example_branch_python_dop_operator_3.py
[2024-04-21T14:43:50.460+0000] {logging_mixin.py:188} INFO - [2024-04-21T14:43:50.460+0000] {dag.py:3096} INFO - Sync 1 DAGs
[2024-04-21T14:43:50.497+0000] {logging_mixin.py:188} INFO - [2024-04-21T14:43:50.496+0000] {dag.py:3954} INFO - Setting next_dagrun for example_branch_dop_operator_v3 to 2024-04-21 14:42:00+00:00, run_after=2024-04-21 14:43:00+00:00
[2024-04-21T14:43:50.527+0000] {processor.py:183} INFO - Processing /home/airflow/.local/lib/python3.12/site-packages/airflow/example_dags/example_branch_python_dop_operator_3.py took 0.115 seconds
[2024-04-21T14:44:20.860+0000] {processor.py:161} INFO - Started process (PID=1221) to work on /home/airflow/.local/lib/python3.12/site-packages/airflow/example_dags/example_branch_python_dop_operator_3.py
[2024-04-21T14:44:20.862+0000] {processor.py:830} INFO - Processing file /home/airflow/.local/lib/python3.12/site-packages/airflow/example_dags/example_branch_python_dop_operator_3.py for tasks to queue
[2024-04-21T14:44:20.864+0000] {logging_mixin.py:188} INFO - [2024-04-21T14:44:20.864+0000] {dagbag.py:540} INFO - Filling up the DagBag from /home/airflow/.local/lib/python3.12/site-packages/airflow/example_dags/example_branch_python_dop_operator_3.py
[2024-04-21T14:44:20.876+0000] {processor.py:840} INFO - DAG(s) 'example_branch_dop_operator_v3' retrieved from /home/airflow/.local/lib/python3.12/site-packages/airflow/example_dags/example_branch_python_dop_operator_3.py
[2024-04-21T14:44:20.904+0000] {logging_mixin.py:188} INFO - [2024-04-21T14:44:20.903+0000] {dag.py:3096} INFO - Sync 1 DAGs
[2024-04-21T14:44:20.939+0000] {logging_mixin.py:188} INFO - [2024-04-21T14:44:20.939+0000] {dag.py:3954} INFO - Setting next_dagrun for example_branch_dop_operator_v3 to 2024-04-21 14:43:00+00:00, run_after=2024-04-21 14:44:00+00:00
[2024-04-21T14:44:20.966+0000] {processor.py:183} INFO - Processing /home/airflow/.local/lib/python3.12/site-packages/airflow/example_dags/example_branch_python_dop_operator_3.py took 0.112 seconds
[2024-04-21T14:44:51.378+0000] {processor.py:161} INFO - Started process (PID=1282) to work on /home/airflow/.local/lib/python3.12/site-packages/airflow/example_dags/example_branch_python_dop_operator_3.py
[2024-04-21T14:44:51.380+0000] {processor.py:830} INFO - Processing file /home/airflow/.local/lib/python3.12/site-packages/airflow/example_dags/example_branch_python_dop_operator_3.py for tasks to queue
[2024-04-21T14:44:51.383+0000] {logging_mixin.py:188} INFO - [2024-04-21T14:44:51.382+0000] {dagbag.py:540} INFO - Filling up the DagBag from /home/airflow/.local/lib/python3.12/site-packages/airflow/example_dags/example_branch_python_dop_operator_3.py
[2024-04-21T14:44:51.394+0000] {processor.py:840} INFO - DAG(s) 'example_branch_dop_operator_v3' retrieved from /home/airflow/.local/lib/python3.12/site-packages/airflow/example_dags/example_branch_python_dop_operator_3.py
[2024-04-21T14:44:51.419+0000] {logging_mixin.py:188} INFO - [2024-04-21T14:44:51.418+0000] {dag.py:3096} INFO - Sync 1 DAGs
[2024-04-21T14:44:51.452+0000] {logging_mixin.py:188} INFO - [2024-04-21T14:44:51.452+0000] {dag.py:3954} INFO - Setting next_dagrun for example_branch_dop_operator_v3 to 2024-04-21 14:43:00+00:00, run_after=2024-04-21 14:44:00+00:00
[2024-04-21T14:44:51.480+0000] {processor.py:183} INFO - Processing /home/airflow/.local/lib/python3.12/site-packages/airflow/example_dags/example_branch_python_dop_operator_3.py took 0.108 seconds
[2024-04-21T14:45:21.987+0000] {processor.py:161} INFO - Started process (PID=1343) to work on /home/airflow/.local/lib/python3.12/site-packages/airflow/example_dags/example_branch_python_dop_operator_3.py
[2024-04-21T14:45:21.988+0000] {processor.py:830} INFO - Processing file /home/airflow/.local/lib/python3.12/site-packages/airflow/example_dags/example_branch_python_dop_operator_3.py for tasks to queue
[2024-04-21T14:45:21.991+0000] {logging_mixin.py:188} INFO - [2024-04-21T14:45:21.990+0000] {dagbag.py:540} INFO - Filling up the DagBag from /home/airflow/.local/lib/python3.12/site-packages/airflow/example_dags/example_branch_python_dop_operator_3.py
[2024-04-21T14:45:22.002+0000] {processor.py:840} INFO - DAG(s) 'example_branch_dop_operator_v3' retrieved from /home/airflow/.local/lib/python3.12/site-packages/airflow/example_dags/example_branch_python_dop_operator_3.py
[2024-04-21T14:45:22.031+0000] {logging_mixin.py:188} INFO - [2024-04-21T14:45:22.030+0000] {dag.py:3096} INFO - Sync 1 DAGs
[2024-04-21T14:45:22.066+0000] {logging_mixin.py:188} INFO - [2024-04-21T14:45:22.066+0000] {dag.py:3954} INFO - Setting next_dagrun for example_branch_dop_operator_v3 to 2024-04-21 14:44:00+00:00, run_after=2024-04-21 14:45:00+00:00
[2024-04-21T14:45:22.096+0000] {processor.py:183} INFO - Processing /home/airflow/.local/lib/python3.12/site-packages/airflow/example_dags/example_branch_python_dop_operator_3.py took 0.115 seconds
[2024-04-21T14:45:52.387+0000] {processor.py:161} INFO - Started process (PID=1404) to work on /home/airflow/.local/lib/python3.12/site-packages/airflow/example_dags/example_branch_python_dop_operator_3.py
[2024-04-21T14:45:52.389+0000] {processor.py:830} INFO - Processing file /home/airflow/.local/lib/python3.12/site-packages/airflow/example_dags/example_branch_python_dop_operator_3.py for tasks to queue
[2024-04-21T14:45:52.394+0000] {logging_mixin.py:188} INFO - [2024-04-21T14:45:52.391+0000] {dagbag.py:540} INFO - Filling up the DagBag from /home/airflow/.local/lib/python3.12/site-packages/airflow/example_dags/example_branch_python_dop_operator_3.py
[2024-04-21T14:45:52.423+0000] {processor.py:840} INFO - DAG(s) 'example_branch_dop_operator_v3' retrieved from /home/airflow/.local/lib/python3.12/site-packages/airflow/example_dags/example_branch_python_dop_operator_3.py
[2024-04-21T14:45:52.475+0000] {logging_mixin.py:188} INFO - [2024-04-21T14:45:52.475+0000] {dag.py:3096} INFO - Sync 1 DAGs
[2024-04-21T14:45:52.520+0000] {logging_mixin.py:188} INFO - [2024-04-21T14:45:52.520+0000] {dag.py:3954} INFO - Setting next_dagrun for example_branch_dop_operator_v3 to 2024-04-21 14:44:00+00:00, run_after=2024-04-21 14:45:00+00:00
[2024-04-21T14:45:52.567+0000] {processor.py:183} INFO - Processing /home/airflow/.local/lib/python3.12/site-packages/airflow/example_dags/example_branch_python_dop_operator_3.py took 0.198 seconds
[2024-04-21T14:46:23.048+0000] {processor.py:161} INFO - Started process (PID=1466) to work on /home/airflow/.local/lib/python3.12/site-packages/airflow/example_dags/example_branch_python_dop_operator_3.py
[2024-04-21T14:46:23.050+0000] {processor.py:830} INFO - Processing file /home/airflow/.local/lib/python3.12/site-packages/airflow/example_dags/example_branch_python_dop_operator_3.py for tasks to queue
[2024-04-21T14:46:23.053+0000] {logging_mixin.py:188} INFO - [2024-04-21T14:46:23.053+0000] {dagbag.py:540} INFO - Filling up the DagBag from /home/airflow/.local/lib/python3.12/site-packages/airflow/example_dags/example_branch_python_dop_operator_3.py
[2024-04-21T14:46:23.070+0000] {processor.py:840} INFO - DAG(s) 'example_branch_dop_operator_v3' retrieved from /home/airflow/.local/lib/python3.12/site-packages/airflow/example_dags/example_branch_python_dop_operator_3.py
[2024-04-21T14:46:23.098+0000] {logging_mixin.py:188} INFO - [2024-04-21T14:46:23.097+0000] {dag.py:3096} INFO - Sync 1 DAGs
[2024-04-21T14:46:23.137+0000] {logging_mixin.py:188} INFO - [2024-04-21T14:46:23.137+0000] {dag.py:3954} INFO - Setting next_dagrun for example_branch_dop_operator_v3 to 2024-04-21 14:45:00+00:00, run_after=2024-04-21 14:46:00+00:00
[2024-04-21T14:46:23.163+0000] {processor.py:183} INFO - Processing /home/airflow/.local/lib/python3.12/site-packages/airflow/example_dags/example_branch_python_dop_operator_3.py took 0.122 seconds
[2024-04-21T14:46:53.448+0000] {processor.py:161} INFO - Started process (PID=1527) to work on /home/airflow/.local/lib/python3.12/site-packages/airflow/example_dags/example_branch_python_dop_operator_3.py
[2024-04-21T14:46:53.451+0000] {processor.py:830} INFO - Processing file /home/airflow/.local/lib/python3.12/site-packages/airflow/example_dags/example_branch_python_dop_operator_3.py for tasks to queue
[2024-04-21T14:46:53.454+0000] {logging_mixin.py:188} INFO - [2024-04-21T14:46:53.453+0000] {dagbag.py:540} INFO - Filling up the DagBag from /home/airflow/.local/lib/python3.12/site-packages/airflow/example_dags/example_branch_python_dop_operator_3.py
[2024-04-21T14:46:53.465+0000] {processor.py:840} INFO - DAG(s) 'example_branch_dop_operator_v3' retrieved from /home/airflow/.local/lib/python3.12/site-packages/airflow/example_dags/example_branch_python_dop_operator_3.py
[2024-04-21T14:46:53.491+0000] {logging_mixin.py:188} INFO - [2024-04-21T14:46:53.491+0000] {dag.py:3096} INFO - Sync 1 DAGs
[2024-04-21T14:46:53.529+0000] {logging_mixin.py:188} INFO - [2024-04-21T14:46:53.529+0000] {dag.py:3954} INFO - Setting next_dagrun for example_branch_dop_operator_v3 to 2024-04-21 14:45:00+00:00, run_after=2024-04-21 14:46:00+00:00
[2024-04-21T14:46:53.557+0000] {processor.py:183} INFO - Processing /home/airflow/.local/lib/python3.12/site-packages/airflow/example_dags/example_branch_python_dop_operator_3.py took 0.115 seconds
[2024-04-21T14:47:24.378+0000] {processor.py:161} INFO - Started process (PID=1589) to work on /home/airflow/.local/lib/python3.12/site-packages/airflow/example_dags/example_branch_python_dop_operator_3.py
[2024-04-21T14:47:24.385+0000] {processor.py:830} INFO - Processing file /home/airflow/.local/lib/python3.12/site-packages/airflow/example_dags/example_branch_python_dop_operator_3.py for tasks to queue
[2024-04-21T14:47:24.388+0000] {logging_mixin.py:188} INFO - [2024-04-21T14:47:24.388+0000] {dagbag.py:540} INFO - Filling up the DagBag from /home/airflow/.local/lib/python3.12/site-packages/airflow/example_dags/example_branch_python_dop_operator_3.py
[2024-04-21T14:47:24.401+0000] {processor.py:840} INFO - DAG(s) 'example_branch_dop_operator_v3' retrieved from /home/airflow/.local/lib/python3.12/site-packages/airflow/example_dags/example_branch_python_dop_operator_3.py
[2024-04-21T14:47:24.432+0000] {logging_mixin.py:188} INFO - [2024-04-21T14:47:24.431+0000] {dag.py:3096} INFO - Sync 1 DAGs
[2024-04-21T14:47:24.470+0000] {logging_mixin.py:188} INFO - [2024-04-21T14:47:24.470+0000] {dag.py:3954} INFO - Setting next_dagrun for example_branch_dop_operator_v3 to 2024-04-21 14:46:00+00:00, run_after=2024-04-21 14:47:00+00:00
[2024-04-21T14:47:24.530+0000] {processor.py:183} INFO - Processing /home/airflow/.local/lib/python3.12/site-packages/airflow/example_dags/example_branch_python_dop_operator_3.py took 0.170 seconds
[2024-04-21T14:47:54.688+0000] {processor.py:161} INFO - Started process (PID=1650) to work on /home/airflow/.local/lib/python3.12/site-packages/airflow/example_dags/example_branch_python_dop_operator_3.py
[2024-04-21T14:47:54.692+0000] {processor.py:830} INFO - Processing file /home/airflow/.local/lib/python3.12/site-packages/airflow/example_dags/example_branch_python_dop_operator_3.py for tasks to queue
[2024-04-21T14:47:54.695+0000] {logging_mixin.py:188} INFO - [2024-04-21T14:47:54.694+0000] {dagbag.py:540} INFO - Filling up the DagBag from /home/airflow/.local/lib/python3.12/site-packages/airflow/example_dags/example_branch_python_dop_operator_3.py
[2024-04-21T14:47:54.718+0000] {processor.py:840} INFO - DAG(s) 'example_branch_dop_operator_v3' retrieved from /home/airflow/.local/lib/python3.12/site-packages/airflow/example_dags/example_branch_python_dop_operator_3.py
[2024-04-21T14:47:54.761+0000] {logging_mixin.py:188} INFO - [2024-04-21T14:47:54.760+0000] {dag.py:3096} INFO - Sync 1 DAGs
[2024-04-21T14:47:54.831+0000] {logging_mixin.py:188} INFO - [2024-04-21T14:47:54.831+0000] {dag.py:3954} INFO - Setting next_dagrun for example_branch_dop_operator_v3 to 2024-04-21 14:46:00+00:00, run_after=2024-04-21 14:47:00+00:00
[2024-04-21T14:47:54.892+0000] {processor.py:183} INFO - Processing /home/airflow/.local/lib/python3.12/site-packages/airflow/example_dags/example_branch_python_dop_operator_3.py took 0.215 seconds
[2024-04-21T14:48:25.348+0000] {processor.py:161} INFO - Started process (PID=1711) to work on /home/airflow/.local/lib/python3.12/site-packages/airflow/example_dags/example_branch_python_dop_operator_3.py
[2024-04-21T14:48:25.349+0000] {processor.py:830} INFO - Processing file /home/airflow/.local/lib/python3.12/site-packages/airflow/example_dags/example_branch_python_dop_operator_3.py for tasks to queue
[2024-04-21T14:48:25.352+0000] {logging_mixin.py:188} INFO - [2024-04-21T14:48:25.351+0000] {dagbag.py:540} INFO - Filling up the DagBag from /home/airflow/.local/lib/python3.12/site-packages/airflow/example_dags/example_branch_python_dop_operator_3.py
[2024-04-21T14:48:25.362+0000] {processor.py:840} INFO - DAG(s) 'example_branch_dop_operator_v3' retrieved from /home/airflow/.local/lib/python3.12/site-packages/airflow/example_dags/example_branch_python_dop_operator_3.py
[2024-04-21T14:48:25.391+0000] {logging_mixin.py:188} INFO - [2024-04-21T14:48:25.391+0000] {dag.py:3096} INFO - Sync 1 DAGs
[2024-04-21T14:48:25.431+0000] {logging_mixin.py:188} INFO - [2024-04-21T14:48:25.431+0000] {dag.py:3954} INFO - Setting next_dagrun for example_branch_dop_operator_v3 to 2024-04-21 14:47:00+00:00, run_after=2024-04-21 14:48:00+00:00
[2024-04-21T14:48:25.475+0000] {processor.py:183} INFO - Processing /home/airflow/.local/lib/python3.12/site-packages/airflow/example_dags/example_branch_python_dop_operator_3.py took 0.134 seconds
[2024-04-21T14:48:55.845+0000] {processor.py:161} INFO - Started process (PID=1772) to work on /home/airflow/.local/lib/python3.12/site-packages/airflow/example_dags/example_branch_python_dop_operator_3.py
[2024-04-21T14:48:55.847+0000] {processor.py:830} INFO - Processing file /home/airflow/.local/lib/python3.12/site-packages/airflow/example_dags/example_branch_python_dop_operator_3.py for tasks to queue
[2024-04-21T14:48:55.850+0000] {logging_mixin.py:188} INFO - [2024-04-21T14:48:55.849+0000] {dagbag.py:540} INFO - Filling up the DagBag from /home/airflow/.local/lib/python3.12/site-packages/airflow/example_dags/example_branch_python_dop_operator_3.py
[2024-04-21T14:48:55.874+0000] {processor.py:840} INFO - DAG(s) 'example_branch_dop_operator_v3' retrieved from /home/airflow/.local/lib/python3.12/site-packages/airflow/example_dags/example_branch_python_dop_operator_3.py
[2024-04-21T14:48:55.967+0000] {logging_mixin.py:188} INFO - [2024-04-21T14:48:55.959+0000] {dag.py:3096} INFO - Sync 1 DAGs
[2024-04-21T14:48:56.003+0000] {logging_mixin.py:188} INFO - [2024-04-21T14:48:56.003+0000] {dag.py:3954} INFO - Setting next_dagrun for example_branch_dop_operator_v3 to 2024-04-21 14:47:00+00:00, run_after=2024-04-21 14:48:00+00:00
[2024-04-21T14:48:56.030+0000] {processor.py:183} INFO - Processing /home/airflow/.local/lib/python3.12/site-packages/airflow/example_dags/example_branch_python_dop_operator_3.py took 0.192 seconds
[2024-04-21T14:49:26.674+0000] {processor.py:161} INFO - Started process (PID=1834) to work on /home/airflow/.local/lib/python3.12/site-packages/airflow/example_dags/example_branch_python_dop_operator_3.py
[2024-04-21T14:49:26.676+0000] {processor.py:830} INFO - Processing file /home/airflow/.local/lib/python3.12/site-packages/airflow/example_dags/example_branch_python_dop_operator_3.py for tasks to queue
[2024-04-21T14:49:26.678+0000] {logging_mixin.py:188} INFO - [2024-04-21T14:49:26.678+0000] {dagbag.py:540} INFO - Filling up the DagBag from /home/airflow/.local/lib/python3.12/site-packages/airflow/example_dags/example_branch_python_dop_operator_3.py
[2024-04-21T14:49:26.691+0000] {processor.py:840} INFO - DAG(s) 'example_branch_dop_operator_v3' retrieved from /home/airflow/.local/lib/python3.12/site-packages/airflow/example_dags/example_branch_python_dop_operator_3.py
[2024-04-21T14:49:26.717+0000] {logging_mixin.py:188} INFO - [2024-04-21T14:49:26.716+0000] {dag.py:3096} INFO - Sync 1 DAGs
[2024-04-21T14:49:26.753+0000] {logging_mixin.py:188} INFO - [2024-04-21T14:49:26.753+0000] {dag.py:3954} INFO - Setting next_dagrun for example_branch_dop_operator_v3 to 2024-04-21 14:48:00+00:00, run_after=2024-04-21 14:49:00+00:00
[2024-04-21T14:49:26.781+0000] {processor.py:183} INFO - Processing /home/airflow/.local/lib/python3.12/site-packages/airflow/example_dags/example_branch_python_dop_operator_3.py took 0.113 seconds
[2024-04-21T14:49:57.326+0000] {processor.py:161} INFO - Started process (PID=1896) to work on /home/airflow/.local/lib/python3.12/site-packages/airflow/example_dags/example_branch_python_dop_operator_3.py
[2024-04-21T14:49:57.327+0000] {processor.py:830} INFO - Processing file /home/airflow/.local/lib/python3.12/site-packages/airflow/example_dags/example_branch_python_dop_operator_3.py for tasks to queue
[2024-04-21T14:49:57.330+0000] {logging_mixin.py:188} INFO - [2024-04-21T14:49:57.329+0000] {dagbag.py:540} INFO - Filling up the DagBag from /home/airflow/.local/lib/python3.12/site-packages/airflow/example_dags/example_branch_python_dop_operator_3.py
[2024-04-21T14:49:57.340+0000] {processor.py:840} INFO - DAG(s) 'example_branch_dop_operator_v3' retrieved from /home/airflow/.local/lib/python3.12/site-packages/airflow/example_dags/example_branch_python_dop_operator_3.py
[2024-04-21T14:49:57.370+0000] {logging_mixin.py:188} INFO - [2024-04-21T14:49:57.369+0000] {dag.py:3096} INFO - Sync 1 DAGs
[2024-04-21T14:49:57.405+0000] {logging_mixin.py:188} INFO - [2024-04-21T14:49:57.405+0000] {dag.py:3954} INFO - Setting next_dagrun for example_branch_dop_operator_v3 to 2024-04-21 14:48:00+00:00, run_after=2024-04-21 14:49:00+00:00
[2024-04-21T14:49:57.432+0000] {processor.py:183} INFO - Processing /home/airflow/.local/lib/python3.12/site-packages/airflow/example_dags/example_branch_python_dop_operator_3.py took 0.112 seconds
[2024-04-21T14:50:27.707+0000] {processor.py:161} INFO - Started process (PID=1958) to work on /home/airflow/.local/lib/python3.12/site-packages/airflow/example_dags/example_branch_python_dop_operator_3.py
[2024-04-21T14:50:27.709+0000] {processor.py:830} INFO - Processing file /home/airflow/.local/lib/python3.12/site-packages/airflow/example_dags/example_branch_python_dop_operator_3.py for tasks to queue
[2024-04-21T14:50:27.711+0000] {logging_mixin.py:188} INFO - [2024-04-21T14:50:27.711+0000] {dagbag.py:540} INFO - Filling up the DagBag from /home/airflow/.local/lib/python3.12/site-packages/airflow/example_dags/example_branch_python_dop_operator_3.py
[2024-04-21T14:50:27.725+0000] {processor.py:840} INFO - DAG(s) 'example_branch_dop_operator_v3' retrieved from /home/airflow/.local/lib/python3.12/site-packages/airflow/example_dags/example_branch_python_dop_operator_3.py
[2024-04-21T14:50:27.754+0000] {logging_mixin.py:188} INFO - [2024-04-21T14:50:27.753+0000] {dag.py:3096} INFO - Sync 1 DAGs
[2024-04-21T14:50:27.793+0000] {logging_mixin.py:188} INFO - [2024-04-21T14:50:27.793+0000] {dag.py:3954} INFO - Setting next_dagrun for example_branch_dop_operator_v3 to 2024-04-21 14:49:00+00:00, run_after=2024-04-21 14:50:00+00:00
[2024-04-21T14:50:27.819+0000] {processor.py:183} INFO - Processing /home/airflow/.local/lib/python3.12/site-packages/airflow/example_dags/example_branch_python_dop_operator_3.py took 0.119 seconds
[2024-04-21T14:50:58.052+0000] {processor.py:161} INFO - Started process (PID=2019) to work on /home/airflow/.local/lib/python3.12/site-packages/airflow/example_dags/example_branch_python_dop_operator_3.py
[2024-04-21T14:50:58.054+0000] {processor.py:830} INFO - Processing file /home/airflow/.local/lib/python3.12/site-packages/airflow/example_dags/example_branch_python_dop_operator_3.py for tasks to queue
[2024-04-21T14:50:58.059+0000] {logging_mixin.py:188} INFO - [2024-04-21T14:50:58.059+0000] {dagbag.py:540} INFO - Filling up the DagBag from /home/airflow/.local/lib/python3.12/site-packages/airflow/example_dags/example_branch_python_dop_operator_3.py
[2024-04-21T14:50:58.073+0000] {processor.py:840} INFO - DAG(s) 'example_branch_dop_operator_v3' retrieved from /home/airflow/.local/lib/python3.12/site-packages/airflow/example_dags/example_branch_python_dop_operator_3.py
[2024-04-21T14:50:58.099+0000] {logging_mixin.py:188} INFO - [2024-04-21T14:50:58.098+0000] {dag.py:3096} INFO - Sync 1 DAGs
[2024-04-21T14:50:58.138+0000] {logging_mixin.py:188} INFO - [2024-04-21T14:50:58.137+0000] {dag.py:3954} INFO - Setting next_dagrun for example_branch_dop_operator_v3 to 2024-04-21 14:49:00+00:00, run_after=2024-04-21 14:50:00+00:00
[2024-04-21T14:50:58.185+0000] {processor.py:183} INFO - Processing /home/airflow/.local/lib/python3.12/site-packages/airflow/example_dags/example_branch_python_dop_operator_3.py took 0.139 seconds
[2024-04-21T14:51:28.582+0000] {processor.py:161} INFO - Started process (PID=2087) to work on /home/airflow/.local/lib/python3.12/site-packages/airflow/example_dags/example_branch_python_dop_operator_3.py
[2024-04-21T14:51:28.582+0000] {processor.py:830} INFO - Processing file /home/airflow/.local/lib/python3.12/site-packages/airflow/example_dags/example_branch_python_dop_operator_3.py for tasks to queue
[2024-04-21T14:51:28.584+0000] {logging_mixin.py:188} INFO - [2024-04-21T14:51:28.584+0000] {dagbag.py:540} INFO - Filling up the DagBag from /home/airflow/.local/lib/python3.12/site-packages/airflow/example_dags/example_branch_python_dop_operator_3.py
[2024-04-21T14:51:28.594+0000] {processor.py:840} INFO - DAG(s) 'example_branch_dop_operator_v3' retrieved from /home/airflow/.local/lib/python3.12/site-packages/airflow/example_dags/example_branch_python_dop_operator_3.py
[2024-04-21T14:51:28.628+0000] {logging_mixin.py:188} INFO - [2024-04-21T14:51:28.627+0000] {dag.py:3096} INFO - Sync 1 DAGs
[2024-04-21T14:51:28.674+0000] {logging_mixin.py:188} INFO - [2024-04-21T14:51:28.674+0000] {dag.py:3954} INFO - Setting next_dagrun for example_branch_dop_operator_v3 to 2024-04-21 14:50:00+00:00, run_after=2024-04-21 14:51:00+00:00
[2024-04-21T14:51:28.708+0000] {processor.py:183} INFO - Processing /home/airflow/.local/lib/python3.12/site-packages/airflow/example_dags/example_branch_python_dop_operator_3.py took 0.132 seconds
[2024-04-21T14:51:59.049+0000] {processor.py:161} INFO - Started process (PID=2149) to work on /home/airflow/.local/lib/python3.12/site-packages/airflow/example_dags/example_branch_python_dop_operator_3.py
[2024-04-21T14:51:59.051+0000] {processor.py:830} INFO - Processing file /home/airflow/.local/lib/python3.12/site-packages/airflow/example_dags/example_branch_python_dop_operator_3.py for tasks to queue
[2024-04-21T14:51:59.053+0000] {logging_mixin.py:188} INFO - [2024-04-21T14:51:59.052+0000] {dagbag.py:540} INFO - Filling up the DagBag from /home/airflow/.local/lib/python3.12/site-packages/airflow/example_dags/example_branch_python_dop_operator_3.py
[2024-04-21T14:51:59.063+0000] {processor.py:840} INFO - DAG(s) 'example_branch_dop_operator_v3' retrieved from /home/airflow/.local/lib/python3.12/site-packages/airflow/example_dags/example_branch_python_dop_operator_3.py
[2024-04-21T14:51:59.193+0000] {logging_mixin.py:188} INFO - [2024-04-21T14:51:59.191+0000] {dag.py:3096} INFO - Sync 1 DAGs
[2024-04-21T14:51:59.258+0000] {logging_mixin.py:188} INFO - [2024-04-21T14:51:59.258+0000] {dag.py:3954} INFO - Setting next_dagrun for example_branch_dop_operator_v3 to 2024-04-21 14:50:00+00:00, run_after=2024-04-21 14:51:00+00:00
[2024-04-21T14:51:59.316+0000] {processor.py:183} INFO - Processing /home/airflow/.local/lib/python3.12/site-packages/airflow/example_dags/example_branch_python_dop_operator_3.py took 0.278 seconds
