[2024-04-21T13:53:30.047+0000] {processor.py:161} INFO - Started process (PID=77) to work on /home/airflow/.local/lib/python3.12/site-packages/airflow/example_dags/example_latest_only.py
[2024-04-21T13:53:30.048+0000] {processor.py:830} INFO - Processing file /home/airflow/.local/lib/python3.12/site-packages/airflow/example_dags/example_latest_only.py for tasks to queue
[2024-04-21T13:53:30.050+0000] {logging_mixin.py:188} INFO - [2024-04-21T13:53:30.050+0000] {dagbag.py:540} INFO - Filling up the DagBag from /home/airflow/.local/lib/python3.12/site-packages/airflow/example_dags/example_latest_only.py
[2024-04-21T13:53:30.057+0000] {processor.py:840} INFO - DAG(s) 'latest_only' retrieved from /home/airflow/.local/lib/python3.12/site-packages/airflow/example_dags/example_latest_only.py
[2024-04-21T13:53:30.316+0000] {logging_mixin.py:188} INFO - [2024-04-21T13:53:30.315+0000] {override.py:1829} INFO - Created Permission View: can edit on DAG:latest_only
[2024-04-21T13:53:30.331+0000] {logging_mixin.py:188} INFO - [2024-04-21T13:53:30.331+0000] {override.py:1829} INFO - Created Permission View: can read on DAG:latest_only
[2024-04-21T13:53:30.383+0000] {logging_mixin.py:188} INFO - [2024-04-21T13:53:30.382+0000] {override.py:1829} INFO - Created Permission View: can delete on DAG:latest_only
[2024-04-21T13:53:30.384+0000] {logging_mixin.py:188} INFO - [2024-04-21T13:53:30.383+0000] {dag.py:3096} INFO - Sync 1 DAGs
[2024-04-21T13:53:30.433+0000] {logging_mixin.py:188} INFO - [2024-04-21T13:53:30.432+0000] {dag.py:3118} INFO - Creating ORM DAG for latest_only
[2024-04-21T13:53:30.493+0000] {logging_mixin.py:188} INFO - [2024-04-21T13:53:30.493+0000] {dag.py:3954} INFO - Setting next_dagrun for latest_only to 2024-04-21 08:00:00+00:00, run_after=2024-04-21 12:00:00+00:00
[2024-04-21T13:53:30.551+0000] {processor.py:183} INFO - Processing /home/airflow/.local/lib/python3.12/site-packages/airflow/example_dags/example_latest_only.py took 0.512 seconds
[2024-04-21T13:54:01.924+0000] {processor.py:161} INFO - Started process (PID=139) to work on /home/airflow/.local/lib/python3.12/site-packages/airflow/example_dags/example_latest_only.py
[2024-04-21T13:54:01.932+0000] {processor.py:830} INFO - Processing file /home/airflow/.local/lib/python3.12/site-packages/airflow/example_dags/example_latest_only.py for tasks to queue
[2024-04-21T13:54:01.943+0000] {logging_mixin.py:188} INFO - [2024-04-21T13:54:01.943+0000] {dagbag.py:540} INFO - Filling up the DagBag from /home/airflow/.local/lib/python3.12/site-packages/airflow/example_dags/example_latest_only.py
[2024-04-21T13:54:01.971+0000] {processor.py:840} INFO - DAG(s) 'latest_only' retrieved from /home/airflow/.local/lib/python3.12/site-packages/airflow/example_dags/example_latest_only.py
[2024-04-21T13:54:02.168+0000] {logging_mixin.py:188} INFO - [2024-04-21T13:54:02.168+0000] {dag.py:3096} INFO - Sync 1 DAGs
[2024-04-21T13:54:02.473+0000] {logging_mixin.py:188} INFO - [2024-04-21T13:54:02.473+0000] {dag.py:3954} INFO - Setting next_dagrun for latest_only to 2024-04-21 08:00:00+00:00, run_after=2024-04-21 12:00:00+00:00
[2024-04-21T13:54:02.654+0000] {processor.py:183} INFO - Processing /home/airflow/.local/lib/python3.12/site-packages/airflow/example_dags/example_latest_only.py took 0.792 seconds
[2024-04-21T13:54:33.170+0000] {processor.py:161} INFO - Started process (PID=200) to work on /home/airflow/.local/lib/python3.12/site-packages/airflow/example_dags/example_latest_only.py
[2024-04-21T13:54:33.176+0000] {processor.py:830} INFO - Processing file /home/airflow/.local/lib/python3.12/site-packages/airflow/example_dags/example_latest_only.py for tasks to queue
[2024-04-21T13:54:33.180+0000] {logging_mixin.py:188} INFO - [2024-04-21T13:54:33.180+0000] {dagbag.py:540} INFO - Filling up the DagBag from /home/airflow/.local/lib/python3.12/site-packages/airflow/example_dags/example_latest_only.py
[2024-04-21T13:54:33.212+0000] {processor.py:840} INFO - DAG(s) 'latest_only' retrieved from /home/airflow/.local/lib/python3.12/site-packages/airflow/example_dags/example_latest_only.py
[2024-04-21T13:54:33.306+0000] {logging_mixin.py:188} INFO - [2024-04-21T13:54:33.296+0000] {dag.py:3096} INFO - Sync 1 DAGs
[2024-04-21T13:54:33.430+0000] {logging_mixin.py:188} INFO - [2024-04-21T13:54:33.429+0000] {dag.py:3954} INFO - Setting next_dagrun for latest_only to 2024-04-21 08:00:00+00:00, run_after=2024-04-21 12:00:00+00:00
[2024-04-21T13:54:33.462+0000] {processor.py:183} INFO - Processing /home/airflow/.local/lib/python3.12/site-packages/airflow/example_dags/example_latest_only.py took 0.316 seconds
[2024-04-21T13:55:03.615+0000] {processor.py:161} INFO - Started process (PID=261) to work on /home/airflow/.local/lib/python3.12/site-packages/airflow/example_dags/example_latest_only.py
[2024-04-21T13:55:03.616+0000] {processor.py:830} INFO - Processing file /home/airflow/.local/lib/python3.12/site-packages/airflow/example_dags/example_latest_only.py for tasks to queue
[2024-04-21T13:55:03.618+0000] {logging_mixin.py:188} INFO - [2024-04-21T13:55:03.617+0000] {dagbag.py:540} INFO - Filling up the DagBag from /home/airflow/.local/lib/python3.12/site-packages/airflow/example_dags/example_latest_only.py
[2024-04-21T13:55:03.623+0000] {processor.py:840} INFO - DAG(s) 'latest_only' retrieved from /home/airflow/.local/lib/python3.12/site-packages/airflow/example_dags/example_latest_only.py
[2024-04-21T13:55:03.641+0000] {logging_mixin.py:188} INFO - [2024-04-21T13:55:03.640+0000] {dag.py:3096} INFO - Sync 1 DAGs
[2024-04-21T13:55:03.663+0000] {logging_mixin.py:188} INFO - [2024-04-21T13:55:03.663+0000] {dag.py:3954} INFO - Setting next_dagrun for latest_only to 2024-04-21 08:00:00+00:00, run_after=2024-04-21 12:00:00+00:00
[2024-04-21T13:55:03.688+0000] {processor.py:183} INFO - Processing /home/airflow/.local/lib/python3.12/site-packages/airflow/example_dags/example_latest_only.py took 0.078 seconds
