[2024-04-21T13:53:15.013+0000] {processor.py:161} INFO - Started process (PID=50) to work on /home/airflow/.local/lib/python3.12/site-packages/airflow/example_dags/example_xcom.py
[2024-04-21T13:53:15.014+0000] {processor.py:830} INFO - Processing file /home/airflow/.local/lib/python3.12/site-packages/airflow/example_dags/example_xcom.py for tasks to queue
[2024-04-21T13:53:15.024+0000] {logging_mixin.py:188} INFO - [2024-04-21T13:53:15.023+0000] {dagbag.py:540} INFO - Filling up the DagBag from /home/airflow/.local/lib/python3.12/site-packages/airflow/example_dags/example_xcom.py
[2024-04-21T13:53:15.042+0000] {processor.py:840} INFO - DAG(s) 'example_xcom' retrieved from /home/airflow/.local/lib/python3.12/site-packages/airflow/example_dags/example_xcom.py
[2024-04-21T13:53:16.016+0000] {logging_mixin.py:188} INFO - [2024-04-21T13:53:16.015+0000] {override.py:1829} INFO - Created Permission View: can edit on DAG:example_xcom
[2024-04-21T13:53:16.039+0000] {logging_mixin.py:188} INFO - [2024-04-21T13:53:16.039+0000] {override.py:1829} INFO - Created Permission View: can read on DAG:example_xcom
[2024-04-21T13:53:16.064+0000] {logging_mixin.py:188} INFO - [2024-04-21T13:53:16.063+0000] {override.py:1829} INFO - Created Permission View: can delete on DAG:example_xcom
[2024-04-21T13:53:16.064+0000] {logging_mixin.py:188} INFO - [2024-04-21T13:53:16.064+0000] {dag.py:3096} INFO - Sync 1 DAGs
[2024-04-21T13:53:16.111+0000] {logging_mixin.py:188} INFO - [2024-04-21T13:53:16.111+0000] {dag.py:3118} INFO - Creating ORM DAG for example_xcom
[2024-04-21T13:53:16.243+0000] {logging_mixin.py:188} INFO - [2024-04-21T13:53:16.223+0000] {dag.py:3954} INFO - Setting next_dagrun for example_xcom to 2021-01-01 00:00:00+00:00, run_after=2021-01-01 00:00:00+00:00
[2024-04-21T13:53:16.331+0000] {processor.py:183} INFO - Processing /home/airflow/.local/lib/python3.12/site-packages/airflow/example_dags/example_xcom.py took 1.330 seconds
[2024-04-21T13:53:47.017+0000] {processor.py:161} INFO - Started process (PID=112) to work on /home/airflow/.local/lib/python3.12/site-packages/airflow/example_dags/example_xcom.py
[2024-04-21T13:53:47.018+0000] {processor.py:830} INFO - Processing file /home/airflow/.local/lib/python3.12/site-packages/airflow/example_dags/example_xcom.py for tasks to queue
[2024-04-21T13:53:47.020+0000] {logging_mixin.py:188} INFO - [2024-04-21T13:53:47.020+0000] {dagbag.py:540} INFO - Filling up the DagBag from /home/airflow/.local/lib/python3.12/site-packages/airflow/example_dags/example_xcom.py
[2024-04-21T13:53:47.031+0000] {processor.py:840} INFO - DAG(s) 'example_xcom' retrieved from /home/airflow/.local/lib/python3.12/site-packages/airflow/example_dags/example_xcom.py
[2024-04-21T13:53:47.061+0000] {logging_mixin.py:188} INFO - [2024-04-21T13:53:47.061+0000] {dag.py:3096} INFO - Sync 1 DAGs
[2024-04-21T13:53:47.091+0000] {logging_mixin.py:188} INFO - [2024-04-21T13:53:47.091+0000] {dag.py:3954} INFO - Setting next_dagrun for example_xcom to 2021-01-01 00:00:00+00:00, run_after=2021-01-01 00:00:00+00:00
[2024-04-21T13:53:47.151+0000] {processor.py:183} INFO - Processing /home/airflow/.local/lib/python3.12/site-packages/airflow/example_dags/example_xcom.py took 0.147 seconds
[2024-04-21T13:54:17.983+0000] {processor.py:161} INFO - Started process (PID=173) to work on /home/airflow/.local/lib/python3.12/site-packages/airflow/example_dags/example_xcom.py
[2024-04-21T13:54:17.992+0000] {processor.py:830} INFO - Processing file /home/airflow/.local/lib/python3.12/site-packages/airflow/example_dags/example_xcom.py for tasks to queue
[2024-04-21T13:54:17.994+0000] {logging_mixin.py:188} INFO - [2024-04-21T13:54:17.994+0000] {dagbag.py:540} INFO - Filling up the DagBag from /home/airflow/.local/lib/python3.12/site-packages/airflow/example_dags/example_xcom.py
[2024-04-21T13:54:18.003+0000] {processor.py:840} INFO - DAG(s) 'example_xcom' retrieved from /home/airflow/.local/lib/python3.12/site-packages/airflow/example_dags/example_xcom.py
[2024-04-21T13:54:18.039+0000] {logging_mixin.py:188} INFO - [2024-04-21T13:54:18.039+0000] {dag.py:3096} INFO - Sync 1 DAGs
[2024-04-21T13:54:18.065+0000] {logging_mixin.py:188} INFO - [2024-04-21T13:54:18.065+0000] {dag.py:3954} INFO - Setting next_dagrun for example_xcom to 2021-01-01 00:00:00+00:00, run_after=2021-01-01 00:00:00+00:00
[2024-04-21T13:54:18.100+0000] {processor.py:183} INFO - Processing /home/airflow/.local/lib/python3.12/site-packages/airflow/example_dags/example_xcom.py took 0.124 seconds
[2024-04-21T13:54:48.553+0000] {processor.py:161} INFO - Started process (PID=234) to work on /home/airflow/.local/lib/python3.12/site-packages/airflow/example_dags/example_xcom.py
[2024-04-21T13:54:48.557+0000] {processor.py:830} INFO - Processing file /home/airflow/.local/lib/python3.12/site-packages/airflow/example_dags/example_xcom.py for tasks to queue
[2024-04-21T13:54:48.559+0000] {logging_mixin.py:188} INFO - [2024-04-21T13:54:48.559+0000] {dagbag.py:540} INFO - Filling up the DagBag from /home/airflow/.local/lib/python3.12/site-packages/airflow/example_dags/example_xcom.py
[2024-04-21T13:54:48.570+0000] {processor.py:840} INFO - DAG(s) 'example_xcom' retrieved from /home/airflow/.local/lib/python3.12/site-packages/airflow/example_dags/example_xcom.py
[2024-04-21T13:54:48.604+0000] {logging_mixin.py:188} INFO - [2024-04-21T13:54:48.604+0000] {dag.py:3096} INFO - Sync 1 DAGs
[2024-04-21T13:54:48.668+0000] {logging_mixin.py:188} INFO - [2024-04-21T13:54:48.668+0000] {dag.py:3954} INFO - Setting next_dagrun for example_xcom to 2021-01-01 00:00:00+00:00, run_after=2021-01-01 00:00:00+00:00
[2024-04-21T13:54:48.694+0000] {processor.py:183} INFO - Processing /home/airflow/.local/lib/python3.12/site-packages/airflow/example_dags/example_xcom.py took 0.148 seconds
[2024-04-21T13:55:19.093+0000] {processor.py:161} INFO - Started process (PID=296) to work on /home/airflow/.local/lib/python3.12/site-packages/airflow/example_dags/example_xcom.py
[2024-04-21T13:55:19.094+0000] {processor.py:830} INFO - Processing file /home/airflow/.local/lib/python3.12/site-packages/airflow/example_dags/example_xcom.py for tasks to queue
[2024-04-21T13:55:19.095+0000] {logging_mixin.py:188} INFO - [2024-04-21T13:55:19.095+0000] {dagbag.py:540} INFO - Filling up the DagBag from /home/airflow/.local/lib/python3.12/site-packages/airflow/example_dags/example_xcom.py
[2024-04-21T13:55:19.102+0000] {processor.py:840} INFO - DAG(s) 'example_xcom' retrieved from /home/airflow/.local/lib/python3.12/site-packages/airflow/example_dags/example_xcom.py
[2024-04-21T13:55:19.121+0000] {logging_mixin.py:188} INFO - [2024-04-21T13:55:19.121+0000] {dag.py:3096} INFO - Sync 1 DAGs
[2024-04-21T13:55:19.143+0000] {logging_mixin.py:188} INFO - [2024-04-21T13:55:19.143+0000] {dag.py:3954} INFO - Setting next_dagrun for example_xcom to 2021-01-01 00:00:00+00:00, run_after=2021-01-01 00:00:00+00:00
[2024-04-21T13:55:19.163+0000] {processor.py:183} INFO - Processing /home/airflow/.local/lib/python3.12/site-packages/airflow/example_dags/example_xcom.py took 0.075 seconds
