[2024-04-21T13:53:15.552+0000] {processor.py:161} INFO - Started process (PID=51) to work on /home/airflow/.local/lib/python3.12/site-packages/airflow/example_dags/example_setup_teardown.py
[2024-04-21T13:53:15.560+0000] {processor.py:830} INFO - Processing file /home/airflow/.local/lib/python3.12/site-packages/airflow/example_dags/example_setup_teardown.py for tasks to queue
[2024-04-21T13:53:15.564+0000] {logging_mixin.py:188} INFO - [2024-04-21T13:53:15.563+0000] {dagbag.py:540} INFO - Filling up the DagBag from /home/airflow/.local/lib/python3.12/site-packages/airflow/example_dags/example_setup_teardown.py
[2024-04-21T13:53:15.686+0000] {processor.py:840} INFO - DAG(s) 'example_setup_teardown' retrieved from /home/airflow/.local/lib/python3.12/site-packages/airflow/example_dags/example_setup_teardown.py
[2024-04-21T13:53:16.853+0000] {logging_mixin.py:188} INFO - [2024-04-21T13:53:16.852+0000] {override.py:1829} INFO - Created Permission View: can edit on DAG:example_setup_teardown
[2024-04-21T13:53:16.948+0000] {logging_mixin.py:188} INFO - [2024-04-21T13:53:16.947+0000] {override.py:1829} INFO - Created Permission View: can read on DAG:example_setup_teardown
[2024-04-21T13:53:17.019+0000] {logging_mixin.py:188} INFO - [2024-04-21T13:53:17.018+0000] {override.py:1829} INFO - Created Permission View: can delete on DAG:example_setup_teardown
[2024-04-21T13:53:17.019+0000] {logging_mixin.py:188} INFO - [2024-04-21T13:53:17.019+0000] {dag.py:3096} INFO - Sync 1 DAGs
[2024-04-21T13:53:17.069+0000] {logging_mixin.py:188} INFO - [2024-04-21T13:53:17.069+0000] {dag.py:3118} INFO - Creating ORM DAG for example_setup_teardown
[2024-04-21T13:53:17.126+0000] {logging_mixin.py:188} INFO - [2024-04-21T13:53:17.125+0000] {dag.py:3954} INFO - Setting next_dagrun for example_setup_teardown to 2024-04-20 00:00:00+00:00, run_after=2024-04-21 00:00:00+00:00
[2024-04-21T13:53:17.161+0000] {processor.py:183} INFO - Processing /home/airflow/.local/lib/python3.12/site-packages/airflow/example_dags/example_setup_teardown.py took 1.690 seconds
[2024-04-21T13:53:48.037+0000] {processor.py:161} INFO - Started process (PID=113) to work on /home/airflow/.local/lib/python3.12/site-packages/airflow/example_dags/example_setup_teardown.py
[2024-04-21T13:53:48.039+0000] {processor.py:830} INFO - Processing file /home/airflow/.local/lib/python3.12/site-packages/airflow/example_dags/example_setup_teardown.py for tasks to queue
[2024-04-21T13:53:48.041+0000] {logging_mixin.py:188} INFO - [2024-04-21T13:53:48.041+0000] {dagbag.py:540} INFO - Filling up the DagBag from /home/airflow/.local/lib/python3.12/site-packages/airflow/example_dags/example_setup_teardown.py
[2024-04-21T13:53:48.050+0000] {processor.py:840} INFO - DAG(s) 'example_setup_teardown' retrieved from /home/airflow/.local/lib/python3.12/site-packages/airflow/example_dags/example_setup_teardown.py
[2024-04-21T13:53:48.083+0000] {logging_mixin.py:188} INFO - [2024-04-21T13:53:48.083+0000] {dag.py:3096} INFO - Sync 1 DAGs
[2024-04-21T13:53:48.122+0000] {logging_mixin.py:188} INFO - [2024-04-21T13:53:48.122+0000] {dag.py:3954} INFO - Setting next_dagrun for example_setup_teardown to 2024-04-20 00:00:00+00:00, run_after=2024-04-21 00:00:00+00:00
[2024-04-21T13:53:48.153+0000] {processor.py:183} INFO - Processing /home/airflow/.local/lib/python3.12/site-packages/airflow/example_dags/example_setup_teardown.py took 0.124 seconds
[2024-04-21T13:54:19.024+0000] {processor.py:161} INFO - Started process (PID=174) to work on /home/airflow/.local/lib/python3.12/site-packages/airflow/example_dags/example_setup_teardown.py
[2024-04-21T13:54:19.025+0000] {processor.py:830} INFO - Processing file /home/airflow/.local/lib/python3.12/site-packages/airflow/example_dags/example_setup_teardown.py for tasks to queue
[2024-04-21T13:54:19.030+0000] {logging_mixin.py:188} INFO - [2024-04-21T13:54:19.027+0000] {dagbag.py:540} INFO - Filling up the DagBag from /home/airflow/.local/lib/python3.12/site-packages/airflow/example_dags/example_setup_teardown.py
[2024-04-21T13:54:19.045+0000] {processor.py:840} INFO - DAG(s) 'example_setup_teardown' retrieved from /home/airflow/.local/lib/python3.12/site-packages/airflow/example_dags/example_setup_teardown.py
[2024-04-21T13:54:19.161+0000] {logging_mixin.py:188} INFO - [2024-04-21T13:54:19.161+0000] {dag.py:3096} INFO - Sync 1 DAGs
[2024-04-21T13:54:19.300+0000] {logging_mixin.py:188} INFO - [2024-04-21T13:54:19.299+0000] {dag.py:3954} INFO - Setting next_dagrun for example_setup_teardown to 2024-04-20 00:00:00+00:00, run_after=2024-04-21 00:00:00+00:00
[2024-04-21T13:54:19.475+0000] {processor.py:183} INFO - Processing /home/airflow/.local/lib/python3.12/site-packages/airflow/example_dags/example_setup_teardown.py took 0.465 seconds
[2024-04-21T13:54:49.651+0000] {processor.py:161} INFO - Started process (PID=236) to work on /home/airflow/.local/lib/python3.12/site-packages/airflow/example_dags/example_setup_teardown.py
[2024-04-21T13:54:49.652+0000] {processor.py:830} INFO - Processing file /home/airflow/.local/lib/python3.12/site-packages/airflow/example_dags/example_setup_teardown.py for tasks to queue
[2024-04-21T13:54:49.653+0000] {logging_mixin.py:188} INFO - [2024-04-21T13:54:49.653+0000] {dagbag.py:540} INFO - Filling up the DagBag from /home/airflow/.local/lib/python3.12/site-packages/airflow/example_dags/example_setup_teardown.py
[2024-04-21T13:54:49.659+0000] {processor.py:840} INFO - DAG(s) 'example_setup_teardown' retrieved from /home/airflow/.local/lib/python3.12/site-packages/airflow/example_dags/example_setup_teardown.py
[2024-04-21T13:54:49.682+0000] {logging_mixin.py:188} INFO - [2024-04-21T13:54:49.681+0000] {dag.py:3096} INFO - Sync 1 DAGs
[2024-04-21T13:54:49.709+0000] {logging_mixin.py:188} INFO - [2024-04-21T13:54:49.709+0000] {dag.py:3954} INFO - Setting next_dagrun for example_setup_teardown to 2024-04-20 00:00:00+00:00, run_after=2024-04-21 00:00:00+00:00
[2024-04-21T13:54:49.729+0000] {processor.py:183} INFO - Processing /home/airflow/.local/lib/python3.12/site-packages/airflow/example_dags/example_setup_teardown.py took 0.083 seconds
[2024-04-21T13:55:20.116+0000] {processor.py:161} INFO - Started process (PID=297) to work on /home/airflow/.local/lib/python3.12/site-packages/airflow/example_dags/example_setup_teardown.py
[2024-04-21T13:55:20.116+0000] {processor.py:830} INFO - Processing file /home/airflow/.local/lib/python3.12/site-packages/airflow/example_dags/example_setup_teardown.py for tasks to queue
[2024-04-21T13:55:20.118+0000] {logging_mixin.py:188} INFO - [2024-04-21T13:55:20.118+0000] {dagbag.py:540} INFO - Filling up the DagBag from /home/airflow/.local/lib/python3.12/site-packages/airflow/example_dags/example_setup_teardown.py
[2024-04-21T13:55:20.139+0000] {processor.py:840} INFO - DAG(s) 'example_setup_teardown' retrieved from /home/airflow/.local/lib/python3.12/site-packages/airflow/example_dags/example_setup_teardown.py
[2024-04-21T13:55:20.173+0000] {logging_mixin.py:188} INFO - [2024-04-21T13:55:20.173+0000] {dag.py:3096} INFO - Sync 1 DAGs
[2024-04-21T13:55:20.212+0000] {logging_mixin.py:188} INFO - [2024-04-21T13:55:20.212+0000] {dag.py:3954} INFO - Setting next_dagrun for example_setup_teardown to 2024-04-20 00:00:00+00:00, run_after=2024-04-21 00:00:00+00:00
[2024-04-21T13:55:20.243+0000] {processor.py:183} INFO - Processing /home/airflow/.local/lib/python3.12/site-packages/airflow/example_dags/example_setup_teardown.py took 0.134 seconds
