[2024-04-21T13:53:16.552+0000] {processor.py:161} INFO - Started process (PID=52) to work on /home/airflow/.local/lib/python3.12/site-packages/airflow/example_dags/example_sla_dag.py
[2024-04-21T13:53:16.553+0000] {processor.py:830} INFO - Processing file /home/airflow/.local/lib/python3.12/site-packages/airflow/example_dags/example_sla_dag.py for tasks to queue
[2024-04-21T13:53:16.555+0000] {logging_mixin.py:188} INFO - [2024-04-21T13:53:16.555+0000] {dagbag.py:540} INFO - Filling up the DagBag from /home/airflow/.local/lib/python3.12/site-packages/airflow/example_dags/example_sla_dag.py
[2024-04-21T13:53:16.737+0000] {processor.py:840} INFO - DAG(s) 'example_sla_dag' retrieved from /home/airflow/.local/lib/python3.12/site-packages/airflow/example_dags/example_sla_dag.py
[2024-04-21T13:53:17.321+0000] {logging_mixin.py:188} INFO - [2024-04-21T13:53:17.320+0000] {override.py:1829} INFO - Created Permission View: can edit on DAG:example_sla_dag
[2024-04-21T13:53:17.348+0000] {logging_mixin.py:188} INFO - [2024-04-21T13:53:17.348+0000] {override.py:1829} INFO - Created Permission View: can read on DAG:example_sla_dag
[2024-04-21T13:53:17.392+0000] {logging_mixin.py:188} INFO - [2024-04-21T13:53:17.391+0000] {override.py:1829} INFO - Created Permission View: can delete on DAG:example_sla_dag
[2024-04-21T13:53:17.393+0000] {logging_mixin.py:188} INFO - [2024-04-21T13:53:17.392+0000] {dag.py:3096} INFO - Sync 1 DAGs
[2024-04-21T13:53:17.453+0000] {logging_mixin.py:188} INFO - [2024-04-21T13:53:17.452+0000] {dag.py:3118} INFO - Creating ORM DAG for example_sla_dag
[2024-04-21T13:53:17.490+0000] {logging_mixin.py:188} INFO - [2024-04-21T13:53:17.489+0000] {dag.py:3954} INFO - Setting next_dagrun for example_sla_dag to 2024-04-21 13:50:00+00:00, run_after=2024-04-21 13:52:00+00:00
[2024-04-21T13:53:17.554+0000] {processor.py:183} INFO - Processing /home/airflow/.local/lib/python3.12/site-packages/airflow/example_dags/example_sla_dag.py took 1.076 seconds
[2024-04-21T13:53:48.045+0000] {processor.py:161} INFO - Started process (PID=114) to work on /home/airflow/.local/lib/python3.12/site-packages/airflow/example_dags/example_sla_dag.py
[2024-04-21T13:53:48.046+0000] {processor.py:830} INFO - Processing file /home/airflow/.local/lib/python3.12/site-packages/airflow/example_dags/example_sla_dag.py for tasks to queue
[2024-04-21T13:53:48.048+0000] {logging_mixin.py:188} INFO - [2024-04-21T13:53:48.048+0000] {dagbag.py:540} INFO - Filling up the DagBag from /home/airflow/.local/lib/python3.12/site-packages/airflow/example_dags/example_sla_dag.py
[2024-04-21T13:53:48.060+0000] {processor.py:840} INFO - DAG(s) 'example_sla_dag' retrieved from /home/airflow/.local/lib/python3.12/site-packages/airflow/example_dags/example_sla_dag.py
[2024-04-21T13:53:48.085+0000] {logging_mixin.py:188} INFO - [2024-04-21T13:53:48.085+0000] {dag.py:3096} INFO - Sync 1 DAGs
[2024-04-21T13:53:48.118+0000] {logging_mixin.py:188} INFO - [2024-04-21T13:53:48.118+0000] {dag.py:3954} INFO - Setting next_dagrun for example_sla_dag to 2024-04-21 13:50:00+00:00, run_after=2024-04-21 13:52:00+00:00
[2024-04-21T13:53:48.146+0000] {processor.py:183} INFO - Processing /home/airflow/.local/lib/python3.12/site-packages/airflow/example_dags/example_sla_dag.py took 0.113 seconds
[2024-04-21T13:54:19.116+0000] {processor.py:161} INFO - Started process (PID=175) to work on /home/airflow/.local/lib/python3.12/site-packages/airflow/example_dags/example_sla_dag.py
[2024-04-21T13:54:19.121+0000] {processor.py:830} INFO - Processing file /home/airflow/.local/lib/python3.12/site-packages/airflow/example_dags/example_sla_dag.py for tasks to queue
[2024-04-21T13:54:19.168+0000] {logging_mixin.py:188} INFO - [2024-04-21T13:54:19.167+0000] {dagbag.py:540} INFO - Filling up the DagBag from /home/airflow/.local/lib/python3.12/site-packages/airflow/example_dags/example_sla_dag.py
[2024-04-21T13:54:19.184+0000] {processor.py:840} INFO - DAG(s) 'example_sla_dag' retrieved from /home/airflow/.local/lib/python3.12/site-packages/airflow/example_dags/example_sla_dag.py
[2024-04-21T13:54:19.206+0000] {logging_mixin.py:188} INFO - [2024-04-21T13:54:19.206+0000] {dag.py:3096} INFO - Sync 1 DAGs
[2024-04-21T13:54:19.286+0000] {logging_mixin.py:188} INFO - [2024-04-21T13:54:19.286+0000] {dag.py:3954} INFO - Setting next_dagrun for example_sla_dag to 2024-04-21 13:52:00+00:00, run_after=2024-04-21 13:54:00+00:00
[2024-04-21T13:54:19.406+0000] {processor.py:183} INFO - Processing /home/airflow/.local/lib/python3.12/site-packages/airflow/example_dags/example_sla_dag.py took 0.345 seconds
[2024-04-21T13:54:49.558+0000] {processor.py:161} INFO - Started process (PID=235) to work on /home/airflow/.local/lib/python3.12/site-packages/airflow/example_dags/example_sla_dag.py
[2024-04-21T13:54:49.559+0000] {processor.py:830} INFO - Processing file /home/airflow/.local/lib/python3.12/site-packages/airflow/example_dags/example_sla_dag.py for tasks to queue
[2024-04-21T13:54:49.561+0000] {logging_mixin.py:188} INFO - [2024-04-21T13:54:49.560+0000] {dagbag.py:540} INFO - Filling up the DagBag from /home/airflow/.local/lib/python3.12/site-packages/airflow/example_dags/example_sla_dag.py
[2024-04-21T13:54:49.568+0000] {processor.py:840} INFO - DAG(s) 'example_sla_dag' retrieved from /home/airflow/.local/lib/python3.12/site-packages/airflow/example_dags/example_sla_dag.py
[2024-04-21T13:54:49.584+0000] {logging_mixin.py:188} INFO - [2024-04-21T13:54:49.583+0000] {dag.py:3096} INFO - Sync 1 DAGs
[2024-04-21T13:54:49.607+0000] {logging_mixin.py:188} INFO - [2024-04-21T13:54:49.606+0000] {dag.py:3954} INFO - Setting next_dagrun for example_sla_dag to 2024-04-21 13:52:00+00:00, run_after=2024-04-21 13:54:00+00:00
[2024-04-21T13:54:49.626+0000] {processor.py:183} INFO - Processing /home/airflow/.local/lib/python3.12/site-packages/airflow/example_dags/example_sla_dag.py took 0.073 seconds
[2024-04-21T13:55:20.132+0000] {processor.py:161} INFO - Started process (PID=298) to work on /home/airflow/.local/lib/python3.12/site-packages/airflow/example_dags/example_sla_dag.py
[2024-04-21T13:55:20.133+0000] {processor.py:830} INFO - Processing file /home/airflow/.local/lib/python3.12/site-packages/airflow/example_dags/example_sla_dag.py for tasks to queue
[2024-04-21T13:55:20.136+0000] {logging_mixin.py:188} INFO - [2024-04-21T13:55:20.135+0000] {dagbag.py:540} INFO - Filling up the DagBag from /home/airflow/.local/lib/python3.12/site-packages/airflow/example_dags/example_sla_dag.py
[2024-04-21T13:55:20.146+0000] {processor.py:840} INFO - DAG(s) 'example_sla_dag' retrieved from /home/airflow/.local/lib/python3.12/site-packages/airflow/example_dags/example_sla_dag.py
[2024-04-21T13:55:20.206+0000] {logging_mixin.py:188} INFO - [2024-04-21T13:55:20.206+0000] {dag.py:3096} INFO - Sync 1 DAGs
[2024-04-21T13:55:20.239+0000] {logging_mixin.py:188} INFO - [2024-04-21T13:55:20.238+0000] {dag.py:3954} INFO - Setting next_dagrun for example_sla_dag to 2024-04-21 13:52:00+00:00, run_after=2024-04-21 13:54:00+00:00
[2024-04-21T13:55:20.266+0000] {processor.py:183} INFO - Processing /home/airflow/.local/lib/python3.12/site-packages/airflow/example_dags/example_sla_dag.py took 0.142 seconds
