[2024-04-21T13:53:29.599+0000] {processor.py:161} INFO - Started process (PID=76) to work on /home/airflow/.local/lib/python3.12/site-packages/airflow/example_dags/example_short_circuit_operator.py
[2024-04-21T13:53:29.599+0000] {processor.py:830} INFO - Processing file /home/airflow/.local/lib/python3.12/site-packages/airflow/example_dags/example_short_circuit_operator.py for tasks to queue
[2024-04-21T13:53:29.601+0000] {logging_mixin.py:188} INFO - [2024-04-21T13:53:29.601+0000] {dagbag.py:540} INFO - Filling up the DagBag from /home/airflow/.local/lib/python3.12/site-packages/airflow/example_dags/example_short_circuit_operator.py
[2024-04-21T13:53:29.612+0000] {processor.py:840} INFO - DAG(s) 'example_short_circuit_operator' retrieved from /home/airflow/.local/lib/python3.12/site-packages/airflow/example_dags/example_short_circuit_operator.py
[2024-04-21T13:53:29.867+0000] {logging_mixin.py:188} INFO - [2024-04-21T13:53:29.866+0000] {override.py:1829} INFO - Created Permission View: can edit on DAG:example_short_circuit_operator
[2024-04-21T13:53:29.891+0000] {logging_mixin.py:188} INFO - [2024-04-21T13:53:29.891+0000] {override.py:1829} INFO - Created Permission View: can read on DAG:example_short_circuit_operator
[2024-04-21T13:53:29.914+0000] {logging_mixin.py:188} INFO - [2024-04-21T13:53:29.914+0000] {override.py:1829} INFO - Created Permission View: can delete on DAG:example_short_circuit_operator
[2024-04-21T13:53:29.915+0000] {logging_mixin.py:188} INFO - [2024-04-21T13:53:29.914+0000] {dag.py:3096} INFO - Sync 1 DAGs
[2024-04-21T13:53:29.930+0000] {logging_mixin.py:188} INFO - [2024-04-21T13:53:29.930+0000] {dag.py:3118} INFO - Creating ORM DAG for example_short_circuit_operator
[2024-04-21T13:53:29.967+0000] {logging_mixin.py:188} INFO - [2024-04-21T13:53:29.967+0000] {dag.py:3954} INFO - Setting next_dagrun for example_short_circuit_operator to 2024-04-20 00:00:00+00:00, run_after=2024-04-21 00:00:00+00:00
[2024-04-21T13:53:30.004+0000] {processor.py:183} INFO - Processing /home/airflow/.local/lib/python3.12/site-packages/airflow/example_dags/example_short_circuit_operator.py took 0.412 seconds
[2024-04-21T13:54:00.987+0000] {processor.py:161} INFO - Started process (PID=138) to work on /home/airflow/.local/lib/python3.12/site-packages/airflow/example_dags/example_short_circuit_operator.py
[2024-04-21T13:54:01.036+0000] {processor.py:830} INFO - Processing file /home/airflow/.local/lib/python3.12/site-packages/airflow/example_dags/example_short_circuit_operator.py for tasks to queue
[2024-04-21T13:54:01.087+0000] {logging_mixin.py:188} INFO - [2024-04-21T13:54:01.086+0000] {dagbag.py:540} INFO - Filling up the DagBag from /home/airflow/.local/lib/python3.12/site-packages/airflow/example_dags/example_short_circuit_operator.py
[2024-04-21T13:54:01.200+0000] {processor.py:840} INFO - DAG(s) 'example_short_circuit_operator' retrieved from /home/airflow/.local/lib/python3.12/site-packages/airflow/example_dags/example_short_circuit_operator.py
[2024-04-21T13:54:01.500+0000] {logging_mixin.py:188} INFO - [2024-04-21T13:54:01.492+0000] {dag.py:3096} INFO - Sync 1 DAGs
[2024-04-21T13:54:01.761+0000] {logging_mixin.py:188} INFO - [2024-04-21T13:54:01.760+0000] {dag.py:3954} INFO - Setting next_dagrun for example_short_circuit_operator to 2024-04-20 00:00:00+00:00, run_after=2024-04-21 00:00:00+00:00
[2024-04-21T13:54:01.923+0000] {processor.py:183} INFO - Processing /home/airflow/.local/lib/python3.12/site-packages/airflow/example_dags/example_short_circuit_operator.py took 0.964 seconds
[2024-04-21T13:54:32.525+0000] {processor.py:161} INFO - Started process (PID=199) to work on /home/airflow/.local/lib/python3.12/site-packages/airflow/example_dags/example_short_circuit_operator.py
[2024-04-21T13:54:32.533+0000] {processor.py:830} INFO - Processing file /home/airflow/.local/lib/python3.12/site-packages/airflow/example_dags/example_short_circuit_operator.py for tasks to queue
[2024-04-21T13:54:32.546+0000] {logging_mixin.py:188} INFO - [2024-04-21T13:54:32.546+0000] {dagbag.py:540} INFO - Filling up the DagBag from /home/airflow/.local/lib/python3.12/site-packages/airflow/example_dags/example_short_circuit_operator.py
[2024-04-21T13:54:32.559+0000] {processor.py:840} INFO - DAG(s) 'example_short_circuit_operator' retrieved from /home/airflow/.local/lib/python3.12/site-packages/airflow/example_dags/example_short_circuit_operator.py
[2024-04-21T13:54:32.662+0000] {logging_mixin.py:188} INFO - [2024-04-21T13:54:32.661+0000] {dag.py:3096} INFO - Sync 1 DAGs
[2024-04-21T13:54:32.865+0000] {logging_mixin.py:188} INFO - [2024-04-21T13:54:32.865+0000] {dag.py:3954} INFO - Setting next_dagrun for example_short_circuit_operator to 2024-04-20 00:00:00+00:00, run_after=2024-04-21 00:00:00+00:00
[2024-04-21T13:54:32.996+0000] {processor.py:183} INFO - Processing /home/airflow/.local/lib/python3.12/site-packages/airflow/example_dags/example_short_circuit_operator.py took 0.502 seconds
[2024-04-21T13:55:03.315+0000] {processor.py:161} INFO - Started process (PID=259) to work on /home/airflow/.local/lib/python3.12/site-packages/airflow/example_dags/example_short_circuit_operator.py
[2024-04-21T13:55:03.315+0000] {processor.py:830} INFO - Processing file /home/airflow/.local/lib/python3.12/site-packages/airflow/example_dags/example_short_circuit_operator.py for tasks to queue
[2024-04-21T13:55:03.317+0000] {logging_mixin.py:188} INFO - [2024-04-21T13:55:03.317+0000] {dagbag.py:540} INFO - Filling up the DagBag from /home/airflow/.local/lib/python3.12/site-packages/airflow/example_dags/example_short_circuit_operator.py
[2024-04-21T13:55:03.323+0000] {processor.py:840} INFO - DAG(s) 'example_short_circuit_operator' retrieved from /home/airflow/.local/lib/python3.12/site-packages/airflow/example_dags/example_short_circuit_operator.py
[2024-04-21T13:55:03.343+0000] {logging_mixin.py:188} INFO - [2024-04-21T13:55:03.343+0000] {dag.py:3096} INFO - Sync 1 DAGs
[2024-04-21T13:55:03.368+0000] {logging_mixin.py:188} INFO - [2024-04-21T13:55:03.367+0000] {dag.py:3954} INFO - Setting next_dagrun for example_short_circuit_operator to 2024-04-20 00:00:00+00:00, run_after=2024-04-21 00:00:00+00:00
[2024-04-21T13:55:03.394+0000] {processor.py:183} INFO - Processing /home/airflow/.local/lib/python3.12/site-packages/airflow/example_dags/example_short_circuit_operator.py took 0.085 seconds
