[2024-04-21T14:34:39.852+0000] {processor.py:161} INFO - Started process (PID=65) to work on /home/airflow/.local/lib/python3.12/site-packages/airflow/example_dags/example_skip_dag.py
[2024-04-21T14:34:39.853+0000] {processor.py:830} INFO - Processing file /home/airflow/.local/lib/python3.12/site-packages/airflow/example_dags/example_skip_dag.py for tasks to queue
[2024-04-21T14:34:39.855+0000] {logging_mixin.py:188} INFO - [2024-04-21T14:34:39.855+0000] {dagbag.py:540} INFO - Filling up the DagBag from /home/airflow/.local/lib/python3.12/site-packages/airflow/example_dags/example_skip_dag.py
[2024-04-21T14:34:39.866+0000] {processor.py:840} INFO - DAG(s) 'example_skip_dag' retrieved from /home/airflow/.local/lib/python3.12/site-packages/airflow/example_dags/example_skip_dag.py
[2024-04-21T14:34:40.522+0000] {logging_mixin.py:188} INFO - [2024-04-21T14:34:40.521+0000] {dag.py:3096} INFO - Sync 1 DAGs
[2024-04-21T14:34:40.605+0000] {logging_mixin.py:188} INFO - [2024-04-21T14:34:40.604+0000] {dag.py:3954} INFO - Setting next_dagrun for example_skip_dag to 2024-04-20 00:00:00+00:00, run_after=2024-04-21 00:00:00+00:00
[2024-04-21T14:34:40.697+0000] {processor.py:183} INFO - Processing /home/airflow/.local/lib/python3.12/site-packages/airflow/example_dags/example_skip_dag.py took 0.858 seconds
[2024-04-21T14:35:11.427+0000] {processor.py:161} INFO - Started process (PID=126) to work on /home/airflow/.local/lib/python3.12/site-packages/airflow/example_dags/example_skip_dag.py
[2024-04-21T14:35:11.429+0000] {processor.py:830} INFO - Processing file /home/airflow/.local/lib/python3.12/site-packages/airflow/example_dags/example_skip_dag.py for tasks to queue
[2024-04-21T14:35:11.432+0000] {logging_mixin.py:188} INFO - [2024-04-21T14:35:11.431+0000] {dagbag.py:540} INFO - Filling up the DagBag from /home/airflow/.local/lib/python3.12/site-packages/airflow/example_dags/example_skip_dag.py
[2024-04-21T14:35:11.441+0000] {processor.py:840} INFO - DAG(s) 'example_skip_dag' retrieved from /home/airflow/.local/lib/python3.12/site-packages/airflow/example_dags/example_skip_dag.py
[2024-04-21T14:35:11.471+0000] {logging_mixin.py:188} INFO - [2024-04-21T14:35:11.471+0000] {dag.py:3096} INFO - Sync 1 DAGs
[2024-04-21T14:35:11.499+0000] {logging_mixin.py:188} INFO - [2024-04-21T14:35:11.498+0000] {dag.py:3954} INFO - Setting next_dagrun for example_skip_dag to 2024-04-20 00:00:00+00:00, run_after=2024-04-21 00:00:00+00:00
[2024-04-21T14:35:11.530+0000] {processor.py:183} INFO - Processing /home/airflow/.local/lib/python3.12/site-packages/airflow/example_dags/example_skip_dag.py took 0.109 seconds
[2024-04-21T14:35:42.157+0000] {processor.py:161} INFO - Started process (PID=188) to work on /home/airflow/.local/lib/python3.12/site-packages/airflow/example_dags/example_skip_dag.py
[2024-04-21T14:35:42.159+0000] {processor.py:830} INFO - Processing file /home/airflow/.local/lib/python3.12/site-packages/airflow/example_dags/example_skip_dag.py for tasks to queue
[2024-04-21T14:35:42.168+0000] {logging_mixin.py:188} INFO - [2024-04-21T14:35:42.164+0000] {dagbag.py:540} INFO - Filling up the DagBag from /home/airflow/.local/lib/python3.12/site-packages/airflow/example_dags/example_skip_dag.py
[2024-04-21T14:35:42.177+0000] {processor.py:840} INFO - DAG(s) 'example_skip_dag' retrieved from /home/airflow/.local/lib/python3.12/site-packages/airflow/example_dags/example_skip_dag.py
[2024-04-21T14:35:42.204+0000] {logging_mixin.py:188} INFO - [2024-04-21T14:35:42.204+0000] {dag.py:3096} INFO - Sync 1 DAGs
[2024-04-21T14:35:42.243+0000] {logging_mixin.py:188} INFO - [2024-04-21T14:35:42.242+0000] {dag.py:3954} INFO - Setting next_dagrun for example_skip_dag to 2024-04-20 00:00:00+00:00, run_after=2024-04-21 00:00:00+00:00
[2024-04-21T14:35:42.273+0000] {processor.py:183} INFO - Processing /home/airflow/.local/lib/python3.12/site-packages/airflow/example_dags/example_skip_dag.py took 0.123 seconds
[2024-04-21T14:36:12.620+0000] {processor.py:161} INFO - Started process (PID=248) to work on /home/airflow/.local/lib/python3.12/site-packages/airflow/example_dags/example_skip_dag.py
[2024-04-21T14:36:12.629+0000] {processor.py:830} INFO - Processing file /home/airflow/.local/lib/python3.12/site-packages/airflow/example_dags/example_skip_dag.py for tasks to queue
[2024-04-21T14:36:12.638+0000] {logging_mixin.py:188} INFO - [2024-04-21T14:36:12.638+0000] {dagbag.py:540} INFO - Filling up the DagBag from /home/airflow/.local/lib/python3.12/site-packages/airflow/example_dags/example_skip_dag.py
[2024-04-21T14:36:12.657+0000] {processor.py:840} INFO - DAG(s) 'example_skip_dag' retrieved from /home/airflow/.local/lib/python3.12/site-packages/airflow/example_dags/example_skip_dag.py
[2024-04-21T14:36:12.711+0000] {logging_mixin.py:188} INFO - [2024-04-21T14:36:12.710+0000] {dag.py:3096} INFO - Sync 1 DAGs
[2024-04-21T14:36:12.864+0000] {logging_mixin.py:188} INFO - [2024-04-21T14:36:12.863+0000] {dag.py:3954} INFO - Setting next_dagrun for example_skip_dag to 2024-04-20 00:00:00+00:00, run_after=2024-04-21 00:00:00+00:00
[2024-04-21T14:36:12.933+0000] {processor.py:183} INFO - Processing /home/airflow/.local/lib/python3.12/site-packages/airflow/example_dags/example_skip_dag.py took 0.334 seconds
[2024-04-21T14:36:43.061+0000] {processor.py:161} INFO - Started process (PID=309) to work on /home/airflow/.local/lib/python3.12/site-packages/airflow/example_dags/example_skip_dag.py
[2024-04-21T14:36:43.063+0000] {processor.py:830} INFO - Processing file /home/airflow/.local/lib/python3.12/site-packages/airflow/example_dags/example_skip_dag.py for tasks to queue
[2024-04-21T14:36:43.067+0000] {logging_mixin.py:188} INFO - [2024-04-21T14:36:43.066+0000] {dagbag.py:540} INFO - Filling up the DagBag from /home/airflow/.local/lib/python3.12/site-packages/airflow/example_dags/example_skip_dag.py
[2024-04-21T14:36:43.075+0000] {processor.py:840} INFO - DAG(s) 'example_skip_dag' retrieved from /home/airflow/.local/lib/python3.12/site-packages/airflow/example_dags/example_skip_dag.py
[2024-04-21T14:36:43.109+0000] {logging_mixin.py:188} INFO - [2024-04-21T14:36:43.109+0000] {dag.py:3096} INFO - Sync 1 DAGs
[2024-04-21T14:36:43.142+0000] {logging_mixin.py:188} INFO - [2024-04-21T14:36:43.141+0000] {dag.py:3954} INFO - Setting next_dagrun for example_skip_dag to 2024-04-20 00:00:00+00:00, run_after=2024-04-21 00:00:00+00:00
[2024-04-21T14:36:43.168+0000] {processor.py:183} INFO - Processing /home/airflow/.local/lib/python3.12/site-packages/airflow/example_dags/example_skip_dag.py took 0.113 seconds
[2024-04-21T14:37:13.637+0000] {processor.py:161} INFO - Started process (PID=370) to work on /home/airflow/.local/lib/python3.12/site-packages/airflow/example_dags/example_skip_dag.py
[2024-04-21T14:37:13.644+0000] {processor.py:830} INFO - Processing file /home/airflow/.local/lib/python3.12/site-packages/airflow/example_dags/example_skip_dag.py for tasks to queue
[2024-04-21T14:37:13.647+0000] {logging_mixin.py:188} INFO - [2024-04-21T14:37:13.647+0000] {dagbag.py:540} INFO - Filling up the DagBag from /home/airflow/.local/lib/python3.12/site-packages/airflow/example_dags/example_skip_dag.py
[2024-04-21T14:37:13.658+0000] {processor.py:840} INFO - DAG(s) 'example_skip_dag' retrieved from /home/airflow/.local/lib/python3.12/site-packages/airflow/example_dags/example_skip_dag.py
[2024-04-21T14:37:13.699+0000] {logging_mixin.py:188} INFO - [2024-04-21T14:37:13.699+0000] {dag.py:3096} INFO - Sync 1 DAGs
[2024-04-21T14:37:13.747+0000] {logging_mixin.py:188} INFO - [2024-04-21T14:37:13.747+0000] {dag.py:3954} INFO - Setting next_dagrun for example_skip_dag to 2024-04-20 00:00:00+00:00, run_after=2024-04-21 00:00:00+00:00
[2024-04-21T14:37:13.789+0000] {processor.py:183} INFO - Processing /home/airflow/.local/lib/python3.12/site-packages/airflow/example_dags/example_skip_dag.py took 0.162 seconds
[2024-04-21T14:37:44.067+0000] {processor.py:161} INFO - Started process (PID=431) to work on /home/airflow/.local/lib/python3.12/site-packages/airflow/example_dags/example_skip_dag.py
[2024-04-21T14:37:44.072+0000] {processor.py:830} INFO - Processing file /home/airflow/.local/lib/python3.12/site-packages/airflow/example_dags/example_skip_dag.py for tasks to queue
[2024-04-21T14:37:44.074+0000] {logging_mixin.py:188} INFO - [2024-04-21T14:37:44.074+0000] {dagbag.py:540} INFO - Filling up the DagBag from /home/airflow/.local/lib/python3.12/site-packages/airflow/example_dags/example_skip_dag.py
[2024-04-21T14:37:44.105+0000] {processor.py:840} INFO - DAG(s) 'example_skip_dag' retrieved from /home/airflow/.local/lib/python3.12/site-packages/airflow/example_dags/example_skip_dag.py
[2024-04-21T14:37:44.225+0000] {logging_mixin.py:188} INFO - [2024-04-21T14:37:44.224+0000] {dag.py:3096} INFO - Sync 1 DAGs
[2024-04-21T14:37:44.363+0000] {logging_mixin.py:188} INFO - [2024-04-21T14:37:44.363+0000] {dag.py:3954} INFO - Setting next_dagrun for example_skip_dag to 2024-04-20 00:00:00+00:00, run_after=2024-04-21 00:00:00+00:00
[2024-04-21T14:37:44.401+0000] {processor.py:183} INFO - Processing /home/airflow/.local/lib/python3.12/site-packages/airflow/example_dags/example_skip_dag.py took 0.352 seconds
[2024-04-21T14:38:14.687+0000] {processor.py:161} INFO - Started process (PID=492) to work on /home/airflow/.local/lib/python3.12/site-packages/airflow/example_dags/example_skip_dag.py
[2024-04-21T14:38:14.688+0000] {processor.py:830} INFO - Processing file /home/airflow/.local/lib/python3.12/site-packages/airflow/example_dags/example_skip_dag.py for tasks to queue
[2024-04-21T14:38:14.690+0000] {logging_mixin.py:188} INFO - [2024-04-21T14:38:14.689+0000] {dagbag.py:540} INFO - Filling up the DagBag from /home/airflow/.local/lib/python3.12/site-packages/airflow/example_dags/example_skip_dag.py
[2024-04-21T14:38:14.698+0000] {processor.py:840} INFO - DAG(s) 'example_skip_dag' retrieved from /home/airflow/.local/lib/python3.12/site-packages/airflow/example_dags/example_skip_dag.py
[2024-04-21T14:38:14.727+0000] {logging_mixin.py:188} INFO - [2024-04-21T14:38:14.726+0000] {dag.py:3096} INFO - Sync 1 DAGs
[2024-04-21T14:38:14.756+0000] {logging_mixin.py:188} INFO - [2024-04-21T14:38:14.756+0000] {dag.py:3954} INFO - Setting next_dagrun for example_skip_dag to 2024-04-20 00:00:00+00:00, run_after=2024-04-21 00:00:00+00:00
[2024-04-21T14:38:14.782+0000] {processor.py:183} INFO - Processing /home/airflow/.local/lib/python3.12/site-packages/airflow/example_dags/example_skip_dag.py took 0.101 seconds
[2024-04-21T14:38:44.885+0000] {processor.py:161} INFO - Started process (PID=553) to work on /home/airflow/.local/lib/python3.12/site-packages/airflow/example_dags/example_skip_dag.py
[2024-04-21T14:38:44.887+0000] {processor.py:830} INFO - Processing file /home/airflow/.local/lib/python3.12/site-packages/airflow/example_dags/example_skip_dag.py for tasks to queue
[2024-04-21T14:38:44.894+0000] {logging_mixin.py:188} INFO - [2024-04-21T14:38:44.894+0000] {dagbag.py:540} INFO - Filling up the DagBag from /home/airflow/.local/lib/python3.12/site-packages/airflow/example_dags/example_skip_dag.py
[2024-04-21T14:38:44.905+0000] {processor.py:840} INFO - DAG(s) 'example_skip_dag' retrieved from /home/airflow/.local/lib/python3.12/site-packages/airflow/example_dags/example_skip_dag.py
[2024-04-21T14:38:44.976+0000] {logging_mixin.py:188} INFO - [2024-04-21T14:38:44.975+0000] {dag.py:3096} INFO - Sync 1 DAGs
[2024-04-21T14:38:45.050+0000] {logging_mixin.py:188} INFO - [2024-04-21T14:38:45.049+0000] {dag.py:3954} INFO - Setting next_dagrun for example_skip_dag to 2024-04-20 00:00:00+00:00, run_after=2024-04-21 00:00:00+00:00
[2024-04-21T14:38:45.085+0000] {processor.py:183} INFO - Processing /home/airflow/.local/lib/python3.12/site-packages/airflow/example_dags/example_skip_dag.py took 0.209 seconds
[2024-04-21T14:39:15.548+0000] {processor.py:161} INFO - Started process (PID=614) to work on /home/airflow/.local/lib/python3.12/site-packages/airflow/example_dags/example_skip_dag.py
[2024-04-21T14:39:15.550+0000] {processor.py:830} INFO - Processing file /home/airflow/.local/lib/python3.12/site-packages/airflow/example_dags/example_skip_dag.py for tasks to queue
[2024-04-21T14:39:15.554+0000] {logging_mixin.py:188} INFO - [2024-04-21T14:39:15.554+0000] {dagbag.py:540} INFO - Filling up the DagBag from /home/airflow/.local/lib/python3.12/site-packages/airflow/example_dags/example_skip_dag.py
[2024-04-21T14:39:15.563+0000] {processor.py:840} INFO - DAG(s) 'example_skip_dag' retrieved from /home/airflow/.local/lib/python3.12/site-packages/airflow/example_dags/example_skip_dag.py
[2024-04-21T14:39:15.591+0000] {logging_mixin.py:188} INFO - [2024-04-21T14:39:15.590+0000] {dag.py:3096} INFO - Sync 1 DAGs
[2024-04-21T14:39:15.624+0000] {logging_mixin.py:188} INFO - [2024-04-21T14:39:15.624+0000] {dag.py:3954} INFO - Setting next_dagrun for example_skip_dag to 2024-04-20 00:00:00+00:00, run_after=2024-04-21 00:00:00+00:00
[2024-04-21T14:39:15.650+0000] {processor.py:183} INFO - Processing /home/airflow/.local/lib/python3.12/site-packages/airflow/example_dags/example_skip_dag.py took 0.109 seconds
[2024-04-21T14:39:45.794+0000] {processor.py:161} INFO - Started process (PID=675) to work on /home/airflow/.local/lib/python3.12/site-packages/airflow/example_dags/example_skip_dag.py
[2024-04-21T14:39:45.796+0000] {processor.py:830} INFO - Processing file /home/airflow/.local/lib/python3.12/site-packages/airflow/example_dags/example_skip_dag.py for tasks to queue
[2024-04-21T14:39:45.800+0000] {logging_mixin.py:188} INFO - [2024-04-21T14:39:45.799+0000] {dagbag.py:540} INFO - Filling up the DagBag from /home/airflow/.local/lib/python3.12/site-packages/airflow/example_dags/example_skip_dag.py
[2024-04-21T14:39:45.814+0000] {processor.py:840} INFO - DAG(s) 'example_skip_dag' retrieved from /home/airflow/.local/lib/python3.12/site-packages/airflow/example_dags/example_skip_dag.py
[2024-04-21T14:39:45.848+0000] {logging_mixin.py:188} INFO - [2024-04-21T14:39:45.848+0000] {dag.py:3096} INFO - Sync 1 DAGs
[2024-04-21T14:39:45.879+0000] {logging_mixin.py:188} INFO - [2024-04-21T14:39:45.878+0000] {dag.py:3954} INFO - Setting next_dagrun for example_skip_dag to 2024-04-20 00:00:00+00:00, run_after=2024-04-21 00:00:00+00:00
[2024-04-21T14:39:45.927+0000] {processor.py:183} INFO - Processing /home/airflow/.local/lib/python3.12/site-packages/airflow/example_dags/example_skip_dag.py took 0.144 seconds
[2024-04-21T14:40:16.062+0000] {processor.py:161} INFO - Started process (PID=736) to work on /home/airflow/.local/lib/python3.12/site-packages/airflow/example_dags/example_skip_dag.py
[2024-04-21T14:40:16.063+0000] {processor.py:830} INFO - Processing file /home/airflow/.local/lib/python3.12/site-packages/airflow/example_dags/example_skip_dag.py for tasks to queue
[2024-04-21T14:40:16.065+0000] {logging_mixin.py:188} INFO - [2024-04-21T14:40:16.065+0000] {dagbag.py:540} INFO - Filling up the DagBag from /home/airflow/.local/lib/python3.12/site-packages/airflow/example_dags/example_skip_dag.py
[2024-04-21T14:40:16.071+0000] {processor.py:840} INFO - DAG(s) 'example_skip_dag' retrieved from /home/airflow/.local/lib/python3.12/site-packages/airflow/example_dags/example_skip_dag.py
[2024-04-21T14:40:16.090+0000] {logging_mixin.py:188} INFO - [2024-04-21T14:40:16.090+0000] {dag.py:3096} INFO - Sync 1 DAGs
[2024-04-21T14:40:16.110+0000] {logging_mixin.py:188} INFO - [2024-04-21T14:40:16.110+0000] {dag.py:3954} INFO - Setting next_dagrun for example_skip_dag to 2024-04-20 00:00:00+00:00, run_after=2024-04-21 00:00:00+00:00
[2024-04-21T14:40:16.132+0000] {processor.py:183} INFO - Processing /home/airflow/.local/lib/python3.12/site-packages/airflow/example_dags/example_skip_dag.py took 0.075 seconds
[2024-04-21T14:40:46.815+0000] {processor.py:161} INFO - Started process (PID=797) to work on /home/airflow/.local/lib/python3.12/site-packages/airflow/example_dags/example_skip_dag.py
[2024-04-21T14:40:46.816+0000] {processor.py:830} INFO - Processing file /home/airflow/.local/lib/python3.12/site-packages/airflow/example_dags/example_skip_dag.py for tasks to queue
[2024-04-21T14:40:46.818+0000] {logging_mixin.py:188} INFO - [2024-04-21T14:40:46.818+0000] {dagbag.py:540} INFO - Filling up the DagBag from /home/airflow/.local/lib/python3.12/site-packages/airflow/example_dags/example_skip_dag.py
[2024-04-21T14:40:46.826+0000] {processor.py:840} INFO - DAG(s) 'example_skip_dag' retrieved from /home/airflow/.local/lib/python3.12/site-packages/airflow/example_dags/example_skip_dag.py
[2024-04-21T14:40:46.853+0000] {logging_mixin.py:188} INFO - [2024-04-21T14:40:46.852+0000] {dag.py:3096} INFO - Sync 1 DAGs
[2024-04-21T14:40:46.882+0000] {logging_mixin.py:188} INFO - [2024-04-21T14:40:46.882+0000] {dag.py:3954} INFO - Setting next_dagrun for example_skip_dag to 2024-04-20 00:00:00+00:00, run_after=2024-04-21 00:00:00+00:00
[2024-04-21T14:40:46.906+0000] {processor.py:183} INFO - Processing /home/airflow/.local/lib/python3.12/site-packages/airflow/example_dags/example_skip_dag.py took 0.097 seconds
[2024-04-21T14:41:17.210+0000] {processor.py:161} INFO - Started process (PID=858) to work on /home/airflow/.local/lib/python3.12/site-packages/airflow/example_dags/example_skip_dag.py
[2024-04-21T14:41:17.220+0000] {processor.py:830} INFO - Processing file /home/airflow/.local/lib/python3.12/site-packages/airflow/example_dags/example_skip_dag.py for tasks to queue
[2024-04-21T14:41:17.223+0000] {logging_mixin.py:188} INFO - [2024-04-21T14:41:17.223+0000] {dagbag.py:540} INFO - Filling up the DagBag from /home/airflow/.local/lib/python3.12/site-packages/airflow/example_dags/example_skip_dag.py
[2024-04-21T14:41:17.244+0000] {processor.py:840} INFO - DAG(s) 'example_skip_dag' retrieved from /home/airflow/.local/lib/python3.12/site-packages/airflow/example_dags/example_skip_dag.py
[2024-04-21T14:41:17.306+0000] {logging_mixin.py:188} INFO - [2024-04-21T14:41:17.306+0000] {dag.py:3096} INFO - Sync 1 DAGs
[2024-04-21T14:41:17.362+0000] {logging_mixin.py:188} INFO - [2024-04-21T14:41:17.361+0000] {dag.py:3954} INFO - Setting next_dagrun for example_skip_dag to 2024-04-20 00:00:00+00:00, run_after=2024-04-21 00:00:00+00:00
[2024-04-21T14:41:17.389+0000] {processor.py:183} INFO - Processing /home/airflow/.local/lib/python3.12/site-packages/airflow/example_dags/example_skip_dag.py took 0.201 seconds
[2024-04-21T14:41:48.357+0000] {processor.py:161} INFO - Started process (PID=919) to work on /home/airflow/.local/lib/python3.12/site-packages/airflow/example_dags/example_skip_dag.py
[2024-04-21T14:41:48.359+0000] {processor.py:830} INFO - Processing file /home/airflow/.local/lib/python3.12/site-packages/airflow/example_dags/example_skip_dag.py for tasks to queue
[2024-04-21T14:41:48.361+0000] {logging_mixin.py:188} INFO - [2024-04-21T14:41:48.361+0000] {dagbag.py:540} INFO - Filling up the DagBag from /home/airflow/.local/lib/python3.12/site-packages/airflow/example_dags/example_skip_dag.py
[2024-04-21T14:41:48.374+0000] {processor.py:840} INFO - DAG(s) 'example_skip_dag' retrieved from /home/airflow/.local/lib/python3.12/site-packages/airflow/example_dags/example_skip_dag.py
[2024-04-21T14:41:48.431+0000] {logging_mixin.py:188} INFO - [2024-04-21T14:41:48.430+0000] {dag.py:3096} INFO - Sync 1 DAGs
[2024-04-21T14:41:48.488+0000] {logging_mixin.py:188} INFO - [2024-04-21T14:41:48.488+0000] {dag.py:3954} INFO - Setting next_dagrun for example_skip_dag to 2024-04-20 00:00:00+00:00, run_after=2024-04-21 00:00:00+00:00
[2024-04-21T14:41:48.532+0000] {processor.py:183} INFO - Processing /home/airflow/.local/lib/python3.12/site-packages/airflow/example_dags/example_skip_dag.py took 0.184 seconds
[2024-04-21T14:42:19.251+0000] {processor.py:161} INFO - Started process (PID=980) to work on /home/airflow/.local/lib/python3.12/site-packages/airflow/example_dags/example_skip_dag.py
[2024-04-21T14:42:19.252+0000] {processor.py:830} INFO - Processing file /home/airflow/.local/lib/python3.12/site-packages/airflow/example_dags/example_skip_dag.py for tasks to queue
[2024-04-21T14:42:19.254+0000] {logging_mixin.py:188} INFO - [2024-04-21T14:42:19.254+0000] {dagbag.py:540} INFO - Filling up the DagBag from /home/airflow/.local/lib/python3.12/site-packages/airflow/example_dags/example_skip_dag.py
[2024-04-21T14:42:19.263+0000] {processor.py:840} INFO - DAG(s) 'example_skip_dag' retrieved from /home/airflow/.local/lib/python3.12/site-packages/airflow/example_dags/example_skip_dag.py
[2024-04-21T14:42:19.291+0000] {logging_mixin.py:188} INFO - [2024-04-21T14:42:19.290+0000] {dag.py:3096} INFO - Sync 1 DAGs
[2024-04-21T14:42:19.320+0000] {logging_mixin.py:188} INFO - [2024-04-21T14:42:19.319+0000] {dag.py:3954} INFO - Setting next_dagrun for example_skip_dag to 2024-04-20 00:00:00+00:00, run_after=2024-04-21 00:00:00+00:00
[2024-04-21T14:42:19.345+0000] {processor.py:183} INFO - Processing /home/airflow/.local/lib/python3.12/site-packages/airflow/example_dags/example_skip_dag.py took 0.102 seconds
[2024-04-21T14:42:49.810+0000] {processor.py:161} INFO - Started process (PID=1041) to work on /home/airflow/.local/lib/python3.12/site-packages/airflow/example_dags/example_skip_dag.py
[2024-04-21T14:42:49.812+0000] {processor.py:830} INFO - Processing file /home/airflow/.local/lib/python3.12/site-packages/airflow/example_dags/example_skip_dag.py for tasks to queue
[2024-04-21T14:42:49.815+0000] {logging_mixin.py:188} INFO - [2024-04-21T14:42:49.814+0000] {dagbag.py:540} INFO - Filling up the DagBag from /home/airflow/.local/lib/python3.12/site-packages/airflow/example_dags/example_skip_dag.py
[2024-04-21T14:42:49.825+0000] {processor.py:840} INFO - DAG(s) 'example_skip_dag' retrieved from /home/airflow/.local/lib/python3.12/site-packages/airflow/example_dags/example_skip_dag.py
[2024-04-21T14:42:49.854+0000] {logging_mixin.py:188} INFO - [2024-04-21T14:42:49.854+0000] {dag.py:3096} INFO - Sync 1 DAGs
[2024-04-21T14:42:49.886+0000] {logging_mixin.py:188} INFO - [2024-04-21T14:42:49.885+0000] {dag.py:3954} INFO - Setting next_dagrun for example_skip_dag to 2024-04-20 00:00:00+00:00, run_after=2024-04-21 00:00:00+00:00
[2024-04-21T14:42:49.925+0000] {processor.py:183} INFO - Processing /home/airflow/.local/lib/python3.12/site-packages/airflow/example_dags/example_skip_dag.py took 0.121 seconds
[2024-04-21T14:43:20.059+0000] {processor.py:161} INFO - Started process (PID=1102) to work on /home/airflow/.local/lib/python3.12/site-packages/airflow/example_dags/example_skip_dag.py
[2024-04-21T14:43:20.061+0000] {processor.py:830} INFO - Processing file /home/airflow/.local/lib/python3.12/site-packages/airflow/example_dags/example_skip_dag.py for tasks to queue
[2024-04-21T14:43:20.064+0000] {logging_mixin.py:188} INFO - [2024-04-21T14:43:20.063+0000] {dagbag.py:540} INFO - Filling up the DagBag from /home/airflow/.local/lib/python3.12/site-packages/airflow/example_dags/example_skip_dag.py
[2024-04-21T14:43:20.072+0000] {processor.py:840} INFO - DAG(s) 'example_skip_dag' retrieved from /home/airflow/.local/lib/python3.12/site-packages/airflow/example_dags/example_skip_dag.py
[2024-04-21T14:43:20.099+0000] {logging_mixin.py:188} INFO - [2024-04-21T14:43:20.098+0000] {dag.py:3096} INFO - Sync 1 DAGs
[2024-04-21T14:43:20.127+0000] {logging_mixin.py:188} INFO - [2024-04-21T14:43:20.127+0000] {dag.py:3954} INFO - Setting next_dagrun for example_skip_dag to 2024-04-20 00:00:00+00:00, run_after=2024-04-21 00:00:00+00:00
[2024-04-21T14:43:20.166+0000] {processor.py:183} INFO - Processing /home/airflow/.local/lib/python3.12/site-packages/airflow/example_dags/example_skip_dag.py took 0.114 seconds
[2024-04-21T14:43:50.659+0000] {processor.py:161} INFO - Started process (PID=1163) to work on /home/airflow/.local/lib/python3.12/site-packages/airflow/example_dags/example_skip_dag.py
[2024-04-21T14:43:50.664+0000] {processor.py:830} INFO - Processing file /home/airflow/.local/lib/python3.12/site-packages/airflow/example_dags/example_skip_dag.py for tasks to queue
[2024-04-21T14:43:50.667+0000] {logging_mixin.py:188} INFO - [2024-04-21T14:43:50.667+0000] {dagbag.py:540} INFO - Filling up the DagBag from /home/airflow/.local/lib/python3.12/site-packages/airflow/example_dags/example_skip_dag.py
[2024-04-21T14:43:50.676+0000] {processor.py:840} INFO - DAG(s) 'example_skip_dag' retrieved from /home/airflow/.local/lib/python3.12/site-packages/airflow/example_dags/example_skip_dag.py
[2024-04-21T14:43:50.707+0000] {logging_mixin.py:188} INFO - [2024-04-21T14:43:50.706+0000] {dag.py:3096} INFO - Sync 1 DAGs
[2024-04-21T14:43:50.738+0000] {logging_mixin.py:188} INFO - [2024-04-21T14:43:50.737+0000] {dag.py:3954} INFO - Setting next_dagrun for example_skip_dag to 2024-04-20 00:00:00+00:00, run_after=2024-04-21 00:00:00+00:00
[2024-04-21T14:43:50.764+0000] {processor.py:183} INFO - Processing /home/airflow/.local/lib/python3.12/site-packages/airflow/example_dags/example_skip_dag.py took 0.113 seconds
[2024-04-21T14:44:21.098+0000] {processor.py:161} INFO - Started process (PID=1224) to work on /home/airflow/.local/lib/python3.12/site-packages/airflow/example_dags/example_skip_dag.py
[2024-04-21T14:44:21.099+0000] {processor.py:830} INFO - Processing file /home/airflow/.local/lib/python3.12/site-packages/airflow/example_dags/example_skip_dag.py for tasks to queue
[2024-04-21T14:44:21.102+0000] {logging_mixin.py:188} INFO - [2024-04-21T14:44:21.101+0000] {dagbag.py:540} INFO - Filling up the DagBag from /home/airflow/.local/lib/python3.12/site-packages/airflow/example_dags/example_skip_dag.py
[2024-04-21T14:44:21.111+0000] {processor.py:840} INFO - DAG(s) 'example_skip_dag' retrieved from /home/airflow/.local/lib/python3.12/site-packages/airflow/example_dags/example_skip_dag.py
[2024-04-21T14:44:21.161+0000] {logging_mixin.py:188} INFO - [2024-04-21T14:44:21.161+0000] {dag.py:3096} INFO - Sync 1 DAGs
[2024-04-21T14:44:21.192+0000] {logging_mixin.py:188} INFO - [2024-04-21T14:44:21.191+0000] {dag.py:3954} INFO - Setting next_dagrun for example_skip_dag to 2024-04-20 00:00:00+00:00, run_after=2024-04-21 00:00:00+00:00
[2024-04-21T14:44:21.218+0000] {processor.py:183} INFO - Processing /home/airflow/.local/lib/python3.12/site-packages/airflow/example_dags/example_skip_dag.py took 0.127 seconds
[2024-04-21T14:44:51.642+0000] {processor.py:161} INFO - Started process (PID=1285) to work on /home/airflow/.local/lib/python3.12/site-packages/airflow/example_dags/example_skip_dag.py
[2024-04-21T14:44:51.648+0000] {processor.py:830} INFO - Processing file /home/airflow/.local/lib/python3.12/site-packages/airflow/example_dags/example_skip_dag.py for tasks to queue
[2024-04-21T14:44:51.653+0000] {logging_mixin.py:188} INFO - [2024-04-21T14:44:51.652+0000] {dagbag.py:540} INFO - Filling up the DagBag from /home/airflow/.local/lib/python3.12/site-packages/airflow/example_dags/example_skip_dag.py
[2024-04-21T14:44:51.661+0000] {processor.py:840} INFO - DAG(s) 'example_skip_dag' retrieved from /home/airflow/.local/lib/python3.12/site-packages/airflow/example_dags/example_skip_dag.py
[2024-04-21T14:44:51.689+0000] {logging_mixin.py:188} INFO - [2024-04-21T14:44:51.688+0000] {dag.py:3096} INFO - Sync 1 DAGs
[2024-04-21T14:44:51.736+0000] {logging_mixin.py:188} INFO - [2024-04-21T14:44:51.736+0000] {dag.py:3954} INFO - Setting next_dagrun for example_skip_dag to 2024-04-20 00:00:00+00:00, run_after=2024-04-21 00:00:00+00:00
[2024-04-21T14:44:51.766+0000] {processor.py:183} INFO - Processing /home/airflow/.local/lib/python3.12/site-packages/airflow/example_dags/example_skip_dag.py took 0.135 seconds
[2024-04-21T14:45:22.225+0000] {processor.py:161} INFO - Started process (PID=1346) to work on /home/airflow/.local/lib/python3.12/site-packages/airflow/example_dags/example_skip_dag.py
[2024-04-21T14:45:22.226+0000] {processor.py:830} INFO - Processing file /home/airflow/.local/lib/python3.12/site-packages/airflow/example_dags/example_skip_dag.py for tasks to queue
[2024-04-21T14:45:22.228+0000] {logging_mixin.py:188} INFO - [2024-04-21T14:45:22.228+0000] {dagbag.py:540} INFO - Filling up the DagBag from /home/airflow/.local/lib/python3.12/site-packages/airflow/example_dags/example_skip_dag.py
[2024-04-21T14:45:22.236+0000] {processor.py:840} INFO - DAG(s) 'example_skip_dag' retrieved from /home/airflow/.local/lib/python3.12/site-packages/airflow/example_dags/example_skip_dag.py
[2024-04-21T14:45:22.265+0000] {logging_mixin.py:188} INFO - [2024-04-21T14:45:22.264+0000] {dag.py:3096} INFO - Sync 1 DAGs
[2024-04-21T14:45:22.299+0000] {logging_mixin.py:188} INFO - [2024-04-21T14:45:22.298+0000] {dag.py:3954} INFO - Setting next_dagrun for example_skip_dag to 2024-04-20 00:00:00+00:00, run_after=2024-04-21 00:00:00+00:00
[2024-04-21T14:45:22.330+0000] {processor.py:183} INFO - Processing /home/airflow/.local/lib/python3.12/site-packages/airflow/example_dags/example_skip_dag.py took 0.111 seconds
[2024-04-21T14:45:52.651+0000] {processor.py:161} INFO - Started process (PID=1407) to work on /home/airflow/.local/lib/python3.12/site-packages/airflow/example_dags/example_skip_dag.py
[2024-04-21T14:45:52.656+0000] {processor.py:830} INFO - Processing file /home/airflow/.local/lib/python3.12/site-packages/airflow/example_dags/example_skip_dag.py for tasks to queue
[2024-04-21T14:45:52.669+0000] {logging_mixin.py:188} INFO - [2024-04-21T14:45:52.668+0000] {dagbag.py:540} INFO - Filling up the DagBag from /home/airflow/.local/lib/python3.12/site-packages/airflow/example_dags/example_skip_dag.py
[2024-04-21T14:45:52.689+0000] {processor.py:840} INFO - DAG(s) 'example_skip_dag' retrieved from /home/airflow/.local/lib/python3.12/site-packages/airflow/example_dags/example_skip_dag.py
[2024-04-21T14:45:52.786+0000] {logging_mixin.py:188} INFO - [2024-04-21T14:45:52.785+0000] {dag.py:3096} INFO - Sync 1 DAGs
[2024-04-21T14:45:52.814+0000] {logging_mixin.py:188} INFO - [2024-04-21T14:45:52.813+0000] {dag.py:3954} INFO - Setting next_dagrun for example_skip_dag to 2024-04-20 00:00:00+00:00, run_after=2024-04-21 00:00:00+00:00
[2024-04-21T14:45:52.841+0000] {processor.py:183} INFO - Processing /home/airflow/.local/lib/python3.12/site-packages/airflow/example_dags/example_skip_dag.py took 0.219 seconds
[2024-04-21T14:46:23.300+0000] {processor.py:161} INFO - Started process (PID=1469) to work on /home/airflow/.local/lib/python3.12/site-packages/airflow/example_dags/example_skip_dag.py
[2024-04-21T14:46:23.302+0000] {processor.py:830} INFO - Processing file /home/airflow/.local/lib/python3.12/site-packages/airflow/example_dags/example_skip_dag.py for tasks to queue
[2024-04-21T14:46:23.304+0000] {logging_mixin.py:188} INFO - [2024-04-21T14:46:23.304+0000] {dagbag.py:540} INFO - Filling up the DagBag from /home/airflow/.local/lib/python3.12/site-packages/airflow/example_dags/example_skip_dag.py
[2024-04-21T14:46:23.313+0000] {processor.py:840} INFO - DAG(s) 'example_skip_dag' retrieved from /home/airflow/.local/lib/python3.12/site-packages/airflow/example_dags/example_skip_dag.py
[2024-04-21T14:46:23.340+0000] {logging_mixin.py:188} INFO - [2024-04-21T14:46:23.340+0000] {dag.py:3096} INFO - Sync 1 DAGs
[2024-04-21T14:46:23.371+0000] {logging_mixin.py:188} INFO - [2024-04-21T14:46:23.370+0000] {dag.py:3954} INFO - Setting next_dagrun for example_skip_dag to 2024-04-20 00:00:00+00:00, run_after=2024-04-21 00:00:00+00:00
[2024-04-21T14:46:23.398+0000] {processor.py:183} INFO - Processing /home/airflow/.local/lib/python3.12/site-packages/airflow/example_dags/example_skip_dag.py took 0.104 seconds
[2024-04-21T14:46:53.684+0000] {processor.py:161} INFO - Started process (PID=1530) to work on /home/airflow/.local/lib/python3.12/site-packages/airflow/example_dags/example_skip_dag.py
[2024-04-21T14:46:53.686+0000] {processor.py:830} INFO - Processing file /home/airflow/.local/lib/python3.12/site-packages/airflow/example_dags/example_skip_dag.py for tasks to queue
[2024-04-21T14:46:53.688+0000] {logging_mixin.py:188} INFO - [2024-04-21T14:46:53.688+0000] {dagbag.py:540} INFO - Filling up the DagBag from /home/airflow/.local/lib/python3.12/site-packages/airflow/example_dags/example_skip_dag.py
[2024-04-21T14:46:53.699+0000] {processor.py:840} INFO - DAG(s) 'example_skip_dag' retrieved from /home/airflow/.local/lib/python3.12/site-packages/airflow/example_dags/example_skip_dag.py
[2024-04-21T14:46:53.772+0000] {logging_mixin.py:188} INFO - [2024-04-21T14:46:53.771+0000] {dag.py:3096} INFO - Sync 1 DAGs
[2024-04-21T14:46:53.850+0000] {logging_mixin.py:188} INFO - [2024-04-21T14:46:53.850+0000] {dag.py:3954} INFO - Setting next_dagrun for example_skip_dag to 2024-04-20 00:00:00+00:00, run_after=2024-04-21 00:00:00+00:00
[2024-04-21T14:46:53.875+0000] {processor.py:183} INFO - Processing /home/airflow/.local/lib/python3.12/site-packages/airflow/example_dags/example_skip_dag.py took 0.198 seconds
[2024-04-21T14:47:24.655+0000] {processor.py:161} INFO - Started process (PID=1592) to work on /home/airflow/.local/lib/python3.12/site-packages/airflow/example_dags/example_skip_dag.py
[2024-04-21T14:47:24.658+0000] {processor.py:830} INFO - Processing file /home/airflow/.local/lib/python3.12/site-packages/airflow/example_dags/example_skip_dag.py for tasks to queue
[2024-04-21T14:47:24.661+0000] {logging_mixin.py:188} INFO - [2024-04-21T14:47:24.661+0000] {dagbag.py:540} INFO - Filling up the DagBag from /home/airflow/.local/lib/python3.12/site-packages/airflow/example_dags/example_skip_dag.py
[2024-04-21T14:47:24.669+0000] {processor.py:840} INFO - DAG(s) 'example_skip_dag' retrieved from /home/airflow/.local/lib/python3.12/site-packages/airflow/example_dags/example_skip_dag.py
[2024-04-21T14:47:24.696+0000] {logging_mixin.py:188} INFO - [2024-04-21T14:47:24.695+0000] {dag.py:3096} INFO - Sync 1 DAGs
[2024-04-21T14:47:24.727+0000] {logging_mixin.py:188} INFO - [2024-04-21T14:47:24.726+0000] {dag.py:3954} INFO - Setting next_dagrun for example_skip_dag to 2024-04-20 00:00:00+00:00, run_after=2024-04-21 00:00:00+00:00
[2024-04-21T14:47:24.760+0000] {processor.py:183} INFO - Processing /home/airflow/.local/lib/python3.12/site-packages/airflow/example_dags/example_skip_dag.py took 0.112 seconds
[2024-04-21T14:47:55.115+0000] {processor.py:161} INFO - Started process (PID=1653) to work on /home/airflow/.local/lib/python3.12/site-packages/airflow/example_dags/example_skip_dag.py
[2024-04-21T14:47:55.124+0000] {processor.py:830} INFO - Processing file /home/airflow/.local/lib/python3.12/site-packages/airflow/example_dags/example_skip_dag.py for tasks to queue
[2024-04-21T14:47:55.130+0000] {logging_mixin.py:188} INFO - [2024-04-21T14:47:55.130+0000] {dagbag.py:540} INFO - Filling up the DagBag from /home/airflow/.local/lib/python3.12/site-packages/airflow/example_dags/example_skip_dag.py
[2024-04-21T14:47:55.139+0000] {processor.py:840} INFO - DAG(s) 'example_skip_dag' retrieved from /home/airflow/.local/lib/python3.12/site-packages/airflow/example_dags/example_skip_dag.py
[2024-04-21T14:47:55.208+0000] {logging_mixin.py:188} INFO - [2024-04-21T14:47:55.208+0000] {dag.py:3096} INFO - Sync 1 DAGs
[2024-04-21T14:47:55.285+0000] {logging_mixin.py:188} INFO - [2024-04-21T14:47:55.285+0000] {dag.py:3954} INFO - Setting next_dagrun for example_skip_dag to 2024-04-20 00:00:00+00:00, run_after=2024-04-21 00:00:00+00:00
[2024-04-21T14:47:55.340+0000] {processor.py:183} INFO - Processing /home/airflow/.local/lib/python3.12/site-packages/airflow/example_dags/example_skip_dag.py took 0.232 seconds
[2024-04-21T14:48:25.631+0000] {processor.py:161} INFO - Started process (PID=1714) to work on /home/airflow/.local/lib/python3.12/site-packages/airflow/example_dags/example_skip_dag.py
[2024-04-21T14:48:25.633+0000] {processor.py:830} INFO - Processing file /home/airflow/.local/lib/python3.12/site-packages/airflow/example_dags/example_skip_dag.py for tasks to queue
[2024-04-21T14:48:25.635+0000] {logging_mixin.py:188} INFO - [2024-04-21T14:48:25.635+0000] {dagbag.py:540} INFO - Filling up the DagBag from /home/airflow/.local/lib/python3.12/site-packages/airflow/example_dags/example_skip_dag.py
[2024-04-21T14:48:25.644+0000] {processor.py:840} INFO - DAG(s) 'example_skip_dag' retrieved from /home/airflow/.local/lib/python3.12/site-packages/airflow/example_dags/example_skip_dag.py
[2024-04-21T14:48:25.675+0000] {logging_mixin.py:188} INFO - [2024-04-21T14:48:25.674+0000] {dag.py:3096} INFO - Sync 1 DAGs
[2024-04-21T14:48:25.726+0000] {logging_mixin.py:188} INFO - [2024-04-21T14:48:25.725+0000] {dag.py:3954} INFO - Setting next_dagrun for example_skip_dag to 2024-04-20 00:00:00+00:00, run_after=2024-04-21 00:00:00+00:00
[2024-04-21T14:48:25.760+0000] {processor.py:183} INFO - Processing /home/airflow/.local/lib/python3.12/site-packages/airflow/example_dags/example_skip_dag.py took 0.135 seconds
[2024-04-21T14:48:56.075+0000] {processor.py:161} INFO - Started process (PID=1775) to work on /home/airflow/.local/lib/python3.12/site-packages/airflow/example_dags/example_skip_dag.py
[2024-04-21T14:48:56.077+0000] {processor.py:830} INFO - Processing file /home/airflow/.local/lib/python3.12/site-packages/airflow/example_dags/example_skip_dag.py for tasks to queue
[2024-04-21T14:48:56.080+0000] {logging_mixin.py:188} INFO - [2024-04-21T14:48:56.080+0000] {dagbag.py:540} INFO - Filling up the DagBag from /home/airflow/.local/lib/python3.12/site-packages/airflow/example_dags/example_skip_dag.py
[2024-04-21T14:48:56.089+0000] {processor.py:840} INFO - DAG(s) 'example_skip_dag' retrieved from /home/airflow/.local/lib/python3.12/site-packages/airflow/example_dags/example_skip_dag.py
[2024-04-21T14:48:56.149+0000] {logging_mixin.py:188} INFO - [2024-04-21T14:48:56.149+0000] {dag.py:3096} INFO - Sync 1 DAGs
[2024-04-21T14:48:56.212+0000] {logging_mixin.py:188} INFO - [2024-04-21T14:48:56.211+0000] {dag.py:3954} INFO - Setting next_dagrun for example_skip_dag to 2024-04-20 00:00:00+00:00, run_after=2024-04-21 00:00:00+00:00
[2024-04-21T14:48:56.254+0000] {processor.py:183} INFO - Processing /home/airflow/.local/lib/python3.12/site-packages/airflow/example_dags/example_skip_dag.py took 0.189 seconds
[2024-04-21T14:49:26.913+0000] {processor.py:161} INFO - Started process (PID=1837) to work on /home/airflow/.local/lib/python3.12/site-packages/airflow/example_dags/example_skip_dag.py
[2024-04-21T14:49:26.914+0000] {processor.py:830} INFO - Processing file /home/airflow/.local/lib/python3.12/site-packages/airflow/example_dags/example_skip_dag.py for tasks to queue
[2024-04-21T14:49:26.916+0000] {logging_mixin.py:188} INFO - [2024-04-21T14:49:26.916+0000] {dagbag.py:540} INFO - Filling up the DagBag from /home/airflow/.local/lib/python3.12/site-packages/airflow/example_dags/example_skip_dag.py
[2024-04-21T14:49:26.924+0000] {processor.py:840} INFO - DAG(s) 'example_skip_dag' retrieved from /home/airflow/.local/lib/python3.12/site-packages/airflow/example_dags/example_skip_dag.py
[2024-04-21T14:49:26.960+0000] {logging_mixin.py:188} INFO - [2024-04-21T14:49:26.959+0000] {dag.py:3096} INFO - Sync 1 DAGs
[2024-04-21T14:49:26.988+0000] {logging_mixin.py:188} INFO - [2024-04-21T14:49:26.988+0000] {dag.py:3954} INFO - Setting next_dagrun for example_skip_dag to 2024-04-20 00:00:00+00:00, run_after=2024-04-21 00:00:00+00:00
[2024-04-21T14:49:27.015+0000] {processor.py:183} INFO - Processing /home/airflow/.local/lib/python3.12/site-packages/airflow/example_dags/example_skip_dag.py took 0.109 seconds
[2024-04-21T14:49:57.535+0000] {processor.py:161} INFO - Started process (PID=1899) to work on /home/airflow/.local/lib/python3.12/site-packages/airflow/example_dags/example_skip_dag.py
[2024-04-21T14:49:57.537+0000] {processor.py:830} INFO - Processing file /home/airflow/.local/lib/python3.12/site-packages/airflow/example_dags/example_skip_dag.py for tasks to queue
[2024-04-21T14:49:57.539+0000] {logging_mixin.py:188} INFO - [2024-04-21T14:49:57.539+0000] {dagbag.py:540} INFO - Filling up the DagBag from /home/airflow/.local/lib/python3.12/site-packages/airflow/example_dags/example_skip_dag.py
[2024-04-21T14:49:57.547+0000] {processor.py:840} INFO - DAG(s) 'example_skip_dag' retrieved from /home/airflow/.local/lib/python3.12/site-packages/airflow/example_dags/example_skip_dag.py
[2024-04-21T14:49:57.577+0000] {logging_mixin.py:188} INFO - [2024-04-21T14:49:57.576+0000] {dag.py:3096} INFO - Sync 1 DAGs
[2024-04-21T14:49:57.604+0000] {logging_mixin.py:188} INFO - [2024-04-21T14:49:57.604+0000] {dag.py:3954} INFO - Setting next_dagrun for example_skip_dag to 2024-04-20 00:00:00+00:00, run_after=2024-04-21 00:00:00+00:00
[2024-04-21T14:49:57.629+0000] {processor.py:183} INFO - Processing /home/airflow/.local/lib/python3.12/site-packages/airflow/example_dags/example_skip_dag.py took 0.101 seconds
[2024-04-21T14:50:27.936+0000] {processor.py:161} INFO - Started process (PID=1961) to work on /home/airflow/.local/lib/python3.12/site-packages/airflow/example_dags/example_skip_dag.py
[2024-04-21T14:50:27.938+0000] {processor.py:830} INFO - Processing file /home/airflow/.local/lib/python3.12/site-packages/airflow/example_dags/example_skip_dag.py for tasks to queue
[2024-04-21T14:50:27.942+0000] {logging_mixin.py:188} INFO - [2024-04-21T14:50:27.941+0000] {dagbag.py:540} INFO - Filling up the DagBag from /home/airflow/.local/lib/python3.12/site-packages/airflow/example_dags/example_skip_dag.py
[2024-04-21T14:50:27.953+0000] {processor.py:840} INFO - DAG(s) 'example_skip_dag' retrieved from /home/airflow/.local/lib/python3.12/site-packages/airflow/example_dags/example_skip_dag.py
[2024-04-21T14:50:27.982+0000] {logging_mixin.py:188} INFO - [2024-04-21T14:50:27.981+0000] {dag.py:3096} INFO - Sync 1 DAGs
[2024-04-21T14:50:28.010+0000] {logging_mixin.py:188} INFO - [2024-04-21T14:50:28.010+0000] {dag.py:3954} INFO - Setting next_dagrun for example_skip_dag to 2024-04-20 00:00:00+00:00, run_after=2024-04-21 00:00:00+00:00
[2024-04-21T14:50:28.039+0000] {processor.py:183} INFO - Processing /home/airflow/.local/lib/python3.12/site-packages/airflow/example_dags/example_skip_dag.py took 0.111 seconds
[2024-04-21T14:50:58.353+0000] {processor.py:161} INFO - Started process (PID=2028) to work on /home/airflow/.local/lib/python3.12/site-packages/airflow/example_dags/example_skip_dag.py
[2024-04-21T14:50:58.354+0000] {processor.py:830} INFO - Processing file /home/airflow/.local/lib/python3.12/site-packages/airflow/example_dags/example_skip_dag.py for tasks to queue
[2024-04-21T14:50:58.358+0000] {logging_mixin.py:188} INFO - [2024-04-21T14:50:58.356+0000] {dagbag.py:540} INFO - Filling up the DagBag from /home/airflow/.local/lib/python3.12/site-packages/airflow/example_dags/example_skip_dag.py
[2024-04-21T14:50:58.413+0000] {processor.py:840} INFO - DAG(s) 'example_skip_dag' retrieved from /home/airflow/.local/lib/python3.12/site-packages/airflow/example_dags/example_skip_dag.py
[2024-04-21T14:50:58.517+0000] {logging_mixin.py:188} INFO - [2024-04-21T14:50:58.516+0000] {dag.py:3096} INFO - Sync 1 DAGs
[2024-04-21T14:50:58.547+0000] {logging_mixin.py:188} INFO - [2024-04-21T14:50:58.547+0000] {dag.py:3954} INFO - Setting next_dagrun for example_skip_dag to 2024-04-20 00:00:00+00:00, run_after=2024-04-21 00:00:00+00:00
[2024-04-21T14:50:58.576+0000] {processor.py:183} INFO - Processing /home/airflow/.local/lib/python3.12/site-packages/airflow/example_dags/example_skip_dag.py took 0.261 seconds
[2024-04-21T14:51:28.786+0000] {processor.py:161} INFO - Started process (PID=2090) to work on /home/airflow/.local/lib/python3.12/site-packages/airflow/example_dags/example_skip_dag.py
[2024-04-21T14:51:28.787+0000] {processor.py:830} INFO - Processing file /home/airflow/.local/lib/python3.12/site-packages/airflow/example_dags/example_skip_dag.py for tasks to queue
[2024-04-21T14:51:28.790+0000] {logging_mixin.py:188} INFO - [2024-04-21T14:51:28.789+0000] {dagbag.py:540} INFO - Filling up the DagBag from /home/airflow/.local/lib/python3.12/site-packages/airflow/example_dags/example_skip_dag.py
[2024-04-21T14:51:28.798+0000] {processor.py:840} INFO - DAG(s) 'example_skip_dag' retrieved from /home/airflow/.local/lib/python3.12/site-packages/airflow/example_dags/example_skip_dag.py
[2024-04-21T14:51:28.825+0000] {logging_mixin.py:188} INFO - [2024-04-21T14:51:28.825+0000] {dag.py:3096} INFO - Sync 1 DAGs
[2024-04-21T14:51:28.851+0000] {logging_mixin.py:188} INFO - [2024-04-21T14:51:28.851+0000] {dag.py:3954} INFO - Setting next_dagrun for example_skip_dag to 2024-04-20 00:00:00+00:00, run_after=2024-04-21 00:00:00+00:00
[2024-04-21T14:51:28.876+0000] {processor.py:183} INFO - Processing /home/airflow/.local/lib/python3.12/site-packages/airflow/example_dags/example_skip_dag.py took 0.098 seconds
[2024-04-21T14:51:59.364+0000] {processor.py:161} INFO - Started process (PID=2152) to work on /home/airflow/.local/lib/python3.12/site-packages/airflow/example_dags/example_skip_dag.py
[2024-04-21T14:51:59.366+0000] {processor.py:830} INFO - Processing file /home/airflow/.local/lib/python3.12/site-packages/airflow/example_dags/example_skip_dag.py for tasks to queue
[2024-04-21T14:51:59.369+0000] {logging_mixin.py:188} INFO - [2024-04-21T14:51:59.369+0000] {dagbag.py:540} INFO - Filling up the DagBag from /home/airflow/.local/lib/python3.12/site-packages/airflow/example_dags/example_skip_dag.py
[2024-04-21T14:51:59.379+0000] {processor.py:840} INFO - DAG(s) 'example_skip_dag' retrieved from /home/airflow/.local/lib/python3.12/site-packages/airflow/example_dags/example_skip_dag.py
[2024-04-21T14:51:59.407+0000] {logging_mixin.py:188} INFO - [2024-04-21T14:51:59.406+0000] {dag.py:3096} INFO - Sync 1 DAGs
[2024-04-21T14:51:59.445+0000] {logging_mixin.py:188} INFO - [2024-04-21T14:51:59.444+0000] {dag.py:3954} INFO - Setting next_dagrun for example_skip_dag to 2024-04-20 00:00:00+00:00, run_after=2024-04-21 00:00:00+00:00
[2024-04-21T14:51:59.470+0000] {processor.py:183} INFO - Processing /home/airflow/.local/lib/python3.12/site-packages/airflow/example_dags/example_skip_dag.py took 0.115 seconds
