[2024-04-21T14:34:32.286+0000] {processor.py:161} INFO - Started process (PID=52) to work on /home/airflow/.local/lib/python3.12/site-packages/airflow/example_dags/example_params_trigger_ui.py
[2024-04-21T14:34:32.287+0000] {processor.py:830} INFO - Processing file /home/airflow/.local/lib/python3.12/site-packages/airflow/example_dags/example_params_trigger_ui.py for tasks to queue
[2024-04-21T14:34:32.290+0000] {logging_mixin.py:188} INFO - [2024-04-21T14:34:32.290+0000] {dagbag.py:540} INFO - Filling up the DagBag from /home/airflow/.local/lib/python3.12/site-packages/airflow/example_dags/example_params_trigger_ui.py
[2024-04-21T14:34:32.319+0000] {processor.py:840} INFO - DAG(s) 'example_params_trigger_ui' retrieved from /home/airflow/.local/lib/python3.12/site-packages/airflow/example_dags/example_params_trigger_ui.py
[2024-04-21T14:34:32.643+0000] {logging_mixin.py:188} INFO - [2024-04-21T14:34:32.642+0000] {dag.py:3096} INFO - Sync 1 DAGs
[2024-04-21T14:34:32.674+0000] {logging_mixin.py:188} INFO - [2024-04-21T14:34:32.674+0000] {dag.py:3954} INFO - Setting next_dagrun for example_params_trigger_ui to None, run_after=None
[2024-04-21T14:34:32.716+0000] {processor.py:183} INFO - Processing /home/airflow/.local/lib/python3.12/site-packages/airflow/example_dags/example_params_trigger_ui.py took 0.437 seconds
[2024-04-21T14:35:03.588+0000] {processor.py:161} INFO - Started process (PID=113) to work on /home/airflow/.local/lib/python3.12/site-packages/airflow/example_dags/example_params_trigger_ui.py
[2024-04-21T14:35:03.589+0000] {processor.py:830} INFO - Processing file /home/airflow/.local/lib/python3.12/site-packages/airflow/example_dags/example_params_trigger_ui.py for tasks to queue
[2024-04-21T14:35:03.592+0000] {logging_mixin.py:188} INFO - [2024-04-21T14:35:03.591+0000] {dagbag.py:540} INFO - Filling up the DagBag from /home/airflow/.local/lib/python3.12/site-packages/airflow/example_dags/example_params_trigger_ui.py
[2024-04-21T14:35:03.604+0000] {processor.py:840} INFO - DAG(s) 'example_params_trigger_ui' retrieved from /home/airflow/.local/lib/python3.12/site-packages/airflow/example_dags/example_params_trigger_ui.py
[2024-04-21T14:35:03.649+0000] {logging_mixin.py:188} INFO - [2024-04-21T14:35:03.648+0000] {dag.py:3096} INFO - Sync 1 DAGs
[2024-04-21T14:35:03.660+0000] {logging_mixin.py:188} INFO - [2024-04-21T14:35:03.660+0000] {dag.py:3954} INFO - Setting next_dagrun for example_params_trigger_ui to None, run_after=None
[2024-04-21T14:35:03.684+0000] {processor.py:183} INFO - Processing /home/airflow/.local/lib/python3.12/site-packages/airflow/example_dags/example_params_trigger_ui.py took 0.102 seconds
[2024-04-21T14:35:34.197+0000] {processor.py:161} INFO - Started process (PID=175) to work on /home/airflow/.local/lib/python3.12/site-packages/airflow/example_dags/example_params_trigger_ui.py
[2024-04-21T14:35:34.199+0000] {processor.py:830} INFO - Processing file /home/airflow/.local/lib/python3.12/site-packages/airflow/example_dags/example_params_trigger_ui.py for tasks to queue
[2024-04-21T14:35:34.201+0000] {logging_mixin.py:188} INFO - [2024-04-21T14:35:34.200+0000] {dagbag.py:540} INFO - Filling up the DagBag from /home/airflow/.local/lib/python3.12/site-packages/airflow/example_dags/example_params_trigger_ui.py
[2024-04-21T14:35:34.212+0000] {processor.py:840} INFO - DAG(s) 'example_params_trigger_ui' retrieved from /home/airflow/.local/lib/python3.12/site-packages/airflow/example_dags/example_params_trigger_ui.py
[2024-04-21T14:35:34.258+0000] {logging_mixin.py:188} INFO - [2024-04-21T14:35:34.257+0000] {dag.py:3096} INFO - Sync 1 DAGs
[2024-04-21T14:35:34.270+0000] {logging_mixin.py:188} INFO - [2024-04-21T14:35:34.270+0000] {dag.py:3954} INFO - Setting next_dagrun for example_params_trigger_ui to None, run_after=None
[2024-04-21T14:35:34.293+0000] {processor.py:183} INFO - Processing /home/airflow/.local/lib/python3.12/site-packages/airflow/example_dags/example_params_trigger_ui.py took 0.100 seconds
[2024-04-21T14:36:04.317+0000] {processor.py:161} INFO - Started process (PID=235) to work on /home/airflow/.local/lib/python3.12/site-packages/airflow/example_dags/example_params_trigger_ui.py
[2024-04-21T14:36:04.318+0000] {processor.py:830} INFO - Processing file /home/airflow/.local/lib/python3.12/site-packages/airflow/example_dags/example_params_trigger_ui.py for tasks to queue
[2024-04-21T14:36:04.320+0000] {logging_mixin.py:188} INFO - [2024-04-21T14:36:04.319+0000] {dagbag.py:540} INFO - Filling up the DagBag from /home/airflow/.local/lib/python3.12/site-packages/airflow/example_dags/example_params_trigger_ui.py
[2024-04-21T14:36:04.332+0000] {processor.py:840} INFO - DAG(s) 'example_params_trigger_ui' retrieved from /home/airflow/.local/lib/python3.12/site-packages/airflow/example_dags/example_params_trigger_ui.py
[2024-04-21T14:36:04.378+0000] {logging_mixin.py:188} INFO - [2024-04-21T14:36:04.377+0000] {dag.py:3096} INFO - Sync 1 DAGs
[2024-04-21T14:36:04.392+0000] {logging_mixin.py:188} INFO - [2024-04-21T14:36:04.392+0000] {dag.py:3954} INFO - Setting next_dagrun for example_params_trigger_ui to None, run_after=None
[2024-04-21T14:36:04.415+0000] {processor.py:183} INFO - Processing /home/airflow/.local/lib/python3.12/site-packages/airflow/example_dags/example_params_trigger_ui.py took 0.103 seconds
[2024-04-21T14:36:35.170+0000] {processor.py:161} INFO - Started process (PID=296) to work on /home/airflow/.local/lib/python3.12/site-packages/airflow/example_dags/example_params_trigger_ui.py
[2024-04-21T14:36:35.172+0000] {processor.py:830} INFO - Processing file /home/airflow/.local/lib/python3.12/site-packages/airflow/example_dags/example_params_trigger_ui.py for tasks to queue
[2024-04-21T14:36:35.174+0000] {logging_mixin.py:188} INFO - [2024-04-21T14:36:35.173+0000] {dagbag.py:540} INFO - Filling up the DagBag from /home/airflow/.local/lib/python3.12/site-packages/airflow/example_dags/example_params_trigger_ui.py
[2024-04-21T14:36:35.185+0000] {processor.py:840} INFO - DAG(s) 'example_params_trigger_ui' retrieved from /home/airflow/.local/lib/python3.12/site-packages/airflow/example_dags/example_params_trigger_ui.py
[2024-04-21T14:36:35.227+0000] {logging_mixin.py:188} INFO - [2024-04-21T14:36:35.226+0000] {dag.py:3096} INFO - Sync 1 DAGs
[2024-04-21T14:36:35.238+0000] {logging_mixin.py:188} INFO - [2024-04-21T14:36:35.238+0000] {dag.py:3954} INFO - Setting next_dagrun for example_params_trigger_ui to None, run_after=None
[2024-04-21T14:36:35.258+0000] {processor.py:183} INFO - Processing /home/airflow/.local/lib/python3.12/site-packages/airflow/example_dags/example_params_trigger_ui.py took 0.093 seconds
[2024-04-21T14:37:05.790+0000] {processor.py:161} INFO - Started process (PID=357) to work on /home/airflow/.local/lib/python3.12/site-packages/airflow/example_dags/example_params_trigger_ui.py
[2024-04-21T14:37:05.791+0000] {processor.py:830} INFO - Processing file /home/airflow/.local/lib/python3.12/site-packages/airflow/example_dags/example_params_trigger_ui.py for tasks to queue
[2024-04-21T14:37:05.794+0000] {logging_mixin.py:188} INFO - [2024-04-21T14:37:05.793+0000] {dagbag.py:540} INFO - Filling up the DagBag from /home/airflow/.local/lib/python3.12/site-packages/airflow/example_dags/example_params_trigger_ui.py
[2024-04-21T14:37:05.815+0000] {processor.py:840} INFO - DAG(s) 'example_params_trigger_ui' retrieved from /home/airflow/.local/lib/python3.12/site-packages/airflow/example_dags/example_params_trigger_ui.py
[2024-04-21T14:37:05.890+0000] {logging_mixin.py:188} INFO - [2024-04-21T14:37:05.889+0000] {dag.py:3096} INFO - Sync 1 DAGs
[2024-04-21T14:37:05.913+0000] {logging_mixin.py:188} INFO - [2024-04-21T14:37:05.913+0000] {dag.py:3954} INFO - Setting next_dagrun for example_params_trigger_ui to None, run_after=None
[2024-04-21T14:37:05.999+0000] {processor.py:183} INFO - Processing /home/airflow/.local/lib/python3.12/site-packages/airflow/example_dags/example_params_trigger_ui.py took 0.219 seconds
[2024-04-21T14:37:36.259+0000] {processor.py:161} INFO - Started process (PID=418) to work on /home/airflow/.local/lib/python3.12/site-packages/airflow/example_dags/example_params_trigger_ui.py
[2024-04-21T14:37:36.260+0000] {processor.py:830} INFO - Processing file /home/airflow/.local/lib/python3.12/site-packages/airflow/example_dags/example_params_trigger_ui.py for tasks to queue
[2024-04-21T14:37:36.262+0000] {logging_mixin.py:188} INFO - [2024-04-21T14:37:36.262+0000] {dagbag.py:540} INFO - Filling up the DagBag from /home/airflow/.local/lib/python3.12/site-packages/airflow/example_dags/example_params_trigger_ui.py
[2024-04-21T14:37:36.277+0000] {processor.py:840} INFO - DAG(s) 'example_params_trigger_ui' retrieved from /home/airflow/.local/lib/python3.12/site-packages/airflow/example_dags/example_params_trigger_ui.py
[2024-04-21T14:37:36.318+0000] {logging_mixin.py:188} INFO - [2024-04-21T14:37:36.317+0000] {dag.py:3096} INFO - Sync 1 DAGs
[2024-04-21T14:37:36.330+0000] {logging_mixin.py:188} INFO - [2024-04-21T14:37:36.329+0000] {dag.py:3954} INFO - Setting next_dagrun for example_params_trigger_ui to None, run_after=None
[2024-04-21T14:37:36.350+0000] {processor.py:183} INFO - Processing /home/airflow/.local/lib/python3.12/site-packages/airflow/example_dags/example_params_trigger_ui.py took 0.099 seconds
[2024-04-21T14:38:06.422+0000] {processor.py:161} INFO - Started process (PID=479) to work on /home/airflow/.local/lib/python3.12/site-packages/airflow/example_dags/example_params_trigger_ui.py
[2024-04-21T14:38:06.424+0000] {processor.py:830} INFO - Processing file /home/airflow/.local/lib/python3.12/site-packages/airflow/example_dags/example_params_trigger_ui.py for tasks to queue
[2024-04-21T14:38:06.426+0000] {logging_mixin.py:188} INFO - [2024-04-21T14:38:06.426+0000] {dagbag.py:540} INFO - Filling up the DagBag from /home/airflow/.local/lib/python3.12/site-packages/airflow/example_dags/example_params_trigger_ui.py
[2024-04-21T14:38:06.443+0000] {processor.py:840} INFO - DAG(s) 'example_params_trigger_ui' retrieved from /home/airflow/.local/lib/python3.12/site-packages/airflow/example_dags/example_params_trigger_ui.py
[2024-04-21T14:38:06.509+0000] {logging_mixin.py:188} INFO - [2024-04-21T14:38:06.508+0000] {dag.py:3096} INFO - Sync 1 DAGs
[2024-04-21T14:38:06.527+0000] {logging_mixin.py:188} INFO - [2024-04-21T14:38:06.527+0000] {dag.py:3954} INFO - Setting next_dagrun for example_params_trigger_ui to None, run_after=None
[2024-04-21T14:38:06.553+0000] {processor.py:183} INFO - Processing /home/airflow/.local/lib/python3.12/site-packages/airflow/example_dags/example_params_trigger_ui.py took 0.138 seconds
[2024-04-21T14:38:36.781+0000] {processor.py:161} INFO - Started process (PID=540) to work on /home/airflow/.local/lib/python3.12/site-packages/airflow/example_dags/example_params_trigger_ui.py
[2024-04-21T14:38:36.783+0000] {processor.py:830} INFO - Processing file /home/airflow/.local/lib/python3.12/site-packages/airflow/example_dags/example_params_trigger_ui.py for tasks to queue
[2024-04-21T14:38:36.785+0000] {logging_mixin.py:188} INFO - [2024-04-21T14:38:36.785+0000] {dagbag.py:540} INFO - Filling up the DagBag from /home/airflow/.local/lib/python3.12/site-packages/airflow/example_dags/example_params_trigger_ui.py
[2024-04-21T14:38:36.802+0000] {processor.py:840} INFO - DAG(s) 'example_params_trigger_ui' retrieved from /home/airflow/.local/lib/python3.12/site-packages/airflow/example_dags/example_params_trigger_ui.py
[2024-04-21T14:38:36.873+0000] {logging_mixin.py:188} INFO - [2024-04-21T14:38:36.872+0000] {dag.py:3096} INFO - Sync 1 DAGs
[2024-04-21T14:38:36.890+0000] {logging_mixin.py:188} INFO - [2024-04-21T14:38:36.890+0000] {dag.py:3954} INFO - Setting next_dagrun for example_params_trigger_ui to None, run_after=None
[2024-04-21T14:38:36.916+0000] {processor.py:183} INFO - Processing /home/airflow/.local/lib/python3.12/site-packages/airflow/example_dags/example_params_trigger_ui.py took 0.142 seconds
[2024-04-21T14:39:07.726+0000] {processor.py:161} INFO - Started process (PID=601) to work on /home/airflow/.local/lib/python3.12/site-packages/airflow/example_dags/example_params_trigger_ui.py
[2024-04-21T14:39:07.727+0000] {processor.py:830} INFO - Processing file /home/airflow/.local/lib/python3.12/site-packages/airflow/example_dags/example_params_trigger_ui.py for tasks to queue
[2024-04-21T14:39:07.731+0000] {logging_mixin.py:188} INFO - [2024-04-21T14:39:07.729+0000] {dagbag.py:540} INFO - Filling up the DagBag from /home/airflow/.local/lib/python3.12/site-packages/airflow/example_dags/example_params_trigger_ui.py
[2024-04-21T14:39:07.748+0000] {processor.py:840} INFO - DAG(s) 'example_params_trigger_ui' retrieved from /home/airflow/.local/lib/python3.12/site-packages/airflow/example_dags/example_params_trigger_ui.py
[2024-04-21T14:39:07.844+0000] {logging_mixin.py:188} INFO - [2024-04-21T14:39:07.843+0000] {dag.py:3096} INFO - Sync 1 DAGs
[2024-04-21T14:39:07.860+0000] {logging_mixin.py:188} INFO - [2024-04-21T14:39:07.859+0000] {dag.py:3954} INFO - Setting next_dagrun for example_params_trigger_ui to None, run_after=None
[2024-04-21T14:39:07.886+0000] {processor.py:183} INFO - Processing /home/airflow/.local/lib/python3.12/site-packages/airflow/example_dags/example_params_trigger_ui.py took 0.166 seconds
[2024-04-21T14:39:39.258+0000] {processor.py:161} INFO - Started process (PID=662) to work on /home/airflow/.local/lib/python3.12/site-packages/airflow/example_dags/example_params_trigger_ui.py
[2024-04-21T14:39:39.263+0000] {processor.py:830} INFO - Processing file /home/airflow/.local/lib/python3.12/site-packages/airflow/example_dags/example_params_trigger_ui.py for tasks to queue
[2024-04-21T14:39:39.277+0000] {logging_mixin.py:188} INFO - [2024-04-21T14:39:39.276+0000] {dagbag.py:540} INFO - Filling up the DagBag from /home/airflow/.local/lib/python3.12/site-packages/airflow/example_dags/example_params_trigger_ui.py
[2024-04-21T14:39:39.303+0000] {processor.py:840} INFO - DAG(s) 'example_params_trigger_ui' retrieved from /home/airflow/.local/lib/python3.12/site-packages/airflow/example_dags/example_params_trigger_ui.py
[2024-04-21T14:39:39.394+0000] {logging_mixin.py:188} INFO - [2024-04-21T14:39:39.393+0000] {dag.py:3096} INFO - Sync 1 DAGs
[2024-04-21T14:39:39.411+0000] {logging_mixin.py:188} INFO - [2024-04-21T14:39:39.410+0000] {dag.py:3954} INFO - Setting next_dagrun for example_params_trigger_ui to None, run_after=None
[2024-04-21T14:39:39.436+0000] {processor.py:183} INFO - Processing /home/airflow/.local/lib/python3.12/site-packages/airflow/example_dags/example_params_trigger_ui.py took 0.190 seconds
[2024-04-21T14:40:10.696+0000] {processor.py:161} INFO - Started process (PID=723) to work on /home/airflow/.local/lib/python3.12/site-packages/airflow/example_dags/example_params_trigger_ui.py
[2024-04-21T14:40:10.709+0000] {processor.py:830} INFO - Processing file /home/airflow/.local/lib/python3.12/site-packages/airflow/example_dags/example_params_trigger_ui.py for tasks to queue
[2024-04-21T14:40:10.719+0000] {logging_mixin.py:188} INFO - [2024-04-21T14:40:10.719+0000] {dagbag.py:540} INFO - Filling up the DagBag from /home/airflow/.local/lib/python3.12/site-packages/airflow/example_dags/example_params_trigger_ui.py
[2024-04-21T14:40:10.806+0000] {processor.py:840} INFO - DAG(s) 'example_params_trigger_ui' retrieved from /home/airflow/.local/lib/python3.12/site-packages/airflow/example_dags/example_params_trigger_ui.py
[2024-04-21T14:40:11.194+0000] {logging_mixin.py:188} INFO - [2024-04-21T14:40:11.194+0000] {dag.py:3096} INFO - Sync 1 DAGs
[2024-04-21T14:40:11.282+0000] {logging_mixin.py:188} INFO - [2024-04-21T14:40:11.281+0000] {dag.py:3954} INFO - Setting next_dagrun for example_params_trigger_ui to None, run_after=None
[2024-04-21T14:40:11.441+0000] {processor.py:183} INFO - Processing /home/airflow/.local/lib/python3.12/site-packages/airflow/example_dags/example_params_trigger_ui.py took 0.771 seconds
[2024-04-21T14:40:41.784+0000] {processor.py:161} INFO - Started process (PID=784) to work on /home/airflow/.local/lib/python3.12/site-packages/airflow/example_dags/example_params_trigger_ui.py
[2024-04-21T14:40:41.786+0000] {processor.py:830} INFO - Processing file /home/airflow/.local/lib/python3.12/site-packages/airflow/example_dags/example_params_trigger_ui.py for tasks to queue
[2024-04-21T14:40:41.789+0000] {logging_mixin.py:188} INFO - [2024-04-21T14:40:41.788+0000] {dagbag.py:540} INFO - Filling up the DagBag from /home/airflow/.local/lib/python3.12/site-packages/airflow/example_dags/example_params_trigger_ui.py
[2024-04-21T14:40:41.838+0000] {processor.py:840} INFO - DAG(s) 'example_params_trigger_ui' retrieved from /home/airflow/.local/lib/python3.12/site-packages/airflow/example_dags/example_params_trigger_ui.py
[2024-04-21T14:40:41.988+0000] {logging_mixin.py:188} INFO - [2024-04-21T14:40:41.987+0000] {dag.py:3096} INFO - Sync 1 DAGs
[2024-04-21T14:40:42.030+0000] {logging_mixin.py:188} INFO - [2024-04-21T14:40:42.030+0000] {dag.py:3954} INFO - Setting next_dagrun for example_params_trigger_ui to None, run_after=None
[2024-04-21T14:40:42.085+0000] {processor.py:183} INFO - Processing /home/airflow/.local/lib/python3.12/site-packages/airflow/example_dags/example_params_trigger_ui.py took 0.314 seconds
[2024-04-21T14:41:12.727+0000] {processor.py:161} INFO - Started process (PID=845) to work on /home/airflow/.local/lib/python3.12/site-packages/airflow/example_dags/example_params_trigger_ui.py
[2024-04-21T14:41:12.730+0000] {processor.py:830} INFO - Processing file /home/airflow/.local/lib/python3.12/site-packages/airflow/example_dags/example_params_trigger_ui.py for tasks to queue
[2024-04-21T14:41:12.733+0000] {logging_mixin.py:188} INFO - [2024-04-21T14:41:12.732+0000] {dagbag.py:540} INFO - Filling up the DagBag from /home/airflow/.local/lib/python3.12/site-packages/airflow/example_dags/example_params_trigger_ui.py
[2024-04-21T14:41:12.750+0000] {processor.py:840} INFO - DAG(s) 'example_params_trigger_ui' retrieved from /home/airflow/.local/lib/python3.12/site-packages/airflow/example_dags/example_params_trigger_ui.py
[2024-04-21T14:41:12.818+0000] {logging_mixin.py:188} INFO - [2024-04-21T14:41:12.817+0000] {dag.py:3096} INFO - Sync 1 DAGs
[2024-04-21T14:41:12.836+0000] {logging_mixin.py:188} INFO - [2024-04-21T14:41:12.836+0000] {dag.py:3954} INFO - Setting next_dagrun for example_params_trigger_ui to None, run_after=None
[2024-04-21T14:41:12.862+0000] {processor.py:183} INFO - Processing /home/airflow/.local/lib/python3.12/site-packages/airflow/example_dags/example_params_trigger_ui.py took 0.142 seconds
[2024-04-21T14:41:42.943+0000] {processor.py:161} INFO - Started process (PID=905) to work on /home/airflow/.local/lib/python3.12/site-packages/airflow/example_dags/example_params_trigger_ui.py
[2024-04-21T14:41:42.944+0000] {processor.py:830} INFO - Processing file /home/airflow/.local/lib/python3.12/site-packages/airflow/example_dags/example_params_trigger_ui.py for tasks to queue
[2024-04-21T14:41:42.948+0000] {logging_mixin.py:188} INFO - [2024-04-21T14:41:42.948+0000] {dagbag.py:540} INFO - Filling up the DagBag from /home/airflow/.local/lib/python3.12/site-packages/airflow/example_dags/example_params_trigger_ui.py
[2024-04-21T14:41:42.967+0000] {processor.py:840} INFO - DAG(s) 'example_params_trigger_ui' retrieved from /home/airflow/.local/lib/python3.12/site-packages/airflow/example_dags/example_params_trigger_ui.py
[2024-04-21T14:41:43.030+0000] {logging_mixin.py:188} INFO - [2024-04-21T14:41:43.029+0000] {dag.py:3096} INFO - Sync 1 DAGs
[2024-04-21T14:41:43.047+0000] {logging_mixin.py:188} INFO - [2024-04-21T14:41:43.046+0000] {dag.py:3954} INFO - Setting next_dagrun for example_params_trigger_ui to None, run_after=None
[2024-04-21T14:41:43.076+0000] {processor.py:183} INFO - Processing /home/airflow/.local/lib/python3.12/site-packages/airflow/example_dags/example_params_trigger_ui.py took 0.140 seconds
[2024-04-21T14:42:13.158+0000] {processor.py:161} INFO - Started process (PID=966) to work on /home/airflow/.local/lib/python3.12/site-packages/airflow/example_dags/example_params_trigger_ui.py
[2024-04-21T14:42:13.160+0000] {processor.py:830} INFO - Processing file /home/airflow/.local/lib/python3.12/site-packages/airflow/example_dags/example_params_trigger_ui.py for tasks to queue
[2024-04-21T14:42:13.163+0000] {logging_mixin.py:188} INFO - [2024-04-21T14:42:13.162+0000] {dagbag.py:540} INFO - Filling up the DagBag from /home/airflow/.local/lib/python3.12/site-packages/airflow/example_dags/example_params_trigger_ui.py
[2024-04-21T14:42:13.180+0000] {processor.py:840} INFO - DAG(s) 'example_params_trigger_ui' retrieved from /home/airflow/.local/lib/python3.12/site-packages/airflow/example_dags/example_params_trigger_ui.py
[2024-04-21T14:42:13.240+0000] {logging_mixin.py:188} INFO - [2024-04-21T14:42:13.240+0000] {dag.py:3096} INFO - Sync 1 DAGs
[2024-04-21T14:42:13.257+0000] {logging_mixin.py:188} INFO - [2024-04-21T14:42:13.256+0000] {dag.py:3954} INFO - Setting next_dagrun for example_params_trigger_ui to None, run_after=None
[2024-04-21T14:42:13.285+0000] {processor.py:183} INFO - Processing /home/airflow/.local/lib/python3.12/site-packages/airflow/example_dags/example_params_trigger_ui.py took 0.134 seconds
[2024-04-21T14:42:43.544+0000] {processor.py:161} INFO - Started process (PID=1027) to work on /home/airflow/.local/lib/python3.12/site-packages/airflow/example_dags/example_params_trigger_ui.py
[2024-04-21T14:42:43.545+0000] {processor.py:830} INFO - Processing file /home/airflow/.local/lib/python3.12/site-packages/airflow/example_dags/example_params_trigger_ui.py for tasks to queue
[2024-04-21T14:42:43.547+0000] {logging_mixin.py:188} INFO - [2024-04-21T14:42:43.547+0000] {dagbag.py:540} INFO - Filling up the DagBag from /home/airflow/.local/lib/python3.12/site-packages/airflow/example_dags/example_params_trigger_ui.py
[2024-04-21T14:42:43.594+0000] {processor.py:840} INFO - DAG(s) 'example_params_trigger_ui' retrieved from /home/airflow/.local/lib/python3.12/site-packages/airflow/example_dags/example_params_trigger_ui.py
[2024-04-21T14:42:43.663+0000] {logging_mixin.py:188} INFO - [2024-04-21T14:42:43.662+0000] {dag.py:3096} INFO - Sync 1 DAGs
[2024-04-21T14:42:43.681+0000] {logging_mixin.py:188} INFO - [2024-04-21T14:42:43.680+0000] {dag.py:3954} INFO - Setting next_dagrun for example_params_trigger_ui to None, run_after=None
[2024-04-21T14:42:43.714+0000] {processor.py:183} INFO - Processing /home/airflow/.local/lib/python3.12/site-packages/airflow/example_dags/example_params_trigger_ui.py took 0.178 seconds
[2024-04-21T14:43:13.866+0000] {processor.py:161} INFO - Started process (PID=1088) to work on /home/airflow/.local/lib/python3.12/site-packages/airflow/example_dags/example_params_trigger_ui.py
[2024-04-21T14:43:13.869+0000] {processor.py:830} INFO - Processing file /home/airflow/.local/lib/python3.12/site-packages/airflow/example_dags/example_params_trigger_ui.py for tasks to queue
[2024-04-21T14:43:13.880+0000] {logging_mixin.py:188} INFO - [2024-04-21T14:43:13.880+0000] {dagbag.py:540} INFO - Filling up the DagBag from /home/airflow/.local/lib/python3.12/site-packages/airflow/example_dags/example_params_trigger_ui.py
[2024-04-21T14:43:13.898+0000] {processor.py:840} INFO - DAG(s) 'example_params_trigger_ui' retrieved from /home/airflow/.local/lib/python3.12/site-packages/airflow/example_dags/example_params_trigger_ui.py
[2024-04-21T14:43:13.967+0000] {logging_mixin.py:188} INFO - [2024-04-21T14:43:13.966+0000] {dag.py:3096} INFO - Sync 1 DAGs
[2024-04-21T14:43:13.984+0000] {logging_mixin.py:188} INFO - [2024-04-21T14:43:13.983+0000] {dag.py:3954} INFO - Setting next_dagrun for example_params_trigger_ui to None, run_after=None
[2024-04-21T14:43:14.012+0000] {processor.py:183} INFO - Processing /home/airflow/.local/lib/python3.12/site-packages/airflow/example_dags/example_params_trigger_ui.py took 0.153 seconds
[2024-04-21T14:43:44.493+0000] {processor.py:161} INFO - Started process (PID=1149) to work on /home/airflow/.local/lib/python3.12/site-packages/airflow/example_dags/example_params_trigger_ui.py
[2024-04-21T14:43:44.495+0000] {processor.py:830} INFO - Processing file /home/airflow/.local/lib/python3.12/site-packages/airflow/example_dags/example_params_trigger_ui.py for tasks to queue
[2024-04-21T14:43:44.497+0000] {logging_mixin.py:188} INFO - [2024-04-21T14:43:44.497+0000] {dagbag.py:540} INFO - Filling up the DagBag from /home/airflow/.local/lib/python3.12/site-packages/airflow/example_dags/example_params_trigger_ui.py
[2024-04-21T14:43:44.516+0000] {processor.py:840} INFO - DAG(s) 'example_params_trigger_ui' retrieved from /home/airflow/.local/lib/python3.12/site-packages/airflow/example_dags/example_params_trigger_ui.py
[2024-04-21T14:43:44.582+0000] {logging_mixin.py:188} INFO - [2024-04-21T14:43:44.581+0000] {dag.py:3096} INFO - Sync 1 DAGs
[2024-04-21T14:43:44.603+0000] {logging_mixin.py:188} INFO - [2024-04-21T14:43:44.602+0000] {dag.py:3954} INFO - Setting next_dagrun for example_params_trigger_ui to None, run_after=None
[2024-04-21T14:43:44.632+0000] {processor.py:183} INFO - Processing /home/airflow/.local/lib/python3.12/site-packages/airflow/example_dags/example_params_trigger_ui.py took 0.147 seconds
[2024-04-21T14:44:14.759+0000] {processor.py:161} INFO - Started process (PID=1210) to work on /home/airflow/.local/lib/python3.12/site-packages/airflow/example_dags/example_params_trigger_ui.py
[2024-04-21T14:44:14.760+0000] {processor.py:830} INFO - Processing file /home/airflow/.local/lib/python3.12/site-packages/airflow/example_dags/example_params_trigger_ui.py for tasks to queue
[2024-04-21T14:44:14.763+0000] {logging_mixin.py:188} INFO - [2024-04-21T14:44:14.762+0000] {dagbag.py:540} INFO - Filling up the DagBag from /home/airflow/.local/lib/python3.12/site-packages/airflow/example_dags/example_params_trigger_ui.py
[2024-04-21T14:44:14.800+0000] {processor.py:840} INFO - DAG(s) 'example_params_trigger_ui' retrieved from /home/airflow/.local/lib/python3.12/site-packages/airflow/example_dags/example_params_trigger_ui.py
[2024-04-21T14:44:14.929+0000] {logging_mixin.py:188} INFO - [2024-04-21T14:44:14.928+0000] {dag.py:3096} INFO - Sync 1 DAGs
[2024-04-21T14:44:14.971+0000] {logging_mixin.py:188} INFO - [2024-04-21T14:44:14.971+0000] {dag.py:3954} INFO - Setting next_dagrun for example_params_trigger_ui to None, run_after=None
[2024-04-21T14:44:15.028+0000] {processor.py:183} INFO - Processing /home/airflow/.local/lib/python3.12/site-packages/airflow/example_dags/example_params_trigger_ui.py took 0.276 seconds
[2024-04-21T14:44:45.436+0000] {processor.py:161} INFO - Started process (PID=1271) to work on /home/airflow/.local/lib/python3.12/site-packages/airflow/example_dags/example_params_trigger_ui.py
[2024-04-21T14:44:45.438+0000] {processor.py:830} INFO - Processing file /home/airflow/.local/lib/python3.12/site-packages/airflow/example_dags/example_params_trigger_ui.py for tasks to queue
[2024-04-21T14:44:45.441+0000] {logging_mixin.py:188} INFO - [2024-04-21T14:44:45.440+0000] {dagbag.py:540} INFO - Filling up the DagBag from /home/airflow/.local/lib/python3.12/site-packages/airflow/example_dags/example_params_trigger_ui.py
[2024-04-21T14:44:45.459+0000] {processor.py:840} INFO - DAG(s) 'example_params_trigger_ui' retrieved from /home/airflow/.local/lib/python3.12/site-packages/airflow/example_dags/example_params_trigger_ui.py
[2024-04-21T14:44:45.525+0000] {logging_mixin.py:188} INFO - [2024-04-21T14:44:45.524+0000] {dag.py:3096} INFO - Sync 1 DAGs
[2024-04-21T14:44:45.543+0000] {logging_mixin.py:188} INFO - [2024-04-21T14:44:45.543+0000] {dag.py:3954} INFO - Setting next_dagrun for example_params_trigger_ui to None, run_after=None
[2024-04-21T14:44:45.569+0000] {processor.py:183} INFO - Processing /home/airflow/.local/lib/python3.12/site-packages/airflow/example_dags/example_params_trigger_ui.py took 0.140 seconds
[2024-04-21T14:45:16.052+0000] {processor.py:161} INFO - Started process (PID=1332) to work on /home/airflow/.local/lib/python3.12/site-packages/airflow/example_dags/example_params_trigger_ui.py
[2024-04-21T14:45:16.054+0000] {processor.py:830} INFO - Processing file /home/airflow/.local/lib/python3.12/site-packages/airflow/example_dags/example_params_trigger_ui.py for tasks to queue
[2024-04-21T14:45:16.060+0000] {logging_mixin.py:188} INFO - [2024-04-21T14:45:16.060+0000] {dagbag.py:540} INFO - Filling up the DagBag from /home/airflow/.local/lib/python3.12/site-packages/airflow/example_dags/example_params_trigger_ui.py
[2024-04-21T14:45:16.082+0000] {processor.py:840} INFO - DAG(s) 'example_params_trigger_ui' retrieved from /home/airflow/.local/lib/python3.12/site-packages/airflow/example_dags/example_params_trigger_ui.py
[2024-04-21T14:45:16.144+0000] {logging_mixin.py:188} INFO - [2024-04-21T14:45:16.144+0000] {dag.py:3096} INFO - Sync 1 DAGs
[2024-04-21T14:45:16.165+0000] {logging_mixin.py:188} INFO - [2024-04-21T14:45:16.165+0000] {dag.py:3954} INFO - Setting next_dagrun for example_params_trigger_ui to None, run_after=None
[2024-04-21T14:45:16.195+0000] {processor.py:183} INFO - Processing /home/airflow/.local/lib/python3.12/site-packages/airflow/example_dags/example_params_trigger_ui.py took 0.151 seconds
[2024-04-21T14:45:46.452+0000] {processor.py:161} INFO - Started process (PID=1393) to work on /home/airflow/.local/lib/python3.12/site-packages/airflow/example_dags/example_params_trigger_ui.py
[2024-04-21T14:45:46.454+0000] {processor.py:830} INFO - Processing file /home/airflow/.local/lib/python3.12/site-packages/airflow/example_dags/example_params_trigger_ui.py for tasks to queue
[2024-04-21T14:45:46.457+0000] {logging_mixin.py:188} INFO - [2024-04-21T14:45:46.457+0000] {dagbag.py:540} INFO - Filling up the DagBag from /home/airflow/.local/lib/python3.12/site-packages/airflow/example_dags/example_params_trigger_ui.py
[2024-04-21T14:45:46.475+0000] {processor.py:840} INFO - DAG(s) 'example_params_trigger_ui' retrieved from /home/airflow/.local/lib/python3.12/site-packages/airflow/example_dags/example_params_trigger_ui.py
[2024-04-21T14:45:46.538+0000] {logging_mixin.py:188} INFO - [2024-04-21T14:45:46.537+0000] {dag.py:3096} INFO - Sync 1 DAGs
[2024-04-21T14:45:46.557+0000] {logging_mixin.py:188} INFO - [2024-04-21T14:45:46.556+0000] {dag.py:3954} INFO - Setting next_dagrun for example_params_trigger_ui to None, run_after=None
[2024-04-21T14:45:46.587+0000] {processor.py:183} INFO - Processing /home/airflow/.local/lib/python3.12/site-packages/airflow/example_dags/example_params_trigger_ui.py took 0.142 seconds
[2024-04-21T14:46:16.933+0000] {processor.py:161} INFO - Started process (PID=1453) to work on /home/airflow/.local/lib/python3.12/site-packages/airflow/example_dags/example_params_trigger_ui.py
[2024-04-21T14:46:16.934+0000] {processor.py:830} INFO - Processing file /home/airflow/.local/lib/python3.12/site-packages/airflow/example_dags/example_params_trigger_ui.py for tasks to queue
[2024-04-21T14:46:16.937+0000] {logging_mixin.py:188} INFO - [2024-04-21T14:46:16.937+0000] {dagbag.py:540} INFO - Filling up the DagBag from /home/airflow/.local/lib/python3.12/site-packages/airflow/example_dags/example_params_trigger_ui.py
[2024-04-21T14:46:16.958+0000] {processor.py:840} INFO - DAG(s) 'example_params_trigger_ui' retrieved from /home/airflow/.local/lib/python3.12/site-packages/airflow/example_dags/example_params_trigger_ui.py
[2024-04-21T14:46:17.133+0000] {logging_mixin.py:188} INFO - [2024-04-21T14:46:17.132+0000] {dag.py:3096} INFO - Sync 1 DAGs
[2024-04-21T14:46:17.186+0000] {logging_mixin.py:188} INFO - [2024-04-21T14:46:17.186+0000] {dag.py:3954} INFO - Setting next_dagrun for example_params_trigger_ui to None, run_after=None
[2024-04-21T14:46:17.240+0000] {processor.py:183} INFO - Processing /home/airflow/.local/lib/python3.12/site-packages/airflow/example_dags/example_params_trigger_ui.py took 0.315 seconds
[2024-04-21T14:46:47.831+0000] {processor.py:161} INFO - Started process (PID=1514) to work on /home/airflow/.local/lib/python3.12/site-packages/airflow/example_dags/example_params_trigger_ui.py
[2024-04-21T14:46:47.836+0000] {processor.py:830} INFO - Processing file /home/airflow/.local/lib/python3.12/site-packages/airflow/example_dags/example_params_trigger_ui.py for tasks to queue
[2024-04-21T14:46:47.839+0000] {logging_mixin.py:188} INFO - [2024-04-21T14:46:47.839+0000] {dagbag.py:540} INFO - Filling up the DagBag from /home/airflow/.local/lib/python3.12/site-packages/airflow/example_dags/example_params_trigger_ui.py
[2024-04-21T14:46:47.870+0000] {processor.py:840} INFO - DAG(s) 'example_params_trigger_ui' retrieved from /home/airflow/.local/lib/python3.12/site-packages/airflow/example_dags/example_params_trigger_ui.py
[2024-04-21T14:46:48.028+0000] {logging_mixin.py:188} INFO - [2024-04-21T14:46:48.027+0000] {dag.py:3096} INFO - Sync 1 DAGs
[2024-04-21T14:46:48.044+0000] {logging_mixin.py:188} INFO - [2024-04-21T14:46:48.044+0000] {dag.py:3954} INFO - Setting next_dagrun for example_params_trigger_ui to None, run_after=None
[2024-04-21T14:46:48.076+0000] {processor.py:183} INFO - Processing /home/airflow/.local/lib/python3.12/site-packages/airflow/example_dags/example_params_trigger_ui.py took 0.267 seconds
[2024-04-21T14:47:18.739+0000] {processor.py:161} INFO - Started process (PID=1576) to work on /home/airflow/.local/lib/python3.12/site-packages/airflow/example_dags/example_params_trigger_ui.py
[2024-04-21T14:47:18.740+0000] {processor.py:830} INFO - Processing file /home/airflow/.local/lib/python3.12/site-packages/airflow/example_dags/example_params_trigger_ui.py for tasks to queue
[2024-04-21T14:47:18.743+0000] {logging_mixin.py:188} INFO - [2024-04-21T14:47:18.743+0000] {dagbag.py:540} INFO - Filling up the DagBag from /home/airflow/.local/lib/python3.12/site-packages/airflow/example_dags/example_params_trigger_ui.py
[2024-04-21T14:47:18.761+0000] {processor.py:840} INFO - DAG(s) 'example_params_trigger_ui' retrieved from /home/airflow/.local/lib/python3.12/site-packages/airflow/example_dags/example_params_trigger_ui.py
[2024-04-21T14:47:18.832+0000] {logging_mixin.py:188} INFO - [2024-04-21T14:47:18.831+0000] {dag.py:3096} INFO - Sync 1 DAGs
[2024-04-21T14:47:18.848+0000] {logging_mixin.py:188} INFO - [2024-04-21T14:47:18.848+0000] {dag.py:3954} INFO - Setting next_dagrun for example_params_trigger_ui to None, run_after=None
[2024-04-21T14:47:18.876+0000] {processor.py:183} INFO - Processing /home/airflow/.local/lib/python3.12/site-packages/airflow/example_dags/example_params_trigger_ui.py took 0.149 seconds
[2024-04-21T14:47:49.567+0000] {processor.py:161} INFO - Started process (PID=1637) to work on /home/airflow/.local/lib/python3.12/site-packages/airflow/example_dags/example_params_trigger_ui.py
[2024-04-21T14:47:49.568+0000] {processor.py:830} INFO - Processing file /home/airflow/.local/lib/python3.12/site-packages/airflow/example_dags/example_params_trigger_ui.py for tasks to queue
[2024-04-21T14:47:49.571+0000] {logging_mixin.py:188} INFO - [2024-04-21T14:47:49.570+0000] {dagbag.py:540} INFO - Filling up the DagBag from /home/airflow/.local/lib/python3.12/site-packages/airflow/example_dags/example_params_trigger_ui.py
[2024-04-21T14:47:49.588+0000] {processor.py:840} INFO - DAG(s) 'example_params_trigger_ui' retrieved from /home/airflow/.local/lib/python3.12/site-packages/airflow/example_dags/example_params_trigger_ui.py
[2024-04-21T14:47:49.653+0000] {logging_mixin.py:188} INFO - [2024-04-21T14:47:49.653+0000] {dag.py:3096} INFO - Sync 1 DAGs
[2024-04-21T14:47:49.669+0000] {logging_mixin.py:188} INFO - [2024-04-21T14:47:49.669+0000] {dag.py:3954} INFO - Setting next_dagrun for example_params_trigger_ui to None, run_after=None
[2024-04-21T14:47:49.695+0000] {processor.py:183} INFO - Processing /home/airflow/.local/lib/python3.12/site-packages/airflow/example_dags/example_params_trigger_ui.py took 0.137 seconds
[2024-04-21T14:48:20.240+0000] {processor.py:161} INFO - Started process (PID=1698) to work on /home/airflow/.local/lib/python3.12/site-packages/airflow/example_dags/example_params_trigger_ui.py
[2024-04-21T14:48:20.242+0000] {processor.py:830} INFO - Processing file /home/airflow/.local/lib/python3.12/site-packages/airflow/example_dags/example_params_trigger_ui.py for tasks to queue
[2024-04-21T14:48:20.247+0000] {logging_mixin.py:188} INFO - [2024-04-21T14:48:20.246+0000] {dagbag.py:540} INFO - Filling up the DagBag from /home/airflow/.local/lib/python3.12/site-packages/airflow/example_dags/example_params_trigger_ui.py
[2024-04-21T14:48:20.271+0000] {processor.py:840} INFO - DAG(s) 'example_params_trigger_ui' retrieved from /home/airflow/.local/lib/python3.12/site-packages/airflow/example_dags/example_params_trigger_ui.py
[2024-04-21T14:48:20.398+0000] {logging_mixin.py:188} INFO - [2024-04-21T14:48:20.398+0000] {dag.py:3096} INFO - Sync 1 DAGs
[2024-04-21T14:48:20.418+0000] {logging_mixin.py:188} INFO - [2024-04-21T14:48:20.418+0000] {dag.py:3954} INFO - Setting next_dagrun for example_params_trigger_ui to None, run_after=None
[2024-04-21T14:48:20.446+0000] {processor.py:183} INFO - Processing /home/airflow/.local/lib/python3.12/site-packages/airflow/example_dags/example_params_trigger_ui.py took 0.221 seconds
[2024-04-21T14:48:50.671+0000] {processor.py:161} INFO - Started process (PID=1759) to work on /home/airflow/.local/lib/python3.12/site-packages/airflow/example_dags/example_params_trigger_ui.py
[2024-04-21T14:48:50.680+0000] {processor.py:830} INFO - Processing file /home/airflow/.local/lib/python3.12/site-packages/airflow/example_dags/example_params_trigger_ui.py for tasks to queue
[2024-04-21T14:48:50.683+0000] {logging_mixin.py:188} INFO - [2024-04-21T14:48:50.682+0000] {dagbag.py:540} INFO - Filling up the DagBag from /home/airflow/.local/lib/python3.12/site-packages/airflow/example_dags/example_params_trigger_ui.py
[2024-04-21T14:48:50.705+0000] {processor.py:840} INFO - DAG(s) 'example_params_trigger_ui' retrieved from /home/airflow/.local/lib/python3.12/site-packages/airflow/example_dags/example_params_trigger_ui.py
[2024-04-21T14:48:50.831+0000] {logging_mixin.py:188} INFO - [2024-04-21T14:48:50.830+0000] {dag.py:3096} INFO - Sync 1 DAGs
[2024-04-21T14:48:50.860+0000] {logging_mixin.py:188} INFO - [2024-04-21T14:48:50.860+0000] {dag.py:3954} INFO - Setting next_dagrun for example_params_trigger_ui to None, run_after=None
[2024-04-21T14:48:50.887+0000] {processor.py:183} INFO - Processing /home/airflow/.local/lib/python3.12/site-packages/airflow/example_dags/example_params_trigger_ui.py took 0.227 seconds
[2024-04-21T14:49:21.430+0000] {processor.py:161} INFO - Started process (PID=1821) to work on /home/airflow/.local/lib/python3.12/site-packages/airflow/example_dags/example_params_trigger_ui.py
[2024-04-21T14:49:21.431+0000] {processor.py:830} INFO - Processing file /home/airflow/.local/lib/python3.12/site-packages/airflow/example_dags/example_params_trigger_ui.py for tasks to queue
[2024-04-21T14:49:21.434+0000] {logging_mixin.py:188} INFO - [2024-04-21T14:49:21.433+0000] {dagbag.py:540} INFO - Filling up the DagBag from /home/airflow/.local/lib/python3.12/site-packages/airflow/example_dags/example_params_trigger_ui.py
[2024-04-21T14:49:21.451+0000] {processor.py:840} INFO - DAG(s) 'example_params_trigger_ui' retrieved from /home/airflow/.local/lib/python3.12/site-packages/airflow/example_dags/example_params_trigger_ui.py
[2024-04-21T14:49:21.519+0000] {logging_mixin.py:188} INFO - [2024-04-21T14:49:21.518+0000] {dag.py:3096} INFO - Sync 1 DAGs
[2024-04-21T14:49:21.561+0000] {logging_mixin.py:188} INFO - [2024-04-21T14:49:21.561+0000] {dag.py:3954} INFO - Setting next_dagrun for example_params_trigger_ui to None, run_after=None
[2024-04-21T14:49:21.602+0000] {processor.py:183} INFO - Processing /home/airflow/.local/lib/python3.12/site-packages/airflow/example_dags/example_params_trigger_ui.py took 0.179 seconds
[2024-04-21T14:49:52.264+0000] {processor.py:161} INFO - Started process (PID=1883) to work on /home/airflow/.local/lib/python3.12/site-packages/airflow/example_dags/example_params_trigger_ui.py
[2024-04-21T14:49:52.265+0000] {processor.py:830} INFO - Processing file /home/airflow/.local/lib/python3.12/site-packages/airflow/example_dags/example_params_trigger_ui.py for tasks to queue
[2024-04-21T14:49:52.267+0000] {logging_mixin.py:188} INFO - [2024-04-21T14:49:52.267+0000] {dagbag.py:540} INFO - Filling up the DagBag from /home/airflow/.local/lib/python3.12/site-packages/airflow/example_dags/example_params_trigger_ui.py
[2024-04-21T14:49:52.284+0000] {processor.py:840} INFO - DAG(s) 'example_params_trigger_ui' retrieved from /home/airflow/.local/lib/python3.12/site-packages/airflow/example_dags/example_params_trigger_ui.py
[2024-04-21T14:49:52.357+0000] {logging_mixin.py:188} INFO - [2024-04-21T14:49:52.356+0000] {dag.py:3096} INFO - Sync 1 DAGs
[2024-04-21T14:49:52.373+0000] {logging_mixin.py:188} INFO - [2024-04-21T14:49:52.372+0000] {dag.py:3954} INFO - Setting next_dagrun for example_params_trigger_ui to None, run_after=None
[2024-04-21T14:49:52.399+0000] {processor.py:183} INFO - Processing /home/airflow/.local/lib/python3.12/site-packages/airflow/example_dags/example_params_trigger_ui.py took 0.142 seconds
[2024-04-21T14:50:22.641+0000] {processor.py:161} INFO - Started process (PID=1945) to work on /home/airflow/.local/lib/python3.12/site-packages/airflow/example_dags/example_params_trigger_ui.py
[2024-04-21T14:50:22.642+0000] {processor.py:830} INFO - Processing file /home/airflow/.local/lib/python3.12/site-packages/airflow/example_dags/example_params_trigger_ui.py for tasks to queue
[2024-04-21T14:50:22.644+0000] {logging_mixin.py:188} INFO - [2024-04-21T14:50:22.644+0000] {dagbag.py:540} INFO - Filling up the DagBag from /home/airflow/.local/lib/python3.12/site-packages/airflow/example_dags/example_params_trigger_ui.py
[2024-04-21T14:50:22.661+0000] {processor.py:840} INFO - DAG(s) 'example_params_trigger_ui' retrieved from /home/airflow/.local/lib/python3.12/site-packages/airflow/example_dags/example_params_trigger_ui.py
[2024-04-21T14:50:22.723+0000] {logging_mixin.py:188} INFO - [2024-04-21T14:50:22.722+0000] {dag.py:3096} INFO - Sync 1 DAGs
[2024-04-21T14:50:22.740+0000] {logging_mixin.py:188} INFO - [2024-04-21T14:50:22.739+0000] {dag.py:3954} INFO - Setting next_dagrun for example_params_trigger_ui to None, run_after=None
[2024-04-21T14:50:22.769+0000] {processor.py:183} INFO - Processing /home/airflow/.local/lib/python3.12/site-packages/airflow/example_dags/example_params_trigger_ui.py took 0.136 seconds
[2024-04-21T14:50:53.395+0000] {processor.py:161} INFO - Started process (PID=2006) to work on /home/airflow/.local/lib/python3.12/site-packages/airflow/example_dags/example_params_trigger_ui.py
[2024-04-21T14:50:53.397+0000] {processor.py:830} INFO - Processing file /home/airflow/.local/lib/python3.12/site-packages/airflow/example_dags/example_params_trigger_ui.py for tasks to queue
[2024-04-21T14:50:53.414+0000] {logging_mixin.py:188} INFO - [2024-04-21T14:50:53.414+0000] {dagbag.py:540} INFO - Filling up the DagBag from /home/airflow/.local/lib/python3.12/site-packages/airflow/example_dags/example_params_trigger_ui.py
[2024-04-21T14:50:53.450+0000] {processor.py:840} INFO - DAG(s) 'example_params_trigger_ui' retrieved from /home/airflow/.local/lib/python3.12/site-packages/airflow/example_dags/example_params_trigger_ui.py
[2024-04-21T14:50:53.566+0000] {logging_mixin.py:188} INFO - [2024-04-21T14:50:53.564+0000] {dag.py:3096} INFO - Sync 1 DAGs
[2024-04-21T14:50:53.585+0000] {logging_mixin.py:188} INFO - [2024-04-21T14:50:53.585+0000] {dag.py:3954} INFO - Setting next_dagrun for example_params_trigger_ui to None, run_after=None
[2024-04-21T14:50:53.621+0000] {processor.py:183} INFO - Processing /home/airflow/.local/lib/python3.12/site-packages/airflow/example_dags/example_params_trigger_ui.py took 0.236 seconds
[2024-04-21T14:51:24.352+0000] {processor.py:161} INFO - Started process (PID=2067) to work on /home/airflow/.local/lib/python3.12/site-packages/airflow/example_dags/example_params_trigger_ui.py
[2024-04-21T14:51:24.356+0000] {processor.py:830} INFO - Processing file /home/airflow/.local/lib/python3.12/site-packages/airflow/example_dags/example_params_trigger_ui.py for tasks to queue
[2024-04-21T14:51:24.358+0000] {logging_mixin.py:188} INFO - [2024-04-21T14:51:24.358+0000] {dagbag.py:540} INFO - Filling up the DagBag from /home/airflow/.local/lib/python3.12/site-packages/airflow/example_dags/example_params_trigger_ui.py
[2024-04-21T14:51:24.386+0000] {processor.py:840} INFO - DAG(s) 'example_params_trigger_ui' retrieved from /home/airflow/.local/lib/python3.12/site-packages/airflow/example_dags/example_params_trigger_ui.py
[2024-04-21T14:51:24.528+0000] {logging_mixin.py:188} INFO - [2024-04-21T14:51:24.528+0000] {dag.py:3096} INFO - Sync 1 DAGs
[2024-04-21T14:51:24.560+0000] {logging_mixin.py:188} INFO - [2024-04-21T14:51:24.560+0000] {dag.py:3954} INFO - Setting next_dagrun for example_params_trigger_ui to None, run_after=None
[2024-04-21T14:51:24.590+0000] {processor.py:183} INFO - Processing /home/airflow/.local/lib/python3.12/site-packages/airflow/example_dags/example_params_trigger_ui.py took 0.246 seconds
[2024-04-21T14:51:55.039+0000] {processor.py:161} INFO - Started process (PID=2129) to work on /home/airflow/.local/lib/python3.12/site-packages/airflow/example_dags/example_params_trigger_ui.py
[2024-04-21T14:51:55.040+0000] {processor.py:830} INFO - Processing file /home/airflow/.local/lib/python3.12/site-packages/airflow/example_dags/example_params_trigger_ui.py for tasks to queue
[2024-04-21T14:51:55.042+0000] {logging_mixin.py:188} INFO - [2024-04-21T14:51:55.042+0000] {dagbag.py:540} INFO - Filling up the DagBag from /home/airflow/.local/lib/python3.12/site-packages/airflow/example_dags/example_params_trigger_ui.py
[2024-04-21T14:51:55.059+0000] {processor.py:840} INFO - DAG(s) 'example_params_trigger_ui' retrieved from /home/airflow/.local/lib/python3.12/site-packages/airflow/example_dags/example_params_trigger_ui.py
[2024-04-21T14:51:55.124+0000] {logging_mixin.py:188} INFO - [2024-04-21T14:51:55.123+0000] {dag.py:3096} INFO - Sync 1 DAGs
[2024-04-21T14:51:55.142+0000] {logging_mixin.py:188} INFO - [2024-04-21T14:51:55.142+0000] {dag.py:3954} INFO - Setting next_dagrun for example_params_trigger_ui to None, run_after=None
[2024-04-21T14:51:55.171+0000] {processor.py:183} INFO - Processing /home/airflow/.local/lib/python3.12/site-packages/airflow/example_dags/example_params_trigger_ui.py took 0.141 seconds
[2024-04-21T14:52:25.526+0000] {processor.py:161} INFO - Started process (PID=2191) to work on /home/airflow/.local/lib/python3.12/site-packages/airflow/example_dags/example_params_trigger_ui.py
[2024-04-21T14:52:25.528+0000] {processor.py:830} INFO - Processing file /home/airflow/.local/lib/python3.12/site-packages/airflow/example_dags/example_params_trigger_ui.py for tasks to queue
[2024-04-21T14:52:25.533+0000] {logging_mixin.py:188} INFO - [2024-04-21T14:52:25.533+0000] {dagbag.py:540} INFO - Filling up the DagBag from /home/airflow/.local/lib/python3.12/site-packages/airflow/example_dags/example_params_trigger_ui.py
[2024-04-21T14:52:25.575+0000] {processor.py:840} INFO - DAG(s) 'example_params_trigger_ui' retrieved from /home/airflow/.local/lib/python3.12/site-packages/airflow/example_dags/example_params_trigger_ui.py
[2024-04-21T14:52:25.689+0000] {logging_mixin.py:188} INFO - [2024-04-21T14:52:25.689+0000] {dag.py:3096} INFO - Sync 1 DAGs
[2024-04-21T14:52:25.711+0000] {logging_mixin.py:188} INFO - [2024-04-21T14:52:25.710+0000] {dag.py:3954} INFO - Setting next_dagrun for example_params_trigger_ui to None, run_after=None
[2024-04-21T14:52:25.762+0000] {processor.py:183} INFO - Processing /home/airflow/.local/lib/python3.12/site-packages/airflow/example_dags/example_params_trigger_ui.py took 0.250 seconds
