[2024-04-21T13:53:07.687+0000] {processor.py:161} INFO - Started process (PID=41) to work on /home/airflow/.local/lib/python3.12/site-packages/airflow/example_dags/example_sensor_decorator.py
[2024-04-21T13:53:07.688+0000] {processor.py:830} INFO - Processing file /home/airflow/.local/lib/python3.12/site-packages/airflow/example_dags/example_sensor_decorator.py for tasks to queue
[2024-04-21T13:53:07.690+0000] {logging_mixin.py:188} INFO - [2024-04-21T13:53:07.690+0000] {dagbag.py:540} INFO - Filling up the DagBag from /home/airflow/.local/lib/python3.12/site-packages/airflow/example_dags/example_sensor_decorator.py
[2024-04-21T13:53:07.722+0000] {processor.py:840} INFO - DAG(s) 'example_sensor_decorator' retrieved from /home/airflow/.local/lib/python3.12/site-packages/airflow/example_dags/example_sensor_decorator.py
[2024-04-21T13:53:08.164+0000] {logging_mixin.py:188} INFO - [2024-04-21T13:53:08.163+0000] {override.py:1829} INFO - Created Permission View: can edit on DAG:example_sensor_decorator
[2024-04-21T13:53:08.189+0000] {logging_mixin.py:188} INFO - [2024-04-21T13:53:08.188+0000] {override.py:1829} INFO - Created Permission View: can read on DAG:example_sensor_decorator
[2024-04-21T13:53:08.205+0000] {logging_mixin.py:188} INFO - [2024-04-21T13:53:08.205+0000] {override.py:1829} INFO - Created Permission View: can delete on DAG:example_sensor_decorator
[2024-04-21T13:53:08.206+0000] {logging_mixin.py:188} INFO - [2024-04-21T13:53:08.205+0000] {dag.py:3096} INFO - Sync 1 DAGs
[2024-04-21T13:53:08.243+0000] {logging_mixin.py:188} INFO - [2024-04-21T13:53:08.243+0000] {dag.py:3118} INFO - Creating ORM DAG for example_sensor_decorator
[2024-04-21T13:53:08.252+0000] {logging_mixin.py:188} INFO - [2024-04-21T13:53:08.252+0000] {dag.py:3954} INFO - Setting next_dagrun for example_sensor_decorator to None, run_after=None
[2024-04-21T13:53:08.317+0000] {processor.py:183} INFO - Processing /home/airflow/.local/lib/python3.12/site-packages/airflow/example_dags/example_sensor_decorator.py took 0.656 seconds
[2024-04-21T13:53:39.047+0000] {processor.py:161} INFO - Started process (PID=103) to work on /home/airflow/.local/lib/python3.12/site-packages/airflow/example_dags/example_sensor_decorator.py
[2024-04-21T13:53:39.052+0000] {processor.py:830} INFO - Processing file /home/airflow/.local/lib/python3.12/site-packages/airflow/example_dags/example_sensor_decorator.py for tasks to queue
[2024-04-21T13:53:39.055+0000] {logging_mixin.py:188} INFO - [2024-04-21T13:53:39.054+0000] {dagbag.py:540} INFO - Filling up the DagBag from /home/airflow/.local/lib/python3.12/site-packages/airflow/example_dags/example_sensor_decorator.py
[2024-04-21T13:53:39.069+0000] {processor.py:840} INFO - DAG(s) 'example_sensor_decorator' retrieved from /home/airflow/.local/lib/python3.12/site-packages/airflow/example_dags/example_sensor_decorator.py
[2024-04-21T13:53:39.125+0000] {logging_mixin.py:188} INFO - [2024-04-21T13:53:39.124+0000] {dag.py:3096} INFO - Sync 1 DAGs
[2024-04-21T13:53:39.210+0000] {logging_mixin.py:188} INFO - [2024-04-21T13:53:39.210+0000] {dag.py:3954} INFO - Setting next_dagrun for example_sensor_decorator to None, run_after=None
[2024-04-21T13:53:39.350+0000] {processor.py:183} INFO - Processing /home/airflow/.local/lib/python3.12/site-packages/airflow/example_dags/example_sensor_decorator.py took 0.327 seconds
[2024-04-21T13:54:09.477+0000] {processor.py:161} INFO - Started process (PID=162) to work on /home/airflow/.local/lib/python3.12/site-packages/airflow/example_dags/example_sensor_decorator.py
[2024-04-21T13:54:09.478+0000] {processor.py:830} INFO - Processing file /home/airflow/.local/lib/python3.12/site-packages/airflow/example_dags/example_sensor_decorator.py for tasks to queue
[2024-04-21T13:54:09.480+0000] {logging_mixin.py:188} INFO - [2024-04-21T13:54:09.480+0000] {dagbag.py:540} INFO - Filling up the DagBag from /home/airflow/.local/lib/python3.12/site-packages/airflow/example_dags/example_sensor_decorator.py
[2024-04-21T13:54:09.488+0000] {processor.py:840} INFO - DAG(s) 'example_sensor_decorator' retrieved from /home/airflow/.local/lib/python3.12/site-packages/airflow/example_dags/example_sensor_decorator.py
[2024-04-21T13:54:09.513+0000] {logging_mixin.py:188} INFO - [2024-04-21T13:54:09.512+0000] {dag.py:3096} INFO - Sync 1 DAGs
[2024-04-21T13:54:09.535+0000] {logging_mixin.py:188} INFO - [2024-04-21T13:54:09.535+0000] {dag.py:3954} INFO - Setting next_dagrun for example_sensor_decorator to None, run_after=None
[2024-04-21T13:54:09.565+0000] {processor.py:183} INFO - Processing /home/airflow/.local/lib/python3.12/site-packages/airflow/example_dags/example_sensor_decorator.py took 0.102 seconds
[2024-04-21T13:54:40.369+0000] {processor.py:161} INFO - Started process (PID=223) to work on /home/airflow/.local/lib/python3.12/site-packages/airflow/example_dags/example_sensor_decorator.py
[2024-04-21T13:54:40.370+0000] {processor.py:830} INFO - Processing file /home/airflow/.local/lib/python3.12/site-packages/airflow/example_dags/example_sensor_decorator.py for tasks to queue
[2024-04-21T13:54:40.372+0000] {logging_mixin.py:188} INFO - [2024-04-21T13:54:40.371+0000] {dagbag.py:540} INFO - Filling up the DagBag from /home/airflow/.local/lib/python3.12/site-packages/airflow/example_dags/example_sensor_decorator.py
[2024-04-21T13:54:40.377+0000] {processor.py:840} INFO - DAG(s) 'example_sensor_decorator' retrieved from /home/airflow/.local/lib/python3.12/site-packages/airflow/example_dags/example_sensor_decorator.py
[2024-04-21T13:54:40.394+0000] {logging_mixin.py:188} INFO - [2024-04-21T13:54:40.394+0000] {dag.py:3096} INFO - Sync 1 DAGs
[2024-04-21T13:54:40.406+0000] {logging_mixin.py:188} INFO - [2024-04-21T13:54:40.406+0000] {dag.py:3954} INFO - Setting next_dagrun for example_sensor_decorator to None, run_after=None
[2024-04-21T13:54:40.425+0000] {processor.py:183} INFO - Processing /home/airflow/.local/lib/python3.12/site-packages/airflow/example_dags/example_sensor_decorator.py took 0.061 seconds
[2024-04-21T13:55:10.866+0000] {processor.py:161} INFO - Started process (PID=285) to work on /home/airflow/.local/lib/python3.12/site-packages/airflow/example_dags/example_sensor_decorator.py
[2024-04-21T13:55:10.867+0000] {processor.py:830} INFO - Processing file /home/airflow/.local/lib/python3.12/site-packages/airflow/example_dags/example_sensor_decorator.py for tasks to queue
[2024-04-21T13:55:10.882+0000] {logging_mixin.py:188} INFO - [2024-04-21T13:55:10.881+0000] {dagbag.py:540} INFO - Filling up the DagBag from /home/airflow/.local/lib/python3.12/site-packages/airflow/example_dags/example_sensor_decorator.py
[2024-04-21T13:55:10.896+0000] {processor.py:840} INFO - DAG(s) 'example_sensor_decorator' retrieved from /home/airflow/.local/lib/python3.12/site-packages/airflow/example_dags/example_sensor_decorator.py
[2024-04-21T13:55:10.925+0000] {logging_mixin.py:188} INFO - [2024-04-21T13:55:10.925+0000] {dag.py:3096} INFO - Sync 1 DAGs
[2024-04-21T13:55:10.945+0000] {logging_mixin.py:188} INFO - [2024-04-21T13:55:10.945+0000] {dag.py:3954} INFO - Setting next_dagrun for example_sensor_decorator to None, run_after=None
[2024-04-21T13:55:10.986+0000] {processor.py:183} INFO - Processing /home/airflow/.local/lib/python3.12/site-packages/airflow/example_dags/example_sensor_decorator.py took 0.134 seconds
