[2024-04-21T13:53:17.269+0000] {processor.py:161} INFO - Started process (PID=53) to work on /home/airflow/.local/lib/python3.12/site-packages/airflow/example_dags/tutorial_taskflow_api.py
[2024-04-21T13:53:17.271+0000] {processor.py:830} INFO - Processing file /home/airflow/.local/lib/python3.12/site-packages/airflow/example_dags/tutorial_taskflow_api.py for tasks to queue
[2024-04-21T13:53:17.281+0000] {logging_mixin.py:188} INFO - [2024-04-21T13:53:17.280+0000] {dagbag.py:540} INFO - Filling up the DagBag from /home/airflow/.local/lib/python3.12/site-packages/airflow/example_dags/tutorial_taskflow_api.py
[2024-04-21T13:53:17.308+0000] {processor.py:840} INFO - DAG(s) 'tutorial_taskflow_api' retrieved from /home/airflow/.local/lib/python3.12/site-packages/airflow/example_dags/tutorial_taskflow_api.py
[2024-04-21T13:53:18.001+0000] {logging_mixin.py:188} INFO - [2024-04-21T13:53:18.000+0000] {override.py:1829} INFO - Created Permission View: can edit on DAG:tutorial_taskflow_api
[2024-04-21T13:53:18.087+0000] {logging_mixin.py:188} INFO - [2024-04-21T13:53:18.086+0000] {override.py:1829} INFO - Created Permission View: can read on DAG:tutorial_taskflow_api
[2024-04-21T13:53:18.122+0000] {logging_mixin.py:188} INFO - [2024-04-21T13:53:18.121+0000] {override.py:1829} INFO - Created Permission View: can delete on DAG:tutorial_taskflow_api
[2024-04-21T13:53:18.128+0000] {logging_mixin.py:188} INFO - [2024-04-21T13:53:18.127+0000] {dag.py:3096} INFO - Sync 1 DAGs
[2024-04-21T13:53:18.171+0000] {logging_mixin.py:188} INFO - [2024-04-21T13:53:18.171+0000] {dag.py:3118} INFO - Creating ORM DAG for tutorial_taskflow_api
[2024-04-21T13:53:18.210+0000] {logging_mixin.py:188} INFO - [2024-04-21T13:53:18.209+0000] {dag.py:3954} INFO - Setting next_dagrun for tutorial_taskflow_api to None, run_after=None
[2024-04-21T13:53:18.356+0000] {processor.py:183} INFO - Processing /home/airflow/.local/lib/python3.12/site-packages/airflow/example_dags/tutorial_taskflow_api.py took 1.103 seconds
[2024-04-21T13:53:49.050+0000] {processor.py:161} INFO - Started process (PID=115) to work on /home/airflow/.local/lib/python3.12/site-packages/airflow/example_dags/tutorial_taskflow_api.py
[2024-04-21T13:53:49.050+0000] {processor.py:830} INFO - Processing file /home/airflow/.local/lib/python3.12/site-packages/airflow/example_dags/tutorial_taskflow_api.py for tasks to queue
[2024-04-21T13:53:49.053+0000] {logging_mixin.py:188} INFO - [2024-04-21T13:53:49.053+0000] {dagbag.py:540} INFO - Filling up the DagBag from /home/airflow/.local/lib/python3.12/site-packages/airflow/example_dags/tutorial_taskflow_api.py
[2024-04-21T13:53:49.061+0000] {processor.py:840} INFO - DAG(s) 'tutorial_taskflow_api' retrieved from /home/airflow/.local/lib/python3.12/site-packages/airflow/example_dags/tutorial_taskflow_api.py
[2024-04-21T13:53:49.079+0000] {logging_mixin.py:188} INFO - [2024-04-21T13:53:49.079+0000] {dag.py:3096} INFO - Sync 1 DAGs
[2024-04-21T13:53:49.090+0000] {logging_mixin.py:188} INFO - [2024-04-21T13:53:49.089+0000] {dag.py:3954} INFO - Setting next_dagrun for tutorial_taskflow_api to None, run_after=None
[2024-04-21T13:53:49.109+0000] {processor.py:183} INFO - Processing /home/airflow/.local/lib/python3.12/site-packages/airflow/example_dags/tutorial_taskflow_api.py took 0.066 seconds
[2024-04-21T13:54:19.600+0000] {processor.py:161} INFO - Started process (PID=176) to work on /home/airflow/.local/lib/python3.12/site-packages/airflow/example_dags/tutorial_taskflow_api.py
[2024-04-21T13:54:19.620+0000] {processor.py:830} INFO - Processing file /home/airflow/.local/lib/python3.12/site-packages/airflow/example_dags/tutorial_taskflow_api.py for tasks to queue
[2024-04-21T13:54:19.622+0000] {logging_mixin.py:188} INFO - [2024-04-21T13:54:19.621+0000] {dagbag.py:540} INFO - Filling up the DagBag from /home/airflow/.local/lib/python3.12/site-packages/airflow/example_dags/tutorial_taskflow_api.py
[2024-04-21T13:54:19.679+0000] {processor.py:840} INFO - DAG(s) 'tutorial_taskflow_api' retrieved from /home/airflow/.local/lib/python3.12/site-packages/airflow/example_dags/tutorial_taskflow_api.py
[2024-04-21T13:54:19.798+0000] {logging_mixin.py:188} INFO - [2024-04-21T13:54:19.797+0000] {dag.py:3096} INFO - Sync 1 DAGs
[2024-04-21T13:54:19.844+0000] {logging_mixin.py:188} INFO - [2024-04-21T13:54:19.843+0000] {dag.py:3954} INFO - Setting next_dagrun for tutorial_taskflow_api to None, run_after=None
[2024-04-21T13:54:19.892+0000] {processor.py:183} INFO - Processing /home/airflow/.local/lib/python3.12/site-packages/airflow/example_dags/tutorial_taskflow_api.py took 0.314 seconds
[2024-04-21T13:54:50.661+0000] {processor.py:161} INFO - Started process (PID=237) to work on /home/airflow/.local/lib/python3.12/site-packages/airflow/example_dags/tutorial_taskflow_api.py
[2024-04-21T13:54:50.662+0000] {processor.py:830} INFO - Processing file /home/airflow/.local/lib/python3.12/site-packages/airflow/example_dags/tutorial_taskflow_api.py for tasks to queue
[2024-04-21T13:54:50.664+0000] {logging_mixin.py:188} INFO - [2024-04-21T13:54:50.664+0000] {dagbag.py:540} INFO - Filling up the DagBag from /home/airflow/.local/lib/python3.12/site-packages/airflow/example_dags/tutorial_taskflow_api.py
[2024-04-21T13:54:50.669+0000] {processor.py:840} INFO - DAG(s) 'tutorial_taskflow_api' retrieved from /home/airflow/.local/lib/python3.12/site-packages/airflow/example_dags/tutorial_taskflow_api.py
[2024-04-21T13:54:50.686+0000] {logging_mixin.py:188} INFO - [2024-04-21T13:54:50.685+0000] {dag.py:3096} INFO - Sync 1 DAGs
[2024-04-21T13:54:50.697+0000] {logging_mixin.py:188} INFO - [2024-04-21T13:54:50.696+0000] {dag.py:3954} INFO - Setting next_dagrun for tutorial_taskflow_api to None, run_after=None
[2024-04-21T13:54:50.718+0000] {processor.py:183} INFO - Processing /home/airflow/.local/lib/python3.12/site-packages/airflow/example_dags/tutorial_taskflow_api.py took 0.062 seconds
