[2024-04-21T13:53:21.426+0000] {processor.py:161} INFO - Started process (PID=59) to work on /home/airflow/.local/lib/python3.12/site-packages/airflow/example_dags/tutorial_dag.py
[2024-04-21T13:53:21.427+0000] {processor.py:830} INFO - Processing file /home/airflow/.local/lib/python3.12/site-packages/airflow/example_dags/tutorial_dag.py for tasks to queue
[2024-04-21T13:53:21.429+0000] {logging_mixin.py:188} INFO - [2024-04-21T13:53:21.429+0000] {dagbag.py:540} INFO - Filling up the DagBag from /home/airflow/.local/lib/python3.12/site-packages/airflow/example_dags/tutorial_dag.py
[2024-04-21T13:53:21.468+0000] {processor.py:840} INFO - DAG(s) 'tutorial_dag' retrieved from /home/airflow/.local/lib/python3.12/site-packages/airflow/example_dags/tutorial_dag.py
[2024-04-21T13:53:22.351+0000] {logging_mixin.py:188} INFO - [2024-04-21T13:53:22.351+0000] {override.py:1829} INFO - Created Permission View: can edit on DAG:tutorial_dag
[2024-04-21T13:53:22.398+0000] {logging_mixin.py:188} INFO - [2024-04-21T13:53:22.397+0000] {override.py:1829} INFO - Created Permission View: can read on DAG:tutorial_dag
[2024-04-21T13:53:22.419+0000] {logging_mixin.py:188} INFO - [2024-04-21T13:53:22.419+0000] {override.py:1829} INFO - Created Permission View: can delete on DAG:tutorial_dag
[2024-04-21T13:53:22.420+0000] {logging_mixin.py:188} INFO - [2024-04-21T13:53:22.419+0000] {dag.py:3096} INFO - Sync 1 DAGs
[2024-04-21T13:53:22.463+0000] {logging_mixin.py:188} INFO - [2024-04-21T13:53:22.462+0000] {dag.py:3118} INFO - Creating ORM DAG for tutorial_dag
[2024-04-21T13:53:22.476+0000] {logging_mixin.py:188} INFO - [2024-04-21T13:53:22.476+0000] {dag.py:3954} INFO - Setting next_dagrun for tutorial_dag to None, run_after=None
[2024-04-21T13:53:22.547+0000] {processor.py:183} INFO - Processing /home/airflow/.local/lib/python3.12/site-packages/airflow/example_dags/tutorial_dag.py took 1.140 seconds
[2024-04-21T13:53:52.889+0000] {processor.py:161} INFO - Started process (PID=121) to work on /home/airflow/.local/lib/python3.12/site-packages/airflow/example_dags/tutorial_dag.py
[2024-04-21T13:53:52.919+0000] {processor.py:830} INFO - Processing file /home/airflow/.local/lib/python3.12/site-packages/airflow/example_dags/tutorial_dag.py for tasks to queue
[2024-04-21T13:53:52.928+0000] {logging_mixin.py:188} INFO - [2024-04-21T13:53:52.928+0000] {dagbag.py:540} INFO - Filling up the DagBag from /home/airflow/.local/lib/python3.12/site-packages/airflow/example_dags/tutorial_dag.py
[2024-04-21T13:53:52.945+0000] {processor.py:840} INFO - DAG(s) 'tutorial_dag' retrieved from /home/airflow/.local/lib/python3.12/site-packages/airflow/example_dags/tutorial_dag.py
[2024-04-21T13:53:53.176+0000] {logging_mixin.py:188} INFO - [2024-04-21T13:53:53.175+0000] {dag.py:3096} INFO - Sync 1 DAGs
[2024-04-21T13:53:53.334+0000] {logging_mixin.py:188} INFO - [2024-04-21T13:53:53.334+0000] {dag.py:3954} INFO - Setting next_dagrun for tutorial_dag to None, run_after=None
[2024-04-21T13:53:53.539+0000] {processor.py:183} INFO - Processing /home/airflow/.local/lib/python3.12/site-packages/airflow/example_dags/tutorial_dag.py took 0.716 seconds
[2024-04-21T13:54:24.301+0000] {processor.py:161} INFO - Started process (PID=182) to work on /home/airflow/.local/lib/python3.12/site-packages/airflow/example_dags/tutorial_dag.py
[2024-04-21T13:54:24.301+0000] {processor.py:830} INFO - Processing file /home/airflow/.local/lib/python3.12/site-packages/airflow/example_dags/tutorial_dag.py for tasks to queue
[2024-04-21T13:54:24.304+0000] {logging_mixin.py:188} INFO - [2024-04-21T13:54:24.303+0000] {dagbag.py:540} INFO - Filling up the DagBag from /home/airflow/.local/lib/python3.12/site-packages/airflow/example_dags/tutorial_dag.py
[2024-04-21T13:54:24.309+0000] {processor.py:840} INFO - DAG(s) 'tutorial_dag' retrieved from /home/airflow/.local/lib/python3.12/site-packages/airflow/example_dags/tutorial_dag.py
[2024-04-21T13:54:24.333+0000] {logging_mixin.py:188} INFO - [2024-04-21T13:54:24.332+0000] {dag.py:3096} INFO - Sync 1 DAGs
[2024-04-21T13:54:24.349+0000] {logging_mixin.py:188} INFO - [2024-04-21T13:54:24.349+0000] {dag.py:3954} INFO - Setting next_dagrun for tutorial_dag to None, run_after=None
[2024-04-21T13:54:24.383+0000] {processor.py:183} INFO - Processing /home/airflow/.local/lib/python3.12/site-packages/airflow/example_dags/tutorial_dag.py took 0.089 seconds
[2024-04-21T13:54:54.999+0000] {processor.py:161} INFO - Started process (PID=243) to work on /home/airflow/.local/lib/python3.12/site-packages/airflow/example_dags/tutorial_dag.py
[2024-04-21T13:54:55.000+0000] {processor.py:830} INFO - Processing file /home/airflow/.local/lib/python3.12/site-packages/airflow/example_dags/tutorial_dag.py for tasks to queue
[2024-04-21T13:54:55.002+0000] {logging_mixin.py:188} INFO - [2024-04-21T13:54:55.002+0000] {dagbag.py:540} INFO - Filling up the DagBag from /home/airflow/.local/lib/python3.12/site-packages/airflow/example_dags/tutorial_dag.py
[2024-04-21T13:54:55.007+0000] {processor.py:840} INFO - DAG(s) 'tutorial_dag' retrieved from /home/airflow/.local/lib/python3.12/site-packages/airflow/example_dags/tutorial_dag.py
[2024-04-21T13:54:55.032+0000] {logging_mixin.py:188} INFO - [2024-04-21T13:54:55.031+0000] {dag.py:3096} INFO - Sync 1 DAGs
[2024-04-21T13:54:55.048+0000] {logging_mixin.py:188} INFO - [2024-04-21T13:54:55.048+0000] {dag.py:3954} INFO - Setting next_dagrun for tutorial_dag to None, run_after=None
[2024-04-21T13:54:55.073+0000] {processor.py:183} INFO - Processing /home/airflow/.local/lib/python3.12/site-packages/airflow/example_dags/tutorial_dag.py took 0.080 seconds
