[2024-04-21T14:34:46.652+0000] {processor.py:161} INFO - Started process (PID=81) to work on /home/airflow/.local/lib/python3.12/site-packages/airflow/example_dags/tutorial.py
[2024-04-21T14:34:46.656+0000] {processor.py:830} INFO - Processing file /home/airflow/.local/lib/python3.12/site-packages/airflow/example_dags/tutorial.py for tasks to queue
[2024-04-21T14:34:46.660+0000] {logging_mixin.py:188} INFO - [2024-04-21T14:34:46.660+0000] {dagbag.py:540} INFO - Filling up the DagBag from /home/airflow/.local/lib/python3.12/site-packages/airflow/example_dags/tutorial.py
[2024-04-21T14:34:46.680+0000] {processor.py:840} INFO - DAG(s) 'tutorial' retrieved from /home/airflow/.local/lib/python3.12/site-packages/airflow/example_dags/tutorial.py
[2024-04-21T14:34:47.023+0000] {logging_mixin.py:188} INFO - [2024-04-21T14:34:47.023+0000] {dag.py:3096} INFO - Sync 1 DAGs
[2024-04-21T14:34:47.100+0000] {logging_mixin.py:188} INFO - [2024-04-21T14:34:47.098+0000] {dag.py:3954} INFO - Setting next_dagrun for tutorial to 2024-04-20 00:00:00+00:00, run_after=2024-04-21 00:00:00+00:00
[2024-04-21T14:34:47.175+0000] {processor.py:183} INFO - Processing /home/airflow/.local/lib/python3.12/site-packages/airflow/example_dags/tutorial.py took 0.540 seconds
[2024-04-21T14:35:17.332+0000] {processor.py:161} INFO - Started process (PID=142) to work on /home/airflow/.local/lib/python3.12/site-packages/airflow/example_dags/tutorial.py
[2024-04-21T14:35:17.336+0000] {processor.py:830} INFO - Processing file /home/airflow/.local/lib/python3.12/site-packages/airflow/example_dags/tutorial.py for tasks to queue
[2024-04-21T14:35:17.350+0000] {logging_mixin.py:188} INFO - [2024-04-21T14:35:17.349+0000] {dagbag.py:540} INFO - Filling up the DagBag from /home/airflow/.local/lib/python3.12/site-packages/airflow/example_dags/tutorial.py
[2024-04-21T14:35:17.374+0000] {processor.py:840} INFO - DAG(s) 'tutorial' retrieved from /home/airflow/.local/lib/python3.12/site-packages/airflow/example_dags/tutorial.py
[2024-04-21T14:35:17.488+0000] {logging_mixin.py:188} INFO - [2024-04-21T14:35:17.488+0000] {dag.py:3096} INFO - Sync 1 DAGs
[2024-04-21T14:35:17.592+0000] {logging_mixin.py:188} INFO - [2024-04-21T14:35:17.592+0000] {dag.py:3954} INFO - Setting next_dagrun for tutorial to 2024-04-20 00:00:00+00:00, run_after=2024-04-21 00:00:00+00:00
[2024-04-21T14:35:17.735+0000] {processor.py:183} INFO - Processing /home/airflow/.local/lib/python3.12/site-packages/airflow/example_dags/tutorial.py took 0.442 seconds
[2024-04-21T14:35:48.312+0000] {processor.py:161} INFO - Started process (PID=204) to work on /home/airflow/.local/lib/python3.12/site-packages/airflow/example_dags/tutorial.py
[2024-04-21T14:35:48.313+0000] {processor.py:830} INFO - Processing file /home/airflow/.local/lib/python3.12/site-packages/airflow/example_dags/tutorial.py for tasks to queue
[2024-04-21T14:35:48.315+0000] {logging_mixin.py:188} INFO - [2024-04-21T14:35:48.315+0000] {dagbag.py:540} INFO - Filling up the DagBag from /home/airflow/.local/lib/python3.12/site-packages/airflow/example_dags/tutorial.py
[2024-04-21T14:35:48.323+0000] {processor.py:840} INFO - DAG(s) 'tutorial' retrieved from /home/airflow/.local/lib/python3.12/site-packages/airflow/example_dags/tutorial.py
[2024-04-21T14:35:48.348+0000] {logging_mixin.py:188} INFO - [2024-04-21T14:35:48.347+0000] {dag.py:3096} INFO - Sync 1 DAGs
[2024-04-21T14:35:48.383+0000] {logging_mixin.py:188} INFO - [2024-04-21T14:35:48.383+0000] {dag.py:3954} INFO - Setting next_dagrun for tutorial to 2024-04-20 00:00:00+00:00, run_after=2024-04-21 00:00:00+00:00
[2024-04-21T14:35:48.409+0000] {processor.py:183} INFO - Processing /home/airflow/.local/lib/python3.12/site-packages/airflow/example_dags/tutorial.py took 0.104 seconds
[2024-04-21T14:36:18.979+0000] {processor.py:161} INFO - Started process (PID=264) to work on /home/airflow/.local/lib/python3.12/site-packages/airflow/example_dags/tutorial.py
[2024-04-21T14:36:18.980+0000] {processor.py:830} INFO - Processing file /home/airflow/.local/lib/python3.12/site-packages/airflow/example_dags/tutorial.py for tasks to queue
[2024-04-21T14:36:18.983+0000] {logging_mixin.py:188} INFO - [2024-04-21T14:36:18.983+0000] {dagbag.py:540} INFO - Filling up the DagBag from /home/airflow/.local/lib/python3.12/site-packages/airflow/example_dags/tutorial.py
[2024-04-21T14:36:18.998+0000] {processor.py:840} INFO - DAG(s) 'tutorial' retrieved from /home/airflow/.local/lib/python3.12/site-packages/airflow/example_dags/tutorial.py
[2024-04-21T14:36:19.034+0000] {logging_mixin.py:188} INFO - [2024-04-21T14:36:19.034+0000] {dag.py:3096} INFO - Sync 1 DAGs
[2024-04-21T14:36:19.078+0000] {logging_mixin.py:188} INFO - [2024-04-21T14:36:19.078+0000] {dag.py:3954} INFO - Setting next_dagrun for tutorial to 2024-04-20 00:00:00+00:00, run_after=2024-04-21 00:00:00+00:00
[2024-04-21T14:36:19.103+0000] {processor.py:183} INFO - Processing /home/airflow/.local/lib/python3.12/site-packages/airflow/example_dags/tutorial.py took 0.136 seconds
[2024-04-21T14:36:49.413+0000] {processor.py:161} INFO - Started process (PID=325) to work on /home/airflow/.local/lib/python3.12/site-packages/airflow/example_dags/tutorial.py
[2024-04-21T14:36:49.415+0000] {processor.py:830} INFO - Processing file /home/airflow/.local/lib/python3.12/site-packages/airflow/example_dags/tutorial.py for tasks to queue
[2024-04-21T14:36:49.418+0000] {logging_mixin.py:188} INFO - [2024-04-21T14:36:49.418+0000] {dagbag.py:540} INFO - Filling up the DagBag from /home/airflow/.local/lib/python3.12/site-packages/airflow/example_dags/tutorial.py
[2024-04-21T14:36:49.429+0000] {processor.py:840} INFO - DAG(s) 'tutorial' retrieved from /home/airflow/.local/lib/python3.12/site-packages/airflow/example_dags/tutorial.py
[2024-04-21T14:36:49.455+0000] {logging_mixin.py:188} INFO - [2024-04-21T14:36:49.455+0000] {dag.py:3096} INFO - Sync 1 DAGs
[2024-04-21T14:36:49.485+0000] {logging_mixin.py:188} INFO - [2024-04-21T14:36:49.485+0000] {dag.py:3954} INFO - Setting next_dagrun for tutorial to 2024-04-20 00:00:00+00:00, run_after=2024-04-21 00:00:00+00:00
[2024-04-21T14:36:49.517+0000] {processor.py:183} INFO - Processing /home/airflow/.local/lib/python3.12/site-packages/airflow/example_dags/tutorial.py took 0.114 seconds
[2024-04-21T14:37:20.277+0000] {processor.py:161} INFO - Started process (PID=386) to work on /home/airflow/.local/lib/python3.12/site-packages/airflow/example_dags/tutorial.py
[2024-04-21T14:37:20.278+0000] {processor.py:830} INFO - Processing file /home/airflow/.local/lib/python3.12/site-packages/airflow/example_dags/tutorial.py for tasks to queue
[2024-04-21T14:37:20.281+0000] {logging_mixin.py:188} INFO - [2024-04-21T14:37:20.281+0000] {dagbag.py:540} INFO - Filling up the DagBag from /home/airflow/.local/lib/python3.12/site-packages/airflow/example_dags/tutorial.py
[2024-04-21T14:37:20.289+0000] {processor.py:840} INFO - DAG(s) 'tutorial' retrieved from /home/airflow/.local/lib/python3.12/site-packages/airflow/example_dags/tutorial.py
[2024-04-21T14:37:20.315+0000] {logging_mixin.py:188} INFO - [2024-04-21T14:37:20.314+0000] {dag.py:3096} INFO - Sync 1 DAGs
[2024-04-21T14:37:20.347+0000] {logging_mixin.py:188} INFO - [2024-04-21T14:37:20.347+0000] {dag.py:3954} INFO - Setting next_dagrun for tutorial to 2024-04-20 00:00:00+00:00, run_after=2024-04-21 00:00:00+00:00
[2024-04-21T14:37:20.376+0000] {processor.py:183} INFO - Processing /home/airflow/.local/lib/python3.12/site-packages/airflow/example_dags/tutorial.py took 0.106 seconds
[2024-04-21T14:37:51.295+0000] {processor.py:161} INFO - Started process (PID=447) to work on /home/airflow/.local/lib/python3.12/site-packages/airflow/example_dags/tutorial.py
[2024-04-21T14:37:51.297+0000] {processor.py:830} INFO - Processing file /home/airflow/.local/lib/python3.12/site-packages/airflow/example_dags/tutorial.py for tasks to queue
[2024-04-21T14:37:51.301+0000] {logging_mixin.py:188} INFO - [2024-04-21T14:37:51.299+0000] {dagbag.py:540} INFO - Filling up the DagBag from /home/airflow/.local/lib/python3.12/site-packages/airflow/example_dags/tutorial.py
[2024-04-21T14:37:51.315+0000] {processor.py:840} INFO - DAG(s) 'tutorial' retrieved from /home/airflow/.local/lib/python3.12/site-packages/airflow/example_dags/tutorial.py
[2024-04-21T14:37:51.344+0000] {logging_mixin.py:188} INFO - [2024-04-21T14:37:51.344+0000] {dag.py:3096} INFO - Sync 1 DAGs
[2024-04-21T14:37:51.376+0000] {logging_mixin.py:188} INFO - [2024-04-21T14:37:51.376+0000] {dag.py:3954} INFO - Setting next_dagrun for tutorial to 2024-04-20 00:00:00+00:00, run_after=2024-04-21 00:00:00+00:00
[2024-04-21T14:37:51.408+0000] {processor.py:183} INFO - Processing /home/airflow/.local/lib/python3.12/site-packages/airflow/example_dags/tutorial.py took 0.127 seconds
[2024-04-21T14:38:22.661+0000] {processor.py:161} INFO - Started process (PID=508) to work on /home/airflow/.local/lib/python3.12/site-packages/airflow/example_dags/tutorial.py
[2024-04-21T14:38:22.673+0000] {processor.py:830} INFO - Processing file /home/airflow/.local/lib/python3.12/site-packages/airflow/example_dags/tutorial.py for tasks to queue
[2024-04-21T14:38:22.676+0000] {logging_mixin.py:188} INFO - [2024-04-21T14:38:22.676+0000] {dagbag.py:540} INFO - Filling up the DagBag from /home/airflow/.local/lib/python3.12/site-packages/airflow/example_dags/tutorial.py
[2024-04-21T14:38:22.696+0000] {processor.py:840} INFO - DAG(s) 'tutorial' retrieved from /home/airflow/.local/lib/python3.12/site-packages/airflow/example_dags/tutorial.py
[2024-04-21T14:38:22.772+0000] {logging_mixin.py:188} INFO - [2024-04-21T14:38:22.772+0000] {dag.py:3096} INFO - Sync 1 DAGs
[2024-04-21T14:38:22.802+0000] {logging_mixin.py:188} INFO - [2024-04-21T14:38:22.802+0000] {dag.py:3954} INFO - Setting next_dagrun for tutorial to 2024-04-20 00:00:00+00:00, run_after=2024-04-21 00:00:00+00:00
[2024-04-21T14:38:22.832+0000] {processor.py:183} INFO - Processing /home/airflow/.local/lib/python3.12/site-packages/airflow/example_dags/tutorial.py took 0.199 seconds
[2024-04-21T14:38:53.413+0000] {processor.py:161} INFO - Started process (PID=569) to work on /home/airflow/.local/lib/python3.12/site-packages/airflow/example_dags/tutorial.py
[2024-04-21T14:38:53.423+0000] {processor.py:830} INFO - Processing file /home/airflow/.local/lib/python3.12/site-packages/airflow/example_dags/tutorial.py for tasks to queue
[2024-04-21T14:38:53.427+0000] {logging_mixin.py:188} INFO - [2024-04-21T14:38:53.426+0000] {dagbag.py:540} INFO - Filling up the DagBag from /home/airflow/.local/lib/python3.12/site-packages/airflow/example_dags/tutorial.py
[2024-04-21T14:38:53.451+0000] {processor.py:840} INFO - DAG(s) 'tutorial' retrieved from /home/airflow/.local/lib/python3.12/site-packages/airflow/example_dags/tutorial.py
[2024-04-21T14:38:53.540+0000] {logging_mixin.py:188} INFO - [2024-04-21T14:38:53.540+0000] {dag.py:3096} INFO - Sync 1 DAGs
[2024-04-21T14:38:53.605+0000] {logging_mixin.py:188} INFO - [2024-04-21T14:38:53.604+0000] {dag.py:3954} INFO - Setting next_dagrun for tutorial to 2024-04-20 00:00:00+00:00, run_after=2024-04-21 00:00:00+00:00
[2024-04-21T14:38:53.652+0000] {processor.py:183} INFO - Processing /home/airflow/.local/lib/python3.12/site-packages/airflow/example_dags/tutorial.py took 0.252 seconds
[2024-04-21T14:39:24.552+0000] {processor.py:161} INFO - Started process (PID=630) to work on /home/airflow/.local/lib/python3.12/site-packages/airflow/example_dags/tutorial.py
[2024-04-21T14:39:24.554+0000] {processor.py:830} INFO - Processing file /home/airflow/.local/lib/python3.12/site-packages/airflow/example_dags/tutorial.py for tasks to queue
[2024-04-21T14:39:24.556+0000] {logging_mixin.py:188} INFO - [2024-04-21T14:39:24.556+0000] {dagbag.py:540} INFO - Filling up the DagBag from /home/airflow/.local/lib/python3.12/site-packages/airflow/example_dags/tutorial.py
[2024-04-21T14:39:24.564+0000] {processor.py:840} INFO - DAG(s) 'tutorial' retrieved from /home/airflow/.local/lib/python3.12/site-packages/airflow/example_dags/tutorial.py
[2024-04-21T14:39:24.590+0000] {logging_mixin.py:188} INFO - [2024-04-21T14:39:24.589+0000] {dag.py:3096} INFO - Sync 1 DAGs
[2024-04-21T14:39:24.621+0000] {logging_mixin.py:188} INFO - [2024-04-21T14:39:24.621+0000] {dag.py:3954} INFO - Setting next_dagrun for tutorial to 2024-04-20 00:00:00+00:00, run_after=2024-04-21 00:00:00+00:00
[2024-04-21T14:39:24.650+0000] {processor.py:183} INFO - Processing /home/airflow/.local/lib/python3.12/site-packages/airflow/example_dags/tutorial.py took 0.105 seconds
[2024-04-21T14:39:55.570+0000] {processor.py:161} INFO - Started process (PID=691) to work on /home/airflow/.local/lib/python3.12/site-packages/airflow/example_dags/tutorial.py
[2024-04-21T14:39:55.574+0000] {processor.py:830} INFO - Processing file /home/airflow/.local/lib/python3.12/site-packages/airflow/example_dags/tutorial.py for tasks to queue
[2024-04-21T14:39:55.589+0000] {logging_mixin.py:188} INFO - [2024-04-21T14:39:55.587+0000] {dagbag.py:540} INFO - Filling up the DagBag from /home/airflow/.local/lib/python3.12/site-packages/airflow/example_dags/tutorial.py
[2024-04-21T14:39:55.607+0000] {processor.py:840} INFO - DAG(s) 'tutorial' retrieved from /home/airflow/.local/lib/python3.12/site-packages/airflow/example_dags/tutorial.py
[2024-04-21T14:39:55.667+0000] {logging_mixin.py:188} INFO - [2024-04-21T14:39:55.666+0000] {dag.py:3096} INFO - Sync 1 DAGs
[2024-04-21T14:39:55.733+0000] {logging_mixin.py:188} INFO - [2024-04-21T14:39:55.732+0000] {dag.py:3954} INFO - Setting next_dagrun for tutorial to 2024-04-20 00:00:00+00:00, run_after=2024-04-21 00:00:00+00:00
[2024-04-21T14:39:55.811+0000] {processor.py:183} INFO - Processing /home/airflow/.local/lib/python3.12/site-packages/airflow/example_dags/tutorial.py took 0.253 seconds
[2024-04-21T14:40:26.430+0000] {processor.py:161} INFO - Started process (PID=758) to work on /home/airflow/.local/lib/python3.12/site-packages/airflow/example_dags/tutorial.py
[2024-04-21T14:40:26.434+0000] {processor.py:830} INFO - Processing file /home/airflow/.local/lib/python3.12/site-packages/airflow/example_dags/tutorial.py for tasks to queue
[2024-04-21T14:40:26.438+0000] {logging_mixin.py:188} INFO - [2024-04-21T14:40:26.438+0000] {dagbag.py:540} INFO - Filling up the DagBag from /home/airflow/.local/lib/python3.12/site-packages/airflow/example_dags/tutorial.py
[2024-04-21T14:40:26.461+0000] {processor.py:840} INFO - DAG(s) 'tutorial' retrieved from /home/airflow/.local/lib/python3.12/site-packages/airflow/example_dags/tutorial.py
[2024-04-21T14:40:26.522+0000] {logging_mixin.py:188} INFO - [2024-04-21T14:40:26.521+0000] {dag.py:3096} INFO - Sync 1 DAGs
[2024-04-21T14:40:26.611+0000] {logging_mixin.py:188} INFO - [2024-04-21T14:40:26.610+0000] {dag.py:3954} INFO - Setting next_dagrun for tutorial to 2024-04-20 00:00:00+00:00, run_after=2024-04-21 00:00:00+00:00
[2024-04-21T14:40:26.714+0000] {processor.py:183} INFO - Processing /home/airflow/.local/lib/python3.12/site-packages/airflow/example_dags/tutorial.py took 0.303 seconds
[2024-04-21T14:40:56.955+0000] {processor.py:161} INFO - Started process (PID=819) to work on /home/airflow/.local/lib/python3.12/site-packages/airflow/example_dags/tutorial.py
[2024-04-21T14:40:56.956+0000] {processor.py:830} INFO - Processing file /home/airflow/.local/lib/python3.12/site-packages/airflow/example_dags/tutorial.py for tasks to queue
[2024-04-21T14:40:56.958+0000] {logging_mixin.py:188} INFO - [2024-04-21T14:40:56.958+0000] {dagbag.py:540} INFO - Filling up the DagBag from /home/airflow/.local/lib/python3.12/site-packages/airflow/example_dags/tutorial.py
[2024-04-21T14:40:56.966+0000] {processor.py:840} INFO - DAG(s) 'tutorial' retrieved from /home/airflow/.local/lib/python3.12/site-packages/airflow/example_dags/tutorial.py
[2024-04-21T14:40:56.990+0000] {logging_mixin.py:188} INFO - [2024-04-21T14:40:56.990+0000] {dag.py:3096} INFO - Sync 1 DAGs
[2024-04-21T14:40:57.032+0000] {logging_mixin.py:188} INFO - [2024-04-21T14:40:57.032+0000] {dag.py:3954} INFO - Setting next_dagrun for tutorial to 2024-04-20 00:00:00+00:00, run_after=2024-04-21 00:00:00+00:00
[2024-04-21T14:40:57.074+0000] {processor.py:183} INFO - Processing /home/airflow/.local/lib/python3.12/site-packages/airflow/example_dags/tutorial.py took 0.126 seconds
[2024-04-21T14:41:27.592+0000] {processor.py:161} INFO - Started process (PID=880) to work on /home/airflow/.local/lib/python3.12/site-packages/airflow/example_dags/tutorial.py
[2024-04-21T14:41:27.595+0000] {processor.py:830} INFO - Processing file /home/airflow/.local/lib/python3.12/site-packages/airflow/example_dags/tutorial.py for tasks to queue
[2024-04-21T14:41:27.598+0000] {logging_mixin.py:188} INFO - [2024-04-21T14:41:27.598+0000] {dagbag.py:540} INFO - Filling up the DagBag from /home/airflow/.local/lib/python3.12/site-packages/airflow/example_dags/tutorial.py
[2024-04-21T14:41:27.607+0000] {processor.py:840} INFO - DAG(s) 'tutorial' retrieved from /home/airflow/.local/lib/python3.12/site-packages/airflow/example_dags/tutorial.py
[2024-04-21T14:41:27.632+0000] {logging_mixin.py:188} INFO - [2024-04-21T14:41:27.632+0000] {dag.py:3096} INFO - Sync 1 DAGs
[2024-04-21T14:41:27.660+0000] {logging_mixin.py:188} INFO - [2024-04-21T14:41:27.660+0000] {dag.py:3954} INFO - Setting next_dagrun for tutorial to 2024-04-20 00:00:00+00:00, run_after=2024-04-21 00:00:00+00:00
[2024-04-21T14:41:27.688+0000] {processor.py:183} INFO - Processing /home/airflow/.local/lib/python3.12/site-packages/airflow/example_dags/tutorial.py took 0.102 seconds
[2024-04-21T14:41:58.196+0000] {processor.py:161} INFO - Started process (PID=941) to work on /home/airflow/.local/lib/python3.12/site-packages/airflow/example_dags/tutorial.py
[2024-04-21T14:41:58.197+0000] {processor.py:830} INFO - Processing file /home/airflow/.local/lib/python3.12/site-packages/airflow/example_dags/tutorial.py for tasks to queue
[2024-04-21T14:41:58.200+0000] {logging_mixin.py:188} INFO - [2024-04-21T14:41:58.200+0000] {dagbag.py:540} INFO - Filling up the DagBag from /home/airflow/.local/lib/python3.12/site-packages/airflow/example_dags/tutorial.py
[2024-04-21T14:41:58.208+0000] {processor.py:840} INFO - DAG(s) 'tutorial' retrieved from /home/airflow/.local/lib/python3.12/site-packages/airflow/example_dags/tutorial.py
[2024-04-21T14:41:58.233+0000] {logging_mixin.py:188} INFO - [2024-04-21T14:41:58.232+0000] {dag.py:3096} INFO - Sync 1 DAGs
[2024-04-21T14:41:58.267+0000] {logging_mixin.py:188} INFO - [2024-04-21T14:41:58.267+0000] {dag.py:3954} INFO - Setting next_dagrun for tutorial to 2024-04-20 00:00:00+00:00, run_after=2024-04-21 00:00:00+00:00
[2024-04-21T14:41:58.295+0000] {processor.py:183} INFO - Processing /home/airflow/.local/lib/python3.12/site-packages/airflow/example_dags/tutorial.py took 0.105 seconds
[2024-04-21T14:42:29.002+0000] {processor.py:161} INFO - Started process (PID=1002) to work on /home/airflow/.local/lib/python3.12/site-packages/airflow/example_dags/tutorial.py
[2024-04-21T14:42:29.005+0000] {processor.py:830} INFO - Processing file /home/airflow/.local/lib/python3.12/site-packages/airflow/example_dags/tutorial.py for tasks to queue
[2024-04-21T14:42:29.007+0000] {logging_mixin.py:188} INFO - [2024-04-21T14:42:29.007+0000] {dagbag.py:540} INFO - Filling up the DagBag from /home/airflow/.local/lib/python3.12/site-packages/airflow/example_dags/tutorial.py
[2024-04-21T14:42:29.015+0000] {processor.py:840} INFO - DAG(s) 'tutorial' retrieved from /home/airflow/.local/lib/python3.12/site-packages/airflow/example_dags/tutorial.py
[2024-04-21T14:42:29.046+0000] {logging_mixin.py:188} INFO - [2024-04-21T14:42:29.046+0000] {dag.py:3096} INFO - Sync 1 DAGs
[2024-04-21T14:42:29.074+0000] {logging_mixin.py:188} INFO - [2024-04-21T14:42:29.073+0000] {dag.py:3954} INFO - Setting next_dagrun for tutorial to 2024-04-20 00:00:00+00:00, run_after=2024-04-21 00:00:00+00:00
[2024-04-21T14:42:29.105+0000] {processor.py:183} INFO - Processing /home/airflow/.local/lib/python3.12/site-packages/airflow/example_dags/tutorial.py took 0.108 seconds
[2024-04-21T14:42:59.822+0000] {processor.py:161} INFO - Started process (PID=1063) to work on /home/airflow/.local/lib/python3.12/site-packages/airflow/example_dags/tutorial.py
[2024-04-21T14:42:59.825+0000] {processor.py:830} INFO - Processing file /home/airflow/.local/lib/python3.12/site-packages/airflow/example_dags/tutorial.py for tasks to queue
[2024-04-21T14:42:59.835+0000] {logging_mixin.py:188} INFO - [2024-04-21T14:42:59.834+0000] {dagbag.py:540} INFO - Filling up the DagBag from /home/airflow/.local/lib/python3.12/site-packages/airflow/example_dags/tutorial.py
[2024-04-21T14:42:59.843+0000] {processor.py:840} INFO - DAG(s) 'tutorial' retrieved from /home/airflow/.local/lib/python3.12/site-packages/airflow/example_dags/tutorial.py
[2024-04-21T14:42:59.880+0000] {logging_mixin.py:188} INFO - [2024-04-21T14:42:59.880+0000] {dag.py:3096} INFO - Sync 1 DAGs
[2024-04-21T14:42:59.918+0000] {logging_mixin.py:188} INFO - [2024-04-21T14:42:59.918+0000] {dag.py:3954} INFO - Setting next_dagrun for tutorial to 2024-04-20 00:00:00+00:00, run_after=2024-04-21 00:00:00+00:00
[2024-04-21T14:42:59.973+0000] {processor.py:183} INFO - Processing /home/airflow/.local/lib/python3.12/site-packages/airflow/example_dags/tutorial.py took 0.170 seconds
[2024-04-21T14:43:30.574+0000] {processor.py:161} INFO - Started process (PID=1124) to work on /home/airflow/.local/lib/python3.12/site-packages/airflow/example_dags/tutorial.py
[2024-04-21T14:43:30.582+0000] {processor.py:830} INFO - Processing file /home/airflow/.local/lib/python3.12/site-packages/airflow/example_dags/tutorial.py for tasks to queue
[2024-04-21T14:43:30.593+0000] {logging_mixin.py:188} INFO - [2024-04-21T14:43:30.593+0000] {dagbag.py:540} INFO - Filling up the DagBag from /home/airflow/.local/lib/python3.12/site-packages/airflow/example_dags/tutorial.py
[2024-04-21T14:43:30.614+0000] {processor.py:840} INFO - DAG(s) 'tutorial' retrieved from /home/airflow/.local/lib/python3.12/site-packages/airflow/example_dags/tutorial.py
[2024-04-21T14:43:30.689+0000] {logging_mixin.py:188} INFO - [2024-04-21T14:43:30.689+0000] {dag.py:3096} INFO - Sync 1 DAGs
[2024-04-21T14:43:30.747+0000] {logging_mixin.py:188} INFO - [2024-04-21T14:43:30.747+0000] {dag.py:3954} INFO - Setting next_dagrun for tutorial to 2024-04-20 00:00:00+00:00, run_after=2024-04-21 00:00:00+00:00
[2024-04-21T14:43:30.790+0000] {processor.py:183} INFO - Processing /home/airflow/.local/lib/python3.12/site-packages/airflow/example_dags/tutorial.py took 0.224 seconds
[2024-04-21T14:44:01.831+0000] {processor.py:161} INFO - Started process (PID=1185) to work on /home/airflow/.local/lib/python3.12/site-packages/airflow/example_dags/tutorial.py
[2024-04-21T14:44:01.844+0000] {processor.py:830} INFO - Processing file /home/airflow/.local/lib/python3.12/site-packages/airflow/example_dags/tutorial.py for tasks to queue
[2024-04-21T14:44:01.850+0000] {logging_mixin.py:188} INFO - [2024-04-21T14:44:01.849+0000] {dagbag.py:540} INFO - Filling up the DagBag from /home/airflow/.local/lib/python3.12/site-packages/airflow/example_dags/tutorial.py
[2024-04-21T14:44:01.857+0000] {processor.py:840} INFO - DAG(s) 'tutorial' retrieved from /home/airflow/.local/lib/python3.12/site-packages/airflow/example_dags/tutorial.py
[2024-04-21T14:44:01.916+0000] {logging_mixin.py:188} INFO - [2024-04-21T14:44:01.916+0000] {dag.py:3096} INFO - Sync 1 DAGs
[2024-04-21T14:44:01.968+0000] {logging_mixin.py:188} INFO - [2024-04-21T14:44:01.968+0000] {dag.py:3954} INFO - Setting next_dagrun for tutorial to 2024-04-20 00:00:00+00:00, run_after=2024-04-21 00:00:00+00:00
[2024-04-21T14:44:02.031+0000] {processor.py:183} INFO - Processing /home/airflow/.local/lib/python3.12/site-packages/airflow/example_dags/tutorial.py took 0.209 seconds
[2024-04-21T14:44:32.365+0000] {processor.py:161} INFO - Started process (PID=1246) to work on /home/airflow/.local/lib/python3.12/site-packages/airflow/example_dags/tutorial.py
[2024-04-21T14:44:32.376+0000] {processor.py:830} INFO - Processing file /home/airflow/.local/lib/python3.12/site-packages/airflow/example_dags/tutorial.py for tasks to queue
[2024-04-21T14:44:32.379+0000] {logging_mixin.py:188} INFO - [2024-04-21T14:44:32.378+0000] {dagbag.py:540} INFO - Filling up the DagBag from /home/airflow/.local/lib/python3.12/site-packages/airflow/example_dags/tutorial.py
[2024-04-21T14:44:32.391+0000] {processor.py:840} INFO - DAG(s) 'tutorial' retrieved from /home/airflow/.local/lib/python3.12/site-packages/airflow/example_dags/tutorial.py
[2024-04-21T14:44:32.447+0000] {logging_mixin.py:188} INFO - [2024-04-21T14:44:32.446+0000] {dag.py:3096} INFO - Sync 1 DAGs
[2024-04-21T14:44:32.520+0000] {logging_mixin.py:188} INFO - [2024-04-21T14:44:32.520+0000] {dag.py:3954} INFO - Setting next_dagrun for tutorial to 2024-04-20 00:00:00+00:00, run_after=2024-04-21 00:00:00+00:00
[2024-04-21T14:44:32.566+0000] {processor.py:183} INFO - Processing /home/airflow/.local/lib/python3.12/site-packages/airflow/example_dags/tutorial.py took 0.207 seconds
[2024-04-21T14:45:02.904+0000] {processor.py:161} INFO - Started process (PID=1307) to work on /home/airflow/.local/lib/python3.12/site-packages/airflow/example_dags/tutorial.py
[2024-04-21T14:45:02.910+0000] {processor.py:830} INFO - Processing file /home/airflow/.local/lib/python3.12/site-packages/airflow/example_dags/tutorial.py for tasks to queue
[2024-04-21T14:45:02.913+0000] {logging_mixin.py:188} INFO - [2024-04-21T14:45:02.913+0000] {dagbag.py:540} INFO - Filling up the DagBag from /home/airflow/.local/lib/python3.12/site-packages/airflow/example_dags/tutorial.py
[2024-04-21T14:45:02.925+0000] {processor.py:840} INFO - DAG(s) 'tutorial' retrieved from /home/airflow/.local/lib/python3.12/site-packages/airflow/example_dags/tutorial.py
[2024-04-21T14:45:02.990+0000] {logging_mixin.py:188} INFO - [2024-04-21T14:45:02.990+0000] {dag.py:3096} INFO - Sync 1 DAGs
[2024-04-21T14:45:03.039+0000] {logging_mixin.py:188} INFO - [2024-04-21T14:45:03.039+0000] {dag.py:3954} INFO - Setting next_dagrun for tutorial to 2024-04-20 00:00:00+00:00, run_after=2024-04-21 00:00:00+00:00
[2024-04-21T14:45:03.088+0000] {processor.py:183} INFO - Processing /home/airflow/.local/lib/python3.12/site-packages/airflow/example_dags/tutorial.py took 0.221 seconds
[2024-04-21T14:45:33.353+0000] {processor.py:161} INFO - Started process (PID=1368) to work on /home/airflow/.local/lib/python3.12/site-packages/airflow/example_dags/tutorial.py
[2024-04-21T14:45:33.355+0000] {processor.py:830} INFO - Processing file /home/airflow/.local/lib/python3.12/site-packages/airflow/example_dags/tutorial.py for tasks to queue
[2024-04-21T14:45:33.358+0000] {logging_mixin.py:188} INFO - [2024-04-21T14:45:33.358+0000] {dagbag.py:540} INFO - Filling up the DagBag from /home/airflow/.local/lib/python3.12/site-packages/airflow/example_dags/tutorial.py
[2024-04-21T14:45:33.368+0000] {processor.py:840} INFO - DAG(s) 'tutorial' retrieved from /home/airflow/.local/lib/python3.12/site-packages/airflow/example_dags/tutorial.py
[2024-04-21T14:45:33.393+0000] {logging_mixin.py:188} INFO - [2024-04-21T14:45:33.393+0000] {dag.py:3096} INFO - Sync 1 DAGs
[2024-04-21T14:45:33.423+0000] {logging_mixin.py:188} INFO - [2024-04-21T14:45:33.422+0000] {dag.py:3954} INFO - Setting next_dagrun for tutorial to 2024-04-20 00:00:00+00:00, run_after=2024-04-21 00:00:00+00:00
[2024-04-21T14:45:33.449+0000] {processor.py:183} INFO - Processing /home/airflow/.local/lib/python3.12/site-packages/airflow/example_dags/tutorial.py took 0.103 seconds
[2024-04-21T14:46:03.769+0000] {processor.py:161} INFO - Started process (PID=1430) to work on /home/airflow/.local/lib/python3.12/site-packages/airflow/example_dags/tutorial.py
[2024-04-21T14:46:03.770+0000] {processor.py:830} INFO - Processing file /home/airflow/.local/lib/python3.12/site-packages/airflow/example_dags/tutorial.py for tasks to queue
[2024-04-21T14:46:03.772+0000] {logging_mixin.py:188} INFO - [2024-04-21T14:46:03.772+0000] {dagbag.py:540} INFO - Filling up the DagBag from /home/airflow/.local/lib/python3.12/site-packages/airflow/example_dags/tutorial.py
[2024-04-21T14:46:03.780+0000] {processor.py:840} INFO - DAG(s) 'tutorial' retrieved from /home/airflow/.local/lib/python3.12/site-packages/airflow/example_dags/tutorial.py
[2024-04-21T14:46:03.805+0000] {logging_mixin.py:188} INFO - [2024-04-21T14:46:03.805+0000] {dag.py:3096} INFO - Sync 1 DAGs
[2024-04-21T14:46:03.835+0000] {logging_mixin.py:188} INFO - [2024-04-21T14:46:03.834+0000] {dag.py:3954} INFO - Setting next_dagrun for tutorial to 2024-04-20 00:00:00+00:00, run_after=2024-04-21 00:00:00+00:00
[2024-04-21T14:46:03.862+0000] {processor.py:183} INFO - Processing /home/airflow/.local/lib/python3.12/site-packages/airflow/example_dags/tutorial.py took 0.105 seconds
[2024-04-21T14:46:34.481+0000] {processor.py:161} INFO - Started process (PID=1491) to work on /home/airflow/.local/lib/python3.12/site-packages/airflow/example_dags/tutorial.py
[2024-04-21T14:46:34.482+0000] {processor.py:830} INFO - Processing file /home/airflow/.local/lib/python3.12/site-packages/airflow/example_dags/tutorial.py for tasks to queue
[2024-04-21T14:46:34.485+0000] {logging_mixin.py:188} INFO - [2024-04-21T14:46:34.485+0000] {dagbag.py:540} INFO - Filling up the DagBag from /home/airflow/.local/lib/python3.12/site-packages/airflow/example_dags/tutorial.py
[2024-04-21T14:46:34.493+0000] {processor.py:840} INFO - DAG(s) 'tutorial' retrieved from /home/airflow/.local/lib/python3.12/site-packages/airflow/example_dags/tutorial.py
[2024-04-21T14:46:34.518+0000] {logging_mixin.py:188} INFO - [2024-04-21T14:46:34.517+0000] {dag.py:3096} INFO - Sync 1 DAGs
[2024-04-21T14:46:34.547+0000] {logging_mixin.py:188} INFO - [2024-04-21T14:46:34.547+0000] {dag.py:3954} INFO - Setting next_dagrun for tutorial to 2024-04-20 00:00:00+00:00, run_after=2024-04-21 00:00:00+00:00
[2024-04-21T14:46:34.574+0000] {processor.py:183} INFO - Processing /home/airflow/.local/lib/python3.12/site-packages/airflow/example_dags/tutorial.py took 0.100 seconds
[2024-04-21T14:47:04.994+0000] {processor.py:161} INFO - Started process (PID=1553) to work on /home/airflow/.local/lib/python3.12/site-packages/airflow/example_dags/tutorial.py
[2024-04-21T14:47:04.997+0000] {processor.py:830} INFO - Processing file /home/airflow/.local/lib/python3.12/site-packages/airflow/example_dags/tutorial.py for tasks to queue
[2024-04-21T14:47:04.999+0000] {logging_mixin.py:188} INFO - [2024-04-21T14:47:04.998+0000] {dagbag.py:540} INFO - Filling up the DagBag from /home/airflow/.local/lib/python3.12/site-packages/airflow/example_dags/tutorial.py
[2024-04-21T14:47:05.007+0000] {processor.py:840} INFO - DAG(s) 'tutorial' retrieved from /home/airflow/.local/lib/python3.12/site-packages/airflow/example_dags/tutorial.py
[2024-04-21T14:47:05.031+0000] {logging_mixin.py:188} INFO - [2024-04-21T14:47:05.031+0000] {dag.py:3096} INFO - Sync 1 DAGs
[2024-04-21T14:47:05.060+0000] {logging_mixin.py:188} INFO - [2024-04-21T14:47:05.059+0000] {dag.py:3954} INFO - Setting next_dagrun for tutorial to 2024-04-20 00:00:00+00:00, run_after=2024-04-21 00:00:00+00:00
[2024-04-21T14:47:05.087+0000] {processor.py:183} INFO - Processing /home/airflow/.local/lib/python3.12/site-packages/airflow/example_dags/tutorial.py took 0.100 seconds
[2024-04-21T14:47:35.946+0000] {processor.py:161} INFO - Started process (PID=1614) to work on /home/airflow/.local/lib/python3.12/site-packages/airflow/example_dags/tutorial.py
[2024-04-21T14:47:35.948+0000] {processor.py:830} INFO - Processing file /home/airflow/.local/lib/python3.12/site-packages/airflow/example_dags/tutorial.py for tasks to queue
[2024-04-21T14:47:35.951+0000] {logging_mixin.py:188} INFO - [2024-04-21T14:47:35.950+0000] {dagbag.py:540} INFO - Filling up the DagBag from /home/airflow/.local/lib/python3.12/site-packages/airflow/example_dags/tutorial.py
[2024-04-21T14:47:35.959+0000] {processor.py:840} INFO - DAG(s) 'tutorial' retrieved from /home/airflow/.local/lib/python3.12/site-packages/airflow/example_dags/tutorial.py
[2024-04-21T14:47:35.984+0000] {logging_mixin.py:188} INFO - [2024-04-21T14:47:35.984+0000] {dag.py:3096} INFO - Sync 1 DAGs
[2024-04-21T14:47:36.013+0000] {logging_mixin.py:188} INFO - [2024-04-21T14:47:36.013+0000] {dag.py:3954} INFO - Setting next_dagrun for tutorial to 2024-04-20 00:00:00+00:00, run_after=2024-04-21 00:00:00+00:00
[2024-04-21T14:47:36.041+0000] {processor.py:183} INFO - Processing /home/airflow/.local/lib/python3.12/site-packages/airflow/example_dags/tutorial.py took 0.101 seconds
[2024-04-21T14:48:06.736+0000] {processor.py:161} INFO - Started process (PID=1675) to work on /home/airflow/.local/lib/python3.12/site-packages/airflow/example_dags/tutorial.py
[2024-04-21T14:48:06.738+0000] {processor.py:830} INFO - Processing file /home/airflow/.local/lib/python3.12/site-packages/airflow/example_dags/tutorial.py for tasks to queue
[2024-04-21T14:48:06.741+0000] {logging_mixin.py:188} INFO - [2024-04-21T14:48:06.740+0000] {dagbag.py:540} INFO - Filling up the DagBag from /home/airflow/.local/lib/python3.12/site-packages/airflow/example_dags/tutorial.py
[2024-04-21T14:48:06.749+0000] {processor.py:840} INFO - DAG(s) 'tutorial' retrieved from /home/airflow/.local/lib/python3.12/site-packages/airflow/example_dags/tutorial.py
[2024-04-21T14:48:06.778+0000] {logging_mixin.py:188} INFO - [2024-04-21T14:48:06.777+0000] {dag.py:3096} INFO - Sync 1 DAGs
[2024-04-21T14:48:06.809+0000] {logging_mixin.py:188} INFO - [2024-04-21T14:48:06.808+0000] {dag.py:3954} INFO - Setting next_dagrun for tutorial to 2024-04-20 00:00:00+00:00, run_after=2024-04-21 00:00:00+00:00
[2024-04-21T14:48:06.843+0000] {processor.py:183} INFO - Processing /home/airflow/.local/lib/python3.12/site-packages/airflow/example_dags/tutorial.py took 0.113 seconds
[2024-04-21T14:48:37.286+0000] {processor.py:161} INFO - Started process (PID=1736) to work on /home/airflow/.local/lib/python3.12/site-packages/airflow/example_dags/tutorial.py
[2024-04-21T14:48:37.287+0000] {processor.py:830} INFO - Processing file /home/airflow/.local/lib/python3.12/site-packages/airflow/example_dags/tutorial.py for tasks to queue
[2024-04-21T14:48:37.290+0000] {logging_mixin.py:188} INFO - [2024-04-21T14:48:37.289+0000] {dagbag.py:540} INFO - Filling up the DagBag from /home/airflow/.local/lib/python3.12/site-packages/airflow/example_dags/tutorial.py
[2024-04-21T14:48:37.297+0000] {processor.py:840} INFO - DAG(s) 'tutorial' retrieved from /home/airflow/.local/lib/python3.12/site-packages/airflow/example_dags/tutorial.py
[2024-04-21T14:48:37.327+0000] {logging_mixin.py:188} INFO - [2024-04-21T14:48:37.327+0000] {dag.py:3096} INFO - Sync 1 DAGs
[2024-04-21T14:48:37.356+0000] {logging_mixin.py:188} INFO - [2024-04-21T14:48:37.356+0000] {dag.py:3954} INFO - Setting next_dagrun for tutorial to 2024-04-20 00:00:00+00:00, run_after=2024-04-21 00:00:00+00:00
[2024-04-21T14:48:37.384+0000] {processor.py:183} INFO - Processing /home/airflow/.local/lib/python3.12/site-packages/airflow/example_dags/tutorial.py took 0.105 seconds
[2024-04-21T14:49:07.493+0000] {processor.py:161} INFO - Started process (PID=1798) to work on /home/airflow/.local/lib/python3.12/site-packages/airflow/example_dags/tutorial.py
[2024-04-21T14:49:07.501+0000] {processor.py:830} INFO - Processing file /home/airflow/.local/lib/python3.12/site-packages/airflow/example_dags/tutorial.py for tasks to queue
[2024-04-21T14:49:07.512+0000] {logging_mixin.py:188} INFO - [2024-04-21T14:49:07.512+0000] {dagbag.py:540} INFO - Filling up the DagBag from /home/airflow/.local/lib/python3.12/site-packages/airflow/example_dags/tutorial.py
[2024-04-21T14:49:07.553+0000] {processor.py:840} INFO - DAG(s) 'tutorial' retrieved from /home/airflow/.local/lib/python3.12/site-packages/airflow/example_dags/tutorial.py
[2024-04-21T14:49:07.639+0000] {logging_mixin.py:188} INFO - [2024-04-21T14:49:07.639+0000] {dag.py:3096} INFO - Sync 1 DAGs
[2024-04-21T14:49:07.693+0000] {logging_mixin.py:188} INFO - [2024-04-21T14:49:07.692+0000] {dag.py:3954} INFO - Setting next_dagrun for tutorial to 2024-04-20 00:00:00+00:00, run_after=2024-04-21 00:00:00+00:00
[2024-04-21T14:49:07.722+0000] {processor.py:183} INFO - Processing /home/airflow/.local/lib/python3.12/site-packages/airflow/example_dags/tutorial.py took 0.245 seconds
[2024-04-21T14:49:38.541+0000] {processor.py:161} INFO - Started process (PID=1860) to work on /home/airflow/.local/lib/python3.12/site-packages/airflow/example_dags/tutorial.py
[2024-04-21T14:49:38.547+0000] {processor.py:830} INFO - Processing file /home/airflow/.local/lib/python3.12/site-packages/airflow/example_dags/tutorial.py for tasks to queue
[2024-04-21T14:49:38.550+0000] {logging_mixin.py:188} INFO - [2024-04-21T14:49:38.550+0000] {dagbag.py:540} INFO - Filling up the DagBag from /home/airflow/.local/lib/python3.12/site-packages/airflow/example_dags/tutorial.py
[2024-04-21T14:49:38.561+0000] {processor.py:840} INFO - DAG(s) 'tutorial' retrieved from /home/airflow/.local/lib/python3.12/site-packages/airflow/example_dags/tutorial.py
[2024-04-21T14:49:38.592+0000] {logging_mixin.py:188} INFO - [2024-04-21T14:49:38.592+0000] {dag.py:3096} INFO - Sync 1 DAGs
[2024-04-21T14:49:38.623+0000] {logging_mixin.py:188} INFO - [2024-04-21T14:49:38.622+0000] {dag.py:3954} INFO - Setting next_dagrun for tutorial to 2024-04-20 00:00:00+00:00, run_after=2024-04-21 00:00:00+00:00
[2024-04-21T14:49:38.652+0000] {processor.py:183} INFO - Processing /home/airflow/.local/lib/python3.12/site-packages/airflow/example_dags/tutorial.py took 0.119 seconds
[2024-04-21T14:50:08.735+0000] {processor.py:161} INFO - Started process (PID=1922) to work on /home/airflow/.local/lib/python3.12/site-packages/airflow/example_dags/tutorial.py
[2024-04-21T14:50:08.737+0000] {processor.py:830} INFO - Processing file /home/airflow/.local/lib/python3.12/site-packages/airflow/example_dags/tutorial.py for tasks to queue
[2024-04-21T14:50:08.740+0000] {logging_mixin.py:188} INFO - [2024-04-21T14:50:08.740+0000] {dagbag.py:540} INFO - Filling up the DagBag from /home/airflow/.local/lib/python3.12/site-packages/airflow/example_dags/tutorial.py
[2024-04-21T14:50:08.748+0000] {processor.py:840} INFO - DAG(s) 'tutorial' retrieved from /home/airflow/.local/lib/python3.12/site-packages/airflow/example_dags/tutorial.py
[2024-04-21T14:50:08.774+0000] {logging_mixin.py:188} INFO - [2024-04-21T14:50:08.774+0000] {dag.py:3096} INFO - Sync 1 DAGs
[2024-04-21T14:50:08.832+0000] {logging_mixin.py:188} INFO - [2024-04-21T14:50:08.831+0000] {dag.py:3954} INFO - Setting next_dagrun for tutorial to 2024-04-20 00:00:00+00:00, run_after=2024-04-21 00:00:00+00:00
[2024-04-21T14:50:08.860+0000] {processor.py:183} INFO - Processing /home/airflow/.local/lib/python3.12/site-packages/airflow/example_dags/tutorial.py took 0.134 seconds
[2024-04-21T14:50:39.216+0000] {processor.py:161} INFO - Started process (PID=1983) to work on /home/airflow/.local/lib/python3.12/site-packages/airflow/example_dags/tutorial.py
[2024-04-21T14:50:39.218+0000] {processor.py:830} INFO - Processing file /home/airflow/.local/lib/python3.12/site-packages/airflow/example_dags/tutorial.py for tasks to queue
[2024-04-21T14:50:39.220+0000] {logging_mixin.py:188} INFO - [2024-04-21T14:50:39.220+0000] {dagbag.py:540} INFO - Filling up the DagBag from /home/airflow/.local/lib/python3.12/site-packages/airflow/example_dags/tutorial.py
[2024-04-21T14:50:39.227+0000] {processor.py:840} INFO - DAG(s) 'tutorial' retrieved from /home/airflow/.local/lib/python3.12/site-packages/airflow/example_dags/tutorial.py
[2024-04-21T14:50:39.253+0000] {logging_mixin.py:188} INFO - [2024-04-21T14:50:39.252+0000] {dag.py:3096} INFO - Sync 1 DAGs
[2024-04-21T14:50:39.282+0000] {logging_mixin.py:188} INFO - [2024-04-21T14:50:39.281+0000] {dag.py:3954} INFO - Setting next_dagrun for tutorial to 2024-04-20 00:00:00+00:00, run_after=2024-04-21 00:00:00+00:00
[2024-04-21T14:50:39.309+0000] {processor.py:183} INFO - Processing /home/airflow/.local/lib/python3.12/site-packages/airflow/example_dags/tutorial.py took 0.099 seconds
[2024-04-21T14:51:09.856+0000] {processor.py:161} INFO - Started process (PID=2044) to work on /home/airflow/.local/lib/python3.12/site-packages/airflow/example_dags/tutorial.py
[2024-04-21T14:51:09.858+0000] {processor.py:830} INFO - Processing file /home/airflow/.local/lib/python3.12/site-packages/airflow/example_dags/tutorial.py for tasks to queue
[2024-04-21T14:51:09.860+0000] {logging_mixin.py:188} INFO - [2024-04-21T14:51:09.860+0000] {dagbag.py:540} INFO - Filling up the DagBag from /home/airflow/.local/lib/python3.12/site-packages/airflow/example_dags/tutorial.py
[2024-04-21T14:51:09.868+0000] {processor.py:840} INFO - DAG(s) 'tutorial' retrieved from /home/airflow/.local/lib/python3.12/site-packages/airflow/example_dags/tutorial.py
[2024-04-21T14:51:09.892+0000] {logging_mixin.py:188} INFO - [2024-04-21T14:51:09.892+0000] {dag.py:3096} INFO - Sync 1 DAGs
[2024-04-21T14:51:09.921+0000] {logging_mixin.py:188} INFO - [2024-04-21T14:51:09.921+0000] {dag.py:3954} INFO - Setting next_dagrun for tutorial to 2024-04-20 00:00:00+00:00, run_after=2024-04-21 00:00:00+00:00
[2024-04-21T14:51:09.951+0000] {processor.py:183} INFO - Processing /home/airflow/.local/lib/python3.12/site-packages/airflow/example_dags/tutorial.py took 0.101 seconds
[2024-04-21T14:51:40.168+0000] {processor.py:161} INFO - Started process (PID=2106) to work on /home/airflow/.local/lib/python3.12/site-packages/airflow/example_dags/tutorial.py
[2024-04-21T14:51:40.170+0000] {processor.py:830} INFO - Processing file /home/airflow/.local/lib/python3.12/site-packages/airflow/example_dags/tutorial.py for tasks to queue
[2024-04-21T14:51:40.172+0000] {logging_mixin.py:188} INFO - [2024-04-21T14:51:40.172+0000] {dagbag.py:540} INFO - Filling up the DagBag from /home/airflow/.local/lib/python3.12/site-packages/airflow/example_dags/tutorial.py
[2024-04-21T14:51:40.180+0000] {processor.py:840} INFO - DAG(s) 'tutorial' retrieved from /home/airflow/.local/lib/python3.12/site-packages/airflow/example_dags/tutorial.py
[2024-04-21T14:51:40.204+0000] {logging_mixin.py:188} INFO - [2024-04-21T14:51:40.204+0000] {dag.py:3096} INFO - Sync 1 DAGs
[2024-04-21T14:51:40.232+0000] {logging_mixin.py:188} INFO - [2024-04-21T14:51:40.232+0000] {dag.py:3954} INFO - Setting next_dagrun for tutorial to 2024-04-20 00:00:00+00:00, run_after=2024-04-21 00:00:00+00:00
[2024-04-21T14:51:40.259+0000] {processor.py:183} INFO - Processing /home/airflow/.local/lib/python3.12/site-packages/airflow/example_dags/tutorial.py took 0.098 seconds
[2024-04-21T14:52:10.591+0000] {processor.py:161} INFO - Started process (PID=2168) to work on /home/airflow/.local/lib/python3.12/site-packages/airflow/example_dags/tutorial.py
[2024-04-21T14:52:10.592+0000] {processor.py:830} INFO - Processing file /home/airflow/.local/lib/python3.12/site-packages/airflow/example_dags/tutorial.py for tasks to queue
[2024-04-21T14:52:10.594+0000] {logging_mixin.py:188} INFO - [2024-04-21T14:52:10.594+0000] {dagbag.py:540} INFO - Filling up the DagBag from /home/airflow/.local/lib/python3.12/site-packages/airflow/example_dags/tutorial.py
[2024-04-21T14:52:10.601+0000] {processor.py:840} INFO - DAG(s) 'tutorial' retrieved from /home/airflow/.local/lib/python3.12/site-packages/airflow/example_dags/tutorial.py
[2024-04-21T14:52:10.632+0000] {logging_mixin.py:188} INFO - [2024-04-21T14:52:10.631+0000] {dag.py:3096} INFO - Sync 1 DAGs
[2024-04-21T14:52:10.660+0000] {logging_mixin.py:188} INFO - [2024-04-21T14:52:10.660+0000] {dag.py:3954} INFO - Setting next_dagrun for tutorial to 2024-04-20 00:00:00+00:00, run_after=2024-04-21 00:00:00+00:00
[2024-04-21T14:52:10.721+0000] {processor.py:183} INFO - Processing /home/airflow/.local/lib/python3.12/site-packages/airflow/example_dags/tutorial.py took 0.136 seconds
