[2024-05-03T15:36:26.383+0000] {processor.py:161} INFO - Started process (PID=29) to work on /opt/airflow/dags/accident_api_pipeline.py
[2024-05-03T15:36:26.387+0000] {processor.py:830} INFO - Processing file /opt/airflow/dags/accident_api_pipeline.py for tasks to queue
[2024-05-03T15:36:26.390+0000] {logging_mixin.py:188} INFO - [2024-05-03T15:36:26.389+0000] {dagbag.py:540} INFO - Filling up the DagBag from /opt/airflow/dags/accident_api_pipeline.py
[2024-05-03T15:36:26.457+0000] {processor.py:840} INFO - DAG(s) 'accident_api_pipeline' retrieved from /opt/airflow/dags/accident_api_pipeline.py
[2024-05-03T15:36:26.672+0000] {logging_mixin.py:188} INFO - [2024-05-03T15:36:26.671+0000] {dag.py:3096} INFO - Sync 1 DAGs
[2024-05-03T15:36:26.805+0000] {logging_mixin.py:188} INFO - [2024-05-03T15:36:26.805+0000] {dag.py:3954} INFO - Setting next_dagrun for accident_api_pipeline to 2025-01-01 00:00:00+00:00, run_after=2026-01-01 00:00:00+00:00
[2024-05-03T15:36:26.950+0000] {processor.py:183} INFO - Processing /opt/airflow/dags/accident_api_pipeline.py took 0.587 seconds
[2024-05-03T15:36:57.109+0000] {processor.py:161} INFO - Started process (PID=90) to work on /opt/airflow/dags/accident_api_pipeline.py
[2024-05-03T15:36:57.115+0000] {processor.py:830} INFO - Processing file /opt/airflow/dags/accident_api_pipeline.py for tasks to queue
[2024-05-03T15:36:57.129+0000] {logging_mixin.py:188} INFO - [2024-05-03T15:36:57.129+0000] {dagbag.py:540} INFO - Filling up the DagBag from /opt/airflow/dags/accident_api_pipeline.py
[2024-05-03T15:36:57.162+0000] {processor.py:840} INFO - DAG(s) 'accident_api_pipeline' retrieved from /opt/airflow/dags/accident_api_pipeline.py
[2024-05-03T15:36:57.254+0000] {logging_mixin.py:188} INFO - [2024-05-03T15:36:57.254+0000] {dag.py:3096} INFO - Sync 1 DAGs
[2024-05-03T15:36:57.321+0000] {logging_mixin.py:188} INFO - [2024-05-03T15:36:57.321+0000] {dag.py:3954} INFO - Setting next_dagrun for accident_api_pipeline to 2025-01-01 00:00:00+00:00, run_after=2026-01-01 00:00:00+00:00
[2024-05-03T15:36:57.370+0000] {processor.py:183} INFO - Processing /opt/airflow/dags/accident_api_pipeline.py took 0.273 seconds
[2024-05-03T15:37:31.574+0000] {processor.py:161} INFO - Started process (PID=151) to work on /opt/airflow/dags/accident_api_pipeline.py
[2024-05-03T15:37:31.582+0000] {processor.py:830} INFO - Processing file /opt/airflow/dags/accident_api_pipeline.py for tasks to queue
[2024-05-03T15:37:31.583+0000] {logging_mixin.py:188} INFO - [2024-05-03T15:37:31.583+0000] {dagbag.py:540} INFO - Filling up the DagBag from /opt/airflow/dags/accident_api_pipeline.py
[2024-05-03T15:37:31.892+0000] {processor.py:840} INFO - DAG(s) 'accident_api_pipeline' retrieved from /opt/airflow/dags/accident_api_pipeline.py
[2024-05-03T15:37:34.084+0000] {logging_mixin.py:188} INFO - [2024-05-03T15:37:34.083+0000] {dag.py:3096} INFO - Sync 1 DAGs
[2024-05-03T15:37:34.165+0000] {logging_mixin.py:188} INFO - [2024-05-03T15:37:34.164+0000] {dag.py:3954} INFO - Setting next_dagrun for accident_api_pipeline to 2025-01-01 00:00:00+00:00, run_after=2026-01-01 00:00:00+00:00
[2024-05-03T15:37:34.245+0000] {processor.py:183} INFO - Processing /opt/airflow/dags/accident_api_pipeline.py took 2.707 seconds
[2024-05-03T15:38:04.655+0000] {processor.py:161} INFO - Started process (PID=211) to work on /opt/airflow/dags/accident_api_pipeline.py
[2024-05-03T15:38:04.659+0000] {processor.py:830} INFO - Processing file /opt/airflow/dags/accident_api_pipeline.py for tasks to queue
[2024-05-03T15:38:04.668+0000] {logging_mixin.py:188} INFO - [2024-05-03T15:38:04.667+0000] {dagbag.py:540} INFO - Filling up the DagBag from /opt/airflow/dags/accident_api_pipeline.py
[2024-05-03T15:38:04.706+0000] {processor.py:840} INFO - DAG(s) 'accident_api_pipeline' retrieved from /opt/airflow/dags/accident_api_pipeline.py
[2024-05-03T15:38:04.739+0000] {logging_mixin.py:188} INFO - [2024-05-03T15:38:04.739+0000] {dag.py:3096} INFO - Sync 1 DAGs
[2024-05-03T15:38:04.773+0000] {logging_mixin.py:188} INFO - [2024-05-03T15:38:04.773+0000] {dag.py:3954} INFO - Setting next_dagrun for accident_api_pipeline to 2025-01-01 00:00:00+00:00, run_after=2026-01-01 00:00:00+00:00
[2024-05-03T15:38:04.810+0000] {processor.py:183} INFO - Processing /opt/airflow/dags/accident_api_pipeline.py took 0.173 seconds
[2024-05-03T15:38:35.553+0000] {processor.py:161} INFO - Started process (PID=272) to work on /opt/airflow/dags/accident_api_pipeline.py
[2024-05-03T15:38:35.553+0000] {processor.py:830} INFO - Processing file /opt/airflow/dags/accident_api_pipeline.py for tasks to queue
[2024-05-03T15:38:35.555+0000] {logging_mixin.py:188} INFO - [2024-05-03T15:38:35.555+0000] {dagbag.py:540} INFO - Filling up the DagBag from /opt/airflow/dags/accident_api_pipeline.py
[2024-05-03T15:38:35.565+0000] {processor.py:840} INFO - DAG(s) 'accident_api_pipeline' retrieved from /opt/airflow/dags/accident_api_pipeline.py
[2024-05-03T15:38:35.589+0000] {logging_mixin.py:188} INFO - [2024-05-03T15:38:35.589+0000] {dag.py:3096} INFO - Sync 1 DAGs
[2024-05-03T15:38:35.616+0000] {logging_mixin.py:188} INFO - [2024-05-03T15:38:35.616+0000] {dag.py:3954} INFO - Setting next_dagrun for accident_api_pipeline to 2025-01-01 00:00:00+00:00, run_after=2026-01-01 00:00:00+00:00
[2024-05-03T15:38:35.641+0000] {processor.py:183} INFO - Processing /opt/airflow/dags/accident_api_pipeline.py took 0.094 seconds
[2024-05-03T15:39:05.884+0000] {processor.py:161} INFO - Started process (PID=334) to work on /opt/airflow/dags/accident_api_pipeline.py
[2024-05-03T15:39:05.886+0000] {processor.py:830} INFO - Processing file /opt/airflow/dags/accident_api_pipeline.py for tasks to queue
[2024-05-03T15:39:05.888+0000] {logging_mixin.py:188} INFO - [2024-05-03T15:39:05.887+0000] {dagbag.py:540} INFO - Filling up the DagBag from /opt/airflow/dags/accident_api_pipeline.py
[2024-05-03T15:39:05.898+0000] {processor.py:840} INFO - DAG(s) 'accident_api_pipeline' retrieved from /opt/airflow/dags/accident_api_pipeline.py
[2024-05-03T15:39:05.922+0000] {logging_mixin.py:188} INFO - [2024-05-03T15:39:05.922+0000] {dag.py:3096} INFO - Sync 1 DAGs
[2024-05-03T15:39:05.976+0000] {logging_mixin.py:188} INFO - [2024-05-03T15:39:05.975+0000] {dag.py:3954} INFO - Setting next_dagrun for accident_api_pipeline to 2025-01-01 00:00:00+00:00, run_after=2026-01-01 00:00:00+00:00
[2024-05-03T15:39:05.999+0000] {processor.py:183} INFO - Processing /opt/airflow/dags/accident_api_pipeline.py took 0.120 seconds
[2024-05-03T15:39:36.361+0000] {processor.py:161} INFO - Started process (PID=395) to work on /opt/airflow/dags/accident_api_pipeline.py
[2024-05-03T15:39:36.365+0000] {processor.py:830} INFO - Processing file /opt/airflow/dags/accident_api_pipeline.py for tasks to queue
[2024-05-03T15:39:36.370+0000] {logging_mixin.py:188} INFO - [2024-05-03T15:39:36.370+0000] {dagbag.py:540} INFO - Filling up the DagBag from /opt/airflow/dags/accident_api_pipeline.py
[2024-05-03T15:39:36.413+0000] {processor.py:840} INFO - DAG(s) 'accident_api_pipeline' retrieved from /opt/airflow/dags/accident_api_pipeline.py
[2024-05-03T15:39:36.438+0000] {logging_mixin.py:188} INFO - [2024-05-03T15:39:36.438+0000] {dag.py:3096} INFO - Sync 1 DAGs
[2024-05-03T15:39:36.466+0000] {logging_mixin.py:188} INFO - [2024-05-03T15:39:36.465+0000] {dag.py:3954} INFO - Setting next_dagrun for accident_api_pipeline to 2025-01-01 00:00:00+00:00, run_after=2026-01-01 00:00:00+00:00
[2024-05-03T15:39:36.494+0000] {processor.py:183} INFO - Processing /opt/airflow/dags/accident_api_pipeline.py took 0.194 seconds
[2024-05-03T15:40:06.940+0000] {processor.py:161} INFO - Started process (PID=456) to work on /opt/airflow/dags/accident_api_pipeline.py
[2024-05-03T15:40:06.940+0000] {processor.py:830} INFO - Processing file /opt/airflow/dags/accident_api_pipeline.py for tasks to queue
[2024-05-03T15:40:06.953+0000] {logging_mixin.py:188} INFO - [2024-05-03T15:40:06.953+0000] {dagbag.py:540} INFO - Filling up the DagBag from /opt/airflow/dags/accident_api_pipeline.py
[2024-05-03T15:40:06.988+0000] {processor.py:840} INFO - DAG(s) 'accident_api_pipeline' retrieved from /opt/airflow/dags/accident_api_pipeline.py
[2024-05-03T15:40:07.066+0000] {logging_mixin.py:188} INFO - [2024-05-03T15:40:07.066+0000] {dag.py:3096} INFO - Sync 1 DAGs
[2024-05-03T15:40:07.155+0000] {logging_mixin.py:188} INFO - [2024-05-03T15:40:07.154+0000] {dag.py:3954} INFO - Setting next_dagrun for accident_api_pipeline to 2025-01-01 00:00:00+00:00, run_after=2026-01-01 00:00:00+00:00
[2024-05-03T15:40:07.216+0000] {processor.py:183} INFO - Processing /opt/airflow/dags/accident_api_pipeline.py took 0.282 seconds
[2024-05-03T15:40:37.277+0000] {processor.py:161} INFO - Started process (PID=518) to work on /opt/airflow/dags/accident_api_pipeline.py
[2024-05-03T15:40:37.278+0000] {processor.py:830} INFO - Processing file /opt/airflow/dags/accident_api_pipeline.py for tasks to queue
[2024-05-03T15:40:37.280+0000] {logging_mixin.py:188} INFO - [2024-05-03T15:40:37.279+0000] {dagbag.py:540} INFO - Filling up the DagBag from /opt/airflow/dags/accident_api_pipeline.py
[2024-05-03T15:40:37.286+0000] {processor.py:840} INFO - DAG(s) 'accident_api_pipeline' retrieved from /opt/airflow/dags/accident_api_pipeline.py
[2024-05-03T15:40:37.303+0000] {logging_mixin.py:188} INFO - [2024-05-03T15:40:37.303+0000] {dag.py:3096} INFO - Sync 1 DAGs
[2024-05-03T15:40:37.320+0000] {logging_mixin.py:188} INFO - [2024-05-03T15:40:37.320+0000] {dag.py:3954} INFO - Setting next_dagrun for accident_api_pipeline to 2025-01-01 00:00:00+00:00, run_after=2026-01-01 00:00:00+00:00
[2024-05-03T15:40:37.357+0000] {processor.py:183} INFO - Processing /opt/airflow/dags/accident_api_pipeline.py took 0.084 seconds
[2024-05-03T15:41:07.621+0000] {processor.py:161} INFO - Started process (PID=579) to work on /opt/airflow/dags/accident_api_pipeline.py
[2024-05-03T15:41:07.622+0000] {processor.py:830} INFO - Processing file /opt/airflow/dags/accident_api_pipeline.py for tasks to queue
[2024-05-03T15:41:07.624+0000] {logging_mixin.py:188} INFO - [2024-05-03T15:41:07.624+0000] {dagbag.py:540} INFO - Filling up the DagBag from /opt/airflow/dags/accident_api_pipeline.py
[2024-05-03T15:41:07.634+0000] {processor.py:840} INFO - DAG(s) 'accident_api_pipeline' retrieved from /opt/airflow/dags/accident_api_pipeline.py
[2024-05-03T15:41:07.658+0000] {logging_mixin.py:188} INFO - [2024-05-03T15:41:07.658+0000] {dag.py:3096} INFO - Sync 1 DAGs
[2024-05-03T15:41:07.685+0000] {logging_mixin.py:188} INFO - [2024-05-03T15:41:07.685+0000] {dag.py:3954} INFO - Setting next_dagrun for accident_api_pipeline to 2025-01-01 00:00:00+00:00, run_after=2026-01-01 00:00:00+00:00
[2024-05-03T15:41:07.709+0000] {processor.py:183} INFO - Processing /opt/airflow/dags/accident_api_pipeline.py took 0.094 seconds
[2024-05-03T15:41:38.261+0000] {processor.py:161} INFO - Started process (PID=640) to work on /opt/airflow/dags/accident_api_pipeline.py
[2024-05-03T15:41:38.263+0000] {processor.py:830} INFO - Processing file /opt/airflow/dags/accident_api_pipeline.py for tasks to queue
[2024-05-03T15:41:38.264+0000] {logging_mixin.py:188} INFO - [2024-05-03T15:41:38.264+0000] {dagbag.py:540} INFO - Filling up the DagBag from /opt/airflow/dags/accident_api_pipeline.py
[2024-05-03T15:41:38.275+0000] {processor.py:840} INFO - DAG(s) 'accident_api_pipeline' retrieved from /opt/airflow/dags/accident_api_pipeline.py
[2024-05-03T15:41:38.312+0000] {logging_mixin.py:188} INFO - [2024-05-03T15:41:38.312+0000] {dag.py:3096} INFO - Sync 1 DAGs
[2024-05-03T15:41:38.340+0000] {logging_mixin.py:188} INFO - [2024-05-03T15:41:38.340+0000] {dag.py:3954} INFO - Setting next_dagrun for accident_api_pipeline to 2025-01-01 00:00:00+00:00, run_after=2026-01-01 00:00:00+00:00
[2024-05-03T15:41:38.388+0000] {processor.py:183} INFO - Processing /opt/airflow/dags/accident_api_pipeline.py took 0.153 seconds
[2024-05-03T15:42:08.530+0000] {processor.py:161} INFO - Started process (PID=701) to work on /opt/airflow/dags/accident_api_pipeline.py
[2024-05-03T15:42:08.531+0000] {processor.py:830} INFO - Processing file /opt/airflow/dags/accident_api_pipeline.py for tasks to queue
[2024-05-03T15:42:08.533+0000] {logging_mixin.py:188} INFO - [2024-05-03T15:42:08.532+0000] {dagbag.py:540} INFO - Filling up the DagBag from /opt/airflow/dags/accident_api_pipeline.py
[2024-05-03T15:42:08.543+0000] {processor.py:840} INFO - DAG(s) 'accident_api_pipeline' retrieved from /opt/airflow/dags/accident_api_pipeline.py
[2024-05-03T15:42:08.569+0000] {logging_mixin.py:188} INFO - [2024-05-03T15:42:08.569+0000] {dag.py:3096} INFO - Sync 1 DAGs
[2024-05-03T15:42:08.616+0000] {logging_mixin.py:188} INFO - [2024-05-03T15:42:08.616+0000] {dag.py:3954} INFO - Setting next_dagrun for accident_api_pipeline to 2025-01-01 00:00:00+00:00, run_after=2026-01-01 00:00:00+00:00
[2024-05-03T15:42:08.641+0000] {processor.py:183} INFO - Processing /opt/airflow/dags/accident_api_pipeline.py took 0.118 seconds
[2024-05-03T15:42:38.997+0000] {processor.py:161} INFO - Started process (PID=763) to work on /opt/airflow/dags/accident_api_pipeline.py
[2024-05-03T15:42:38.998+0000] {processor.py:830} INFO - Processing file /opt/airflow/dags/accident_api_pipeline.py for tasks to queue
[2024-05-03T15:42:39.000+0000] {logging_mixin.py:188} INFO - [2024-05-03T15:42:39.000+0000] {dagbag.py:540} INFO - Filling up the DagBag from /opt/airflow/dags/accident_api_pipeline.py
[2024-05-03T15:42:39.010+0000] {processor.py:840} INFO - DAG(s) 'accident_api_pipeline' retrieved from /opt/airflow/dags/accident_api_pipeline.py
[2024-05-03T15:42:39.038+0000] {logging_mixin.py:188} INFO - [2024-05-03T15:42:39.038+0000] {dag.py:3096} INFO - Sync 1 DAGs
[2024-05-03T15:42:39.066+0000] {logging_mixin.py:188} INFO - [2024-05-03T15:42:39.066+0000] {dag.py:3954} INFO - Setting next_dagrun for accident_api_pipeline to 2025-01-01 00:00:00+00:00, run_after=2026-01-01 00:00:00+00:00
[2024-05-03T15:42:39.100+0000] {processor.py:183} INFO - Processing /opt/airflow/dags/accident_api_pipeline.py took 0.109 seconds
[2024-05-03T15:43:09.660+0000] {processor.py:161} INFO - Started process (PID=824) to work on /opt/airflow/dags/accident_api_pipeline.py
[2024-05-03T15:43:09.661+0000] {processor.py:830} INFO - Processing file /opt/airflow/dags/accident_api_pipeline.py for tasks to queue
[2024-05-03T15:43:09.663+0000] {logging_mixin.py:188} INFO - [2024-05-03T15:43:09.663+0000] {dagbag.py:540} INFO - Filling up the DagBag from /opt/airflow/dags/accident_api_pipeline.py
[2024-05-03T15:43:09.680+0000] {processor.py:840} INFO - DAG(s) 'accident_api_pipeline' retrieved from /opt/airflow/dags/accident_api_pipeline.py
[2024-05-03T15:43:09.707+0000] {logging_mixin.py:188} INFO - [2024-05-03T15:43:09.706+0000] {dag.py:3096} INFO - Sync 1 DAGs
[2024-05-03T15:43:09.745+0000] {logging_mixin.py:188} INFO - [2024-05-03T15:43:09.745+0000] {dag.py:3954} INFO - Setting next_dagrun for accident_api_pipeline to 2025-01-01 00:00:00+00:00, run_after=2026-01-01 00:00:00+00:00
[2024-05-03T15:43:09.771+0000] {processor.py:183} INFO - Processing /opt/airflow/dags/accident_api_pipeline.py took 0.117 seconds
[2024-05-03T15:43:39.850+0000] {processor.py:161} INFO - Started process (PID=885) to work on /opt/airflow/dags/accident_api_pipeline.py
[2024-05-03T15:43:39.851+0000] {processor.py:830} INFO - Processing file /opt/airflow/dags/accident_api_pipeline.py for tasks to queue
[2024-05-03T15:43:39.853+0000] {logging_mixin.py:188} INFO - [2024-05-03T15:43:39.852+0000] {dagbag.py:540} INFO - Filling up the DagBag from /opt/airflow/dags/accident_api_pipeline.py
[2024-05-03T15:43:39.864+0000] {processor.py:840} INFO - DAG(s) 'accident_api_pipeline' retrieved from /opt/airflow/dags/accident_api_pipeline.py
[2024-05-03T15:43:39.909+0000] {logging_mixin.py:188} INFO - [2024-05-03T15:43:39.909+0000] {dag.py:3096} INFO - Sync 1 DAGs
[2024-05-03T15:43:39.938+0000] {logging_mixin.py:188} INFO - [2024-05-03T15:43:39.938+0000] {dag.py:3954} INFO - Setting next_dagrun for accident_api_pipeline to 2025-01-01 00:00:00+00:00, run_after=2026-01-01 00:00:00+00:00
[2024-05-03T15:43:39.961+0000] {processor.py:183} INFO - Processing /opt/airflow/dags/accident_api_pipeline.py took 0.124 seconds
[2024-05-03T15:44:10.039+0000] {processor.py:161} INFO - Started process (PID=946) to work on /opt/airflow/dags/accident_api_pipeline.py
[2024-05-03T15:44:10.047+0000] {processor.py:830} INFO - Processing file /opt/airflow/dags/accident_api_pipeline.py for tasks to queue
[2024-05-03T15:44:10.050+0000] {logging_mixin.py:188} INFO - [2024-05-03T15:44:10.049+0000] {dagbag.py:540} INFO - Filling up the DagBag from /opt/airflow/dags/accident_api_pipeline.py
[2024-05-03T15:44:10.076+0000] {processor.py:840} INFO - DAG(s) 'accident_api_pipeline' retrieved from /opt/airflow/dags/accident_api_pipeline.py
[2024-05-03T15:44:10.154+0000] {logging_mixin.py:188} INFO - [2024-05-03T15:44:10.154+0000] {dag.py:3096} INFO - Sync 1 DAGs
[2024-05-03T15:44:10.235+0000] {logging_mixin.py:188} INFO - [2024-05-03T15:44:10.235+0000] {dag.py:3954} INFO - Setting next_dagrun for accident_api_pipeline to 2025-01-01 00:00:00+00:00, run_after=2026-01-01 00:00:00+00:00
[2024-05-03T15:44:10.301+0000] {processor.py:183} INFO - Processing /opt/airflow/dags/accident_api_pipeline.py took 0.276 seconds
[2024-05-03T15:44:40.791+0000] {processor.py:161} INFO - Started process (PID=1008) to work on /opt/airflow/dags/accident_api_pipeline.py
[2024-05-03T15:44:40.792+0000] {processor.py:830} INFO - Processing file /opt/airflow/dags/accident_api_pipeline.py for tasks to queue
[2024-05-03T15:44:40.794+0000] {logging_mixin.py:188} INFO - [2024-05-03T15:44:40.794+0000] {dagbag.py:540} INFO - Filling up the DagBag from /opt/airflow/dags/accident_api_pipeline.py
[2024-05-03T15:44:40.804+0000] {processor.py:840} INFO - DAG(s) 'accident_api_pipeline' retrieved from /opt/airflow/dags/accident_api_pipeline.py
[2024-05-03T15:44:40.829+0000] {logging_mixin.py:188} INFO - [2024-05-03T15:44:40.829+0000] {dag.py:3096} INFO - Sync 1 DAGs
[2024-05-03T15:44:40.857+0000] {logging_mixin.py:188} INFO - [2024-05-03T15:44:40.857+0000] {dag.py:3954} INFO - Setting next_dagrun for accident_api_pipeline to 2025-01-01 00:00:00+00:00, run_after=2026-01-01 00:00:00+00:00
[2024-05-03T15:44:40.882+0000] {processor.py:183} INFO - Processing /opt/airflow/dags/accident_api_pipeline.py took 0.097 seconds
[2024-05-03T15:45:11.622+0000] {processor.py:161} INFO - Started process (PID=1069) to work on /opt/airflow/dags/accident_api_pipeline.py
[2024-05-03T15:45:11.623+0000] {processor.py:830} INFO - Processing file /opt/airflow/dags/accident_api_pipeline.py for tasks to queue
[2024-05-03T15:45:11.626+0000] {logging_mixin.py:188} INFO - [2024-05-03T15:45:11.625+0000] {dagbag.py:540} INFO - Filling up the DagBag from /opt/airflow/dags/accident_api_pipeline.py
[2024-05-03T15:45:11.635+0000] {processor.py:840} INFO - DAG(s) 'accident_api_pipeline' retrieved from /opt/airflow/dags/accident_api_pipeline.py
[2024-05-03T15:45:11.661+0000] {logging_mixin.py:188} INFO - [2024-05-03T15:45:11.661+0000] {dag.py:3096} INFO - Sync 1 DAGs
[2024-05-03T15:45:11.687+0000] {logging_mixin.py:188} INFO - [2024-05-03T15:45:11.687+0000] {dag.py:3954} INFO - Setting next_dagrun for accident_api_pipeline to 2025-01-01 00:00:00+00:00, run_after=2026-01-01 00:00:00+00:00
[2024-05-03T15:45:11.712+0000] {processor.py:183} INFO - Processing /opt/airflow/dags/accident_api_pipeline.py took 0.095 seconds
[2024-05-03T15:45:41.949+0000] {processor.py:161} INFO - Started process (PID=1130) to work on /opt/airflow/dags/accident_api_pipeline.py
[2024-05-03T15:45:41.951+0000] {processor.py:830} INFO - Processing file /opt/airflow/dags/accident_api_pipeline.py for tasks to queue
[2024-05-03T15:45:41.953+0000] {logging_mixin.py:188} INFO - [2024-05-03T15:45:41.953+0000] {dagbag.py:540} INFO - Filling up the DagBag from /opt/airflow/dags/accident_api_pipeline.py
[2024-05-03T15:45:41.963+0000] {processor.py:840} INFO - DAG(s) 'accident_api_pipeline' retrieved from /opt/airflow/dags/accident_api_pipeline.py
[2024-05-03T15:45:41.988+0000] {logging_mixin.py:188} INFO - [2024-05-03T15:45:41.988+0000] {dag.py:3096} INFO - Sync 1 DAGs
[2024-05-03T15:45:42.023+0000] {logging_mixin.py:188} INFO - [2024-05-03T15:45:42.023+0000] {dag.py:3954} INFO - Setting next_dagrun for accident_api_pipeline to 2025-01-01 00:00:00+00:00, run_after=2026-01-01 00:00:00+00:00
[2024-05-03T15:45:42.049+0000] {processor.py:183} INFO - Processing /opt/airflow/dags/accident_api_pipeline.py took 0.106 seconds
[2024-05-03T15:46:12.268+0000] {processor.py:161} INFO - Started process (PID=1191) to work on /opt/airflow/dags/accident_api_pipeline.py
[2024-05-03T15:46:12.269+0000] {processor.py:830} INFO - Processing file /opt/airflow/dags/accident_api_pipeline.py for tasks to queue
[2024-05-03T15:46:12.271+0000] {logging_mixin.py:188} INFO - [2024-05-03T15:46:12.271+0000] {dagbag.py:540} INFO - Filling up the DagBag from /opt/airflow/dags/accident_api_pipeline.py
[2024-05-03T15:46:12.282+0000] {processor.py:840} INFO - DAG(s) 'accident_api_pipeline' retrieved from /opt/airflow/dags/accident_api_pipeline.py
[2024-05-03T15:46:12.317+0000] {logging_mixin.py:188} INFO - [2024-05-03T15:46:12.316+0000] {dag.py:3096} INFO - Sync 1 DAGs
[2024-05-03T15:46:12.350+0000] {logging_mixin.py:188} INFO - [2024-05-03T15:46:12.350+0000] {dag.py:3954} INFO - Setting next_dagrun for accident_api_pipeline to 2025-01-01 00:00:00+00:00, run_after=2026-01-01 00:00:00+00:00
[2024-05-03T15:46:12.375+0000] {processor.py:183} INFO - Processing /opt/airflow/dags/accident_api_pipeline.py took 0.113 seconds
