[2024-05-03T15:36:27.146+0000] {processor.py:161} INFO - Started process (PID=31) to work on /opt/airflow/dags/forecast_api_pipeline.py
[2024-05-03T15:36:27.148+0000] {processor.py:830} INFO - Processing file /opt/airflow/dags/forecast_api_pipeline.py for tasks to queue
[2024-05-03T15:36:27.158+0000] {logging_mixin.py:188} INFO - [2024-05-03T15:36:27.158+0000] {dagbag.py:540} INFO - Filling up the DagBag from /opt/airflow/dags/forecast_api_pipeline.py
[2024-05-03T15:36:27.215+0000] {processor.py:840} INFO - DAG(s) 'forecast_api_pipeline' retrieved from /opt/airflow/dags/forecast_api_pipeline.py
[2024-05-03T15:36:27.397+0000] {logging_mixin.py:188} INFO - [2024-05-03T15:36:27.395+0000] {dag.py:3096} INFO - Sync 1 DAGs
[2024-05-03T15:36:27.543+0000] {logging_mixin.py:188} INFO - [2024-05-03T15:36:27.543+0000] {dag.py:3954} INFO - Setting next_dagrun for forecast_api_pipeline to 2024-04-14 00:00:00+00:00, run_after=2024-04-15 00:00:00+00:00
[2024-05-03T15:36:27.648+0000] {processor.py:183} INFO - Processing /opt/airflow/dags/forecast_api_pipeline.py took 0.567 seconds
[2024-05-03T15:36:58.570+0000] {processor.py:161} INFO - Started process (PID=92) to work on /opt/airflow/dags/forecast_api_pipeline.py
[2024-05-03T15:36:58.588+0000] {processor.py:830} INFO - Processing file /opt/airflow/dags/forecast_api_pipeline.py for tasks to queue
[2024-05-03T15:36:58.604+0000] {logging_mixin.py:188} INFO - [2024-05-03T15:36:58.603+0000] {dagbag.py:540} INFO - Filling up the DagBag from /opt/airflow/dags/forecast_api_pipeline.py
[2024-05-03T15:36:58.866+0000] {processor.py:840} INFO - DAG(s) 'forecast_api_pipeline' retrieved from /opt/airflow/dags/forecast_api_pipeline.py
[2024-05-03T15:36:58.934+0000] {logging_mixin.py:188} INFO - [2024-05-03T15:36:58.934+0000] {dag.py:3096} INFO - Sync 1 DAGs
[2024-05-03T15:36:59.083+0000] {logging_mixin.py:188} INFO - [2024-05-03T15:36:59.083+0000] {dag.py:3954} INFO - Setting next_dagrun for forecast_api_pipeline to 2024-04-14 00:00:00+00:00, run_after=2024-04-15 00:00:00+00:00
[2024-05-03T15:36:59.126+0000] {processor.py:183} INFO - Processing /opt/airflow/dags/forecast_api_pipeline.py took 0.595 seconds
[2024-05-03T15:37:34.352+0000] {processor.py:161} INFO - Started process (PID=153) to work on /opt/airflow/dags/forecast_api_pipeline.py
[2024-05-03T15:37:34.361+0000] {processor.py:830} INFO - Processing file /opt/airflow/dags/forecast_api_pipeline.py for tasks to queue
[2024-05-03T15:37:34.363+0000] {logging_mixin.py:188} INFO - [2024-05-03T15:37:34.363+0000] {dagbag.py:540} INFO - Filling up the DagBag from /opt/airflow/dags/forecast_api_pipeline.py
[2024-05-03T15:37:34.390+0000] {processor.py:840} INFO - DAG(s) 'forecast_api_pipeline' retrieved from /opt/airflow/dags/forecast_api_pipeline.py
[2024-05-03T15:37:34.449+0000] {logging_mixin.py:188} INFO - [2024-05-03T15:37:34.447+0000] {dag.py:3096} INFO - Sync 1 DAGs
[2024-05-03T15:37:34.496+0000] {logging_mixin.py:188} INFO - [2024-05-03T15:37:34.495+0000] {dag.py:3954} INFO - Setting next_dagrun for forecast_api_pipeline to 2024-04-14 00:00:00+00:00, run_after=2024-04-15 00:00:00+00:00
[2024-05-03T15:37:34.558+0000] {processor.py:183} INFO - Processing /opt/airflow/dags/forecast_api_pipeline.py took 0.230 seconds
[2024-05-03T15:38:04.869+0000] {processor.py:161} INFO - Started process (PID=213) to work on /opt/airflow/dags/forecast_api_pipeline.py
[2024-05-03T15:38:04.879+0000] {processor.py:830} INFO - Processing file /opt/airflow/dags/forecast_api_pipeline.py for tasks to queue
[2024-05-03T15:38:04.881+0000] {logging_mixin.py:188} INFO - [2024-05-03T15:38:04.881+0000] {dagbag.py:540} INFO - Filling up the DagBag from /opt/airflow/dags/forecast_api_pipeline.py
[2024-05-03T15:38:04.895+0000] {processor.py:840} INFO - DAG(s) 'forecast_api_pipeline' retrieved from /opt/airflow/dags/forecast_api_pipeline.py
[2024-05-03T15:38:04.973+0000] {logging_mixin.py:188} INFO - [2024-05-03T15:38:04.972+0000] {dag.py:3096} INFO - Sync 1 DAGs
[2024-05-03T15:38:05.075+0000] {logging_mixin.py:188} INFO - [2024-05-03T15:38:05.075+0000] {dag.py:3954} INFO - Setting next_dagrun for forecast_api_pipeline to 2024-04-14 00:00:00+00:00, run_after=2024-04-15 00:00:00+00:00
[2024-05-03T15:38:05.209+0000] {processor.py:183} INFO - Processing /opt/airflow/dags/forecast_api_pipeline.py took 0.350 seconds
[2024-05-03T15:38:35.668+0000] {processor.py:161} INFO - Started process (PID=274) to work on /opt/airflow/dags/forecast_api_pipeline.py
[2024-05-03T15:38:35.669+0000] {processor.py:830} INFO - Processing file /opt/airflow/dags/forecast_api_pipeline.py for tasks to queue
[2024-05-03T15:38:35.671+0000] {logging_mixin.py:188} INFO - [2024-05-03T15:38:35.671+0000] {dagbag.py:540} INFO - Filling up the DagBag from /opt/airflow/dags/forecast_api_pipeline.py
[2024-05-03T15:38:35.706+0000] {processor.py:840} INFO - DAG(s) 'forecast_api_pipeline' retrieved from /opt/airflow/dags/forecast_api_pipeline.py
[2024-05-03T15:38:35.761+0000] {logging_mixin.py:188} INFO - [2024-05-03T15:38:35.761+0000] {dag.py:3096} INFO - Sync 1 DAGs
[2024-05-03T15:38:35.796+0000] {logging_mixin.py:188} INFO - [2024-05-03T15:38:35.796+0000] {dag.py:3954} INFO - Setting next_dagrun for forecast_api_pipeline to 2024-04-14 00:00:00+00:00, run_after=2024-04-15 00:00:00+00:00
[2024-05-03T15:38:35.821+0000] {processor.py:183} INFO - Processing /opt/airflow/dags/forecast_api_pipeline.py took 0.160 seconds
[2024-05-03T15:39:06.016+0000] {processor.py:161} INFO - Started process (PID=336) to work on /opt/airflow/dags/forecast_api_pipeline.py
[2024-05-03T15:39:06.017+0000] {processor.py:830} INFO - Processing file /opt/airflow/dags/forecast_api_pipeline.py for tasks to queue
[2024-05-03T15:39:06.020+0000] {logging_mixin.py:188} INFO - [2024-05-03T15:39:06.019+0000] {dagbag.py:540} INFO - Filling up the DagBag from /opt/airflow/dags/forecast_api_pipeline.py
[2024-05-03T15:39:06.029+0000] {processor.py:840} INFO - DAG(s) 'forecast_api_pipeline' retrieved from /opt/airflow/dags/forecast_api_pipeline.py
[2024-05-03T15:39:06.055+0000] {logging_mixin.py:188} INFO - [2024-05-03T15:39:06.054+0000] {dag.py:3096} INFO - Sync 1 DAGs
[2024-05-03T15:39:06.084+0000] {logging_mixin.py:188} INFO - [2024-05-03T15:39:06.083+0000] {dag.py:3954} INFO - Setting next_dagrun for forecast_api_pipeline to 2024-04-14 00:00:00+00:00, run_after=2024-04-15 00:00:00+00:00
[2024-05-03T15:39:06.111+0000] {processor.py:183} INFO - Processing /opt/airflow/dags/forecast_api_pipeline.py took 0.102 seconds
[2024-05-03T15:39:36.547+0000] {processor.py:161} INFO - Started process (PID=397) to work on /opt/airflow/dags/forecast_api_pipeline.py
[2024-05-03T15:39:36.548+0000] {processor.py:830} INFO - Processing file /opt/airflow/dags/forecast_api_pipeline.py for tasks to queue
[2024-05-03T15:39:36.550+0000] {logging_mixin.py:188} INFO - [2024-05-03T15:39:36.549+0000] {dagbag.py:540} INFO - Filling up the DagBag from /opt/airflow/dags/forecast_api_pipeline.py
[2024-05-03T15:39:36.560+0000] {processor.py:840} INFO - DAG(s) 'forecast_api_pipeline' retrieved from /opt/airflow/dags/forecast_api_pipeline.py
[2024-05-03T15:39:36.583+0000] {logging_mixin.py:188} INFO - [2024-05-03T15:39:36.583+0000] {dag.py:3096} INFO - Sync 1 DAGs
[2024-05-03T15:39:36.629+0000] {logging_mixin.py:188} INFO - [2024-05-03T15:39:36.629+0000] {dag.py:3954} INFO - Setting next_dagrun for forecast_api_pipeline to 2024-04-14 00:00:00+00:00, run_after=2024-04-15 00:00:00+00:00
[2024-05-03T15:39:36.667+0000] {processor.py:183} INFO - Processing /opt/airflow/dags/forecast_api_pipeline.py took 0.128 seconds
[2024-05-03T15:40:07.316+0000] {processor.py:161} INFO - Started process (PID=458) to work on /opt/airflow/dags/forecast_api_pipeline.py
[2024-05-03T15:40:07.317+0000] {processor.py:830} INFO - Processing file /opt/airflow/dags/forecast_api_pipeline.py for tasks to queue
[2024-05-03T15:40:07.318+0000] {logging_mixin.py:188} INFO - [2024-05-03T15:40:07.318+0000] {dagbag.py:540} INFO - Filling up the DagBag from /opt/airflow/dags/forecast_api_pipeline.py
[2024-05-03T15:40:07.344+0000] {processor.py:840} INFO - DAG(s) 'forecast_api_pipeline' retrieved from /opt/airflow/dags/forecast_api_pipeline.py
[2024-05-03T15:40:07.390+0000] {logging_mixin.py:188} INFO - [2024-05-03T15:40:07.390+0000] {dag.py:3096} INFO - Sync 1 DAGs
[2024-05-03T15:40:07.443+0000] {logging_mixin.py:188} INFO - [2024-05-03T15:40:07.443+0000] {dag.py:3954} INFO - Setting next_dagrun for forecast_api_pipeline to 2024-04-14 00:00:00+00:00, run_after=2024-04-15 00:00:00+00:00
[2024-05-03T15:40:07.495+0000] {processor.py:183} INFO - Processing /opt/airflow/dags/forecast_api_pipeline.py took 0.198 seconds
[2024-05-03T15:40:38.454+0000] {processor.py:161} INFO - Started process (PID=520) to work on /opt/airflow/dags/forecast_api_pipeline.py
[2024-05-03T15:40:38.470+0000] {processor.py:830} INFO - Processing file /opt/airflow/dags/forecast_api_pipeline.py for tasks to queue
[2024-05-03T15:40:38.474+0000] {logging_mixin.py:188} INFO - [2024-05-03T15:40:38.474+0000] {dagbag.py:540} INFO - Filling up the DagBag from /opt/airflow/dags/forecast_api_pipeline.py
[2024-05-03T15:40:38.497+0000] {processor.py:840} INFO - DAG(s) 'forecast_api_pipeline' retrieved from /opt/airflow/dags/forecast_api_pipeline.py
[2024-05-03T15:40:38.579+0000] {logging_mixin.py:188} INFO - [2024-05-03T15:40:38.578+0000] {dag.py:3096} INFO - Sync 1 DAGs
[2024-05-03T15:40:38.640+0000] {logging_mixin.py:188} INFO - [2024-05-03T15:40:38.640+0000] {dag.py:3954} INFO - Setting next_dagrun for forecast_api_pipeline to 2024-04-14 00:00:00+00:00, run_after=2024-04-15 00:00:00+00:00
[2024-05-03T15:40:38.678+0000] {processor.py:183} INFO - Processing /opt/airflow/dags/forecast_api_pipeline.py took 0.252 seconds
[2024-05-03T15:41:08.751+0000] {processor.py:161} INFO - Started process (PID=581) to work on /opt/airflow/dags/forecast_api_pipeline.py
[2024-05-03T15:41:08.754+0000] {processor.py:830} INFO - Processing file /opt/airflow/dags/forecast_api_pipeline.py for tasks to queue
[2024-05-03T15:41:08.756+0000] {logging_mixin.py:188} INFO - [2024-05-03T15:41:08.755+0000] {dagbag.py:540} INFO - Filling up the DagBag from /opt/airflow/dags/forecast_api_pipeline.py
[2024-05-03T15:41:08.766+0000] {processor.py:840} INFO - DAG(s) 'forecast_api_pipeline' retrieved from /opt/airflow/dags/forecast_api_pipeline.py
[2024-05-03T15:41:08.790+0000] {logging_mixin.py:188} INFO - [2024-05-03T15:41:08.790+0000] {dag.py:3096} INFO - Sync 1 DAGs
[2024-05-03T15:41:08.820+0000] {logging_mixin.py:188} INFO - [2024-05-03T15:41:08.819+0000] {dag.py:3954} INFO - Setting next_dagrun for forecast_api_pipeline to 2024-04-14 00:00:00+00:00, run_after=2024-04-15 00:00:00+00:00
[2024-05-03T15:41:08.849+0000] {processor.py:183} INFO - Processing /opt/airflow/dags/forecast_api_pipeline.py took 0.112 seconds
[2024-05-03T15:41:39.436+0000] {processor.py:161} INFO - Started process (PID=642) to work on /opt/airflow/dags/forecast_api_pipeline.py
[2024-05-03T15:41:39.437+0000] {processor.py:830} INFO - Processing file /opt/airflow/dags/forecast_api_pipeline.py for tasks to queue
[2024-05-03T15:41:39.439+0000] {logging_mixin.py:188} INFO - [2024-05-03T15:41:39.439+0000] {dagbag.py:540} INFO - Filling up the DagBag from /opt/airflow/dags/forecast_api_pipeline.py
[2024-05-03T15:41:39.449+0000] {processor.py:840} INFO - DAG(s) 'forecast_api_pipeline' retrieved from /opt/airflow/dags/forecast_api_pipeline.py
[2024-05-03T15:41:39.475+0000] {logging_mixin.py:188} INFO - [2024-05-03T15:41:39.475+0000] {dag.py:3096} INFO - Sync 1 DAGs
[2024-05-03T15:41:39.502+0000] {logging_mixin.py:188} INFO - [2024-05-03T15:41:39.502+0000] {dag.py:3954} INFO - Setting next_dagrun for forecast_api_pipeline to 2024-04-14 00:00:00+00:00, run_after=2024-04-15 00:00:00+00:00
[2024-05-03T15:41:39.527+0000] {processor.py:183} INFO - Processing /opt/airflow/dags/forecast_api_pipeline.py took 0.097 seconds
[2024-05-03T15:42:09.679+0000] {processor.py:161} INFO - Started process (PID=703) to work on /opt/airflow/dags/forecast_api_pipeline.py
[2024-05-03T15:42:09.688+0000] {processor.py:830} INFO - Processing file /opt/airflow/dags/forecast_api_pipeline.py for tasks to queue
[2024-05-03T15:42:09.691+0000] {logging_mixin.py:188} INFO - [2024-05-03T15:42:09.691+0000] {dagbag.py:540} INFO - Filling up the DagBag from /opt/airflow/dags/forecast_api_pipeline.py
[2024-05-03T15:42:09.701+0000] {processor.py:840} INFO - DAG(s) 'forecast_api_pipeline' retrieved from /opt/airflow/dags/forecast_api_pipeline.py
[2024-05-03T15:42:09.724+0000] {logging_mixin.py:188} INFO - [2024-05-03T15:42:09.724+0000] {dag.py:3096} INFO - Sync 1 DAGs
[2024-05-03T15:42:09.752+0000] {logging_mixin.py:188} INFO - [2024-05-03T15:42:09.752+0000] {dag.py:3954} INFO - Setting next_dagrun for forecast_api_pipeline to 2024-04-14 00:00:00+00:00, run_after=2024-04-15 00:00:00+00:00
[2024-05-03T15:42:09.776+0000] {processor.py:183} INFO - Processing /opt/airflow/dags/forecast_api_pipeline.py took 0.103 seconds
[2024-05-03T15:42:40.016+0000] {processor.py:161} INFO - Started process (PID=765) to work on /opt/airflow/dags/forecast_api_pipeline.py
[2024-05-03T15:42:40.017+0000] {processor.py:830} INFO - Processing file /opt/airflow/dags/forecast_api_pipeline.py for tasks to queue
[2024-05-03T15:42:40.019+0000] {logging_mixin.py:188} INFO - [2024-05-03T15:42:40.018+0000] {dagbag.py:540} INFO - Filling up the DagBag from /opt/airflow/dags/forecast_api_pipeline.py
[2024-05-03T15:42:40.028+0000] {processor.py:840} INFO - DAG(s) 'forecast_api_pipeline' retrieved from /opt/airflow/dags/forecast_api_pipeline.py
[2024-05-03T15:42:40.053+0000] {logging_mixin.py:188} INFO - [2024-05-03T15:42:40.052+0000] {dag.py:3096} INFO - Sync 1 DAGs
[2024-05-03T15:42:40.081+0000] {logging_mixin.py:188} INFO - [2024-05-03T15:42:40.081+0000] {dag.py:3954} INFO - Setting next_dagrun for forecast_api_pipeline to 2024-04-14 00:00:00+00:00, run_after=2024-04-15 00:00:00+00:00
[2024-05-03T15:42:40.108+0000] {processor.py:183} INFO - Processing /opt/airflow/dags/forecast_api_pipeline.py took 0.098 seconds
[2024-05-03T15:43:10.796+0000] {processor.py:161} INFO - Started process (PID=826) to work on /opt/airflow/dags/forecast_api_pipeline.py
[2024-05-03T15:43:10.796+0000] {processor.py:830} INFO - Processing file /opt/airflow/dags/forecast_api_pipeline.py for tasks to queue
[2024-05-03T15:43:10.799+0000] {logging_mixin.py:188} INFO - [2024-05-03T15:43:10.798+0000] {dagbag.py:540} INFO - Filling up the DagBag from /opt/airflow/dags/forecast_api_pipeline.py
[2024-05-03T15:43:10.808+0000] {processor.py:840} INFO - DAG(s) 'forecast_api_pipeline' retrieved from /opt/airflow/dags/forecast_api_pipeline.py
[2024-05-03T15:43:10.835+0000] {logging_mixin.py:188} INFO - [2024-05-03T15:43:10.835+0000] {dag.py:3096} INFO - Sync 1 DAGs
[2024-05-03T15:43:10.864+0000] {logging_mixin.py:188} INFO - [2024-05-03T15:43:10.863+0000] {dag.py:3954} INFO - Setting next_dagrun for forecast_api_pipeline to 2024-04-14 00:00:00+00:00, run_after=2024-04-15 00:00:00+00:00
[2024-05-03T15:43:10.888+0000] {processor.py:183} INFO - Processing /opt/airflow/dags/forecast_api_pipeline.py took 0.098 seconds
[2024-05-03T15:43:40.996+0000] {processor.py:161} INFO - Started process (PID=887) to work on /opt/airflow/dags/forecast_api_pipeline.py
[2024-05-03T15:43:40.998+0000] {processor.py:830} INFO - Processing file /opt/airflow/dags/forecast_api_pipeline.py for tasks to queue
[2024-05-03T15:43:41.000+0000] {logging_mixin.py:188} INFO - [2024-05-03T15:43:40.999+0000] {dagbag.py:540} INFO - Filling up the DagBag from /opt/airflow/dags/forecast_api_pipeline.py
[2024-05-03T15:43:41.009+0000] {processor.py:840} INFO - DAG(s) 'forecast_api_pipeline' retrieved from /opt/airflow/dags/forecast_api_pipeline.py
[2024-05-03T15:43:41.035+0000] {logging_mixin.py:188} INFO - [2024-05-03T15:43:41.034+0000] {dag.py:3096} INFO - Sync 1 DAGs
[2024-05-03T15:43:41.062+0000] {logging_mixin.py:188} INFO - [2024-05-03T15:43:41.062+0000] {dag.py:3954} INFO - Setting next_dagrun for forecast_api_pipeline to 2024-04-14 00:00:00+00:00, run_after=2024-04-15 00:00:00+00:00
[2024-05-03T15:43:41.087+0000] {processor.py:183} INFO - Processing /opt/airflow/dags/forecast_api_pipeline.py took 0.097 seconds
[2024-05-03T15:44:11.480+0000] {processor.py:161} INFO - Started process (PID=948) to work on /opt/airflow/dags/forecast_api_pipeline.py
[2024-05-03T15:44:11.483+0000] {processor.py:830} INFO - Processing file /opt/airflow/dags/forecast_api_pipeline.py for tasks to queue
[2024-05-03T15:44:11.486+0000] {logging_mixin.py:188} INFO - [2024-05-03T15:44:11.485+0000] {dagbag.py:540} INFO - Filling up the DagBag from /opt/airflow/dags/forecast_api_pipeline.py
[2024-05-03T15:44:11.504+0000] {processor.py:840} INFO - DAG(s) 'forecast_api_pipeline' retrieved from /opt/airflow/dags/forecast_api_pipeline.py
[2024-05-03T15:44:11.546+0000] {logging_mixin.py:188} INFO - [2024-05-03T15:44:11.546+0000] {dag.py:3096} INFO - Sync 1 DAGs
[2024-05-03T15:44:11.733+0000] {logging_mixin.py:188} INFO - [2024-05-03T15:44:11.732+0000] {dag.py:3954} INFO - Setting next_dagrun for forecast_api_pipeline to 2024-04-14 00:00:00+00:00, run_after=2024-04-15 00:00:00+00:00
[2024-05-03T15:44:11.894+0000] {processor.py:183} INFO - Processing /opt/airflow/dags/forecast_api_pipeline.py took 0.453 seconds
[2024-05-03T15:44:42.943+0000] {processor.py:161} INFO - Started process (PID=1010) to work on /opt/airflow/dags/forecast_api_pipeline.py
[2024-05-03T15:44:42.949+0000] {processor.py:830} INFO - Processing file /opt/airflow/dags/forecast_api_pipeline.py for tasks to queue
[2024-05-03T15:44:42.951+0000] {logging_mixin.py:188} INFO - [2024-05-03T15:44:42.951+0000] {dagbag.py:540} INFO - Filling up the DagBag from /opt/airflow/dags/forecast_api_pipeline.py
[2024-05-03T15:44:42.974+0000] {processor.py:840} INFO - DAG(s) 'forecast_api_pipeline' retrieved from /opt/airflow/dags/forecast_api_pipeline.py
[2024-05-03T15:44:43.003+0000] {logging_mixin.py:188} INFO - [2024-05-03T15:44:43.002+0000] {dag.py:3096} INFO - Sync 1 DAGs
[2024-05-03T15:44:43.067+0000] {logging_mixin.py:188} INFO - [2024-05-03T15:44:43.066+0000] {dag.py:3954} INFO - Setting next_dagrun for forecast_api_pipeline to 2024-04-14 00:00:00+00:00, run_after=2024-04-15 00:00:00+00:00
[2024-05-03T15:44:43.122+0000] {processor.py:183} INFO - Processing /opt/airflow/dags/forecast_api_pipeline.py took 0.193 seconds
[2024-05-03T15:45:13.750+0000] {processor.py:161} INFO - Started process (PID=1071) to work on /opt/airflow/dags/forecast_api_pipeline.py
[2024-05-03T15:45:13.752+0000] {processor.py:830} INFO - Processing file /opt/airflow/dags/forecast_api_pipeline.py for tasks to queue
[2024-05-03T15:45:13.754+0000] {logging_mixin.py:188} INFO - [2024-05-03T15:45:13.753+0000] {dagbag.py:540} INFO - Filling up the DagBag from /opt/airflow/dags/forecast_api_pipeline.py
[2024-05-03T15:45:13.763+0000] {processor.py:840} INFO - DAG(s) 'forecast_api_pipeline' retrieved from /opt/airflow/dags/forecast_api_pipeline.py
[2024-05-03T15:45:13.787+0000] {logging_mixin.py:188} INFO - [2024-05-03T15:45:13.786+0000] {dag.py:3096} INFO - Sync 1 DAGs
[2024-05-03T15:45:13.813+0000] {logging_mixin.py:188} INFO - [2024-05-03T15:45:13.813+0000] {dag.py:3954} INFO - Setting next_dagrun for forecast_api_pipeline to 2024-04-14 00:00:00+00:00, run_after=2024-04-15 00:00:00+00:00
[2024-05-03T15:45:13.840+0000] {processor.py:183} INFO - Processing /opt/airflow/dags/forecast_api_pipeline.py took 0.096 seconds
[2024-05-03T15:45:44.088+0000] {processor.py:161} INFO - Started process (PID=1132) to work on /opt/airflow/dags/forecast_api_pipeline.py
[2024-05-03T15:45:44.091+0000] {processor.py:830} INFO - Processing file /opt/airflow/dags/forecast_api_pipeline.py for tasks to queue
[2024-05-03T15:45:44.093+0000] {logging_mixin.py:188} INFO - [2024-05-03T15:45:44.093+0000] {dagbag.py:540} INFO - Filling up the DagBag from /opt/airflow/dags/forecast_api_pipeline.py
[2024-05-03T15:45:44.104+0000] {processor.py:840} INFO - DAG(s) 'forecast_api_pipeline' retrieved from /opt/airflow/dags/forecast_api_pipeline.py
[2024-05-03T15:45:44.144+0000] {logging_mixin.py:188} INFO - [2024-05-03T15:45:44.144+0000] {dag.py:3096} INFO - Sync 1 DAGs
[2024-05-03T15:45:44.178+0000] {logging_mixin.py:188} INFO - [2024-05-03T15:45:44.178+0000] {dag.py:3954} INFO - Setting next_dagrun for forecast_api_pipeline to 2024-04-14 00:00:00+00:00, run_after=2024-04-15 00:00:00+00:00
[2024-05-03T15:45:44.230+0000] {processor.py:183} INFO - Processing /opt/airflow/dags/forecast_api_pipeline.py took 0.149 seconds
[2024-05-03T15:46:14.445+0000] {processor.py:161} INFO - Started process (PID=1193) to work on /opt/airflow/dags/forecast_api_pipeline.py
[2024-05-03T15:46:14.446+0000] {processor.py:830} INFO - Processing file /opt/airflow/dags/forecast_api_pipeline.py for tasks to queue
[2024-05-03T15:46:14.450+0000] {logging_mixin.py:188} INFO - [2024-05-03T15:46:14.450+0000] {dagbag.py:540} INFO - Filling up the DagBag from /opt/airflow/dags/forecast_api_pipeline.py
[2024-05-03T15:46:14.471+0000] {processor.py:840} INFO - DAG(s) 'forecast_api_pipeline' retrieved from /opt/airflow/dags/forecast_api_pipeline.py
[2024-05-03T15:46:14.528+0000] {logging_mixin.py:188} INFO - [2024-05-03T15:46:14.528+0000] {dag.py:3096} INFO - Sync 1 DAGs
[2024-05-03T15:46:14.588+0000] {logging_mixin.py:188} INFO - [2024-05-03T15:46:14.587+0000] {dag.py:3954} INFO - Setting next_dagrun for forecast_api_pipeline to 2024-04-14 00:00:00+00:00, run_after=2024-04-15 00:00:00+00:00
[2024-05-03T15:46:14.634+0000] {processor.py:183} INFO - Processing /opt/airflow/dags/forecast_api_pipeline.py took 0.204 seconds
